[2024-11-26T01:48:40.136+0000] {processor.py:186} INFO - Started process (PID=54) to work on /opt/airflow/dags/no_use/spotify_recommend_dag.py
[2024-11-26T01:48:40.137+0000] {processor.py:914} INFO - Processing file /opt/airflow/dags/no_use/spotify_recommend_dag.py for tasks to queue
[2024-11-26T01:48:40.138+0000] {logging_mixin.py:190} INFO - [2024-11-26T01:48:40.138+0000] {dagbag.py:588} INFO - Filling up the DagBag from /opt/airflow/dags/no_use/spotify_recommend_dag.py
[2024-11-26T01:48:40.282+0000] {processor.py:925} INFO - DAG(s) 'spotify_etl_dag_recommend' retrieved from /opt/airflow/dags/no_use/spotify_recommend_dag.py
[2024-11-26T01:48:40.332+0000] {logging_mixin.py:190} INFO - [2024-11-26T01:48:40.331+0000] {dag.py:3239} INFO - Sync 1 DAGs
[2024-11-26T01:48:40.336+0000] {logging_mixin.py:190} INFO - [2024-11-26T01:48:40.336+0000] {dag.py:4180} INFO - Setting next_dagrun for spotify_etl_dag_recommend to None, run_after=None
[2024-11-26T01:48:40.345+0000] {processor.py:208} INFO - Processing /opt/airflow/dags/no_use/spotify_recommend_dag.py took 0.212 seconds
[2024-11-26T01:49:11.026+0000] {processor.py:186} INFO - Started process (PID=72) to work on /opt/airflow/dags/no_use/spotify_recommend_dag.py
[2024-11-26T01:49:11.028+0000] {processor.py:914} INFO - Processing file /opt/airflow/dags/no_use/spotify_recommend_dag.py for tasks to queue
[2024-11-26T01:49:11.029+0000] {logging_mixin.py:190} INFO - [2024-11-26T01:49:11.029+0000] {dagbag.py:588} INFO - Filling up the DagBag from /opt/airflow/dags/no_use/spotify_recommend_dag.py
[2024-11-26T01:49:11.140+0000] {processor.py:925} INFO - DAG(s) 'spotify_etl_dag_recommend' retrieved from /opt/airflow/dags/no_use/spotify_recommend_dag.py
[2024-11-26T01:49:11.151+0000] {logging_mixin.py:190} INFO - [2024-11-26T01:49:11.151+0000] {dag.py:3239} INFO - Sync 1 DAGs
[2024-11-26T01:49:11.156+0000] {logging_mixin.py:190} INFO - [2024-11-26T01:49:11.156+0000] {dag.py:4180} INFO - Setting next_dagrun for spotify_etl_dag_recommend to None, run_after=None
[2024-11-26T01:49:11.162+0000] {processor.py:208} INFO - Processing /opt/airflow/dags/no_use/spotify_recommend_dag.py took 0.138 seconds
[2024-11-26T01:49:41.543+0000] {processor.py:186} INFO - Started process (PID=90) to work on /opt/airflow/dags/no_use/spotify_recommend_dag.py
[2024-11-26T01:49:41.543+0000] {processor.py:914} INFO - Processing file /opt/airflow/dags/no_use/spotify_recommend_dag.py for tasks to queue
[2024-11-26T01:49:41.545+0000] {logging_mixin.py:190} INFO - [2024-11-26T01:49:41.544+0000] {dagbag.py:588} INFO - Filling up the DagBag from /opt/airflow/dags/no_use/spotify_recommend_dag.py
[2024-11-26T01:49:41.571+0000] {processor.py:925} INFO - DAG(s) 'spotify_etl_dag_recommend' retrieved from /opt/airflow/dags/no_use/spotify_recommend_dag.py
[2024-11-26T01:49:41.584+0000] {logging_mixin.py:190} INFO - [2024-11-26T01:49:41.584+0000] {dag.py:3239} INFO - Sync 1 DAGs
[2024-11-26T01:49:41.589+0000] {logging_mixin.py:190} INFO - [2024-11-26T01:49:41.589+0000] {dag.py:4180} INFO - Setting next_dagrun for spotify_etl_dag_recommend to None, run_after=None
[2024-11-26T01:49:41.598+0000] {processor.py:208} INFO - Processing /opt/airflow/dags/no_use/spotify_recommend_dag.py took 0.058 seconds
[2024-11-26T01:50:11.852+0000] {processor.py:186} INFO - Started process (PID=108) to work on /opt/airflow/dags/no_use/spotify_recommend_dag.py
[2024-11-26T01:50:11.852+0000] {processor.py:914} INFO - Processing file /opt/airflow/dags/no_use/spotify_recommend_dag.py for tasks to queue
[2024-11-26T01:50:11.853+0000] {logging_mixin.py:190} INFO - [2024-11-26T01:50:11.853+0000] {dagbag.py:588} INFO - Filling up the DagBag from /opt/airflow/dags/no_use/spotify_recommend_dag.py
[2024-11-26T01:50:11.910+0000] {processor.py:925} INFO - DAG(s) 'spotify_etl_dag_recommend' retrieved from /opt/airflow/dags/no_use/spotify_recommend_dag.py
[2024-11-26T01:50:11.943+0000] {logging_mixin.py:190} INFO - [2024-11-26T01:50:11.943+0000] {dag.py:3239} INFO - Sync 1 DAGs
[2024-11-26T01:50:11.953+0000] {logging_mixin.py:190} INFO - [2024-11-26T01:50:11.952+0000] {dag.py:4180} INFO - Setting next_dagrun for spotify_etl_dag_recommend to None, run_after=None
[2024-11-26T01:50:11.967+0000] {processor.py:208} INFO - Processing /opt/airflow/dags/no_use/spotify_recommend_dag.py took 0.119 seconds
[2024-11-26T01:50:42.196+0000] {processor.py:186} INFO - Started process (PID=126) to work on /opt/airflow/dags/no_use/spotify_recommend_dag.py
[2024-11-26T01:50:42.197+0000] {processor.py:914} INFO - Processing file /opt/airflow/dags/no_use/spotify_recommend_dag.py for tasks to queue
[2024-11-26T01:50:42.199+0000] {logging_mixin.py:190} INFO - [2024-11-26T01:50:42.199+0000] {dagbag.py:588} INFO - Filling up the DagBag from /opt/airflow/dags/no_use/spotify_recommend_dag.py
[2024-11-26T01:50:42.227+0000] {processor.py:925} INFO - DAG(s) 'spotify_etl_dag_recommend' retrieved from /opt/airflow/dags/no_use/spotify_recommend_dag.py
[2024-11-26T01:50:42.238+0000] {logging_mixin.py:190} INFO - [2024-11-26T01:50:42.238+0000] {dag.py:3239} INFO - Sync 1 DAGs
[2024-11-26T01:50:42.244+0000] {logging_mixin.py:190} INFO - [2024-11-26T01:50:42.244+0000] {dag.py:4180} INFO - Setting next_dagrun for spotify_etl_dag_recommend to None, run_after=None
[2024-11-26T01:50:42.253+0000] {processor.py:208} INFO - Processing /opt/airflow/dags/no_use/spotify_recommend_dag.py took 0.060 seconds
[2024-11-26T01:51:12.499+0000] {processor.py:186} INFO - Started process (PID=143) to work on /opt/airflow/dags/no_use/spotify_recommend_dag.py
[2024-11-26T01:51:12.500+0000] {processor.py:914} INFO - Processing file /opt/airflow/dags/no_use/spotify_recommend_dag.py for tasks to queue
[2024-11-26T01:51:12.501+0000] {logging_mixin.py:190} INFO - [2024-11-26T01:51:12.501+0000] {dagbag.py:588} INFO - Filling up the DagBag from /opt/airflow/dags/no_use/spotify_recommend_dag.py
[2024-11-26T01:51:12.526+0000] {processor.py:925} INFO - DAG(s) 'spotify_etl_dag_recommend' retrieved from /opt/airflow/dags/no_use/spotify_recommend_dag.py
[2024-11-26T01:51:12.541+0000] {logging_mixin.py:190} INFO - [2024-11-26T01:51:12.540+0000] {dag.py:3239} INFO - Sync 1 DAGs
[2024-11-26T01:51:12.547+0000] {logging_mixin.py:190} INFO - [2024-11-26T01:51:12.547+0000] {dag.py:4180} INFO - Setting next_dagrun for spotify_etl_dag_recommend to None, run_after=None
[2024-11-26T01:51:12.559+0000] {processor.py:208} INFO - Processing /opt/airflow/dags/no_use/spotify_recommend_dag.py took 0.063 seconds
[2024-11-26T01:51:43.111+0000] {processor.py:186} INFO - Started process (PID=161) to work on /opt/airflow/dags/no_use/spotify_recommend_dag.py
[2024-11-26T01:51:43.112+0000] {processor.py:914} INFO - Processing file /opt/airflow/dags/no_use/spotify_recommend_dag.py for tasks to queue
[2024-11-26T01:51:43.113+0000] {logging_mixin.py:190} INFO - [2024-11-26T01:51:43.113+0000] {dagbag.py:588} INFO - Filling up the DagBag from /opt/airflow/dags/no_use/spotify_recommend_dag.py
[2024-11-26T01:51:43.140+0000] {processor.py:925} INFO - DAG(s) 'spotify_etl_dag_recommend' retrieved from /opt/airflow/dags/no_use/spotify_recommend_dag.py
[2024-11-26T01:51:43.151+0000] {logging_mixin.py:190} INFO - [2024-11-26T01:51:43.151+0000] {dag.py:3239} INFO - Sync 1 DAGs
[2024-11-26T01:51:43.158+0000] {logging_mixin.py:190} INFO - [2024-11-26T01:51:43.158+0000] {dag.py:4180} INFO - Setting next_dagrun for spotify_etl_dag_recommend to None, run_after=None
[2024-11-26T01:51:43.166+0000] {processor.py:208} INFO - Processing /opt/airflow/dags/no_use/spotify_recommend_dag.py took 0.057 seconds
[2024-11-26T01:52:13.496+0000] {processor.py:186} INFO - Started process (PID=179) to work on /opt/airflow/dags/no_use/spotify_recommend_dag.py
[2024-11-26T01:52:13.497+0000] {processor.py:914} INFO - Processing file /opt/airflow/dags/no_use/spotify_recommend_dag.py for tasks to queue
[2024-11-26T01:52:13.498+0000] {logging_mixin.py:190} INFO - [2024-11-26T01:52:13.498+0000] {dagbag.py:588} INFO - Filling up the DagBag from /opt/airflow/dags/no_use/spotify_recommend_dag.py
[2024-11-26T01:52:13.528+0000] {processor.py:925} INFO - DAG(s) 'spotify_etl_dag_recommend' retrieved from /opt/airflow/dags/no_use/spotify_recommend_dag.py
[2024-11-26T01:52:13.545+0000] {logging_mixin.py:190} INFO - [2024-11-26T01:52:13.545+0000] {dag.py:3239} INFO - Sync 1 DAGs
[2024-11-26T01:52:13.554+0000] {logging_mixin.py:190} INFO - [2024-11-26T01:52:13.554+0000] {dag.py:4180} INFO - Setting next_dagrun for spotify_etl_dag_recommend to None, run_after=None
[2024-11-26T01:52:13.562+0000] {processor.py:208} INFO - Processing /opt/airflow/dags/no_use/spotify_recommend_dag.py took 0.068 seconds
[2024-11-26T01:52:43.883+0000] {processor.py:186} INFO - Started process (PID=204) to work on /opt/airflow/dags/no_use/spotify_recommend_dag.py
[2024-11-26T01:52:43.884+0000] {processor.py:914} INFO - Processing file /opt/airflow/dags/no_use/spotify_recommend_dag.py for tasks to queue
[2024-11-26T01:52:43.885+0000] {logging_mixin.py:190} INFO - [2024-11-26T01:52:43.885+0000] {dagbag.py:588} INFO - Filling up the DagBag from /opt/airflow/dags/no_use/spotify_recommend_dag.py
[2024-11-26T01:52:43.911+0000] {processor.py:925} INFO - DAG(s) 'spotify_etl_dag_recommend' retrieved from /opt/airflow/dags/no_use/spotify_recommend_dag.py
[2024-11-26T01:52:43.922+0000] {logging_mixin.py:190} INFO - [2024-11-26T01:52:43.921+0000] {dag.py:3239} INFO - Sync 1 DAGs
[2024-11-26T01:52:43.927+0000] {logging_mixin.py:190} INFO - [2024-11-26T01:52:43.927+0000] {dag.py:4180} INFO - Setting next_dagrun for spotify_etl_dag_recommend to None, run_after=None
[2024-11-26T01:52:43.934+0000] {processor.py:208} INFO - Processing /opt/airflow/dags/no_use/spotify_recommend_dag.py took 0.054 seconds
[2024-11-26T01:53:14.195+0000] {processor.py:186} INFO - Started process (PID=230) to work on /opt/airflow/dags/no_use/spotify_recommend_dag.py
[2024-11-26T01:53:14.196+0000] {processor.py:914} INFO - Processing file /opt/airflow/dags/no_use/spotify_recommend_dag.py for tasks to queue
[2024-11-26T01:53:14.197+0000] {logging_mixin.py:190} INFO - [2024-11-26T01:53:14.197+0000] {dagbag.py:588} INFO - Filling up the DagBag from /opt/airflow/dags/no_use/spotify_recommend_dag.py
[2024-11-26T01:53:14.222+0000] {processor.py:925} INFO - DAG(s) 'spotify_etl_dag_recommend' retrieved from /opt/airflow/dags/no_use/spotify_recommend_dag.py
[2024-11-26T01:53:14.232+0000] {logging_mixin.py:190} INFO - [2024-11-26T01:53:14.231+0000] {dag.py:3239} INFO - Sync 1 DAGs
[2024-11-26T01:53:14.237+0000] {logging_mixin.py:190} INFO - [2024-11-26T01:53:14.237+0000] {dag.py:4180} INFO - Setting next_dagrun for spotify_etl_dag_recommend to None, run_after=None
[2024-11-26T01:53:14.243+0000] {processor.py:208} INFO - Processing /opt/airflow/dags/no_use/spotify_recommend_dag.py took 0.050 seconds
[2024-11-26T01:53:44.523+0000] {processor.py:186} INFO - Started process (PID=249) to work on /opt/airflow/dags/no_use/spotify_recommend_dag.py
[2024-11-26T01:53:44.524+0000] {processor.py:914} INFO - Processing file /opt/airflow/dags/no_use/spotify_recommend_dag.py for tasks to queue
[2024-11-26T01:53:44.525+0000] {logging_mixin.py:190} INFO - [2024-11-26T01:53:44.525+0000] {dagbag.py:588} INFO - Filling up the DagBag from /opt/airflow/dags/no_use/spotify_recommend_dag.py
[2024-11-26T01:53:44.558+0000] {processor.py:925} INFO - DAG(s) 'spotify_etl_dag_recommend' retrieved from /opt/airflow/dags/no_use/spotify_recommend_dag.py
[2024-11-26T01:53:44.573+0000] {logging_mixin.py:190} INFO - [2024-11-26T01:53:44.573+0000] {dag.py:3239} INFO - Sync 1 DAGs
[2024-11-26T01:53:44.579+0000] {logging_mixin.py:190} INFO - [2024-11-26T01:53:44.579+0000] {dag.py:4180} INFO - Setting next_dagrun for spotify_etl_dag_recommend to None, run_after=None
[2024-11-26T01:53:44.590+0000] {processor.py:208} INFO - Processing /opt/airflow/dags/no_use/spotify_recommend_dag.py took 0.070 seconds
[2024-11-26T01:54:15.852+0000] {processor.py:186} INFO - Started process (PID=270) to work on /opt/airflow/dags/no_use/spotify_recommend_dag.py
[2024-11-26T01:54:15.852+0000] {processor.py:914} INFO - Processing file /opt/airflow/dags/no_use/spotify_recommend_dag.py for tasks to queue
[2024-11-26T01:54:15.853+0000] {logging_mixin.py:190} INFO - [2024-11-26T01:54:15.853+0000] {dagbag.py:588} INFO - Filling up the DagBag from /opt/airflow/dags/no_use/spotify_recommend_dag.py
[2024-11-26T01:54:15.875+0000] {processor.py:925} INFO - DAG(s) 'spotify_etl_dag_recommend' retrieved from /opt/airflow/dags/no_use/spotify_recommend_dag.py
[2024-11-26T01:54:15.884+0000] {logging_mixin.py:190} INFO - [2024-11-26T01:54:15.884+0000] {dag.py:3239} INFO - Sync 1 DAGs
[2024-11-26T01:54:15.889+0000] {logging_mixin.py:190} INFO - [2024-11-26T01:54:15.889+0000] {dag.py:4180} INFO - Setting next_dagrun for spotify_etl_dag_recommend to None, run_after=None
[2024-11-26T01:54:15.894+0000] {processor.py:208} INFO - Processing /opt/airflow/dags/no_use/spotify_recommend_dag.py took 0.045 seconds
[2024-11-26T01:54:46.125+0000] {processor.py:186} INFO - Started process (PID=297) to work on /opt/airflow/dags/no_use/spotify_recommend_dag.py
[2024-11-26T01:54:46.126+0000] {processor.py:914} INFO - Processing file /opt/airflow/dags/no_use/spotify_recommend_dag.py for tasks to queue
[2024-11-26T01:54:46.127+0000] {logging_mixin.py:190} INFO - [2024-11-26T01:54:46.127+0000] {dagbag.py:588} INFO - Filling up the DagBag from /opt/airflow/dags/no_use/spotify_recommend_dag.py
[2024-11-26T01:54:46.151+0000] {processor.py:925} INFO - DAG(s) 'spotify_etl_dag_recommend' retrieved from /opt/airflow/dags/no_use/spotify_recommend_dag.py
[2024-11-26T01:54:46.161+0000] {logging_mixin.py:190} INFO - [2024-11-26T01:54:46.161+0000] {dag.py:3239} INFO - Sync 1 DAGs
[2024-11-26T01:54:46.167+0000] {logging_mixin.py:190} INFO - [2024-11-26T01:54:46.167+0000] {dag.py:4180} INFO - Setting next_dagrun for spotify_etl_dag_recommend to None, run_after=None
[2024-11-26T01:54:46.178+0000] {processor.py:208} INFO - Processing /opt/airflow/dags/no_use/spotify_recommend_dag.py took 0.055 seconds
[2024-11-26T01:55:16.549+0000] {processor.py:186} INFO - Started process (PID=318) to work on /opt/airflow/dags/no_use/spotify_recommend_dag.py
[2024-11-26T01:55:16.550+0000] {processor.py:914} INFO - Processing file /opt/airflow/dags/no_use/spotify_recommend_dag.py for tasks to queue
[2024-11-26T01:55:16.551+0000] {logging_mixin.py:190} INFO - [2024-11-26T01:55:16.550+0000] {dagbag.py:588} INFO - Filling up the DagBag from /opt/airflow/dags/no_use/spotify_recommend_dag.py
[2024-11-26T01:55:16.574+0000] {processor.py:925} INFO - DAG(s) 'spotify_etl_dag_recommend' retrieved from /opt/airflow/dags/no_use/spotify_recommend_dag.py
[2024-11-26T01:55:16.588+0000] {logging_mixin.py:190} INFO - [2024-11-26T01:55:16.587+0000] {dag.py:3239} INFO - Sync 1 DAGs
[2024-11-26T01:55:16.592+0000] {logging_mixin.py:190} INFO - [2024-11-26T01:55:16.592+0000] {dag.py:4180} INFO - Setting next_dagrun for spotify_etl_dag_recommend to None, run_after=None
[2024-11-26T01:55:16.601+0000] {processor.py:208} INFO - Processing /opt/airflow/dags/no_use/spotify_recommend_dag.py took 0.054 seconds
[2024-11-26T01:55:47.127+0000] {processor.py:186} INFO - Started process (PID=347) to work on /opt/airflow/dags/no_use/spotify_recommend_dag.py
[2024-11-26T01:55:47.127+0000] {processor.py:914} INFO - Processing file /opt/airflow/dags/no_use/spotify_recommend_dag.py for tasks to queue
[2024-11-26T01:55:47.128+0000] {logging_mixin.py:190} INFO - [2024-11-26T01:55:47.128+0000] {dagbag.py:588} INFO - Filling up the DagBag from /opt/airflow/dags/no_use/spotify_recommend_dag.py
[2024-11-26T01:55:47.153+0000] {processor.py:925} INFO - DAG(s) 'spotify_etl_dag_recommend' retrieved from /opt/airflow/dags/no_use/spotify_recommend_dag.py
[2024-11-26T01:55:47.162+0000] {logging_mixin.py:190} INFO - [2024-11-26T01:55:47.162+0000] {dag.py:3239} INFO - Sync 1 DAGs
[2024-11-26T01:55:47.167+0000] {logging_mixin.py:190} INFO - [2024-11-26T01:55:47.167+0000] {dag.py:4180} INFO - Setting next_dagrun for spotify_etl_dag_recommend to None, run_after=None
[2024-11-26T01:55:47.176+0000] {processor.py:208} INFO - Processing /opt/airflow/dags/no_use/spotify_recommend_dag.py took 0.052 seconds
[2024-11-26T01:56:18.191+0000] {processor.py:186} INFO - Started process (PID=374) to work on /opt/airflow/dags/no_use/spotify_recommend_dag.py
[2024-11-26T01:56:18.192+0000] {processor.py:914} INFO - Processing file /opt/airflow/dags/no_use/spotify_recommend_dag.py for tasks to queue
[2024-11-26T01:56:18.194+0000] {logging_mixin.py:190} INFO - [2024-11-26T01:56:18.194+0000] {dagbag.py:588} INFO - Filling up the DagBag from /opt/airflow/dags/no_use/spotify_recommend_dag.py
[2024-11-26T01:56:18.223+0000] {processor.py:925} INFO - DAG(s) 'spotify_etl_dag_recommend' retrieved from /opt/airflow/dags/no_use/spotify_recommend_dag.py
[2024-11-26T01:56:18.234+0000] {logging_mixin.py:190} INFO - [2024-11-26T01:56:18.234+0000] {dag.py:3239} INFO - Sync 1 DAGs
[2024-11-26T01:56:18.240+0000] {logging_mixin.py:190} INFO - [2024-11-26T01:56:18.240+0000] {dag.py:4180} INFO - Setting next_dagrun for spotify_etl_dag_recommend to None, run_after=None
[2024-11-26T01:56:18.249+0000] {processor.py:208} INFO - Processing /opt/airflow/dags/no_use/spotify_recommend_dag.py took 0.061 seconds
[2024-11-26T01:56:48.606+0000] {processor.py:186} INFO - Started process (PID=396) to work on /opt/airflow/dags/no_use/spotify_recommend_dag.py
[2024-11-26T01:56:48.607+0000] {processor.py:914} INFO - Processing file /opt/airflow/dags/no_use/spotify_recommend_dag.py for tasks to queue
[2024-11-26T01:56:48.608+0000] {logging_mixin.py:190} INFO - [2024-11-26T01:56:48.608+0000] {dagbag.py:588} INFO - Filling up the DagBag from /opt/airflow/dags/no_use/spotify_recommend_dag.py
[2024-11-26T01:56:48.641+0000] {processor.py:925} INFO - DAG(s) 'spotify_etl_dag_recommend' retrieved from /opt/airflow/dags/no_use/spotify_recommend_dag.py
[2024-11-26T01:56:48.654+0000] {logging_mixin.py:190} INFO - [2024-11-26T01:56:48.654+0000] {dag.py:3239} INFO - Sync 1 DAGs
[2024-11-26T01:56:48.659+0000] {logging_mixin.py:190} INFO - [2024-11-26T01:56:48.659+0000] {dag.py:4180} INFO - Setting next_dagrun for spotify_etl_dag_recommend to None, run_after=None
[2024-11-26T01:56:48.665+0000] {processor.py:208} INFO - Processing /opt/airflow/dags/no_use/spotify_recommend_dag.py took 0.062 seconds
[2024-11-26T01:57:18.891+0000] {processor.py:186} INFO - Started process (PID=422) to work on /opt/airflow/dags/no_use/spotify_recommend_dag.py
[2024-11-26T01:57:18.891+0000] {processor.py:914} INFO - Processing file /opt/airflow/dags/no_use/spotify_recommend_dag.py for tasks to queue
[2024-11-26T01:57:18.892+0000] {logging_mixin.py:190} INFO - [2024-11-26T01:57:18.892+0000] {dagbag.py:588} INFO - Filling up the DagBag from /opt/airflow/dags/no_use/spotify_recommend_dag.py
[2024-11-26T01:57:18.920+0000] {processor.py:925} INFO - DAG(s) 'spotify_etl_dag_recommend' retrieved from /opt/airflow/dags/no_use/spotify_recommend_dag.py
[2024-11-26T01:57:18.935+0000] {logging_mixin.py:190} INFO - [2024-11-26T01:57:18.935+0000] {dag.py:3239} INFO - Sync 1 DAGs
[2024-11-26T01:57:18.942+0000] {logging_mixin.py:190} INFO - [2024-11-26T01:57:18.942+0000] {dag.py:4180} INFO - Setting next_dagrun for spotify_etl_dag_recommend to None, run_after=None
[2024-11-26T01:57:18.953+0000] {processor.py:208} INFO - Processing /opt/airflow/dags/no_use/spotify_recommend_dag.py took 0.066 seconds
[2024-11-26T01:57:49.256+0000] {processor.py:186} INFO - Started process (PID=440) to work on /opt/airflow/dags/no_use/spotify_recommend_dag.py
[2024-11-26T01:57:49.258+0000] {processor.py:914} INFO - Processing file /opt/airflow/dags/no_use/spotify_recommend_dag.py for tasks to queue
[2024-11-26T01:57:49.259+0000] {logging_mixin.py:190} INFO - [2024-11-26T01:57:49.259+0000] {dagbag.py:588} INFO - Filling up the DagBag from /opt/airflow/dags/no_use/spotify_recommend_dag.py
[2024-11-26T01:57:49.288+0000] {processor.py:925} INFO - DAG(s) 'spotify_etl_dag_recommend' retrieved from /opt/airflow/dags/no_use/spotify_recommend_dag.py
[2024-11-26T01:57:49.302+0000] {logging_mixin.py:190} INFO - [2024-11-26T01:57:49.302+0000] {dag.py:3239} INFO - Sync 1 DAGs
[2024-11-26T01:57:49.307+0000] {logging_mixin.py:190} INFO - [2024-11-26T01:57:49.307+0000] {dag.py:4180} INFO - Setting next_dagrun for spotify_etl_dag_recommend to None, run_after=None
[2024-11-26T01:57:49.315+0000] {processor.py:208} INFO - Processing /opt/airflow/dags/no_use/spotify_recommend_dag.py took 0.061 seconds
[2024-11-26T01:58:19.706+0000] {processor.py:186} INFO - Started process (PID=468) to work on /opt/airflow/dags/no_use/spotify_recommend_dag.py
[2024-11-26T01:58:19.707+0000] {processor.py:914} INFO - Processing file /opt/airflow/dags/no_use/spotify_recommend_dag.py for tasks to queue
[2024-11-26T01:58:19.708+0000] {logging_mixin.py:190} INFO - [2024-11-26T01:58:19.708+0000] {dagbag.py:588} INFO - Filling up the DagBag from /opt/airflow/dags/no_use/spotify_recommend_dag.py
[2024-11-26T01:58:19.731+0000] {processor.py:925} INFO - DAG(s) 'spotify_etl_dag_recommend' retrieved from /opt/airflow/dags/no_use/spotify_recommend_dag.py
[2024-11-26T01:58:19.740+0000] {logging_mixin.py:190} INFO - [2024-11-26T01:58:19.740+0000] {dag.py:3239} INFO - Sync 1 DAGs
[2024-11-26T01:58:19.745+0000] {logging_mixin.py:190} INFO - [2024-11-26T01:58:19.745+0000] {dag.py:4180} INFO - Setting next_dagrun for spotify_etl_dag_recommend to None, run_after=None
[2024-11-26T01:58:19.750+0000] {processor.py:208} INFO - Processing /opt/airflow/dags/no_use/spotify_recommend_dag.py took 0.047 seconds
[2024-11-26T01:58:50.088+0000] {processor.py:186} INFO - Started process (PID=496) to work on /opt/airflow/dags/no_use/spotify_recommend_dag.py
[2024-11-26T01:58:50.088+0000] {processor.py:914} INFO - Processing file /opt/airflow/dags/no_use/spotify_recommend_dag.py for tasks to queue
[2024-11-26T01:58:50.089+0000] {logging_mixin.py:190} INFO - [2024-11-26T01:58:50.089+0000] {dagbag.py:588} INFO - Filling up the DagBag from /opt/airflow/dags/no_use/spotify_recommend_dag.py
[2024-11-26T01:58:50.111+0000] {processor.py:925} INFO - DAG(s) 'spotify_etl_dag_recommend' retrieved from /opt/airflow/dags/no_use/spotify_recommend_dag.py
[2024-11-26T01:58:50.120+0000] {logging_mixin.py:190} INFO - [2024-11-26T01:58:50.120+0000] {dag.py:3239} INFO - Sync 1 DAGs
[2024-11-26T01:58:50.125+0000] {logging_mixin.py:190} INFO - [2024-11-26T01:58:50.125+0000] {dag.py:4180} INFO - Setting next_dagrun for spotify_etl_dag_recommend to None, run_after=None
[2024-11-26T01:58:50.130+0000] {processor.py:208} INFO - Processing /opt/airflow/dags/no_use/spotify_recommend_dag.py took 0.045 seconds
[2024-11-26T01:59:20.466+0000] {processor.py:186} INFO - Started process (PID=515) to work on /opt/airflow/dags/no_use/spotify_recommend_dag.py
[2024-11-26T01:59:20.467+0000] {processor.py:914} INFO - Processing file /opt/airflow/dags/no_use/spotify_recommend_dag.py for tasks to queue
[2024-11-26T01:59:20.468+0000] {logging_mixin.py:190} INFO - [2024-11-26T01:59:20.468+0000] {dagbag.py:588} INFO - Filling up the DagBag from /opt/airflow/dags/no_use/spotify_recommend_dag.py
[2024-11-26T01:59:20.493+0000] {processor.py:925} INFO - DAG(s) 'spotify_etl_dag_recommend' retrieved from /opt/airflow/dags/no_use/spotify_recommend_dag.py
[2024-11-26T01:59:20.506+0000] {logging_mixin.py:190} INFO - [2024-11-26T01:59:20.506+0000] {dag.py:3239} INFO - Sync 1 DAGs
[2024-11-26T01:59:20.516+0000] {logging_mixin.py:190} INFO - [2024-11-26T01:59:20.516+0000] {dag.py:4180} INFO - Setting next_dagrun for spotify_etl_dag_recommend to None, run_after=None
[2024-11-26T01:59:20.527+0000] {processor.py:208} INFO - Processing /opt/airflow/dags/no_use/spotify_recommend_dag.py took 0.063 seconds
[2024-11-26T01:59:51.141+0000] {processor.py:186} INFO - Started process (PID=535) to work on /opt/airflow/dags/no_use/spotify_recommend_dag.py
[2024-11-26T01:59:51.142+0000] {processor.py:914} INFO - Processing file /opt/airflow/dags/no_use/spotify_recommend_dag.py for tasks to queue
[2024-11-26T01:59:51.142+0000] {logging_mixin.py:190} INFO - [2024-11-26T01:59:51.142+0000] {dagbag.py:588} INFO - Filling up the DagBag from /opt/airflow/dags/no_use/spotify_recommend_dag.py
[2024-11-26T01:59:51.166+0000] {processor.py:925} INFO - DAG(s) 'spotify_etl_dag_recommend' retrieved from /opt/airflow/dags/no_use/spotify_recommend_dag.py
[2024-11-26T01:59:51.177+0000] {logging_mixin.py:190} INFO - [2024-11-26T01:59:51.177+0000] {dag.py:3239} INFO - Sync 1 DAGs
[2024-11-26T01:59:51.184+0000] {logging_mixin.py:190} INFO - [2024-11-26T01:59:51.184+0000] {dag.py:4180} INFO - Setting next_dagrun for spotify_etl_dag_recommend to None, run_after=None
[2024-11-26T01:59:51.190+0000] {processor.py:208} INFO - Processing /opt/airflow/dags/no_use/spotify_recommend_dag.py took 0.051 seconds
[2024-11-26T02:00:21.843+0000] {processor.py:186} INFO - Started process (PID=554) to work on /opt/airflow/dags/no_use/spotify_recommend_dag.py
[2024-11-26T02:00:21.844+0000] {processor.py:914} INFO - Processing file /opt/airflow/dags/no_use/spotify_recommend_dag.py for tasks to queue
[2024-11-26T02:00:21.844+0000] {logging_mixin.py:190} INFO - [2024-11-26T02:00:21.844+0000] {dagbag.py:588} INFO - Filling up the DagBag from /opt/airflow/dags/no_use/spotify_recommend_dag.py
[2024-11-26T02:00:21.870+0000] {processor.py:925} INFO - DAG(s) 'spotify_etl_dag_recommend' retrieved from /opt/airflow/dags/no_use/spotify_recommend_dag.py
[2024-11-26T02:00:21.881+0000] {logging_mixin.py:190} INFO - [2024-11-26T02:00:21.881+0000] {dag.py:3239} INFO - Sync 1 DAGs
[2024-11-26T02:00:21.888+0000] {logging_mixin.py:190} INFO - [2024-11-26T02:00:21.888+0000] {dag.py:4180} INFO - Setting next_dagrun for spotify_etl_dag_recommend to None, run_after=None
[2024-11-26T02:00:21.896+0000] {processor.py:208} INFO - Processing /opt/airflow/dags/no_use/spotify_recommend_dag.py took 0.056 seconds
[2024-11-26T02:00:52.343+0000] {processor.py:186} INFO - Started process (PID=574) to work on /opt/airflow/dags/no_use/spotify_recommend_dag.py
[2024-11-26T02:00:52.344+0000] {processor.py:914} INFO - Processing file /opt/airflow/dags/no_use/spotify_recommend_dag.py for tasks to queue
[2024-11-26T02:00:52.345+0000] {logging_mixin.py:190} INFO - [2024-11-26T02:00:52.345+0000] {dagbag.py:588} INFO - Filling up the DagBag from /opt/airflow/dags/no_use/spotify_recommend_dag.py
[2024-11-26T02:00:52.376+0000] {processor.py:925} INFO - DAG(s) 'spotify_etl_dag_recommend' retrieved from /opt/airflow/dags/no_use/spotify_recommend_dag.py
[2024-11-26T02:00:52.389+0000] {logging_mixin.py:190} INFO - [2024-11-26T02:00:52.388+0000] {dag.py:3239} INFO - Sync 1 DAGs
[2024-11-26T02:00:52.397+0000] {logging_mixin.py:190} INFO - [2024-11-26T02:00:52.397+0000] {dag.py:4180} INFO - Setting next_dagrun for spotify_etl_dag_recommend to None, run_after=None
[2024-11-26T02:00:52.406+0000] {processor.py:208} INFO - Processing /opt/airflow/dags/no_use/spotify_recommend_dag.py took 0.066 seconds
[2024-11-26T02:01:23.539+0000] {processor.py:186} INFO - Started process (PID=602) to work on /opt/airflow/dags/no_use/spotify_recommend_dag.py
[2024-11-26T02:01:23.540+0000] {processor.py:914} INFO - Processing file /opt/airflow/dags/no_use/spotify_recommend_dag.py for tasks to queue
[2024-11-26T02:01:23.540+0000] {logging_mixin.py:190} INFO - [2024-11-26T02:01:23.540+0000] {dagbag.py:588} INFO - Filling up the DagBag from /opt/airflow/dags/no_use/spotify_recommend_dag.py
[2024-11-26T02:01:23.566+0000] {processor.py:925} INFO - DAG(s) 'spotify_etl_dag_recommend' retrieved from /opt/airflow/dags/no_use/spotify_recommend_dag.py
[2024-11-26T02:01:23.576+0000] {logging_mixin.py:190} INFO - [2024-11-26T02:01:23.575+0000] {dag.py:3239} INFO - Sync 1 DAGs
[2024-11-26T02:01:23.581+0000] {logging_mixin.py:190} INFO - [2024-11-26T02:01:23.581+0000] {dag.py:4180} INFO - Setting next_dagrun for spotify_etl_dag_recommend to None, run_after=None
[2024-11-26T02:01:23.588+0000] {processor.py:208} INFO - Processing /opt/airflow/dags/no_use/spotify_recommend_dag.py took 0.052 seconds
[2024-11-26T02:01:53.842+0000] {processor.py:186} INFO - Started process (PID=629) to work on /opt/airflow/dags/no_use/spotify_recommend_dag.py
[2024-11-26T02:01:53.842+0000] {processor.py:914} INFO - Processing file /opt/airflow/dags/no_use/spotify_recommend_dag.py for tasks to queue
[2024-11-26T02:01:53.843+0000] {logging_mixin.py:190} INFO - [2024-11-26T02:01:53.843+0000] {dagbag.py:588} INFO - Filling up the DagBag from /opt/airflow/dags/no_use/spotify_recommend_dag.py
[2024-11-26T02:01:53.873+0000] {processor.py:925} INFO - DAG(s) 'spotify_etl_dag_recommend' retrieved from /opt/airflow/dags/no_use/spotify_recommend_dag.py
[2024-11-26T02:01:53.883+0000] {logging_mixin.py:190} INFO - [2024-11-26T02:01:53.883+0000] {dag.py:3239} INFO - Sync 1 DAGs
[2024-11-26T02:01:53.890+0000] {logging_mixin.py:190} INFO - [2024-11-26T02:01:53.889+0000] {dag.py:4180} INFO - Setting next_dagrun for spotify_etl_dag_recommend to None, run_after=None
[2024-11-26T02:01:53.896+0000] {processor.py:208} INFO - Processing /opt/airflow/dags/no_use/spotify_recommend_dag.py took 0.057 seconds
[2024-11-26T02:02:24.140+0000] {processor.py:186} INFO - Started process (PID=647) to work on /opt/airflow/dags/no_use/spotify_recommend_dag.py
[2024-11-26T02:02:24.140+0000] {processor.py:914} INFO - Processing file /opt/airflow/dags/no_use/spotify_recommend_dag.py for tasks to queue
[2024-11-26T02:02:24.141+0000] {logging_mixin.py:190} INFO - [2024-11-26T02:02:24.141+0000] {dagbag.py:588} INFO - Filling up the DagBag from /opt/airflow/dags/no_use/spotify_recommend_dag.py
[2024-11-26T02:02:24.256+0000] {processor.py:925} INFO - DAG(s) 'spotify_etl_dag_recommend' retrieved from /opt/airflow/dags/no_use/spotify_recommend_dag.py
[2024-11-26T02:02:24.273+0000] {logging_mixin.py:190} INFO - [2024-11-26T02:02:24.273+0000] {dag.py:3239} INFO - Sync 1 DAGs
[2024-11-26T02:02:24.281+0000] {logging_mixin.py:190} INFO - [2024-11-26T02:02:24.281+0000] {dag.py:4180} INFO - Setting next_dagrun for spotify_etl_dag_recommend to None, run_after=None
[2024-11-26T02:02:24.291+0000] {processor.py:208} INFO - Processing /opt/airflow/dags/no_use/spotify_recommend_dag.py took 0.155 seconds
[2024-11-26T02:02:54.493+0000] {processor.py:186} INFO - Started process (PID=665) to work on /opt/airflow/dags/no_use/spotify_recommend_dag.py
[2024-11-26T02:02:54.493+0000] {processor.py:914} INFO - Processing file /opt/airflow/dags/no_use/spotify_recommend_dag.py for tasks to queue
[2024-11-26T02:02:54.494+0000] {logging_mixin.py:190} INFO - [2024-11-26T02:02:54.494+0000] {dagbag.py:588} INFO - Filling up the DagBag from /opt/airflow/dags/no_use/spotify_recommend_dag.py
[2024-11-26T02:02:54.523+0000] {processor.py:925} INFO - DAG(s) 'spotify_etl_dag_recommend' retrieved from /opt/airflow/dags/no_use/spotify_recommend_dag.py
[2024-11-26T02:02:54.533+0000] {logging_mixin.py:190} INFO - [2024-11-26T02:02:54.533+0000] {dag.py:3239} INFO - Sync 1 DAGs
[2024-11-26T02:02:54.540+0000] {logging_mixin.py:190} INFO - [2024-11-26T02:02:54.540+0000] {dag.py:4180} INFO - Setting next_dagrun for spotify_etl_dag_recommend to None, run_after=None
[2024-11-26T02:02:54.546+0000] {processor.py:208} INFO - Processing /opt/airflow/dags/no_use/spotify_recommend_dag.py took 0.056 seconds
[2024-11-26T02:03:25.664+0000] {processor.py:186} INFO - Started process (PID=683) to work on /opt/airflow/dags/no_use/spotify_recommend_dag.py
[2024-11-26T02:03:25.665+0000] {processor.py:914} INFO - Processing file /opt/airflow/dags/no_use/spotify_recommend_dag.py for tasks to queue
[2024-11-26T02:03:25.666+0000] {logging_mixin.py:190} INFO - [2024-11-26T02:03:25.666+0000] {dagbag.py:588} INFO - Filling up the DagBag from /opt/airflow/dags/no_use/spotify_recommend_dag.py
[2024-11-26T02:03:25.698+0000] {processor.py:925} INFO - DAG(s) 'spotify_etl_dag_recommend' retrieved from /opt/airflow/dags/no_use/spotify_recommend_dag.py
[2024-11-26T02:03:25.709+0000] {logging_mixin.py:190} INFO - [2024-11-26T02:03:25.709+0000] {dag.py:3239} INFO - Sync 1 DAGs
[2024-11-26T02:03:25.714+0000] {logging_mixin.py:190} INFO - [2024-11-26T02:03:25.714+0000] {dag.py:4180} INFO - Setting next_dagrun for spotify_etl_dag_recommend to None, run_after=None
[2024-11-26T02:03:25.721+0000] {processor.py:208} INFO - Processing /opt/airflow/dags/no_use/spotify_recommend_dag.py took 0.060 seconds
[2024-11-26T02:03:56.811+0000] {processor.py:186} INFO - Started process (PID=701) to work on /opt/airflow/dags/no_use/spotify_recommend_dag.py
[2024-11-26T02:03:56.812+0000] {processor.py:914} INFO - Processing file /opt/airflow/dags/no_use/spotify_recommend_dag.py for tasks to queue
[2024-11-26T02:03:56.812+0000] {logging_mixin.py:190} INFO - [2024-11-26T02:03:56.812+0000] {dagbag.py:588} INFO - Filling up the DagBag from /opt/airflow/dags/no_use/spotify_recommend_dag.py
[2024-11-26T02:03:56.839+0000] {processor.py:925} INFO - DAG(s) 'spotify_etl_dag_recommend' retrieved from /opt/airflow/dags/no_use/spotify_recommend_dag.py
[2024-11-26T02:03:56.850+0000] {logging_mixin.py:190} INFO - [2024-11-26T02:03:56.850+0000] {dag.py:3239} INFO - Sync 1 DAGs
[2024-11-26T02:03:56.856+0000] {logging_mixin.py:190} INFO - [2024-11-26T02:03:56.856+0000] {dag.py:4180} INFO - Setting next_dagrun for spotify_etl_dag_recommend to None, run_after=None
[2024-11-26T02:03:56.864+0000] {processor.py:208} INFO - Processing /opt/airflow/dags/no_use/spotify_recommend_dag.py took 0.056 seconds
[2024-11-26T02:04:27.370+0000] {processor.py:186} INFO - Started process (PID=718) to work on /opt/airflow/dags/no_use/spotify_recommend_dag.py
[2024-11-26T02:04:27.371+0000] {processor.py:914} INFO - Processing file /opt/airflow/dags/no_use/spotify_recommend_dag.py for tasks to queue
[2024-11-26T02:04:27.371+0000] {logging_mixin.py:190} INFO - [2024-11-26T02:04:27.371+0000] {dagbag.py:588} INFO - Filling up the DagBag from /opt/airflow/dags/no_use/spotify_recommend_dag.py
[2024-11-26T02:04:27.401+0000] {processor.py:925} INFO - DAG(s) 'spotify_etl_dag_recommend' retrieved from /opt/airflow/dags/no_use/spotify_recommend_dag.py
[2024-11-26T02:04:27.412+0000] {logging_mixin.py:190} INFO - [2024-11-26T02:04:27.411+0000] {dag.py:3239} INFO - Sync 1 DAGs
[2024-11-26T02:04:27.419+0000] {logging_mixin.py:190} INFO - [2024-11-26T02:04:27.419+0000] {dag.py:4180} INFO - Setting next_dagrun for spotify_etl_dag_recommend to None, run_after=None
[2024-11-26T02:04:27.425+0000] {processor.py:208} INFO - Processing /opt/airflow/dags/no_use/spotify_recommend_dag.py took 0.058 seconds
[2024-11-26T02:04:58.756+0000] {processor.py:186} INFO - Started process (PID=736) to work on /opt/airflow/dags/no_use/spotify_recommend_dag.py
[2024-11-26T02:04:58.756+0000] {processor.py:914} INFO - Processing file /opt/airflow/dags/no_use/spotify_recommend_dag.py for tasks to queue
[2024-11-26T02:04:58.757+0000] {logging_mixin.py:190} INFO - [2024-11-26T02:04:58.757+0000] {dagbag.py:588} INFO - Filling up the DagBag from /opt/airflow/dags/no_use/spotify_recommend_dag.py
[2024-11-26T02:04:58.795+0000] {processor.py:925} INFO - DAG(s) 'spotify_etl_dag_recommend' retrieved from /opt/airflow/dags/no_use/spotify_recommend_dag.py
[2024-11-26T02:04:58.812+0000] {logging_mixin.py:190} INFO - [2024-11-26T02:04:58.811+0000] {dag.py:3239} INFO - Sync 1 DAGs
[2024-11-26T02:04:58.823+0000] {logging_mixin.py:190} INFO - [2024-11-26T02:04:58.822+0000] {dag.py:4180} INFO - Setting next_dagrun for spotify_etl_dag_recommend to None, run_after=None
[2024-11-26T02:04:58.831+0000] {processor.py:208} INFO - Processing /opt/airflow/dags/no_use/spotify_recommend_dag.py took 0.079 seconds
[2024-11-26T02:05:29.018+0000] {processor.py:186} INFO - Started process (PID=754) to work on /opt/airflow/dags/no_use/spotify_recommend_dag.py
[2024-11-26T02:05:29.019+0000] {processor.py:914} INFO - Processing file /opt/airflow/dags/no_use/spotify_recommend_dag.py for tasks to queue
[2024-11-26T02:05:29.019+0000] {logging_mixin.py:190} INFO - [2024-11-26T02:05:29.019+0000] {dagbag.py:588} INFO - Filling up the DagBag from /opt/airflow/dags/no_use/spotify_recommend_dag.py
[2024-11-26T02:05:29.044+0000] {processor.py:925} INFO - DAG(s) 'spotify_etl_dag_recommend' retrieved from /opt/airflow/dags/no_use/spotify_recommend_dag.py
[2024-11-26T02:05:29.055+0000] {logging_mixin.py:190} INFO - [2024-11-26T02:05:29.055+0000] {dag.py:3239} INFO - Sync 1 DAGs
[2024-11-26T02:05:29.061+0000] {logging_mixin.py:190} INFO - [2024-11-26T02:05:29.061+0000] {dag.py:4180} INFO - Setting next_dagrun for spotify_etl_dag_recommend to None, run_after=None
[2024-11-26T02:05:29.067+0000] {processor.py:208} INFO - Processing /opt/airflow/dags/no_use/spotify_recommend_dag.py took 0.052 seconds
[2024-11-26T02:05:59.497+0000] {processor.py:186} INFO - Started process (PID=772) to work on /opt/airflow/dags/no_use/spotify_recommend_dag.py
[2024-11-26T02:05:59.497+0000] {processor.py:914} INFO - Processing file /opt/airflow/dags/no_use/spotify_recommend_dag.py for tasks to queue
[2024-11-26T02:05:59.498+0000] {logging_mixin.py:190} INFO - [2024-11-26T02:05:59.498+0000] {dagbag.py:588} INFO - Filling up the DagBag from /opt/airflow/dags/no_use/spotify_recommend_dag.py
[2024-11-26T02:05:59.522+0000] {processor.py:925} INFO - DAG(s) 'spotify_etl_dag_recommend' retrieved from /opt/airflow/dags/no_use/spotify_recommend_dag.py
[2024-11-26T02:05:59.531+0000] {logging_mixin.py:190} INFO - [2024-11-26T02:05:59.531+0000] {dag.py:3239} INFO - Sync 1 DAGs
[2024-11-26T02:05:59.538+0000] {logging_mixin.py:190} INFO - [2024-11-26T02:05:59.538+0000] {dag.py:4180} INFO - Setting next_dagrun for spotify_etl_dag_recommend to None, run_after=None
[2024-11-26T02:05:59.544+0000] {processor.py:208} INFO - Processing /opt/airflow/dags/no_use/spotify_recommend_dag.py took 0.050 seconds
[2024-11-26T02:06:30.717+0000] {processor.py:186} INFO - Started process (PID=790) to work on /opt/airflow/dags/no_use/spotify_recommend_dag.py
[2024-11-26T02:06:30.717+0000] {processor.py:914} INFO - Processing file /opt/airflow/dags/no_use/spotify_recommend_dag.py for tasks to queue
[2024-11-26T02:06:30.717+0000] {logging_mixin.py:190} INFO - [2024-11-26T02:06:30.717+0000] {dagbag.py:588} INFO - Filling up the DagBag from /opt/airflow/dags/no_use/spotify_recommend_dag.py
[2024-11-26T02:06:30.745+0000] {processor.py:925} INFO - DAG(s) 'spotify_etl_dag_recommend' retrieved from /opt/airflow/dags/no_use/spotify_recommend_dag.py
[2024-11-26T02:06:30.756+0000] {logging_mixin.py:190} INFO - [2024-11-26T02:06:30.756+0000] {dag.py:3239} INFO - Sync 1 DAGs
[2024-11-26T02:06:30.765+0000] {logging_mixin.py:190} INFO - [2024-11-26T02:06:30.765+0000] {dag.py:4180} INFO - Setting next_dagrun for spotify_etl_dag_recommend to None, run_after=None
[2024-11-26T02:06:30.773+0000] {processor.py:208} INFO - Processing /opt/airflow/dags/no_use/spotify_recommend_dag.py took 0.059 seconds
[2024-11-26T02:07:01.083+0000] {processor.py:186} INFO - Started process (PID=806) to work on /opt/airflow/dags/no_use/spotify_recommend_dag.py
[2024-11-26T02:07:01.083+0000] {processor.py:914} INFO - Processing file /opt/airflow/dags/no_use/spotify_recommend_dag.py for tasks to queue
[2024-11-26T02:07:01.084+0000] {logging_mixin.py:190} INFO - [2024-11-26T02:07:01.084+0000] {dagbag.py:588} INFO - Filling up the DagBag from /opt/airflow/dags/no_use/spotify_recommend_dag.py
[2024-11-26T02:07:01.133+0000] {processor.py:925} INFO - DAG(s) 'spotify_etl_dag_recommend' retrieved from /opt/airflow/dags/no_use/spotify_recommend_dag.py
[2024-11-26T02:07:01.159+0000] {logging_mixin.py:190} INFO - [2024-11-26T02:07:01.159+0000] {dag.py:3239} INFO - Sync 1 DAGs
[2024-11-26T02:07:01.172+0000] {logging_mixin.py:190} INFO - [2024-11-26T02:07:01.172+0000] {dag.py:4180} INFO - Setting next_dagrun for spotify_etl_dag_recommend to None, run_after=None
[2024-11-26T02:07:01.200+0000] {processor.py:208} INFO - Processing /opt/airflow/dags/no_use/spotify_recommend_dag.py took 0.123 seconds
[2024-11-26T02:07:31.571+0000] {processor.py:186} INFO - Started process (PID=825) to work on /opt/airflow/dags/no_use/spotify_recommend_dag.py
[2024-11-26T02:07:31.571+0000] {processor.py:914} INFO - Processing file /opt/airflow/dags/no_use/spotify_recommend_dag.py for tasks to queue
[2024-11-26T02:07:31.572+0000] {logging_mixin.py:190} INFO - [2024-11-26T02:07:31.572+0000] {dagbag.py:588} INFO - Filling up the DagBag from /opt/airflow/dags/no_use/spotify_recommend_dag.py
[2024-11-26T02:07:31.597+0000] {processor.py:925} INFO - DAG(s) 'spotify_etl_dag_recommend' retrieved from /opt/airflow/dags/no_use/spotify_recommend_dag.py
[2024-11-26T02:07:31.608+0000] {logging_mixin.py:190} INFO - [2024-11-26T02:07:31.608+0000] {dag.py:3239} INFO - Sync 1 DAGs
[2024-11-26T02:07:31.613+0000] {logging_mixin.py:190} INFO - [2024-11-26T02:07:31.613+0000] {dag.py:4180} INFO - Setting next_dagrun for spotify_etl_dag_recommend to None, run_after=None
[2024-11-26T02:07:31.621+0000] {processor.py:208} INFO - Processing /opt/airflow/dags/no_use/spotify_recommend_dag.py took 0.053 seconds
[2024-11-26T02:08:02.067+0000] {processor.py:186} INFO - Started process (PID=843) to work on /opt/airflow/dags/no_use/spotify_recommend_dag.py
[2024-11-26T02:08:02.069+0000] {processor.py:914} INFO - Processing file /opt/airflow/dags/no_use/spotify_recommend_dag.py for tasks to queue
[2024-11-26T02:08:02.070+0000] {logging_mixin.py:190} INFO - [2024-11-26T02:08:02.070+0000] {dagbag.py:588} INFO - Filling up the DagBag from /opt/airflow/dags/no_use/spotify_recommend_dag.py
[2024-11-26T02:08:02.098+0000] {processor.py:925} INFO - DAG(s) 'spotify_etl_dag_recommend' retrieved from /opt/airflow/dags/no_use/spotify_recommend_dag.py
[2024-11-26T02:08:02.111+0000] {logging_mixin.py:190} INFO - [2024-11-26T02:08:02.111+0000] {dag.py:3239} INFO - Sync 1 DAGs
[2024-11-26T02:08:02.118+0000] {logging_mixin.py:190} INFO - [2024-11-26T02:08:02.118+0000] {dag.py:4180} INFO - Setting next_dagrun for spotify_etl_dag_recommend to None, run_after=None
[2024-11-26T02:08:02.125+0000] {processor.py:208} INFO - Processing /opt/airflow/dags/no_use/spotify_recommend_dag.py took 0.067 seconds
[2024-11-26T02:08:32.701+0000] {processor.py:186} INFO - Started process (PID=861) to work on /opt/airflow/dags/no_use/spotify_recommend_dag.py
[2024-11-26T02:08:32.702+0000] {processor.py:914} INFO - Processing file /opt/airflow/dags/no_use/spotify_recommend_dag.py for tasks to queue
[2024-11-26T02:08:32.702+0000] {logging_mixin.py:190} INFO - [2024-11-26T02:08:32.702+0000] {dagbag.py:588} INFO - Filling up the DagBag from /opt/airflow/dags/no_use/spotify_recommend_dag.py
[2024-11-26T02:08:32.727+0000] {processor.py:925} INFO - DAG(s) 'spotify_etl_dag_recommend' retrieved from /opt/airflow/dags/no_use/spotify_recommend_dag.py
[2024-11-26T02:08:32.737+0000] {logging_mixin.py:190} INFO - [2024-11-26T02:08:32.737+0000] {dag.py:3239} INFO - Sync 1 DAGs
[2024-11-26T02:08:32.743+0000] {logging_mixin.py:190} INFO - [2024-11-26T02:08:32.743+0000] {dag.py:4180} INFO - Setting next_dagrun for spotify_etl_dag_recommend to None, run_after=None
[2024-11-26T02:08:32.750+0000] {processor.py:208} INFO - Processing /opt/airflow/dags/no_use/spotify_recommend_dag.py took 0.052 seconds
[2024-11-26T02:09:02.951+0000] {processor.py:186} INFO - Started process (PID=879) to work on /opt/airflow/dags/no_use/spotify_recommend_dag.py
[2024-11-26T02:09:02.951+0000] {processor.py:914} INFO - Processing file /opt/airflow/dags/no_use/spotify_recommend_dag.py for tasks to queue
[2024-11-26T02:09:02.952+0000] {logging_mixin.py:190} INFO - [2024-11-26T02:09:02.952+0000] {dagbag.py:588} INFO - Filling up the DagBag from /opt/airflow/dags/no_use/spotify_recommend_dag.py
[2024-11-26T02:09:02.978+0000] {processor.py:925} INFO - DAG(s) 'spotify_etl_dag_recommend' retrieved from /opt/airflow/dags/no_use/spotify_recommend_dag.py
[2024-11-26T02:09:02.989+0000] {logging_mixin.py:190} INFO - [2024-11-26T02:09:02.988+0000] {dag.py:3239} INFO - Sync 1 DAGs
[2024-11-26T02:09:02.995+0000] {logging_mixin.py:190} INFO - [2024-11-26T02:09:02.995+0000] {dag.py:4180} INFO - Setting next_dagrun for spotify_etl_dag_recommend to None, run_after=None
[2024-11-26T02:09:03.003+0000] {processor.py:208} INFO - Processing /opt/airflow/dags/no_use/spotify_recommend_dag.py took 0.055 seconds
[2024-11-26T02:09:33.484+0000] {processor.py:186} INFO - Started process (PID=897) to work on /opt/airflow/dags/no_use/spotify_recommend_dag.py
[2024-11-26T02:09:33.485+0000] {processor.py:914} INFO - Processing file /opt/airflow/dags/no_use/spotify_recommend_dag.py for tasks to queue
[2024-11-26T02:09:33.485+0000] {logging_mixin.py:190} INFO - [2024-11-26T02:09:33.485+0000] {dagbag.py:588} INFO - Filling up the DagBag from /opt/airflow/dags/no_use/spotify_recommend_dag.py
[2024-11-26T02:09:33.511+0000] {processor.py:925} INFO - DAG(s) 'spotify_etl_dag_recommend' retrieved from /opt/airflow/dags/no_use/spotify_recommend_dag.py
[2024-11-26T02:09:33.521+0000] {logging_mixin.py:190} INFO - [2024-11-26T02:09:33.521+0000] {dag.py:3239} INFO - Sync 1 DAGs
[2024-11-26T02:09:33.528+0000] {logging_mixin.py:190} INFO - [2024-11-26T02:09:33.527+0000] {dag.py:4180} INFO - Setting next_dagrun for spotify_etl_dag_recommend to None, run_after=None
[2024-11-26T02:09:33.534+0000] {processor.py:208} INFO - Processing /opt/airflow/dags/no_use/spotify_recommend_dag.py took 0.053 seconds
[2024-11-26T02:10:03.771+0000] {processor.py:186} INFO - Started process (PID=914) to work on /opt/airflow/dags/no_use/spotify_recommend_dag.py
[2024-11-26T02:10:03.772+0000] {processor.py:914} INFO - Processing file /opt/airflow/dags/no_use/spotify_recommend_dag.py for tasks to queue
[2024-11-26T02:10:03.773+0000] {logging_mixin.py:190} INFO - [2024-11-26T02:10:03.773+0000] {dagbag.py:588} INFO - Filling up the DagBag from /opt/airflow/dags/no_use/spotify_recommend_dag.py
[2024-11-26T02:10:03.801+0000] {processor.py:925} INFO - DAG(s) 'spotify_etl_dag_recommend' retrieved from /opt/airflow/dags/no_use/spotify_recommend_dag.py
[2024-11-26T02:10:03.810+0000] {logging_mixin.py:190} INFO - [2024-11-26T02:10:03.810+0000] {dag.py:3239} INFO - Sync 1 DAGs
[2024-11-26T02:10:03.816+0000] {logging_mixin.py:190} INFO - [2024-11-26T02:10:03.816+0000] {dag.py:4180} INFO - Setting next_dagrun for spotify_etl_dag_recommend to None, run_after=None
[2024-11-26T02:10:03.824+0000] {processor.py:208} INFO - Processing /opt/airflow/dags/no_use/spotify_recommend_dag.py took 0.056 seconds
[2024-11-26T02:10:34.457+0000] {processor.py:186} INFO - Started process (PID=933) to work on /opt/airflow/dags/no_use/spotify_recommend_dag.py
[2024-11-26T02:10:34.457+0000] {processor.py:914} INFO - Processing file /opt/airflow/dags/no_use/spotify_recommend_dag.py for tasks to queue
[2024-11-26T02:10:34.458+0000] {logging_mixin.py:190} INFO - [2024-11-26T02:10:34.458+0000] {dagbag.py:588} INFO - Filling up the DagBag from /opt/airflow/dags/no_use/spotify_recommend_dag.py
[2024-11-26T02:10:34.481+0000] {processor.py:925} INFO - DAG(s) 'spotify_etl_dag_recommend' retrieved from /opt/airflow/dags/no_use/spotify_recommend_dag.py
[2024-11-26T02:10:34.491+0000] {logging_mixin.py:190} INFO - [2024-11-26T02:10:34.491+0000] {dag.py:3239} INFO - Sync 1 DAGs
[2024-11-26T02:10:34.497+0000] {logging_mixin.py:190} INFO - [2024-11-26T02:10:34.497+0000] {dag.py:4180} INFO - Setting next_dagrun for spotify_etl_dag_recommend to None, run_after=None
[2024-11-26T02:10:34.504+0000] {processor.py:208} INFO - Processing /opt/airflow/dags/no_use/spotify_recommend_dag.py took 0.050 seconds
[2024-11-26T02:11:04.927+0000] {processor.py:186} INFO - Started process (PID=951) to work on /opt/airflow/dags/no_use/spotify_recommend_dag.py
[2024-11-26T02:11:04.928+0000] {processor.py:914} INFO - Processing file /opt/airflow/dags/no_use/spotify_recommend_dag.py for tasks to queue
[2024-11-26T02:11:04.929+0000] {logging_mixin.py:190} INFO - [2024-11-26T02:11:04.928+0000] {dagbag.py:588} INFO - Filling up the DagBag from /opt/airflow/dags/no_use/spotify_recommend_dag.py
[2024-11-26T02:11:04.952+0000] {processor.py:925} INFO - DAG(s) 'spotify_etl_dag_recommend' retrieved from /opt/airflow/dags/no_use/spotify_recommend_dag.py
[2024-11-26T02:11:04.962+0000] {logging_mixin.py:190} INFO - [2024-11-26T02:11:04.961+0000] {dag.py:3239} INFO - Sync 1 DAGs
[2024-11-26T02:11:04.968+0000] {logging_mixin.py:190} INFO - [2024-11-26T02:11:04.968+0000] {dag.py:4180} INFO - Setting next_dagrun for spotify_etl_dag_recommend to None, run_after=None
[2024-11-26T02:11:04.974+0000] {processor.py:208} INFO - Processing /opt/airflow/dags/no_use/spotify_recommend_dag.py took 0.049 seconds
[2024-11-26T02:11:35.660+0000] {processor.py:186} INFO - Started process (PID=969) to work on /opt/airflow/dags/no_use/spotify_recommend_dag.py
[2024-11-26T02:11:35.661+0000] {processor.py:914} INFO - Processing file /opt/airflow/dags/no_use/spotify_recommend_dag.py for tasks to queue
[2024-11-26T02:11:35.662+0000] {logging_mixin.py:190} INFO - [2024-11-26T02:11:35.662+0000] {dagbag.py:588} INFO - Filling up the DagBag from /opt/airflow/dags/no_use/spotify_recommend_dag.py
[2024-11-26T02:11:35.687+0000] {processor.py:925} INFO - DAG(s) 'spotify_etl_dag_recommend' retrieved from /opt/airflow/dags/no_use/spotify_recommend_dag.py
[2024-11-26T02:11:35.697+0000] {logging_mixin.py:190} INFO - [2024-11-26T02:11:35.697+0000] {dag.py:3239} INFO - Sync 1 DAGs
[2024-11-26T02:11:35.702+0000] {logging_mixin.py:190} INFO - [2024-11-26T02:11:35.702+0000] {dag.py:4180} INFO - Setting next_dagrun for spotify_etl_dag_recommend to None, run_after=None
[2024-11-26T02:11:35.710+0000] {processor.py:208} INFO - Processing /opt/airflow/dags/no_use/spotify_recommend_dag.py took 0.053 seconds
[2024-11-26T02:12:06.232+0000] {processor.py:186} INFO - Started process (PID=987) to work on /opt/airflow/dags/no_use/spotify_recommend_dag.py
[2024-11-26T02:12:06.232+0000] {processor.py:914} INFO - Processing file /opt/airflow/dags/no_use/spotify_recommend_dag.py for tasks to queue
[2024-11-26T02:12:06.233+0000] {logging_mixin.py:190} INFO - [2024-11-26T02:12:06.233+0000] {dagbag.py:588} INFO - Filling up the DagBag from /opt/airflow/dags/no_use/spotify_recommend_dag.py
[2024-11-26T02:12:06.258+0000] {processor.py:925} INFO - DAG(s) 'spotify_etl_dag_recommend' retrieved from /opt/airflow/dags/no_use/spotify_recommend_dag.py
[2024-11-26T02:12:06.272+0000] {logging_mixin.py:190} INFO - [2024-11-26T02:12:06.271+0000] {dag.py:3239} INFO - Sync 1 DAGs
[2024-11-26T02:12:06.282+0000] {logging_mixin.py:190} INFO - [2024-11-26T02:12:06.282+0000] {dag.py:4180} INFO - Setting next_dagrun for spotify_etl_dag_recommend to None, run_after=None
[2024-11-26T02:12:06.295+0000] {processor.py:208} INFO - Processing /opt/airflow/dags/no_use/spotify_recommend_dag.py took 0.066 seconds
[2024-11-26T02:12:37.514+0000] {processor.py:186} INFO - Started process (PID=1014) to work on /opt/airflow/dags/no_use/spotify_recommend_dag.py
[2024-11-26T02:12:37.515+0000] {processor.py:914} INFO - Processing file /opt/airflow/dags/no_use/spotify_recommend_dag.py for tasks to queue
[2024-11-26T02:12:37.515+0000] {logging_mixin.py:190} INFO - [2024-11-26T02:12:37.515+0000] {dagbag.py:588} INFO - Filling up the DagBag from /opt/airflow/dags/no_use/spotify_recommend_dag.py
[2024-11-26T02:12:37.540+0000] {processor.py:925} INFO - DAG(s) 'spotify_etl_dag_recommend' retrieved from /opt/airflow/dags/no_use/spotify_recommend_dag.py
[2024-11-26T02:12:37.550+0000] {logging_mixin.py:190} INFO - [2024-11-26T02:12:37.550+0000] {dag.py:3239} INFO - Sync 1 DAGs
[2024-11-26T02:12:37.556+0000] {logging_mixin.py:190} INFO - [2024-11-26T02:12:37.555+0000] {dag.py:4180} INFO - Setting next_dagrun for spotify_etl_dag_recommend to None, run_after=None
[2024-11-26T02:12:37.562+0000] {processor.py:208} INFO - Processing /opt/airflow/dags/no_use/spotify_recommend_dag.py took 0.050 seconds
[2024-11-26T02:13:08.521+0000] {processor.py:186} INFO - Started process (PID=1032) to work on /opt/airflow/dags/no_use/spotify_recommend_dag.py
[2024-11-26T02:13:08.522+0000] {processor.py:914} INFO - Processing file /opt/airflow/dags/no_use/spotify_recommend_dag.py for tasks to queue
[2024-11-26T02:13:08.522+0000] {logging_mixin.py:190} INFO - [2024-11-26T02:13:08.522+0000] {dagbag.py:588} INFO - Filling up the DagBag from /opt/airflow/dags/no_use/spotify_recommend_dag.py
[2024-11-26T02:13:08.547+0000] {processor.py:925} INFO - DAG(s) 'spotify_etl_dag_recommend' retrieved from /opt/airflow/dags/no_use/spotify_recommend_dag.py
[2024-11-26T02:13:08.557+0000] {logging_mixin.py:190} INFO - [2024-11-26T02:13:08.557+0000] {dag.py:3239} INFO - Sync 1 DAGs
[2024-11-26T02:13:08.564+0000] {logging_mixin.py:190} INFO - [2024-11-26T02:13:08.563+0000] {dag.py:4180} INFO - Setting next_dagrun for spotify_etl_dag_recommend to None, run_after=None
[2024-11-26T02:13:08.570+0000] {processor.py:208} INFO - Processing /opt/airflow/dags/no_use/spotify_recommend_dag.py took 0.052 seconds
