[2024-11-26T01:48:38.823+0000] {processor.py:186} INFO - Started process (PID=49) to work on /opt/airflow/dags/no_use/spotify_playlist_dag.py
[2024-11-26T01:48:38.824+0000] {processor.py:914} INFO - Processing file /opt/airflow/dags/no_use/spotify_playlist_dag.py for tasks to queue
[2024-11-26T01:48:38.825+0000] {logging_mixin.py:190} INFO - [2024-11-26T01:48:38.825+0000] {dagbag.py:588} INFO - Filling up the DagBag from /opt/airflow/dags/no_use/spotify_playlist_dag.py
[2024-11-26T01:48:38.865+0000] {processor.py:925} INFO - DAG(s) 'spotify_etl_dag_playlist' retrieved from /opt/airflow/dags/no_use/spotify_playlist_dag.py
[2024-11-26T01:48:39.136+0000] {logging_mixin.py:190} INFO - [2024-11-26T01:48:39.136+0000] {dag.py:3239} INFO - Sync 1 DAGs
[2024-11-26T01:48:39.180+0000] {logging_mixin.py:190} INFO - [2024-11-26T01:48:39.180+0000] {dag.py:4180} INFO - Setting next_dagrun for spotify_etl_dag_playlist to 2023-11-22 00:00:00+00:00, run_after=2023-11-23 00:00:00+00:00
[2024-11-26T01:48:39.277+0000] {processor.py:208} INFO - Processing /opt/airflow/dags/no_use/spotify_playlist_dag.py took 0.458 seconds
[2024-11-26T01:49:09.413+0000] {processor.py:186} INFO - Started process (PID=67) to work on /opt/airflow/dags/no_use/spotify_playlist_dag.py
[2024-11-26T01:49:09.414+0000] {processor.py:914} INFO - Processing file /opt/airflow/dags/no_use/spotify_playlist_dag.py for tasks to queue
[2024-11-26T01:49:09.415+0000] {logging_mixin.py:190} INFO - [2024-11-26T01:49:09.415+0000] {dagbag.py:588} INFO - Filling up the DagBag from /opt/airflow/dags/no_use/spotify_playlist_dag.py
[2024-11-26T01:49:09.519+0000] {processor.py:925} INFO - DAG(s) 'spotify_etl_dag_playlist' retrieved from /opt/airflow/dags/no_use/spotify_playlist_dag.py
[2024-11-26T01:49:09.527+0000] {logging_mixin.py:190} INFO - [2024-11-26T01:49:09.527+0000] {dag.py:3239} INFO - Sync 1 DAGs
[2024-11-26T01:49:09.535+0000] {logging_mixin.py:190} INFO - [2024-11-26T01:49:09.535+0000] {dag.py:4180} INFO - Setting next_dagrun for spotify_etl_dag_playlist to 2023-11-22 00:00:00+00:00, run_after=2023-11-23 00:00:00+00:00
[2024-11-26T01:49:09.540+0000] {processor.py:208} INFO - Processing /opt/airflow/dags/no_use/spotify_playlist_dag.py took 0.129 seconds
[2024-11-26T01:49:40.169+0000] {processor.py:186} INFO - Started process (PID=85) to work on /opt/airflow/dags/no_use/spotify_playlist_dag.py
[2024-11-26T01:49:40.170+0000] {processor.py:914} INFO - Processing file /opt/airflow/dags/no_use/spotify_playlist_dag.py for tasks to queue
[2024-11-26T01:49:40.171+0000] {logging_mixin.py:190} INFO - [2024-11-26T01:49:40.171+0000] {dagbag.py:588} INFO - Filling up the DagBag from /opt/airflow/dags/no_use/spotify_playlist_dag.py
[2024-11-26T01:49:40.194+0000] {processor.py:925} INFO - DAG(s) 'spotify_etl_dag_playlist' retrieved from /opt/airflow/dags/no_use/spotify_playlist_dag.py
[2024-11-26T01:49:40.206+0000] {logging_mixin.py:190} INFO - [2024-11-26T01:49:40.206+0000] {dag.py:3239} INFO - Sync 1 DAGs
[2024-11-26T01:49:40.215+0000] {logging_mixin.py:190} INFO - [2024-11-26T01:49:40.215+0000] {dag.py:4180} INFO - Setting next_dagrun for spotify_etl_dag_playlist to 2023-11-22 00:00:00+00:00, run_after=2023-11-23 00:00:00+00:00
[2024-11-26T01:49:40.220+0000] {processor.py:208} INFO - Processing /opt/airflow/dags/no_use/spotify_playlist_dag.py took 0.054 seconds
[2024-11-26T01:50:11.365+0000] {processor.py:186} INFO - Started process (PID=103) to work on /opt/airflow/dags/no_use/spotify_playlist_dag.py
[2024-11-26T01:50:11.366+0000] {processor.py:914} INFO - Processing file /opt/airflow/dags/no_use/spotify_playlist_dag.py for tasks to queue
[2024-11-26T01:50:11.368+0000] {logging_mixin.py:190} INFO - [2024-11-26T01:50:11.368+0000] {dagbag.py:588} INFO - Filling up the DagBag from /opt/airflow/dags/no_use/spotify_playlist_dag.py
[2024-11-26T01:50:11.392+0000] {processor.py:925} INFO - DAG(s) 'spotify_etl_dag_playlist' retrieved from /opt/airflow/dags/no_use/spotify_playlist_dag.py
[2024-11-26T01:50:11.403+0000] {logging_mixin.py:190} INFO - [2024-11-26T01:50:11.402+0000] {dag.py:3239} INFO - Sync 1 DAGs
[2024-11-26T01:50:11.420+0000] {logging_mixin.py:190} INFO - [2024-11-26T01:50:11.419+0000] {dag.py:4180} INFO - Setting next_dagrun for spotify_etl_dag_playlist to 2023-11-22 00:00:00+00:00, run_after=2023-11-23 00:00:00+00:00
[2024-11-26T01:50:11.426+0000] {processor.py:208} INFO - Processing /opt/airflow/dags/no_use/spotify_playlist_dag.py took 0.063 seconds
[2024-11-26T01:50:41.785+0000] {processor.py:186} INFO - Started process (PID=121) to work on /opt/airflow/dags/no_use/spotify_playlist_dag.py
[2024-11-26T01:50:41.786+0000] {processor.py:914} INFO - Processing file /opt/airflow/dags/no_use/spotify_playlist_dag.py for tasks to queue
[2024-11-26T01:50:41.787+0000] {logging_mixin.py:190} INFO - [2024-11-26T01:50:41.787+0000] {dagbag.py:588} INFO - Filling up the DagBag from /opt/airflow/dags/no_use/spotify_playlist_dag.py
[2024-11-26T01:50:41.811+0000] {processor.py:925} INFO - DAG(s) 'spotify_etl_dag_playlist' retrieved from /opt/airflow/dags/no_use/spotify_playlist_dag.py
[2024-11-26T01:50:41.820+0000] {logging_mixin.py:190} INFO - [2024-11-26T01:50:41.820+0000] {dag.py:3239} INFO - Sync 1 DAGs
[2024-11-26T01:50:41.829+0000] {logging_mixin.py:190} INFO - [2024-11-26T01:50:41.829+0000] {dag.py:4180} INFO - Setting next_dagrun for spotify_etl_dag_playlist to 2023-11-22 00:00:00+00:00, run_after=2023-11-23 00:00:00+00:00
[2024-11-26T01:50:41.837+0000] {processor.py:208} INFO - Processing /opt/airflow/dags/no_use/spotify_playlist_dag.py took 0.054 seconds
[2024-11-26T01:51:12.092+0000] {processor.py:186} INFO - Started process (PID=137) to work on /opt/airflow/dags/no_use/spotify_playlist_dag.py
[2024-11-26T01:51:12.093+0000] {processor.py:914} INFO - Processing file /opt/airflow/dags/no_use/spotify_playlist_dag.py for tasks to queue
[2024-11-26T01:51:12.094+0000] {logging_mixin.py:190} INFO - [2024-11-26T01:51:12.094+0000] {dagbag.py:588} INFO - Filling up the DagBag from /opt/airflow/dags/no_use/spotify_playlist_dag.py
[2024-11-26T01:51:12.117+0000] {processor.py:925} INFO - DAG(s) 'spotify_etl_dag_playlist' retrieved from /opt/airflow/dags/no_use/spotify_playlist_dag.py
[2024-11-26T01:51:12.126+0000] {logging_mixin.py:190} INFO - [2024-11-26T01:51:12.126+0000] {dag.py:3239} INFO - Sync 1 DAGs
[2024-11-26T01:51:12.133+0000] {logging_mixin.py:190} INFO - [2024-11-26T01:51:12.133+0000] {dag.py:4180} INFO - Setting next_dagrun for spotify_etl_dag_playlist to 2023-11-22 00:00:00+00:00, run_after=2023-11-23 00:00:00+00:00
[2024-11-26T01:51:12.138+0000] {processor.py:208} INFO - Processing /opt/airflow/dags/no_use/spotify_playlist_dag.py took 0.049 seconds
[2024-11-26T01:51:42.537+0000] {processor.py:186} INFO - Started process (PID=155) to work on /opt/airflow/dags/no_use/spotify_playlist_dag.py
[2024-11-26T01:51:42.538+0000] {processor.py:914} INFO - Processing file /opt/airflow/dags/no_use/spotify_playlist_dag.py for tasks to queue
[2024-11-26T01:51:42.539+0000] {logging_mixin.py:190} INFO - [2024-11-26T01:51:42.539+0000] {dagbag.py:588} INFO - Filling up the DagBag from /opt/airflow/dags/no_use/spotify_playlist_dag.py
[2024-11-26T01:51:42.564+0000] {processor.py:925} INFO - DAG(s) 'spotify_etl_dag_playlist' retrieved from /opt/airflow/dags/no_use/spotify_playlist_dag.py
[2024-11-26T01:51:42.575+0000] {logging_mixin.py:190} INFO - [2024-11-26T01:51:42.575+0000] {dag.py:3239} INFO - Sync 1 DAGs
[2024-11-26T01:51:42.585+0000] {logging_mixin.py:190} INFO - [2024-11-26T01:51:42.585+0000] {dag.py:4180} INFO - Setting next_dagrun for spotify_etl_dag_playlist to 2023-11-22 00:00:00+00:00, run_after=2023-11-23 00:00:00+00:00
[2024-11-26T01:51:42.594+0000] {processor.py:208} INFO - Processing /opt/airflow/dags/no_use/spotify_playlist_dag.py took 0.060 seconds
[2024-11-26T01:52:13.017+0000] {processor.py:186} INFO - Started process (PID=174) to work on /opt/airflow/dags/no_use/spotify_playlist_dag.py
[2024-11-26T01:52:13.018+0000] {processor.py:914} INFO - Processing file /opt/airflow/dags/no_use/spotify_playlist_dag.py for tasks to queue
[2024-11-26T01:52:13.019+0000] {logging_mixin.py:190} INFO - [2024-11-26T01:52:13.019+0000] {dagbag.py:588} INFO - Filling up the DagBag from /opt/airflow/dags/no_use/spotify_playlist_dag.py
[2024-11-26T01:52:13.055+0000] {processor.py:925} INFO - DAG(s) 'spotify_etl_dag_playlist' retrieved from /opt/airflow/dags/no_use/spotify_playlist_dag.py
[2024-11-26T01:52:13.068+0000] {logging_mixin.py:190} INFO - [2024-11-26T01:52:13.068+0000] {dag.py:3239} INFO - Sync 1 DAGs
[2024-11-26T01:52:13.082+0000] {logging_mixin.py:190} INFO - [2024-11-26T01:52:13.082+0000] {dag.py:4180} INFO - Setting next_dagrun for spotify_etl_dag_playlist to 2023-11-22 00:00:00+00:00, run_after=2023-11-23 00:00:00+00:00
[2024-11-26T01:52:13.091+0000] {processor.py:208} INFO - Processing /opt/airflow/dags/no_use/spotify_playlist_dag.py took 0.077 seconds
[2024-11-26T01:52:43.392+0000] {processor.py:186} INFO - Started process (PID=198) to work on /opt/airflow/dags/no_use/spotify_playlist_dag.py
[2024-11-26T01:52:43.393+0000] {processor.py:914} INFO - Processing file /opt/airflow/dags/no_use/spotify_playlist_dag.py for tasks to queue
[2024-11-26T01:52:43.394+0000] {logging_mixin.py:190} INFO - [2024-11-26T01:52:43.394+0000] {dagbag.py:588} INFO - Filling up the DagBag from /opt/airflow/dags/no_use/spotify_playlist_dag.py
[2024-11-26T01:52:43.428+0000] {processor.py:925} INFO - DAG(s) 'spotify_etl_dag_playlist' retrieved from /opt/airflow/dags/no_use/spotify_playlist_dag.py
[2024-11-26T01:52:43.444+0000] {logging_mixin.py:190} INFO - [2024-11-26T01:52:43.444+0000] {dag.py:3239} INFO - Sync 1 DAGs
[2024-11-26T01:52:43.457+0000] {logging_mixin.py:190} INFO - [2024-11-26T01:52:43.457+0000] {dag.py:4180} INFO - Setting next_dagrun for spotify_etl_dag_playlist to 2023-11-22 00:00:00+00:00, run_after=2023-11-23 00:00:00+00:00
[2024-11-26T01:52:43.463+0000] {processor.py:208} INFO - Processing /opt/airflow/dags/no_use/spotify_playlist_dag.py took 0.074 seconds
[2024-11-26T01:53:13.824+0000] {processor.py:186} INFO - Started process (PID=224) to work on /opt/airflow/dags/no_use/spotify_playlist_dag.py
[2024-11-26T01:53:13.824+0000] {processor.py:914} INFO - Processing file /opt/airflow/dags/no_use/spotify_playlist_dag.py for tasks to queue
[2024-11-26T01:53:13.825+0000] {logging_mixin.py:190} INFO - [2024-11-26T01:53:13.825+0000] {dagbag.py:588} INFO - Filling up the DagBag from /opt/airflow/dags/no_use/spotify_playlist_dag.py
[2024-11-26T01:53:13.848+0000] {processor.py:925} INFO - DAG(s) 'spotify_etl_dag_playlist' retrieved from /opt/airflow/dags/no_use/spotify_playlist_dag.py
[2024-11-26T01:53:13.857+0000] {logging_mixin.py:190} INFO - [2024-11-26T01:53:13.857+0000] {dag.py:3239} INFO - Sync 1 DAGs
[2024-11-26T01:53:13.865+0000] {logging_mixin.py:190} INFO - [2024-11-26T01:53:13.865+0000] {dag.py:4180} INFO - Setting next_dagrun for spotify_etl_dag_playlist to 2023-11-22 00:00:00+00:00, run_after=2023-11-23 00:00:00+00:00
[2024-11-26T01:53:13.871+0000] {processor.py:208} INFO - Processing /opt/airflow/dags/no_use/spotify_playlist_dag.py took 0.049 seconds
[2024-11-26T01:53:44.212+0000] {processor.py:186} INFO - Started process (PID=244) to work on /opt/airflow/dags/no_use/spotify_playlist_dag.py
[2024-11-26T01:53:44.213+0000] {processor.py:914} INFO - Processing file /opt/airflow/dags/no_use/spotify_playlist_dag.py for tasks to queue
[2024-11-26T01:53:44.214+0000] {logging_mixin.py:190} INFO - [2024-11-26T01:53:44.213+0000] {dagbag.py:588} INFO - Filling up the DagBag from /opt/airflow/dags/no_use/spotify_playlist_dag.py
[2024-11-26T01:53:44.237+0000] {processor.py:925} INFO - DAG(s) 'spotify_etl_dag_playlist' retrieved from /opt/airflow/dags/no_use/spotify_playlist_dag.py
[2024-11-26T01:53:44.249+0000] {logging_mixin.py:190} INFO - [2024-11-26T01:53:44.248+0000] {dag.py:3239} INFO - Sync 1 DAGs
[2024-11-26T01:53:44.257+0000] {logging_mixin.py:190} INFO - [2024-11-26T01:53:44.257+0000] {dag.py:4180} INFO - Setting next_dagrun for spotify_etl_dag_playlist to 2023-11-22 00:00:00+00:00, run_after=2023-11-23 00:00:00+00:00
[2024-11-26T01:53:44.263+0000] {processor.py:208} INFO - Processing /opt/airflow/dags/no_use/spotify_playlist_dag.py took 0.054 seconds
[2024-11-26T01:54:14.351+0000] {processor.py:186} INFO - Started process (PID=264) to work on /opt/airflow/dags/no_use/spotify_playlist_dag.py
[2024-11-26T01:54:14.352+0000] {processor.py:914} INFO - Processing file /opt/airflow/dags/no_use/spotify_playlist_dag.py for tasks to queue
[2024-11-26T01:54:14.354+0000] {logging_mixin.py:190} INFO - [2024-11-26T01:54:14.354+0000] {dagbag.py:588} INFO - Filling up the DagBag from /opt/airflow/dags/no_use/spotify_playlist_dag.py
[2024-11-26T01:54:14.389+0000] {processor.py:925} INFO - DAG(s) 'spotify_etl_dag_playlist' retrieved from /opt/airflow/dags/no_use/spotify_playlist_dag.py
[2024-11-26T01:54:14.401+0000] {logging_mixin.py:190} INFO - [2024-11-26T01:54:14.401+0000] {dag.py:3239} INFO - Sync 1 DAGs
[2024-11-26T01:54:14.410+0000] {logging_mixin.py:190} INFO - [2024-11-26T01:54:14.410+0000] {dag.py:4180} INFO - Setting next_dagrun for spotify_etl_dag_playlist to 2023-11-22 00:00:00+00:00, run_after=2023-11-23 00:00:00+00:00
[2024-11-26T01:54:14.417+0000] {processor.py:208} INFO - Processing /opt/airflow/dags/no_use/spotify_playlist_dag.py took 0.070 seconds
[2024-11-26T01:54:44.733+0000] {processor.py:186} INFO - Started process (PID=291) to work on /opt/airflow/dags/no_use/spotify_playlist_dag.py
[2024-11-26T01:54:44.735+0000] {processor.py:914} INFO - Processing file /opt/airflow/dags/no_use/spotify_playlist_dag.py for tasks to queue
[2024-11-26T01:54:44.738+0000] {logging_mixin.py:190} INFO - [2024-11-26T01:54:44.738+0000] {dagbag.py:588} INFO - Filling up the DagBag from /opt/airflow/dags/no_use/spotify_playlist_dag.py
[2024-11-26T01:54:44.775+0000] {processor.py:925} INFO - DAG(s) 'spotify_etl_dag_playlist' retrieved from /opt/airflow/dags/no_use/spotify_playlist_dag.py
[2024-11-26T01:54:44.789+0000] {logging_mixin.py:190} INFO - [2024-11-26T01:54:44.789+0000] {dag.py:3239} INFO - Sync 1 DAGs
[2024-11-26T01:54:44.799+0000] {logging_mixin.py:190} INFO - [2024-11-26T01:54:44.799+0000] {dag.py:4180} INFO - Setting next_dagrun for spotify_etl_dag_playlist to 2023-11-22 00:00:00+00:00, run_after=2023-11-23 00:00:00+00:00
[2024-11-26T01:54:44.806+0000] {processor.py:208} INFO - Processing /opt/airflow/dags/no_use/spotify_playlist_dag.py took 0.079 seconds
[2024-11-26T01:55:15.011+0000] {processor.py:186} INFO - Started process (PID=312) to work on /opt/airflow/dags/no_use/spotify_playlist_dag.py
[2024-11-26T01:55:15.013+0000] {processor.py:914} INFO - Processing file /opt/airflow/dags/no_use/spotify_playlist_dag.py for tasks to queue
[2024-11-26T01:55:15.016+0000] {logging_mixin.py:190} INFO - [2024-11-26T01:55:15.016+0000] {dagbag.py:588} INFO - Filling up the DagBag from /opt/airflow/dags/no_use/spotify_playlist_dag.py
[2024-11-26T01:55:15.065+0000] {processor.py:925} INFO - DAG(s) 'spotify_etl_dag_playlist' retrieved from /opt/airflow/dags/no_use/spotify_playlist_dag.py
[2024-11-26T01:55:15.091+0000] {logging_mixin.py:190} INFO - [2024-11-26T01:55:15.091+0000] {dag.py:3239} INFO - Sync 1 DAGs
[2024-11-26T01:55:15.113+0000] {logging_mixin.py:190} INFO - [2024-11-26T01:55:15.113+0000] {dag.py:4180} INFO - Setting next_dagrun for spotify_etl_dag_playlist to 2023-11-22 00:00:00+00:00, run_after=2023-11-23 00:00:00+00:00
[2024-11-26T01:55:15.121+0000] {processor.py:208} INFO - Processing /opt/airflow/dags/no_use/spotify_playlist_dag.py took 0.119 seconds
[2024-11-26T01:55:45.621+0000] {processor.py:186} INFO - Started process (PID=341) to work on /opt/airflow/dags/no_use/spotify_playlist_dag.py
[2024-11-26T01:55:45.623+0000] {processor.py:914} INFO - Processing file /opt/airflow/dags/no_use/spotify_playlist_dag.py for tasks to queue
[2024-11-26T01:55:45.625+0000] {logging_mixin.py:190} INFO - [2024-11-26T01:55:45.625+0000] {dagbag.py:588} INFO - Filling up the DagBag from /opt/airflow/dags/no_use/spotify_playlist_dag.py
[2024-11-26T01:55:45.663+0000] {processor.py:925} INFO - DAG(s) 'spotify_etl_dag_playlist' retrieved from /opt/airflow/dags/no_use/spotify_playlist_dag.py
[2024-11-26T01:55:45.675+0000] {logging_mixin.py:190} INFO - [2024-11-26T01:55:45.675+0000] {dag.py:3239} INFO - Sync 1 DAGs
[2024-11-26T01:55:45.685+0000] {logging_mixin.py:190} INFO - [2024-11-26T01:55:45.685+0000] {dag.py:4180} INFO - Setting next_dagrun for spotify_etl_dag_playlist to 2023-11-22 00:00:00+00:00, run_after=2023-11-23 00:00:00+00:00
[2024-11-26T01:55:45.692+0000] {processor.py:208} INFO - Processing /opt/airflow/dags/no_use/spotify_playlist_dag.py took 0.078 seconds
[2024-11-26T01:56:15.783+0000] {processor.py:186} INFO - Started process (PID=368) to work on /opt/airflow/dags/no_use/spotify_playlist_dag.py
[2024-11-26T01:56:15.785+0000] {processor.py:914} INFO - Processing file /opt/airflow/dags/no_use/spotify_playlist_dag.py for tasks to queue
[2024-11-26T01:56:15.787+0000] {logging_mixin.py:190} INFO - [2024-11-26T01:56:15.787+0000] {dagbag.py:588} INFO - Filling up the DagBag from /opt/airflow/dags/no_use/spotify_playlist_dag.py
[2024-11-26T01:56:15.822+0000] {processor.py:925} INFO - DAG(s) 'spotify_etl_dag_playlist' retrieved from /opt/airflow/dags/no_use/spotify_playlist_dag.py
[2024-11-26T01:56:15.835+0000] {logging_mixin.py:190} INFO - [2024-11-26T01:56:15.835+0000] {dag.py:3239} INFO - Sync 1 DAGs
[2024-11-26T01:56:15.845+0000] {logging_mixin.py:190} INFO - [2024-11-26T01:56:15.845+0000] {dag.py:4180} INFO - Setting next_dagrun for spotify_etl_dag_playlist to 2023-11-22 00:00:00+00:00, run_after=2023-11-23 00:00:00+00:00
[2024-11-26T01:56:15.852+0000] {processor.py:208} INFO - Processing /opt/airflow/dags/no_use/spotify_playlist_dag.py took 0.076 seconds
[2024-11-26T01:56:45.922+0000] {processor.py:186} INFO - Started process (PID=389) to work on /opt/airflow/dags/no_use/spotify_playlist_dag.py
[2024-11-26T01:56:45.923+0000] {processor.py:914} INFO - Processing file /opt/airflow/dags/no_use/spotify_playlist_dag.py for tasks to queue
[2024-11-26T01:56:45.924+0000] {logging_mixin.py:190} INFO - [2024-11-26T01:56:45.924+0000] {dagbag.py:588} INFO - Filling up the DagBag from /opt/airflow/dags/no_use/spotify_playlist_dag.py
[2024-11-26T01:56:45.950+0000] {processor.py:925} INFO - DAG(s) 'spotify_etl_dag_playlist' retrieved from /opt/airflow/dags/no_use/spotify_playlist_dag.py
[2024-11-26T01:56:45.963+0000] {logging_mixin.py:190} INFO - [2024-11-26T01:56:45.963+0000] {dag.py:3239} INFO - Sync 1 DAGs
[2024-11-26T01:56:45.972+0000] {logging_mixin.py:190} INFO - [2024-11-26T01:56:45.972+0000] {dag.py:4180} INFO - Setting next_dagrun for spotify_etl_dag_playlist to 2023-11-22 00:00:00+00:00, run_after=2023-11-23 00:00:00+00:00
[2024-11-26T01:56:45.980+0000] {processor.py:208} INFO - Processing /opt/airflow/dags/no_use/spotify_playlist_dag.py took 0.061 seconds
[2024-11-26T01:57:16.223+0000] {processor.py:186} INFO - Started process (PID=416) to work on /opt/airflow/dags/no_use/spotify_playlist_dag.py
[2024-11-26T01:57:16.224+0000] {processor.py:914} INFO - Processing file /opt/airflow/dags/no_use/spotify_playlist_dag.py for tasks to queue
[2024-11-26T01:57:16.227+0000] {logging_mixin.py:190} INFO - [2024-11-26T01:57:16.226+0000] {dagbag.py:588} INFO - Filling up the DagBag from /opt/airflow/dags/no_use/spotify_playlist_dag.py
[2024-11-26T01:57:16.269+0000] {processor.py:925} INFO - DAG(s) 'spotify_etl_dag_playlist' retrieved from /opt/airflow/dags/no_use/spotify_playlist_dag.py
[2024-11-26T01:57:16.283+0000] {logging_mixin.py:190} INFO - [2024-11-26T01:57:16.283+0000] {dag.py:3239} INFO - Sync 1 DAGs
[2024-11-26T01:57:16.296+0000] {logging_mixin.py:190} INFO - [2024-11-26T01:57:16.295+0000] {dag.py:4180} INFO - Setting next_dagrun for spotify_etl_dag_playlist to 2023-11-22 00:00:00+00:00, run_after=2023-11-23 00:00:00+00:00
[2024-11-26T01:57:16.303+0000] {processor.py:208} INFO - Processing /opt/airflow/dags/no_use/spotify_playlist_dag.py took 0.087 seconds
[2024-11-26T01:57:46.881+0000] {processor.py:186} INFO - Started process (PID=435) to work on /opt/airflow/dags/no_use/spotify_playlist_dag.py
[2024-11-26T01:57:46.883+0000] {processor.py:914} INFO - Processing file /opt/airflow/dags/no_use/spotify_playlist_dag.py for tasks to queue
[2024-11-26T01:57:46.885+0000] {logging_mixin.py:190} INFO - [2024-11-26T01:57:46.884+0000] {dagbag.py:588} INFO - Filling up the DagBag from /opt/airflow/dags/no_use/spotify_playlist_dag.py
[2024-11-26T01:57:46.923+0000] {processor.py:925} INFO - DAG(s) 'spotify_etl_dag_playlist' retrieved from /opt/airflow/dags/no_use/spotify_playlist_dag.py
[2024-11-26T01:57:46.937+0000] {logging_mixin.py:190} INFO - [2024-11-26T01:57:46.937+0000] {dag.py:3239} INFO - Sync 1 DAGs
[2024-11-26T01:57:46.950+0000] {logging_mixin.py:190} INFO - [2024-11-26T01:57:46.950+0000] {dag.py:4180} INFO - Setting next_dagrun for spotify_etl_dag_playlist to 2023-11-22 00:00:00+00:00, run_after=2023-11-23 00:00:00+00:00
[2024-11-26T01:57:46.957+0000] {processor.py:208} INFO - Processing /opt/airflow/dags/no_use/spotify_playlist_dag.py took 0.081 seconds
[2024-11-26T01:58:17.234+0000] {processor.py:186} INFO - Started process (PID=463) to work on /opt/airflow/dags/no_use/spotify_playlist_dag.py
[2024-11-26T01:58:17.236+0000] {processor.py:914} INFO - Processing file /opt/airflow/dags/no_use/spotify_playlist_dag.py for tasks to queue
[2024-11-26T01:58:17.239+0000] {logging_mixin.py:190} INFO - [2024-11-26T01:58:17.238+0000] {dagbag.py:588} INFO - Filling up the DagBag from /opt/airflow/dags/no_use/spotify_playlist_dag.py
[2024-11-26T01:58:17.293+0000] {processor.py:925} INFO - DAG(s) 'spotify_etl_dag_playlist' retrieved from /opt/airflow/dags/no_use/spotify_playlist_dag.py
[2024-11-26T01:58:17.316+0000] {logging_mixin.py:190} INFO - [2024-11-26T01:58:17.316+0000] {dag.py:3239} INFO - Sync 1 DAGs
[2024-11-26T01:58:17.331+0000] {logging_mixin.py:190} INFO - [2024-11-26T01:58:17.331+0000] {dag.py:4180} INFO - Setting next_dagrun for spotify_etl_dag_playlist to 2023-11-22 00:00:00+00:00, run_after=2023-11-23 00:00:00+00:00
[2024-11-26T01:58:17.340+0000] {processor.py:208} INFO - Processing /opt/airflow/dags/no_use/spotify_playlist_dag.py took 0.112 seconds
[2024-11-26T01:58:47.669+0000] {processor.py:186} INFO - Started process (PID=491) to work on /opt/airflow/dags/no_use/spotify_playlist_dag.py
[2024-11-26T01:58:47.670+0000] {processor.py:914} INFO - Processing file /opt/airflow/dags/no_use/spotify_playlist_dag.py for tasks to queue
[2024-11-26T01:58:47.672+0000] {logging_mixin.py:190} INFO - [2024-11-26T01:58:47.672+0000] {dagbag.py:588} INFO - Filling up the DagBag from /opt/airflow/dags/no_use/spotify_playlist_dag.py
[2024-11-26T01:58:47.713+0000] {processor.py:925} INFO - DAG(s) 'spotify_etl_dag_playlist' retrieved from /opt/airflow/dags/no_use/spotify_playlist_dag.py
[2024-11-26T01:58:47.727+0000] {logging_mixin.py:190} INFO - [2024-11-26T01:58:47.727+0000] {dag.py:3239} INFO - Sync 1 DAGs
[2024-11-26T01:58:47.740+0000] {logging_mixin.py:190} INFO - [2024-11-26T01:58:47.740+0000] {dag.py:4180} INFO - Setting next_dagrun for spotify_etl_dag_playlist to 2023-11-22 00:00:00+00:00, run_after=2023-11-23 00:00:00+00:00
[2024-11-26T01:58:47.748+0000] {processor.py:208} INFO - Processing /opt/airflow/dags/no_use/spotify_playlist_dag.py took 0.084 seconds
[2024-11-26T01:59:18.777+0000] {processor.py:186} INFO - Started process (PID=509) to work on /opt/airflow/dags/no_use/spotify_playlist_dag.py
[2024-11-26T01:59:18.780+0000] {processor.py:914} INFO - Processing file /opt/airflow/dags/no_use/spotify_playlist_dag.py for tasks to queue
[2024-11-26T01:59:18.783+0000] {logging_mixin.py:190} INFO - [2024-11-26T01:59:18.783+0000] {dagbag.py:588} INFO - Filling up the DagBag from /opt/airflow/dags/no_use/spotify_playlist_dag.py
[2024-11-26T01:59:18.866+0000] {processor.py:925} INFO - DAG(s) 'spotify_etl_dag_playlist' retrieved from /opt/airflow/dags/no_use/spotify_playlist_dag.py
[2024-11-26T01:59:18.893+0000] {logging_mixin.py:190} INFO - [2024-11-26T01:59:18.893+0000] {dag.py:3239} INFO - Sync 1 DAGs
[2024-11-26T01:59:18.913+0000] {logging_mixin.py:190} INFO - [2024-11-26T01:59:18.913+0000] {dag.py:4180} INFO - Setting next_dagrun for spotify_etl_dag_playlist to 2023-11-22 00:00:00+00:00, run_after=2023-11-23 00:00:00+00:00
[2024-11-26T01:59:18.925+0000] {processor.py:208} INFO - Processing /opt/airflow/dags/no_use/spotify_playlist_dag.py took 0.157 seconds
[2024-11-26T01:59:49.494+0000] {processor.py:186} INFO - Started process (PID=529) to work on /opt/airflow/dags/no_use/spotify_playlist_dag.py
[2024-11-26T01:59:49.496+0000] {processor.py:914} INFO - Processing file /opt/airflow/dags/no_use/spotify_playlist_dag.py for tasks to queue
[2024-11-26T01:59:49.497+0000] {logging_mixin.py:190} INFO - [2024-11-26T01:59:49.497+0000] {dagbag.py:588} INFO - Filling up the DagBag from /opt/airflow/dags/no_use/spotify_playlist_dag.py
[2024-11-26T01:59:49.533+0000] {processor.py:925} INFO - DAG(s) 'spotify_etl_dag_playlist' retrieved from /opt/airflow/dags/no_use/spotify_playlist_dag.py
[2024-11-26T01:59:49.549+0000] {logging_mixin.py:190} INFO - [2024-11-26T01:59:49.549+0000] {dag.py:3239} INFO - Sync 1 DAGs
[2024-11-26T01:59:49.560+0000] {logging_mixin.py:190} INFO - [2024-11-26T01:59:49.560+0000] {dag.py:4180} INFO - Setting next_dagrun for spotify_etl_dag_playlist to 2023-11-22 00:00:00+00:00, run_after=2023-11-23 00:00:00+00:00
[2024-11-26T01:59:49.568+0000] {processor.py:208} INFO - Processing /opt/airflow/dags/no_use/spotify_playlist_dag.py took 0.080 seconds
[2024-11-26T02:00:20.067+0000] {processor.py:186} INFO - Started process (PID=548) to work on /opt/airflow/dags/no_use/spotify_playlist_dag.py
[2024-11-26T02:00:20.069+0000] {processor.py:914} INFO - Processing file /opt/airflow/dags/no_use/spotify_playlist_dag.py for tasks to queue
[2024-11-26T02:00:20.070+0000] {logging_mixin.py:190} INFO - [2024-11-26T02:00:20.070+0000] {dagbag.py:588} INFO - Filling up the DagBag from /opt/airflow/dags/no_use/spotify_playlist_dag.py
[2024-11-26T02:00:20.109+0000] {processor.py:925} INFO - DAG(s) 'spotify_etl_dag_playlist' retrieved from /opt/airflow/dags/no_use/spotify_playlist_dag.py
[2024-11-26T02:00:20.130+0000] {logging_mixin.py:190} INFO - [2024-11-26T02:00:20.129+0000] {dag.py:3239} INFO - Sync 1 DAGs
[2024-11-26T02:00:20.145+0000] {logging_mixin.py:190} INFO - [2024-11-26T02:00:20.145+0000] {dag.py:4180} INFO - Setting next_dagrun for spotify_etl_dag_playlist to 2023-11-22 00:00:00+00:00, run_after=2023-11-23 00:00:00+00:00
[2024-11-26T02:00:20.152+0000] {processor.py:208} INFO - Processing /opt/airflow/dags/no_use/spotify_playlist_dag.py took 0.090 seconds
[2024-11-26T02:00:50.687+0000] {processor.py:186} INFO - Started process (PID=568) to work on /opt/airflow/dags/no_use/spotify_playlist_dag.py
[2024-11-26T02:00:50.688+0000] {processor.py:914} INFO - Processing file /opt/airflow/dags/no_use/spotify_playlist_dag.py for tasks to queue
[2024-11-26T02:00:50.689+0000] {logging_mixin.py:190} INFO - [2024-11-26T02:00:50.688+0000] {dagbag.py:588} INFO - Filling up the DagBag from /opt/airflow/dags/no_use/spotify_playlist_dag.py
[2024-11-26T02:00:50.734+0000] {processor.py:925} INFO - DAG(s) 'spotify_etl_dag_playlist' retrieved from /opt/airflow/dags/no_use/spotify_playlist_dag.py
[2024-11-26T02:00:50.747+0000] {logging_mixin.py:190} INFO - [2024-11-26T02:00:50.747+0000] {dag.py:3239} INFO - Sync 1 DAGs
[2024-11-26T02:00:50.760+0000] {logging_mixin.py:190} INFO - [2024-11-26T02:00:50.759+0000] {dag.py:4180} INFO - Setting next_dagrun for spotify_etl_dag_playlist to 2023-11-22 00:00:00+00:00, run_after=2023-11-23 00:00:00+00:00
[2024-11-26T02:00:50.768+0000] {processor.py:208} INFO - Processing /opt/airflow/dags/no_use/spotify_playlist_dag.py took 0.087 seconds
[2024-11-26T02:01:20.886+0000] {processor.py:186} INFO - Started process (PID=596) to work on /opt/airflow/dags/no_use/spotify_playlist_dag.py
[2024-11-26T02:01:20.888+0000] {processor.py:914} INFO - Processing file /opt/airflow/dags/no_use/spotify_playlist_dag.py for tasks to queue
[2024-11-26T02:01:20.889+0000] {logging_mixin.py:190} INFO - [2024-11-26T02:01:20.888+0000] {dagbag.py:588} INFO - Filling up the DagBag from /opt/airflow/dags/no_use/spotify_playlist_dag.py
[2024-11-26T02:01:20.928+0000] {processor.py:925} INFO - DAG(s) 'spotify_etl_dag_playlist' retrieved from /opt/airflow/dags/no_use/spotify_playlist_dag.py
[2024-11-26T02:01:20.942+0000] {logging_mixin.py:190} INFO - [2024-11-26T02:01:20.942+0000] {dag.py:3239} INFO - Sync 1 DAGs
[2024-11-26T02:01:20.953+0000] {logging_mixin.py:190} INFO - [2024-11-26T02:01:20.953+0000] {dag.py:4180} INFO - Setting next_dagrun for spotify_etl_dag_playlist to 2023-11-22 00:00:00+00:00, run_after=2023-11-23 00:00:00+00:00
[2024-11-26T02:01:20.960+0000] {processor.py:208} INFO - Processing /opt/airflow/dags/no_use/spotify_playlist_dag.py took 0.080 seconds
[2024-11-26T02:01:51.299+0000] {processor.py:186} INFO - Started process (PID=623) to work on /opt/airflow/dags/no_use/spotify_playlist_dag.py
[2024-11-26T02:01:51.301+0000] {processor.py:914} INFO - Processing file /opt/airflow/dags/no_use/spotify_playlist_dag.py for tasks to queue
[2024-11-26T02:01:51.302+0000] {logging_mixin.py:190} INFO - [2024-11-26T02:01:51.302+0000] {dagbag.py:588} INFO - Filling up the DagBag from /opt/airflow/dags/no_use/spotify_playlist_dag.py
[2024-11-26T02:01:51.363+0000] {processor.py:925} INFO - DAG(s) 'spotify_etl_dag_playlist' retrieved from /opt/airflow/dags/no_use/spotify_playlist_dag.py
[2024-11-26T02:01:51.381+0000] {logging_mixin.py:190} INFO - [2024-11-26T02:01:51.380+0000] {dag.py:3239} INFO - Sync 1 DAGs
[2024-11-26T02:01:51.395+0000] {logging_mixin.py:190} INFO - [2024-11-26T02:01:51.395+0000] {dag.py:4180} INFO - Setting next_dagrun for spotify_etl_dag_playlist to 2023-11-22 00:00:00+00:00, run_after=2023-11-23 00:00:00+00:00
[2024-11-26T02:01:51.403+0000] {processor.py:208} INFO - Processing /opt/airflow/dags/no_use/spotify_playlist_dag.py took 0.109 seconds
[2024-11-26T02:02:21.578+0000] {processor.py:186} INFO - Started process (PID=641) to work on /opt/airflow/dags/no_use/spotify_playlist_dag.py
[2024-11-26T02:02:21.583+0000] {processor.py:914} INFO - Processing file /opt/airflow/dags/no_use/spotify_playlist_dag.py for tasks to queue
[2024-11-26T02:02:21.584+0000] {logging_mixin.py:190} INFO - [2024-11-26T02:02:21.584+0000] {dagbag.py:588} INFO - Filling up the DagBag from /opt/airflow/dags/no_use/spotify_playlist_dag.py
[2024-11-26T02:02:21.630+0000] {processor.py:925} INFO - DAG(s) 'spotify_etl_dag_playlist' retrieved from /opt/airflow/dags/no_use/spotify_playlist_dag.py
[2024-11-26T02:02:21.674+0000] {logging_mixin.py:190} INFO - [2024-11-26T02:02:21.674+0000] {dag.py:3239} INFO - Sync 1 DAGs
[2024-11-26T02:02:21.691+0000] {logging_mixin.py:190} INFO - [2024-11-26T02:02:21.691+0000] {dag.py:4180} INFO - Setting next_dagrun for spotify_etl_dag_playlist to 2023-11-22 00:00:00+00:00, run_after=2023-11-23 00:00:00+00:00
[2024-11-26T02:02:21.700+0000] {processor.py:208} INFO - Processing /opt/airflow/dags/no_use/spotify_playlist_dag.py took 0.139 seconds
[2024-11-26T02:02:51.872+0000] {processor.py:186} INFO - Started process (PID=659) to work on /opt/airflow/dags/no_use/spotify_playlist_dag.py
[2024-11-26T02:02:51.872+0000] {processor.py:914} INFO - Processing file /opt/airflow/dags/no_use/spotify_playlist_dag.py for tasks to queue
[2024-11-26T02:02:51.873+0000] {logging_mixin.py:190} INFO - [2024-11-26T02:02:51.873+0000] {dagbag.py:588} INFO - Filling up the DagBag from /opt/airflow/dags/no_use/spotify_playlist_dag.py
[2024-11-26T02:02:51.912+0000] {processor.py:925} INFO - DAG(s) 'spotify_etl_dag_playlist' retrieved from /opt/airflow/dags/no_use/spotify_playlist_dag.py
[2024-11-26T02:02:51.929+0000] {logging_mixin.py:190} INFO - [2024-11-26T02:02:51.929+0000] {dag.py:3239} INFO - Sync 1 DAGs
[2024-11-26T02:02:51.941+0000] {logging_mixin.py:190} INFO - [2024-11-26T02:02:51.941+0000] {dag.py:4180} INFO - Setting next_dagrun for spotify_etl_dag_playlist to 2023-11-22 00:00:00+00:00, run_after=2023-11-23 00:00:00+00:00
[2024-11-26T02:02:51.949+0000] {processor.py:208} INFO - Processing /opt/airflow/dags/no_use/spotify_playlist_dag.py took 0.081 seconds
[2024-11-26T02:03:22.111+0000] {processor.py:186} INFO - Started process (PID=677) to work on /opt/airflow/dags/no_use/spotify_playlist_dag.py
[2024-11-26T02:03:22.113+0000] {processor.py:914} INFO - Processing file /opt/airflow/dags/no_use/spotify_playlist_dag.py for tasks to queue
[2024-11-26T02:03:22.114+0000] {logging_mixin.py:190} INFO - [2024-11-26T02:03:22.114+0000] {dagbag.py:588} INFO - Filling up the DagBag from /opt/airflow/dags/no_use/spotify_playlist_dag.py
[2024-11-26T02:03:22.158+0000] {processor.py:925} INFO - DAG(s) 'spotify_etl_dag_playlist' retrieved from /opt/airflow/dags/no_use/spotify_playlist_dag.py
[2024-11-26T02:03:22.178+0000] {logging_mixin.py:190} INFO - [2024-11-26T02:03:22.178+0000] {dag.py:3239} INFO - Sync 1 DAGs
[2024-11-26T02:03:22.192+0000] {logging_mixin.py:190} INFO - [2024-11-26T02:03:22.192+0000] {dag.py:4180} INFO - Setting next_dagrun for spotify_etl_dag_playlist to 2023-11-22 00:00:00+00:00, run_after=2023-11-23 00:00:00+00:00
[2024-11-26T02:03:22.199+0000] {processor.py:208} INFO - Processing /opt/airflow/dags/no_use/spotify_playlist_dag.py took 0.095 seconds
[2024-11-26T02:03:52.238+0000] {processor.py:186} INFO - Started process (PID=695) to work on /opt/airflow/dags/no_use/spotify_playlist_dag.py
[2024-11-26T02:03:52.240+0000] {processor.py:914} INFO - Processing file /opt/airflow/dags/no_use/spotify_playlist_dag.py for tasks to queue
[2024-11-26T02:03:52.241+0000] {logging_mixin.py:190} INFO - [2024-11-26T02:03:52.241+0000] {dagbag.py:588} INFO - Filling up the DagBag from /opt/airflow/dags/no_use/spotify_playlist_dag.py
[2024-11-26T02:03:52.287+0000] {processor.py:925} INFO - DAG(s) 'spotify_etl_dag_playlist' retrieved from /opt/airflow/dags/no_use/spotify_playlist_dag.py
[2024-11-26T02:03:52.304+0000] {logging_mixin.py:190} INFO - [2024-11-26T02:03:52.304+0000] {dag.py:3239} INFO - Sync 1 DAGs
[2024-11-26T02:03:52.317+0000] {logging_mixin.py:190} INFO - [2024-11-26T02:03:52.317+0000] {dag.py:4180} INFO - Setting next_dagrun for spotify_etl_dag_playlist to 2023-11-22 00:00:00+00:00, run_after=2023-11-23 00:00:00+00:00
[2024-11-26T02:03:52.324+0000] {processor.py:208} INFO - Processing /opt/airflow/dags/no_use/spotify_playlist_dag.py took 0.092 seconds
[2024-11-26T02:04:22.794+0000] {processor.py:186} INFO - Started process (PID=712) to work on /opt/airflow/dags/no_use/spotify_playlist_dag.py
[2024-11-26T02:04:22.795+0000] {processor.py:914} INFO - Processing file /opt/airflow/dags/no_use/spotify_playlist_dag.py for tasks to queue
[2024-11-26T02:04:22.796+0000] {logging_mixin.py:190} INFO - [2024-11-26T02:04:22.796+0000] {dagbag.py:588} INFO - Filling up the DagBag from /opt/airflow/dags/no_use/spotify_playlist_dag.py
[2024-11-26T02:04:22.851+0000] {processor.py:925} INFO - DAG(s) 'spotify_etl_dag_playlist' retrieved from /opt/airflow/dags/no_use/spotify_playlist_dag.py
[2024-11-26T02:04:22.869+0000] {logging_mixin.py:190} INFO - [2024-11-26T02:04:22.869+0000] {dag.py:3239} INFO - Sync 1 DAGs
[2024-11-26T02:04:22.886+0000] {logging_mixin.py:190} INFO - [2024-11-26T02:04:22.886+0000] {dag.py:4180} INFO - Setting next_dagrun for spotify_etl_dag_playlist to 2023-11-22 00:00:00+00:00, run_after=2023-11-23 00:00:00+00:00
[2024-11-26T02:04:22.897+0000] {processor.py:208} INFO - Processing /opt/airflow/dags/no_use/spotify_playlist_dag.py took 0.111 seconds
[2024-11-26T02:04:52.962+0000] {processor.py:186} INFO - Started process (PID=730) to work on /opt/airflow/dags/no_use/spotify_playlist_dag.py
[2024-11-26T02:04:52.963+0000] {processor.py:914} INFO - Processing file /opt/airflow/dags/no_use/spotify_playlist_dag.py for tasks to queue
[2024-11-26T02:04:52.964+0000] {logging_mixin.py:190} INFO - [2024-11-26T02:04:52.964+0000] {dagbag.py:588} INFO - Filling up the DagBag from /opt/airflow/dags/no_use/spotify_playlist_dag.py
[2024-11-26T02:04:53.015+0000] {processor.py:925} INFO - DAG(s) 'spotify_etl_dag_playlist' retrieved from /opt/airflow/dags/no_use/spotify_playlist_dag.py
[2024-11-26T02:04:53.041+0000] {logging_mixin.py:190} INFO - [2024-11-26T02:04:53.041+0000] {dag.py:3239} INFO - Sync 1 DAGs
[2024-11-26T02:04:53.058+0000] {logging_mixin.py:190} INFO - [2024-11-26T02:04:53.058+0000] {dag.py:4180} INFO - Setting next_dagrun for spotify_etl_dag_playlist to 2023-11-22 00:00:00+00:00, run_after=2023-11-23 00:00:00+00:00
[2024-11-26T02:04:53.070+0000] {processor.py:208} INFO - Processing /opt/airflow/dags/no_use/spotify_playlist_dag.py took 0.114 seconds
[2024-11-26T02:05:23.401+0000] {processor.py:186} INFO - Started process (PID=748) to work on /opt/airflow/dags/no_use/spotify_playlist_dag.py
[2024-11-26T02:05:23.403+0000] {processor.py:914} INFO - Processing file /opt/airflow/dags/no_use/spotify_playlist_dag.py for tasks to queue
[2024-11-26T02:05:23.405+0000] {logging_mixin.py:190} INFO - [2024-11-26T02:05:23.404+0000] {dagbag.py:588} INFO - Filling up the DagBag from /opt/airflow/dags/no_use/spotify_playlist_dag.py
[2024-11-26T02:05:23.481+0000] {processor.py:925} INFO - DAG(s) 'spotify_etl_dag_playlist' retrieved from /opt/airflow/dags/no_use/spotify_playlist_dag.py
[2024-11-26T02:05:23.506+0000] {logging_mixin.py:190} INFO - [2024-11-26T02:05:23.506+0000] {dag.py:3239} INFO - Sync 1 DAGs
[2024-11-26T02:05:23.535+0000] {logging_mixin.py:190} INFO - [2024-11-26T02:05:23.535+0000] {dag.py:4180} INFO - Setting next_dagrun for spotify_etl_dag_playlist to 2023-11-22 00:00:00+00:00, run_after=2023-11-23 00:00:00+00:00
[2024-11-26T02:05:23.545+0000] {processor.py:208} INFO - Processing /opt/airflow/dags/no_use/spotify_playlist_dag.py took 0.163 seconds
[2024-11-26T02:05:53.762+0000] {processor.py:186} INFO - Started process (PID=766) to work on /opt/airflow/dags/no_use/spotify_playlist_dag.py
[2024-11-26T02:05:53.766+0000] {processor.py:914} INFO - Processing file /opt/airflow/dags/no_use/spotify_playlist_dag.py for tasks to queue
[2024-11-26T02:05:53.770+0000] {logging_mixin.py:190} INFO - [2024-11-26T02:05:53.769+0000] {dagbag.py:588} INFO - Filling up the DagBag from /opt/airflow/dags/no_use/spotify_playlist_dag.py
[2024-11-26T02:05:53.830+0000] {processor.py:925} INFO - DAG(s) 'spotify_etl_dag_playlist' retrieved from /opt/airflow/dags/no_use/spotify_playlist_dag.py
[2024-11-26T02:05:53.863+0000] {logging_mixin.py:190} INFO - [2024-11-26T02:05:53.862+0000] {dag.py:3239} INFO - Sync 1 DAGs
[2024-11-26T02:05:53.884+0000] {logging_mixin.py:190} INFO - [2024-11-26T02:05:53.884+0000] {dag.py:4180} INFO - Setting next_dagrun for spotify_etl_dag_playlist to 2023-11-22 00:00:00+00:00, run_after=2023-11-23 00:00:00+00:00
[2024-11-26T02:05:53.901+0000] {processor.py:208} INFO - Processing /opt/airflow/dags/no_use/spotify_playlist_dag.py took 0.156 seconds
[2024-11-26T02:06:24.108+0000] {processor.py:186} INFO - Started process (PID=784) to work on /opt/airflow/dags/no_use/spotify_playlist_dag.py
[2024-11-26T02:06:24.108+0000] {processor.py:914} INFO - Processing file /opt/airflow/dags/no_use/spotify_playlist_dag.py for tasks to queue
[2024-11-26T02:06:24.109+0000] {logging_mixin.py:190} INFO - [2024-11-26T02:06:24.109+0000] {dagbag.py:588} INFO - Filling up the DagBag from /opt/airflow/dags/no_use/spotify_playlist_dag.py
[2024-11-26T02:06:24.145+0000] {processor.py:925} INFO - DAG(s) 'spotify_etl_dag_playlist' retrieved from /opt/airflow/dags/no_use/spotify_playlist_dag.py
[2024-11-26T02:06:24.158+0000] {logging_mixin.py:190} INFO - [2024-11-26T02:06:24.158+0000] {dag.py:3239} INFO - Sync 1 DAGs
[2024-11-26T02:06:24.174+0000] {logging_mixin.py:190} INFO - [2024-11-26T02:06:24.174+0000] {dag.py:4180} INFO - Setting next_dagrun for spotify_etl_dag_playlist to 2023-11-22 00:00:00+00:00, run_after=2023-11-23 00:00:00+00:00
[2024-11-26T02:06:24.182+0000] {processor.py:208} INFO - Processing /opt/airflow/dags/no_use/spotify_playlist_dag.py took 0.081 seconds
[2024-11-26T02:06:54.408+0000] {processor.py:186} INFO - Started process (PID=801) to work on /opt/airflow/dags/no_use/spotify_playlist_dag.py
[2024-11-26T02:06:54.409+0000] {processor.py:914} INFO - Processing file /opt/airflow/dags/no_use/spotify_playlist_dag.py for tasks to queue
[2024-11-26T02:06:54.410+0000] {logging_mixin.py:190} INFO - [2024-11-26T02:06:54.410+0000] {dagbag.py:588} INFO - Filling up the DagBag from /opt/airflow/dags/no_use/spotify_playlist_dag.py
[2024-11-26T02:06:54.454+0000] {processor.py:925} INFO - DAG(s) 'spotify_etl_dag_playlist' retrieved from /opt/airflow/dags/no_use/spotify_playlist_dag.py
[2024-11-26T02:06:54.468+0000] {logging_mixin.py:190} INFO - [2024-11-26T02:06:54.468+0000] {dag.py:3239} INFO - Sync 1 DAGs
[2024-11-26T02:06:54.480+0000] {logging_mixin.py:190} INFO - [2024-11-26T02:06:54.480+0000] {dag.py:4180} INFO - Setting next_dagrun for spotify_etl_dag_playlist to 2023-11-22 00:00:00+00:00, run_after=2023-11-23 00:00:00+00:00
[2024-11-26T02:06:54.488+0000] {processor.py:208} INFO - Processing /opt/airflow/dags/no_use/spotify_playlist_dag.py took 0.088 seconds
[2024-11-26T02:07:24.962+0000] {processor.py:186} INFO - Started process (PID=819) to work on /opt/airflow/dags/no_use/spotify_playlist_dag.py
[2024-11-26T02:07:24.963+0000] {processor.py:914} INFO - Processing file /opt/airflow/dags/no_use/spotify_playlist_dag.py for tasks to queue
[2024-11-26T02:07:24.966+0000] {logging_mixin.py:190} INFO - [2024-11-26T02:07:24.966+0000] {dagbag.py:588} INFO - Filling up the DagBag from /opt/airflow/dags/no_use/spotify_playlist_dag.py
[2024-11-26T02:07:25.008+0000] {processor.py:925} INFO - DAG(s) 'spotify_etl_dag_playlist' retrieved from /opt/airflow/dags/no_use/spotify_playlist_dag.py
[2024-11-26T02:07:25.024+0000] {logging_mixin.py:190} INFO - [2024-11-26T02:07:25.024+0000] {dag.py:3239} INFO - Sync 1 DAGs
[2024-11-26T02:07:25.037+0000] {logging_mixin.py:190} INFO - [2024-11-26T02:07:25.037+0000] {dag.py:4180} INFO - Setting next_dagrun for spotify_etl_dag_playlist to 2023-11-22 00:00:00+00:00, run_after=2023-11-23 00:00:00+00:00
[2024-11-26T02:07:25.044+0000] {processor.py:208} INFO - Processing /opt/airflow/dags/no_use/spotify_playlist_dag.py took 0.089 seconds
[2024-11-26T02:07:55.232+0000] {processor.py:186} INFO - Started process (PID=837) to work on /opt/airflow/dags/no_use/spotify_playlist_dag.py
[2024-11-26T02:07:55.234+0000] {processor.py:914} INFO - Processing file /opt/airflow/dags/no_use/spotify_playlist_dag.py for tasks to queue
[2024-11-26T02:07:55.236+0000] {logging_mixin.py:190} INFO - [2024-11-26T02:07:55.235+0000] {dagbag.py:588} INFO - Filling up the DagBag from /opt/airflow/dags/no_use/spotify_playlist_dag.py
[2024-11-26T02:07:55.291+0000] {processor.py:925} INFO - DAG(s) 'spotify_etl_dag_playlist' retrieved from /opt/airflow/dags/no_use/spotify_playlist_dag.py
[2024-11-26T02:07:55.322+0000] {logging_mixin.py:190} INFO - [2024-11-26T02:07:55.322+0000] {dag.py:3239} INFO - Sync 1 DAGs
[2024-11-26T02:07:55.341+0000] {logging_mixin.py:190} INFO - [2024-11-26T02:07:55.341+0000] {dag.py:4180} INFO - Setting next_dagrun for spotify_etl_dag_playlist to 2023-11-22 00:00:00+00:00, run_after=2023-11-23 00:00:00+00:00
[2024-11-26T02:07:55.349+0000] {processor.py:208} INFO - Processing /opt/airflow/dags/no_use/spotify_playlist_dag.py took 0.127 seconds
[2024-11-26T02:08:25.704+0000] {processor.py:186} INFO - Started process (PID=855) to work on /opt/airflow/dags/no_use/spotify_playlist_dag.py
[2024-11-26T02:08:25.706+0000] {processor.py:914} INFO - Processing file /opt/airflow/dags/no_use/spotify_playlist_dag.py for tasks to queue
[2024-11-26T02:08:25.707+0000] {logging_mixin.py:190} INFO - [2024-11-26T02:08:25.707+0000] {dagbag.py:588} INFO - Filling up the DagBag from /opt/airflow/dags/no_use/spotify_playlist_dag.py
[2024-11-26T02:08:25.763+0000] {processor.py:925} INFO - DAG(s) 'spotify_etl_dag_playlist' retrieved from /opt/airflow/dags/no_use/spotify_playlist_dag.py
[2024-11-26T02:08:25.790+0000] {logging_mixin.py:190} INFO - [2024-11-26T02:08:25.790+0000] {dag.py:3239} INFO - Sync 1 DAGs
[2024-11-26T02:08:25.812+0000] {logging_mixin.py:190} INFO - [2024-11-26T02:08:25.812+0000] {dag.py:4180} INFO - Setting next_dagrun for spotify_etl_dag_playlist to 2023-11-22 00:00:00+00:00, run_after=2023-11-23 00:00:00+00:00
[2024-11-26T02:08:25.821+0000] {processor.py:208} INFO - Processing /opt/airflow/dags/no_use/spotify_playlist_dag.py took 0.130 seconds
[2024-11-26T02:08:56.305+0000] {processor.py:186} INFO - Started process (PID=873) to work on /opt/airflow/dags/no_use/spotify_playlist_dag.py
[2024-11-26T02:08:56.306+0000] {processor.py:914} INFO - Processing file /opt/airflow/dags/no_use/spotify_playlist_dag.py for tasks to queue
[2024-11-26T02:08:56.308+0000] {logging_mixin.py:190} INFO - [2024-11-26T02:08:56.307+0000] {dagbag.py:588} INFO - Filling up the DagBag from /opt/airflow/dags/no_use/spotify_playlist_dag.py
[2024-11-26T02:08:56.376+0000] {processor.py:925} INFO - DAG(s) 'spotify_etl_dag_playlist' retrieved from /opt/airflow/dags/no_use/spotify_playlist_dag.py
[2024-11-26T02:08:56.396+0000] {logging_mixin.py:190} INFO - [2024-11-26T02:08:56.395+0000] {dag.py:3239} INFO - Sync 1 DAGs
[2024-11-26T02:08:56.420+0000] {logging_mixin.py:190} INFO - [2024-11-26T02:08:56.420+0000] {dag.py:4180} INFO - Setting next_dagrun for spotify_etl_dag_playlist to 2023-11-22 00:00:00+00:00, run_after=2023-11-23 00:00:00+00:00
[2024-11-26T02:08:56.428+0000] {processor.py:208} INFO - Processing /opt/airflow/dags/no_use/spotify_playlist_dag.py took 0.135 seconds
[2024-11-26T02:09:26.601+0000] {processor.py:186} INFO - Started process (PID=891) to work on /opt/airflow/dags/no_use/spotify_playlist_dag.py
[2024-11-26T02:09:26.602+0000] {processor.py:914} INFO - Processing file /opt/airflow/dags/no_use/spotify_playlist_dag.py for tasks to queue
[2024-11-26T02:09:26.603+0000] {logging_mixin.py:190} INFO - [2024-11-26T02:09:26.603+0000] {dagbag.py:588} INFO - Filling up the DagBag from /opt/airflow/dags/no_use/spotify_playlist_dag.py
[2024-11-26T02:09:26.641+0000] {processor.py:925} INFO - DAG(s) 'spotify_etl_dag_playlist' retrieved from /opt/airflow/dags/no_use/spotify_playlist_dag.py
[2024-11-26T02:09:26.654+0000] {logging_mixin.py:190} INFO - [2024-11-26T02:09:26.654+0000] {dag.py:3239} INFO - Sync 1 DAGs
[2024-11-26T02:09:26.665+0000] {logging_mixin.py:190} INFO - [2024-11-26T02:09:26.665+0000] {dag.py:4180} INFO - Setting next_dagrun for spotify_etl_dag_playlist to 2023-11-22 00:00:00+00:00, run_after=2023-11-23 00:00:00+00:00
[2024-11-26T02:09:26.673+0000] {processor.py:208} INFO - Processing /opt/airflow/dags/no_use/spotify_playlist_dag.py took 0.080 seconds
[2024-11-26T02:09:57.078+0000] {processor.py:186} INFO - Started process (PID=909) to work on /opt/airflow/dags/no_use/spotify_playlist_dag.py
[2024-11-26T02:09:57.079+0000] {processor.py:914} INFO - Processing file /opt/airflow/dags/no_use/spotify_playlist_dag.py for tasks to queue
[2024-11-26T02:09:57.080+0000] {logging_mixin.py:190} INFO - [2024-11-26T02:09:57.080+0000] {dagbag.py:588} INFO - Filling up the DagBag from /opt/airflow/dags/no_use/spotify_playlist_dag.py
[2024-11-26T02:09:57.157+0000] {processor.py:925} INFO - DAG(s) 'spotify_etl_dag_playlist' retrieved from /opt/airflow/dags/no_use/spotify_playlist_dag.py
[2024-11-26T02:09:57.183+0000] {logging_mixin.py:190} INFO - [2024-11-26T02:09:57.183+0000] {dag.py:3239} INFO - Sync 1 DAGs
[2024-11-26T02:09:57.217+0000] {logging_mixin.py:190} INFO - [2024-11-26T02:09:57.217+0000] {dag.py:4180} INFO - Setting next_dagrun for spotify_etl_dag_playlist to 2023-11-22 00:00:00+00:00, run_after=2023-11-23 00:00:00+00:00
[2024-11-26T02:09:57.226+0000] {processor.py:208} INFO - Processing /opt/airflow/dags/no_use/spotify_playlist_dag.py took 0.161 seconds
[2024-11-26T02:10:27.595+0000] {processor.py:186} INFO - Started process (PID=927) to work on /opt/airflow/dags/no_use/spotify_playlist_dag.py
[2024-11-26T02:10:27.596+0000] {processor.py:914} INFO - Processing file /opt/airflow/dags/no_use/spotify_playlist_dag.py for tasks to queue
[2024-11-26T02:10:27.597+0000] {logging_mixin.py:190} INFO - [2024-11-26T02:10:27.597+0000] {dagbag.py:588} INFO - Filling up the DagBag from /opt/airflow/dags/no_use/spotify_playlist_dag.py
[2024-11-26T02:10:27.664+0000] {processor.py:925} INFO - DAG(s) 'spotify_etl_dag_playlist' retrieved from /opt/airflow/dags/no_use/spotify_playlist_dag.py
[2024-11-26T02:10:27.690+0000] {logging_mixin.py:190} INFO - [2024-11-26T02:10:27.690+0000] {dag.py:3239} INFO - Sync 1 DAGs
[2024-11-26T02:10:27.713+0000] {logging_mixin.py:190} INFO - [2024-11-26T02:10:27.713+0000] {dag.py:4180} INFO - Setting next_dagrun for spotify_etl_dag_playlist to 2023-11-22 00:00:00+00:00, run_after=2023-11-23 00:00:00+00:00
[2024-11-26T02:10:27.722+0000] {processor.py:208} INFO - Processing /opt/airflow/dags/no_use/spotify_playlist_dag.py took 0.136 seconds
[2024-11-26T02:10:58.106+0000] {processor.py:186} INFO - Started process (PID=945) to work on /opt/airflow/dags/no_use/spotify_playlist_dag.py
[2024-11-26T02:10:58.108+0000] {processor.py:914} INFO - Processing file /opt/airflow/dags/no_use/spotify_playlist_dag.py for tasks to queue
[2024-11-26T02:10:58.109+0000] {logging_mixin.py:190} INFO - [2024-11-26T02:10:58.109+0000] {dagbag.py:588} INFO - Filling up the DagBag from /opt/airflow/dags/no_use/spotify_playlist_dag.py
[2024-11-26T02:10:58.170+0000] {processor.py:925} INFO - DAG(s) 'spotify_etl_dag_playlist' retrieved from /opt/airflow/dags/no_use/spotify_playlist_dag.py
[2024-11-26T02:10:58.187+0000] {logging_mixin.py:190} INFO - [2024-11-26T02:10:58.187+0000] {dag.py:3239} INFO - Sync 1 DAGs
[2024-11-26T02:10:58.199+0000] {logging_mixin.py:190} INFO - [2024-11-26T02:10:58.199+0000] {dag.py:4180} INFO - Setting next_dagrun for spotify_etl_dag_playlist to 2023-11-22 00:00:00+00:00, run_after=2023-11-23 00:00:00+00:00
[2024-11-26T02:10:58.206+0000] {processor.py:208} INFO - Processing /opt/airflow/dags/no_use/spotify_playlist_dag.py took 0.108 seconds
[2024-11-26T02:11:28.728+0000] {processor.py:186} INFO - Started process (PID=963) to work on /opt/airflow/dags/no_use/spotify_playlist_dag.py
[2024-11-26T02:11:28.730+0000] {processor.py:914} INFO - Processing file /opt/airflow/dags/no_use/spotify_playlist_dag.py for tasks to queue
[2024-11-26T02:11:28.731+0000] {logging_mixin.py:190} INFO - [2024-11-26T02:11:28.731+0000] {dagbag.py:588} INFO - Filling up the DagBag from /opt/airflow/dags/no_use/spotify_playlist_dag.py
[2024-11-26T02:11:28.806+0000] {processor.py:925} INFO - DAG(s) 'spotify_etl_dag_playlist' retrieved from /opt/airflow/dags/no_use/spotify_playlist_dag.py
[2024-11-26T02:11:28.831+0000] {logging_mixin.py:190} INFO - [2024-11-26T02:11:28.831+0000] {dag.py:3239} INFO - Sync 1 DAGs
[2024-11-26T02:11:28.856+0000] {logging_mixin.py:190} INFO - [2024-11-26T02:11:28.856+0000] {dag.py:4180} INFO - Setting next_dagrun for spotify_etl_dag_playlist to 2023-11-22 00:00:00+00:00, run_after=2023-11-23 00:00:00+00:00
[2024-11-26T02:11:28.865+0000] {processor.py:208} INFO - Processing /opt/airflow/dags/no_use/spotify_playlist_dag.py took 0.147 seconds
[2024-11-26T02:11:59.228+0000] {processor.py:186} INFO - Started process (PID=981) to work on /opt/airflow/dags/no_use/spotify_playlist_dag.py
[2024-11-26T02:11:59.230+0000] {processor.py:914} INFO - Processing file /opt/airflow/dags/no_use/spotify_playlist_dag.py for tasks to queue
[2024-11-26T02:11:59.232+0000] {logging_mixin.py:190} INFO - [2024-11-26T02:11:59.231+0000] {dagbag.py:588} INFO - Filling up the DagBag from /opt/airflow/dags/no_use/spotify_playlist_dag.py
[2024-11-26T02:11:59.288+0000] {processor.py:925} INFO - DAG(s) 'spotify_etl_dag_playlist' retrieved from /opt/airflow/dags/no_use/spotify_playlist_dag.py
[2024-11-26T02:11:59.316+0000] {logging_mixin.py:190} INFO - [2024-11-26T02:11:59.315+0000] {dag.py:3239} INFO - Sync 1 DAGs
[2024-11-26T02:11:59.331+0000] {logging_mixin.py:190} INFO - [2024-11-26T02:11:59.331+0000] {dag.py:4180} INFO - Setting next_dagrun for spotify_etl_dag_playlist to 2023-11-22 00:00:00+00:00, run_after=2023-11-23 00:00:00+00:00
[2024-11-26T02:11:59.339+0000] {processor.py:208} INFO - Processing /opt/airflow/dags/no_use/spotify_playlist_dag.py took 0.118 seconds
[2024-11-26T02:12:29.484+0000] {processor.py:186} INFO - Started process (PID=1008) to work on /opt/airflow/dags/no_use/spotify_playlist_dag.py
[2024-11-26T02:12:29.491+0000] {processor.py:914} INFO - Processing file /opt/airflow/dags/no_use/spotify_playlist_dag.py for tasks to queue
[2024-11-26T02:12:29.497+0000] {logging_mixin.py:190} INFO - [2024-11-26T02:12:29.496+0000] {dagbag.py:588} INFO - Filling up the DagBag from /opt/airflow/dags/no_use/spotify_playlist_dag.py
[2024-11-26T02:12:29.653+0000] {processor.py:925} INFO - DAG(s) 'spotify_etl_dag_playlist' retrieved from /opt/airflow/dags/no_use/spotify_playlist_dag.py
[2024-11-26T02:12:29.738+0000] {logging_mixin.py:190} INFO - [2024-11-26T02:12:29.738+0000] {dag.py:3239} INFO - Sync 1 DAGs
[2024-11-26T02:12:29.827+0000] {logging_mixin.py:190} INFO - [2024-11-26T02:12:29.826+0000] {dag.py:4180} INFO - Setting next_dagrun for spotify_etl_dag_playlist to 2023-12-11 00:00:00+00:00, run_after=2023-12-12 00:00:00+00:00
[2024-11-26T02:12:29.866+0000] {processor.py:208} INFO - Processing /opt/airflow/dags/no_use/spotify_playlist_dag.py took 0.416 seconds
[2024-11-26T02:13:00.272+0000] {processor.py:186} INFO - Started process (PID=1026) to work on /opt/airflow/dags/no_use/spotify_playlist_dag.py
[2024-11-26T02:13:00.274+0000] {processor.py:914} INFO - Processing file /opt/airflow/dags/no_use/spotify_playlist_dag.py for tasks to queue
[2024-11-26T02:13:00.275+0000] {logging_mixin.py:190} INFO - [2024-11-26T02:13:00.275+0000] {dagbag.py:588} INFO - Filling up the DagBag from /opt/airflow/dags/no_use/spotify_playlist_dag.py
[2024-11-26T02:13:00.351+0000] {processor.py:925} INFO - DAG(s) 'spotify_etl_dag_playlist' retrieved from /opt/airflow/dags/no_use/spotify_playlist_dag.py
[2024-11-26T02:13:00.377+0000] {logging_mixin.py:190} INFO - [2024-11-26T02:13:00.376+0000] {dag.py:3239} INFO - Sync 1 DAGs
[2024-11-26T02:13:00.396+0000] {logging_mixin.py:190} INFO - [2024-11-26T02:13:00.396+0000] {dag.py:4180} INFO - Setting next_dagrun for spotify_etl_dag_playlist to 2023-12-15 00:00:00+00:00, run_after=2023-12-16 00:00:00+00:00
[2024-11-26T02:13:00.409+0000] {processor.py:208} INFO - Processing /opt/airflow/dags/no_use/spotify_playlist_dag.py took 0.146 seconds
