[2024-11-26T01:48:39.840+0000] {processor.py:186} INFO - Started process (PID=52) to work on /opt/airflow/dags/no_use/spotify_today_track_dag.py
[2024-11-26T01:48:39.842+0000] {processor.py:914} INFO - Processing file /opt/airflow/dags/no_use/spotify_today_track_dag.py for tasks to queue
[2024-11-26T01:48:39.847+0000] {logging_mixin.py:190} INFO - [2024-11-26T01:48:39.847+0000] {dagbag.py:588} INFO - Filling up the DagBag from /opt/airflow/dags/no_use/spotify_today_track_dag.py
[2024-11-26T01:48:40.058+0000] {processor.py:925} INFO - DAG(s) 'spotify_etl_dag_today_track' retrieved from /opt/airflow/dags/no_use/spotify_today_track_dag.py
[2024-11-26T01:48:40.121+0000] {logging_mixin.py:190} INFO - [2024-11-26T01:48:40.121+0000] {dag.py:3239} INFO - Sync 1 DAGs
[2024-11-26T01:48:40.132+0000] {logging_mixin.py:190} INFO - [2024-11-26T01:48:40.132+0000] {dag.py:4180} INFO - Setting next_dagrun for spotify_etl_dag_today_track to 2024-11-26 00:00:00+00:00, run_after=2024-11-27 00:00:00+00:00
[2024-11-26T01:48:40.143+0000] {processor.py:208} INFO - Processing /opt/airflow/dags/no_use/spotify_today_track_dag.py took 0.307 seconds
[2024-11-26T01:49:10.870+0000] {processor.py:186} INFO - Started process (PID=70) to work on /opt/airflow/dags/no_use/spotify_today_track_dag.py
[2024-11-26T01:49:10.870+0000] {processor.py:914} INFO - Processing file /opt/airflow/dags/no_use/spotify_today_track_dag.py for tasks to queue
[2024-11-26T01:49:10.871+0000] {logging_mixin.py:190} INFO - [2024-11-26T01:49:10.871+0000] {dagbag.py:588} INFO - Filling up the DagBag from /opt/airflow/dags/no_use/spotify_today_track_dag.py
[2024-11-26T01:49:10.988+0000] {processor.py:925} INFO - DAG(s) 'spotify_etl_dag_today_track' retrieved from /opt/airflow/dags/no_use/spotify_today_track_dag.py
[2024-11-26T01:49:10.996+0000] {logging_mixin.py:190} INFO - [2024-11-26T01:49:10.995+0000] {dag.py:3239} INFO - Sync 1 DAGs
[2024-11-26T01:49:11.004+0000] {logging_mixin.py:190} INFO - [2024-11-26T01:49:11.004+0000] {dag.py:4180} INFO - Setting next_dagrun for spotify_etl_dag_today_track to 2024-11-26 00:00:00+00:00, run_after=2024-11-27 00:00:00+00:00
[2024-11-26T01:49:11.010+0000] {processor.py:208} INFO - Processing /opt/airflow/dags/no_use/spotify_today_track_dag.py took 0.142 seconds
[2024-11-26T01:49:41.453+0000] {processor.py:186} INFO - Started process (PID=88) to work on /opt/airflow/dags/no_use/spotify_today_track_dag.py
[2024-11-26T01:49:41.454+0000] {processor.py:914} INFO - Processing file /opt/airflow/dags/no_use/spotify_today_track_dag.py for tasks to queue
[2024-11-26T01:49:41.455+0000] {logging_mixin.py:190} INFO - [2024-11-26T01:49:41.454+0000] {dagbag.py:588} INFO - Filling up the DagBag from /opt/airflow/dags/no_use/spotify_today_track_dag.py
[2024-11-26T01:49:41.484+0000] {processor.py:925} INFO - DAG(s) 'spotify_etl_dag_today_track' retrieved from /opt/airflow/dags/no_use/spotify_today_track_dag.py
[2024-11-26T01:49:41.502+0000] {logging_mixin.py:190} INFO - [2024-11-26T01:49:41.502+0000] {dag.py:3239} INFO - Sync 1 DAGs
[2024-11-26T01:49:41.516+0000] {logging_mixin.py:190} INFO - [2024-11-26T01:49:41.516+0000] {dag.py:4180} INFO - Setting next_dagrun for spotify_etl_dag_today_track to 2024-11-26 00:00:00+00:00, run_after=2024-11-27 00:00:00+00:00
[2024-11-26T01:49:41.525+0000] {processor.py:208} INFO - Processing /opt/airflow/dags/no_use/spotify_today_track_dag.py took 0.075 seconds
[2024-11-26T01:50:11.706+0000] {processor.py:186} INFO - Started process (PID=106) to work on /opt/airflow/dags/no_use/spotify_today_track_dag.py
[2024-11-26T01:50:11.709+0000] {processor.py:914} INFO - Processing file /opt/airflow/dags/no_use/spotify_today_track_dag.py for tasks to queue
[2024-11-26T01:50:11.710+0000] {logging_mixin.py:190} INFO - [2024-11-26T01:50:11.710+0000] {dagbag.py:588} INFO - Filling up the DagBag from /opt/airflow/dags/no_use/spotify_today_track_dag.py
[2024-11-26T01:50:11.758+0000] {processor.py:925} INFO - DAG(s) 'spotify_etl_dag_today_track' retrieved from /opt/airflow/dags/no_use/spotify_today_track_dag.py
[2024-11-26T01:50:11.785+0000] {logging_mixin.py:190} INFO - [2024-11-26T01:50:11.784+0000] {dag.py:3239} INFO - Sync 1 DAGs
[2024-11-26T01:50:11.817+0000] {logging_mixin.py:190} INFO - [2024-11-26T01:50:11.817+0000] {dag.py:4180} INFO - Setting next_dagrun for spotify_etl_dag_today_track to 2024-11-26 00:00:00+00:00, run_after=2024-11-27 00:00:00+00:00
[2024-11-26T01:50:11.829+0000] {processor.py:208} INFO - Processing /opt/airflow/dags/no_use/spotify_today_track_dag.py took 0.126 seconds
[2024-11-26T01:50:42.085+0000] {processor.py:186} INFO - Started process (PID=124) to work on /opt/airflow/dags/no_use/spotify_today_track_dag.py
[2024-11-26T01:50:42.086+0000] {processor.py:914} INFO - Processing file /opt/airflow/dags/no_use/spotify_today_track_dag.py for tasks to queue
[2024-11-26T01:50:42.086+0000] {logging_mixin.py:190} INFO - [2024-11-26T01:50:42.086+0000] {dagbag.py:588} INFO - Filling up the DagBag from /opt/airflow/dags/no_use/spotify_today_track_dag.py
[2024-11-26T01:50:42.110+0000] {processor.py:925} INFO - DAG(s) 'spotify_etl_dag_today_track' retrieved from /opt/airflow/dags/no_use/spotify_today_track_dag.py
[2024-11-26T01:50:42.120+0000] {logging_mixin.py:190} INFO - [2024-11-26T01:50:42.119+0000] {dag.py:3239} INFO - Sync 1 DAGs
[2024-11-26T01:50:42.129+0000] {logging_mixin.py:190} INFO - [2024-11-26T01:50:42.129+0000] {dag.py:4180} INFO - Setting next_dagrun for spotify_etl_dag_today_track to 2024-11-26 00:00:00+00:00, run_after=2024-11-27 00:00:00+00:00
[2024-11-26T01:50:42.134+0000] {processor.py:208} INFO - Processing /opt/airflow/dags/no_use/spotify_today_track_dag.py took 0.052 seconds
[2024-11-26T01:51:12.366+0000] {processor.py:186} INFO - Started process (PID=140) to work on /opt/airflow/dags/no_use/spotify_today_track_dag.py
[2024-11-26T01:51:12.367+0000] {processor.py:914} INFO - Processing file /opt/airflow/dags/no_use/spotify_today_track_dag.py for tasks to queue
[2024-11-26T01:51:12.368+0000] {logging_mixin.py:190} INFO - [2024-11-26T01:51:12.368+0000] {dagbag.py:588} INFO - Filling up the DagBag from /opt/airflow/dags/no_use/spotify_today_track_dag.py
[2024-11-26T01:51:12.397+0000] {processor.py:925} INFO - DAG(s) 'spotify_etl_dag_today_track' retrieved from /opt/airflow/dags/no_use/spotify_today_track_dag.py
[2024-11-26T01:51:12.406+0000] {logging_mixin.py:190} INFO - [2024-11-26T01:51:12.406+0000] {dag.py:3239} INFO - Sync 1 DAGs
[2024-11-26T01:51:12.415+0000] {logging_mixin.py:190} INFO - [2024-11-26T01:51:12.415+0000] {dag.py:4180} INFO - Setting next_dagrun for spotify_etl_dag_today_track to 2024-11-26 00:00:00+00:00, run_after=2024-11-27 00:00:00+00:00
[2024-11-26T01:51:12.421+0000] {processor.py:208} INFO - Processing /opt/airflow/dags/no_use/spotify_today_track_dag.py took 0.058 seconds
[2024-11-26T01:51:43.010+0000] {processor.py:186} INFO - Started process (PID=159) to work on /opt/airflow/dags/no_use/spotify_today_track_dag.py
[2024-11-26T01:51:43.011+0000] {processor.py:914} INFO - Processing file /opt/airflow/dags/no_use/spotify_today_track_dag.py for tasks to queue
[2024-11-26T01:51:43.014+0000] {logging_mixin.py:190} INFO - [2024-11-26T01:51:43.014+0000] {dagbag.py:588} INFO - Filling up the DagBag from /opt/airflow/dags/no_use/spotify_today_track_dag.py
[2024-11-26T01:51:43.057+0000] {processor.py:925} INFO - DAG(s) 'spotify_etl_dag_today_track' retrieved from /opt/airflow/dags/no_use/spotify_today_track_dag.py
[2024-11-26T01:51:43.076+0000] {logging_mixin.py:190} INFO - [2024-11-26T01:51:43.076+0000] {dag.py:3239} INFO - Sync 1 DAGs
[2024-11-26T01:51:43.086+0000] {logging_mixin.py:190} INFO - [2024-11-26T01:51:43.086+0000] {dag.py:4180} INFO - Setting next_dagrun for spotify_etl_dag_today_track to 2024-11-26 00:00:00+00:00, run_after=2024-11-27 00:00:00+00:00
[2024-11-26T01:51:43.097+0000] {processor.py:208} INFO - Processing /opt/airflow/dags/no_use/spotify_today_track_dag.py took 0.093 seconds
[2024-11-26T01:52:13.371+0000] {processor.py:186} INFO - Started process (PID=177) to work on /opt/airflow/dags/no_use/spotify_today_track_dag.py
[2024-11-26T01:52:13.371+0000] {processor.py:914} INFO - Processing file /opt/airflow/dags/no_use/spotify_today_track_dag.py for tasks to queue
[2024-11-26T01:52:13.373+0000] {logging_mixin.py:190} INFO - [2024-11-26T01:52:13.372+0000] {dagbag.py:588} INFO - Filling up the DagBag from /opt/airflow/dags/no_use/spotify_today_track_dag.py
[2024-11-26T01:52:13.398+0000] {processor.py:925} INFO - DAG(s) 'spotify_etl_dag_today_track' retrieved from /opt/airflow/dags/no_use/spotify_today_track_dag.py
[2024-11-26T01:52:13.409+0000] {logging_mixin.py:190} INFO - [2024-11-26T01:52:13.408+0000] {dag.py:3239} INFO - Sync 1 DAGs
[2024-11-26T01:52:13.419+0000] {logging_mixin.py:190} INFO - [2024-11-26T01:52:13.419+0000] {dag.py:4180} INFO - Setting next_dagrun for spotify_etl_dag_today_track to 2024-11-26 00:00:00+00:00, run_after=2024-11-27 00:00:00+00:00
[2024-11-26T01:52:13.426+0000] {processor.py:208} INFO - Processing /opt/airflow/dags/no_use/spotify_today_track_dag.py took 0.058 seconds
[2024-11-26T01:52:43.705+0000] {processor.py:186} INFO - Started process (PID=201) to work on /opt/airflow/dags/no_use/spotify_today_track_dag.py
[2024-11-26T01:52:43.705+0000] {processor.py:914} INFO - Processing file /opt/airflow/dags/no_use/spotify_today_track_dag.py for tasks to queue
[2024-11-26T01:52:43.706+0000] {logging_mixin.py:190} INFO - [2024-11-26T01:52:43.706+0000] {dagbag.py:588} INFO - Filling up the DagBag from /opt/airflow/dags/no_use/spotify_today_track_dag.py
[2024-11-26T01:52:43.731+0000] {processor.py:925} INFO - DAG(s) 'spotify_etl_dag_today_track' retrieved from /opt/airflow/dags/no_use/spotify_today_track_dag.py
[2024-11-26T01:52:43.742+0000] {logging_mixin.py:190} INFO - [2024-11-26T01:52:43.742+0000] {dag.py:3239} INFO - Sync 1 DAGs
[2024-11-26T01:52:43.752+0000] {logging_mixin.py:190} INFO - [2024-11-26T01:52:43.752+0000] {dag.py:4180} INFO - Setting next_dagrun for spotify_etl_dag_today_track to 2024-11-26 00:00:00+00:00, run_after=2024-11-27 00:00:00+00:00
[2024-11-26T01:52:43.761+0000] {processor.py:208} INFO - Processing /opt/airflow/dags/no_use/spotify_today_track_dag.py took 0.060 seconds
[2024-11-26T01:53:14.092+0000] {processor.py:186} INFO - Started process (PID=227) to work on /opt/airflow/dags/no_use/spotify_today_track_dag.py
[2024-11-26T01:53:14.093+0000] {processor.py:914} INFO - Processing file /opt/airflow/dags/no_use/spotify_today_track_dag.py for tasks to queue
[2024-11-26T01:53:14.094+0000] {logging_mixin.py:190} INFO - [2024-11-26T01:53:14.094+0000] {dagbag.py:588} INFO - Filling up the DagBag from /opt/airflow/dags/no_use/spotify_today_track_dag.py
[2024-11-26T01:53:14.128+0000] {processor.py:925} INFO - DAG(s) 'spotify_etl_dag_today_track' retrieved from /opt/airflow/dags/no_use/spotify_today_track_dag.py
[2024-11-26T01:53:14.141+0000] {logging_mixin.py:190} INFO - [2024-11-26T01:53:14.141+0000] {dag.py:3239} INFO - Sync 1 DAGs
[2024-11-26T01:53:14.151+0000] {logging_mixin.py:190} INFO - [2024-11-26T01:53:14.151+0000] {dag.py:4180} INFO - Setting next_dagrun for spotify_etl_dag_today_track to 2024-11-26 00:00:00+00:00, run_after=2024-11-27 00:00:00+00:00
[2024-11-26T01:53:14.162+0000] {processor.py:208} INFO - Processing /opt/airflow/dags/no_use/spotify_today_track_dag.py took 0.073 seconds
[2024-11-26T01:53:44.465+0000] {processor.py:186} INFO - Started process (PID=247) to work on /opt/airflow/dags/no_use/spotify_today_track_dag.py
[2024-11-26T01:53:44.465+0000] {processor.py:914} INFO - Processing file /opt/airflow/dags/no_use/spotify_today_track_dag.py for tasks to queue
[2024-11-26T01:53:44.466+0000] {logging_mixin.py:190} INFO - [2024-11-26T01:53:44.466+0000] {dagbag.py:588} INFO - Filling up the DagBag from /opt/airflow/dags/no_use/spotify_today_track_dag.py
[2024-11-26T01:53:44.488+0000] {processor.py:925} INFO - DAG(s) 'spotify_etl_dag_today_track' retrieved from /opt/airflow/dags/no_use/spotify_today_track_dag.py
[2024-11-26T01:53:44.497+0000] {logging_mixin.py:190} INFO - [2024-11-26T01:53:44.497+0000] {dag.py:3239} INFO - Sync 1 DAGs
[2024-11-26T01:53:44.506+0000] {logging_mixin.py:190} INFO - [2024-11-26T01:53:44.506+0000] {dag.py:4180} INFO - Setting next_dagrun for spotify_etl_dag_today_track to 2024-11-26 00:00:00+00:00, run_after=2024-11-27 00:00:00+00:00
[2024-11-26T01:53:44.511+0000] {processor.py:208} INFO - Processing /opt/airflow/dags/no_use/spotify_today_track_dag.py took 0.048 seconds
[2024-11-26T01:54:15.782+0000] {processor.py:186} INFO - Started process (PID=268) to work on /opt/airflow/dags/no_use/spotify_today_track_dag.py
[2024-11-26T01:54:15.783+0000] {processor.py:914} INFO - Processing file /opt/airflow/dags/no_use/spotify_today_track_dag.py for tasks to queue
[2024-11-26T01:54:15.785+0000] {logging_mixin.py:190} INFO - [2024-11-26T01:54:15.784+0000] {dagbag.py:588} INFO - Filling up the DagBag from /opt/airflow/dags/no_use/spotify_today_track_dag.py
[2024-11-26T01:54:15.808+0000] {processor.py:925} INFO - DAG(s) 'spotify_etl_dag_today_track' retrieved from /opt/airflow/dags/no_use/spotify_today_track_dag.py
[2024-11-26T01:54:15.819+0000] {logging_mixin.py:190} INFO - [2024-11-26T01:54:15.819+0000] {dag.py:3239} INFO - Sync 1 DAGs
[2024-11-26T01:54:15.832+0000] {logging_mixin.py:190} INFO - [2024-11-26T01:54:15.832+0000] {dag.py:4180} INFO - Setting next_dagrun for spotify_etl_dag_today_track to 2024-11-26 00:00:00+00:00, run_after=2024-11-27 00:00:00+00:00
[2024-11-26T01:54:15.840+0000] {processor.py:208} INFO - Processing /opt/airflow/dags/no_use/spotify_today_track_dag.py took 0.060 seconds
[2024-11-26T01:54:45.992+0000] {processor.py:186} INFO - Started process (PID=295) to work on /opt/airflow/dags/no_use/spotify_today_track_dag.py
[2024-11-26T01:54:45.996+0000] {processor.py:914} INFO - Processing file /opt/airflow/dags/no_use/spotify_today_track_dag.py for tasks to queue
[2024-11-26T01:54:45.998+0000] {logging_mixin.py:190} INFO - [2024-11-26T01:54:45.998+0000] {dagbag.py:588} INFO - Filling up the DagBag from /opt/airflow/dags/no_use/spotify_today_track_dag.py
[2024-11-26T01:54:46.025+0000] {processor.py:925} INFO - DAG(s) 'spotify_etl_dag_today_track' retrieved from /opt/airflow/dags/no_use/spotify_today_track_dag.py
[2024-11-26T01:54:46.036+0000] {logging_mixin.py:190} INFO - [2024-11-26T01:54:46.036+0000] {dag.py:3239} INFO - Sync 1 DAGs
[2024-11-26T01:54:46.046+0000] {logging_mixin.py:190} INFO - [2024-11-26T01:54:46.046+0000] {dag.py:4180} INFO - Setting next_dagrun for spotify_etl_dag_today_track to 2024-11-26 00:00:00+00:00, run_after=2024-11-27 00:00:00+00:00
[2024-11-26T01:54:46.052+0000] {processor.py:208} INFO - Processing /opt/airflow/dags/no_use/spotify_today_track_dag.py took 0.063 seconds
[2024-11-26T01:55:16.314+0000] {processor.py:186} INFO - Started process (PID=315) to work on /opt/airflow/dags/no_use/spotify_today_track_dag.py
[2024-11-26T01:55:16.317+0000] {processor.py:914} INFO - Processing file /opt/airflow/dags/no_use/spotify_today_track_dag.py for tasks to queue
[2024-11-26T01:55:16.318+0000] {logging_mixin.py:190} INFO - [2024-11-26T01:55:16.318+0000] {dagbag.py:588} INFO - Filling up the DagBag from /opt/airflow/dags/no_use/spotify_today_track_dag.py
[2024-11-26T01:55:16.347+0000] {processor.py:925} INFO - DAG(s) 'spotify_etl_dag_today_track' retrieved from /opt/airflow/dags/no_use/spotify_today_track_dag.py
[2024-11-26T01:55:16.362+0000] {logging_mixin.py:190} INFO - [2024-11-26T01:55:16.362+0000] {dag.py:3239} INFO - Sync 1 DAGs
[2024-11-26T01:55:16.373+0000] {logging_mixin.py:190} INFO - [2024-11-26T01:55:16.373+0000] {dag.py:4180} INFO - Setting next_dagrun for spotify_etl_dag_today_track to 2024-11-26 00:00:00+00:00, run_after=2024-11-27 00:00:00+00:00
[2024-11-26T01:55:16.384+0000] {processor.py:208} INFO - Processing /opt/airflow/dags/no_use/spotify_today_track_dag.py took 0.072 seconds
[2024-11-26T01:55:47.056+0000] {processor.py:186} INFO - Started process (PID=345) to work on /opt/airflow/dags/no_use/spotify_today_track_dag.py
[2024-11-26T01:55:47.056+0000] {processor.py:914} INFO - Processing file /opt/airflow/dags/no_use/spotify_today_track_dag.py for tasks to queue
[2024-11-26T01:55:47.058+0000] {logging_mixin.py:190} INFO - [2024-11-26T01:55:47.058+0000] {dagbag.py:588} INFO - Filling up the DagBag from /opt/airflow/dags/no_use/spotify_today_track_dag.py
[2024-11-26T01:55:47.089+0000] {processor.py:925} INFO - DAG(s) 'spotify_etl_dag_today_track' retrieved from /opt/airflow/dags/no_use/spotify_today_track_dag.py
[2024-11-26T01:55:47.099+0000] {logging_mixin.py:190} INFO - [2024-11-26T01:55:47.099+0000] {dag.py:3239} INFO - Sync 1 DAGs
[2024-11-26T01:55:47.109+0000] {logging_mixin.py:190} INFO - [2024-11-26T01:55:47.109+0000] {dag.py:4180} INFO - Setting next_dagrun for spotify_etl_dag_today_track to 2024-11-26 00:00:00+00:00, run_after=2024-11-27 00:00:00+00:00
[2024-11-26T01:55:47.116+0000] {processor.py:208} INFO - Processing /opt/airflow/dags/no_use/spotify_today_track_dag.py took 0.063 seconds
[2024-11-26T01:56:18.055+0000] {processor.py:186} INFO - Started process (PID=372) to work on /opt/airflow/dags/no_use/spotify_today_track_dag.py
[2024-11-26T01:56:18.056+0000] {processor.py:914} INFO - Processing file /opt/airflow/dags/no_use/spotify_today_track_dag.py for tasks to queue
[2024-11-26T01:56:18.057+0000] {logging_mixin.py:190} INFO - [2024-11-26T01:56:18.057+0000] {dagbag.py:588} INFO - Filling up the DagBag from /opt/airflow/dags/no_use/spotify_today_track_dag.py
[2024-11-26T01:56:18.088+0000] {processor.py:925} INFO - DAG(s) 'spotify_etl_dag_today_track' retrieved from /opt/airflow/dags/no_use/spotify_today_track_dag.py
[2024-11-26T01:56:18.100+0000] {logging_mixin.py:190} INFO - [2024-11-26T01:56:18.100+0000] {dag.py:3239} INFO - Sync 1 DAGs
[2024-11-26T01:56:18.109+0000] {logging_mixin.py:190} INFO - [2024-11-26T01:56:18.109+0000] {dag.py:4180} INFO - Setting next_dagrun for spotify_etl_dag_today_track to 2024-11-26 00:00:00+00:00, run_after=2024-11-27 00:00:00+00:00
[2024-11-26T01:56:18.116+0000] {processor.py:208} INFO - Processing /opt/airflow/dags/no_use/spotify_today_track_dag.py took 0.065 seconds
[2024-11-26T01:56:48.475+0000] {processor.py:186} INFO - Started process (PID=393) to work on /opt/airflow/dags/no_use/spotify_today_track_dag.py
[2024-11-26T01:56:48.475+0000] {processor.py:914} INFO - Processing file /opt/airflow/dags/no_use/spotify_today_track_dag.py for tasks to queue
[2024-11-26T01:56:48.477+0000] {logging_mixin.py:190} INFO - [2024-11-26T01:56:48.476+0000] {dagbag.py:588} INFO - Filling up the DagBag from /opt/airflow/dags/no_use/spotify_today_track_dag.py
[2024-11-26T01:56:48.504+0000] {processor.py:925} INFO - DAG(s) 'spotify_etl_dag_today_track' retrieved from /opt/airflow/dags/no_use/spotify_today_track_dag.py
[2024-11-26T01:56:48.515+0000] {logging_mixin.py:190} INFO - [2024-11-26T01:56:48.515+0000] {dag.py:3239} INFO - Sync 1 DAGs
[2024-11-26T01:56:48.525+0000] {logging_mixin.py:190} INFO - [2024-11-26T01:56:48.524+0000] {dag.py:4180} INFO - Setting next_dagrun for spotify_etl_dag_today_track to 2024-11-26 00:00:00+00:00, run_after=2024-11-27 00:00:00+00:00
[2024-11-26T01:56:48.531+0000] {processor.py:208} INFO - Processing /opt/airflow/dags/no_use/spotify_today_track_dag.py took 0.060 seconds
[2024-11-26T01:57:18.703+0000] {processor.py:186} INFO - Started process (PID=420) to work on /opt/airflow/dags/no_use/spotify_today_track_dag.py
[2024-11-26T01:57:18.704+0000] {processor.py:914} INFO - Processing file /opt/airflow/dags/no_use/spotify_today_track_dag.py for tasks to queue
[2024-11-26T01:57:18.706+0000] {logging_mixin.py:190} INFO - [2024-11-26T01:57:18.706+0000] {dagbag.py:588} INFO - Filling up the DagBag from /opt/airflow/dags/no_use/spotify_today_track_dag.py
[2024-11-26T01:57:18.735+0000] {processor.py:925} INFO - DAG(s) 'spotify_etl_dag_today_track' retrieved from /opt/airflow/dags/no_use/spotify_today_track_dag.py
[2024-11-26T01:57:18.748+0000] {logging_mixin.py:190} INFO - [2024-11-26T01:57:18.748+0000] {dag.py:3239} INFO - Sync 1 DAGs
[2024-11-26T01:57:18.760+0000] {logging_mixin.py:190} INFO - [2024-11-26T01:57:18.760+0000] {dag.py:4180} INFO - Setting next_dagrun for spotify_etl_dag_today_track to 2024-11-26 00:00:00+00:00, run_after=2024-11-27 00:00:00+00:00
[2024-11-26T01:57:18.767+0000] {processor.py:208} INFO - Processing /opt/airflow/dags/no_use/spotify_today_track_dag.py took 0.068 seconds
[2024-11-26T01:57:49.244+0000] {processor.py:186} INFO - Started process (PID=439) to work on /opt/airflow/dags/no_use/spotify_today_track_dag.py
[2024-11-26T01:57:49.245+0000] {processor.py:914} INFO - Processing file /opt/airflow/dags/no_use/spotify_today_track_dag.py for tasks to queue
[2024-11-26T01:57:49.248+0000] {logging_mixin.py:190} INFO - [2024-11-26T01:57:49.247+0000] {dagbag.py:588} INFO - Filling up the DagBag from /opt/airflow/dags/no_use/spotify_today_track_dag.py
[2024-11-26T01:57:49.276+0000] {processor.py:925} INFO - DAG(s) 'spotify_etl_dag_today_track' retrieved from /opt/airflow/dags/no_use/spotify_today_track_dag.py
[2024-11-26T01:57:49.289+0000] {logging_mixin.py:190} INFO - [2024-11-26T01:57:49.289+0000] {dag.py:3239} INFO - Sync 1 DAGs
[2024-11-26T01:57:49.300+0000] {logging_mixin.py:190} INFO - [2024-11-26T01:57:49.300+0000] {dag.py:4180} INFO - Setting next_dagrun for spotify_etl_dag_today_track to 2024-11-26 00:00:00+00:00, run_after=2024-11-27 00:00:00+00:00
[2024-11-26T01:57:49.307+0000] {processor.py:208} INFO - Processing /opt/airflow/dags/no_use/spotify_today_track_dag.py took 0.067 seconds
[2024-11-26T01:58:19.640+0000] {processor.py:186} INFO - Started process (PID=467) to work on /opt/airflow/dags/no_use/spotify_today_track_dag.py
[2024-11-26T01:58:19.641+0000] {processor.py:914} INFO - Processing file /opt/airflow/dags/no_use/spotify_today_track_dag.py for tasks to queue
[2024-11-26T01:58:19.642+0000] {logging_mixin.py:190} INFO - [2024-11-26T01:58:19.642+0000] {dagbag.py:588} INFO - Filling up the DagBag from /opt/airflow/dags/no_use/spotify_today_track_dag.py
[2024-11-26T01:58:19.666+0000] {processor.py:925} INFO - DAG(s) 'spotify_etl_dag_today_track' retrieved from /opt/airflow/dags/no_use/spotify_today_track_dag.py
[2024-11-26T01:58:19.676+0000] {logging_mixin.py:190} INFO - [2024-11-26T01:58:19.676+0000] {dag.py:3239} INFO - Sync 1 DAGs
[2024-11-26T01:58:19.686+0000] {logging_mixin.py:190} INFO - [2024-11-26T01:58:19.686+0000] {dag.py:4180} INFO - Setting next_dagrun for spotify_etl_dag_today_track to 2024-11-26 00:00:00+00:00, run_after=2024-11-27 00:00:00+00:00
[2024-11-26T01:58:19.693+0000] {processor.py:208} INFO - Processing /opt/airflow/dags/no_use/spotify_today_track_dag.py took 0.056 seconds
[2024-11-26T01:58:50.027+0000] {processor.py:186} INFO - Started process (PID=495) to work on /opt/airflow/dags/no_use/spotify_today_track_dag.py
[2024-11-26T01:58:50.027+0000] {processor.py:914} INFO - Processing file /opt/airflow/dags/no_use/spotify_today_track_dag.py for tasks to queue
[2024-11-26T01:58:50.028+0000] {logging_mixin.py:190} INFO - [2024-11-26T01:58:50.028+0000] {dagbag.py:588} INFO - Filling up the DagBag from /opt/airflow/dags/no_use/spotify_today_track_dag.py
[2024-11-26T01:58:50.052+0000] {processor.py:925} INFO - DAG(s) 'spotify_etl_dag_today_track' retrieved from /opt/airflow/dags/no_use/spotify_today_track_dag.py
[2024-11-26T01:58:50.063+0000] {logging_mixin.py:190} INFO - [2024-11-26T01:58:50.063+0000] {dag.py:3239} INFO - Sync 1 DAGs
[2024-11-26T01:58:50.071+0000] {logging_mixin.py:190} INFO - [2024-11-26T01:58:50.071+0000] {dag.py:4180} INFO - Setting next_dagrun for spotify_etl_dag_today_track to 2024-11-26 00:00:00+00:00, run_after=2024-11-27 00:00:00+00:00
[2024-11-26T01:58:50.076+0000] {processor.py:208} INFO - Processing /opt/airflow/dags/no_use/spotify_today_track_dag.py took 0.052 seconds
[2024-11-26T01:59:20.465+0000] {processor.py:186} INFO - Started process (PID=514) to work on /opt/airflow/dags/no_use/spotify_today_track_dag.py
[2024-11-26T01:59:20.466+0000] {processor.py:914} INFO - Processing file /opt/airflow/dags/no_use/spotify_today_track_dag.py for tasks to queue
[2024-11-26T01:59:20.468+0000] {logging_mixin.py:190} INFO - [2024-11-26T01:59:20.468+0000] {dagbag.py:588} INFO - Filling up the DagBag from /opt/airflow/dags/no_use/spotify_today_track_dag.py
[2024-11-26T01:59:20.497+0000] {processor.py:925} INFO - DAG(s) 'spotify_etl_dag_today_track' retrieved from /opt/airflow/dags/no_use/spotify_today_track_dag.py
[2024-11-26T01:59:20.511+0000] {logging_mixin.py:190} INFO - [2024-11-26T01:59:20.511+0000] {dag.py:3239} INFO - Sync 1 DAGs
[2024-11-26T01:59:20.522+0000] {logging_mixin.py:190} INFO - [2024-11-26T01:59:20.522+0000] {dag.py:4180} INFO - Setting next_dagrun for spotify_etl_dag_today_track to 2024-11-26 00:00:00+00:00, run_after=2024-11-27 00:00:00+00:00
[2024-11-26T01:59:20.531+0000] {processor.py:208} INFO - Processing /opt/airflow/dags/no_use/spotify_today_track_dag.py took 0.068 seconds
[2024-11-26T01:59:51.069+0000] {processor.py:186} INFO - Started process (PID=534) to work on /opt/airflow/dags/no_use/spotify_today_track_dag.py
[2024-11-26T01:59:51.070+0000] {processor.py:914} INFO - Processing file /opt/airflow/dags/no_use/spotify_today_track_dag.py for tasks to queue
[2024-11-26T01:59:51.070+0000] {logging_mixin.py:190} INFO - [2024-11-26T01:59:51.070+0000] {dagbag.py:588} INFO - Filling up the DagBag from /opt/airflow/dags/no_use/spotify_today_track_dag.py
[2024-11-26T01:59:51.105+0000] {processor.py:925} INFO - DAG(s) 'spotify_etl_dag_today_track' retrieved from /opt/airflow/dags/no_use/spotify_today_track_dag.py
[2024-11-26T01:59:51.115+0000] {logging_mixin.py:190} INFO - [2024-11-26T01:59:51.114+0000] {dag.py:3239} INFO - Sync 1 DAGs
[2024-11-26T01:59:51.123+0000] {logging_mixin.py:190} INFO - [2024-11-26T01:59:51.123+0000] {dag.py:4180} INFO - Setting next_dagrun for spotify_etl_dag_today_track to 2024-11-26 00:00:00+00:00, run_after=2024-11-27 00:00:00+00:00
[2024-11-26T01:59:51.130+0000] {processor.py:208} INFO - Processing /opt/airflow/dags/no_use/spotify_today_track_dag.py took 0.063 seconds
[2024-11-26T02:00:21.768+0000] {processor.py:186} INFO - Started process (PID=553) to work on /opt/airflow/dags/no_use/spotify_today_track_dag.py
[2024-11-26T02:00:21.768+0000] {processor.py:914} INFO - Processing file /opt/airflow/dags/no_use/spotify_today_track_dag.py for tasks to queue
[2024-11-26T02:00:21.769+0000] {logging_mixin.py:190} INFO - [2024-11-26T02:00:21.769+0000] {dagbag.py:588} INFO - Filling up the DagBag from /opt/airflow/dags/no_use/spotify_today_track_dag.py
[2024-11-26T02:00:21.796+0000] {processor.py:925} INFO - DAG(s) 'spotify_etl_dag_today_track' retrieved from /opt/airflow/dags/no_use/spotify_today_track_dag.py
[2024-11-26T02:00:21.810+0000] {logging_mixin.py:190} INFO - [2024-11-26T02:00:21.809+0000] {dag.py:3239} INFO - Sync 1 DAGs
[2024-11-26T02:00:21.820+0000] {logging_mixin.py:190} INFO - [2024-11-26T02:00:21.819+0000] {dag.py:4180} INFO - Setting next_dagrun for spotify_etl_dag_today_track to 2024-11-26 00:00:00+00:00, run_after=2024-11-27 00:00:00+00:00
[2024-11-26T02:00:21.828+0000] {processor.py:208} INFO - Processing /opt/airflow/dags/no_use/spotify_today_track_dag.py took 0.063 seconds
[2024-11-26T02:00:52.268+0000] {processor.py:186} INFO - Started process (PID=573) to work on /opt/airflow/dags/no_use/spotify_today_track_dag.py
[2024-11-26T02:00:52.268+0000] {processor.py:914} INFO - Processing file /opt/airflow/dags/no_use/spotify_today_track_dag.py for tasks to queue
[2024-11-26T02:00:52.269+0000] {logging_mixin.py:190} INFO - [2024-11-26T02:00:52.269+0000] {dagbag.py:588} INFO - Filling up the DagBag from /opt/airflow/dags/no_use/spotify_today_track_dag.py
[2024-11-26T02:00:52.301+0000] {processor.py:925} INFO - DAG(s) 'spotify_etl_dag_today_track' retrieved from /opt/airflow/dags/no_use/spotify_today_track_dag.py
[2024-11-26T02:00:52.312+0000] {logging_mixin.py:190} INFO - [2024-11-26T02:00:52.312+0000] {dag.py:3239} INFO - Sync 1 DAGs
[2024-11-26T02:00:52.323+0000] {logging_mixin.py:190} INFO - [2024-11-26T02:00:52.323+0000] {dag.py:4180} INFO - Setting next_dagrun for spotify_etl_dag_today_track to 2024-11-26 00:00:00+00:00, run_after=2024-11-27 00:00:00+00:00
[2024-11-26T02:00:52.329+0000] {processor.py:208} INFO - Processing /opt/airflow/dags/no_use/spotify_today_track_dag.py took 0.065 seconds
[2024-11-26T02:01:23.455+0000] {processor.py:186} INFO - Started process (PID=601) to work on /opt/airflow/dags/no_use/spotify_today_track_dag.py
[2024-11-26T02:01:23.456+0000] {processor.py:914} INFO - Processing file /opt/airflow/dags/no_use/spotify_today_track_dag.py for tasks to queue
[2024-11-26T02:01:23.456+0000] {logging_mixin.py:190} INFO - [2024-11-26T02:01:23.456+0000] {dagbag.py:588} INFO - Filling up the DagBag from /opt/airflow/dags/no_use/spotify_today_track_dag.py
[2024-11-26T02:01:23.491+0000] {processor.py:925} INFO - DAG(s) 'spotify_etl_dag_today_track' retrieved from /opt/airflow/dags/no_use/spotify_today_track_dag.py
[2024-11-26T02:01:23.507+0000] {logging_mixin.py:190} INFO - [2024-11-26T02:01:23.507+0000] {dag.py:3239} INFO - Sync 1 DAGs
[2024-11-26T02:01:23.518+0000] {logging_mixin.py:190} INFO - [2024-11-26T02:01:23.518+0000] {dag.py:4180} INFO - Setting next_dagrun for spotify_etl_dag_today_track to 2024-11-26 00:00:00+00:00, run_after=2024-11-27 00:00:00+00:00
[2024-11-26T02:01:23.524+0000] {processor.py:208} INFO - Processing /opt/airflow/dags/no_use/spotify_today_track_dag.py took 0.072 seconds
[2024-11-26T02:01:53.777+0000] {processor.py:186} INFO - Started process (PID=627) to work on /opt/airflow/dags/no_use/spotify_today_track_dag.py
[2024-11-26T02:01:53.778+0000] {processor.py:914} INFO - Processing file /opt/airflow/dags/no_use/spotify_today_track_dag.py for tasks to queue
[2024-11-26T02:01:53.778+0000] {logging_mixin.py:190} INFO - [2024-11-26T02:01:53.778+0000] {dagbag.py:588} INFO - Filling up the DagBag from /opt/airflow/dags/no_use/spotify_today_track_dag.py
[2024-11-26T02:01:53.803+0000] {processor.py:925} INFO - DAG(s) 'spotify_etl_dag_today_track' retrieved from /opt/airflow/dags/no_use/spotify_today_track_dag.py
[2024-11-26T02:01:53.812+0000] {logging_mixin.py:190} INFO - [2024-11-26T02:01:53.812+0000] {dag.py:3239} INFO - Sync 1 DAGs
[2024-11-26T02:01:53.821+0000] {logging_mixin.py:190} INFO - [2024-11-26T02:01:53.821+0000] {dag.py:4180} INFO - Setting next_dagrun for spotify_etl_dag_today_track to 2024-11-26 00:00:00+00:00, run_after=2024-11-27 00:00:00+00:00
[2024-11-26T02:01:53.827+0000] {processor.py:208} INFO - Processing /opt/airflow/dags/no_use/spotify_today_track_dag.py took 0.052 seconds
[2024-11-26T02:02:24.067+0000] {processor.py:186} INFO - Started process (PID=645) to work on /opt/airflow/dags/no_use/spotify_today_track_dag.py
[2024-11-26T02:02:24.068+0000] {processor.py:914} INFO - Processing file /opt/airflow/dags/no_use/spotify_today_track_dag.py for tasks to queue
[2024-11-26T02:02:24.068+0000] {logging_mixin.py:190} INFO - [2024-11-26T02:02:24.068+0000] {dagbag.py:588} INFO - Filling up the DagBag from /opt/airflow/dags/no_use/spotify_today_track_dag.py
[2024-11-26T02:02:24.096+0000] {processor.py:925} INFO - DAG(s) 'spotify_etl_dag_today_track' retrieved from /opt/airflow/dags/no_use/spotify_today_track_dag.py
[2024-11-26T02:02:24.106+0000] {logging_mixin.py:190} INFO - [2024-11-26T02:02:24.106+0000] {dag.py:3239} INFO - Sync 1 DAGs
[2024-11-26T02:02:24.118+0000] {logging_mixin.py:190} INFO - [2024-11-26T02:02:24.118+0000] {dag.py:4180} INFO - Setting next_dagrun for spotify_etl_dag_today_track to 2024-11-26 00:00:00+00:00, run_after=2024-11-27 00:00:00+00:00
[2024-11-26T02:02:24.124+0000] {processor.py:208} INFO - Processing /opt/airflow/dags/no_use/spotify_today_track_dag.py took 0.060 seconds
[2024-11-26T02:02:54.427+0000] {processor.py:186} INFO - Started process (PID=663) to work on /opt/airflow/dags/no_use/spotify_today_track_dag.py
[2024-11-26T02:02:54.427+0000] {processor.py:914} INFO - Processing file /opt/airflow/dags/no_use/spotify_today_track_dag.py for tasks to queue
[2024-11-26T02:02:54.427+0000] {logging_mixin.py:190} INFO - [2024-11-26T02:02:54.427+0000] {dagbag.py:588} INFO - Filling up the DagBag from /opt/airflow/dags/no_use/spotify_today_track_dag.py
[2024-11-26T02:02:54.451+0000] {processor.py:925} INFO - DAG(s) 'spotify_etl_dag_today_track' retrieved from /opt/airflow/dags/no_use/spotify_today_track_dag.py
[2024-11-26T02:02:54.461+0000] {logging_mixin.py:190} INFO - [2024-11-26T02:02:54.461+0000] {dag.py:3239} INFO - Sync 1 DAGs
[2024-11-26T02:02:54.471+0000] {logging_mixin.py:190} INFO - [2024-11-26T02:02:54.471+0000] {dag.py:4180} INFO - Setting next_dagrun for spotify_etl_dag_today_track to 2024-11-26 00:00:00+00:00, run_after=2024-11-27 00:00:00+00:00
[2024-11-26T02:02:54.476+0000] {processor.py:208} INFO - Processing /opt/airflow/dags/no_use/spotify_today_track_dag.py took 0.052 seconds
[2024-11-26T02:03:25.643+0000] {processor.py:186} INFO - Started process (PID=682) to work on /opt/airflow/dags/no_use/spotify_today_track_dag.py
[2024-11-26T02:03:25.644+0000] {processor.py:914} INFO - Processing file /opt/airflow/dags/no_use/spotify_today_track_dag.py for tasks to queue
[2024-11-26T02:03:25.644+0000] {logging_mixin.py:190} INFO - [2024-11-26T02:03:25.644+0000] {dagbag.py:588} INFO - Filling up the DagBag from /opt/airflow/dags/no_use/spotify_today_track_dag.py
[2024-11-26T02:03:25.671+0000] {processor.py:925} INFO - DAG(s) 'spotify_etl_dag_today_track' retrieved from /opt/airflow/dags/no_use/spotify_today_track_dag.py
[2024-11-26T02:03:25.684+0000] {logging_mixin.py:190} INFO - [2024-11-26T02:03:25.684+0000] {dag.py:3239} INFO - Sync 1 DAGs
[2024-11-26T02:03:25.694+0000] {logging_mixin.py:190} INFO - [2024-11-26T02:03:25.694+0000] {dag.py:4180} INFO - Setting next_dagrun for spotify_etl_dag_today_track to 2024-11-26 00:00:00+00:00, run_after=2024-11-27 00:00:00+00:00
[2024-11-26T02:03:25.706+0000] {processor.py:208} INFO - Processing /opt/airflow/dags/no_use/spotify_today_track_dag.py took 0.066 seconds
[2024-11-26T02:03:56.741+0000] {processor.py:186} INFO - Started process (PID=700) to work on /opt/airflow/dags/no_use/spotify_today_track_dag.py
[2024-11-26T02:03:56.742+0000] {processor.py:914} INFO - Processing file /opt/airflow/dags/no_use/spotify_today_track_dag.py for tasks to queue
[2024-11-26T02:03:56.743+0000] {logging_mixin.py:190} INFO - [2024-11-26T02:03:56.743+0000] {dagbag.py:588} INFO - Filling up the DagBag from /opt/airflow/dags/no_use/spotify_today_track_dag.py
[2024-11-26T02:03:56.773+0000] {processor.py:925} INFO - DAG(s) 'spotify_etl_dag_today_track' retrieved from /opt/airflow/dags/no_use/spotify_today_track_dag.py
[2024-11-26T02:03:56.783+0000] {logging_mixin.py:190} INFO - [2024-11-26T02:03:56.783+0000] {dag.py:3239} INFO - Sync 1 DAGs
[2024-11-26T02:03:56.792+0000] {logging_mixin.py:190} INFO - [2024-11-26T02:03:56.792+0000] {dag.py:4180} INFO - Setting next_dagrun for spotify_etl_dag_today_track to 2024-11-26 00:00:00+00:00, run_after=2024-11-27 00:00:00+00:00
[2024-11-26T02:03:56.798+0000] {processor.py:208} INFO - Processing /opt/airflow/dags/no_use/spotify_today_track_dag.py took 0.060 seconds
[2024-11-26T02:04:27.306+0000] {processor.py:186} INFO - Started process (PID=716) to work on /opt/airflow/dags/no_use/spotify_today_track_dag.py
[2024-11-26T02:04:27.307+0000] {processor.py:914} INFO - Processing file /opt/airflow/dags/no_use/spotify_today_track_dag.py for tasks to queue
[2024-11-26T02:04:27.307+0000] {logging_mixin.py:190} INFO - [2024-11-26T02:04:27.307+0000] {dagbag.py:588} INFO - Filling up the DagBag from /opt/airflow/dags/no_use/spotify_today_track_dag.py
[2024-11-26T02:04:27.330+0000] {processor.py:925} INFO - DAG(s) 'spotify_etl_dag_today_track' retrieved from /opt/airflow/dags/no_use/spotify_today_track_dag.py
[2024-11-26T02:04:27.340+0000] {logging_mixin.py:190} INFO - [2024-11-26T02:04:27.340+0000] {dag.py:3239} INFO - Sync 1 DAGs
[2024-11-26T02:04:27.349+0000] {logging_mixin.py:190} INFO - [2024-11-26T02:04:27.349+0000] {dag.py:4180} INFO - Setting next_dagrun for spotify_etl_dag_today_track to 2024-11-26 00:00:00+00:00, run_after=2024-11-27 00:00:00+00:00
[2024-11-26T02:04:27.354+0000] {processor.py:208} INFO - Processing /opt/airflow/dags/no_use/spotify_today_track_dag.py took 0.050 seconds
[2024-11-26T02:04:58.672+0000] {processor.py:186} INFO - Started process (PID=735) to work on /opt/airflow/dags/no_use/spotify_today_track_dag.py
[2024-11-26T02:04:58.672+0000] {processor.py:914} INFO - Processing file /opt/airflow/dags/no_use/spotify_today_track_dag.py for tasks to queue
[2024-11-26T02:04:58.673+0000] {logging_mixin.py:190} INFO - [2024-11-26T02:04:58.673+0000] {dagbag.py:588} INFO - Filling up the DagBag from /opt/airflow/dags/no_use/spotify_today_track_dag.py
[2024-11-26T02:04:58.703+0000] {processor.py:925} INFO - DAG(s) 'spotify_etl_dag_today_track' retrieved from /opt/airflow/dags/no_use/spotify_today_track_dag.py
[2024-11-26T02:04:58.715+0000] {logging_mixin.py:190} INFO - [2024-11-26T02:04:58.715+0000] {dag.py:3239} INFO - Sync 1 DAGs
[2024-11-26T02:04:58.727+0000] {logging_mixin.py:190} INFO - [2024-11-26T02:04:58.727+0000] {dag.py:4180} INFO - Setting next_dagrun for spotify_etl_dag_today_track to 2024-11-26 00:00:00+00:00, run_after=2024-11-27 00:00:00+00:00
[2024-11-26T02:04:58.736+0000] {processor.py:208} INFO - Processing /opt/airflow/dags/no_use/spotify_today_track_dag.py took 0.067 seconds
[2024-11-26T02:05:28.885+0000] {processor.py:186} INFO - Started process (PID=752) to work on /opt/airflow/dags/no_use/spotify_today_track_dag.py
[2024-11-26T02:05:28.886+0000] {processor.py:914} INFO - Processing file /opt/airflow/dags/no_use/spotify_today_track_dag.py for tasks to queue
[2024-11-26T02:05:28.886+0000] {logging_mixin.py:190} INFO - [2024-11-26T02:05:28.886+0000] {dagbag.py:588} INFO - Filling up the DagBag from /opt/airflow/dags/no_use/spotify_today_track_dag.py
[2024-11-26T02:05:28.913+0000] {processor.py:925} INFO - DAG(s) 'spotify_etl_dag_today_track' retrieved from /opt/airflow/dags/no_use/spotify_today_track_dag.py
[2024-11-26T02:05:28.924+0000] {logging_mixin.py:190} INFO - [2024-11-26T02:05:28.924+0000] {dag.py:3239} INFO - Sync 1 DAGs
[2024-11-26T02:05:28.934+0000] {logging_mixin.py:190} INFO - [2024-11-26T02:05:28.933+0000] {dag.py:4180} INFO - Setting next_dagrun for spotify_etl_dag_today_track to 2024-11-26 00:00:00+00:00, run_after=2024-11-27 00:00:00+00:00
[2024-11-26T02:05:28.940+0000] {processor.py:208} INFO - Processing /opt/airflow/dags/no_use/spotify_today_track_dag.py took 0.057 seconds
[2024-11-26T02:05:59.430+0000] {processor.py:186} INFO - Started process (PID=771) to work on /opt/airflow/dags/no_use/spotify_today_track_dag.py
[2024-11-26T02:05:59.430+0000] {processor.py:914} INFO - Processing file /opt/airflow/dags/no_use/spotify_today_track_dag.py for tasks to queue
[2024-11-26T02:05:59.431+0000] {logging_mixin.py:190} INFO - [2024-11-26T02:05:59.431+0000] {dagbag.py:588} INFO - Filling up the DagBag from /opt/airflow/dags/no_use/spotify_today_track_dag.py
[2024-11-26T02:05:59.458+0000] {processor.py:925} INFO - DAG(s) 'spotify_etl_dag_today_track' retrieved from /opt/airflow/dags/no_use/spotify_today_track_dag.py
[2024-11-26T02:05:59.469+0000] {logging_mixin.py:190} INFO - [2024-11-26T02:05:59.468+0000] {dag.py:3239} INFO - Sync 1 DAGs
[2024-11-26T02:05:59.479+0000] {logging_mixin.py:190} INFO - [2024-11-26T02:05:59.479+0000] {dag.py:4180} INFO - Setting next_dagrun for spotify_etl_dag_today_track to 2024-11-26 00:00:00+00:00, run_after=2024-11-27 00:00:00+00:00
[2024-11-26T02:05:59.484+0000] {processor.py:208} INFO - Processing /opt/airflow/dags/no_use/spotify_today_track_dag.py took 0.057 seconds
[2024-11-26T02:06:30.644+0000] {processor.py:186} INFO - Started process (PID=789) to work on /opt/airflow/dags/no_use/spotify_today_track_dag.py
[2024-11-26T02:06:30.645+0000] {processor.py:914} INFO - Processing file /opt/airflow/dags/no_use/spotify_today_track_dag.py for tasks to queue
[2024-11-26T02:06:30.645+0000] {logging_mixin.py:190} INFO - [2024-11-26T02:06:30.645+0000] {dagbag.py:588} INFO - Filling up the DagBag from /opt/airflow/dags/no_use/spotify_today_track_dag.py
[2024-11-26T02:06:30.675+0000] {processor.py:925} INFO - DAG(s) 'spotify_etl_dag_today_track' retrieved from /opt/airflow/dags/no_use/spotify_today_track_dag.py
[2024-11-26T02:06:30.686+0000] {logging_mixin.py:190} INFO - [2024-11-26T02:06:30.686+0000] {dag.py:3239} INFO - Sync 1 DAGs
[2024-11-26T02:06:30.697+0000] {logging_mixin.py:190} INFO - [2024-11-26T02:06:30.697+0000] {dag.py:4180} INFO - Setting next_dagrun for spotify_etl_dag_today_track to 2024-11-26 00:00:00+00:00, run_after=2024-11-27 00:00:00+00:00
[2024-11-26T02:06:30.704+0000] {processor.py:208} INFO - Processing /opt/airflow/dags/no_use/spotify_today_track_dag.py took 0.063 seconds
[2024-11-26T02:07:01.080+0000] {processor.py:186} INFO - Started process (PID=805) to work on /opt/airflow/dags/no_use/spotify_today_track_dag.py
[2024-11-26T02:07:01.080+0000] {processor.py:914} INFO - Processing file /opt/airflow/dags/no_use/spotify_today_track_dag.py for tasks to queue
[2024-11-26T02:07:01.081+0000] {logging_mixin.py:190} INFO - [2024-11-26T02:07:01.081+0000] {dagbag.py:588} INFO - Filling up the DagBag from /opt/airflow/dags/no_use/spotify_today_track_dag.py
[2024-11-26T02:07:01.133+0000] {processor.py:925} INFO - DAG(s) 'spotify_etl_dag_today_track' retrieved from /opt/airflow/dags/no_use/spotify_today_track_dag.py
[2024-11-26T02:07:01.159+0000] {logging_mixin.py:190} INFO - [2024-11-26T02:07:01.159+0000] {dag.py:3239} INFO - Sync 1 DAGs
[2024-11-26T02:07:01.193+0000] {logging_mixin.py:190} INFO - [2024-11-26T02:07:01.193+0000] {dag.py:4180} INFO - Setting next_dagrun for spotify_etl_dag_today_track to 2024-11-26 00:00:00+00:00, run_after=2024-11-27 00:00:00+00:00
[2024-11-26T02:07:01.206+0000] {processor.py:208} INFO - Processing /opt/airflow/dags/no_use/spotify_today_track_dag.py took 0.130 seconds
[2024-11-26T02:07:31.503+0000] {processor.py:186} INFO - Started process (PID=824) to work on /opt/airflow/dags/no_use/spotify_today_track_dag.py
[2024-11-26T02:07:31.503+0000] {processor.py:914} INFO - Processing file /opt/airflow/dags/no_use/spotify_today_track_dag.py for tasks to queue
[2024-11-26T02:07:31.504+0000] {logging_mixin.py:190} INFO - [2024-11-26T02:07:31.504+0000] {dagbag.py:588} INFO - Filling up the DagBag from /opt/airflow/dags/no_use/spotify_today_track_dag.py
[2024-11-26T02:07:31.530+0000] {processor.py:925} INFO - DAG(s) 'spotify_etl_dag_today_track' retrieved from /opt/airflow/dags/no_use/spotify_today_track_dag.py
[2024-11-26T02:07:31.541+0000] {logging_mixin.py:190} INFO - [2024-11-26T02:07:31.541+0000] {dag.py:3239} INFO - Sync 1 DAGs
[2024-11-26T02:07:31.552+0000] {logging_mixin.py:190} INFO - [2024-11-26T02:07:31.551+0000] {dag.py:4180} INFO - Setting next_dagrun for spotify_etl_dag_today_track to 2024-11-26 00:00:00+00:00, run_after=2024-11-27 00:00:00+00:00
[2024-11-26T02:07:31.558+0000] {processor.py:208} INFO - Processing /opt/airflow/dags/no_use/spotify_today_track_dag.py took 0.058 seconds
[2024-11-26T02:08:01.978+0000] {processor.py:186} INFO - Started process (PID=842) to work on /opt/airflow/dags/no_use/spotify_today_track_dag.py
[2024-11-26T02:08:01.979+0000] {processor.py:914} INFO - Processing file /opt/airflow/dags/no_use/spotify_today_track_dag.py for tasks to queue
[2024-11-26T02:08:01.980+0000] {logging_mixin.py:190} INFO - [2024-11-26T02:08:01.980+0000] {dagbag.py:588} INFO - Filling up the DagBag from /opt/airflow/dags/no_use/spotify_today_track_dag.py
[2024-11-26T02:08:02.004+0000] {processor.py:925} INFO - DAG(s) 'spotify_etl_dag_today_track' retrieved from /opt/airflow/dags/no_use/spotify_today_track_dag.py
[2024-11-26T02:08:02.016+0000] {logging_mixin.py:190} INFO - [2024-11-26T02:08:02.016+0000] {dag.py:3239} INFO - Sync 1 DAGs
[2024-11-26T02:08:02.026+0000] {logging_mixin.py:190} INFO - [2024-11-26T02:08:02.026+0000] {dag.py:4180} INFO - Setting next_dagrun for spotify_etl_dag_today_track to 2024-11-26 00:00:00+00:00, run_after=2024-11-27 00:00:00+00:00
[2024-11-26T02:08:02.031+0000] {processor.py:208} INFO - Processing /opt/airflow/dags/no_use/spotify_today_track_dag.py took 0.055 seconds
[2024-11-26T02:08:32.632+0000] {processor.py:186} INFO - Started process (PID=860) to work on /opt/airflow/dags/no_use/spotify_today_track_dag.py
[2024-11-26T02:08:32.632+0000] {processor.py:914} INFO - Processing file /opt/airflow/dags/no_use/spotify_today_track_dag.py for tasks to queue
[2024-11-26T02:08:32.633+0000] {logging_mixin.py:190} INFO - [2024-11-26T02:08:32.633+0000] {dagbag.py:588} INFO - Filling up the DagBag from /opt/airflow/dags/no_use/spotify_today_track_dag.py
[2024-11-26T02:08:32.661+0000] {processor.py:925} INFO - DAG(s) 'spotify_etl_dag_today_track' retrieved from /opt/airflow/dags/no_use/spotify_today_track_dag.py
[2024-11-26T02:08:32.671+0000] {logging_mixin.py:190} INFO - [2024-11-26T02:08:32.671+0000] {dag.py:3239} INFO - Sync 1 DAGs
[2024-11-26T02:08:32.682+0000] {logging_mixin.py:190} INFO - [2024-11-26T02:08:32.681+0000] {dag.py:4180} INFO - Setting next_dagrun for spotify_etl_dag_today_track to 2024-11-26 00:00:00+00:00, run_after=2024-11-27 00:00:00+00:00
[2024-11-26T02:08:32.688+0000] {processor.py:208} INFO - Processing /opt/airflow/dags/no_use/spotify_today_track_dag.py took 0.059 seconds
[2024-11-26T02:09:02.879+0000] {processor.py:186} INFO - Started process (PID=878) to work on /opt/airflow/dags/no_use/spotify_today_track_dag.py
[2024-11-26T02:09:02.880+0000] {processor.py:914} INFO - Processing file /opt/airflow/dags/no_use/spotify_today_track_dag.py for tasks to queue
[2024-11-26T02:09:02.880+0000] {logging_mixin.py:190} INFO - [2024-11-26T02:09:02.880+0000] {dagbag.py:588} INFO - Filling up the DagBag from /opt/airflow/dags/no_use/spotify_today_track_dag.py
[2024-11-26T02:09:02.911+0000] {processor.py:925} INFO - DAG(s) 'spotify_etl_dag_today_track' retrieved from /opt/airflow/dags/no_use/spotify_today_track_dag.py
[2024-11-26T02:09:02.921+0000] {logging_mixin.py:190} INFO - [2024-11-26T02:09:02.921+0000] {dag.py:3239} INFO - Sync 1 DAGs
[2024-11-26T02:09:02.931+0000] {logging_mixin.py:190} INFO - [2024-11-26T02:09:02.930+0000] {dag.py:4180} INFO - Setting next_dagrun for spotify_etl_dag_today_track to 2024-11-26 00:00:00+00:00, run_after=2024-11-27 00:00:00+00:00
[2024-11-26T02:09:02.937+0000] {processor.py:208} INFO - Processing /opt/airflow/dags/no_use/spotify_today_track_dag.py took 0.061 seconds
[2024-11-26T02:09:33.414+0000] {processor.py:186} INFO - Started process (PID=896) to work on /opt/airflow/dags/no_use/spotify_today_track_dag.py
[2024-11-26T02:09:33.415+0000] {processor.py:914} INFO - Processing file /opt/airflow/dags/no_use/spotify_today_track_dag.py for tasks to queue
[2024-11-26T02:09:33.415+0000] {logging_mixin.py:190} INFO - [2024-11-26T02:09:33.415+0000] {dagbag.py:588} INFO - Filling up the DagBag from /opt/airflow/dags/no_use/spotify_today_track_dag.py
[2024-11-26T02:09:33.441+0000] {processor.py:925} INFO - DAG(s) 'spotify_etl_dag_today_track' retrieved from /opt/airflow/dags/no_use/spotify_today_track_dag.py
[2024-11-26T02:09:33.452+0000] {logging_mixin.py:190} INFO - [2024-11-26T02:09:33.451+0000] {dag.py:3239} INFO - Sync 1 DAGs
[2024-11-26T02:09:33.462+0000] {logging_mixin.py:190} INFO - [2024-11-26T02:09:33.462+0000] {dag.py:4180} INFO - Setting next_dagrun for spotify_etl_dag_today_track to 2024-11-26 00:00:00+00:00, run_after=2024-11-27 00:00:00+00:00
[2024-11-26T02:09:33.470+0000] {processor.py:208} INFO - Processing /opt/airflow/dags/no_use/spotify_today_track_dag.py took 0.058 seconds
[2024-11-26T02:10:03.771+0000] {processor.py:186} INFO - Started process (PID=913) to work on /opt/airflow/dags/no_use/spotify_today_track_dag.py
[2024-11-26T02:10:03.772+0000] {processor.py:914} INFO - Processing file /opt/airflow/dags/no_use/spotify_today_track_dag.py for tasks to queue
[2024-11-26T02:10:03.773+0000] {logging_mixin.py:190} INFO - [2024-11-26T02:10:03.773+0000] {dagbag.py:588} INFO - Filling up the DagBag from /opt/airflow/dags/no_use/spotify_today_track_dag.py
[2024-11-26T02:10:03.797+0000] {processor.py:925} INFO - DAG(s) 'spotify_etl_dag_today_track' retrieved from /opt/airflow/dags/no_use/spotify_today_track_dag.py
[2024-11-26T02:10:03.808+0000] {logging_mixin.py:190} INFO - [2024-11-26T02:10:03.808+0000] {dag.py:3239} INFO - Sync 1 DAGs
[2024-11-26T02:10:03.817+0000] {logging_mixin.py:190} INFO - [2024-11-26T02:10:03.817+0000] {dag.py:4180} INFO - Setting next_dagrun for spotify_etl_dag_today_track to 2024-11-26 00:00:00+00:00, run_after=2024-11-27 00:00:00+00:00
[2024-11-26T02:10:03.826+0000] {processor.py:208} INFO - Processing /opt/airflow/dags/no_use/spotify_today_track_dag.py took 0.058 seconds
[2024-11-26T02:10:34.369+0000] {processor.py:186} INFO - Started process (PID=932) to work on /opt/airflow/dags/no_use/spotify_today_track_dag.py
[2024-11-26T02:10:34.370+0000] {processor.py:914} INFO - Processing file /opt/airflow/dags/no_use/spotify_today_track_dag.py for tasks to queue
[2024-11-26T02:10:34.371+0000] {logging_mixin.py:190} INFO - [2024-11-26T02:10:34.371+0000] {dagbag.py:588} INFO - Filling up the DagBag from /opt/airflow/dags/no_use/spotify_today_track_dag.py
[2024-11-26T02:10:34.403+0000] {processor.py:925} INFO - DAG(s) 'spotify_etl_dag_today_track' retrieved from /opt/airflow/dags/no_use/spotify_today_track_dag.py
[2024-11-26T02:10:34.417+0000] {logging_mixin.py:190} INFO - [2024-11-26T02:10:34.416+0000] {dag.py:3239} INFO - Sync 1 DAGs
[2024-11-26T02:10:34.431+0000] {logging_mixin.py:190} INFO - [2024-11-26T02:10:34.431+0000] {dag.py:4180} INFO - Setting next_dagrun for spotify_etl_dag_today_track to 2024-11-26 00:00:00+00:00, run_after=2024-11-27 00:00:00+00:00
[2024-11-26T02:10:34.440+0000] {processor.py:208} INFO - Processing /opt/airflow/dags/no_use/spotify_today_track_dag.py took 0.074 seconds
[2024-11-26T02:11:04.856+0000] {processor.py:186} INFO - Started process (PID=950) to work on /opt/airflow/dags/no_use/spotify_today_track_dag.py
[2024-11-26T02:11:04.857+0000] {processor.py:914} INFO - Processing file /opt/airflow/dags/no_use/spotify_today_track_dag.py for tasks to queue
[2024-11-26T02:11:04.857+0000] {logging_mixin.py:190} INFO - [2024-11-26T02:11:04.857+0000] {dagbag.py:588} INFO - Filling up the DagBag from /opt/airflow/dags/no_use/spotify_today_track_dag.py
[2024-11-26T02:11:04.887+0000] {processor.py:925} INFO - DAG(s) 'spotify_etl_dag_today_track' retrieved from /opt/airflow/dags/no_use/spotify_today_track_dag.py
[2024-11-26T02:11:04.898+0000] {logging_mixin.py:190} INFO - [2024-11-26T02:11:04.898+0000] {dag.py:3239} INFO - Sync 1 DAGs
[2024-11-26T02:11:04.908+0000] {logging_mixin.py:190} INFO - [2024-11-26T02:11:04.908+0000] {dag.py:4180} INFO - Setting next_dagrun for spotify_etl_dag_today_track to 2024-11-26 00:00:00+00:00, run_after=2024-11-27 00:00:00+00:00
[2024-11-26T02:11:04.914+0000] {processor.py:208} INFO - Processing /opt/airflow/dags/no_use/spotify_today_track_dag.py took 0.061 seconds
[2024-11-26T02:11:35.584+0000] {processor.py:186} INFO - Started process (PID=968) to work on /opt/airflow/dags/no_use/spotify_today_track_dag.py
[2024-11-26T02:11:35.585+0000] {processor.py:914} INFO - Processing file /opt/airflow/dags/no_use/spotify_today_track_dag.py for tasks to queue
[2024-11-26T02:11:35.585+0000] {logging_mixin.py:190} INFO - [2024-11-26T02:11:35.585+0000] {dagbag.py:588} INFO - Filling up the DagBag from /opt/airflow/dags/no_use/spotify_today_track_dag.py
[2024-11-26T02:11:35.615+0000] {processor.py:925} INFO - DAG(s) 'spotify_etl_dag_today_track' retrieved from /opt/airflow/dags/no_use/spotify_today_track_dag.py
[2024-11-26T02:11:35.632+0000] {logging_mixin.py:190} INFO - [2024-11-26T02:11:35.632+0000] {dag.py:3239} INFO - Sync 1 DAGs
[2024-11-26T02:11:35.641+0000] {logging_mixin.py:190} INFO - [2024-11-26T02:11:35.641+0000] {dag.py:4180} INFO - Setting next_dagrun for spotify_etl_dag_today_track to 2024-11-26 00:00:00+00:00, run_after=2024-11-27 00:00:00+00:00
[2024-11-26T02:11:35.647+0000] {processor.py:208} INFO - Processing /opt/airflow/dags/no_use/spotify_today_track_dag.py took 0.066 seconds
[2024-11-26T02:12:06.155+0000] {processor.py:186} INFO - Started process (PID=986) to work on /opt/airflow/dags/no_use/spotify_today_track_dag.py
[2024-11-26T02:12:06.157+0000] {processor.py:914} INFO - Processing file /opt/airflow/dags/no_use/spotify_today_track_dag.py for tasks to queue
[2024-11-26T02:12:06.159+0000] {logging_mixin.py:190} INFO - [2024-11-26T02:12:06.158+0000] {dagbag.py:588} INFO - Filling up the DagBag from /opt/airflow/dags/no_use/spotify_today_track_dag.py
[2024-11-26T02:12:06.186+0000] {processor.py:925} INFO - DAG(s) 'spotify_etl_dag_today_track' retrieved from /opt/airflow/dags/no_use/spotify_today_track_dag.py
[2024-11-26T02:12:06.198+0000] {logging_mixin.py:190} INFO - [2024-11-26T02:12:06.198+0000] {dag.py:3239} INFO - Sync 1 DAGs
[2024-11-26T02:12:06.210+0000] {logging_mixin.py:190} INFO - [2024-11-26T02:12:06.210+0000] {dag.py:4180} INFO - Setting next_dagrun for spotify_etl_dag_today_track to 2024-11-26 00:00:00+00:00, run_after=2024-11-27 00:00:00+00:00
[2024-11-26T02:12:06.218+0000] {processor.py:208} INFO - Processing /opt/airflow/dags/no_use/spotify_today_track_dag.py took 0.065 seconds
[2024-11-26T02:12:37.444+0000] {processor.py:186} INFO - Started process (PID=1013) to work on /opt/airflow/dags/no_use/spotify_today_track_dag.py
[2024-11-26T02:12:37.445+0000] {processor.py:914} INFO - Processing file /opt/airflow/dags/no_use/spotify_today_track_dag.py for tasks to queue
[2024-11-26T02:12:37.446+0000] {logging_mixin.py:190} INFO - [2024-11-26T02:12:37.446+0000] {dagbag.py:588} INFO - Filling up the DagBag from /opt/airflow/dags/no_use/spotify_today_track_dag.py
[2024-11-26T02:12:37.474+0000] {processor.py:925} INFO - DAG(s) 'spotify_etl_dag_today_track' retrieved from /opt/airflow/dags/no_use/spotify_today_track_dag.py
[2024-11-26T02:12:37.485+0000] {logging_mixin.py:190} INFO - [2024-11-26T02:12:37.484+0000] {dag.py:3239} INFO - Sync 1 DAGs
[2024-11-26T02:12:37.493+0000] {logging_mixin.py:190} INFO - [2024-11-26T02:12:37.493+0000] {dag.py:4180} INFO - Setting next_dagrun for spotify_etl_dag_today_track to 2024-11-26 00:00:00+00:00, run_after=2024-11-27 00:00:00+00:00
[2024-11-26T02:12:37.500+0000] {processor.py:208} INFO - Processing /opt/airflow/dags/no_use/spotify_today_track_dag.py took 0.059 seconds
[2024-11-26T02:13:08.445+0000] {processor.py:186} INFO - Started process (PID=1031) to work on /opt/airflow/dags/no_use/spotify_today_track_dag.py
[2024-11-26T02:13:08.446+0000] {processor.py:914} INFO - Processing file /opt/airflow/dags/no_use/spotify_today_track_dag.py for tasks to queue
[2024-11-26T02:13:08.446+0000] {logging_mixin.py:190} INFO - [2024-11-26T02:13:08.446+0000] {dagbag.py:588} INFO - Filling up the DagBag from /opt/airflow/dags/no_use/spotify_today_track_dag.py
[2024-11-26T02:13:08.475+0000] {processor.py:925} INFO - DAG(s) 'spotify_etl_dag_today_track' retrieved from /opt/airflow/dags/no_use/spotify_today_track_dag.py
[2024-11-26T02:13:08.488+0000] {logging_mixin.py:190} INFO - [2024-11-26T02:13:08.488+0000] {dag.py:3239} INFO - Sync 1 DAGs
[2024-11-26T02:13:08.501+0000] {logging_mixin.py:190} INFO - [2024-11-26T02:13:08.501+0000] {dag.py:4180} INFO - Setting next_dagrun for spotify_etl_dag_today_track to 2024-11-26 00:00:00+00:00, run_after=2024-11-27 00:00:00+00:00
[2024-11-26T02:13:08.508+0000] {processor.py:208} INFO - Processing /opt/airflow/dags/no_use/spotify_today_track_dag.py took 0.066 seconds
