[2024-11-26T01:48:39.310+0000] {processor.py:186} INFO - Started process (PID=50) to work on /opt/airflow/dags/no_use/youtube_playlist_dag.py
[2024-11-26T01:48:39.316+0000] {processor.py:914} INFO - Processing file /opt/airflow/dags/no_use/youtube_playlist_dag.py for tasks to queue
[2024-11-26T01:48:39.318+0000] {logging_mixin.py:190} INFO - [2024-11-26T01:48:39.318+0000] {dagbag.py:588} INFO - Filling up the DagBag from /opt/airflow/dags/no_use/youtube_playlist_dag.py
[2024-11-26T01:48:39.765+0000] {processor.py:925} INFO - DAG(s) 'youtube_etl_dag_search' retrieved from /opt/airflow/dags/no_use/youtube_playlist_dag.py
[2024-11-26T01:48:39.886+0000] {logging_mixin.py:190} INFO - [2024-11-26T01:48:39.886+0000] {dag.py:3239} INFO - Sync 1 DAGs
[2024-11-26T01:48:39.900+0000] {logging_mixin.py:190} INFO - [2024-11-26T01:48:39.900+0000] {dag.py:4180} INFO - Setting next_dagrun for youtube_etl_dag_search to 2023-11-22 00:00:00+00:00, run_after=2023-11-23 00:00:00+00:00
[2024-11-26T01:48:39.913+0000] {processor.py:208} INFO - Processing /opt/airflow/dags/no_use/youtube_playlist_dag.py took 0.611 seconds
[2024-11-26T01:49:10.575+0000] {processor.py:186} INFO - Started process (PID=68) to work on /opt/airflow/dags/no_use/youtube_playlist_dag.py
[2024-11-26T01:49:10.576+0000] {processor.py:914} INFO - Processing file /opt/airflow/dags/no_use/youtube_playlist_dag.py for tasks to queue
[2024-11-26T01:49:10.577+0000] {logging_mixin.py:190} INFO - [2024-11-26T01:49:10.577+0000] {dagbag.py:588} INFO - Filling up the DagBag from /opt/airflow/dags/no_use/youtube_playlist_dag.py
[2024-11-26T01:49:10.852+0000] {processor.py:925} INFO - DAG(s) 'youtube_etl_dag_search' retrieved from /opt/airflow/dags/no_use/youtube_playlist_dag.py
[2024-11-26T01:49:10.863+0000] {logging_mixin.py:190} INFO - [2024-11-26T01:49:10.863+0000] {dag.py:3239} INFO - Sync 1 DAGs
[2024-11-26T01:49:10.875+0000] {logging_mixin.py:190} INFO - [2024-11-26T01:49:10.875+0000] {dag.py:4180} INFO - Setting next_dagrun for youtube_etl_dag_search to 2023-11-22 00:00:00+00:00, run_after=2023-11-23 00:00:00+00:00
[2024-11-26T01:49:10.889+0000] {processor.py:208} INFO - Processing /opt/airflow/dags/no_use/youtube_playlist_dag.py took 0.320 seconds
[2024-11-26T01:49:41.260+0000] {processor.py:186} INFO - Started process (PID=86) to work on /opt/airflow/dags/no_use/youtube_playlist_dag.py
[2024-11-26T01:49:41.262+0000] {processor.py:914} INFO - Processing file /opt/airflow/dags/no_use/youtube_playlist_dag.py for tasks to queue
[2024-11-26T01:49:41.265+0000] {logging_mixin.py:190} INFO - [2024-11-26T01:49:41.265+0000] {dagbag.py:588} INFO - Filling up the DagBag from /opt/airflow/dags/no_use/youtube_playlist_dag.py
[2024-11-26T01:49:41.431+0000] {processor.py:925} INFO - DAG(s) 'youtube_etl_dag_search' retrieved from /opt/airflow/dags/no_use/youtube_playlist_dag.py
[2024-11-26T01:49:41.446+0000] {logging_mixin.py:190} INFO - [2024-11-26T01:49:41.445+0000] {dag.py:3239} INFO - Sync 1 DAGs
[2024-11-26T01:49:41.456+0000] {logging_mixin.py:190} INFO - [2024-11-26T01:49:41.456+0000] {dag.py:4180} INFO - Setting next_dagrun for youtube_etl_dag_search to 2023-11-22 00:00:00+00:00, run_after=2023-11-23 00:00:00+00:00
[2024-11-26T01:49:41.466+0000] {processor.py:208} INFO - Processing /opt/airflow/dags/no_use/youtube_playlist_dag.py took 0.211 seconds
[2024-11-26T01:50:11.546+0000] {processor.py:186} INFO - Started process (PID=104) to work on /opt/airflow/dags/no_use/youtube_playlist_dag.py
[2024-11-26T01:50:11.547+0000] {processor.py:914} INFO - Processing file /opt/airflow/dags/no_use/youtube_playlist_dag.py for tasks to queue
[2024-11-26T01:50:11.548+0000] {logging_mixin.py:190} INFO - [2024-11-26T01:50:11.548+0000] {dagbag.py:588} INFO - Filling up the DagBag from /opt/airflow/dags/no_use/youtube_playlist_dag.py
[2024-11-26T01:50:11.693+0000] {processor.py:925} INFO - DAG(s) 'youtube_etl_dag_search' retrieved from /opt/airflow/dags/no_use/youtube_playlist_dag.py
[2024-11-26T01:50:11.705+0000] {logging_mixin.py:190} INFO - [2024-11-26T01:50:11.705+0000] {dag.py:3239} INFO - Sync 1 DAGs
[2024-11-26T01:50:11.714+0000] {logging_mixin.py:190} INFO - [2024-11-26T01:50:11.714+0000] {dag.py:4180} INFO - Setting next_dagrun for youtube_etl_dag_search to 2023-11-22 00:00:00+00:00, run_after=2023-11-23 00:00:00+00:00
[2024-11-26T01:50:11.728+0000] {processor.py:208} INFO - Processing /opt/airflow/dags/no_use/youtube_playlist_dag.py took 0.185 seconds
[2024-11-26T01:50:41.849+0000] {processor.py:186} INFO - Started process (PID=122) to work on /opt/airflow/dags/no_use/youtube_playlist_dag.py
[2024-11-26T01:50:41.849+0000] {processor.py:914} INFO - Processing file /opt/airflow/dags/no_use/youtube_playlist_dag.py for tasks to queue
[2024-11-26T01:50:41.850+0000] {logging_mixin.py:190} INFO - [2024-11-26T01:50:41.850+0000] {dagbag.py:588} INFO - Filling up the DagBag from /opt/airflow/dags/no_use/youtube_playlist_dag.py
[2024-11-26T01:50:42.033+0000] {processor.py:925} INFO - DAG(s) 'youtube_etl_dag_search' retrieved from /opt/airflow/dags/no_use/youtube_playlist_dag.py
[2024-11-26T01:50:42.048+0000] {logging_mixin.py:190} INFO - [2024-11-26T01:50:42.048+0000] {dag.py:3239} INFO - Sync 1 DAGs
[2024-11-26T01:50:42.059+0000] {logging_mixin.py:190} INFO - [2024-11-26T01:50:42.059+0000] {dag.py:4180} INFO - Setting next_dagrun for youtube_etl_dag_search to 2023-11-22 00:00:00+00:00, run_after=2023-11-23 00:00:00+00:00
[2024-11-26T01:50:42.072+0000] {processor.py:208} INFO - Processing /opt/airflow/dags/no_use/youtube_playlist_dag.py took 0.225 seconds
[2024-11-26T01:51:12.153+0000] {processor.py:186} INFO - Started process (PID=139) to work on /opt/airflow/dags/no_use/youtube_playlist_dag.py
[2024-11-26T01:51:12.154+0000] {processor.py:914} INFO - Processing file /opt/airflow/dags/no_use/youtube_playlist_dag.py for tasks to queue
[2024-11-26T01:51:12.156+0000] {logging_mixin.py:190} INFO - [2024-11-26T01:51:12.155+0000] {dagbag.py:588} INFO - Filling up the DagBag from /opt/airflow/dags/no_use/youtube_playlist_dag.py
[2024-11-26T01:51:12.312+0000] {processor.py:925} INFO - DAG(s) 'youtube_etl_dag_search' retrieved from /opt/airflow/dags/no_use/youtube_playlist_dag.py
[2024-11-26T01:51:12.323+0000] {logging_mixin.py:190} INFO - [2024-11-26T01:51:12.323+0000] {dag.py:3239} INFO - Sync 1 DAGs
[2024-11-26T01:51:12.336+0000] {logging_mixin.py:190} INFO - [2024-11-26T01:51:12.336+0000] {dag.py:4180} INFO - Setting next_dagrun for youtube_etl_dag_search to 2023-11-22 00:00:00+00:00, run_after=2023-11-23 00:00:00+00:00
[2024-11-26T01:51:12.348+0000] {processor.py:208} INFO - Processing /opt/airflow/dags/no_use/youtube_playlist_dag.py took 0.198 seconds
[2024-11-26T01:51:42.610+0000] {processor.py:186} INFO - Started process (PID=157) to work on /opt/airflow/dags/no_use/youtube_playlist_dag.py
[2024-11-26T01:51:42.611+0000] {processor.py:914} INFO - Processing file /opt/airflow/dags/no_use/youtube_playlist_dag.py for tasks to queue
[2024-11-26T01:51:42.613+0000] {logging_mixin.py:190} INFO - [2024-11-26T01:51:42.613+0000] {dagbag.py:588} INFO - Filling up the DagBag from /opt/airflow/dags/no_use/youtube_playlist_dag.py
[2024-11-26T01:51:42.768+0000] {processor.py:925} INFO - DAG(s) 'youtube_etl_dag_search' retrieved from /opt/airflow/dags/no_use/youtube_playlist_dag.py
[2024-11-26T01:51:42.783+0000] {logging_mixin.py:190} INFO - [2024-11-26T01:51:42.783+0000] {dag.py:3239} INFO - Sync 1 DAGs
[2024-11-26T01:51:42.795+0000] {logging_mixin.py:190} INFO - [2024-11-26T01:51:42.795+0000] {dag.py:4180} INFO - Setting next_dagrun for youtube_etl_dag_search to 2023-11-22 00:00:00+00:00, run_after=2023-11-23 00:00:00+00:00
[2024-11-26T01:51:42.810+0000] {processor.py:208} INFO - Processing /opt/airflow/dags/no_use/youtube_playlist_dag.py took 0.202 seconds
[2024-11-26T01:52:13.108+0000] {processor.py:186} INFO - Started process (PID=175) to work on /opt/airflow/dags/no_use/youtube_playlist_dag.py
[2024-11-26T01:52:13.108+0000] {processor.py:914} INFO - Processing file /opt/airflow/dags/no_use/youtube_playlist_dag.py for tasks to queue
[2024-11-26T01:52:13.110+0000] {logging_mixin.py:190} INFO - [2024-11-26T01:52:13.109+0000] {dagbag.py:588} INFO - Filling up the DagBag from /opt/airflow/dags/no_use/youtube_playlist_dag.py
[2024-11-26T01:52:13.322+0000] {processor.py:925} INFO - DAG(s) 'youtube_etl_dag_search' retrieved from /opt/airflow/dags/no_use/youtube_playlist_dag.py
[2024-11-26T01:52:13.336+0000] {logging_mixin.py:190} INFO - [2024-11-26T01:52:13.336+0000] {dag.py:3239} INFO - Sync 1 DAGs
[2024-11-26T01:52:13.348+0000] {logging_mixin.py:190} INFO - [2024-11-26T01:52:13.347+0000] {dag.py:4180} INFO - Setting next_dagrun for youtube_etl_dag_search to 2023-11-22 00:00:00+00:00, run_after=2023-11-23 00:00:00+00:00
[2024-11-26T01:52:13.356+0000] {processor.py:208} INFO - Processing /opt/airflow/dags/no_use/youtube_playlist_dag.py took 0.252 seconds
[2024-11-26T01:52:43.479+0000] {processor.py:186} INFO - Started process (PID=200) to work on /opt/airflow/dags/no_use/youtube_playlist_dag.py
[2024-11-26T01:52:43.480+0000] {processor.py:914} INFO - Processing file /opt/airflow/dags/no_use/youtube_playlist_dag.py for tasks to queue
[2024-11-26T01:52:43.481+0000] {logging_mixin.py:190} INFO - [2024-11-26T01:52:43.481+0000] {dagbag.py:588} INFO - Filling up the DagBag from /opt/airflow/dags/no_use/youtube_playlist_dag.py
[2024-11-26T01:52:43.635+0000] {processor.py:925} INFO - DAG(s) 'youtube_etl_dag_search' retrieved from /opt/airflow/dags/no_use/youtube_playlist_dag.py
[2024-11-26T01:52:43.662+0000] {logging_mixin.py:190} INFO - [2024-11-26T01:52:43.662+0000] {dag.py:3239} INFO - Sync 1 DAGs
[2024-11-26T01:52:43.674+0000] {logging_mixin.py:190} INFO - [2024-11-26T01:52:43.674+0000] {dag.py:4180} INFO - Setting next_dagrun for youtube_etl_dag_search to 2023-11-22 00:00:00+00:00, run_after=2023-11-23 00:00:00+00:00
[2024-11-26T01:52:43.688+0000] {processor.py:208} INFO - Processing /opt/airflow/dags/no_use/youtube_playlist_dag.py took 0.212 seconds
[2024-11-26T01:53:13.884+0000] {processor.py:186} INFO - Started process (PID=226) to work on /opt/airflow/dags/no_use/youtube_playlist_dag.py
[2024-11-26T01:53:13.885+0000] {processor.py:914} INFO - Processing file /opt/airflow/dags/no_use/youtube_playlist_dag.py for tasks to queue
[2024-11-26T01:53:13.886+0000] {logging_mixin.py:190} INFO - [2024-11-26T01:53:13.886+0000] {dagbag.py:588} INFO - Filling up the DagBag from /opt/airflow/dags/no_use/youtube_playlist_dag.py
[2024-11-26T01:53:14.048+0000] {processor.py:925} INFO - DAG(s) 'youtube_etl_dag_search' retrieved from /opt/airflow/dags/no_use/youtube_playlist_dag.py
[2024-11-26T01:53:14.066+0000] {logging_mixin.py:190} INFO - [2024-11-26T01:53:14.066+0000] {dag.py:3239} INFO - Sync 1 DAGs
[2024-11-26T01:53:14.080+0000] {logging_mixin.py:190} INFO - [2024-11-26T01:53:14.080+0000] {dag.py:4180} INFO - Setting next_dagrun for youtube_etl_dag_search to 2023-11-22 00:00:00+00:00, run_after=2023-11-23 00:00:00+00:00
[2024-11-26T01:53:14.086+0000] {processor.py:208} INFO - Processing /opt/airflow/dags/no_use/youtube_playlist_dag.py took 0.205 seconds
[2024-11-26T01:53:44.278+0000] {processor.py:186} INFO - Started process (PID=246) to work on /opt/airflow/dags/no_use/youtube_playlist_dag.py
[2024-11-26T01:53:44.279+0000] {processor.py:914} INFO - Processing file /opt/airflow/dags/no_use/youtube_playlist_dag.py for tasks to queue
[2024-11-26T01:53:44.281+0000] {logging_mixin.py:190} INFO - [2024-11-26T01:53:44.280+0000] {dagbag.py:588} INFO - Filling up the DagBag from /opt/airflow/dags/no_use/youtube_playlist_dag.py
[2024-11-26T01:53:44.421+0000] {processor.py:925} INFO - DAG(s) 'youtube_etl_dag_search' retrieved from /opt/airflow/dags/no_use/youtube_playlist_dag.py
[2024-11-26T01:53:44.432+0000] {logging_mixin.py:190} INFO - [2024-11-26T01:53:44.432+0000] {dag.py:3239} INFO - Sync 1 DAGs
[2024-11-26T01:53:44.440+0000] {logging_mixin.py:190} INFO - [2024-11-26T01:53:44.440+0000] {dag.py:4180} INFO - Setting next_dagrun for youtube_etl_dag_search to 2023-11-22 00:00:00+00:00, run_after=2023-11-23 00:00:00+00:00
[2024-11-26T01:53:44.449+0000] {processor.py:208} INFO - Processing /opt/airflow/dags/no_use/youtube_playlist_dag.py took 0.173 seconds
[2024-11-26T01:54:15.383+0000] {processor.py:186} INFO - Started process (PID=266) to work on /opt/airflow/dags/no_use/youtube_playlist_dag.py
[2024-11-26T01:54:15.385+0000] {processor.py:914} INFO - Processing file /opt/airflow/dags/no_use/youtube_playlist_dag.py for tasks to queue
[2024-11-26T01:54:15.386+0000] {logging_mixin.py:190} INFO - [2024-11-26T01:54:15.386+0000] {dagbag.py:588} INFO - Filling up the DagBag from /opt/airflow/dags/no_use/youtube_playlist_dag.py
[2024-11-26T01:54:15.573+0000] {processor.py:925} INFO - DAG(s) 'youtube_etl_dag_search' retrieved from /opt/airflow/dags/no_use/youtube_playlist_dag.py
[2024-11-26T01:54:15.585+0000] {logging_mixin.py:190} INFO - [2024-11-26T01:54:15.584+0000] {dag.py:3239} INFO - Sync 1 DAGs
[2024-11-26T01:54:15.595+0000] {logging_mixin.py:190} INFO - [2024-11-26T01:54:15.595+0000] {dag.py:4180} INFO - Setting next_dagrun for youtube_etl_dag_search to 2023-11-22 00:00:00+00:00, run_after=2023-11-23 00:00:00+00:00
[2024-11-26T01:54:15.606+0000] {processor.py:208} INFO - Processing /opt/airflow/dags/no_use/youtube_playlist_dag.py took 0.228 seconds
[2024-11-26T01:54:45.757+0000] {processor.py:186} INFO - Started process (PID=293) to work on /opt/airflow/dags/no_use/youtube_playlist_dag.py
[2024-11-26T01:54:45.758+0000] {processor.py:914} INFO - Processing file /opt/airflow/dags/no_use/youtube_playlist_dag.py for tasks to queue
[2024-11-26T01:54:45.761+0000] {logging_mixin.py:190} INFO - [2024-11-26T01:54:45.761+0000] {dagbag.py:588} INFO - Filling up the DagBag from /opt/airflow/dags/no_use/youtube_playlist_dag.py
[2024-11-26T01:54:45.934+0000] {processor.py:925} INFO - DAG(s) 'youtube_etl_dag_search' retrieved from /opt/airflow/dags/no_use/youtube_playlist_dag.py
[2024-11-26T01:54:45.950+0000] {logging_mixin.py:190} INFO - [2024-11-26T01:54:45.950+0000] {dag.py:3239} INFO - Sync 1 DAGs
[2024-11-26T01:54:45.960+0000] {logging_mixin.py:190} INFO - [2024-11-26T01:54:45.960+0000] {dag.py:4180} INFO - Setting next_dagrun for youtube_etl_dag_search to 2023-11-22 00:00:00+00:00, run_after=2023-11-23 00:00:00+00:00
[2024-11-26T01:54:45.969+0000] {processor.py:208} INFO - Processing /opt/airflow/dags/no_use/youtube_playlist_dag.py took 0.217 seconds
[2024-11-26T01:55:16.033+0000] {processor.py:186} INFO - Started process (PID=314) to work on /opt/airflow/dags/no_use/youtube_playlist_dag.py
[2024-11-26T01:55:16.038+0000] {processor.py:914} INFO - Processing file /opt/airflow/dags/no_use/youtube_playlist_dag.py for tasks to queue
[2024-11-26T01:55:16.041+0000] {logging_mixin.py:190} INFO - [2024-11-26T01:55:16.041+0000] {dagbag.py:588} INFO - Filling up the DagBag from /opt/airflow/dags/no_use/youtube_playlist_dag.py
[2024-11-26T01:55:16.261+0000] {processor.py:925} INFO - DAG(s) 'youtube_etl_dag_search' retrieved from /opt/airflow/dags/no_use/youtube_playlist_dag.py
[2024-11-26T01:55:16.280+0000] {logging_mixin.py:190} INFO - [2024-11-26T01:55:16.280+0000] {dag.py:3239} INFO - Sync 1 DAGs
[2024-11-26T01:55:16.293+0000] {logging_mixin.py:190} INFO - [2024-11-26T01:55:16.293+0000] {dag.py:4180} INFO - Setting next_dagrun for youtube_etl_dag_search to 2023-11-22 00:00:00+00:00, run_after=2023-11-23 00:00:00+00:00
[2024-11-26T01:55:16.303+0000] {processor.py:208} INFO - Processing /opt/airflow/dags/no_use/youtube_playlist_dag.py took 0.274 seconds
[2024-11-26T01:55:46.655+0000] {processor.py:186} INFO - Started process (PID=343) to work on /opt/airflow/dags/no_use/youtube_playlist_dag.py
[2024-11-26T01:55:46.656+0000] {processor.py:914} INFO - Processing file /opt/airflow/dags/no_use/youtube_playlist_dag.py for tasks to queue
[2024-11-26T01:55:46.657+0000] {logging_mixin.py:190} INFO - [2024-11-26T01:55:46.657+0000] {dagbag.py:588} INFO - Filling up the DagBag from /opt/airflow/dags/no_use/youtube_playlist_dag.py
[2024-11-26T01:55:46.837+0000] {processor.py:925} INFO - DAG(s) 'youtube_etl_dag_search' retrieved from /opt/airflow/dags/no_use/youtube_playlist_dag.py
[2024-11-26T01:55:46.854+0000] {logging_mixin.py:190} INFO - [2024-11-26T01:55:46.854+0000] {dag.py:3239} INFO - Sync 1 DAGs
[2024-11-26T01:55:46.868+0000] {logging_mixin.py:190} INFO - [2024-11-26T01:55:46.867+0000] {dag.py:4180} INFO - Setting next_dagrun for youtube_etl_dag_search to 2023-11-22 00:00:00+00:00, run_after=2023-11-23 00:00:00+00:00
[2024-11-26T01:55:46.878+0000] {processor.py:208} INFO - Processing /opt/airflow/dags/no_use/youtube_playlist_dag.py took 0.229 seconds
[2024-11-26T01:56:17.817+0000] {processor.py:186} INFO - Started process (PID=370) to work on /opt/airflow/dags/no_use/youtube_playlist_dag.py
[2024-11-26T01:56:17.818+0000] {processor.py:914} INFO - Processing file /opt/airflow/dags/no_use/youtube_playlist_dag.py for tasks to queue
[2024-11-26T01:56:17.821+0000] {logging_mixin.py:190} INFO - [2024-11-26T01:56:17.821+0000] {dagbag.py:588} INFO - Filling up the DagBag from /opt/airflow/dags/no_use/youtube_playlist_dag.py
[2024-11-26T01:56:17.994+0000] {processor.py:925} INFO - DAG(s) 'youtube_etl_dag_search' retrieved from /opt/airflow/dags/no_use/youtube_playlist_dag.py
[2024-11-26T01:56:18.010+0000] {logging_mixin.py:190} INFO - [2024-11-26T01:56:18.009+0000] {dag.py:3239} INFO - Sync 1 DAGs
[2024-11-26T01:56:18.021+0000] {logging_mixin.py:190} INFO - [2024-11-26T01:56:18.021+0000] {dag.py:4180} INFO - Setting next_dagrun for youtube_etl_dag_search to 2023-11-22 00:00:00+00:00, run_after=2023-11-23 00:00:00+00:00
[2024-11-26T01:56:18.032+0000] {processor.py:208} INFO - Processing /opt/airflow/dags/no_use/youtube_playlist_dag.py took 0.219 seconds
[2024-11-26T01:56:48.219+0000] {processor.py:186} INFO - Started process (PID=392) to work on /opt/airflow/dags/no_use/youtube_playlist_dag.py
[2024-11-26T01:56:48.220+0000] {processor.py:914} INFO - Processing file /opt/airflow/dags/no_use/youtube_playlist_dag.py for tasks to queue
[2024-11-26T01:56:48.221+0000] {logging_mixin.py:190} INFO - [2024-11-26T01:56:48.221+0000] {dagbag.py:588} INFO - Filling up the DagBag from /opt/airflow/dags/no_use/youtube_playlist_dag.py
[2024-11-26T01:56:48.398+0000] {processor.py:925} INFO - DAG(s) 'youtube_etl_dag_search' retrieved from /opt/airflow/dags/no_use/youtube_playlist_dag.py
[2024-11-26T01:56:48.419+0000] {logging_mixin.py:190} INFO - [2024-11-26T01:56:48.418+0000] {dag.py:3239} INFO - Sync 1 DAGs
[2024-11-26T01:56:48.436+0000] {logging_mixin.py:190} INFO - [2024-11-26T01:56:48.435+0000] {dag.py:4180} INFO - Setting next_dagrun for youtube_etl_dag_search to 2023-11-22 00:00:00+00:00, run_after=2023-11-23 00:00:00+00:00
[2024-11-26T01:56:48.447+0000] {processor.py:208} INFO - Processing /opt/airflow/dags/no_use/youtube_playlist_dag.py took 0.233 seconds
[2024-11-26T01:57:18.491+0000] {processor.py:186} INFO - Started process (PID=418) to work on /opt/airflow/dags/no_use/youtube_playlist_dag.py
[2024-11-26T01:57:18.492+0000] {processor.py:914} INFO - Processing file /opt/airflow/dags/no_use/youtube_playlist_dag.py for tasks to queue
[2024-11-26T01:57:18.494+0000] {logging_mixin.py:190} INFO - [2024-11-26T01:57:18.494+0000] {dagbag.py:588} INFO - Filling up the DagBag from /opt/airflow/dags/no_use/youtube_playlist_dag.py
[2024-11-26T01:57:18.655+0000] {processor.py:925} INFO - DAG(s) 'youtube_etl_dag_search' retrieved from /opt/airflow/dags/no_use/youtube_playlist_dag.py
[2024-11-26T01:57:18.668+0000] {logging_mixin.py:190} INFO - [2024-11-26T01:57:18.668+0000] {dag.py:3239} INFO - Sync 1 DAGs
[2024-11-26T01:57:18.677+0000] {logging_mixin.py:190} INFO - [2024-11-26T01:57:18.677+0000] {dag.py:4180} INFO - Setting next_dagrun for youtube_etl_dag_search to 2023-11-22 00:00:00+00:00, run_after=2023-11-23 00:00:00+00:00
[2024-11-26T01:57:18.683+0000] {processor.py:208} INFO - Processing /opt/airflow/dags/no_use/youtube_playlist_dag.py took 0.198 seconds
[2024-11-26T01:57:49.015+0000] {processor.py:186} INFO - Started process (PID=438) to work on /opt/airflow/dags/no_use/youtube_playlist_dag.py
[2024-11-26T01:57:49.017+0000] {processor.py:914} INFO - Processing file /opt/airflow/dags/no_use/youtube_playlist_dag.py for tasks to queue
[2024-11-26T01:57:49.020+0000] {logging_mixin.py:190} INFO - [2024-11-26T01:57:49.019+0000] {dagbag.py:588} INFO - Filling up the DagBag from /opt/airflow/dags/no_use/youtube_playlist_dag.py
[2024-11-26T01:57:49.194+0000] {processor.py:925} INFO - DAG(s) 'youtube_etl_dag_search' retrieved from /opt/airflow/dags/no_use/youtube_playlist_dag.py
[2024-11-26T01:57:49.206+0000] {logging_mixin.py:190} INFO - [2024-11-26T01:57:49.206+0000] {dag.py:3239} INFO - Sync 1 DAGs
[2024-11-26T01:57:49.223+0000] {logging_mixin.py:190} INFO - [2024-11-26T01:57:49.223+0000] {dag.py:4180} INFO - Setting next_dagrun for youtube_etl_dag_search to 2023-11-22 00:00:00+00:00, run_after=2023-11-23 00:00:00+00:00
[2024-11-26T01:57:49.235+0000] {processor.py:208} INFO - Processing /opt/airflow/dags/no_use/youtube_playlist_dag.py took 0.224 seconds
[2024-11-26T01:58:19.397+0000] {processor.py:186} INFO - Started process (PID=466) to work on /opt/airflow/dags/no_use/youtube_playlist_dag.py
[2024-11-26T01:58:19.404+0000] {processor.py:914} INFO - Processing file /opt/airflow/dags/no_use/youtube_playlist_dag.py for tasks to queue
[2024-11-26T01:58:19.408+0000] {logging_mixin.py:190} INFO - [2024-11-26T01:58:19.407+0000] {dagbag.py:588} INFO - Filling up the DagBag from /opt/airflow/dags/no_use/youtube_playlist_dag.py
[2024-11-26T01:58:19.584+0000] {processor.py:925} INFO - DAG(s) 'youtube_etl_dag_search' retrieved from /opt/airflow/dags/no_use/youtube_playlist_dag.py
[2024-11-26T01:58:19.601+0000] {logging_mixin.py:190} INFO - [2024-11-26T01:58:19.601+0000] {dag.py:3239} INFO - Sync 1 DAGs
[2024-11-26T01:58:19.613+0000] {logging_mixin.py:190} INFO - [2024-11-26T01:58:19.612+0000] {dag.py:4180} INFO - Setting next_dagrun for youtube_etl_dag_search to 2023-11-22 00:00:00+00:00, run_after=2023-11-23 00:00:00+00:00
[2024-11-26T01:58:19.627+0000] {processor.py:208} INFO - Processing /opt/airflow/dags/no_use/youtube_playlist_dag.py took 0.235 seconds
[2024-11-26T01:58:49.795+0000] {processor.py:186} INFO - Started process (PID=494) to work on /opt/airflow/dags/no_use/youtube_playlist_dag.py
[2024-11-26T01:58:49.797+0000] {processor.py:914} INFO - Processing file /opt/airflow/dags/no_use/youtube_playlist_dag.py for tasks to queue
[2024-11-26T01:58:49.798+0000] {logging_mixin.py:190} INFO - [2024-11-26T01:58:49.798+0000] {dagbag.py:588} INFO - Filling up the DagBag from /opt/airflow/dags/no_use/youtube_playlist_dag.py
[2024-11-26T01:58:49.969+0000] {processor.py:925} INFO - DAG(s) 'youtube_etl_dag_search' retrieved from /opt/airflow/dags/no_use/youtube_playlist_dag.py
[2024-11-26T01:58:49.989+0000] {logging_mixin.py:190} INFO - [2024-11-26T01:58:49.988+0000] {dag.py:3239} INFO - Sync 1 DAGs
[2024-11-26T01:58:50.002+0000] {logging_mixin.py:190} INFO - [2024-11-26T01:58:50.002+0000] {dag.py:4180} INFO - Setting next_dagrun for youtube_etl_dag_search to 2023-11-22 00:00:00+00:00, run_after=2023-11-23 00:00:00+00:00
[2024-11-26T01:58:50.015+0000] {processor.py:208} INFO - Processing /opt/airflow/dags/no_use/youtube_playlist_dag.py took 0.224 seconds
[2024-11-26T01:59:20.050+0000] {processor.py:186} INFO - Started process (PID=512) to work on /opt/airflow/dags/no_use/youtube_playlist_dag.py
[2024-11-26T01:59:20.051+0000] {processor.py:914} INFO - Processing file /opt/airflow/dags/no_use/youtube_playlist_dag.py for tasks to queue
[2024-11-26T01:59:20.053+0000] {logging_mixin.py:190} INFO - [2024-11-26T01:59:20.052+0000] {dagbag.py:588} INFO - Filling up the DagBag from /opt/airflow/dags/no_use/youtube_playlist_dag.py
[2024-11-26T01:59:20.261+0000] {processor.py:925} INFO - DAG(s) 'youtube_etl_dag_search' retrieved from /opt/airflow/dags/no_use/youtube_playlist_dag.py
[2024-11-26T01:59:20.277+0000] {logging_mixin.py:190} INFO - [2024-11-26T01:59:20.277+0000] {dag.py:3239} INFO - Sync 1 DAGs
[2024-11-26T01:59:20.290+0000] {logging_mixin.py:190} INFO - [2024-11-26T01:59:20.290+0000] {dag.py:4180} INFO - Setting next_dagrun for youtube_etl_dag_search to 2023-11-22 00:00:00+00:00, run_after=2023-11-23 00:00:00+00:00
[2024-11-26T01:59:20.300+0000] {processor.py:208} INFO - Processing /opt/airflow/dags/no_use/youtube_playlist_dag.py took 0.257 seconds
[2024-11-26T01:59:50.892+0000] {processor.py:186} INFO - Started process (PID=532) to work on /opt/airflow/dags/no_use/youtube_playlist_dag.py
[2024-11-26T01:59:50.893+0000] {processor.py:914} INFO - Processing file /opt/airflow/dags/no_use/youtube_playlist_dag.py for tasks to queue
[2024-11-26T01:59:50.893+0000] {logging_mixin.py:190} INFO - [2024-11-26T01:59:50.893+0000] {dagbag.py:588} INFO - Filling up the DagBag from /opt/airflow/dags/no_use/youtube_playlist_dag.py
[2024-11-26T01:59:51.029+0000] {processor.py:925} INFO - DAG(s) 'youtube_etl_dag_search' retrieved from /opt/airflow/dags/no_use/youtube_playlist_dag.py
[2024-11-26T01:59:51.040+0000] {logging_mixin.py:190} INFO - [2024-11-26T01:59:51.040+0000] {dag.py:3239} INFO - Sync 1 DAGs
[2024-11-26T01:59:51.048+0000] {logging_mixin.py:190} INFO - [2024-11-26T01:59:51.048+0000] {dag.py:4180} INFO - Setting next_dagrun for youtube_etl_dag_search to 2023-11-22 00:00:00+00:00, run_after=2023-11-23 00:00:00+00:00
[2024-11-26T01:59:51.053+0000] {processor.py:208} INFO - Processing /opt/airflow/dags/no_use/youtube_playlist_dag.py took 0.165 seconds
[2024-11-26T02:00:21.583+0000] {processor.py:186} INFO - Started process (PID=551) to work on /opt/airflow/dags/no_use/youtube_playlist_dag.py
[2024-11-26T02:00:21.584+0000] {processor.py:914} INFO - Processing file /opt/airflow/dags/no_use/youtube_playlist_dag.py for tasks to queue
[2024-11-26T02:00:21.584+0000] {logging_mixin.py:190} INFO - [2024-11-26T02:00:21.584+0000] {dagbag.py:588} INFO - Filling up the DagBag from /opt/airflow/dags/no_use/youtube_playlist_dag.py
[2024-11-26T02:00:21.725+0000] {processor.py:925} INFO - DAG(s) 'youtube_etl_dag_search' retrieved from /opt/airflow/dags/no_use/youtube_playlist_dag.py
[2024-11-26T02:00:21.736+0000] {logging_mixin.py:190} INFO - [2024-11-26T02:00:21.736+0000] {dag.py:3239} INFO - Sync 1 DAGs
[2024-11-26T02:00:21.745+0000] {logging_mixin.py:190} INFO - [2024-11-26T02:00:21.745+0000] {dag.py:4180} INFO - Setting next_dagrun for youtube_etl_dag_search to 2023-11-22 00:00:00+00:00, run_after=2023-11-23 00:00:00+00:00
[2024-11-26T02:00:21.751+0000] {processor.py:208} INFO - Processing /opt/airflow/dags/no_use/youtube_playlist_dag.py took 0.171 seconds
[2024-11-26T02:00:52.061+0000] {processor.py:186} INFO - Started process (PID=571) to work on /opt/airflow/dags/no_use/youtube_playlist_dag.py
[2024-11-26T02:00:52.061+0000] {processor.py:914} INFO - Processing file /opt/airflow/dags/no_use/youtube_playlist_dag.py for tasks to queue
[2024-11-26T02:00:52.062+0000] {logging_mixin.py:190} INFO - [2024-11-26T02:00:52.062+0000] {dagbag.py:588} INFO - Filling up the DagBag from /opt/airflow/dags/no_use/youtube_playlist_dag.py
[2024-11-26T02:00:52.218+0000] {processor.py:925} INFO - DAG(s) 'youtube_etl_dag_search' retrieved from /opt/airflow/dags/no_use/youtube_playlist_dag.py
[2024-11-26T02:00:52.232+0000] {logging_mixin.py:190} INFO - [2024-11-26T02:00:52.232+0000] {dag.py:3239} INFO - Sync 1 DAGs
[2024-11-26T02:00:52.241+0000] {logging_mixin.py:190} INFO - [2024-11-26T02:00:52.241+0000] {dag.py:4180} INFO - Setting next_dagrun for youtube_etl_dag_search to 2023-11-22 00:00:00+00:00, run_after=2023-11-23 00:00:00+00:00
[2024-11-26T02:00:52.249+0000] {processor.py:208} INFO - Processing /opt/airflow/dags/no_use/youtube_playlist_dag.py took 0.191 seconds
[2024-11-26T02:01:23.258+0000] {processor.py:186} INFO - Started process (PID=599) to work on /opt/airflow/dags/no_use/youtube_playlist_dag.py
[2024-11-26T02:01:23.259+0000] {processor.py:914} INFO - Processing file /opt/airflow/dags/no_use/youtube_playlist_dag.py for tasks to queue
[2024-11-26T02:01:23.259+0000] {logging_mixin.py:190} INFO - [2024-11-26T02:01:23.259+0000] {dagbag.py:588} INFO - Filling up the DagBag from /opt/airflow/dags/no_use/youtube_playlist_dag.py
[2024-11-26T02:01:23.412+0000] {processor.py:925} INFO - DAG(s) 'youtube_etl_dag_search' retrieved from /opt/airflow/dags/no_use/youtube_playlist_dag.py
[2024-11-26T02:01:23.423+0000] {logging_mixin.py:190} INFO - [2024-11-26T02:01:23.423+0000] {dag.py:3239} INFO - Sync 1 DAGs
[2024-11-26T02:01:23.432+0000] {logging_mixin.py:190} INFO - [2024-11-26T02:01:23.432+0000] {dag.py:4180} INFO - Setting next_dagrun for youtube_etl_dag_search to 2023-11-22 00:00:00+00:00, run_after=2023-11-23 00:00:00+00:00
[2024-11-26T02:01:23.439+0000] {processor.py:208} INFO - Processing /opt/airflow/dags/no_use/youtube_playlist_dag.py took 0.185 seconds
[2024-11-26T02:01:53.574+0000] {processor.py:186} INFO - Started process (PID=626) to work on /opt/airflow/dags/no_use/youtube_playlist_dag.py
[2024-11-26T02:01:53.575+0000] {processor.py:914} INFO - Processing file /opt/airflow/dags/no_use/youtube_playlist_dag.py for tasks to queue
[2024-11-26T02:01:53.576+0000] {logging_mixin.py:190} INFO - [2024-11-26T02:01:53.576+0000] {dagbag.py:588} INFO - Filling up the DagBag from /opt/airflow/dags/no_use/youtube_playlist_dag.py
[2024-11-26T02:01:53.738+0000] {processor.py:925} INFO - DAG(s) 'youtube_etl_dag_search' retrieved from /opt/airflow/dags/no_use/youtube_playlist_dag.py
[2024-11-26T02:01:53.749+0000] {logging_mixin.py:190} INFO - [2024-11-26T02:01:53.748+0000] {dag.py:3239} INFO - Sync 1 DAGs
[2024-11-26T02:01:53.758+0000] {logging_mixin.py:190} INFO - [2024-11-26T02:01:53.758+0000] {dag.py:4180} INFO - Setting next_dagrun for youtube_etl_dag_search to 2023-11-22 00:00:00+00:00, run_after=2023-11-23 00:00:00+00:00
[2024-11-26T02:01:53.764+0000] {processor.py:208} INFO - Processing /opt/airflow/dags/no_use/youtube_playlist_dag.py took 0.193 seconds
[2024-11-26T02:02:23.881+0000] {processor.py:186} INFO - Started process (PID=644) to work on /opt/airflow/dags/no_use/youtube_playlist_dag.py
[2024-11-26T02:02:23.882+0000] {processor.py:914} INFO - Processing file /opt/airflow/dags/no_use/youtube_playlist_dag.py for tasks to queue
[2024-11-26T02:02:23.882+0000] {logging_mixin.py:190} INFO - [2024-11-26T02:02:23.882+0000] {dagbag.py:588} INFO - Filling up the DagBag from /opt/airflow/dags/no_use/youtube_playlist_dag.py
[2024-11-26T02:02:24.026+0000] {processor.py:925} INFO - DAG(s) 'youtube_etl_dag_search' retrieved from /opt/airflow/dags/no_use/youtube_playlist_dag.py
[2024-11-26T02:02:24.037+0000] {logging_mixin.py:190} INFO - [2024-11-26T02:02:24.037+0000] {dag.py:3239} INFO - Sync 1 DAGs
[2024-11-26T02:02:24.045+0000] {logging_mixin.py:190} INFO - [2024-11-26T02:02:24.045+0000] {dag.py:4180} INFO - Setting next_dagrun for youtube_etl_dag_search to 2023-11-22 00:00:00+00:00, run_after=2023-11-23 00:00:00+00:00
[2024-11-26T02:02:24.050+0000] {processor.py:208} INFO - Processing /opt/airflow/dags/no_use/youtube_playlist_dag.py took 0.173 seconds
[2024-11-26T02:02:54.233+0000] {processor.py:186} INFO - Started process (PID=662) to work on /opt/airflow/dags/no_use/youtube_playlist_dag.py
[2024-11-26T02:02:54.233+0000] {processor.py:914} INFO - Processing file /opt/airflow/dags/no_use/youtube_playlist_dag.py for tasks to queue
[2024-11-26T02:02:54.234+0000] {logging_mixin.py:190} INFO - [2024-11-26T02:02:54.233+0000] {dagbag.py:588} INFO - Filling up the DagBag from /opt/airflow/dags/no_use/youtube_playlist_dag.py
[2024-11-26T02:02:54.378+0000] {processor.py:925} INFO - DAG(s) 'youtube_etl_dag_search' retrieved from /opt/airflow/dags/no_use/youtube_playlist_dag.py
[2024-11-26T02:02:54.395+0000] {logging_mixin.py:190} INFO - [2024-11-26T02:02:54.395+0000] {dag.py:3239} INFO - Sync 1 DAGs
[2024-11-26T02:02:54.406+0000] {logging_mixin.py:190} INFO - [2024-11-26T02:02:54.406+0000] {dag.py:4180} INFO - Setting next_dagrun for youtube_etl_dag_search to 2023-11-22 00:00:00+00:00, run_after=2023-11-23 00:00:00+00:00
[2024-11-26T02:02:54.411+0000] {processor.py:208} INFO - Processing /opt/airflow/dags/no_use/youtube_playlist_dag.py took 0.181 seconds
[2024-11-26T02:03:25.457+0000] {processor.py:186} INFO - Started process (PID=680) to work on /opt/airflow/dags/no_use/youtube_playlist_dag.py
[2024-11-26T02:03:25.458+0000] {processor.py:914} INFO - Processing file /opt/airflow/dags/no_use/youtube_playlist_dag.py for tasks to queue
[2024-11-26T02:03:25.459+0000] {logging_mixin.py:190} INFO - [2024-11-26T02:03:25.459+0000] {dagbag.py:588} INFO - Filling up the DagBag from /opt/airflow/dags/no_use/youtube_playlist_dag.py
[2024-11-26T02:03:25.607+0000] {processor.py:925} INFO - DAG(s) 'youtube_etl_dag_search' retrieved from /opt/airflow/dags/no_use/youtube_playlist_dag.py
[2024-11-26T02:03:25.623+0000] {logging_mixin.py:190} INFO - [2024-11-26T02:03:25.623+0000] {dag.py:3239} INFO - Sync 1 DAGs
[2024-11-26T02:03:25.633+0000] {logging_mixin.py:190} INFO - [2024-11-26T02:03:25.633+0000] {dag.py:4180} INFO - Setting next_dagrun for youtube_etl_dag_search to 2023-11-22 00:00:00+00:00, run_after=2023-11-23 00:00:00+00:00
[2024-11-26T02:03:25.641+0000] {processor.py:208} INFO - Processing /opt/airflow/dags/no_use/youtube_playlist_dag.py took 0.187 seconds
[2024-11-26T02:03:56.529+0000] {processor.py:186} INFO - Started process (PID=698) to work on /opt/airflow/dags/no_use/youtube_playlist_dag.py
[2024-11-26T02:03:56.529+0000] {processor.py:914} INFO - Processing file /opt/airflow/dags/no_use/youtube_playlist_dag.py for tasks to queue
[2024-11-26T02:03:56.530+0000] {logging_mixin.py:190} INFO - [2024-11-26T02:03:56.530+0000] {dagbag.py:588} INFO - Filling up the DagBag from /opt/airflow/dags/no_use/youtube_playlist_dag.py
[2024-11-26T02:03:56.693+0000] {processor.py:925} INFO - DAG(s) 'youtube_etl_dag_search' retrieved from /opt/airflow/dags/no_use/youtube_playlist_dag.py
[2024-11-26T02:03:56.706+0000] {logging_mixin.py:190} INFO - [2024-11-26T02:03:56.705+0000] {dag.py:3239} INFO - Sync 1 DAGs
[2024-11-26T02:03:56.715+0000] {logging_mixin.py:190} INFO - [2024-11-26T02:03:56.715+0000] {dag.py:4180} INFO - Setting next_dagrun for youtube_etl_dag_search to 2023-11-22 00:00:00+00:00, run_after=2023-11-23 00:00:00+00:00
[2024-11-26T02:03:56.722+0000] {processor.py:208} INFO - Processing /opt/airflow/dags/no_use/youtube_playlist_dag.py took 0.196 seconds
[2024-11-26T02:04:27.122+0000] {processor.py:186} INFO - Started process (PID=715) to work on /opt/airflow/dags/no_use/youtube_playlist_dag.py
[2024-11-26T02:04:27.122+0000] {processor.py:914} INFO - Processing file /opt/airflow/dags/no_use/youtube_playlist_dag.py for tasks to queue
[2024-11-26T02:04:27.123+0000] {logging_mixin.py:190} INFO - [2024-11-26T02:04:27.123+0000] {dagbag.py:588} INFO - Filling up the DagBag from /opt/airflow/dags/no_use/youtube_playlist_dag.py
[2024-11-26T02:04:27.268+0000] {processor.py:925} INFO - DAG(s) 'youtube_etl_dag_search' retrieved from /opt/airflow/dags/no_use/youtube_playlist_dag.py
[2024-11-26T02:04:27.278+0000] {logging_mixin.py:190} INFO - [2024-11-26T02:04:27.278+0000] {dag.py:3239} INFO - Sync 1 DAGs
[2024-11-26T02:04:27.287+0000] {logging_mixin.py:190} INFO - [2024-11-26T02:04:27.287+0000] {dag.py:4180} INFO - Setting next_dagrun for youtube_etl_dag_search to 2023-11-22 00:00:00+00:00, run_after=2023-11-23 00:00:00+00:00
[2024-11-26T02:04:27.293+0000] {processor.py:208} INFO - Processing /opt/airflow/dags/no_use/youtube_playlist_dag.py took 0.174 seconds
[2024-11-26T02:04:58.436+0000] {processor.py:186} INFO - Started process (PID=733) to work on /opt/airflow/dags/no_use/youtube_playlist_dag.py
[2024-11-26T02:04:58.436+0000] {processor.py:914} INFO - Processing file /opt/airflow/dags/no_use/youtube_playlist_dag.py for tasks to queue
[2024-11-26T02:04:58.437+0000] {logging_mixin.py:190} INFO - [2024-11-26T02:04:58.437+0000] {dagbag.py:588} INFO - Filling up the DagBag from /opt/airflow/dags/no_use/youtube_playlist_dag.py
[2024-11-26T02:04:58.609+0000] {processor.py:925} INFO - DAG(s) 'youtube_etl_dag_search' retrieved from /opt/airflow/dags/no_use/youtube_playlist_dag.py
[2024-11-26T02:04:58.622+0000] {logging_mixin.py:190} INFO - [2024-11-26T02:04:58.622+0000] {dag.py:3239} INFO - Sync 1 DAGs
[2024-11-26T02:04:58.633+0000] {logging_mixin.py:190} INFO - [2024-11-26T02:04:58.633+0000] {dag.py:4180} INFO - Setting next_dagrun for youtube_etl_dag_search to 2023-11-22 00:00:00+00:00, run_after=2023-11-23 00:00:00+00:00
[2024-11-26T02:04:58.648+0000] {processor.py:208} INFO - Processing /opt/airflow/dags/no_use/youtube_playlist_dag.py took 0.217 seconds
[2024-11-26T02:05:28.796+0000] {processor.py:186} INFO - Started process (PID=751) to work on /opt/airflow/dags/no_use/youtube_playlist_dag.py
[2024-11-26T02:05:28.797+0000] {processor.py:914} INFO - Processing file /opt/airflow/dags/no_use/youtube_playlist_dag.py for tasks to queue
[2024-11-26T02:05:28.797+0000] {logging_mixin.py:190} INFO - [2024-11-26T02:05:28.797+0000] {dagbag.py:588} INFO - Filling up the DagBag from /opt/airflow/dags/no_use/youtube_playlist_dag.py
[2024-11-26T02:05:28.963+0000] {processor.py:925} INFO - DAG(s) 'youtube_etl_dag_search' retrieved from /opt/airflow/dags/no_use/youtube_playlist_dag.py
[2024-11-26T02:05:28.981+0000] {logging_mixin.py:190} INFO - [2024-11-26T02:05:28.981+0000] {dag.py:3239} INFO - Sync 1 DAGs
[2024-11-26T02:05:28.993+0000] {logging_mixin.py:190} INFO - [2024-11-26T02:05:28.993+0000] {dag.py:4180} INFO - Setting next_dagrun for youtube_etl_dag_search to 2023-11-22 00:00:00+00:00, run_after=2023-11-23 00:00:00+00:00
[2024-11-26T02:05:29.002+0000] {processor.py:208} INFO - Processing /opt/airflow/dags/no_use/youtube_playlist_dag.py took 0.210 seconds
[2024-11-26T02:05:59.257+0000] {processor.py:186} INFO - Started process (PID=769) to work on /opt/airflow/dags/no_use/youtube_playlist_dag.py
[2024-11-26T02:05:59.258+0000] {processor.py:914} INFO - Processing file /opt/airflow/dags/no_use/youtube_playlist_dag.py for tasks to queue
[2024-11-26T02:05:59.258+0000] {logging_mixin.py:190} INFO - [2024-11-26T02:05:59.258+0000] {dagbag.py:588} INFO - Filling up the DagBag from /opt/airflow/dags/no_use/youtube_playlist_dag.py
[2024-11-26T02:05:59.392+0000] {processor.py:925} INFO - DAG(s) 'youtube_etl_dag_search' retrieved from /opt/airflow/dags/no_use/youtube_playlist_dag.py
[2024-11-26T02:05:59.401+0000] {logging_mixin.py:190} INFO - [2024-11-26T02:05:59.401+0000] {dag.py:3239} INFO - Sync 1 DAGs
[2024-11-26T02:05:59.409+0000] {logging_mixin.py:190} INFO - [2024-11-26T02:05:59.409+0000] {dag.py:4180} INFO - Setting next_dagrun for youtube_etl_dag_search to 2023-11-22 00:00:00+00:00, run_after=2023-11-23 00:00:00+00:00
[2024-11-26T02:05:59.415+0000] {processor.py:208} INFO - Processing /opt/airflow/dags/no_use/youtube_playlist_dag.py took 0.160 seconds
[2024-11-26T02:06:30.428+0000] {processor.py:186} INFO - Started process (PID=787) to work on /opt/airflow/dags/no_use/youtube_playlist_dag.py
[2024-11-26T02:06:30.428+0000] {processor.py:914} INFO - Processing file /opt/airflow/dags/no_use/youtube_playlist_dag.py for tasks to queue
[2024-11-26T02:06:30.429+0000] {logging_mixin.py:190} INFO - [2024-11-26T02:06:30.429+0000] {dagbag.py:588} INFO - Filling up the DagBag from /opt/airflow/dags/no_use/youtube_playlist_dag.py
[2024-11-26T02:06:30.600+0000] {processor.py:925} INFO - DAG(s) 'youtube_etl_dag_search' retrieved from /opt/airflow/dags/no_use/youtube_playlist_dag.py
[2024-11-26T02:06:30.611+0000] {logging_mixin.py:190} INFO - [2024-11-26T02:06:30.611+0000] {dag.py:3239} INFO - Sync 1 DAGs
[2024-11-26T02:06:30.620+0000] {logging_mixin.py:190} INFO - [2024-11-26T02:06:30.620+0000] {dag.py:4180} INFO - Setting next_dagrun for youtube_etl_dag_search to 2023-11-22 00:00:00+00:00, run_after=2023-11-23 00:00:00+00:00
[2024-11-26T02:06:30.627+0000] {processor.py:208} INFO - Processing /opt/airflow/dags/no_use/youtube_playlist_dag.py took 0.202 seconds
[2024-11-26T02:07:00.802+0000] {processor.py:186} INFO - Started process (PID=804) to work on /opt/airflow/dags/no_use/youtube_playlist_dag.py
[2024-11-26T02:07:00.803+0000] {processor.py:914} INFO - Processing file /opt/airflow/dags/no_use/youtube_playlist_dag.py for tasks to queue
[2024-11-26T02:07:00.804+0000] {logging_mixin.py:190} INFO - [2024-11-26T02:07:00.803+0000] {dagbag.py:588} INFO - Filling up the DagBag from /opt/airflow/dags/no_use/youtube_playlist_dag.py
[2024-11-26T02:07:00.990+0000] {processor.py:925} INFO - DAG(s) 'youtube_etl_dag_search' retrieved from /opt/airflow/dags/no_use/youtube_playlist_dag.py
[2024-11-26T02:07:01.015+0000] {logging_mixin.py:190} INFO - [2024-11-26T02:07:01.015+0000] {dag.py:3239} INFO - Sync 1 DAGs
[2024-11-26T02:07:01.046+0000] {logging_mixin.py:190} INFO - [2024-11-26T02:07:01.046+0000] {dag.py:4180} INFO - Setting next_dagrun for youtube_etl_dag_search to 2023-11-22 00:00:00+00:00, run_after=2023-11-23 00:00:00+00:00
[2024-11-26T02:07:01.056+0000] {processor.py:208} INFO - Processing /opt/airflow/dags/no_use/youtube_playlist_dag.py took 0.260 seconds
[2024-11-26T02:07:31.297+0000] {processor.py:186} INFO - Started process (PID=822) to work on /opt/airflow/dags/no_use/youtube_playlist_dag.py
[2024-11-26T02:07:31.298+0000] {processor.py:914} INFO - Processing file /opt/airflow/dags/no_use/youtube_playlist_dag.py for tasks to queue
[2024-11-26T02:07:31.298+0000] {logging_mixin.py:190} INFO - [2024-11-26T02:07:31.298+0000] {dagbag.py:588} INFO - Filling up the DagBag from /opt/airflow/dags/no_use/youtube_playlist_dag.py
[2024-11-26T02:07:31.456+0000] {processor.py:925} INFO - DAG(s) 'youtube_etl_dag_search' retrieved from /opt/airflow/dags/no_use/youtube_playlist_dag.py
[2024-11-26T02:07:31.468+0000] {logging_mixin.py:190} INFO - [2024-11-26T02:07:31.468+0000] {dag.py:3239} INFO - Sync 1 DAGs
[2024-11-26T02:07:31.478+0000] {logging_mixin.py:190} INFO - [2024-11-26T02:07:31.478+0000] {dag.py:4180} INFO - Setting next_dagrun for youtube_etl_dag_search to 2023-11-22 00:00:00+00:00, run_after=2023-11-23 00:00:00+00:00
[2024-11-26T02:07:31.486+0000] {processor.py:208} INFO - Processing /opt/airflow/dags/no_use/youtube_playlist_dag.py took 0.192 seconds
[2024-11-26T02:08:01.774+0000] {processor.py:186} INFO - Started process (PID=840) to work on /opt/airflow/dags/no_use/youtube_playlist_dag.py
[2024-11-26T02:08:01.775+0000] {processor.py:914} INFO - Processing file /opt/airflow/dags/no_use/youtube_playlist_dag.py for tasks to queue
[2024-11-26T02:08:01.775+0000] {logging_mixin.py:190} INFO - [2024-11-26T02:08:01.775+0000] {dagbag.py:588} INFO - Filling up the DagBag from /opt/airflow/dags/no_use/youtube_playlist_dag.py
[2024-11-26T02:08:01.938+0000] {processor.py:925} INFO - DAG(s) 'youtube_etl_dag_search' retrieved from /opt/airflow/dags/no_use/youtube_playlist_dag.py
[2024-11-26T02:08:01.950+0000] {logging_mixin.py:190} INFO - [2024-11-26T02:08:01.950+0000] {dag.py:3239} INFO - Sync 1 DAGs
[2024-11-26T02:08:01.958+0000] {logging_mixin.py:190} INFO - [2024-11-26T02:08:01.958+0000] {dag.py:4180} INFO - Setting next_dagrun for youtube_etl_dag_search to 2023-11-22 00:00:00+00:00, run_after=2023-11-23 00:00:00+00:00
[2024-11-26T02:08:01.963+0000] {processor.py:208} INFO - Processing /opt/airflow/dags/no_use/youtube_playlist_dag.py took 0.194 seconds
[2024-11-26T02:08:32.370+0000] {processor.py:186} INFO - Started process (PID=858) to work on /opt/airflow/dags/no_use/youtube_playlist_dag.py
[2024-11-26T02:08:32.371+0000] {processor.py:914} INFO - Processing file /opt/airflow/dags/no_use/youtube_playlist_dag.py for tasks to queue
[2024-11-26T02:08:32.371+0000] {logging_mixin.py:190} INFO - [2024-11-26T02:08:32.371+0000] {dagbag.py:588} INFO - Filling up the DagBag from /opt/airflow/dags/no_use/youtube_playlist_dag.py
[2024-11-26T02:08:32.511+0000] {processor.py:925} INFO - DAG(s) 'youtube_etl_dag_search' retrieved from /opt/airflow/dags/no_use/youtube_playlist_dag.py
[2024-11-26T02:08:32.521+0000] {logging_mixin.py:190} INFO - [2024-11-26T02:08:32.521+0000] {dag.py:3239} INFO - Sync 1 DAGs
[2024-11-26T02:08:32.530+0000] {logging_mixin.py:190} INFO - [2024-11-26T02:08:32.530+0000] {dag.py:4180} INFO - Setting next_dagrun for youtube_etl_dag_search to 2023-11-22 00:00:00+00:00, run_after=2023-11-23 00:00:00+00:00
[2024-11-26T02:08:32.614+0000] {processor.py:208} INFO - Processing /opt/airflow/dags/no_use/youtube_playlist_dag.py took 0.247 seconds
[2024-11-26T02:09:02.684+0000] {processor.py:186} INFO - Started process (PID=876) to work on /opt/airflow/dags/no_use/youtube_playlist_dag.py
[2024-11-26T02:09:02.684+0000] {processor.py:914} INFO - Processing file /opt/airflow/dags/no_use/youtube_playlist_dag.py for tasks to queue
[2024-11-26T02:09:02.685+0000] {logging_mixin.py:190} INFO - [2024-11-26T02:09:02.685+0000] {dagbag.py:588} INFO - Filling up the DagBag from /opt/airflow/dags/no_use/youtube_playlist_dag.py
[2024-11-26T02:09:02.832+0000] {processor.py:925} INFO - DAG(s) 'youtube_etl_dag_search' retrieved from /opt/airflow/dags/no_use/youtube_playlist_dag.py
[2024-11-26T02:09:02.844+0000] {logging_mixin.py:190} INFO - [2024-11-26T02:09:02.844+0000] {dag.py:3239} INFO - Sync 1 DAGs
[2024-11-26T02:09:02.854+0000] {logging_mixin.py:190} INFO - [2024-11-26T02:09:02.854+0000] {dag.py:4180} INFO - Setting next_dagrun for youtube_etl_dag_search to 2023-11-22 00:00:00+00:00, run_after=2023-11-23 00:00:00+00:00
[2024-11-26T02:09:02.861+0000] {processor.py:208} INFO - Processing /opt/airflow/dags/no_use/youtube_playlist_dag.py took 0.181 seconds
[2024-11-26T02:09:33.150+0000] {processor.py:186} INFO - Started process (PID=894) to work on /opt/airflow/dags/no_use/youtube_playlist_dag.py
[2024-11-26T02:09:33.150+0000] {processor.py:914} INFO - Processing file /opt/airflow/dags/no_use/youtube_playlist_dag.py for tasks to queue
[2024-11-26T02:09:33.151+0000] {logging_mixin.py:190} INFO - [2024-11-26T02:09:33.151+0000] {dagbag.py:588} INFO - Filling up the DagBag from /opt/airflow/dags/no_use/youtube_playlist_dag.py
[2024-11-26T02:09:33.294+0000] {processor.py:925} INFO - DAG(s) 'youtube_etl_dag_search' retrieved from /opt/airflow/dags/no_use/youtube_playlist_dag.py
[2024-11-26T02:09:33.305+0000] {logging_mixin.py:190} INFO - [2024-11-26T02:09:33.305+0000] {dag.py:3239} INFO - Sync 1 DAGs
[2024-11-26T02:09:33.391+0000] {logging_mixin.py:190} INFO - [2024-11-26T02:09:33.391+0000] {dag.py:4180} INFO - Setting next_dagrun for youtube_etl_dag_search to 2023-11-22 00:00:00+00:00, run_after=2023-11-23 00:00:00+00:00
[2024-11-26T02:09:33.397+0000] {processor.py:208} INFO - Processing /opt/airflow/dags/no_use/youtube_playlist_dag.py took 0.250 seconds
[2024-11-26T02:10:03.574+0000] {processor.py:186} INFO - Started process (PID=912) to work on /opt/airflow/dags/no_use/youtube_playlist_dag.py
[2024-11-26T02:10:03.575+0000] {processor.py:914} INFO - Processing file /opt/airflow/dags/no_use/youtube_playlist_dag.py for tasks to queue
[2024-11-26T02:10:03.575+0000] {logging_mixin.py:190} INFO - [2024-11-26T02:10:03.575+0000] {dagbag.py:588} INFO - Filling up the DagBag from /opt/airflow/dags/no_use/youtube_playlist_dag.py
[2024-11-26T02:10:03.720+0000] {processor.py:925} INFO - DAG(s) 'youtube_etl_dag_search' retrieved from /opt/airflow/dags/no_use/youtube_playlist_dag.py
[2024-11-26T02:10:03.732+0000] {logging_mixin.py:190} INFO - [2024-11-26T02:10:03.732+0000] {dag.py:3239} INFO - Sync 1 DAGs
[2024-11-26T02:10:03.746+0000] {logging_mixin.py:190} INFO - [2024-11-26T02:10:03.746+0000] {dag.py:4180} INFO - Setting next_dagrun for youtube_etl_dag_search to 2023-11-22 00:00:00+00:00, run_after=2023-11-23 00:00:00+00:00
[2024-11-26T02:10:03.753+0000] {processor.py:208} INFO - Processing /opt/airflow/dags/no_use/youtube_playlist_dag.py took 0.181 seconds
[2024-11-26T02:10:34.185+0000] {processor.py:186} INFO - Started process (PID=930) to work on /opt/airflow/dags/no_use/youtube_playlist_dag.py
[2024-11-26T02:10:34.186+0000] {processor.py:914} INFO - Processing file /opt/airflow/dags/no_use/youtube_playlist_dag.py for tasks to queue
[2024-11-26T02:10:34.186+0000] {logging_mixin.py:190} INFO - [2024-11-26T02:10:34.186+0000] {dagbag.py:588} INFO - Filling up the DagBag from /opt/airflow/dags/no_use/youtube_playlist_dag.py
[2024-11-26T02:10:34.329+0000] {processor.py:925} INFO - DAG(s) 'youtube_etl_dag_search' retrieved from /opt/airflow/dags/no_use/youtube_playlist_dag.py
[2024-11-26T02:10:34.339+0000] {logging_mixin.py:190} INFO - [2024-11-26T02:10:34.339+0000] {dag.py:3239} INFO - Sync 1 DAGs
[2024-11-26T02:10:34.346+0000] {logging_mixin.py:190} INFO - [2024-11-26T02:10:34.346+0000] {dag.py:4180} INFO - Setting next_dagrun for youtube_etl_dag_search to 2023-11-22 00:00:00+00:00, run_after=2023-11-23 00:00:00+00:00
[2024-11-26T02:10:34.352+0000] {processor.py:208} INFO - Processing /opt/airflow/dags/no_use/youtube_playlist_dag.py took 0.169 seconds
[2024-11-26T02:11:04.575+0000] {processor.py:186} INFO - Started process (PID=948) to work on /opt/airflow/dags/no_use/youtube_playlist_dag.py
[2024-11-26T02:11:04.576+0000] {processor.py:914} INFO - Processing file /opt/airflow/dags/no_use/youtube_playlist_dag.py for tasks to queue
[2024-11-26T02:11:04.576+0000] {logging_mixin.py:190} INFO - [2024-11-26T02:11:04.576+0000] {dagbag.py:588} INFO - Filling up the DagBag from /opt/airflow/dags/no_use/youtube_playlist_dag.py
[2024-11-26T02:11:04.702+0000] {processor.py:925} INFO - DAG(s) 'youtube_etl_dag_search' retrieved from /opt/airflow/dags/no_use/youtube_playlist_dag.py
[2024-11-26T02:11:04.712+0000] {logging_mixin.py:190} INFO - [2024-11-26T02:11:04.712+0000] {dag.py:3239} INFO - Sync 1 DAGs
[2024-11-26T02:11:04.719+0000] {logging_mixin.py:190} INFO - [2024-11-26T02:11:04.719+0000] {dag.py:4180} INFO - Setting next_dagrun for youtube_etl_dag_search to 2023-11-22 00:00:00+00:00, run_after=2023-11-23 00:00:00+00:00
[2024-11-26T02:11:04.840+0000] {processor.py:208} INFO - Processing /opt/airflow/dags/no_use/youtube_playlist_dag.py took 0.267 seconds
[2024-11-26T02:11:35.372+0000] {processor.py:186} INFO - Started process (PID=966) to work on /opt/airflow/dags/no_use/youtube_playlist_dag.py
[2024-11-26T02:11:35.372+0000] {processor.py:914} INFO - Processing file /opt/airflow/dags/no_use/youtube_playlist_dag.py for tasks to queue
[2024-11-26T02:11:35.373+0000] {logging_mixin.py:190} INFO - [2024-11-26T02:11:35.373+0000] {dagbag.py:588} INFO - Filling up the DagBag from /opt/airflow/dags/no_use/youtube_playlist_dag.py
[2024-11-26T02:11:35.536+0000] {processor.py:925} INFO - DAG(s) 'youtube_etl_dag_search' retrieved from /opt/airflow/dags/no_use/youtube_playlist_dag.py
[2024-11-26T02:11:35.552+0000] {logging_mixin.py:190} INFO - [2024-11-26T02:11:35.552+0000] {dag.py:3239} INFO - Sync 1 DAGs
[2024-11-26T02:11:35.562+0000] {logging_mixin.py:190} INFO - [2024-11-26T02:11:35.561+0000] {dag.py:4180} INFO - Setting next_dagrun for youtube_etl_dag_search to 2023-11-22 00:00:00+00:00, run_after=2023-11-23 00:00:00+00:00
[2024-11-26T02:11:35.567+0000] {processor.py:208} INFO - Processing /opt/airflow/dags/no_use/youtube_playlist_dag.py took 0.199 seconds
[2024-11-26T02:12:05.961+0000] {processor.py:186} INFO - Started process (PID=984) to work on /opt/airflow/dags/no_use/youtube_playlist_dag.py
[2024-11-26T02:12:05.962+0000] {processor.py:914} INFO - Processing file /opt/airflow/dags/no_use/youtube_playlist_dag.py for tasks to queue
[2024-11-26T02:12:05.964+0000] {logging_mixin.py:190} INFO - [2024-11-26T02:12:05.963+0000] {dagbag.py:588} INFO - Filling up the DagBag from /opt/airflow/dags/no_use/youtube_playlist_dag.py
[2024-11-26T02:12:06.135+0000] {processor.py:925} INFO - DAG(s) 'youtube_etl_dag_search' retrieved from /opt/airflow/dags/no_use/youtube_playlist_dag.py
[2024-11-26T02:12:06.149+0000] {logging_mixin.py:190} INFO - [2024-11-26T02:12:06.148+0000] {dag.py:3239} INFO - Sync 1 DAGs
[2024-11-26T02:12:06.249+0000] {logging_mixin.py:190} INFO - [2024-11-26T02:12:06.249+0000] {dag.py:4180} INFO - Setting next_dagrun for youtube_etl_dag_search to 2023-11-22 00:00:00+00:00, run_after=2023-11-23 00:00:00+00:00
[2024-11-26T02:12:06.259+0000] {processor.py:208} INFO - Processing /opt/airflow/dags/no_use/youtube_playlist_dag.py took 0.301 seconds
[2024-11-26T02:12:37.174+0000] {processor.py:186} INFO - Started process (PID=1011) to work on /opt/airflow/dags/no_use/youtube_playlist_dag.py
[2024-11-26T02:12:37.175+0000] {processor.py:914} INFO - Processing file /opt/airflow/dags/no_use/youtube_playlist_dag.py for tasks to queue
[2024-11-26T02:12:37.175+0000] {logging_mixin.py:190} INFO - [2024-11-26T02:12:37.175+0000] {dagbag.py:588} INFO - Filling up the DagBag from /opt/airflow/dags/no_use/youtube_playlist_dag.py
[2024-11-26T02:12:37.402+0000] {processor.py:925} INFO - DAG(s) 'youtube_etl_dag_search' retrieved from /opt/airflow/dags/no_use/youtube_playlist_dag.py
[2024-11-26T02:12:37.411+0000] {logging_mixin.py:190} INFO - [2024-11-26T02:12:37.411+0000] {dag.py:3239} INFO - Sync 1 DAGs
[2024-11-26T02:12:37.419+0000] {logging_mixin.py:190} INFO - [2024-11-26T02:12:37.419+0000] {dag.py:4180} INFO - Setting next_dagrun for youtube_etl_dag_search to 2023-11-22 00:00:00+00:00, run_after=2023-11-23 00:00:00+00:00
[2024-11-26T02:12:37.425+0000] {processor.py:208} INFO - Processing /opt/airflow/dags/no_use/youtube_playlist_dag.py took 0.254 seconds
[2024-11-26T02:13:08.150+0000] {processor.py:186} INFO - Started process (PID=1029) to work on /opt/airflow/dags/no_use/youtube_playlist_dag.py
[2024-11-26T02:13:08.151+0000] {processor.py:914} INFO - Processing file /opt/airflow/dags/no_use/youtube_playlist_dag.py for tasks to queue
[2024-11-26T02:13:08.151+0000] {logging_mixin.py:190} INFO - [2024-11-26T02:13:08.151+0000] {dagbag.py:588} INFO - Filling up the DagBag from /opt/airflow/dags/no_use/youtube_playlist_dag.py
[2024-11-26T02:13:08.302+0000] {processor.py:925} INFO - DAG(s) 'youtube_etl_dag_search' retrieved from /opt/airflow/dags/no_use/youtube_playlist_dag.py
[2024-11-26T02:13:08.314+0000] {logging_mixin.py:190} INFO - [2024-11-26T02:13:08.314+0000] {dag.py:3239} INFO - Sync 1 DAGs
[2024-11-26T02:13:08.420+0000] {logging_mixin.py:190} INFO - [2024-11-26T02:13:08.420+0000] {dag.py:4180} INFO - Setting next_dagrun for youtube_etl_dag_search to 2023-11-22 00:00:00+00:00, run_after=2023-11-23 00:00:00+00:00
[2024-11-26T02:13:08.427+0000] {processor.py:208} INFO - Processing /opt/airflow/dags/no_use/youtube_playlist_dag.py took 0.281 seconds
