[2024-11-26T01:48:38.485+0000] {processor.py:186} INFO - Started process (PID=48) to work on /opt/airflow/dags/no_use/youtube_daily_playlist_dag.py
[2024-11-26T01:48:38.487+0000] {processor.py:914} INFO - Processing file /opt/airflow/dags/no_use/youtube_daily_playlist_dag.py for tasks to queue
[2024-11-26T01:48:38.490+0000] {logging_mixin.py:190} INFO - [2024-11-26T01:48:38.489+0000] {dagbag.py:588} INFO - Filling up the DagBag from /opt/airflow/dags/no_use/youtube_daily_playlist_dag.py
[2024-11-26T01:48:39.074+0000] {processor.py:925} INFO - DAG(s) 'youtube_etl_dag_daily_playlists' retrieved from /opt/airflow/dags/no_use/youtube_daily_playlist_dag.py
[2024-11-26T01:48:39.269+0000] {logging_mixin.py:190} INFO - [2024-11-26T01:48:39.269+0000] {dag.py:3239} INFO - Sync 1 DAGs
[2024-11-26T01:48:39.287+0000] {logging_mixin.py:190} INFO - [2024-11-26T01:48:39.287+0000] {dag.py:4180} INFO - Setting next_dagrun for youtube_etl_dag_daily_playlists to 2024-11-26 00:00:00+00:00, run_after=2024-11-27 00:00:00+00:00
[2024-11-26T01:48:39.303+0000] {processor.py:208} INFO - Processing /opt/airflow/dags/no_use/youtube_daily_playlist_dag.py took 0.830 seconds
[2024-11-26T01:49:09.413+0000] {processor.py:186} INFO - Started process (PID=66) to work on /opt/airflow/dags/no_use/youtube_daily_playlist_dag.py
[2024-11-26T01:49:09.414+0000] {processor.py:914} INFO - Processing file /opt/airflow/dags/no_use/youtube_daily_playlist_dag.py for tasks to queue
[2024-11-26T01:49:09.415+0000] {logging_mixin.py:190} INFO - [2024-11-26T01:49:09.415+0000] {dagbag.py:588} INFO - Filling up the DagBag from /opt/airflow/dags/no_use/youtube_daily_playlist_dag.py
[2024-11-26T01:49:09.636+0000] {processor.py:925} INFO - DAG(s) 'youtube_etl_dag_daily_playlists' retrieved from /opt/airflow/dags/no_use/youtube_daily_playlist_dag.py
[2024-11-26T01:49:09.644+0000] {logging_mixin.py:190} INFO - [2024-11-26T01:49:09.644+0000] {dag.py:3239} INFO - Sync 1 DAGs
[2024-11-26T01:49:09.652+0000] {logging_mixin.py:190} INFO - [2024-11-26T01:49:09.652+0000] {dag.py:4180} INFO - Setting next_dagrun for youtube_etl_dag_daily_playlists to 2024-11-26 00:00:00+00:00, run_after=2024-11-27 00:00:00+00:00
[2024-11-26T01:49:09.657+0000] {processor.py:208} INFO - Processing /opt/airflow/dags/no_use/youtube_daily_playlist_dag.py took 0.246 seconds
[2024-11-26T01:49:40.169+0000] {processor.py:186} INFO - Started process (PID=84) to work on /opt/airflow/dags/no_use/youtube_daily_playlist_dag.py
[2024-11-26T01:49:40.169+0000] {processor.py:914} INFO - Processing file /opt/airflow/dags/no_use/youtube_daily_playlist_dag.py for tasks to queue
[2024-11-26T01:49:40.171+0000] {logging_mixin.py:190} INFO - [2024-11-26T01:49:40.171+0000] {dagbag.py:588} INFO - Filling up the DagBag from /opt/airflow/dags/no_use/youtube_daily_playlist_dag.py
[2024-11-26T01:49:40.309+0000] {processor.py:925} INFO - DAG(s) 'youtube_etl_dag_daily_playlists' retrieved from /opt/airflow/dags/no_use/youtube_daily_playlist_dag.py
[2024-11-26T01:49:40.318+0000] {logging_mixin.py:190} INFO - [2024-11-26T01:49:40.318+0000] {dag.py:3239} INFO - Sync 1 DAGs
[2024-11-26T01:49:40.326+0000] {logging_mixin.py:190} INFO - [2024-11-26T01:49:40.326+0000] {dag.py:4180} INFO - Setting next_dagrun for youtube_etl_dag_daily_playlists to 2024-11-26 00:00:00+00:00, run_after=2024-11-27 00:00:00+00:00
[2024-11-26T01:49:40.332+0000] {processor.py:208} INFO - Processing /opt/airflow/dags/no_use/youtube_daily_playlist_dag.py took 0.166 seconds
[2024-11-26T01:50:11.365+0000] {processor.py:186} INFO - Started process (PID=102) to work on /opt/airflow/dags/no_use/youtube_daily_playlist_dag.py
[2024-11-26T01:50:11.366+0000] {processor.py:914} INFO - Processing file /opt/airflow/dags/no_use/youtube_daily_playlist_dag.py for tasks to queue
[2024-11-26T01:50:11.368+0000] {logging_mixin.py:190} INFO - [2024-11-26T01:50:11.368+0000] {dagbag.py:588} INFO - Filling up the DagBag from /opt/airflow/dags/no_use/youtube_daily_playlist_dag.py
[2024-11-26T01:50:11.509+0000] {processor.py:925} INFO - DAG(s) 'youtube_etl_dag_daily_playlists' retrieved from /opt/airflow/dags/no_use/youtube_daily_playlist_dag.py
[2024-11-26T01:50:11.519+0000] {logging_mixin.py:190} INFO - [2024-11-26T01:50:11.518+0000] {dag.py:3239} INFO - Sync 1 DAGs
[2024-11-26T01:50:11.526+0000] {logging_mixin.py:190} INFO - [2024-11-26T01:50:11.526+0000] {dag.py:4180} INFO - Setting next_dagrun for youtube_etl_dag_daily_playlists to 2024-11-26 00:00:00+00:00, run_after=2024-11-27 00:00:00+00:00
[2024-11-26T01:50:11.532+0000] {processor.py:208} INFO - Processing /opt/airflow/dags/no_use/youtube_daily_playlist_dag.py took 0.169 seconds
[2024-11-26T01:50:41.785+0000] {processor.py:186} INFO - Started process (PID=120) to work on /opt/airflow/dags/no_use/youtube_daily_playlist_dag.py
[2024-11-26T01:50:41.785+0000] {processor.py:914} INFO - Processing file /opt/airflow/dags/no_use/youtube_daily_playlist_dag.py for tasks to queue
[2024-11-26T01:50:41.787+0000] {logging_mixin.py:190} INFO - [2024-11-26T01:50:41.787+0000] {dagbag.py:588} INFO - Filling up the DagBag from /opt/airflow/dags/no_use/youtube_daily_playlist_dag.py
[2024-11-26T01:50:41.947+0000] {processor.py:925} INFO - DAG(s) 'youtube_etl_dag_daily_playlists' retrieved from /opt/airflow/dags/no_use/youtube_daily_playlist_dag.py
[2024-11-26T01:50:41.980+0000] {logging_mixin.py:190} INFO - [2024-11-26T01:50:41.980+0000] {dag.py:3239} INFO - Sync 1 DAGs
[2024-11-26T01:50:41.991+0000] {logging_mixin.py:190} INFO - [2024-11-26T01:50:41.991+0000] {dag.py:4180} INFO - Setting next_dagrun for youtube_etl_dag_daily_playlists to 2024-11-26 00:00:00+00:00, run_after=2024-11-27 00:00:00+00:00
[2024-11-26T01:50:42.000+0000] {processor.py:208} INFO - Processing /opt/airflow/dags/no_use/youtube_daily_playlist_dag.py took 0.218 seconds
[2024-11-26T01:51:12.153+0000] {processor.py:186} INFO - Started process (PID=138) to work on /opt/airflow/dags/no_use/youtube_daily_playlist_dag.py
[2024-11-26T01:51:12.154+0000] {processor.py:914} INFO - Processing file /opt/airflow/dags/no_use/youtube_daily_playlist_dag.py for tasks to queue
[2024-11-26T01:51:12.156+0000] {logging_mixin.py:190} INFO - [2024-11-26T01:51:12.156+0000] {dagbag.py:588} INFO - Filling up the DagBag from /opt/airflow/dags/no_use/youtube_daily_playlist_dag.py
[2024-11-26T01:51:12.321+0000] {processor.py:925} INFO - DAG(s) 'youtube_etl_dag_daily_playlists' retrieved from /opt/airflow/dags/no_use/youtube_daily_playlist_dag.py
[2024-11-26T01:51:12.339+0000] {logging_mixin.py:190} INFO - [2024-11-26T01:51:12.338+0000] {dag.py:3239} INFO - Sync 1 DAGs
[2024-11-26T01:51:12.348+0000] {logging_mixin.py:190} INFO - [2024-11-26T01:51:12.348+0000] {dag.py:4180} INFO - Setting next_dagrun for youtube_etl_dag_daily_playlists to 2024-11-26 00:00:00+00:00, run_after=2024-11-27 00:00:00+00:00
[2024-11-26T01:51:12.357+0000] {processor.py:208} INFO - Processing /opt/airflow/dags/no_use/youtube_daily_playlist_dag.py took 0.207 seconds
[2024-11-26T01:51:42.610+0000] {processor.py:186} INFO - Started process (PID=156) to work on /opt/airflow/dags/no_use/youtube_daily_playlist_dag.py
[2024-11-26T01:51:42.611+0000] {processor.py:914} INFO - Processing file /opt/airflow/dags/no_use/youtube_daily_playlist_dag.py for tasks to queue
[2024-11-26T01:51:42.612+0000] {logging_mixin.py:190} INFO - [2024-11-26T01:51:42.612+0000] {dagbag.py:588} INFO - Filling up the DagBag from /opt/airflow/dags/no_use/youtube_daily_playlist_dag.py
[2024-11-26T01:51:42.769+0000] {processor.py:925} INFO - DAG(s) 'youtube_etl_dag_daily_playlists' retrieved from /opt/airflow/dags/no_use/youtube_daily_playlist_dag.py
[2024-11-26T01:51:42.781+0000] {logging_mixin.py:190} INFO - [2024-11-26T01:51:42.781+0000] {dag.py:3239} INFO - Sync 1 DAGs
[2024-11-26T01:51:42.791+0000] {logging_mixin.py:190} INFO - [2024-11-26T01:51:42.791+0000] {dag.py:4180} INFO - Setting next_dagrun for youtube_etl_dag_daily_playlists to 2024-11-26 00:00:00+00:00, run_after=2024-11-27 00:00:00+00:00
[2024-11-26T01:51:42.807+0000] {processor.py:208} INFO - Processing /opt/airflow/dags/no_use/youtube_daily_playlist_dag.py took 0.199 seconds
[2024-11-26T01:52:13.016+0000] {processor.py:186} INFO - Started process (PID=173) to work on /opt/airflow/dags/no_use/youtube_daily_playlist_dag.py
[2024-11-26T01:52:13.017+0000] {processor.py:914} INFO - Processing file /opt/airflow/dags/no_use/youtube_daily_playlist_dag.py for tasks to queue
[2024-11-26T01:52:13.018+0000] {logging_mixin.py:190} INFO - [2024-11-26T01:52:13.018+0000] {dagbag.py:588} INFO - Filling up the DagBag from /opt/airflow/dags/no_use/youtube_daily_playlist_dag.py
[2024-11-26T01:52:13.247+0000] {processor.py:925} INFO - DAG(s) 'youtube_etl_dag_daily_playlists' retrieved from /opt/airflow/dags/no_use/youtube_daily_playlist_dag.py
[2024-11-26T01:52:13.268+0000] {logging_mixin.py:190} INFO - [2024-11-26T01:52:13.268+0000] {dag.py:3239} INFO - Sync 1 DAGs
[2024-11-26T01:52:13.282+0000] {logging_mixin.py:190} INFO - [2024-11-26T01:52:13.282+0000] {dag.py:4180} INFO - Setting next_dagrun for youtube_etl_dag_daily_playlists to 2024-11-26 00:00:00+00:00, run_after=2024-11-27 00:00:00+00:00
[2024-11-26T01:52:13.288+0000] {processor.py:208} INFO - Processing /opt/airflow/dags/no_use/youtube_daily_playlist_dag.py took 0.275 seconds
[2024-11-26T01:52:43.479+0000] {processor.py:186} INFO - Started process (PID=199) to work on /opt/airflow/dags/no_use/youtube_daily_playlist_dag.py
[2024-11-26T01:52:43.479+0000] {processor.py:914} INFO - Processing file /opt/airflow/dags/no_use/youtube_daily_playlist_dag.py for tasks to queue
[2024-11-26T01:52:43.481+0000] {logging_mixin.py:190} INFO - [2024-11-26T01:52:43.480+0000] {dagbag.py:588} INFO - Filling up the DagBag from /opt/airflow/dags/no_use/youtube_daily_playlist_dag.py
[2024-11-26T01:52:43.635+0000] {processor.py:925} INFO - DAG(s) 'youtube_etl_dag_daily_playlists' retrieved from /opt/airflow/dags/no_use/youtube_daily_playlist_dag.py
[2024-11-26T01:52:43.649+0000] {logging_mixin.py:190} INFO - [2024-11-26T01:52:43.649+0000] {dag.py:3239} INFO - Sync 1 DAGs
[2024-11-26T01:52:43.671+0000] {logging_mixin.py:190} INFO - [2024-11-26T01:52:43.671+0000] {dag.py:4180} INFO - Setting next_dagrun for youtube_etl_dag_daily_playlists to 2024-11-26 00:00:00+00:00, run_after=2024-11-27 00:00:00+00:00
[2024-11-26T01:52:43.683+0000] {processor.py:208} INFO - Processing /opt/airflow/dags/no_use/youtube_daily_playlist_dag.py took 0.207 seconds
[2024-11-26T01:53:13.884+0000] {processor.py:186} INFO - Started process (PID=225) to work on /opt/airflow/dags/no_use/youtube_daily_playlist_dag.py
[2024-11-26T01:53:13.885+0000] {processor.py:914} INFO - Processing file /opt/airflow/dags/no_use/youtube_daily_playlist_dag.py for tasks to queue
[2024-11-26T01:53:13.887+0000] {logging_mixin.py:190} INFO - [2024-11-26T01:53:13.887+0000] {dagbag.py:588} INFO - Filling up the DagBag from /opt/airflow/dags/no_use/youtube_daily_playlist_dag.py
[2024-11-26T01:53:14.040+0000] {processor.py:925} INFO - DAG(s) 'youtube_etl_dag_daily_playlists' retrieved from /opt/airflow/dags/no_use/youtube_daily_playlist_dag.py
[2024-11-26T01:53:14.053+0000] {logging_mixin.py:190} INFO - [2024-11-26T01:53:14.053+0000] {dag.py:3239} INFO - Sync 1 DAGs
[2024-11-26T01:53:14.065+0000] {logging_mixin.py:190} INFO - [2024-11-26T01:53:14.065+0000] {dag.py:4180} INFO - Setting next_dagrun for youtube_etl_dag_daily_playlists to 2024-11-26 00:00:00+00:00, run_after=2024-11-27 00:00:00+00:00
[2024-11-26T01:53:14.075+0000] {processor.py:208} INFO - Processing /opt/airflow/dags/no_use/youtube_daily_playlist_dag.py took 0.194 seconds
[2024-11-26T01:53:44.278+0000] {processor.py:186} INFO - Started process (PID=245) to work on /opt/airflow/dags/no_use/youtube_daily_playlist_dag.py
[2024-11-26T01:53:44.279+0000] {processor.py:914} INFO - Processing file /opt/airflow/dags/no_use/youtube_daily_playlist_dag.py for tasks to queue
[2024-11-26T01:53:44.280+0000] {logging_mixin.py:190} INFO - [2024-11-26T01:53:44.280+0000] {dagbag.py:588} INFO - Filling up the DagBag from /opt/airflow/dags/no_use/youtube_daily_playlist_dag.py
[2024-11-26T01:53:44.421+0000] {processor.py:925} INFO - DAG(s) 'youtube_etl_dag_daily_playlists' retrieved from /opt/airflow/dags/no_use/youtube_daily_playlist_dag.py
[2024-11-26T01:53:44.434+0000] {logging_mixin.py:190} INFO - [2024-11-26T01:53:44.433+0000] {dag.py:3239} INFO - Sync 1 DAGs
[2024-11-26T01:53:44.445+0000] {logging_mixin.py:190} INFO - [2024-11-26T01:53:44.445+0000] {dag.py:4180} INFO - Setting next_dagrun for youtube_etl_dag_daily_playlists to 2024-11-26 00:00:00+00:00, run_after=2024-11-27 00:00:00+00:00
[2024-11-26T01:53:44.453+0000] {processor.py:208} INFO - Processing /opt/airflow/dags/no_use/youtube_daily_playlist_dag.py took 0.178 seconds
[2024-11-26T01:54:15.379+0000] {processor.py:186} INFO - Started process (PID=265) to work on /opt/airflow/dags/no_use/youtube_daily_playlist_dag.py
[2024-11-26T01:54:15.383+0000] {processor.py:914} INFO - Processing file /opt/airflow/dags/no_use/youtube_daily_playlist_dag.py for tasks to queue
[2024-11-26T01:54:15.385+0000] {logging_mixin.py:190} INFO - [2024-11-26T01:54:15.384+0000] {dagbag.py:588} INFO - Filling up the DagBag from /opt/airflow/dags/no_use/youtube_daily_playlist_dag.py
[2024-11-26T01:54:15.572+0000] {processor.py:925} INFO - DAG(s) 'youtube_etl_dag_daily_playlists' retrieved from /opt/airflow/dags/no_use/youtube_daily_playlist_dag.py
[2024-11-26T01:54:15.585+0000] {logging_mixin.py:190} INFO - [2024-11-26T01:54:15.585+0000] {dag.py:3239} INFO - Sync 1 DAGs
[2024-11-26T01:54:15.599+0000] {logging_mixin.py:190} INFO - [2024-11-26T01:54:15.599+0000] {dag.py:4180} INFO - Setting next_dagrun for youtube_etl_dag_daily_playlists to 2024-11-26 00:00:00+00:00, run_after=2024-11-27 00:00:00+00:00
[2024-11-26T01:54:15.610+0000] {processor.py:208} INFO - Processing /opt/airflow/dags/no_use/youtube_daily_playlist_dag.py took 0.236 seconds
[2024-11-26T01:54:45.755+0000] {processor.py:186} INFO - Started process (PID=292) to work on /opt/airflow/dags/no_use/youtube_daily_playlist_dag.py
[2024-11-26T01:54:45.756+0000] {processor.py:914} INFO - Processing file /opt/airflow/dags/no_use/youtube_daily_playlist_dag.py for tasks to queue
[2024-11-26T01:54:45.758+0000] {logging_mixin.py:190} INFO - [2024-11-26T01:54:45.758+0000] {dagbag.py:588} INFO - Filling up the DagBag from /opt/airflow/dags/no_use/youtube_daily_playlist_dag.py
[2024-11-26T01:54:45.934+0000] {processor.py:925} INFO - DAG(s) 'youtube_etl_dag_daily_playlists' retrieved from /opt/airflow/dags/no_use/youtube_daily_playlist_dag.py
[2024-11-26T01:54:45.949+0000] {logging_mixin.py:190} INFO - [2024-11-26T01:54:45.949+0000] {dag.py:3239} INFO - Sync 1 DAGs
[2024-11-26T01:54:45.961+0000] {logging_mixin.py:190} INFO - [2024-11-26T01:54:45.961+0000] {dag.py:4180} INFO - Setting next_dagrun for youtube_etl_dag_daily_playlists to 2024-11-26 00:00:00+00:00, run_after=2024-11-27 00:00:00+00:00
[2024-11-26T01:54:45.971+0000] {processor.py:208} INFO - Processing /opt/airflow/dags/no_use/youtube_daily_playlist_dag.py took 0.221 seconds
[2024-11-26T01:55:16.029+0000] {processor.py:186} INFO - Started process (PID=313) to work on /opt/airflow/dags/no_use/youtube_daily_playlist_dag.py
[2024-11-26T01:55:16.030+0000] {processor.py:914} INFO - Processing file /opt/airflow/dags/no_use/youtube_daily_playlist_dag.py for tasks to queue
[2024-11-26T01:55:16.031+0000] {logging_mixin.py:190} INFO - [2024-11-26T01:55:16.031+0000] {dagbag.py:588} INFO - Filling up the DagBag from /opt/airflow/dags/no_use/youtube_daily_playlist_dag.py
[2024-11-26T01:55:16.261+0000] {processor.py:925} INFO - DAG(s) 'youtube_etl_dag_daily_playlists' retrieved from /opt/airflow/dags/no_use/youtube_daily_playlist_dag.py
[2024-11-26T01:55:16.278+0000] {logging_mixin.py:190} INFO - [2024-11-26T01:55:16.278+0000] {dag.py:3239} INFO - Sync 1 DAGs
[2024-11-26T01:55:16.289+0000] {logging_mixin.py:190} INFO - [2024-11-26T01:55:16.289+0000] {dag.py:4180} INFO - Setting next_dagrun for youtube_etl_dag_daily_playlists to 2024-11-26 00:00:00+00:00, run_after=2024-11-27 00:00:00+00:00
[2024-11-26T01:55:16.298+0000] {processor.py:208} INFO - Processing /opt/airflow/dags/no_use/youtube_daily_playlist_dag.py took 0.274 seconds
[2024-11-26T01:55:46.650+0000] {processor.py:186} INFO - Started process (PID=342) to work on /opt/airflow/dags/no_use/youtube_daily_playlist_dag.py
[2024-11-26T01:55:46.651+0000] {processor.py:914} INFO - Processing file /opt/airflow/dags/no_use/youtube_daily_playlist_dag.py for tasks to queue
[2024-11-26T01:55:46.653+0000] {logging_mixin.py:190} INFO - [2024-11-26T01:55:46.653+0000] {dagbag.py:588} INFO - Filling up the DagBag from /opt/airflow/dags/no_use/youtube_daily_playlist_dag.py
[2024-11-26T01:55:46.837+0000] {processor.py:925} INFO - DAG(s) 'youtube_etl_dag_daily_playlists' retrieved from /opt/airflow/dags/no_use/youtube_daily_playlist_dag.py
[2024-11-26T01:55:46.855+0000] {logging_mixin.py:190} INFO - [2024-11-26T01:55:46.854+0000] {dag.py:3239} INFO - Sync 1 DAGs
[2024-11-26T01:55:46.868+0000] {logging_mixin.py:190} INFO - [2024-11-26T01:55:46.868+0000] {dag.py:4180} INFO - Setting next_dagrun for youtube_etl_dag_daily_playlists to 2024-11-26 00:00:00+00:00, run_after=2024-11-27 00:00:00+00:00
[2024-11-26T01:55:46.878+0000] {processor.py:208} INFO - Processing /opt/airflow/dags/no_use/youtube_daily_playlist_dag.py took 0.235 seconds
[2024-11-26T01:56:17.812+0000] {processor.py:186} INFO - Started process (PID=369) to work on /opt/airflow/dags/no_use/youtube_daily_playlist_dag.py
[2024-11-26T01:56:17.814+0000] {processor.py:914} INFO - Processing file /opt/airflow/dags/no_use/youtube_daily_playlist_dag.py for tasks to queue
[2024-11-26T01:56:17.816+0000] {logging_mixin.py:190} INFO - [2024-11-26T01:56:17.816+0000] {dagbag.py:588} INFO - Filling up the DagBag from /opt/airflow/dags/no_use/youtube_daily_playlist_dag.py
[2024-11-26T01:56:17.986+0000] {processor.py:925} INFO - DAG(s) 'youtube_etl_dag_daily_playlists' retrieved from /opt/airflow/dags/no_use/youtube_daily_playlist_dag.py
[2024-11-26T01:56:17.999+0000] {logging_mixin.py:190} INFO - [2024-11-26T01:56:17.999+0000] {dag.py:3239} INFO - Sync 1 DAGs
[2024-11-26T01:56:18.009+0000] {logging_mixin.py:190} INFO - [2024-11-26T01:56:18.008+0000] {dag.py:4180} INFO - Setting next_dagrun for youtube_etl_dag_daily_playlists to 2024-11-26 00:00:00+00:00, run_after=2024-11-27 00:00:00+00:00
[2024-11-26T01:56:18.017+0000] {processor.py:208} INFO - Processing /opt/airflow/dags/no_use/youtube_daily_playlist_dag.py took 0.211 seconds
[2024-11-26T01:56:48.217+0000] {processor.py:186} INFO - Started process (PID=391) to work on /opt/airflow/dags/no_use/youtube_daily_playlist_dag.py
[2024-11-26T01:56:48.219+0000] {processor.py:914} INFO - Processing file /opt/airflow/dags/no_use/youtube_daily_playlist_dag.py for tasks to queue
[2024-11-26T01:56:48.222+0000] {logging_mixin.py:190} INFO - [2024-11-26T01:56:48.222+0000] {dagbag.py:588} INFO - Filling up the DagBag from /opt/airflow/dags/no_use/youtube_daily_playlist_dag.py
[2024-11-26T01:56:48.399+0000] {processor.py:925} INFO - DAG(s) 'youtube_etl_dag_daily_playlists' retrieved from /opt/airflow/dags/no_use/youtube_daily_playlist_dag.py
[2024-11-26T01:56:48.429+0000] {logging_mixin.py:190} INFO - [2024-11-26T01:56:48.429+0000] {dag.py:3239} INFO - Sync 1 DAGs
[2024-11-26T01:56:48.446+0000] {logging_mixin.py:190} INFO - [2024-11-26T01:56:48.446+0000] {dag.py:4180} INFO - Setting next_dagrun for youtube_etl_dag_daily_playlists to 2024-11-26 00:00:00+00:00, run_after=2024-11-27 00:00:00+00:00
[2024-11-26T01:56:48.458+0000] {processor.py:208} INFO - Processing /opt/airflow/dags/no_use/youtube_daily_playlist_dag.py took 0.246 seconds
[2024-11-26T01:57:18.702+0000] {processor.py:186} INFO - Started process (PID=419) to work on /opt/airflow/dags/no_use/youtube_daily_playlist_dag.py
[2024-11-26T01:57:18.703+0000] {processor.py:914} INFO - Processing file /opt/airflow/dags/no_use/youtube_daily_playlist_dag.py for tasks to queue
[2024-11-26T01:57:18.704+0000] {logging_mixin.py:190} INFO - [2024-11-26T01:57:18.704+0000] {dagbag.py:588} INFO - Filling up the DagBag from /opt/airflow/dags/no_use/youtube_daily_playlist_dag.py
[2024-11-26T01:57:18.914+0000] {processor.py:925} INFO - DAG(s) 'youtube_etl_dag_daily_playlists' retrieved from /opt/airflow/dags/no_use/youtube_daily_playlist_dag.py
[2024-11-26T01:57:18.931+0000] {logging_mixin.py:190} INFO - [2024-11-26T01:57:18.931+0000] {dag.py:3239} INFO - Sync 1 DAGs
[2024-11-26T01:57:18.947+0000] {logging_mixin.py:190} INFO - [2024-11-26T01:57:18.946+0000] {dag.py:4180} INFO - Setting next_dagrun for youtube_etl_dag_daily_playlists to 2024-11-26 00:00:00+00:00, run_after=2024-11-27 00:00:00+00:00
[2024-11-26T01:57:18.955+0000] {processor.py:208} INFO - Processing /opt/airflow/dags/no_use/youtube_daily_playlist_dag.py took 0.257 seconds
[2024-11-26T01:57:49.011+0000] {processor.py:186} INFO - Started process (PID=437) to work on /opt/airflow/dags/no_use/youtube_daily_playlist_dag.py
[2024-11-26T01:57:49.013+0000] {processor.py:914} INFO - Processing file /opt/airflow/dags/no_use/youtube_daily_playlist_dag.py for tasks to queue
[2024-11-26T01:57:49.015+0000] {logging_mixin.py:190} INFO - [2024-11-26T01:57:49.014+0000] {dagbag.py:588} INFO - Filling up the DagBag from /opt/airflow/dags/no_use/youtube_daily_playlist_dag.py
[2024-11-26T01:57:49.191+0000] {processor.py:925} INFO - DAG(s) 'youtube_etl_dag_daily_playlists' retrieved from /opt/airflow/dags/no_use/youtube_daily_playlist_dag.py
[2024-11-26T01:57:49.206+0000] {logging_mixin.py:190} INFO - [2024-11-26T01:57:49.206+0000] {dag.py:3239} INFO - Sync 1 DAGs
[2024-11-26T01:57:49.218+0000] {logging_mixin.py:190} INFO - [2024-11-26T01:57:49.218+0000] {dag.py:4180} INFO - Setting next_dagrun for youtube_etl_dag_daily_playlists to 2024-11-26 00:00:00+00:00, run_after=2024-11-27 00:00:00+00:00
[2024-11-26T01:57:49.227+0000] {processor.py:208} INFO - Processing /opt/airflow/dags/no_use/youtube_daily_playlist_dag.py took 0.221 seconds
[2024-11-26T01:58:19.392+0000] {processor.py:186} INFO - Started process (PID=465) to work on /opt/airflow/dags/no_use/youtube_daily_playlist_dag.py
[2024-11-26T01:58:19.393+0000] {processor.py:914} INFO - Processing file /opt/airflow/dags/no_use/youtube_daily_playlist_dag.py for tasks to queue
[2024-11-26T01:58:19.395+0000] {logging_mixin.py:190} INFO - [2024-11-26T01:58:19.395+0000] {dagbag.py:588} INFO - Filling up the DagBag from /opt/airflow/dags/no_use/youtube_daily_playlist_dag.py
[2024-11-26T01:58:19.584+0000] {processor.py:925} INFO - DAG(s) 'youtube_etl_dag_daily_playlists' retrieved from /opt/airflow/dags/no_use/youtube_daily_playlist_dag.py
[2024-11-26T01:58:19.602+0000] {logging_mixin.py:190} INFO - [2024-11-26T01:58:19.602+0000] {dag.py:3239} INFO - Sync 1 DAGs
[2024-11-26T01:58:19.612+0000] {logging_mixin.py:190} INFO - [2024-11-26T01:58:19.612+0000] {dag.py:4180} INFO - Setting next_dagrun for youtube_etl_dag_daily_playlists to 2024-11-26 00:00:00+00:00, run_after=2024-11-27 00:00:00+00:00
[2024-11-26T01:58:19.623+0000] {processor.py:208} INFO - Processing /opt/airflow/dags/no_use/youtube_daily_playlist_dag.py took 0.236 seconds
[2024-11-26T01:58:49.788+0000] {processor.py:186} INFO - Started process (PID=493) to work on /opt/airflow/dags/no_use/youtube_daily_playlist_dag.py
[2024-11-26T01:58:49.789+0000] {processor.py:914} INFO - Processing file /opt/airflow/dags/no_use/youtube_daily_playlist_dag.py for tasks to queue
[2024-11-26T01:58:49.791+0000] {logging_mixin.py:190} INFO - [2024-11-26T01:58:49.790+0000] {dagbag.py:588} INFO - Filling up the DagBag from /opt/airflow/dags/no_use/youtube_daily_playlist_dag.py
[2024-11-26T01:58:49.970+0000] {processor.py:925} INFO - DAG(s) 'youtube_etl_dag_daily_playlists' retrieved from /opt/airflow/dags/no_use/youtube_daily_playlist_dag.py
[2024-11-26T01:58:49.986+0000] {logging_mixin.py:190} INFO - [2024-11-26T01:58:49.986+0000] {dag.py:3239} INFO - Sync 1 DAGs
[2024-11-26T01:58:49.999+0000] {logging_mixin.py:190} INFO - [2024-11-26T01:58:49.999+0000] {dag.py:4180} INFO - Setting next_dagrun for youtube_etl_dag_daily_playlists to 2024-11-26 00:00:00+00:00, run_after=2024-11-27 00:00:00+00:00
[2024-11-26T01:58:50.011+0000] {processor.py:208} INFO - Processing /opt/airflow/dags/no_use/youtube_daily_playlist_dag.py took 0.229 seconds
[2024-11-26T01:59:20.051+0000] {processor.py:186} INFO - Started process (PID=511) to work on /opt/airflow/dags/no_use/youtube_daily_playlist_dag.py
[2024-11-26T01:59:20.052+0000] {processor.py:914} INFO - Processing file /opt/airflow/dags/no_use/youtube_daily_playlist_dag.py for tasks to queue
[2024-11-26T01:59:20.053+0000] {logging_mixin.py:190} INFO - [2024-11-26T01:59:20.053+0000] {dagbag.py:588} INFO - Filling up the DagBag from /opt/airflow/dags/no_use/youtube_daily_playlist_dag.py
[2024-11-26T01:59:20.265+0000] {processor.py:925} INFO - DAG(s) 'youtube_etl_dag_daily_playlists' retrieved from /opt/airflow/dags/no_use/youtube_daily_playlist_dag.py
[2024-11-26T01:59:20.280+0000] {logging_mixin.py:190} INFO - [2024-11-26T01:59:20.279+0000] {dag.py:3239} INFO - Sync 1 DAGs
[2024-11-26T01:59:20.291+0000] {logging_mixin.py:190} INFO - [2024-11-26T01:59:20.291+0000] {dag.py:4180} INFO - Setting next_dagrun for youtube_etl_dag_daily_playlists to 2024-11-26 00:00:00+00:00, run_after=2024-11-27 00:00:00+00:00
[2024-11-26T01:59:20.300+0000] {processor.py:208} INFO - Processing /opt/airflow/dags/no_use/youtube_daily_playlist_dag.py took 0.255 seconds
[2024-11-26T01:59:50.596+0000] {processor.py:186} INFO - Started process (PID=531) to work on /opt/airflow/dags/no_use/youtube_daily_playlist_dag.py
[2024-11-26T01:59:50.597+0000] {processor.py:914} INFO - Processing file /opt/airflow/dags/no_use/youtube_daily_playlist_dag.py for tasks to queue
[2024-11-26T01:59:50.600+0000] {logging_mixin.py:190} INFO - [2024-11-26T01:59:50.599+0000] {dagbag.py:588} INFO - Filling up the DagBag from /opt/airflow/dags/no_use/youtube_daily_playlist_dag.py
[2024-11-26T01:59:50.835+0000] {processor.py:925} INFO - DAG(s) 'youtube_etl_dag_daily_playlists' retrieved from /opt/airflow/dags/no_use/youtube_daily_playlist_dag.py
[2024-11-26T01:59:50.856+0000] {logging_mixin.py:190} INFO - [2024-11-26T01:59:50.856+0000] {dag.py:3239} INFO - Sync 1 DAGs
[2024-11-26T01:59:50.867+0000] {logging_mixin.py:190} INFO - [2024-11-26T01:59:50.867+0000] {dag.py:4180} INFO - Setting next_dagrun for youtube_etl_dag_daily_playlists to 2024-11-26 00:00:00+00:00, run_after=2024-11-27 00:00:00+00:00
[2024-11-26T01:59:50.876+0000] {processor.py:208} INFO - Processing /opt/airflow/dags/no_use/youtube_daily_playlist_dag.py took 0.287 seconds
[2024-11-26T02:00:21.187+0000] {processor.py:186} INFO - Started process (PID=550) to work on /opt/airflow/dags/no_use/youtube_daily_playlist_dag.py
[2024-11-26T02:00:21.193+0000] {processor.py:914} INFO - Processing file /opt/airflow/dags/no_use/youtube_daily_playlist_dag.py for tasks to queue
[2024-11-26T02:00:21.195+0000] {logging_mixin.py:190} INFO - [2024-11-26T02:00:21.195+0000] {dagbag.py:588} INFO - Filling up the DagBag from /opt/airflow/dags/no_use/youtube_daily_playlist_dag.py
[2024-11-26T02:00:21.504+0000] {processor.py:925} INFO - DAG(s) 'youtube_etl_dag_daily_playlists' retrieved from /opt/airflow/dags/no_use/youtube_daily_playlist_dag.py
[2024-11-26T02:00:21.538+0000] {logging_mixin.py:190} INFO - [2024-11-26T02:00:21.537+0000] {dag.py:3239} INFO - Sync 1 DAGs
[2024-11-26T02:00:21.553+0000] {logging_mixin.py:190} INFO - [2024-11-26T02:00:21.553+0000] {dag.py:4180} INFO - Setting next_dagrun for youtube_etl_dag_daily_playlists to 2024-11-26 00:00:00+00:00, run_after=2024-11-27 00:00:00+00:00
[2024-11-26T02:00:21.568+0000] {processor.py:208} INFO - Processing /opt/airflow/dags/no_use/youtube_daily_playlist_dag.py took 0.395 seconds
[2024-11-26T02:00:51.727+0000] {processor.py:186} INFO - Started process (PID=570) to work on /opt/airflow/dags/no_use/youtube_daily_playlist_dag.py
[2024-11-26T02:00:51.730+0000] {processor.py:914} INFO - Processing file /opt/airflow/dags/no_use/youtube_daily_playlist_dag.py for tasks to queue
[2024-11-26T02:00:51.735+0000] {logging_mixin.py:190} INFO - [2024-11-26T02:00:51.734+0000] {dagbag.py:588} INFO - Filling up the DagBag from /opt/airflow/dags/no_use/youtube_daily_playlist_dag.py
[2024-11-26T02:00:51.998+0000] {processor.py:925} INFO - DAG(s) 'youtube_etl_dag_daily_playlists' retrieved from /opt/airflow/dags/no_use/youtube_daily_playlist_dag.py
[2024-11-26T02:00:52.021+0000] {logging_mixin.py:190} INFO - [2024-11-26T02:00:52.021+0000] {dag.py:3239} INFO - Sync 1 DAGs
[2024-11-26T02:00:52.035+0000] {logging_mixin.py:190} INFO - [2024-11-26T02:00:52.035+0000] {dag.py:4180} INFO - Setting next_dagrun for youtube_etl_dag_daily_playlists to 2024-11-26 00:00:00+00:00, run_after=2024-11-27 00:00:00+00:00
[2024-11-26T02:00:52.045+0000] {processor.py:208} INFO - Processing /opt/airflow/dags/no_use/youtube_daily_playlist_dag.py took 0.323 seconds
[2024-11-26T02:01:22.938+0000] {processor.py:186} INFO - Started process (PID=598) to work on /opt/airflow/dags/no_use/youtube_daily_playlist_dag.py
[2024-11-26T02:01:22.940+0000] {processor.py:914} INFO - Processing file /opt/airflow/dags/no_use/youtube_daily_playlist_dag.py for tasks to queue
[2024-11-26T02:01:22.941+0000] {logging_mixin.py:190} INFO - [2024-11-26T02:01:22.941+0000] {dagbag.py:588} INFO - Filling up the DagBag from /opt/airflow/dags/no_use/youtube_daily_playlist_dag.py
[2024-11-26T02:01:23.189+0000] {processor.py:925} INFO - DAG(s) 'youtube_etl_dag_daily_playlists' retrieved from /opt/airflow/dags/no_use/youtube_daily_playlist_dag.py
[2024-11-26T02:01:23.212+0000] {logging_mixin.py:190} INFO - [2024-11-26T02:01:23.211+0000] {dag.py:3239} INFO - Sync 1 DAGs
[2024-11-26T02:01:23.232+0000] {logging_mixin.py:190} INFO - [2024-11-26T02:01:23.232+0000] {dag.py:4180} INFO - Setting next_dagrun for youtube_etl_dag_daily_playlists to 2024-11-26 00:00:00+00:00, run_after=2024-11-27 00:00:00+00:00
[2024-11-26T02:01:23.244+0000] {processor.py:208} INFO - Processing /opt/airflow/dags/no_use/youtube_daily_playlist_dag.py took 0.312 seconds
[2024-11-26T02:01:53.341+0000] {processor.py:186} INFO - Started process (PID=625) to work on /opt/airflow/dags/no_use/youtube_daily_playlist_dag.py
[2024-11-26T02:01:53.344+0000] {processor.py:914} INFO - Processing file /opt/airflow/dags/no_use/youtube_daily_playlist_dag.py for tasks to queue
[2024-11-26T02:01:53.346+0000] {logging_mixin.py:190} INFO - [2024-11-26T02:01:53.346+0000] {dagbag.py:588} INFO - Filling up the DagBag from /opt/airflow/dags/no_use/youtube_daily_playlist_dag.py
[2024-11-26T02:01:53.521+0000] {processor.py:925} INFO - DAG(s) 'youtube_etl_dag_daily_playlists' retrieved from /opt/airflow/dags/no_use/youtube_daily_playlist_dag.py
[2024-11-26T02:01:53.536+0000] {logging_mixin.py:190} INFO - [2024-11-26T02:01:53.535+0000] {dag.py:3239} INFO - Sync 1 DAGs
[2024-11-26T02:01:53.547+0000] {logging_mixin.py:190} INFO - [2024-11-26T02:01:53.547+0000] {dag.py:4180} INFO - Setting next_dagrun for youtube_etl_dag_daily_playlists to 2024-11-26 00:00:00+00:00, run_after=2024-11-27 00:00:00+00:00
[2024-11-26T02:01:53.558+0000] {processor.py:208} INFO - Processing /opt/airflow/dags/no_use/youtube_daily_playlist_dag.py took 0.221 seconds
[2024-11-26T02:02:23.616+0000] {processor.py:186} INFO - Started process (PID=643) to work on /opt/airflow/dags/no_use/youtube_daily_playlist_dag.py
[2024-11-26T02:02:23.619+0000] {processor.py:914} INFO - Processing file /opt/airflow/dags/no_use/youtube_daily_playlist_dag.py for tasks to queue
[2024-11-26T02:02:23.622+0000] {logging_mixin.py:190} INFO - [2024-11-26T02:02:23.621+0000] {dagbag.py:588} INFO - Filling up the DagBag from /opt/airflow/dags/no_use/youtube_daily_playlist_dag.py
[2024-11-26T02:02:23.824+0000] {processor.py:925} INFO - DAG(s) 'youtube_etl_dag_daily_playlists' retrieved from /opt/airflow/dags/no_use/youtube_daily_playlist_dag.py
[2024-11-26T02:02:23.842+0000] {logging_mixin.py:190} INFO - [2024-11-26T02:02:23.842+0000] {dag.py:3239} INFO - Sync 1 DAGs
[2024-11-26T02:02:23.852+0000] {logging_mixin.py:190} INFO - [2024-11-26T02:02:23.852+0000] {dag.py:4180} INFO - Setting next_dagrun for youtube_etl_dag_daily_playlists to 2024-11-26 00:00:00+00:00, run_after=2024-11-27 00:00:00+00:00
[2024-11-26T02:02:23.861+0000] {processor.py:208} INFO - Processing /opt/airflow/dags/no_use/youtube_daily_playlist_dag.py took 0.250 seconds
[2024-11-26T02:02:53.964+0000] {processor.py:186} INFO - Started process (PID=661) to work on /opt/airflow/dags/no_use/youtube_daily_playlist_dag.py
[2024-11-26T02:02:53.975+0000] {processor.py:914} INFO - Processing file /opt/airflow/dags/no_use/youtube_daily_playlist_dag.py for tasks to queue
[2024-11-26T02:02:53.976+0000] {logging_mixin.py:190} INFO - [2024-11-26T02:02:53.976+0000] {dagbag.py:588} INFO - Filling up the DagBag from /opt/airflow/dags/no_use/youtube_daily_playlist_dag.py
[2024-11-26T02:02:54.181+0000] {processor.py:925} INFO - DAG(s) 'youtube_etl_dag_daily_playlists' retrieved from /opt/airflow/dags/no_use/youtube_daily_playlist_dag.py
[2024-11-26T02:02:54.197+0000] {logging_mixin.py:190} INFO - [2024-11-26T02:02:54.196+0000] {dag.py:3239} INFO - Sync 1 DAGs
[2024-11-26T02:02:54.209+0000] {logging_mixin.py:190} INFO - [2024-11-26T02:02:54.209+0000] {dag.py:4180} INFO - Setting next_dagrun for youtube_etl_dag_daily_playlists to 2024-11-26 00:00:00+00:00, run_after=2024-11-27 00:00:00+00:00
[2024-11-26T02:02:54.218+0000] {processor.py:208} INFO - Processing /opt/airflow/dags/no_use/youtube_daily_playlist_dag.py took 0.260 seconds
[2024-11-26T02:03:25.170+0000] {processor.py:186} INFO - Started process (PID=679) to work on /opt/airflow/dags/no_use/youtube_daily_playlist_dag.py
[2024-11-26T02:03:25.176+0000] {processor.py:914} INFO - Processing file /opt/airflow/dags/no_use/youtube_daily_playlist_dag.py for tasks to queue
[2024-11-26T02:03:25.180+0000] {logging_mixin.py:190} INFO - [2024-11-26T02:03:25.180+0000] {dagbag.py:588} INFO - Filling up the DagBag from /opt/airflow/dags/no_use/youtube_daily_playlist_dag.py
[2024-11-26T02:03:25.397+0000] {processor.py:925} INFO - DAG(s) 'youtube_etl_dag_daily_playlists' retrieved from /opt/airflow/dags/no_use/youtube_daily_playlist_dag.py
[2024-11-26T02:03:25.417+0000] {logging_mixin.py:190} INFO - [2024-11-26T02:03:25.417+0000] {dag.py:3239} INFO - Sync 1 DAGs
[2024-11-26T02:03:25.428+0000] {logging_mixin.py:190} INFO - [2024-11-26T02:03:25.428+0000] {dag.py:4180} INFO - Setting next_dagrun for youtube_etl_dag_daily_playlists to 2024-11-26 00:00:00+00:00, run_after=2024-11-27 00:00:00+00:00
[2024-11-26T02:03:25.439+0000] {processor.py:208} INFO - Processing /opt/airflow/dags/no_use/youtube_daily_playlist_dag.py took 0.275 seconds
[2024-11-26T02:03:56.276+0000] {processor.py:186} INFO - Started process (PID=697) to work on /opt/airflow/dags/no_use/youtube_daily_playlist_dag.py
[2024-11-26T02:03:56.277+0000] {processor.py:914} INFO - Processing file /opt/airflow/dags/no_use/youtube_daily_playlist_dag.py for tasks to queue
[2024-11-26T02:03:56.278+0000] {logging_mixin.py:190} INFO - [2024-11-26T02:03:56.278+0000] {dagbag.py:588} INFO - Filling up the DagBag from /opt/airflow/dags/no_use/youtube_daily_playlist_dag.py
[2024-11-26T02:03:56.477+0000] {processor.py:925} INFO - DAG(s) 'youtube_etl_dag_daily_playlists' retrieved from /opt/airflow/dags/no_use/youtube_daily_playlist_dag.py
[2024-11-26T02:03:56.492+0000] {logging_mixin.py:190} INFO - [2024-11-26T02:03:56.492+0000] {dag.py:3239} INFO - Sync 1 DAGs
[2024-11-26T02:03:56.502+0000] {logging_mixin.py:190} INFO - [2024-11-26T02:03:56.502+0000] {dag.py:4180} INFO - Setting next_dagrun for youtube_etl_dag_daily_playlists to 2024-11-26 00:00:00+00:00, run_after=2024-11-27 00:00:00+00:00
[2024-11-26T02:03:56.512+0000] {processor.py:208} INFO - Processing /opt/airflow/dags/no_use/youtube_daily_playlist_dag.py took 0.240 seconds
[2024-11-26T02:04:26.847+0000] {processor.py:186} INFO - Started process (PID=714) to work on /opt/airflow/dags/no_use/youtube_daily_playlist_dag.py
[2024-11-26T02:04:26.848+0000] {processor.py:914} INFO - Processing file /opt/airflow/dags/no_use/youtube_daily_playlist_dag.py for tasks to queue
[2024-11-26T02:04:26.849+0000] {logging_mixin.py:190} INFO - [2024-11-26T02:04:26.849+0000] {dagbag.py:588} INFO - Filling up the DagBag from /opt/airflow/dags/no_use/youtube_daily_playlist_dag.py
[2024-11-26T02:04:27.067+0000] {processor.py:925} INFO - DAG(s) 'youtube_etl_dag_daily_playlists' retrieved from /opt/airflow/dags/no_use/youtube_daily_playlist_dag.py
[2024-11-26T02:04:27.087+0000] {logging_mixin.py:190} INFO - [2024-11-26T02:04:27.087+0000] {dag.py:3239} INFO - Sync 1 DAGs
[2024-11-26T02:04:27.100+0000] {logging_mixin.py:190} INFO - [2024-11-26T02:04:27.100+0000] {dag.py:4180} INFO - Setting next_dagrun for youtube_etl_dag_daily_playlists to 2024-11-26 00:00:00+00:00, run_after=2024-11-27 00:00:00+00:00
[2024-11-26T02:04:27.108+0000] {processor.py:208} INFO - Processing /opt/airflow/dags/no_use/youtube_daily_playlist_dag.py took 0.265 seconds
[2024-11-26T02:04:58.062+0000] {processor.py:186} INFO - Started process (PID=732) to work on /opt/airflow/dags/no_use/youtube_daily_playlist_dag.py
[2024-11-26T02:04:58.063+0000] {processor.py:914} INFO - Processing file /opt/airflow/dags/no_use/youtube_daily_playlist_dag.py for tasks to queue
[2024-11-26T02:04:58.065+0000] {logging_mixin.py:190} INFO - [2024-11-26T02:04:58.065+0000] {dagbag.py:588} INFO - Filling up the DagBag from /opt/airflow/dags/no_use/youtube_daily_playlist_dag.py
[2024-11-26T02:04:58.343+0000] {processor.py:925} INFO - DAG(s) 'youtube_etl_dag_daily_playlists' retrieved from /opt/airflow/dags/no_use/youtube_daily_playlist_dag.py
[2024-11-26T02:04:58.366+0000] {logging_mixin.py:190} INFO - [2024-11-26T02:04:58.366+0000] {dag.py:3239} INFO - Sync 1 DAGs
[2024-11-26T02:04:58.381+0000] {logging_mixin.py:190} INFO - [2024-11-26T02:04:58.381+0000] {dag.py:4180} INFO - Setting next_dagrun for youtube_etl_dag_daily_playlists to 2024-11-26 00:00:00+00:00, run_after=2024-11-27 00:00:00+00:00
[2024-11-26T02:04:58.400+0000] {processor.py:208} INFO - Processing /opt/airflow/dags/no_use/youtube_daily_playlist_dag.py took 0.348 seconds
[2024-11-26T02:05:28.446+0000] {processor.py:186} INFO - Started process (PID=749) to work on /opt/airflow/dags/no_use/youtube_daily_playlist_dag.py
[2024-11-26T02:05:28.447+0000] {processor.py:914} INFO - Processing file /opt/airflow/dags/no_use/youtube_daily_playlist_dag.py for tasks to queue
[2024-11-26T02:05:28.448+0000] {logging_mixin.py:190} INFO - [2024-11-26T02:05:28.448+0000] {dagbag.py:588} INFO - Filling up the DagBag from /opt/airflow/dags/no_use/youtube_daily_playlist_dag.py
[2024-11-26T02:05:28.728+0000] {processor.py:925} INFO - DAG(s) 'youtube_etl_dag_daily_playlists' retrieved from /opt/airflow/dags/no_use/youtube_daily_playlist_dag.py
[2024-11-26T02:05:28.753+0000] {logging_mixin.py:190} INFO - [2024-11-26T02:05:28.752+0000] {dag.py:3239} INFO - Sync 1 DAGs
[2024-11-26T02:05:28.768+0000] {logging_mixin.py:190} INFO - [2024-11-26T02:05:28.768+0000] {dag.py:4180} INFO - Setting next_dagrun for youtube_etl_dag_daily_playlists to 2024-11-26 00:00:00+00:00, run_after=2024-11-27 00:00:00+00:00
[2024-11-26T02:05:28.778+0000] {processor.py:208} INFO - Processing /opt/airflow/dags/no_use/youtube_daily_playlist_dag.py took 0.337 seconds
[2024-11-26T02:05:58.946+0000] {processor.py:186} INFO - Started process (PID=768) to work on /opt/airflow/dags/no_use/youtube_daily_playlist_dag.py
[2024-11-26T02:05:58.947+0000] {processor.py:914} INFO - Processing file /opt/airflow/dags/no_use/youtube_daily_playlist_dag.py for tasks to queue
[2024-11-26T02:05:58.947+0000] {logging_mixin.py:190} INFO - [2024-11-26T02:05:58.947+0000] {dagbag.py:588} INFO - Filling up the DagBag from /opt/airflow/dags/no_use/youtube_daily_playlist_dag.py
[2024-11-26T02:05:59.208+0000] {processor.py:925} INFO - DAG(s) 'youtube_etl_dag_daily_playlists' retrieved from /opt/airflow/dags/no_use/youtube_daily_playlist_dag.py
[2024-11-26T02:05:59.222+0000] {logging_mixin.py:190} INFO - [2024-11-26T02:05:59.222+0000] {dag.py:3239} INFO - Sync 1 DAGs
[2024-11-26T02:05:59.235+0000] {logging_mixin.py:190} INFO - [2024-11-26T02:05:59.235+0000] {dag.py:4180} INFO - Setting next_dagrun for youtube_etl_dag_daily_playlists to 2024-11-26 00:00:00+00:00, run_after=2024-11-27 00:00:00+00:00
[2024-11-26T02:05:59.244+0000] {processor.py:208} INFO - Processing /opt/airflow/dags/no_use/youtube_daily_playlist_dag.py took 0.303 seconds
[2024-11-26T02:06:30.209+0000] {processor.py:186} INFO - Started process (PID=786) to work on /opt/airflow/dags/no_use/youtube_daily_playlist_dag.py
[2024-11-26T02:06:30.216+0000] {processor.py:914} INFO - Processing file /opt/airflow/dags/no_use/youtube_daily_playlist_dag.py for tasks to queue
[2024-11-26T02:06:30.217+0000] {logging_mixin.py:190} INFO - [2024-11-26T02:06:30.217+0000] {dagbag.py:588} INFO - Filling up the DagBag from /opt/airflow/dags/no_use/youtube_daily_playlist_dag.py
[2024-11-26T02:06:30.378+0000] {processor.py:925} INFO - DAG(s) 'youtube_etl_dag_daily_playlists' retrieved from /opt/airflow/dags/no_use/youtube_daily_playlist_dag.py
[2024-11-26T02:06:30.391+0000] {logging_mixin.py:190} INFO - [2024-11-26T02:06:30.391+0000] {dag.py:3239} INFO - Sync 1 DAGs
[2024-11-26T02:06:30.400+0000] {logging_mixin.py:190} INFO - [2024-11-26T02:06:30.400+0000] {dag.py:4180} INFO - Setting next_dagrun for youtube_etl_dag_daily_playlists to 2024-11-26 00:00:00+00:00, run_after=2024-11-27 00:00:00+00:00
[2024-11-26T02:06:30.410+0000] {processor.py:208} INFO - Processing /opt/airflow/dags/no_use/youtube_daily_playlist_dag.py took 0.204 seconds
[2024-11-26T02:07:00.484+0000] {processor.py:186} INFO - Started process (PID=803) to work on /opt/airflow/dags/no_use/youtube_daily_playlist_dag.py
[2024-11-26T02:07:00.487+0000] {processor.py:914} INFO - Processing file /opt/airflow/dags/no_use/youtube_daily_playlist_dag.py for tasks to queue
[2024-11-26T02:07:00.488+0000] {logging_mixin.py:190} INFO - [2024-11-26T02:07:00.488+0000] {dagbag.py:588} INFO - Filling up the DagBag from /opt/airflow/dags/no_use/youtube_daily_playlist_dag.py
[2024-11-26T02:07:00.726+0000] {processor.py:925} INFO - DAG(s) 'youtube_etl_dag_daily_playlists' retrieved from /opt/airflow/dags/no_use/youtube_daily_playlist_dag.py
[2024-11-26T02:07:00.750+0000] {logging_mixin.py:190} INFO - [2024-11-26T02:07:00.749+0000] {dag.py:3239} INFO - Sync 1 DAGs
[2024-11-26T02:07:00.768+0000] {logging_mixin.py:190} INFO - [2024-11-26T02:07:00.768+0000] {dag.py:4180} INFO - Setting next_dagrun for youtube_etl_dag_daily_playlists to 2024-11-26 00:00:00+00:00, run_after=2024-11-27 00:00:00+00:00
[2024-11-26T02:07:00.781+0000] {processor.py:208} INFO - Processing /opt/airflow/dags/no_use/youtube_daily_playlist_dag.py took 0.303 seconds
[2024-11-26T02:07:31.056+0000] {processor.py:186} INFO - Started process (PID=821) to work on /opt/airflow/dags/no_use/youtube_daily_playlist_dag.py
[2024-11-26T02:07:31.057+0000] {processor.py:914} INFO - Processing file /opt/airflow/dags/no_use/youtube_daily_playlist_dag.py for tasks to queue
[2024-11-26T02:07:31.057+0000] {logging_mixin.py:190} INFO - [2024-11-26T02:07:31.057+0000] {dagbag.py:588} INFO - Filling up the DagBag from /opt/airflow/dags/no_use/youtube_daily_playlist_dag.py
[2024-11-26T02:07:31.243+0000] {processor.py:925} INFO - DAG(s) 'youtube_etl_dag_daily_playlists' retrieved from /opt/airflow/dags/no_use/youtube_daily_playlist_dag.py
[2024-11-26T02:07:31.258+0000] {logging_mixin.py:190} INFO - [2024-11-26T02:07:31.257+0000] {dag.py:3239} INFO - Sync 1 DAGs
[2024-11-26T02:07:31.270+0000] {logging_mixin.py:190} INFO - [2024-11-26T02:07:31.270+0000] {dag.py:4180} INFO - Setting next_dagrun for youtube_etl_dag_daily_playlists to 2024-11-26 00:00:00+00:00, run_after=2024-11-27 00:00:00+00:00
[2024-11-26T02:07:31.279+0000] {processor.py:208} INFO - Processing /opt/airflow/dags/no_use/youtube_daily_playlist_dag.py took 0.228 seconds
[2024-11-26T02:08:01.450+0000] {processor.py:186} INFO - Started process (PID=839) to work on /opt/airflow/dags/no_use/youtube_daily_playlist_dag.py
[2024-11-26T02:08:01.452+0000] {processor.py:914} INFO - Processing file /opt/airflow/dags/no_use/youtube_daily_playlist_dag.py for tasks to queue
[2024-11-26T02:08:01.453+0000] {logging_mixin.py:190} INFO - [2024-11-26T02:08:01.453+0000] {dagbag.py:588} INFO - Filling up the DagBag from /opt/airflow/dags/no_use/youtube_daily_playlist_dag.py
[2024-11-26T02:08:01.704+0000] {processor.py:925} INFO - DAG(s) 'youtube_etl_dag_daily_playlists' retrieved from /opt/airflow/dags/no_use/youtube_daily_playlist_dag.py
[2024-11-26T02:08:01.722+0000] {logging_mixin.py:190} INFO - [2024-11-26T02:08:01.722+0000] {dag.py:3239} INFO - Sync 1 DAGs
[2024-11-26T02:08:01.744+0000] {logging_mixin.py:190} INFO - [2024-11-26T02:08:01.744+0000] {dag.py:4180} INFO - Setting next_dagrun for youtube_etl_dag_daily_playlists to 2024-11-26 00:00:00+00:00, run_after=2024-11-27 00:00:00+00:00
[2024-11-26T02:08:01.756+0000] {processor.py:208} INFO - Processing /opt/airflow/dags/no_use/youtube_daily_playlist_dag.py took 0.314 seconds
[2024-11-26T02:08:31.917+0000] {processor.py:186} INFO - Started process (PID=857) to work on /opt/airflow/dags/no_use/youtube_daily_playlist_dag.py
[2024-11-26T02:08:31.919+0000] {processor.py:914} INFO - Processing file /opt/airflow/dags/no_use/youtube_daily_playlist_dag.py for tasks to queue
[2024-11-26T02:08:31.921+0000] {logging_mixin.py:190} INFO - [2024-11-26T02:08:31.921+0000] {dagbag.py:588} INFO - Filling up the DagBag from /opt/airflow/dags/no_use/youtube_daily_playlist_dag.py
[2024-11-26T02:08:32.145+0000] {processor.py:925} INFO - DAG(s) 'youtube_etl_dag_daily_playlists' retrieved from /opt/airflow/dags/no_use/youtube_daily_playlist_dag.py
[2024-11-26T02:08:32.160+0000] {logging_mixin.py:190} INFO - [2024-11-26T02:08:32.160+0000] {dag.py:3239} INFO - Sync 1 DAGs
[2024-11-26T02:08:32.170+0000] {logging_mixin.py:190} INFO - [2024-11-26T02:08:32.170+0000] {dag.py:4180} INFO - Setting next_dagrun for youtube_etl_dag_daily_playlists to 2024-11-26 00:00:00+00:00, run_after=2024-11-27 00:00:00+00:00
[2024-11-26T02:08:32.354+0000] {processor.py:208} INFO - Processing /opt/airflow/dags/no_use/youtube_daily_playlist_dag.py took 0.442 seconds
[2024-11-26T02:09:02.397+0000] {processor.py:186} INFO - Started process (PID=875) to work on /opt/airflow/dags/no_use/youtube_daily_playlist_dag.py
[2024-11-26T02:09:02.404+0000] {processor.py:914} INFO - Processing file /opt/airflow/dags/no_use/youtube_daily_playlist_dag.py for tasks to queue
[2024-11-26T02:09:02.408+0000] {logging_mixin.py:190} INFO - [2024-11-26T02:09:02.407+0000] {dagbag.py:588} INFO - Filling up the DagBag from /opt/airflow/dags/no_use/youtube_daily_playlist_dag.py
[2024-11-26T02:09:02.627+0000] {processor.py:925} INFO - DAG(s) 'youtube_etl_dag_daily_playlists' retrieved from /opt/airflow/dags/no_use/youtube_daily_playlist_dag.py
[2024-11-26T02:09:02.643+0000] {logging_mixin.py:190} INFO - [2024-11-26T02:09:02.642+0000] {dag.py:3239} INFO - Sync 1 DAGs
[2024-11-26T02:09:02.655+0000] {logging_mixin.py:190} INFO - [2024-11-26T02:09:02.654+0000] {dag.py:4180} INFO - Setting next_dagrun for youtube_etl_dag_daily_playlists to 2024-11-26 00:00:00+00:00, run_after=2024-11-27 00:00:00+00:00
[2024-11-26T02:09:02.665+0000] {processor.py:208} INFO - Processing /opt/airflow/dags/no_use/youtube_daily_playlist_dag.py took 0.274 seconds
[2024-11-26T02:09:32.746+0000] {processor.py:186} INFO - Started process (PID=893) to work on /opt/airflow/dags/no_use/youtube_daily_playlist_dag.py
[2024-11-26T02:09:32.746+0000] {processor.py:914} INFO - Processing file /opt/airflow/dags/no_use/youtube_daily_playlist_dag.py for tasks to queue
[2024-11-26T02:09:32.748+0000] {logging_mixin.py:190} INFO - [2024-11-26T02:09:32.748+0000] {dagbag.py:588} INFO - Filling up the DagBag from /opt/airflow/dags/no_use/youtube_daily_playlist_dag.py
[2024-11-26T02:09:32.975+0000] {processor.py:925} INFO - DAG(s) 'youtube_etl_dag_daily_playlists' retrieved from /opt/airflow/dags/no_use/youtube_daily_playlist_dag.py
[2024-11-26T02:09:32.993+0000] {logging_mixin.py:190} INFO - [2024-11-26T02:09:32.992+0000] {dag.py:3239} INFO - Sync 1 DAGs
[2024-11-26T02:09:33.125+0000] {logging_mixin.py:190} INFO - [2024-11-26T02:09:33.125+0000] {dag.py:4180} INFO - Setting next_dagrun for youtube_etl_dag_daily_playlists to 2024-11-26 00:00:00+00:00, run_after=2024-11-27 00:00:00+00:00
[2024-11-26T02:09:33.134+0000] {processor.py:208} INFO - Processing /opt/airflow/dags/no_use/youtube_daily_playlist_dag.py took 0.393 seconds
[2024-11-26T02:10:03.320+0000] {processor.py:186} INFO - Started process (PID=911) to work on /opt/airflow/dags/no_use/youtube_daily_playlist_dag.py
[2024-11-26T02:10:03.324+0000] {processor.py:914} INFO - Processing file /opt/airflow/dags/no_use/youtube_daily_playlist_dag.py for tasks to queue
[2024-11-26T02:10:03.326+0000] {logging_mixin.py:190} INFO - [2024-11-26T02:10:03.325+0000] {dagbag.py:588} INFO - Filling up the DagBag from /opt/airflow/dags/no_use/youtube_daily_playlist_dag.py
[2024-11-26T02:10:03.526+0000] {processor.py:925} INFO - DAG(s) 'youtube_etl_dag_daily_playlists' retrieved from /opt/airflow/dags/no_use/youtube_daily_playlist_dag.py
[2024-11-26T02:10:03.543+0000] {logging_mixin.py:190} INFO - [2024-11-26T02:10:03.543+0000] {dag.py:3239} INFO - Sync 1 DAGs
[2024-11-26T02:10:03.555+0000] {logging_mixin.py:190} INFO - [2024-11-26T02:10:03.554+0000] {dag.py:4180} INFO - Setting next_dagrun for youtube_etl_dag_daily_playlists to 2024-11-26 00:00:00+00:00, run_after=2024-11-27 00:00:00+00:00
[2024-11-26T02:10:03.563+0000] {processor.py:208} INFO - Processing /opt/airflow/dags/no_use/youtube_daily_playlist_dag.py took 0.248 seconds
[2024-11-26T02:10:33.743+0000] {processor.py:186} INFO - Started process (PID=929) to work on /opt/airflow/dags/no_use/youtube_daily_playlist_dag.py
[2024-11-26T02:10:33.744+0000] {processor.py:914} INFO - Processing file /opt/airflow/dags/no_use/youtube_daily_playlist_dag.py for tasks to queue
[2024-11-26T02:10:33.745+0000] {logging_mixin.py:190} INFO - [2024-11-26T02:10:33.745+0000] {dagbag.py:588} INFO - Filling up the DagBag from /opt/airflow/dags/no_use/youtube_daily_playlist_dag.py
[2024-11-26T02:10:33.960+0000] {processor.py:925} INFO - DAG(s) 'youtube_etl_dag_daily_playlists' retrieved from /opt/airflow/dags/no_use/youtube_daily_playlist_dag.py
[2024-11-26T02:10:33.979+0000] {logging_mixin.py:190} INFO - [2024-11-26T02:10:33.978+0000] {dag.py:3239} INFO - Sync 1 DAGs
[2024-11-26T02:10:34.160+0000] {logging_mixin.py:190} INFO - [2024-11-26T02:10:34.160+0000] {dag.py:4180} INFO - Setting next_dagrun for youtube_etl_dag_daily_playlists to 2024-11-26 00:00:00+00:00, run_after=2024-11-27 00:00:00+00:00
[2024-11-26T02:10:34.168+0000] {processor.py:208} INFO - Processing /opt/airflow/dags/no_use/youtube_daily_playlist_dag.py took 0.432 seconds
[2024-11-26T02:11:04.310+0000] {processor.py:186} INFO - Started process (PID=947) to work on /opt/airflow/dags/no_use/youtube_daily_playlist_dag.py
[2024-11-26T02:11:04.311+0000] {processor.py:914} INFO - Processing file /opt/airflow/dags/no_use/youtube_daily_playlist_dag.py for tasks to queue
[2024-11-26T02:11:04.313+0000] {logging_mixin.py:190} INFO - [2024-11-26T02:11:04.313+0000] {dagbag.py:588} INFO - Filling up the DagBag from /opt/airflow/dags/no_use/youtube_daily_playlist_dag.py
[2024-11-26T02:11:04.521+0000] {processor.py:925} INFO - DAG(s) 'youtube_etl_dag_daily_playlists' retrieved from /opt/airflow/dags/no_use/youtube_daily_playlist_dag.py
[2024-11-26T02:11:04.542+0000] {logging_mixin.py:190} INFO - [2024-11-26T02:11:04.542+0000] {dag.py:3239} INFO - Sync 1 DAGs
[2024-11-26T02:11:04.554+0000] {logging_mixin.py:190} INFO - [2024-11-26T02:11:04.554+0000] {dag.py:4180} INFO - Setting next_dagrun for youtube_etl_dag_daily_playlists to 2024-11-26 00:00:00+00:00, run_after=2024-11-27 00:00:00+00:00
[2024-11-26T02:11:04.564+0000] {processor.py:208} INFO - Processing /opt/airflow/dags/no_use/youtube_daily_playlist_dag.py took 0.261 seconds
[2024-11-26T02:11:34.895+0000] {processor.py:186} INFO - Started process (PID=965) to work on /opt/airflow/dags/no_use/youtube_daily_playlist_dag.py
[2024-11-26T02:11:34.896+0000] {processor.py:914} INFO - Processing file /opt/airflow/dags/no_use/youtube_daily_playlist_dag.py for tasks to queue
[2024-11-26T02:11:34.898+0000] {logging_mixin.py:190} INFO - [2024-11-26T02:11:34.897+0000] {dagbag.py:588} INFO - Filling up the DagBag from /opt/airflow/dags/no_use/youtube_daily_playlist_dag.py
[2024-11-26T02:11:35.148+0000] {processor.py:925} INFO - DAG(s) 'youtube_etl_dag_daily_playlists' retrieved from /opt/airflow/dags/no_use/youtube_daily_playlist_dag.py
[2024-11-26T02:11:35.334+0000] {logging_mixin.py:190} INFO - [2024-11-26T02:11:35.334+0000] {dag.py:3239} INFO - Sync 1 DAGs
[2024-11-26T02:11:35.344+0000] {logging_mixin.py:190} INFO - [2024-11-26T02:11:35.344+0000] {dag.py:4180} INFO - Setting next_dagrun for youtube_etl_dag_daily_playlists to 2024-11-26 00:00:00+00:00, run_after=2024-11-27 00:00:00+00:00
[2024-11-26T02:11:35.353+0000] {processor.py:208} INFO - Processing /opt/airflow/dags/no_use/youtube_daily_playlist_dag.py took 0.461 seconds
[2024-11-26T02:12:05.447+0000] {processor.py:186} INFO - Started process (PID=983) to work on /opt/airflow/dags/no_use/youtube_daily_playlist_dag.py
[2024-11-26T02:12:05.447+0000] {processor.py:914} INFO - Processing file /opt/airflow/dags/no_use/youtube_daily_playlist_dag.py for tasks to queue
[2024-11-26T02:12:05.449+0000] {logging_mixin.py:190} INFO - [2024-11-26T02:12:05.449+0000] {dagbag.py:588} INFO - Filling up the DagBag from /opt/airflow/dags/no_use/youtube_daily_playlist_dag.py
[2024-11-26T02:12:05.716+0000] {processor.py:925} INFO - DAG(s) 'youtube_etl_dag_daily_playlists' retrieved from /opt/airflow/dags/no_use/youtube_daily_playlist_dag.py
[2024-11-26T02:12:05.741+0000] {logging_mixin.py:190} INFO - [2024-11-26T02:12:05.741+0000] {dag.py:3239} INFO - Sync 1 DAGs
[2024-11-26T02:12:05.758+0000] {logging_mixin.py:190} INFO - [2024-11-26T02:12:05.758+0000] {dag.py:4180} INFO - Setting next_dagrun for youtube_etl_dag_daily_playlists to 2024-11-26 00:00:00+00:00, run_after=2024-11-27 00:00:00+00:00
[2024-11-26T02:12:05.939+0000] {processor.py:208} INFO - Processing /opt/airflow/dags/no_use/youtube_daily_playlist_dag.py took 0.499 seconds
[2024-11-26T02:12:36.583+0000] {processor.py:186} INFO - Started process (PID=1010) to work on /opt/airflow/dags/no_use/youtube_daily_playlist_dag.py
[2024-11-26T02:12:36.585+0000] {processor.py:914} INFO - Processing file /opt/airflow/dags/no_use/youtube_daily_playlist_dag.py for tasks to queue
[2024-11-26T02:12:36.587+0000] {logging_mixin.py:190} INFO - [2024-11-26T02:12:36.587+0000] {dagbag.py:588} INFO - Filling up the DagBag from /opt/airflow/dags/no_use/youtube_daily_playlist_dag.py
[2024-11-26T02:12:37.093+0000] {processor.py:925} INFO - DAG(s) 'youtube_etl_dag_daily_playlists' retrieved from /opt/airflow/dags/no_use/youtube_daily_playlist_dag.py
[2024-11-26T02:12:37.122+0000] {logging_mixin.py:190} INFO - [2024-11-26T02:12:37.122+0000] {dag.py:3239} INFO - Sync 1 DAGs
[2024-11-26T02:12:37.135+0000] {logging_mixin.py:190} INFO - [2024-11-26T02:12:37.134+0000] {dag.py:4180} INFO - Setting next_dagrun for youtube_etl_dag_daily_playlists to 2024-11-26 00:00:00+00:00, run_after=2024-11-27 00:00:00+00:00
[2024-11-26T02:12:37.143+0000] {processor.py:208} INFO - Processing /opt/airflow/dags/no_use/youtube_daily_playlist_dag.py took 0.567 seconds
[2024-11-26T02:13:07.498+0000] {processor.py:186} INFO - Started process (PID=1028) to work on /opt/airflow/dags/no_use/youtube_daily_playlist_dag.py
[2024-11-26T02:13:07.500+0000] {processor.py:914} INFO - Processing file /opt/airflow/dags/no_use/youtube_daily_playlist_dag.py for tasks to queue
[2024-11-26T02:13:07.504+0000] {logging_mixin.py:190} INFO - [2024-11-26T02:13:07.503+0000] {dagbag.py:588} INFO - Filling up the DagBag from /opt/airflow/dags/no_use/youtube_daily_playlist_dag.py
[2024-11-26T02:13:07.852+0000] {processor.py:925} INFO - DAG(s) 'youtube_etl_dag_daily_playlists' retrieved from /opt/airflow/dags/no_use/youtube_daily_playlist_dag.py
[2024-11-26T02:13:07.881+0000] {logging_mixin.py:190} INFO - [2024-11-26T02:13:07.881+0000] {dag.py:3239} INFO - Sync 1 DAGs
[2024-11-26T02:13:08.119+0000] {logging_mixin.py:190} INFO - [2024-11-26T02:13:08.118+0000] {dag.py:4180} INFO - Setting next_dagrun for youtube_etl_dag_daily_playlists to 2024-11-26 00:00:00+00:00, run_after=2024-11-27 00:00:00+00:00
[2024-11-26T02:13:08.132+0000] {processor.py:208} INFO - Processing /opt/airflow/dags/no_use/youtube_daily_playlist_dag.py took 0.642 seconds
