[2024-11-24T13:36:23.356+0000] {processor.py:153} INFO - Started process (PID=56) to work on /opt/airflow/dags/spotify_playlist_dag.py
[2024-11-24T13:36:23.358+0000] {processor.py:743} INFO - Processing file /opt/airflow/dags/spotify_playlist_dag.py for tasks to queue
[2024-11-24T13:36:23.360+0000] {logging_mixin.py:137} INFO - [2024-11-24T13:36:23.359+0000] {dagbag.py:538} INFO - Filling up the DagBag from /opt/airflow/dags/spotify_playlist_dag.py
[2024-11-24T13:36:23.513+0000] {processor.py:753} INFO - DAG(s) dict_keys(['spotify_etl_dag_playlist']) retrieved from /opt/airflow/dags/spotify_playlist_dag.py
[2024-11-24T13:36:23.609+0000] {logging_mixin.py:137} INFO - [2024-11-24T13:36:23.608+0000] {dag.py:2690} INFO - Sync 1 DAGs
[2024-11-24T13:36:23.637+0000] {logging_mixin.py:137} INFO - [2024-11-24T13:36:23.637+0000] {dag.py:3441} INFO - Setting next_dagrun for spotify_etl_dag_playlist to 2023-11-22T00:00:00+00:00, run_after=2023-11-23T00:00:00+00:00
[2024-11-24T13:36:23.769+0000] {processor.py:175} INFO - Processing /opt/airflow/dags/spotify_playlist_dag.py took 0.418 seconds
[2024-11-24T13:36:54.127+0000] {processor.py:153} INFO - Started process (PID=74) to work on /opt/airflow/dags/spotify_playlist_dag.py
[2024-11-24T13:36:54.128+0000] {processor.py:743} INFO - Processing file /opt/airflow/dags/spotify_playlist_dag.py for tasks to queue
[2024-11-24T13:36:54.130+0000] {logging_mixin.py:137} INFO - [2024-11-24T13:36:54.130+0000] {dagbag.py:538} INFO - Filling up the DagBag from /opt/airflow/dags/spotify_playlist_dag.py
[2024-11-24T13:36:54.163+0000] {processor.py:753} INFO - DAG(s) dict_keys(['spotify_etl_dag_playlist']) retrieved from /opt/airflow/dags/spotify_playlist_dag.py
[2024-11-24T13:36:54.177+0000] {logging_mixin.py:137} INFO - [2024-11-24T13:36:54.177+0000] {dag.py:2690} INFO - Sync 1 DAGs
[2024-11-24T13:36:54.190+0000] {logging_mixin.py:137} INFO - [2024-11-24T13:36:54.190+0000] {dag.py:3441} INFO - Setting next_dagrun for spotify_etl_dag_playlist to 2023-11-22T00:00:00+00:00, run_after=2023-11-23T00:00:00+00:00
[2024-11-24T13:36:54.221+0000] {processor.py:175} INFO - Processing /opt/airflow/dags/spotify_playlist_dag.py took 0.099 seconds
[2024-11-24T13:37:24.536+0000] {processor.py:153} INFO - Started process (PID=85) to work on /opt/airflow/dags/spotify_playlist_dag.py
[2024-11-24T13:37:24.537+0000] {processor.py:743} INFO - Processing file /opt/airflow/dags/spotify_playlist_dag.py for tasks to queue
[2024-11-24T13:37:24.538+0000] {logging_mixin.py:137} INFO - [2024-11-24T13:37:24.538+0000] {dagbag.py:538} INFO - Filling up the DagBag from /opt/airflow/dags/spotify_playlist_dag.py
[2024-11-24T13:37:24.572+0000] {processor.py:753} INFO - DAG(s) dict_keys(['spotify_etl_dag_playlist']) retrieved from /opt/airflow/dags/spotify_playlist_dag.py
[2024-11-24T13:37:24.583+0000] {logging_mixin.py:137} INFO - [2024-11-24T13:37:24.583+0000] {dag.py:2690} INFO - Sync 1 DAGs
[2024-11-24T13:37:24.594+0000] {logging_mixin.py:137} INFO - [2024-11-24T13:37:24.594+0000] {dag.py:3441} INFO - Setting next_dagrun for spotify_etl_dag_playlist to 2023-11-22T00:00:00+00:00, run_after=2023-11-23T00:00:00+00:00
[2024-11-24T13:37:24.601+0000] {processor.py:175} INFO - Processing /opt/airflow/dags/spotify_playlist_dag.py took 0.073 seconds
[2024-11-24T13:37:54.932+0000] {processor.py:153} INFO - Started process (PID=102) to work on /opt/airflow/dags/spotify_playlist_dag.py
[2024-11-24T13:37:54.933+0000] {processor.py:743} INFO - Processing file /opt/airflow/dags/spotify_playlist_dag.py for tasks to queue
[2024-11-24T13:37:54.934+0000] {logging_mixin.py:137} INFO - [2024-11-24T13:37:54.934+0000] {dagbag.py:538} INFO - Filling up the DagBag from /opt/airflow/dags/spotify_playlist_dag.py
[2024-11-24T13:37:54.969+0000] {processor.py:753} INFO - DAG(s) dict_keys(['spotify_etl_dag_playlist']) retrieved from /opt/airflow/dags/spotify_playlist_dag.py
[2024-11-24T13:37:54.986+0000] {logging_mixin.py:137} INFO - [2024-11-24T13:37:54.986+0000] {dag.py:2690} INFO - Sync 1 DAGs
[2024-11-24T13:37:54.998+0000] {logging_mixin.py:137} INFO - [2024-11-24T13:37:54.998+0000] {dag.py:3441} INFO - Setting next_dagrun for spotify_etl_dag_playlist to 2023-11-22T00:00:00+00:00, run_after=2023-11-23T00:00:00+00:00
[2024-11-24T13:37:55.009+0000] {processor.py:175} INFO - Processing /opt/airflow/dags/spotify_playlist_dag.py took 0.081 seconds
[2024-11-24T13:38:25.347+0000] {processor.py:153} INFO - Started process (PID=116) to work on /opt/airflow/dags/spotify_playlist_dag.py
[2024-11-24T13:38:25.348+0000] {processor.py:743} INFO - Processing file /opt/airflow/dags/spotify_playlist_dag.py for tasks to queue
[2024-11-24T13:38:25.348+0000] {logging_mixin.py:137} INFO - [2024-11-24T13:38:25.348+0000] {dagbag.py:538} INFO - Filling up the DagBag from /opt/airflow/dags/spotify_playlist_dag.py
[2024-11-24T13:38:25.376+0000] {processor.py:753} INFO - DAG(s) dict_keys(['spotify_etl_dag_playlist']) retrieved from /opt/airflow/dags/spotify_playlist_dag.py
[2024-11-24T13:38:25.390+0000] {logging_mixin.py:137} INFO - [2024-11-24T13:38:25.390+0000] {dag.py:2690} INFO - Sync 1 DAGs
[2024-11-24T13:38:25.405+0000] {logging_mixin.py:137} INFO - [2024-11-24T13:38:25.405+0000] {dag.py:3441} INFO - Setting next_dagrun for spotify_etl_dag_playlist to 2023-11-22T00:00:00+00:00, run_after=2023-11-23T00:00:00+00:00
[2024-11-24T13:38:25.417+0000] {processor.py:175} INFO - Processing /opt/airflow/dags/spotify_playlist_dag.py took 0.073 seconds
[2024-11-24T13:38:55.701+0000] {processor.py:153} INFO - Started process (PID=127) to work on /opt/airflow/dags/spotify_playlist_dag.py
[2024-11-24T13:38:55.702+0000] {processor.py:743} INFO - Processing file /opt/airflow/dags/spotify_playlist_dag.py for tasks to queue
[2024-11-24T13:38:55.702+0000] {logging_mixin.py:137} INFO - [2024-11-24T13:38:55.702+0000] {dagbag.py:538} INFO - Filling up the DagBag from /opt/airflow/dags/spotify_playlist_dag.py
[2024-11-24T13:38:55.727+0000] {processor.py:753} INFO - DAG(s) dict_keys(['spotify_etl_dag_playlist']) retrieved from /opt/airflow/dags/spotify_playlist_dag.py
[2024-11-24T13:38:55.741+0000] {logging_mixin.py:137} INFO - [2024-11-24T13:38:55.741+0000] {dag.py:2690} INFO - Sync 1 DAGs
[2024-11-24T13:38:55.756+0000] {logging_mixin.py:137} INFO - [2024-11-24T13:38:55.756+0000] {dag.py:3441} INFO - Setting next_dagrun for spotify_etl_dag_playlist to 2023-11-22T00:00:00+00:00, run_after=2023-11-23T00:00:00+00:00
[2024-11-24T13:38:55.765+0000] {processor.py:175} INFO - Processing /opt/airflow/dags/spotify_playlist_dag.py took 0.066 seconds
[2024-11-24T13:39:26.049+0000] {processor.py:153} INFO - Started process (PID=138) to work on /opt/airflow/dags/spotify_playlist_dag.py
[2024-11-24T13:39:26.051+0000] {processor.py:743} INFO - Processing file /opt/airflow/dags/spotify_playlist_dag.py for tasks to queue
[2024-11-24T13:39:26.052+0000] {logging_mixin.py:137} INFO - [2024-11-24T13:39:26.052+0000] {dagbag.py:538} INFO - Filling up the DagBag from /opt/airflow/dags/spotify_playlist_dag.py
[2024-11-24T13:39:26.083+0000] {processor.py:753} INFO - DAG(s) dict_keys(['spotify_etl_dag_playlist']) retrieved from /opt/airflow/dags/spotify_playlist_dag.py
[2024-11-24T13:39:26.097+0000] {logging_mixin.py:137} INFO - [2024-11-24T13:39:26.097+0000] {dag.py:2690} INFO - Sync 1 DAGs
[2024-11-24T13:39:26.110+0000] {logging_mixin.py:137} INFO - [2024-11-24T13:39:26.110+0000] {dag.py:3441} INFO - Setting next_dagrun for spotify_etl_dag_playlist to 2023-11-22T00:00:00+00:00, run_after=2023-11-23T00:00:00+00:00
[2024-11-24T13:39:26.122+0000] {processor.py:175} INFO - Processing /opt/airflow/dags/spotify_playlist_dag.py took 0.076 seconds
[2024-11-24T13:39:56.439+0000] {processor.py:153} INFO - Started process (PID=166) to work on /opt/airflow/dags/spotify_playlist_dag.py
[2024-11-24T13:39:56.440+0000] {processor.py:743} INFO - Processing file /opt/airflow/dags/spotify_playlist_dag.py for tasks to queue
[2024-11-24T13:39:56.444+0000] {logging_mixin.py:137} INFO - [2024-11-24T13:39:56.444+0000] {dagbag.py:538} INFO - Filling up the DagBag from /opt/airflow/dags/spotify_playlist_dag.py
[2024-11-24T13:39:56.478+0000] {processor.py:753} INFO - DAG(s) dict_keys(['spotify_etl_dag_playlist']) retrieved from /opt/airflow/dags/spotify_playlist_dag.py
[2024-11-24T13:39:56.490+0000] {logging_mixin.py:137} INFO - [2024-11-24T13:39:56.489+0000] {dag.py:2690} INFO - Sync 1 DAGs
[2024-11-24T13:39:56.503+0000] {logging_mixin.py:137} INFO - [2024-11-24T13:39:56.503+0000] {dag.py:3441} INFO - Setting next_dagrun for spotify_etl_dag_playlist to 2023-11-22T00:00:00+00:00, run_after=2023-11-23T00:00:00+00:00
[2024-11-24T13:39:56.511+0000] {processor.py:175} INFO - Processing /opt/airflow/dags/spotify_playlist_dag.py took 0.078 seconds
