[2024-11-25T06:27:59.810+0000] {local_task_job_runner.py:123} INFO - ::group::Pre task execution logs
[2024-11-25T06:27:59.995+0000] {taskinstance.py:2613} INFO - Dependencies all met for dep_context=non-requeueable deps ti=<TaskInstance: youtube_etl_dag_daily_playlists.youtube_etl_task_daily_playlists scheduled__2024-11-24T00:00:00+00:00 [queued]>
[2024-11-25T06:28:00.002+0000] {taskinstance.py:2613} INFO - Dependencies all met for dep_context=requeueable deps ti=<TaskInstance: youtube_etl_dag_daily_playlists.youtube_etl_task_daily_playlists scheduled__2024-11-24T00:00:00+00:00 [queued]>
[2024-11-25T06:28:00.003+0000] {taskinstance.py:2866} INFO - Starting attempt 1 of 2
[2024-11-25T06:28:00.008+0000] {taskinstance.py:2889} INFO - Executing <Task(PythonOperator): youtube_etl_task_daily_playlists> on 2024-11-24 00:00:00+00:00
[2024-11-25T06:28:00.014+0000] {warnings.py:112} WARNING - /home/***/.local/lib/python3.12/site-packages/***/task/task_runner/standard_task_runner.py:70: DeprecationWarning: This process (pid=418) is multi-threaded, use of fork() may lead to deadlocks in the child.
  pid = os.fork()

[2024-11-25T06:28:00.016+0000] {standard_task_runner.py:72} INFO - Started process 419 to run task
[2024-11-25T06:28:00.016+0000] {standard_task_runner.py:104} INFO - Running: ['***', 'tasks', 'run', 'youtube_etl_dag_daily_playlists', 'youtube_etl_task_daily_playlists', 'scheduled__2024-11-24T00:00:00+00:00', '--job-id', '19', '--raw', '--subdir', 'DAGS_FOLDER/youtube_daily_playlist_dag.py', '--cfg-path', '/tmp/tmpq9yf1pwl']
[2024-11-25T06:28:00.017+0000] {standard_task_runner.py:105} INFO - Job 19: Subtask youtube_etl_task_daily_playlists
[2024-11-25T06:28:00.036+0000] {task_command.py:467} INFO - Running <TaskInstance: youtube_etl_dag_daily_playlists.youtube_etl_task_daily_playlists scheduled__2024-11-24T00:00:00+00:00 [running]> on host 851861534bda
[2024-11-25T06:28:00.066+0000] {taskinstance.py:3132} INFO - Exporting env vars: AIRFLOW_CTX_DAG_OWNER='***' AIRFLOW_CTX_DAG_ID='youtube_etl_dag_daily_playlists' AIRFLOW_CTX_TASK_ID='youtube_etl_task_daily_playlists' AIRFLOW_CTX_EXECUTION_DATE='2024-11-24T00:00:00+00:00' AIRFLOW_CTX_TRY_NUMBER='1' AIRFLOW_CTX_DAG_RUN_ID='scheduled__2024-11-24T00:00:00+00:00'
[2024-11-25T06:28:00.066+0000] {taskinstance.py:731} INFO - ::endgroup::
[2024-11-25T06:28:00.929+0000] {youtube_daily_playlist_dag.py:26} INFO - youtube daily _ youtube 데일리 데이터를 성공적으로 가져왔습니다:    no                                        video_title     video_id
0   1  Kendrick Lamar - wacced out murals (Official A...  YwUQ_5iV9pY
1   2           Kendrick Lamar - luther (Official Audio)  HfWLgELllZs
2   3          Kendrick Lamar - hey now (Official Audio)  9PumlOWjXMM
3   4  GloRilla - I LUV HER (feat. T-Pain) (Official ...  q44VdjcsjPg
4   5                            Lil Baby - Insecurities  POCrFEZO82s
5   6             Gunna - HIM ALL ALONG [Official Video]  w7Wf0h1Q8a4
6   7                    Lil Baby - 5AM (Official Video)  KhhN6m7Lfyw
7   8  ROSÉ & Bruno Mars - APT. (live from MAMA award...  Jn8KvdWagfo
8   9     ROSÉ - number one girl (official music video)  pZ1NdE69VTs
9  10  YTB Fatt - "FREE SMURK, BIG EDDIE & CAM" (Offi...  8ls44k4ub6U,    no  ...                         playlist_id
0   1  ...  PLv042z7GzQ6seUj1DH84NDGCfhK_P92T8
1   2  ...  PLa-kPiILdlq4BWSVPOy32e2syYfgGA0hR
2   3  ...  PLjUVzlcpeN4SyRhdrEPdIDdv_l3A7mvle
3   4  ...  PLFEgnf4tmQe837AFf_BdhT-WT_Efr1NvF
4   5  ...  PLySDjoJAseen9gweUQqaRnXR2wa5z3tDf
5   6  ...  PL0VE_cI7-AYT5UhHUeA3DZB4fmoebl-Yu
6   7  ...  PLQamLLzUTEJys6afnAR656xq0_cCKndpL
7   8  ...  PL3qHjxSSl7AEricyclXZeSgSvBfMJstlD
8   9  ...  PLaCVhPj5LHe6hJ-GDkuXUHGUOFQkXmjsx
9  10  ...  PLBUqbL0gszR6oUpbvVq67v70ScT1Xlcva

[10 rows x 3 columns]
[2024-11-25T06:28:00.936+0000] {base.py:84} INFO - Retrieving connection 'playlist'
[2024-11-25T06:28:01.099+0000] {youtube_daily_playlist_dag.py:70} INFO - youtube daily _ daily_youtube 기존 테이블 삭제 중...
[2024-11-25T06:28:01.135+0000] {youtube_daily_playlist_dag.py:74} INFO - youtube daily _ daily_youtube 새 테이블 생성 중...
[2024-11-25T06:28:01.168+0000] {youtube_daily_playlist_dag.py:82} INFO - youtube daily _ 새 테이블 생성 완료
[2024-11-25T06:28:01.228+0000] {youtube_daily_playlist_dag.py:41} INFO - youtube daily _ 테이블 playlist_schema.daily_youtube_video에 데이터 삽입 완료
[2024-11-25T06:28:01.252+0000] {youtube_daily_playlist_dag.py:88} INFO - youtube daily _ 데이터가 성공적으로 데이터베이스에 삽입되었습니다.
[2024-11-25T06:28:01.254+0000] {youtube_daily_playlist_dag.py:98} INFO - youtube daily _ 데이터베이스 연결이 종료되었습니다.
[2024-11-25T06:28:01.256+0000] {python.py:240} INFO - Done. Returned value was: None
[2024-11-25T06:28:01.272+0000] {taskinstance.py:340} INFO - ::group::Post task execution logs
[2024-11-25T06:28:01.273+0000] {taskinstance.py:352} INFO - Marking task as SUCCESS. dag_id=youtube_etl_dag_daily_playlists, task_id=youtube_etl_task_daily_playlists, run_id=scheduled__2024-11-24T00:00:00+00:00, execution_date=20241124T000000, start_date=20241125T062759, end_date=20241125T062801
[2024-11-25T06:28:01.319+0000] {local_task_job_runner.py:266} INFO - Task exited with return code 0
[2024-11-25T06:28:01.333+0000] {taskinstance.py:3895} INFO - 0 downstream tasks scheduled from follow-on schedule check
[2024-11-25T06:28:01.334+0000] {local_task_job_runner.py:245} INFO - ::endgroup::
