[2024-11-26T04:49:24.145+0000] {local_task_job_runner.py:123} INFO - ::group::Pre task execution logs
[2024-11-26T04:49:24.285+0000] {taskinstance.py:2613} INFO - Dependencies all met for dep_context=non-requeueable deps ti=<TaskInstance: etl_dag_search_songs.etl_task_tracks manual__2024-11-26T04:42:06.014668+00:00 [queued]>
[2024-11-26T04:49:24.339+0000] {taskinstance.py:2613} INFO - Dependencies all met for dep_context=requeueable deps ti=<TaskInstance: etl_dag_search_songs.etl_task_tracks manual__2024-11-26T04:42:06.014668+00:00 [queued]>
[2024-11-26T04:49:24.347+0000] {taskinstance.py:2866} INFO - Starting attempt 1 of 2
[2024-11-26T04:49:24.498+0000] {taskinstance.py:2889} INFO - Executing <Task(PythonOperator): etl_task_tracks> on 2024-11-26 04:42:06.014668+00:00
[2024-11-26T04:49:24.625+0000] {warnings.py:112} WARNING - /home/***/.local/lib/python3.12/site-packages/***/task/task_runner/standard_task_runner.py:70: DeprecationWarning: This process (pid=1620) is multi-threaded, use of fork() may lead to deadlocks in the child.
  pid = os.fork()

[2024-11-26T04:49:24.641+0000] {standard_task_runner.py:72} INFO - Started process 1662 to run task
[2024-11-26T04:49:24.819+0000] {standard_task_runner.py:104} INFO - Running: ['***', 'tasks', 'run', 'etl_dag_search_songs', 'etl_task_tracks', 'manual__2024-11-26T04:42:06.014668+00:00', '--job-id', '76', '--raw', '--subdir', 'DAGS_FOLDER/songs_dag.py', '--cfg-path', '/tmp/tmp5jid0tzf']
[2024-11-26T04:49:24.945+0000] {standard_task_runner.py:105} INFO - Job 76: Subtask etl_task_tracks
[2024-11-26T04:49:26.921+0000] {task_command.py:467} INFO - Running <TaskInstance: etl_dag_search_songs.etl_task_tracks manual__2024-11-26T04:42:06.014668+00:00 [running]> on host ca1f19c5a43a
[2024-11-26T04:49:28.361+0000] {taskinstance.py:3132} INFO - Exporting env vars: AIRFLOW_CTX_DAG_OWNER='***' AIRFLOW_CTX_DAG_ID='etl_dag_search_songs' AIRFLOW_CTX_TASK_ID='etl_task_tracks' AIRFLOW_CTX_EXECUTION_DATE='2024-11-26T04:42:06.014668+00:00' AIRFLOW_CTX_TRY_NUMBER='1' AIRFLOW_CTX_DAG_RUN_ID='manual__2024-11-26T04:42:06.014668+00:00'
[2024-11-26T04:49:28.373+0000] {taskinstance.py:731} INFO - ::endgroup::
[2024-11-26T04:49:28.772+0000] {songs_dag.py:220} ERROR - song_title이 conf에서 제공되지 않았습니다.
[2024-11-26T04:49:28.803+0000] {python.py:240} INFO - Done. Returned value was: None
[2024-11-26T04:49:29.346+0000] {taskinstance.py:340} INFO - ::group::Post task execution logs
[2024-11-26T04:49:29.375+0000] {taskinstance.py:352} INFO - Marking task as SUCCESS. dag_id=etl_dag_search_songs, task_id=etl_task_tracks, run_id=manual__2024-11-26T04:42:06.014668+00:00, execution_date=20241126T044206, start_date=20241126T044924, end_date=20241126T044929
[2024-11-26T04:49:30.224+0000] {local_task_job_runner.py:266} INFO - Task exited with return code 0
[2024-11-26T04:49:30.366+0000] {taskinstance.py:3895} INFO - 0 downstream tasks scheduled from follow-on schedule check
[2024-11-26T04:49:30.396+0000] {local_task_job_runner.py:245} INFO - ::endgroup::
