[2024-11-26T05:12:41.728+0000] {local_task_job_runner.py:123} INFO - ::group::Pre task execution logs
[2024-11-26T05:12:41.737+0000] {taskinstance.py:2613} INFO - Dependencies all met for dep_context=non-requeueable deps ti=<TaskInstance: etl_dag_search_songs.etl_task_tracks manual__2024-11-26T05:12:41.044566+00:00 [queued]>
[2024-11-26T05:12:41.745+0000] {taskinstance.py:2613} INFO - Dependencies all met for dep_context=requeueable deps ti=<TaskInstance: etl_dag_search_songs.etl_task_tracks manual__2024-11-26T05:12:41.044566+00:00 [queued]>
[2024-11-26T05:12:41.745+0000] {taskinstance.py:2866} INFO - Starting attempt 1 of 2
[2024-11-26T05:12:41.754+0000] {taskinstance.py:2889} INFO - Executing <Task(PythonOperator): etl_task_tracks> on 2024-11-26 05:12:41.044566+00:00
[2024-11-26T05:12:41.761+0000] {warnings.py:112} WARNING - /home/***/.local/lib/python3.12/site-packages/***/task/task_runner/standard_task_runner.py:70: DeprecationWarning: This process (pid=939) is multi-threaded, use of fork() may lead to deadlocks in the child.
  pid = os.fork()

[2024-11-26T05:12:41.763+0000] {standard_task_runner.py:104} INFO - Running: ['***', 'tasks', 'run', 'etl_dag_search_songs', 'etl_task_tracks', 'manual__2024-11-26T05:12:41.044566+00:00', '--job-id', '367', '--raw', '--subdir', 'DAGS_FOLDER/songs_dag.py', '--cfg-path', '/tmp/tmp_80q98_z']
[2024-11-26T05:12:41.766+0000] {standard_task_runner.py:105} INFO - Job 367: Subtask etl_task_tracks
[2024-11-26T05:12:41.766+0000] {standard_task_runner.py:72} INFO - Started process 940 to run task
[2024-11-26T05:12:41.980+0000] {task_command.py:467} INFO - Running <TaskInstance: etl_dag_search_songs.etl_task_tracks manual__2024-11-26T05:12:41.044566+00:00 [running]> on host 5c426c48ab2b
[2024-11-26T05:12:42.019+0000] {taskinstance.py:3132} INFO - Exporting env vars: AIRFLOW_CTX_DAG_OWNER='***' AIRFLOW_CTX_DAG_ID='etl_dag_search_songs' AIRFLOW_CTX_TASK_ID='etl_task_tracks' AIRFLOW_CTX_EXECUTION_DATE='2024-11-26T05:12:41.044566+00:00' AIRFLOW_CTX_TRY_NUMBER='1' AIRFLOW_CTX_DAG_RUN_ID='manual__2024-11-26T05:12:41.044566+00:00'
[2024-11-26T05:12:42.022+0000] {taskinstance.py:731} INFO - ::endgroup::
[2024-11-26T05:12:43.174+0000] {songs_dag.py:26} INFO - youtube ì¶”ì²œê³¡ _ ë°ì´í„°ë¥¼ ì„±ê³µì ìœ¼ë¡œ ê°€ì ¸ì™”ìŠµë‹ˆë‹¤:    no                                        video_title     video_id
0   1   Ed Sheeran - Shape of You (Official Music Video)  JGwWNGJdvx8
1   2                 Ed Sheeran - Shape Of You (Lyrics)  Vds8ddYXYZY
2   3   Ed Sheeran - Shape Of You [Official Lyric Video]  _dK2tDK9grQ
3   4       Ed Sheeran - Shape Of You ( cover by J.Fla )  MhQKe-aERsU
4   5  [AB STAGE] Ed Sheeran - Shape of you | @H2_day...  V438CXxIr1M
5   6                 Ed Sheeran - Shape Of You (Lyrics)  VwomfkFDvH4
6   7        Ed Sheeran - Shape Of You (Karaoke Version)  o71_MatpYV0
7   8    Ed Sheeran - Shape of You (The Biggest Weekend)  Svtr-p4mrQ8
8   9        ğ™€ğ™™ ğ™ğ™ğ™šğ™šğ™§ğ™–ğ™£ - ğ™ğ™ğ™–ğ™¥ğ™š ğ™¤ğ™› ğ™®ğ™¤ğ™ª [ğ™ğ™¡ğ™¤ğ™¬ğ™šğ™™ + ğ™ğ™šğ™«ğ™šğ™§ğ™—]  pRfsuLVuztU
9  10  Ed Sheeran - Shape Of You - (Sheeran Looper X ...  IiSgX-T_oPw,    no  ...                                playlist_thumbnail
0   1  ...  https://i.ytimg.com/vi/JGwWNGJdvx8/mqdefault.jpg
1   2  ...  https://i.ytimg.com/vi/12gmxhEFeBo/mqdefault.jpg
2   3  ...  https://i.ytimg.com/vi/JGwWNGJdvx8/mqdefault.jpg
3   4  ...  https://i.ytimg.com/vi/JGwWNGJdvx8/mqdefault.jpg
4   5  ...  https://i.ytimg.com/vi/th92jw2CFOA/mqdefault.jpg
5   6  ...  https://i.ytimg.com/vi/JGwWNGJdvx8/mqdefault.jpg
6   7  ...  https://i.ytimg.com/vi/OzTx9ttt4DA/mqdefault.jpg
7   8  ...  https://i.ytimg.com/vi/JGwWNGJdvx8/mqdefault.jpg
8   9  ...  https://i.ytimg.com/vi/JGwWNGJdvx8/mqdefault.jpg
9  10  ...  https://i.ytimg.com/vi/JGwWNGJdvx8/mqdefault.jpg

[10 rows x 4 columns]
[2024-11-26T05:12:44.150+0000] {logging_mixin.py:190} INFO - Found track: Shape of You by Ed Sheeran
[2024-11-26T05:12:44.640+0000] {songs_dag.py:31} INFO - spotify ì¶”ì²œê³¡ _ ë°ì´í„°ë¥¼ ì„±ê³µì ìœ¼ë¡œ ê°€ì ¸ì™”ìŠµë‹ˆë‹¤: [{'title': "I'll Be There", 'link': 'https://open.spotify.com/track/4r1CoAATVuxag55Ct3Y1aX', 'cover_image': 'https://i.scdn.co/image/ab67616d0000b273a87cab21419f86b78c338e97'}, {'title': 'Stay With Me', 'link': 'https://open.spotify.com/track/5MxWTfmlmRDx6VZHvB9xV8', 'cover_image': 'https://i.scdn.co/image/ab67616d0000b273aeca5ce27cb0041319cbb734'}, {'title': 'Skyfall', 'link': 'https://open.spotify.com/track/6VObnIkLVruX4UVyxWhlqm', 'cover_image': 'https://i.scdn.co/image/ab67616d0000b2732737be35cc5245eef495be90'}, {'title': 'Chandelier', 'link': 'https://open.spotify.com/track/4VrWlk8IQxevMvERoX08iC', 'cover_image': 'https://i.scdn.co/image/ab67616d0000b2735d199c9f6e6562aafa5aa357'}, {'title': 'Familiar (With J. Balvin)', 'link': 'https://open.spotify.com/track/3o5GtsTSrYQ9AwLvWo2F3X', 'cover_image': 'https://i.scdn.co/image/ab67616d0000b273373a46efca570f83dd78313f'}, {'title': 'Low (feat. T-Pain)', 'link': 'https://open.spotify.com/track/0CAfXk7DXMnon4gLudAp7J', 'cover_image': 'https://i.scdn.co/image/ab67616d0000b273f9bd7a6c772ac496015be3f8'}, {'title': 'Someone Like You', 'link': 'https://open.spotify.com/track/5lkpeJwmQKgY3bX2zChjxX', 'cover_image': 'https://i.scdn.co/image/ab67616d0000b273744ea41a7c1ae57024752db9'}, {'title': 'These Days (feat. Jess Glynne, Macklemore & Dan Caplen)', 'link': 'https://open.spotify.com/track/20ZP3Om9DvDazXrNUC7WM2', 'cover_image': 'https://i.scdn.co/image/ab67616d0000b2733b2ca582d8778096f23b3ae9'}, {'title': 'Never Be the Same', 'link': 'https://open.spotify.com/track/4eWQlBRaTjPPUlzacqEeoQ', 'cover_image': 'https://i.scdn.co/image/ab67616d0000b2736eb0b9e73adcf04e4ed3eca4'}, {'title': 'PILLOWTALK', 'link': 'https://open.spotify.com/track/0PDUDa38GO8lMxLCRc4lL1', 'cover_image': 'https://i.scdn.co/image/ab67616d0000b273a15e26d05b7ce776b566579d'}]
[2024-11-26T05:12:44.661+0000] {base.py:84} INFO - Retrieving connection 'playlist'
[2024-11-26T05:12:44.821+0000] {songs_dag.py:129} INFO - youtube ê²€ìƒ‰ _ search_youtube_video ê¸°ì¡´ í…Œì´ë¸” ì‚­ì œ ì¤‘...
[2024-11-26T05:12:44.857+0000] {songs_dag.py:134} INFO - spotify ì¶”ì²œê³¡ _ ê¸°ì¡´ í…Œì´ë¸” ì‚­ì œ ì¤‘...
[2024-11-26T05:12:44.874+0000] {songs_dag.py:137} INFO - youtube ê²€ìƒ‰ _ search_youtube_video ìƒˆ í…Œì´ë¸” ìƒì„± ì¤‘...
[2024-11-26T05:12:44.899+0000] {songs_dag.py:147} INFO - youtube ê²€ìƒ‰ _ search_youtube_video ìƒˆ í…Œì´ë¸” ìƒì„± ì™„ë£Œ
[2024-11-26T05:12:44.899+0000] {songs_dag.py:151} INFO - spotify ì¶”ì²œê³¡ _ ìƒˆ í…Œì´ë¸” ìƒì„± ì¤‘...
[2024-11-26T05:12:44.918+0000] {songs_dag.py:161} INFO - spotify ì¶”ì²œê³¡ _ ìƒˆ í…Œì´ë¸” ìƒì„± ì™„ë£Œ
[2024-11-26T05:12:44.951+0000] {songs_dag.py:47} INFO - youtube ê²€ìƒ‰ _ í…Œì´ë¸” playlist_schema.search_youtube_videoì— ë°ì´í„° ì‚½ì… ì™„ë£Œ
[2024-11-26T05:12:44.951+0000] {songs_dag.py:165} INFO - youtube ê²€ìƒ‰ _ search_youtube ë°ì´í„°ê°€ ì„±ê³µì ìœ¼ë¡œ ë°ì´í„°ë² ì´ìŠ¤ì— ì‚½ì…ë˜ì—ˆìŠµë‹ˆë‹¤.
[2024-11-26T05:12:45.097+0000] {songs_dag.py:174} INFO - spotify ì¶”ì²œê³¡ _ ë°ì´í„°ê°€ ì„±ê³µì ìœ¼ë¡œ ë°ì´í„°ë² ì´ìŠ¤ì— ì‚½ì…ë˜ì—ˆìŠµë‹ˆë‹¤.
[2024-11-26T05:12:45.101+0000] {songs_dag.py:58} INFO -  search songs : ë°ì´í„°ë¥¼ ì‚­ì œí•©ë‹ˆë‹¤.
[2024-11-26T05:12:45.133+0000] {songs_dag.py:73} INFO -  search_songs _ ìƒˆ í…Œì´ë¸” ìƒì„± ì™„ë£Œ
[2024-11-26T05:12:45.165+0000] {songs_dag.py:99} INFO -  search songs : ë°ì´í„°ê°€ ì‚½ì… ë˜ì—ˆìŠµë‹ˆë‹¤.
[2024-11-26T05:12:45.181+0000] {songs_dag.py:190} INFO - ì¶”ì²œê³¡ _ ë°ì´í„°ë² ì´ìŠ¤ ì—°ê²°ì´ ì¢…ë£Œë˜ì—ˆìŠµë‹ˆë‹¤.
[2024-11-26T05:12:45.183+0000] {python.py:240} INFO - Done. Returned value was: None
[2024-11-26T05:12:45.203+0000] {taskinstance.py:340} INFO - ::group::Post task execution logs
[2024-11-26T05:12:45.204+0000] {taskinstance.py:352} INFO - Marking task as SUCCESS. dag_id=etl_dag_search_songs, task_id=etl_task_tracks, run_id=manual__2024-11-26T05:12:41.044566+00:00, execution_date=20241126T051241, start_date=20241126T051241, end_date=20241126T051245
[2024-11-26T05:12:45.252+0000] {local_task_job_runner.py:266} INFO - Task exited with return code 0
[2024-11-26T05:12:45.684+0000] {taskinstance.py:3895} INFO - 0 downstream tasks scheduled from follow-on schedule check
[2024-11-26T05:12:45.685+0000] {local_task_job_runner.py:245} INFO - ::endgroup::
