[2024-11-26T04:49:15.002+0000] {local_task_job_runner.py:123} INFO - ::group::Pre task execution logs
[2024-11-26T04:49:15.213+0000] {taskinstance.py:2613} INFO - Dependencies all met for dep_context=non-requeueable deps ti=<TaskInstance: etl_dag_search_songs.etl_task_tracks manual__2024-11-26T04:38:28.228587+00:00 [queued]>
[2024-11-26T04:49:15.588+0000] {taskinstance.py:2613} INFO - Dependencies all met for dep_context=requeueable deps ti=<TaskInstance: etl_dag_search_songs.etl_task_tracks manual__2024-11-26T04:38:28.228587+00:00 [queued]>
[2024-11-26T04:49:15.611+0000] {taskinstance.py:2866} INFO - Starting attempt 1 of 2
[2024-11-26T04:49:15.780+0000] {taskinstance.py:2889} INFO - Executing <Task(PythonOperator): etl_task_tracks> on 2024-11-26 04:38:28.228587+00:00
[2024-11-26T04:49:16.342+0000] {warnings.py:112} WARNING - /home/***/.local/lib/python3.12/site-packages/***/task/task_runner/standard_task_runner.py:70: DeprecationWarning: This process (pid=1618) is multi-threaded, use of fork() may lead to deadlocks in the child.
  pid = os.fork()

[2024-11-26T04:49:16.416+0000] {standard_task_runner.py:72} INFO - Started process 1640 to run task
[2024-11-26T04:49:16.692+0000] {standard_task_runner.py:104} INFO - Running: ['***', 'tasks', 'run', 'etl_dag_search_songs', 'etl_task_tracks', 'manual__2024-11-26T04:38:28.228587+00:00', '--job-id', '65', '--raw', '--subdir', 'DAGS_FOLDER/songs_dag.py', '--cfg-path', '/tmp/tmpa2zod4j3']
[2024-11-26T04:49:16.746+0000] {standard_task_runner.py:105} INFO - Job 65: Subtask etl_task_tracks
[2024-11-26T04:49:30.328+0000] {task_command.py:467} INFO - Running <TaskInstance: etl_dag_search_songs.etl_task_tracks manual__2024-11-26T04:38:28.228587+00:00 [running]> on host ca1f19c5a43a
[2024-11-26T04:49:30.626+0000] {taskinstance.py:3132} INFO - Exporting env vars: AIRFLOW_CTX_DAG_OWNER='***' AIRFLOW_CTX_DAG_ID='etl_dag_search_songs' AIRFLOW_CTX_TASK_ID='etl_task_tracks' AIRFLOW_CTX_EXECUTION_DATE='2024-11-26T04:38:28.228587+00:00' AIRFLOW_CTX_TRY_NUMBER='1' AIRFLOW_CTX_DAG_RUN_ID='manual__2024-11-26T04:38:28.228587+00:00'
[2024-11-26T04:49:30.629+0000] {taskinstance.py:731} INFO - ::endgroup::
[2024-11-26T04:49:30.656+0000] {songs_dag.py:220} ERROR - song_title이 conf에서 제공되지 않았습니다.
[2024-11-26T04:49:30.656+0000] {python.py:240} INFO - Done. Returned value was: None
[2024-11-26T04:49:30.688+0000] {taskinstance.py:340} INFO - ::group::Post task execution logs
[2024-11-26T04:49:30.691+0000] {taskinstance.py:352} INFO - Marking task as SUCCESS. dag_id=etl_dag_search_songs, task_id=etl_task_tracks, run_id=manual__2024-11-26T04:38:28.228587+00:00, execution_date=20241126T043828, start_date=20241126T044915, end_date=20241126T044930
[2024-11-26T04:49:33.278+0000] {job.py:229} INFO - Heartbeat recovered after 18.80 seconds
[2024-11-26T04:49:33.328+0000] {local_task_job_runner.py:266} INFO - Task exited with return code 0
[2024-11-26T04:49:33.438+0000] {taskinstance.py:3895} INFO - 0 downstream tasks scheduled from follow-on schedule check
[2024-11-26T04:49:33.447+0000] {local_task_job_runner.py:245} INFO - ::endgroup::
