[2024-11-26T01:48:41.278+0000] {local_task_job_runner.py:123} INFO - ::group::Pre task execution logs
[2024-11-26T01:48:41.289+0000] {taskinstance.py:2613} INFO - Dependencies all met for dep_context=non-requeueable deps ti=<TaskInstance: spotify_etl_dag_today_track.spotify_etl_task_today_track scheduled__2024-11-25T00:00:00+00:00 [queued]>
[2024-11-26T01:48:41.295+0000] {taskinstance.py:2613} INFO - Dependencies all met for dep_context=requeueable deps ti=<TaskInstance: spotify_etl_dag_today_track.spotify_etl_task_today_track scheduled__2024-11-25T00:00:00+00:00 [queued]>
[2024-11-26T01:48:41.295+0000] {taskinstance.py:2866} INFO - Starting attempt 1 of 2
[2024-11-26T01:48:41.301+0000] {taskinstance.py:2889} INFO - Executing <Task(PythonOperator): spotify_etl_task_today_track> on 2024-11-25 00:00:00+00:00
[2024-11-26T01:48:41.304+0000] {warnings.py:112} WARNING - /home/***/.local/lib/python3.12/site-packages/***/task/task_runner/standard_task_runner.py:70: DeprecationWarning: This process (pid=62) is multi-threaded, use of fork() may lead to deadlocks in the child.
  pid = os.fork()

[2024-11-26T01:48:41.306+0000] {standard_task_runner.py:104} INFO - Running: ['***', 'tasks', 'run', 'spotify_etl_dag_today_track', 'spotify_etl_task_today_track', 'scheduled__2024-11-25T00:00:00+00:00', '--job-id', '24', '--raw', '--subdir', 'DAGS_FOLDER/no_use/spotify_today_track_dag.py', '--cfg-path', '/tmp/tmp2p4dl81p']
[2024-11-26T01:48:41.307+0000] {standard_task_runner.py:105} INFO - Job 24: Subtask spotify_etl_task_today_track
[2024-11-26T01:48:41.306+0000] {standard_task_runner.py:72} INFO - Started process 63 to run task
[2024-11-26T01:48:41.329+0000] {task_command.py:467} INFO - Running <TaskInstance: spotify_etl_dag_today_track.spotify_etl_task_today_track scheduled__2024-11-25T00:00:00+00:00 [running]> on host e4b7d7f6e901
[2024-11-26T01:48:41.380+0000] {taskinstance.py:3132} INFO - Exporting env vars: AIRFLOW_CTX_DAG_OWNER='***' AIRFLOW_CTX_DAG_ID='spotify_etl_dag_today_track' AIRFLOW_CTX_TASK_ID='spotify_etl_task_today_track' AIRFLOW_CTX_EXECUTION_DATE='2024-11-25T00:00:00+00:00' AIRFLOW_CTX_TRY_NUMBER='1' AIRFLOW_CTX_DAG_RUN_ID='scheduled__2024-11-25T00:00:00+00:00'
[2024-11-26T01:48:41.381+0000] {taskinstance.py:731} INFO - ::endgroup::
[2024-11-26T01:48:41.734+0000] {spotify_today_track_dag.py:24} INFO - spotify today track _ 데이터를 성공적으로 가져왔습니다: [{'title': 'APT.', 'link': 'https://open.spotify.com/track/5vNRhkKd0yEAg8suGBpjeY', 'cover_image': 'https://i.scdn.co/image/ab67616d0000b273f8c8297efc6022534f1357e1'}, {'title': 'Die With A Smile', 'link': 'https://open.spotify.com/track/2plbrEY59IikOBgBGLjaoe', 'cover_image': 'https://i.scdn.co/image/ab67616d0000b27382ea2e9e1858aa012c57cd45'}, {'title': 'luther (with sza)', 'link': 'https://open.spotify.com/track/2CGNAOSuO1MEFCbBRgUzjd', 'cover_image': 'https://i.scdn.co/image/ab67616d0000b27309d6ed214f03fbb663e46531'}, {'title': 'squabble up', 'link': 'https://open.spotify.com/track/0nj9Bq5sHDiTxSHunhgkFb', 'cover_image': 'https://i.scdn.co/image/ab67616d0000b273d9985092cd88bffd97653b58'}, {'title': 'BIRDS OF A FEATHER', 'link': 'https://open.spotify.com/track/6dOtVTDdiauQNBQEDOtlAB', 'cover_image': 'https://i.scdn.co/image/ab67616d0000b27371d62ea7ea8a5be92d3c1f62'}, {'title': 'tv off (feat. lefty gunplay)', 'link': 'https://open.spotify.com/track/0aB0v4027ukVziUGwVGYpG', 'cover_image': 'https://i.scdn.co/image/ab67616d0000b273d9985092cd88bffd97653b58'}, {'title': 'That’s So True', 'link': 'https://open.spotify.com/track/7ne4VBA60CxGM75vw0EYad', 'cover_image': 'https://i.scdn.co/image/ab67616d0000b2731dac3694b3289cd903cb3acf'}, {'title': 'Who', 'link': 'https://open.spotify.com/track/7tI8dRuH2Yc6RuoTjxo4dU', 'cover_image': 'https://i.scdn.co/image/ab67616d0000b273f02c451189a709b9a952aaec'}, {'title': 'wacced out murals', 'link': 'https://open.spotify.com/track/5gOfC9UzZQzTyShqPMrpjT', 'cover_image': 'https://i.scdn.co/image/ab67616d0000b273d9985092cd88bffd97653b58'}, {'title': 'All I Want for Christmas Is You', 'link': 'https://open.spotify.com/track/0bYg9bo50gSsH3LtXe2SQn', 'cover_image': 'https://i.scdn.co/image/ab67616d0000b2734246e3158421f5abb75abc4f'}]
[2024-11-26T01:48:41.740+0000] {base.py:84} INFO - Retrieving connection 'playlist'
[2024-11-26T01:48:41.895+0000] {spotify_today_track_dag.py:48} INFO - spotify today track _ 기존 테이블 삭제 중...
[2024-11-26T01:48:41.927+0000] {spotify_today_track_dag.py:52} INFO - spotify today track _ 새 테이블 생성 중...
[2024-11-26T01:48:41.955+0000] {spotify_today_track_dag.py:62} INFO - spotify today track _ 새 테이블 생성 완료
[2024-11-26T01:48:42.386+0000] {spotify_today_track_dag.py:72} INFO - spotify today track _ 데이터가 성공적으로 데이터베이스에 삽입되었습니다.
[2024-11-26T01:48:42.387+0000] {spotify_today_track_dag.py:83} INFO - spotify today track _ 데이터베이스 연결이 종료되었습니다.
[2024-11-26T01:48:42.387+0000] {python.py:240} INFO - Done. Returned value was: None
[2024-11-26T01:48:42.393+0000] {taskinstance.py:340} INFO - ::group::Post task execution logs
[2024-11-26T01:48:42.393+0000] {taskinstance.py:352} INFO - Marking task as SUCCESS. dag_id=spotify_etl_dag_today_track, task_id=spotify_etl_task_today_track, run_id=scheduled__2024-11-25T00:00:00+00:00, execution_date=20241125T000000, start_date=20241126T014841, end_date=20241126T014842
[2024-11-26T01:48:42.445+0000] {local_task_job_runner.py:266} INFO - Task exited with return code 0
[2024-11-26T01:48:42.459+0000] {taskinstance.py:3895} INFO - 0 downstream tasks scheduled from follow-on schedule check
[2024-11-26T01:48:42.460+0000] {local_task_job_runner.py:245} INFO - ::endgroup::
