[2024-11-26T02:01:13.672+0000] {local_task_job_runner.py:123} INFO - ::group::Pre task execution logs
[2024-11-26T02:01:13.679+0000] {taskinstance.py:2613} INFO - Dependencies all met for dep_context=non-requeueable deps ti=<TaskInstance: spotify_etl_dag_today_playlists.spotify_etl_task_today_playlists manual__2024-10-06T00:00:00+00:00 [queued]>
[2024-11-26T02:01:13.681+0000] {taskinstance.py:2613} INFO - Dependencies all met for dep_context=requeueable deps ti=<TaskInstance: spotify_etl_dag_today_playlists.spotify_etl_task_today_playlists manual__2024-10-06T00:00:00+00:00 [queued]>
[2024-11-26T02:01:13.681+0000] {taskinstance.py:2866} INFO - Starting attempt 1 of 2
[2024-11-26T02:01:13.686+0000] {taskinstance.py:2889} INFO - Executing <Task(PythonOperator): spotify_etl_task_today_playlists> on 2024-10-06 00:00:00+00:00
[2024-11-26T02:01:13.689+0000] {warnings.py:112} WARNING - /home/***/.local/lib/python3.12/site-packages/***/task/task_runner/standard_task_runner.py:70: DeprecationWarning: This process (pid=237) is multi-threaded, use of fork() may lead to deadlocks in the child.
  pid = os.fork()

[2024-11-26T02:01:13.690+0000] {standard_task_runner.py:72} INFO - Started process 238 to run task
[2024-11-26T02:01:13.690+0000] {standard_task_runner.py:104} INFO - Running: ['***', 'tasks', 'run', 'spotify_etl_dag_today_playlists', 'spotify_etl_task_today_playlists', 'manual__2024-10-06T00:00:00+00:00', '--job-id', '27', '--raw', '--subdir', 'DAGS_FOLDER/spotify_today_playlists_dag.py', '--cfg-path', '/tmp/tmpat5uhjg6']
[2024-11-26T02:01:13.691+0000] {standard_task_runner.py:105} INFO - Job 27: Subtask spotify_etl_task_today_playlists
[2024-11-26T02:01:13.721+0000] {task_command.py:467} INFO - Running <TaskInstance: spotify_etl_dag_today_playlists.spotify_etl_task_today_playlists manual__2024-10-06T00:00:00+00:00 [running]> on host e4b7d7f6e901
[2024-11-26T02:01:13.764+0000] {taskinstance.py:3132} INFO - Exporting env vars: AIRFLOW_CTX_DAG_OWNER='***' AIRFLOW_CTX_DAG_ID='spotify_etl_dag_today_playlists' AIRFLOW_CTX_TASK_ID='spotify_etl_task_today_playlists' AIRFLOW_CTX_EXECUTION_DATE='2024-10-06T00:00:00+00:00' AIRFLOW_CTX_TRY_NUMBER='1' AIRFLOW_CTX_DAG_RUN_ID='manual__2024-10-06T00:00:00+00:00'
[2024-11-26T02:01:13.764+0000] {taskinstance.py:731} INFO - ::endgroup::
[2024-11-26T02:01:13.938+0000] {logging_mixin.py:190} INFO - Top 10 playlists:
[2024-11-26T02:01:13.938+0000] {spotify_today_playlists_dag.py:24} INFO - spotify today playlist _ 데이터를 성공적으로 가져왔습니다: [{'title': 'Top 50 - South Korea', 'link': 'https://open.spotify.com/playlist/37i9dQZEVXbNxXF4SkHj9F', 'cover_image': 'https://charts-images.scdn.co/assets/locale_en/regional/daily/region_kr_default.jpg'}, {'title': 'Hot Hits Korea', 'link': 'https://open.spotify.com/playlist/37i9dQZF1DWT9uTRZAYj0c', 'cover_image': 'https://i.scdn.co/image/ab67706f00000002949e64fbbd6b77f286dfe7de'}, {'title': 'Top 50 - Global', 'link': 'https://open.spotify.com/playlist/37i9dQZEVXbMDoHDwVN2tF', 'cover_image': 'https://charts-images.scdn.co/assets/locale_en/regional/daily/region_global_default.jpg'}, {'title': 'Today’s Top Hits', 'link': 'https://open.spotify.com/playlist/37i9dQZF1DXcBWIGoYBM5M', 'cover_image': 'https://i.scdn.co/image/ab67706f000000027a97edf308c4856ae5cda067'}, {'title': 'Top 50 - USA', 'link': 'https://open.spotify.com/playlist/37i9dQZEVXbLRQDuF5jeBp', 'cover_image': 'https://charts-images.scdn.co/assets/locale_en/regional/daily/region_us_default.jpg'}, {'title': '241126 실시간 멜론 차트 TOP 100 MELON', 'link': 'https://open.spotify.com/playlist/4cRo44TavIHN54w46OqRVc', 'cover_image': 'https://image-cdn-ak.spotifycdn.com/image/ab67706c0000da8429c579d8d7485bcdba84f18c'}, {'title': 'Top Songs - South Korea', 'link': 'https://open.spotify.com/playlist/37i9dQZEVXbJZGli0rRP3r', 'cover_image': 'https://charts-images.scdn.co/assets/locale_en/regional/weekly/region_kr_default.jpg'}, {'title': '2023. 03. 26 멜론 발라드 차트 TOP 100', 'link': 'https://open.spotify.com/playlist/4W0x5VU5Vir3Hp6rVffuRX', 'cover_image': 'https://mosaic.scdn.co/640/ab67616d00001e0220daf4f9c25cbe0bc384e606ab67616d00001e0292144c5952844a7c0086b141ab67616d00001e02b79a12d47af18d1d83a5caf9ab67616d00001e02cf40f40bb6163fc44c8b4253'}, {'title': 'Top 50 - Indonesia', 'link': 'https://open.spotify.com/playlist/37i9dQZEVXbObFQZ3JLcXt', 'cover_image': 'https://charts-images.scdn.co/assets/locale_en/regional/daily/region_id_default.jpg'}, {'title': 'Top 50 - Japan', 'link': 'https://open.spotify.com/playlist/37i9dQZEVXbKXQ4mDTEBXq', 'cover_image': 'https://charts-images.scdn.co/assets/locale_en/regional/daily/region_jp_default.jpg'}]
[2024-11-26T02:01:13.944+0000] {base.py:84} INFO - Retrieving connection 'playlist'
[2024-11-26T02:01:14.108+0000] {spotify_today_playlists_dag.py:79} INFO - spotify today playlist _ 기존 테이블 삭제 중...
[2024-11-26T02:01:14.141+0000] {spotify_today_playlists_dag.py:83} INFO - spotify today playlist _ 새 테이블 생성 중...
[2024-11-26T02:01:14.170+0000] {spotify_today_playlists_dag.py:93} INFO - spotify today playlist _ 새 테이블 생성 완료
[2024-11-26T02:01:14.352+0000] {spotify_today_playlists_dag.py:112} ERROR - spotify today playlist _ 데이터 로드 중 오류 발생: 오류:  "enum" 자료형 없음
LINE 7:         platform ENUM('youtube', 'spotify') NOT NULL
                         ^

[2024-11-26T02:01:14.369+0000] {spotify_today_playlists_dag.py:119} INFO - spotify today playlist _ 데이터베이스 연결이 종료되었습니다.
[2024-11-26T02:01:14.370+0000] {python.py:240} INFO - Done. Returned value was: None
[2024-11-26T02:01:14.374+0000] {taskinstance.py:340} INFO - ::group::Post task execution logs
[2024-11-26T02:01:14.374+0000] {taskinstance.py:352} INFO - Marking task as SUCCESS. dag_id=spotify_etl_dag_today_playlists, task_id=spotify_etl_task_today_playlists, run_id=manual__2024-10-06T00:00:00+00:00, execution_date=20241006T000000, start_date=20241126T020113, end_date=20241126T020114
[2024-11-26T02:01:14.416+0000] {local_task_job_runner.py:266} INFO - Task exited with return code 0
[2024-11-26T02:01:14.425+0000] {taskinstance.py:3895} INFO - 0 downstream tasks scheduled from follow-on schedule check
[2024-11-26T02:01:14.425+0000] {local_task_job_runner.py:245} INFO - ::endgroup::
