[2024-11-23T02:53:02.446+0000] {processor.py:153} INFO - Started process (PID=67) to work on /home/airflow/.local/lib/python3.7/site-packages/airflow/example_dags/example_sensors.py
[2024-11-23T02:53:02.449+0000] {processor.py:743} INFO - Processing file /home/airflow/.local/lib/python3.7/site-packages/airflow/example_dags/example_sensors.py for tasks to queue
[2024-11-23T02:53:02.453+0000] {logging_mixin.py:137} INFO - [2024-11-23T02:53:02.452+0000] {dagbag.py:538} INFO - Filling up the DagBag from /home/airflow/.local/lib/python3.7/site-packages/airflow/example_dags/example_sensors.py
[2024-11-23T02:53:02.504+0000] {processor.py:753} INFO - DAG(s) dict_keys(['example_sensors']) retrieved from /home/airflow/.local/lib/python3.7/site-packages/airflow/example_dags/example_sensors.py
[2024-11-23T02:53:02.526+0000] {logging_mixin.py:137} INFO - [2024-11-23T02:53:02.525+0000] {dag.py:2690} INFO - Sync 1 DAGs
[2024-11-23T02:53:02.588+0000] {logging_mixin.py:137} INFO - [2024-11-23T02:53:02.588+0000] {dag.py:3441} INFO - Setting next_dagrun for example_sensors to None, run_after=None
[2024-11-23T02:53:02.640+0000] {processor.py:175} INFO - Processing /home/airflow/.local/lib/python3.7/site-packages/airflow/example_dags/example_sensors.py took 0.200 seconds
[2024-11-23T02:53:32.699+0000] {processor.py:153} INFO - Started process (PID=148) to work on /home/airflow/.local/lib/python3.7/site-packages/airflow/example_dags/example_sensors.py
[2024-11-23T02:53:32.700+0000] {processor.py:743} INFO - Processing file /home/airflow/.local/lib/python3.7/site-packages/airflow/example_dags/example_sensors.py for tasks to queue
[2024-11-23T02:53:32.700+0000] {logging_mixin.py:137} INFO - [2024-11-23T02:53:32.700+0000] {dagbag.py:538} INFO - Filling up the DagBag from /home/airflow/.local/lib/python3.7/site-packages/airflow/example_dags/example_sensors.py
[2024-11-23T02:53:32.714+0000] {processor.py:753} INFO - DAG(s) dict_keys(['example_sensors']) retrieved from /home/airflow/.local/lib/python3.7/site-packages/airflow/example_dags/example_sensors.py
[2024-11-23T02:53:32.739+0000] {logging_mixin.py:137} INFO - [2024-11-23T02:53:32.739+0000] {dag.py:2690} INFO - Sync 1 DAGs
[2024-11-23T02:53:32.757+0000] {logging_mixin.py:137} INFO - [2024-11-23T02:53:32.756+0000] {dag.py:3441} INFO - Setting next_dagrun for example_sensors to None, run_after=None
[2024-11-23T02:53:32.767+0000] {processor.py:175} INFO - Processing /home/airflow/.local/lib/python3.7/site-packages/airflow/example_dags/example_sensors.py took 0.070 seconds
[2024-11-23T02:54:04.115+0000] {processor.py:153} INFO - Started process (PID=222) to work on /home/airflow/.local/lib/python3.7/site-packages/airflow/example_dags/example_sensors.py
[2024-11-23T02:54:04.116+0000] {processor.py:743} INFO - Processing file /home/airflow/.local/lib/python3.7/site-packages/airflow/example_dags/example_sensors.py for tasks to queue
[2024-11-23T02:54:04.117+0000] {logging_mixin.py:137} INFO - [2024-11-23T02:54:04.116+0000] {dagbag.py:538} INFO - Filling up the DagBag from /home/airflow/.local/lib/python3.7/site-packages/airflow/example_dags/example_sensors.py
[2024-11-23T02:54:04.140+0000] {processor.py:753} INFO - DAG(s) dict_keys(['example_sensors']) retrieved from /home/airflow/.local/lib/python3.7/site-packages/airflow/example_dags/example_sensors.py
[2024-11-23T02:54:04.199+0000] {logging_mixin.py:137} INFO - [2024-11-23T02:54:04.199+0000] {dag.py:2690} INFO - Sync 1 DAGs
[2024-11-23T02:54:04.235+0000] {logging_mixin.py:137} INFO - [2024-11-23T02:54:04.235+0000] {dag.py:3441} INFO - Setting next_dagrun for example_sensors to None, run_after=None
[2024-11-23T02:54:04.299+0000] {processor.py:175} INFO - Processing /home/airflow/.local/lib/python3.7/site-packages/airflow/example_dags/example_sensors.py took 0.187 seconds
[2024-11-23T02:54:34.477+0000] {processor.py:153} INFO - Started process (PID=312) to work on /home/airflow/.local/lib/python3.7/site-packages/airflow/example_dags/example_sensors.py
[2024-11-23T02:54:34.478+0000] {processor.py:743} INFO - Processing file /home/airflow/.local/lib/python3.7/site-packages/airflow/example_dags/example_sensors.py for tasks to queue
[2024-11-23T02:54:34.478+0000] {logging_mixin.py:137} INFO - [2024-11-23T02:54:34.478+0000] {dagbag.py:538} INFO - Filling up the DagBag from /home/airflow/.local/lib/python3.7/site-packages/airflow/example_dags/example_sensors.py
[2024-11-23T02:54:34.493+0000] {processor.py:753} INFO - DAG(s) dict_keys(['example_sensors']) retrieved from /home/airflow/.local/lib/python3.7/site-packages/airflow/example_dags/example_sensors.py
[2024-11-23T02:54:34.515+0000] {logging_mixin.py:137} INFO - [2024-11-23T02:54:34.515+0000] {dag.py:2690} INFO - Sync 1 DAGs
[2024-11-23T02:54:34.537+0000] {logging_mixin.py:137} INFO - [2024-11-23T02:54:34.537+0000] {dag.py:3441} INFO - Setting next_dagrun for example_sensors to None, run_after=None
[2024-11-23T02:54:34.552+0000] {processor.py:175} INFO - Processing /home/airflow/.local/lib/python3.7/site-packages/airflow/example_dags/example_sensors.py took 0.078 seconds
[2024-11-23T02:55:29.584+0000] {processor.py:153} INFO - Started process (PID=65) to work on /home/airflow/.local/lib/python3.7/site-packages/airflow/example_dags/example_sensors.py
[2024-11-23T02:55:29.586+0000] {processor.py:743} INFO - Processing file /home/airflow/.local/lib/python3.7/site-packages/airflow/example_dags/example_sensors.py for tasks to queue
[2024-11-23T02:55:29.587+0000] {logging_mixin.py:137} INFO - [2024-11-23T02:55:29.587+0000] {dagbag.py:538} INFO - Filling up the DagBag from /home/airflow/.local/lib/python3.7/site-packages/airflow/example_dags/example_sensors.py
[2024-11-23T02:55:29.620+0000] {processor.py:753} INFO - DAG(s) dict_keys(['example_sensors']) retrieved from /home/airflow/.local/lib/python3.7/site-packages/airflow/example_dags/example_sensors.py
[2024-11-23T02:55:29.663+0000] {logging_mixin.py:137} INFO - [2024-11-23T02:55:29.662+0000] {dag.py:2690} INFO - Sync 1 DAGs
[2024-11-23T02:55:29.709+0000] {logging_mixin.py:137} INFO - [2024-11-23T02:55:29.709+0000] {dag.py:3441} INFO - Setting next_dagrun for example_sensors to None, run_after=None
[2024-11-23T02:55:29.778+0000] {processor.py:175} INFO - Processing /home/airflow/.local/lib/python3.7/site-packages/airflow/example_dags/example_sensors.py took 0.199 seconds
[2024-11-23T02:56:02.759+0000] {processor.py:153} INFO - Started process (PID=148) to work on /home/airflow/.local/lib/python3.7/site-packages/airflow/example_dags/example_sensors.py
[2024-11-23T02:56:02.759+0000] {processor.py:743} INFO - Processing file /home/airflow/.local/lib/python3.7/site-packages/airflow/example_dags/example_sensors.py for tasks to queue
[2024-11-23T02:56:02.760+0000] {logging_mixin.py:137} INFO - [2024-11-23T02:56:02.760+0000] {dagbag.py:538} INFO - Filling up the DagBag from /home/airflow/.local/lib/python3.7/site-packages/airflow/example_dags/example_sensors.py
[2024-11-23T02:56:02.779+0000] {processor.py:753} INFO - DAG(s) dict_keys(['example_sensors']) retrieved from /home/airflow/.local/lib/python3.7/site-packages/airflow/example_dags/example_sensors.py
[2024-11-23T02:56:02.809+0000] {logging_mixin.py:137} INFO - [2024-11-23T02:56:02.809+0000] {dag.py:2690} INFO - Sync 1 DAGs
[2024-11-23T02:56:02.840+0000] {logging_mixin.py:137} INFO - [2024-11-23T02:56:02.840+0000] {dag.py:3441} INFO - Setting next_dagrun for example_sensors to None, run_after=None
[2024-11-23T02:56:02.860+0000] {processor.py:175} INFO - Processing /home/airflow/.local/lib/python3.7/site-packages/airflow/example_dags/example_sensors.py took 0.104 seconds
[2024-11-23T02:56:33.684+0000] {processor.py:153} INFO - Started process (PID=238) to work on /home/airflow/.local/lib/python3.7/site-packages/airflow/example_dags/example_sensors.py
[2024-11-23T02:56:33.686+0000] {processor.py:743} INFO - Processing file /home/airflow/.local/lib/python3.7/site-packages/airflow/example_dags/example_sensors.py for tasks to queue
[2024-11-23T02:56:33.686+0000] {logging_mixin.py:137} INFO - [2024-11-23T02:56:33.686+0000] {dagbag.py:538} INFO - Filling up the DagBag from /home/airflow/.local/lib/python3.7/site-packages/airflow/example_dags/example_sensors.py
[2024-11-23T02:56:33.703+0000] {processor.py:753} INFO - DAG(s) dict_keys(['example_sensors']) retrieved from /home/airflow/.local/lib/python3.7/site-packages/airflow/example_dags/example_sensors.py
[2024-11-23T02:56:33.731+0000] {logging_mixin.py:137} INFO - [2024-11-23T02:56:33.731+0000] {dag.py:2690} INFO - Sync 1 DAGs
[2024-11-23T02:56:33.757+0000] {logging_mixin.py:137} INFO - [2024-11-23T02:56:33.757+0000] {dag.py:3441} INFO - Setting next_dagrun for example_sensors to None, run_after=None
[2024-11-23T02:56:33.774+0000] {processor.py:175} INFO - Processing /home/airflow/.local/lib/python3.7/site-packages/airflow/example_dags/example_sensors.py took 0.092 seconds
[2024-11-23T02:57:04.579+0000] {processor.py:153} INFO - Started process (PID=312) to work on /home/airflow/.local/lib/python3.7/site-packages/airflow/example_dags/example_sensors.py
[2024-11-23T02:57:04.580+0000] {processor.py:743} INFO - Processing file /home/airflow/.local/lib/python3.7/site-packages/airflow/example_dags/example_sensors.py for tasks to queue
[2024-11-23T02:57:04.581+0000] {logging_mixin.py:137} INFO - [2024-11-23T02:57:04.581+0000] {dagbag.py:538} INFO - Filling up the DagBag from /home/airflow/.local/lib/python3.7/site-packages/airflow/example_dags/example_sensors.py
[2024-11-23T02:57:04.595+0000] {processor.py:753} INFO - DAG(s) dict_keys(['example_sensors']) retrieved from /home/airflow/.local/lib/python3.7/site-packages/airflow/example_dags/example_sensors.py
[2024-11-23T02:57:04.614+0000] {logging_mixin.py:137} INFO - [2024-11-23T02:57:04.614+0000] {dag.py:2690} INFO - Sync 1 DAGs
[2024-11-23T02:57:04.633+0000] {logging_mixin.py:137} INFO - [2024-11-23T02:57:04.633+0000] {dag.py:3441} INFO - Setting next_dagrun for example_sensors to None, run_after=None
[2024-11-23T02:57:04.647+0000] {processor.py:175} INFO - Processing /home/airflow/.local/lib/python3.7/site-packages/airflow/example_dags/example_sensors.py took 0.070 seconds
[2024-11-23T02:57:35.281+0000] {processor.py:153} INFO - Started process (PID=395) to work on /home/airflow/.local/lib/python3.7/site-packages/airflow/example_dags/example_sensors.py
[2024-11-23T02:57:35.282+0000] {processor.py:743} INFO - Processing file /home/airflow/.local/lib/python3.7/site-packages/airflow/example_dags/example_sensors.py for tasks to queue
[2024-11-23T02:57:35.283+0000] {logging_mixin.py:137} INFO - [2024-11-23T02:57:35.282+0000] {dagbag.py:538} INFO - Filling up the DagBag from /home/airflow/.local/lib/python3.7/site-packages/airflow/example_dags/example_sensors.py
[2024-11-23T02:57:35.297+0000] {processor.py:753} INFO - DAG(s) dict_keys(['example_sensors']) retrieved from /home/airflow/.local/lib/python3.7/site-packages/airflow/example_dags/example_sensors.py
[2024-11-23T02:57:35.316+0000] {logging_mixin.py:137} INFO - [2024-11-23T02:57:35.316+0000] {dag.py:2690} INFO - Sync 1 DAGs
[2024-11-23T02:57:35.336+0000] {logging_mixin.py:137} INFO - [2024-11-23T02:57:35.336+0000] {dag.py:3441} INFO - Setting next_dagrun for example_sensors to None, run_after=None
[2024-11-23T02:57:35.352+0000] {processor.py:175} INFO - Processing /home/airflow/.local/lib/python3.7/site-packages/airflow/example_dags/example_sensors.py took 0.073 seconds
[2024-11-23T02:58:39.659+0000] {processor.py:153} INFO - Started process (PID=66) to work on /home/airflow/.local/lib/python3.7/site-packages/airflow/example_dags/example_sensors.py
[2024-11-23T02:58:39.664+0000] {processor.py:743} INFO - Processing file /home/airflow/.local/lib/python3.7/site-packages/airflow/example_dags/example_sensors.py for tasks to queue
[2024-11-23T02:58:39.667+0000] {logging_mixin.py:137} INFO - [2024-11-23T02:58:39.666+0000] {dagbag.py:538} INFO - Filling up the DagBag from /home/airflow/.local/lib/python3.7/site-packages/airflow/example_dags/example_sensors.py
[2024-11-23T02:58:39.724+0000] {processor.py:753} INFO - DAG(s) dict_keys(['example_sensors']) retrieved from /home/airflow/.local/lib/python3.7/site-packages/airflow/example_dags/example_sensors.py
[2024-11-23T02:58:39.763+0000] {logging_mixin.py:137} INFO - [2024-11-23T02:58:39.763+0000] {dag.py:2690} INFO - Sync 1 DAGs
[2024-11-23T02:58:39.811+0000] {logging_mixin.py:137} INFO - [2024-11-23T02:58:39.810+0000] {dag.py:3441} INFO - Setting next_dagrun for example_sensors to None, run_after=None
[2024-11-23T02:58:39.848+0000] {processor.py:175} INFO - Processing /home/airflow/.local/lib/python3.7/site-packages/airflow/example_dags/example_sensors.py took 0.194 seconds
[2024-11-23T02:59:10.605+0000] {processor.py:153} INFO - Started process (PID=147) to work on /home/airflow/.local/lib/python3.7/site-packages/airflow/example_dags/example_sensors.py
[2024-11-23T02:59:10.613+0000] {processor.py:743} INFO - Processing file /home/airflow/.local/lib/python3.7/site-packages/airflow/example_dags/example_sensors.py for tasks to queue
[2024-11-23T02:59:10.634+0000] {logging_mixin.py:137} INFO - [2024-11-23T02:59:10.627+0000] {dagbag.py:538} INFO - Filling up the DagBag from /home/airflow/.local/lib/python3.7/site-packages/airflow/example_dags/example_sensors.py
[2024-11-23T02:59:10.784+0000] {processor.py:753} INFO - DAG(s) dict_keys(['example_sensors']) retrieved from /home/airflow/.local/lib/python3.7/site-packages/airflow/example_dags/example_sensors.py
[2024-11-23T02:59:10.850+0000] {logging_mixin.py:137} INFO - [2024-11-23T02:59:10.850+0000] {dag.py:2690} INFO - Sync 1 DAGs
[2024-11-23T02:59:10.905+0000] {logging_mixin.py:137} INFO - [2024-11-23T02:59:10.904+0000] {dag.py:3441} INFO - Setting next_dagrun for example_sensors to None, run_after=None
[2024-11-23T02:59:10.947+0000] {processor.py:175} INFO - Processing /home/airflow/.local/lib/python3.7/site-packages/airflow/example_dags/example_sensors.py took 0.368 seconds
[2024-11-23T02:59:41.301+0000] {processor.py:153} INFO - Started process (PID=221) to work on /home/airflow/.local/lib/python3.7/site-packages/airflow/example_dags/example_sensors.py
[2024-11-23T02:59:41.303+0000] {processor.py:743} INFO - Processing file /home/airflow/.local/lib/python3.7/site-packages/airflow/example_dags/example_sensors.py for tasks to queue
[2024-11-23T02:59:41.303+0000] {logging_mixin.py:137} INFO - [2024-11-23T02:59:41.303+0000] {dagbag.py:538} INFO - Filling up the DagBag from /home/airflow/.local/lib/python3.7/site-packages/airflow/example_dags/example_sensors.py
[2024-11-23T02:59:41.318+0000] {processor.py:753} INFO - DAG(s) dict_keys(['example_sensors']) retrieved from /home/airflow/.local/lib/python3.7/site-packages/airflow/example_dags/example_sensors.py
[2024-11-23T02:59:41.344+0000] {logging_mixin.py:137} INFO - [2024-11-23T02:59:41.344+0000] {dag.py:2690} INFO - Sync 1 DAGs
[2024-11-23T02:59:41.363+0000] {logging_mixin.py:137} INFO - [2024-11-23T02:59:41.363+0000] {dag.py:3441} INFO - Setting next_dagrun for example_sensors to None, run_after=None
[2024-11-23T02:59:41.382+0000] {processor.py:175} INFO - Processing /home/airflow/.local/lib/python3.7/site-packages/airflow/example_dags/example_sensors.py took 0.082 seconds
[2024-11-23T03:00:11.620+0000] {processor.py:153} INFO - Started process (PID=311) to work on /home/airflow/.local/lib/python3.7/site-packages/airflow/example_dags/example_sensors.py
[2024-11-23T03:00:11.620+0000] {processor.py:743} INFO - Processing file /home/airflow/.local/lib/python3.7/site-packages/airflow/example_dags/example_sensors.py for tasks to queue
[2024-11-23T03:00:11.621+0000] {logging_mixin.py:137} INFO - [2024-11-23T03:00:11.621+0000] {dagbag.py:538} INFO - Filling up the DagBag from /home/airflow/.local/lib/python3.7/site-packages/airflow/example_dags/example_sensors.py
[2024-11-23T03:00:11.633+0000] {processor.py:753} INFO - DAG(s) dict_keys(['example_sensors']) retrieved from /home/airflow/.local/lib/python3.7/site-packages/airflow/example_dags/example_sensors.py
[2024-11-23T03:00:11.652+0000] {logging_mixin.py:137} INFO - [2024-11-23T03:00:11.652+0000] {dag.py:2690} INFO - Sync 1 DAGs
[2024-11-23T03:00:11.668+0000] {logging_mixin.py:137} INFO - [2024-11-23T03:00:11.668+0000] {dag.py:3441} INFO - Setting next_dagrun for example_sensors to None, run_after=None
[2024-11-23T03:00:11.680+0000] {processor.py:175} INFO - Processing /home/airflow/.local/lib/python3.7/site-packages/airflow/example_dags/example_sensors.py took 0.062 seconds
[2024-11-23T03:00:42.440+0000] {processor.py:153} INFO - Started process (PID=401) to work on /home/airflow/.local/lib/python3.7/site-packages/airflow/example_dags/example_sensors.py
[2024-11-23T03:00:42.441+0000] {processor.py:743} INFO - Processing file /home/airflow/.local/lib/python3.7/site-packages/airflow/example_dags/example_sensors.py for tasks to queue
[2024-11-23T03:00:42.442+0000] {logging_mixin.py:137} INFO - [2024-11-23T03:00:42.442+0000] {dagbag.py:538} INFO - Filling up the DagBag from /home/airflow/.local/lib/python3.7/site-packages/airflow/example_dags/example_sensors.py
[2024-11-23T03:00:42.473+0000] {processor.py:753} INFO - DAG(s) dict_keys(['example_sensors']) retrieved from /home/airflow/.local/lib/python3.7/site-packages/airflow/example_dags/example_sensors.py
[2024-11-23T03:00:42.517+0000] {logging_mixin.py:137} INFO - [2024-11-23T03:00:42.517+0000] {dag.py:2690} INFO - Sync 1 DAGs
[2024-11-23T03:00:42.549+0000] {logging_mixin.py:137} INFO - [2024-11-23T03:00:42.549+0000] {dag.py:3441} INFO - Setting next_dagrun for example_sensors to None, run_after=None
[2024-11-23T03:00:42.580+0000] {processor.py:175} INFO - Processing /home/airflow/.local/lib/python3.7/site-packages/airflow/example_dags/example_sensors.py took 0.144 seconds
[2024-11-23T03:01:12.897+0000] {processor.py:153} INFO - Started process (PID=475) to work on /home/airflow/.local/lib/python3.7/site-packages/airflow/example_dags/example_sensors.py
[2024-11-23T03:01:12.898+0000] {processor.py:743} INFO - Processing file /home/airflow/.local/lib/python3.7/site-packages/airflow/example_dags/example_sensors.py for tasks to queue
[2024-11-23T03:01:12.899+0000] {logging_mixin.py:137} INFO - [2024-11-23T03:01:12.899+0000] {dagbag.py:538} INFO - Filling up the DagBag from /home/airflow/.local/lib/python3.7/site-packages/airflow/example_dags/example_sensors.py
[2024-11-23T03:01:12.913+0000] {processor.py:753} INFO - DAG(s) dict_keys(['example_sensors']) retrieved from /home/airflow/.local/lib/python3.7/site-packages/airflow/example_dags/example_sensors.py
[2024-11-23T03:01:12.933+0000] {logging_mixin.py:137} INFO - [2024-11-23T03:01:12.933+0000] {dag.py:2690} INFO - Sync 1 DAGs
[2024-11-23T03:01:12.952+0000] {logging_mixin.py:137} INFO - [2024-11-23T03:01:12.951+0000] {dag.py:3441} INFO - Setting next_dagrun for example_sensors to None, run_after=None
[2024-11-23T03:01:12.964+0000] {processor.py:175} INFO - Processing /home/airflow/.local/lib/python3.7/site-packages/airflow/example_dags/example_sensors.py took 0.069 seconds
[2024-11-23T03:01:43.240+0000] {processor.py:153} INFO - Started process (PID=565) to work on /home/airflow/.local/lib/python3.7/site-packages/airflow/example_dags/example_sensors.py
[2024-11-23T03:01:43.240+0000] {processor.py:743} INFO - Processing file /home/airflow/.local/lib/python3.7/site-packages/airflow/example_dags/example_sensors.py for tasks to queue
[2024-11-23T03:01:43.241+0000] {logging_mixin.py:137} INFO - [2024-11-23T03:01:43.241+0000] {dagbag.py:538} INFO - Filling up the DagBag from /home/airflow/.local/lib/python3.7/site-packages/airflow/example_dags/example_sensors.py
[2024-11-23T03:01:43.254+0000] {processor.py:753} INFO - DAG(s) dict_keys(['example_sensors']) retrieved from /home/airflow/.local/lib/python3.7/site-packages/airflow/example_dags/example_sensors.py
[2024-11-23T03:01:43.272+0000] {logging_mixin.py:137} INFO - [2024-11-23T03:01:43.272+0000] {dag.py:2690} INFO - Sync 1 DAGs
[2024-11-23T03:01:43.300+0000] {logging_mixin.py:137} INFO - [2024-11-23T03:01:43.299+0000] {dag.py:3441} INFO - Setting next_dagrun for example_sensors to None, run_after=None
[2024-11-23T03:01:43.311+0000] {processor.py:175} INFO - Processing /home/airflow/.local/lib/python3.7/site-packages/airflow/example_dags/example_sensors.py took 0.073 seconds
[2024-11-23T03:02:13.593+0000] {processor.py:153} INFO - Started process (PID=639) to work on /home/airflow/.local/lib/python3.7/site-packages/airflow/example_dags/example_sensors.py
[2024-11-23T03:02:13.594+0000] {processor.py:743} INFO - Processing file /home/airflow/.local/lib/python3.7/site-packages/airflow/example_dags/example_sensors.py for tasks to queue
[2024-11-23T03:02:13.595+0000] {logging_mixin.py:137} INFO - [2024-11-23T03:02:13.594+0000] {dagbag.py:538} INFO - Filling up the DagBag from /home/airflow/.local/lib/python3.7/site-packages/airflow/example_dags/example_sensors.py
[2024-11-23T03:02:13.609+0000] {processor.py:753} INFO - DAG(s) dict_keys(['example_sensors']) retrieved from /home/airflow/.local/lib/python3.7/site-packages/airflow/example_dags/example_sensors.py
[2024-11-23T03:02:13.629+0000] {logging_mixin.py:137} INFO - [2024-11-23T03:02:13.629+0000] {dag.py:2690} INFO - Sync 1 DAGs
[2024-11-23T03:02:13.648+0000] {logging_mixin.py:137} INFO - [2024-11-23T03:02:13.648+0000] {dag.py:3441} INFO - Setting next_dagrun for example_sensors to None, run_after=None
[2024-11-23T03:02:13.668+0000] {processor.py:175} INFO - Processing /home/airflow/.local/lib/python3.7/site-packages/airflow/example_dags/example_sensors.py took 0.077 seconds
[2024-11-23T03:03:06.801+0000] {processor.py:153} INFO - Started process (PID=64) to work on /home/airflow/.local/lib/python3.7/site-packages/airflow/example_dags/example_sensors.py
[2024-11-23T03:03:06.809+0000] {processor.py:743} INFO - Processing file /home/airflow/.local/lib/python3.7/site-packages/airflow/example_dags/example_sensors.py for tasks to queue
[2024-11-23T03:03:06.811+0000] {logging_mixin.py:137} INFO - [2024-11-23T03:03:06.811+0000] {dagbag.py:538} INFO - Filling up the DagBag from /home/airflow/.local/lib/python3.7/site-packages/airflow/example_dags/example_sensors.py
[2024-11-23T03:03:06.859+0000] {processor.py:753} INFO - DAG(s) dict_keys(['example_sensors']) retrieved from /home/airflow/.local/lib/python3.7/site-packages/airflow/example_dags/example_sensors.py
[2024-11-23T03:03:06.887+0000] {logging_mixin.py:137} INFO - [2024-11-23T03:03:06.886+0000] {dag.py:2690} INFO - Sync 1 DAGs
[2024-11-23T03:03:06.966+0000] {logging_mixin.py:137} INFO - [2024-11-23T03:03:06.965+0000] {dag.py:3441} INFO - Setting next_dagrun for example_sensors to None, run_after=None
[2024-11-23T03:03:07.016+0000] {processor.py:175} INFO - Processing /home/airflow/.local/lib/python3.7/site-packages/airflow/example_dags/example_sensors.py took 0.219 seconds
[2024-11-23T03:03:38.000+0000] {processor.py:153} INFO - Started process (PID=147) to work on /home/airflow/.local/lib/python3.7/site-packages/airflow/example_dags/example_sensors.py
[2024-11-23T03:03:38.001+0000] {processor.py:743} INFO - Processing file /home/airflow/.local/lib/python3.7/site-packages/airflow/example_dags/example_sensors.py for tasks to queue
[2024-11-23T03:03:38.002+0000] {logging_mixin.py:137} INFO - [2024-11-23T03:03:38.002+0000] {dagbag.py:538} INFO - Filling up the DagBag from /home/airflow/.local/lib/python3.7/site-packages/airflow/example_dags/example_sensors.py
[2024-11-23T03:03:38.018+0000] {processor.py:753} INFO - DAG(s) dict_keys(['example_sensors']) retrieved from /home/airflow/.local/lib/python3.7/site-packages/airflow/example_dags/example_sensors.py
[2024-11-23T03:03:38.043+0000] {logging_mixin.py:137} INFO - [2024-11-23T03:03:38.043+0000] {dag.py:2690} INFO - Sync 1 DAGs
[2024-11-23T03:03:38.065+0000] {logging_mixin.py:137} INFO - [2024-11-23T03:03:38.065+0000] {dag.py:3441} INFO - Setting next_dagrun for example_sensors to None, run_after=None
[2024-11-23T03:03:38.083+0000] {processor.py:175} INFO - Processing /home/airflow/.local/lib/python3.7/site-packages/airflow/example_dags/example_sensors.py took 0.087 seconds
[2024-11-23T03:06:15.596+0000] {processor.py:153} INFO - Started process (PID=73) to work on /home/airflow/.local/lib/python3.7/site-packages/airflow/example_dags/example_sensors.py
[2024-11-23T03:06:15.599+0000] {processor.py:743} INFO - Processing file /home/airflow/.local/lib/python3.7/site-packages/airflow/example_dags/example_sensors.py for tasks to queue
[2024-11-23T03:06:15.601+0000] {logging_mixin.py:137} INFO - [2024-11-23T03:06:15.600+0000] {dagbag.py:538} INFO - Filling up the DagBag from /home/airflow/.local/lib/python3.7/site-packages/airflow/example_dags/example_sensors.py
[2024-11-23T03:06:15.652+0000] {processor.py:753} INFO - DAG(s) dict_keys(['example_sensors']) retrieved from /home/airflow/.local/lib/python3.7/site-packages/airflow/example_dags/example_sensors.py
[2024-11-23T03:06:15.671+0000] {logging_mixin.py:137} INFO - [2024-11-23T03:06:15.671+0000] {dag.py:2690} INFO - Sync 1 DAGs
[2024-11-23T03:06:15.708+0000] {logging_mixin.py:137} INFO - [2024-11-23T03:06:15.708+0000] {dag.py:3441} INFO - Setting next_dagrun for example_sensors to None, run_after=None
[2024-11-23T03:06:15.753+0000] {processor.py:175} INFO - Processing /home/airflow/.local/lib/python3.7/site-packages/airflow/example_dags/example_sensors.py took 0.163 seconds
[2024-11-23T03:06:46.501+0000] {processor.py:153} INFO - Started process (PID=147) to work on /home/airflow/.local/lib/python3.7/site-packages/airflow/example_dags/example_sensors.py
[2024-11-23T03:06:46.502+0000] {processor.py:743} INFO - Processing file /home/airflow/.local/lib/python3.7/site-packages/airflow/example_dags/example_sensors.py for tasks to queue
[2024-11-23T03:06:46.503+0000] {logging_mixin.py:137} INFO - [2024-11-23T03:06:46.503+0000] {dagbag.py:538} INFO - Filling up the DagBag from /home/airflow/.local/lib/python3.7/site-packages/airflow/example_dags/example_sensors.py
[2024-11-23T03:06:46.518+0000] {processor.py:753} INFO - DAG(s) dict_keys(['example_sensors']) retrieved from /home/airflow/.local/lib/python3.7/site-packages/airflow/example_dags/example_sensors.py
[2024-11-23T03:06:46.542+0000] {logging_mixin.py:137} INFO - [2024-11-23T03:06:46.541+0000] {dag.py:2690} INFO - Sync 1 DAGs
[2024-11-23T03:06:46.564+0000] {logging_mixin.py:137} INFO - [2024-11-23T03:06:46.563+0000] {dag.py:3441} INFO - Setting next_dagrun for example_sensors to None, run_after=None
[2024-11-23T03:06:46.582+0000] {processor.py:175} INFO - Processing /home/airflow/.local/lib/python3.7/site-packages/airflow/example_dags/example_sensors.py took 0.083 seconds
[2024-11-23T03:07:16.806+0000] {processor.py:153} INFO - Started process (PID=237) to work on /home/airflow/.local/lib/python3.7/site-packages/airflow/example_dags/example_sensors.py
[2024-11-23T03:07:16.807+0000] {processor.py:743} INFO - Processing file /home/airflow/.local/lib/python3.7/site-packages/airflow/example_dags/example_sensors.py for tasks to queue
[2024-11-23T03:07:16.808+0000] {logging_mixin.py:137} INFO - [2024-11-23T03:07:16.807+0000] {dagbag.py:538} INFO - Filling up the DagBag from /home/airflow/.local/lib/python3.7/site-packages/airflow/example_dags/example_sensors.py
[2024-11-23T03:07:16.826+0000] {processor.py:753} INFO - DAG(s) dict_keys(['example_sensors']) retrieved from /home/airflow/.local/lib/python3.7/site-packages/airflow/example_dags/example_sensors.py
[2024-11-23T03:07:16.854+0000] {logging_mixin.py:137} INFO - [2024-11-23T03:07:16.854+0000] {dag.py:2690} INFO - Sync 1 DAGs
[2024-11-23T03:07:16.880+0000] {logging_mixin.py:137} INFO - [2024-11-23T03:07:16.880+0000] {dag.py:3441} INFO - Setting next_dagrun for example_sensors to None, run_after=None
[2024-11-23T03:07:16.912+0000] {processor.py:175} INFO - Processing /home/airflow/.local/lib/python3.7/site-packages/airflow/example_dags/example_sensors.py took 0.109 seconds
[2024-11-23T03:07:47.141+0000] {processor.py:153} INFO - Started process (PID=311) to work on /home/airflow/.local/lib/python3.7/site-packages/airflow/example_dags/example_sensors.py
[2024-11-23T03:07:47.143+0000] {processor.py:743} INFO - Processing file /home/airflow/.local/lib/python3.7/site-packages/airflow/example_dags/example_sensors.py for tasks to queue
[2024-11-23T03:07:47.145+0000] {logging_mixin.py:137} INFO - [2024-11-23T03:07:47.145+0000] {dagbag.py:538} INFO - Filling up the DagBag from /home/airflow/.local/lib/python3.7/site-packages/airflow/example_dags/example_sensors.py
[2024-11-23T03:07:47.161+0000] {processor.py:753} INFO - DAG(s) dict_keys(['example_sensors']) retrieved from /home/airflow/.local/lib/python3.7/site-packages/airflow/example_dags/example_sensors.py
[2024-11-23T03:07:47.184+0000] {logging_mixin.py:137} INFO - [2024-11-23T03:07:47.184+0000] {dag.py:2690} INFO - Sync 1 DAGs
[2024-11-23T03:07:47.200+0000] {logging_mixin.py:137} INFO - [2024-11-23T03:07:47.200+0000] {dag.py:3441} INFO - Setting next_dagrun for example_sensors to None, run_after=None
[2024-11-23T03:07:47.220+0000] {processor.py:175} INFO - Processing /home/airflow/.local/lib/python3.7/site-packages/airflow/example_dags/example_sensors.py took 0.081 seconds
[2024-11-23T03:08:17.486+0000] {processor.py:153} INFO - Started process (PID=401) to work on /home/airflow/.local/lib/python3.7/site-packages/airflow/example_dags/example_sensors.py
[2024-11-23T03:08:17.487+0000] {processor.py:743} INFO - Processing file /home/airflow/.local/lib/python3.7/site-packages/airflow/example_dags/example_sensors.py for tasks to queue
[2024-11-23T03:08:17.488+0000] {logging_mixin.py:137} INFO - [2024-11-23T03:08:17.488+0000] {dagbag.py:538} INFO - Filling up the DagBag from /home/airflow/.local/lib/python3.7/site-packages/airflow/example_dags/example_sensors.py
[2024-11-23T03:08:17.501+0000] {processor.py:753} INFO - DAG(s) dict_keys(['example_sensors']) retrieved from /home/airflow/.local/lib/python3.7/site-packages/airflow/example_dags/example_sensors.py
[2024-11-23T03:08:17.527+0000] {logging_mixin.py:137} INFO - [2024-11-23T03:08:17.527+0000] {dag.py:2690} INFO - Sync 1 DAGs
[2024-11-23T03:08:17.549+0000] {logging_mixin.py:137} INFO - [2024-11-23T03:08:17.549+0000] {dag.py:3441} INFO - Setting next_dagrun for example_sensors to None, run_after=None
[2024-11-23T03:08:17.562+0000] {processor.py:175} INFO - Processing /home/airflow/.local/lib/python3.7/site-packages/airflow/example_dags/example_sensors.py took 0.079 seconds
[2024-11-23T03:08:47.661+0000] {processor.py:153} INFO - Started process (PID=474) to work on /home/airflow/.local/lib/python3.7/site-packages/airflow/example_dags/example_sensors.py
[2024-11-23T03:08:47.663+0000] {processor.py:743} INFO - Processing file /home/airflow/.local/lib/python3.7/site-packages/airflow/example_dags/example_sensors.py for tasks to queue
[2024-11-23T03:08:47.665+0000] {logging_mixin.py:137} INFO - [2024-11-23T03:08:47.665+0000] {dagbag.py:538} INFO - Filling up the DagBag from /home/airflow/.local/lib/python3.7/site-packages/airflow/example_dags/example_sensors.py
[2024-11-23T03:08:47.681+0000] {processor.py:753} INFO - DAG(s) dict_keys(['example_sensors']) retrieved from /home/airflow/.local/lib/python3.7/site-packages/airflow/example_dags/example_sensors.py
[2024-11-23T03:08:47.699+0000] {logging_mixin.py:137} INFO - [2024-11-23T03:08:47.699+0000] {dag.py:2690} INFO - Sync 1 DAGs
[2024-11-23T03:08:47.720+0000] {logging_mixin.py:137} INFO - [2024-11-23T03:08:47.720+0000] {dag.py:3441} INFO - Setting next_dagrun for example_sensors to None, run_after=None
[2024-11-23T03:08:47.734+0000] {processor.py:175} INFO - Processing /home/airflow/.local/lib/python3.7/site-packages/airflow/example_dags/example_sensors.py took 0.077 seconds
[2024-11-23T03:09:17.899+0000] {processor.py:153} INFO - Started process (PID=564) to work on /home/airflow/.local/lib/python3.7/site-packages/airflow/example_dags/example_sensors.py
[2024-11-23T03:09:17.900+0000] {processor.py:743} INFO - Processing file /home/airflow/.local/lib/python3.7/site-packages/airflow/example_dags/example_sensors.py for tasks to queue
[2024-11-23T03:09:17.901+0000] {logging_mixin.py:137} INFO - [2024-11-23T03:09:17.901+0000] {dagbag.py:538} INFO - Filling up the DagBag from /home/airflow/.local/lib/python3.7/site-packages/airflow/example_dags/example_sensors.py
[2024-11-23T03:09:17.914+0000] {processor.py:753} INFO - DAG(s) dict_keys(['example_sensors']) retrieved from /home/airflow/.local/lib/python3.7/site-packages/airflow/example_dags/example_sensors.py
[2024-11-23T03:09:17.935+0000] {logging_mixin.py:137} INFO - [2024-11-23T03:09:17.935+0000] {dag.py:2690} INFO - Sync 1 DAGs
[2024-11-23T03:09:17.952+0000] {logging_mixin.py:137} INFO - [2024-11-23T03:09:17.952+0000] {dag.py:3441} INFO - Setting next_dagrun for example_sensors to None, run_after=None
[2024-11-23T03:09:17.970+0000] {processor.py:175} INFO - Processing /home/airflow/.local/lib/python3.7/site-packages/airflow/example_dags/example_sensors.py took 0.073 seconds
[2024-11-23T03:09:48.138+0000] {processor.py:153} INFO - Started process (PID=638) to work on /home/airflow/.local/lib/python3.7/site-packages/airflow/example_dags/example_sensors.py
[2024-11-23T03:09:48.138+0000] {processor.py:743} INFO - Processing file /home/airflow/.local/lib/python3.7/site-packages/airflow/example_dags/example_sensors.py for tasks to queue
[2024-11-23T03:09:48.139+0000] {logging_mixin.py:137} INFO - [2024-11-23T03:09:48.139+0000] {dagbag.py:538} INFO - Filling up the DagBag from /home/airflow/.local/lib/python3.7/site-packages/airflow/example_dags/example_sensors.py
[2024-11-23T03:09:48.153+0000] {processor.py:753} INFO - DAG(s) dict_keys(['example_sensors']) retrieved from /home/airflow/.local/lib/python3.7/site-packages/airflow/example_dags/example_sensors.py
[2024-11-23T03:09:48.174+0000] {logging_mixin.py:137} INFO - [2024-11-23T03:09:48.174+0000] {dag.py:2690} INFO - Sync 1 DAGs
[2024-11-23T03:09:48.194+0000] {logging_mixin.py:137} INFO - [2024-11-23T03:09:48.194+0000] {dag.py:3441} INFO - Setting next_dagrun for example_sensors to None, run_after=None
[2024-11-23T03:09:48.212+0000] {processor.py:175} INFO - Processing /home/airflow/.local/lib/python3.7/site-packages/airflow/example_dags/example_sensors.py took 0.077 seconds
[2024-11-23T03:10:18.358+0000] {processor.py:153} INFO - Started process (PID=727) to work on /home/airflow/.local/lib/python3.7/site-packages/airflow/example_dags/example_sensors.py
[2024-11-23T03:10:18.359+0000] {processor.py:743} INFO - Processing file /home/airflow/.local/lib/python3.7/site-packages/airflow/example_dags/example_sensors.py for tasks to queue
[2024-11-23T03:10:18.359+0000] {logging_mixin.py:137} INFO - [2024-11-23T03:10:18.359+0000] {dagbag.py:538} INFO - Filling up the DagBag from /home/airflow/.local/lib/python3.7/site-packages/airflow/example_dags/example_sensors.py
[2024-11-23T03:10:18.375+0000] {processor.py:753} INFO - DAG(s) dict_keys(['example_sensors']) retrieved from /home/airflow/.local/lib/python3.7/site-packages/airflow/example_dags/example_sensors.py
[2024-11-23T03:10:18.402+0000] {logging_mixin.py:137} INFO - [2024-11-23T03:10:18.402+0000] {dag.py:2690} INFO - Sync 1 DAGs
[2024-11-23T03:10:18.422+0000] {logging_mixin.py:137} INFO - [2024-11-23T03:10:18.422+0000] {dag.py:3441} INFO - Setting next_dagrun for example_sensors to None, run_after=None
[2024-11-23T03:10:18.437+0000] {processor.py:175} INFO - Processing /home/airflow/.local/lib/python3.7/site-packages/airflow/example_dags/example_sensors.py took 0.081 seconds
[2024-11-23T03:10:49.833+0000] {processor.py:153} INFO - Started process (PID=817) to work on /home/airflow/.local/lib/python3.7/site-packages/airflow/example_dags/example_sensors.py
[2024-11-23T03:10:49.833+0000] {processor.py:743} INFO - Processing file /home/airflow/.local/lib/python3.7/site-packages/airflow/example_dags/example_sensors.py for tasks to queue
[2024-11-23T03:10:49.834+0000] {logging_mixin.py:137} INFO - [2024-11-23T03:10:49.834+0000] {dagbag.py:538} INFO - Filling up the DagBag from /home/airflow/.local/lib/python3.7/site-packages/airflow/example_dags/example_sensors.py
[2024-11-23T03:10:49.850+0000] {processor.py:753} INFO - DAG(s) dict_keys(['example_sensors']) retrieved from /home/airflow/.local/lib/python3.7/site-packages/airflow/example_dags/example_sensors.py
[2024-11-23T03:10:49.872+0000] {logging_mixin.py:137} INFO - [2024-11-23T03:10:49.871+0000] {dag.py:2690} INFO - Sync 1 DAGs
[2024-11-23T03:10:49.893+0000] {logging_mixin.py:137} INFO - [2024-11-23T03:10:49.893+0000] {dag.py:3441} INFO - Setting next_dagrun for example_sensors to None, run_after=None
[2024-11-23T03:10:49.913+0000] {processor.py:175} INFO - Processing /home/airflow/.local/lib/python3.7/site-packages/airflow/example_dags/example_sensors.py took 0.083 seconds
[2024-11-23T03:11:20.157+0000] {processor.py:153} INFO - Started process (PID=891) to work on /home/airflow/.local/lib/python3.7/site-packages/airflow/example_dags/example_sensors.py
[2024-11-23T03:11:20.158+0000] {processor.py:743} INFO - Processing file /home/airflow/.local/lib/python3.7/site-packages/airflow/example_dags/example_sensors.py for tasks to queue
[2024-11-23T03:11:20.158+0000] {logging_mixin.py:137} INFO - [2024-11-23T03:11:20.158+0000] {dagbag.py:538} INFO - Filling up the DagBag from /home/airflow/.local/lib/python3.7/site-packages/airflow/example_dags/example_sensors.py
[2024-11-23T03:11:20.172+0000] {processor.py:753} INFO - DAG(s) dict_keys(['example_sensors']) retrieved from /home/airflow/.local/lib/python3.7/site-packages/airflow/example_dags/example_sensors.py
[2024-11-23T03:11:20.190+0000] {logging_mixin.py:137} INFO - [2024-11-23T03:11:20.190+0000] {dag.py:2690} INFO - Sync 1 DAGs
[2024-11-23T03:11:20.205+0000] {logging_mixin.py:137} INFO - [2024-11-23T03:11:20.205+0000] {dag.py:3441} INFO - Setting next_dagrun for example_sensors to None, run_after=None
[2024-11-23T03:11:20.216+0000] {processor.py:175} INFO - Processing /home/airflow/.local/lib/python3.7/site-packages/airflow/example_dags/example_sensors.py took 0.061 seconds
[2024-11-23T03:11:50.397+0000] {processor.py:153} INFO - Started process (PID=981) to work on /home/airflow/.local/lib/python3.7/site-packages/airflow/example_dags/example_sensors.py
[2024-11-23T03:11:50.399+0000] {processor.py:743} INFO - Processing file /home/airflow/.local/lib/python3.7/site-packages/airflow/example_dags/example_sensors.py for tasks to queue
[2024-11-23T03:11:50.400+0000] {logging_mixin.py:137} INFO - [2024-11-23T03:11:50.400+0000] {dagbag.py:538} INFO - Filling up the DagBag from /home/airflow/.local/lib/python3.7/site-packages/airflow/example_dags/example_sensors.py
[2024-11-23T03:11:50.413+0000] {processor.py:753} INFO - DAG(s) dict_keys(['example_sensors']) retrieved from /home/airflow/.local/lib/python3.7/site-packages/airflow/example_dags/example_sensors.py
[2024-11-23T03:11:50.436+0000] {logging_mixin.py:137} INFO - [2024-11-23T03:11:50.436+0000] {dag.py:2690} INFO - Sync 1 DAGs
[2024-11-23T03:11:50.453+0000] {logging_mixin.py:137} INFO - [2024-11-23T03:11:50.453+0000] {dag.py:3441} INFO - Setting next_dagrun for example_sensors to None, run_after=None
[2024-11-23T03:11:50.467+0000] {processor.py:175} INFO - Processing /home/airflow/.local/lib/python3.7/site-packages/airflow/example_dags/example_sensors.py took 0.072 seconds
[2024-11-23T03:12:20.633+0000] {processor.py:153} INFO - Started process (PID=1055) to work on /home/airflow/.local/lib/python3.7/site-packages/airflow/example_dags/example_sensors.py
[2024-11-23T03:12:20.634+0000] {processor.py:743} INFO - Processing file /home/airflow/.local/lib/python3.7/site-packages/airflow/example_dags/example_sensors.py for tasks to queue
[2024-11-23T03:12:20.635+0000] {logging_mixin.py:137} INFO - [2024-11-23T03:12:20.635+0000] {dagbag.py:538} INFO - Filling up the DagBag from /home/airflow/.local/lib/python3.7/site-packages/airflow/example_dags/example_sensors.py
[2024-11-23T03:12:20.648+0000] {processor.py:753} INFO - DAG(s) dict_keys(['example_sensors']) retrieved from /home/airflow/.local/lib/python3.7/site-packages/airflow/example_dags/example_sensors.py
[2024-11-23T03:12:20.672+0000] {logging_mixin.py:137} INFO - [2024-11-23T03:12:20.672+0000] {dag.py:2690} INFO - Sync 1 DAGs
[2024-11-23T03:12:20.690+0000] {logging_mixin.py:137} INFO - [2024-11-23T03:12:20.689+0000] {dag.py:3441} INFO - Setting next_dagrun for example_sensors to None, run_after=None
[2024-11-23T03:12:20.702+0000] {processor.py:175} INFO - Processing /home/airflow/.local/lib/python3.7/site-packages/airflow/example_dags/example_sensors.py took 0.071 seconds
[2024-11-23T03:12:51.055+0000] {processor.py:153} INFO - Started process (PID=1145) to work on /home/airflow/.local/lib/python3.7/site-packages/airflow/example_dags/example_sensors.py
[2024-11-23T03:12:51.056+0000] {processor.py:743} INFO - Processing file /home/airflow/.local/lib/python3.7/site-packages/airflow/example_dags/example_sensors.py for tasks to queue
[2024-11-23T03:12:51.057+0000] {logging_mixin.py:137} INFO - [2024-11-23T03:12:51.057+0000] {dagbag.py:538} INFO - Filling up the DagBag from /home/airflow/.local/lib/python3.7/site-packages/airflow/example_dags/example_sensors.py
[2024-11-23T03:12:51.072+0000] {processor.py:753} INFO - DAG(s) dict_keys(['example_sensors']) retrieved from /home/airflow/.local/lib/python3.7/site-packages/airflow/example_dags/example_sensors.py
[2024-11-23T03:12:51.096+0000] {logging_mixin.py:137} INFO - [2024-11-23T03:12:51.095+0000] {dag.py:2690} INFO - Sync 1 DAGs
[2024-11-23T03:12:51.113+0000] {logging_mixin.py:137} INFO - [2024-11-23T03:12:51.113+0000] {dag.py:3441} INFO - Setting next_dagrun for example_sensors to None, run_after=None
[2024-11-23T03:12:51.125+0000] {processor.py:175} INFO - Processing /home/airflow/.local/lib/python3.7/site-packages/airflow/example_dags/example_sensors.py took 0.073 seconds
[2024-11-23T03:13:21.377+0000] {processor.py:153} INFO - Started process (PID=1219) to work on /home/airflow/.local/lib/python3.7/site-packages/airflow/example_dags/example_sensors.py
[2024-11-23T03:13:21.377+0000] {processor.py:743} INFO - Processing file /home/airflow/.local/lib/python3.7/site-packages/airflow/example_dags/example_sensors.py for tasks to queue
[2024-11-23T03:13:21.378+0000] {logging_mixin.py:137} INFO - [2024-11-23T03:13:21.378+0000] {dagbag.py:538} INFO - Filling up the DagBag from /home/airflow/.local/lib/python3.7/site-packages/airflow/example_dags/example_sensors.py
[2024-11-23T03:13:21.393+0000] {processor.py:753} INFO - DAG(s) dict_keys(['example_sensors']) retrieved from /home/airflow/.local/lib/python3.7/site-packages/airflow/example_dags/example_sensors.py
[2024-11-23T03:13:21.413+0000] {logging_mixin.py:137} INFO - [2024-11-23T03:13:21.412+0000] {dag.py:2690} INFO - Sync 1 DAGs
[2024-11-23T03:13:21.429+0000] {logging_mixin.py:137} INFO - [2024-11-23T03:13:21.429+0000] {dag.py:3441} INFO - Setting next_dagrun for example_sensors to None, run_after=None
[2024-11-23T03:13:21.443+0000] {processor.py:175} INFO - Processing /home/airflow/.local/lib/python3.7/site-packages/airflow/example_dags/example_sensors.py took 0.069 seconds
[2024-11-23T03:13:51.549+0000] {processor.py:153} INFO - Started process (PID=1309) to work on /home/airflow/.local/lib/python3.7/site-packages/airflow/example_dags/example_sensors.py
[2024-11-23T03:13:51.549+0000] {processor.py:743} INFO - Processing file /home/airflow/.local/lib/python3.7/site-packages/airflow/example_dags/example_sensors.py for tasks to queue
[2024-11-23T03:13:51.550+0000] {logging_mixin.py:137} INFO - [2024-11-23T03:13:51.550+0000] {dagbag.py:538} INFO - Filling up the DagBag from /home/airflow/.local/lib/python3.7/site-packages/airflow/example_dags/example_sensors.py
[2024-11-23T03:13:51.563+0000] {processor.py:753} INFO - DAG(s) dict_keys(['example_sensors']) retrieved from /home/airflow/.local/lib/python3.7/site-packages/airflow/example_dags/example_sensors.py
[2024-11-23T03:13:51.584+0000] {logging_mixin.py:137} INFO - [2024-11-23T03:13:51.584+0000] {dag.py:2690} INFO - Sync 1 DAGs
[2024-11-23T03:13:51.602+0000] {logging_mixin.py:137} INFO - [2024-11-23T03:13:51.601+0000] {dag.py:3441} INFO - Setting next_dagrun for example_sensors to None, run_after=None
[2024-11-23T03:13:51.613+0000] {processor.py:175} INFO - Processing /home/airflow/.local/lib/python3.7/site-packages/airflow/example_dags/example_sensors.py took 0.067 seconds
[2024-11-23T03:14:21.664+0000] {processor.py:153} INFO - Started process (PID=1383) to work on /home/airflow/.local/lib/python3.7/site-packages/airflow/example_dags/example_sensors.py
[2024-11-23T03:14:21.666+0000] {processor.py:743} INFO - Processing file /home/airflow/.local/lib/python3.7/site-packages/airflow/example_dags/example_sensors.py for tasks to queue
[2024-11-23T03:14:21.666+0000] {logging_mixin.py:137} INFO - [2024-11-23T03:14:21.666+0000] {dagbag.py:538} INFO - Filling up the DagBag from /home/airflow/.local/lib/python3.7/site-packages/airflow/example_dags/example_sensors.py
[2024-11-23T03:14:21.683+0000] {processor.py:753} INFO - DAG(s) dict_keys(['example_sensors']) retrieved from /home/airflow/.local/lib/python3.7/site-packages/airflow/example_dags/example_sensors.py
[2024-11-23T03:14:21.703+0000] {logging_mixin.py:137} INFO - [2024-11-23T03:14:21.703+0000] {dag.py:2690} INFO - Sync 1 DAGs
[2024-11-23T03:14:21.720+0000] {logging_mixin.py:137} INFO - [2024-11-23T03:14:21.720+0000] {dag.py:3441} INFO - Setting next_dagrun for example_sensors to None, run_after=None
[2024-11-23T03:14:21.735+0000] {processor.py:175} INFO - Processing /home/airflow/.local/lib/python3.7/site-packages/airflow/example_dags/example_sensors.py took 0.074 seconds
[2024-11-23T03:14:52.206+0000] {processor.py:153} INFO - Started process (PID=1473) to work on /home/airflow/.local/lib/python3.7/site-packages/airflow/example_dags/example_sensors.py
[2024-11-23T03:14:52.207+0000] {processor.py:743} INFO - Processing file /home/airflow/.local/lib/python3.7/site-packages/airflow/example_dags/example_sensors.py for tasks to queue
[2024-11-23T03:14:52.208+0000] {logging_mixin.py:137} INFO - [2024-11-23T03:14:52.208+0000] {dagbag.py:538} INFO - Filling up the DagBag from /home/airflow/.local/lib/python3.7/site-packages/airflow/example_dags/example_sensors.py
[2024-11-23T03:14:52.221+0000] {processor.py:753} INFO - DAG(s) dict_keys(['example_sensors']) retrieved from /home/airflow/.local/lib/python3.7/site-packages/airflow/example_dags/example_sensors.py
[2024-11-23T03:14:52.245+0000] {logging_mixin.py:137} INFO - [2024-11-23T03:14:52.244+0000] {dag.py:2690} INFO - Sync 1 DAGs
[2024-11-23T03:14:52.261+0000] {logging_mixin.py:137} INFO - [2024-11-23T03:14:52.261+0000] {dag.py:3441} INFO - Setting next_dagrun for example_sensors to None, run_after=None
[2024-11-23T03:14:52.276+0000] {processor.py:175} INFO - Processing /home/airflow/.local/lib/python3.7/site-packages/airflow/example_dags/example_sensors.py took 0.072 seconds
[2024-11-23T03:15:22.997+0000] {processor.py:153} INFO - Started process (PID=1563) to work on /home/airflow/.local/lib/python3.7/site-packages/airflow/example_dags/example_sensors.py
[2024-11-23T03:15:22.998+0000] {processor.py:743} INFO - Processing file /home/airflow/.local/lib/python3.7/site-packages/airflow/example_dags/example_sensors.py for tasks to queue
[2024-11-23T03:15:22.999+0000] {logging_mixin.py:137} INFO - [2024-11-23T03:15:22.999+0000] {dagbag.py:538} INFO - Filling up the DagBag from /home/airflow/.local/lib/python3.7/site-packages/airflow/example_dags/example_sensors.py
[2024-11-23T03:15:23.019+0000] {processor.py:753} INFO - DAG(s) dict_keys(['example_sensors']) retrieved from /home/airflow/.local/lib/python3.7/site-packages/airflow/example_dags/example_sensors.py
[2024-11-23T03:15:23.052+0000] {logging_mixin.py:137} INFO - [2024-11-23T03:15:23.052+0000] {dag.py:2690} INFO - Sync 1 DAGs
[2024-11-23T03:15:23.080+0000] {logging_mixin.py:137} INFO - [2024-11-23T03:15:23.080+0000] {dag.py:3441} INFO - Setting next_dagrun for example_sensors to None, run_after=None
[2024-11-23T03:15:23.098+0000] {processor.py:175} INFO - Processing /home/airflow/.local/lib/python3.7/site-packages/airflow/example_dags/example_sensors.py took 0.103 seconds
[2024-11-23T03:15:53.234+0000] {processor.py:153} INFO - Started process (PID=1637) to work on /home/airflow/.local/lib/python3.7/site-packages/airflow/example_dags/example_sensors.py
[2024-11-23T03:15:53.235+0000] {processor.py:743} INFO - Processing file /home/airflow/.local/lib/python3.7/site-packages/airflow/example_dags/example_sensors.py for tasks to queue
[2024-11-23T03:15:53.236+0000] {logging_mixin.py:137} INFO - [2024-11-23T03:15:53.236+0000] {dagbag.py:538} INFO - Filling up the DagBag from /home/airflow/.local/lib/python3.7/site-packages/airflow/example_dags/example_sensors.py
[2024-11-23T03:15:53.251+0000] {processor.py:753} INFO - DAG(s) dict_keys(['example_sensors']) retrieved from /home/airflow/.local/lib/python3.7/site-packages/airflow/example_dags/example_sensors.py
[2024-11-23T03:15:53.273+0000] {logging_mixin.py:137} INFO - [2024-11-23T03:15:53.273+0000] {dag.py:2690} INFO - Sync 1 DAGs
[2024-11-23T03:15:53.295+0000] {logging_mixin.py:137} INFO - [2024-11-23T03:15:53.295+0000] {dag.py:3441} INFO - Setting next_dagrun for example_sensors to None, run_after=None
[2024-11-23T03:15:53.314+0000] {processor.py:175} INFO - Processing /home/airflow/.local/lib/python3.7/site-packages/airflow/example_dags/example_sensors.py took 0.082 seconds
[2024-11-23T03:16:23.479+0000] {processor.py:153} INFO - Started process (PID=1727) to work on /home/airflow/.local/lib/python3.7/site-packages/airflow/example_dags/example_sensors.py
[2024-11-23T03:16:23.479+0000] {processor.py:743} INFO - Processing file /home/airflow/.local/lib/python3.7/site-packages/airflow/example_dags/example_sensors.py for tasks to queue
[2024-11-23T03:16:23.480+0000] {logging_mixin.py:137} INFO - [2024-11-23T03:16:23.480+0000] {dagbag.py:538} INFO - Filling up the DagBag from /home/airflow/.local/lib/python3.7/site-packages/airflow/example_dags/example_sensors.py
[2024-11-23T03:16:23.496+0000] {processor.py:753} INFO - DAG(s) dict_keys(['example_sensors']) retrieved from /home/airflow/.local/lib/python3.7/site-packages/airflow/example_dags/example_sensors.py
[2024-11-23T03:16:23.516+0000] {logging_mixin.py:137} INFO - [2024-11-23T03:16:23.516+0000] {dag.py:2690} INFO - Sync 1 DAGs
[2024-11-23T03:16:23.532+0000] {logging_mixin.py:137} INFO - [2024-11-23T03:16:23.532+0000] {dag.py:3441} INFO - Setting next_dagrun for example_sensors to None, run_after=None
[2024-11-23T03:16:23.543+0000] {processor.py:175} INFO - Processing /home/airflow/.local/lib/python3.7/site-packages/airflow/example_dags/example_sensors.py took 0.067 seconds
[2024-11-23T03:16:53.708+0000] {processor.py:153} INFO - Started process (PID=1801) to work on /home/airflow/.local/lib/python3.7/site-packages/airflow/example_dags/example_sensors.py
[2024-11-23T03:16:53.709+0000] {processor.py:743} INFO - Processing file /home/airflow/.local/lib/python3.7/site-packages/airflow/example_dags/example_sensors.py for tasks to queue
[2024-11-23T03:16:53.709+0000] {logging_mixin.py:137} INFO - [2024-11-23T03:16:53.709+0000] {dagbag.py:538} INFO - Filling up the DagBag from /home/airflow/.local/lib/python3.7/site-packages/airflow/example_dags/example_sensors.py
[2024-11-23T03:16:53.732+0000] {processor.py:753} INFO - DAG(s) dict_keys(['example_sensors']) retrieved from /home/airflow/.local/lib/python3.7/site-packages/airflow/example_dags/example_sensors.py
[2024-11-23T03:16:53.753+0000] {logging_mixin.py:137} INFO - [2024-11-23T03:16:53.753+0000] {dag.py:2690} INFO - Sync 1 DAGs
[2024-11-23T03:16:53.776+0000] {logging_mixin.py:137} INFO - [2024-11-23T03:16:53.776+0000] {dag.py:3441} INFO - Setting next_dagrun for example_sensors to None, run_after=None
[2024-11-23T03:16:53.790+0000] {processor.py:175} INFO - Processing /home/airflow/.local/lib/python3.7/site-packages/airflow/example_dags/example_sensors.py took 0.085 seconds
[2024-11-23T03:17:23.861+0000] {processor.py:153} INFO - Started process (PID=1891) to work on /home/airflow/.local/lib/python3.7/site-packages/airflow/example_dags/example_sensors.py
[2024-11-23T03:17:23.862+0000] {processor.py:743} INFO - Processing file /home/airflow/.local/lib/python3.7/site-packages/airflow/example_dags/example_sensors.py for tasks to queue
[2024-11-23T03:17:23.863+0000] {logging_mixin.py:137} INFO - [2024-11-23T03:17:23.863+0000] {dagbag.py:538} INFO - Filling up the DagBag from /home/airflow/.local/lib/python3.7/site-packages/airflow/example_dags/example_sensors.py
[2024-11-23T03:17:23.877+0000] {processor.py:753} INFO - DAG(s) dict_keys(['example_sensors']) retrieved from /home/airflow/.local/lib/python3.7/site-packages/airflow/example_dags/example_sensors.py
[2024-11-23T03:17:23.899+0000] {logging_mixin.py:137} INFO - [2024-11-23T03:17:23.899+0000] {dag.py:2690} INFO - Sync 1 DAGs
[2024-11-23T03:17:23.919+0000] {logging_mixin.py:137} INFO - [2024-11-23T03:17:23.919+0000] {dag.py:3441} INFO - Setting next_dagrun for example_sensors to None, run_after=None
[2024-11-23T03:17:23.934+0000] {processor.py:175} INFO - Processing /home/airflow/.local/lib/python3.7/site-packages/airflow/example_dags/example_sensors.py took 0.075 seconds
[2024-11-23T03:17:53.983+0000] {processor.py:153} INFO - Started process (PID=1964) to work on /home/airflow/.local/lib/python3.7/site-packages/airflow/example_dags/example_sensors.py
[2024-11-23T03:17:53.983+0000] {processor.py:743} INFO - Processing file /home/airflow/.local/lib/python3.7/site-packages/airflow/example_dags/example_sensors.py for tasks to queue
[2024-11-23T03:17:53.984+0000] {logging_mixin.py:137} INFO - [2024-11-23T03:17:53.984+0000] {dagbag.py:538} INFO - Filling up the DagBag from /home/airflow/.local/lib/python3.7/site-packages/airflow/example_dags/example_sensors.py
[2024-11-23T03:17:53.999+0000] {processor.py:753} INFO - DAG(s) dict_keys(['example_sensors']) retrieved from /home/airflow/.local/lib/python3.7/site-packages/airflow/example_dags/example_sensors.py
[2024-11-23T03:17:54.019+0000] {logging_mixin.py:137} INFO - [2024-11-23T03:17:54.019+0000] {dag.py:2690} INFO - Sync 1 DAGs
[2024-11-23T03:17:54.035+0000] {logging_mixin.py:137} INFO - [2024-11-23T03:17:54.035+0000] {dag.py:3441} INFO - Setting next_dagrun for example_sensors to None, run_after=None
[2024-11-23T03:17:54.046+0000] {processor.py:175} INFO - Processing /home/airflow/.local/lib/python3.7/site-packages/airflow/example_dags/example_sensors.py took 0.066 seconds
[2024-11-23T03:18:24.392+0000] {processor.py:153} INFO - Started process (PID=2053) to work on /home/airflow/.local/lib/python3.7/site-packages/airflow/example_dags/example_sensors.py
[2024-11-23T03:18:24.392+0000] {processor.py:743} INFO - Processing file /home/airflow/.local/lib/python3.7/site-packages/airflow/example_dags/example_sensors.py for tasks to queue
[2024-11-23T03:18:24.393+0000] {logging_mixin.py:137} INFO - [2024-11-23T03:18:24.393+0000] {dagbag.py:538} INFO - Filling up the DagBag from /home/airflow/.local/lib/python3.7/site-packages/airflow/example_dags/example_sensors.py
[2024-11-23T03:18:24.416+0000] {processor.py:753} INFO - DAG(s) dict_keys(['example_sensors']) retrieved from /home/airflow/.local/lib/python3.7/site-packages/airflow/example_dags/example_sensors.py
[2024-11-23T03:18:24.445+0000] {logging_mixin.py:137} INFO - [2024-11-23T03:18:24.444+0000] {dag.py:2690} INFO - Sync 1 DAGs
[2024-11-23T03:18:24.483+0000] {logging_mixin.py:137} INFO - [2024-11-23T03:18:24.482+0000] {dag.py:3441} INFO - Setting next_dagrun for example_sensors to None, run_after=None
[2024-11-23T03:18:24.501+0000] {processor.py:175} INFO - Processing /home/airflow/.local/lib/python3.7/site-packages/airflow/example_dags/example_sensors.py took 0.111 seconds
[2024-11-23T03:18:54.533+0000] {processor.py:153} INFO - Started process (PID=2127) to work on /home/airflow/.local/lib/python3.7/site-packages/airflow/example_dags/example_sensors.py
[2024-11-23T03:18:54.533+0000] {processor.py:743} INFO - Processing file /home/airflow/.local/lib/python3.7/site-packages/airflow/example_dags/example_sensors.py for tasks to queue
[2024-11-23T03:18:54.534+0000] {logging_mixin.py:137} INFO - [2024-11-23T03:18:54.534+0000] {dagbag.py:538} INFO - Filling up the DagBag from /home/airflow/.local/lib/python3.7/site-packages/airflow/example_dags/example_sensors.py
[2024-11-23T03:18:54.548+0000] {processor.py:753} INFO - DAG(s) dict_keys(['example_sensors']) retrieved from /home/airflow/.local/lib/python3.7/site-packages/airflow/example_dags/example_sensors.py
[2024-11-23T03:18:54.567+0000] {logging_mixin.py:137} INFO - [2024-11-23T03:18:54.567+0000] {dag.py:2690} INFO - Sync 1 DAGs
[2024-11-23T03:18:54.583+0000] {logging_mixin.py:137} INFO - [2024-11-23T03:18:54.583+0000] {dag.py:3441} INFO - Setting next_dagrun for example_sensors to None, run_after=None
[2024-11-23T03:18:54.595+0000] {processor.py:175} INFO - Processing /home/airflow/.local/lib/python3.7/site-packages/airflow/example_dags/example_sensors.py took 0.066 seconds
[2024-11-23T03:19:24.832+0000] {processor.py:153} INFO - Started process (PID=2216) to work on /home/airflow/.local/lib/python3.7/site-packages/airflow/example_dags/example_sensors.py
[2024-11-23T03:19:24.833+0000] {processor.py:743} INFO - Processing file /home/airflow/.local/lib/python3.7/site-packages/airflow/example_dags/example_sensors.py for tasks to queue
[2024-11-23T03:19:24.834+0000] {logging_mixin.py:137} INFO - [2024-11-23T03:19:24.833+0000] {dagbag.py:538} INFO - Filling up the DagBag from /home/airflow/.local/lib/python3.7/site-packages/airflow/example_dags/example_sensors.py
[2024-11-23T03:19:24.852+0000] {processor.py:753} INFO - DAG(s) dict_keys(['example_sensors']) retrieved from /home/airflow/.local/lib/python3.7/site-packages/airflow/example_dags/example_sensors.py
[2024-11-23T03:19:24.885+0000] {logging_mixin.py:137} INFO - [2024-11-23T03:19:24.884+0000] {dag.py:2690} INFO - Sync 1 DAGs
[2024-11-23T03:19:24.977+0000] {logging_mixin.py:137} INFO - [2024-11-23T03:19:24.976+0000] {dag.py:3441} INFO - Setting next_dagrun for example_sensors to None, run_after=None
[2024-11-23T03:19:25.005+0000] {processor.py:175} INFO - Processing /home/airflow/.local/lib/python3.7/site-packages/airflow/example_dags/example_sensors.py took 0.177 seconds
[2024-11-23T03:19:55.889+0000] {processor.py:153} INFO - Started process (PID=2299) to work on /home/airflow/.local/lib/python3.7/site-packages/airflow/example_dags/example_sensors.py
[2024-11-23T03:19:55.893+0000] {processor.py:743} INFO - Processing file /home/airflow/.local/lib/python3.7/site-packages/airflow/example_dags/example_sensors.py for tasks to queue
[2024-11-23T03:19:55.895+0000] {logging_mixin.py:137} INFO - [2024-11-23T03:19:55.894+0000] {dagbag.py:538} INFO - Filling up the DagBag from /home/airflow/.local/lib/python3.7/site-packages/airflow/example_dags/example_sensors.py
[2024-11-23T03:19:55.926+0000] {processor.py:753} INFO - DAG(s) dict_keys(['example_sensors']) retrieved from /home/airflow/.local/lib/python3.7/site-packages/airflow/example_dags/example_sensors.py
[2024-11-23T03:19:55.959+0000] {logging_mixin.py:137} INFO - [2024-11-23T03:19:55.959+0000] {dag.py:2690} INFO - Sync 1 DAGs
[2024-11-23T03:19:55.987+0000] {logging_mixin.py:137} INFO - [2024-11-23T03:19:55.987+0000] {dag.py:3441} INFO - Setting next_dagrun for example_sensors to None, run_after=None
[2024-11-23T03:19:56.057+0000] {processor.py:175} INFO - Processing /home/airflow/.local/lib/python3.7/site-packages/airflow/example_dags/example_sensors.py took 0.177 seconds
