[2024-11-23T02:53:02.681+0000] {processor.py:153} INFO - Started process (PID=69) to work on /home/airflow/.local/lib/python3.7/site-packages/airflow/example_dags/example_time_delta_sensor_async.py
[2024-11-23T02:53:02.686+0000] {processor.py:743} INFO - Processing file /home/airflow/.local/lib/python3.7/site-packages/airflow/example_dags/example_time_delta_sensor_async.py for tasks to queue
[2024-11-23T02:53:02.688+0000] {logging_mixin.py:137} INFO - [2024-11-23T02:53:02.688+0000] {dagbag.py:538} INFO - Filling up the DagBag from /home/airflow/.local/lib/python3.7/site-packages/airflow/example_dags/example_time_delta_sensor_async.py
[2024-11-23T02:53:02.714+0000] {processor.py:753} INFO - DAG(s) dict_keys(['example_time_delta_sensor_async']) retrieved from /home/airflow/.local/lib/python3.7/site-packages/airflow/example_dags/example_time_delta_sensor_async.py
[2024-11-23T02:53:02.752+0000] {logging_mixin.py:137} INFO - [2024-11-23T02:53:02.752+0000] {dag.py:2690} INFO - Sync 1 DAGs
[2024-11-23T02:53:02.796+0000] {logging_mixin.py:137} INFO - [2024-11-23T02:53:02.795+0000] {dag.py:3441} INFO - Setting next_dagrun for example_time_delta_sensor_async to None, run_after=None
[2024-11-23T02:53:02.836+0000] {processor.py:175} INFO - Processing /home/airflow/.local/lib/python3.7/site-packages/airflow/example_dags/example_time_delta_sensor_async.py took 0.162 seconds
[2024-11-23T02:53:32.880+0000] {processor.py:153} INFO - Started process (PID=150) to work on /home/airflow/.local/lib/python3.7/site-packages/airflow/example_dags/example_time_delta_sensor_async.py
[2024-11-23T02:53:32.881+0000] {processor.py:743} INFO - Processing file /home/airflow/.local/lib/python3.7/site-packages/airflow/example_dags/example_time_delta_sensor_async.py for tasks to queue
[2024-11-23T02:53:32.882+0000] {logging_mixin.py:137} INFO - [2024-11-23T02:53:32.882+0000] {dagbag.py:538} INFO - Filling up the DagBag from /home/airflow/.local/lib/python3.7/site-packages/airflow/example_dags/example_time_delta_sensor_async.py
[2024-11-23T02:53:32.893+0000] {processor.py:753} INFO - DAG(s) dict_keys(['example_time_delta_sensor_async']) retrieved from /home/airflow/.local/lib/python3.7/site-packages/airflow/example_dags/example_time_delta_sensor_async.py
[2024-11-23T02:53:32.911+0000] {logging_mixin.py:137} INFO - [2024-11-23T02:53:32.911+0000] {dag.py:2690} INFO - Sync 1 DAGs
[2024-11-23T02:53:32.928+0000] {logging_mixin.py:137} INFO - [2024-11-23T02:53:32.928+0000] {dag.py:3441} INFO - Setting next_dagrun for example_time_delta_sensor_async to None, run_after=None
[2024-11-23T02:53:32.940+0000] {processor.py:175} INFO - Processing /home/airflow/.local/lib/python3.7/site-packages/airflow/example_dags/example_time_delta_sensor_async.py took 0.064 seconds
[2024-11-23T02:54:04.323+0000] {processor.py:153} INFO - Started process (PID=224) to work on /home/airflow/.local/lib/python3.7/site-packages/airflow/example_dags/example_time_delta_sensor_async.py
[2024-11-23T02:54:04.325+0000] {processor.py:743} INFO - Processing file /home/airflow/.local/lib/python3.7/site-packages/airflow/example_dags/example_time_delta_sensor_async.py for tasks to queue
[2024-11-23T02:54:04.329+0000] {logging_mixin.py:137} INFO - [2024-11-23T02:54:04.329+0000] {dagbag.py:538} INFO - Filling up the DagBag from /home/airflow/.local/lib/python3.7/site-packages/airflow/example_dags/example_time_delta_sensor_async.py
[2024-11-23T02:54:04.350+0000] {processor.py:753} INFO - DAG(s) dict_keys(['example_time_delta_sensor_async']) retrieved from /home/airflow/.local/lib/python3.7/site-packages/airflow/example_dags/example_time_delta_sensor_async.py
[2024-11-23T02:54:04.385+0000] {logging_mixin.py:137} INFO - [2024-11-23T02:54:04.385+0000] {dag.py:2690} INFO - Sync 1 DAGs
[2024-11-23T02:54:04.486+0000] {logging_mixin.py:137} INFO - [2024-11-23T02:54:04.485+0000] {dag.py:3441} INFO - Setting next_dagrun for example_time_delta_sensor_async to None, run_after=None
[2024-11-23T02:54:04.518+0000] {processor.py:175} INFO - Processing /home/airflow/.local/lib/python3.7/site-packages/airflow/example_dags/example_time_delta_sensor_async.py took 0.198 seconds
[2024-11-23T02:54:34.571+0000] {processor.py:153} INFO - Started process (PID=314) to work on /home/airflow/.local/lib/python3.7/site-packages/airflow/example_dags/example_time_delta_sensor_async.py
[2024-11-23T02:54:34.572+0000] {processor.py:743} INFO - Processing file /home/airflow/.local/lib/python3.7/site-packages/airflow/example_dags/example_time_delta_sensor_async.py for tasks to queue
[2024-11-23T02:54:34.573+0000] {logging_mixin.py:137} INFO - [2024-11-23T02:54:34.573+0000] {dagbag.py:538} INFO - Filling up the DagBag from /home/airflow/.local/lib/python3.7/site-packages/airflow/example_dags/example_time_delta_sensor_async.py
[2024-11-23T02:54:34.581+0000] {processor.py:753} INFO - DAG(s) dict_keys(['example_time_delta_sensor_async']) retrieved from /home/airflow/.local/lib/python3.7/site-packages/airflow/example_dags/example_time_delta_sensor_async.py
[2024-11-23T02:54:34.598+0000] {logging_mixin.py:137} INFO - [2024-11-23T02:54:34.598+0000] {dag.py:2690} INFO - Sync 1 DAGs
[2024-11-23T02:54:34.615+0000] {logging_mixin.py:137} INFO - [2024-11-23T02:54:34.615+0000] {dag.py:3441} INFO - Setting next_dagrun for example_time_delta_sensor_async to None, run_after=None
[2024-11-23T02:54:34.626+0000] {processor.py:175} INFO - Processing /home/airflow/.local/lib/python3.7/site-packages/airflow/example_dags/example_time_delta_sensor_async.py took 0.058 seconds
[2024-11-23T02:55:29.832+0000] {processor.py:153} INFO - Started process (PID=67) to work on /home/airflow/.local/lib/python3.7/site-packages/airflow/example_dags/example_time_delta_sensor_async.py
[2024-11-23T02:55:29.833+0000] {processor.py:743} INFO - Processing file /home/airflow/.local/lib/python3.7/site-packages/airflow/example_dags/example_time_delta_sensor_async.py for tasks to queue
[2024-11-23T02:55:29.836+0000] {logging_mixin.py:137} INFO - [2024-11-23T02:55:29.836+0000] {dagbag.py:538} INFO - Filling up the DagBag from /home/airflow/.local/lib/python3.7/site-packages/airflow/example_dags/example_time_delta_sensor_async.py
[2024-11-23T02:55:29.858+0000] {processor.py:753} INFO - DAG(s) dict_keys(['example_time_delta_sensor_async']) retrieved from /home/airflow/.local/lib/python3.7/site-packages/airflow/example_dags/example_time_delta_sensor_async.py
[2024-11-23T02:55:29.889+0000] {logging_mixin.py:137} INFO - [2024-11-23T02:55:29.889+0000] {dag.py:2690} INFO - Sync 1 DAGs
[2024-11-23T02:55:29.936+0000] {logging_mixin.py:137} INFO - [2024-11-23T02:55:29.936+0000] {dag.py:3441} INFO - Setting next_dagrun for example_time_delta_sensor_async to None, run_after=None
[2024-11-23T02:55:29.992+0000] {processor.py:175} INFO - Processing /home/airflow/.local/lib/python3.7/site-packages/airflow/example_dags/example_time_delta_sensor_async.py took 0.166 seconds
[2024-11-23T02:56:02.896+0000] {processor.py:153} INFO - Started process (PID=150) to work on /home/airflow/.local/lib/python3.7/site-packages/airflow/example_dags/example_time_delta_sensor_async.py
[2024-11-23T02:56:02.897+0000] {processor.py:743} INFO - Processing file /home/airflow/.local/lib/python3.7/site-packages/airflow/example_dags/example_time_delta_sensor_async.py for tasks to queue
[2024-11-23T02:56:02.898+0000] {logging_mixin.py:137} INFO - [2024-11-23T02:56:02.898+0000] {dagbag.py:538} INFO - Filling up the DagBag from /home/airflow/.local/lib/python3.7/site-packages/airflow/example_dags/example_time_delta_sensor_async.py
[2024-11-23T02:56:02.914+0000] {processor.py:753} INFO - DAG(s) dict_keys(['example_time_delta_sensor_async']) retrieved from /home/airflow/.local/lib/python3.7/site-packages/airflow/example_dags/example_time_delta_sensor_async.py
[2024-11-23T02:56:02.983+0000] {logging_mixin.py:137} INFO - [2024-11-23T02:56:02.983+0000] {dag.py:2690} INFO - Sync 1 DAGs
[2024-11-23T02:56:03.012+0000] {logging_mixin.py:137} INFO - [2024-11-23T02:56:03.012+0000] {dag.py:3441} INFO - Setting next_dagrun for example_time_delta_sensor_async to None, run_after=None
[2024-11-23T02:56:03.031+0000] {processor.py:175} INFO - Processing /home/airflow/.local/lib/python3.7/site-packages/airflow/example_dags/example_time_delta_sensor_async.py took 0.140 seconds
[2024-11-23T02:56:33.797+0000] {processor.py:153} INFO - Started process (PID=240) to work on /home/airflow/.local/lib/python3.7/site-packages/airflow/example_dags/example_time_delta_sensor_async.py
[2024-11-23T02:56:33.798+0000] {processor.py:743} INFO - Processing file /home/airflow/.local/lib/python3.7/site-packages/airflow/example_dags/example_time_delta_sensor_async.py for tasks to queue
[2024-11-23T02:56:33.799+0000] {logging_mixin.py:137} INFO - [2024-11-23T02:56:33.799+0000] {dagbag.py:538} INFO - Filling up the DagBag from /home/airflow/.local/lib/python3.7/site-packages/airflow/example_dags/example_time_delta_sensor_async.py
[2024-11-23T02:56:33.809+0000] {processor.py:753} INFO - DAG(s) dict_keys(['example_time_delta_sensor_async']) retrieved from /home/airflow/.local/lib/python3.7/site-packages/airflow/example_dags/example_time_delta_sensor_async.py
[2024-11-23T02:56:33.836+0000] {logging_mixin.py:137} INFO - [2024-11-23T02:56:33.836+0000] {dag.py:2690} INFO - Sync 1 DAGs
[2024-11-23T02:56:33.858+0000] {logging_mixin.py:137} INFO - [2024-11-23T02:56:33.858+0000] {dag.py:3441} INFO - Setting next_dagrun for example_time_delta_sensor_async to None, run_after=None
[2024-11-23T02:56:33.885+0000] {processor.py:175} INFO - Processing /home/airflow/.local/lib/python3.7/site-packages/airflow/example_dags/example_time_delta_sensor_async.py took 0.090 seconds
[2024-11-23T02:57:04.664+0000] {processor.py:153} INFO - Started process (PID=314) to work on /home/airflow/.local/lib/python3.7/site-packages/airflow/example_dags/example_time_delta_sensor_async.py
[2024-11-23T02:57:04.665+0000] {processor.py:743} INFO - Processing file /home/airflow/.local/lib/python3.7/site-packages/airflow/example_dags/example_time_delta_sensor_async.py for tasks to queue
[2024-11-23T02:57:04.665+0000] {logging_mixin.py:137} INFO - [2024-11-23T02:57:04.665+0000] {dagbag.py:538} INFO - Filling up the DagBag from /home/airflow/.local/lib/python3.7/site-packages/airflow/example_dags/example_time_delta_sensor_async.py
[2024-11-23T02:57:04.673+0000] {processor.py:753} INFO - DAG(s) dict_keys(['example_time_delta_sensor_async']) retrieved from /home/airflow/.local/lib/python3.7/site-packages/airflow/example_dags/example_time_delta_sensor_async.py
[2024-11-23T02:57:04.699+0000] {logging_mixin.py:137} INFO - [2024-11-23T02:57:04.699+0000] {dag.py:2690} INFO - Sync 1 DAGs
[2024-11-23T02:57:04.717+0000] {logging_mixin.py:137} INFO - [2024-11-23T02:57:04.717+0000] {dag.py:3441} INFO - Setting next_dagrun for example_time_delta_sensor_async to None, run_after=None
[2024-11-23T02:57:04.733+0000] {processor.py:175} INFO - Processing /home/airflow/.local/lib/python3.7/site-packages/airflow/example_dags/example_time_delta_sensor_async.py took 0.071 seconds
[2024-11-23T02:57:35.377+0000] {processor.py:153} INFO - Started process (PID=397) to work on /home/airflow/.local/lib/python3.7/site-packages/airflow/example_dags/example_time_delta_sensor_async.py
[2024-11-23T02:57:35.379+0000] {processor.py:743} INFO - Processing file /home/airflow/.local/lib/python3.7/site-packages/airflow/example_dags/example_time_delta_sensor_async.py for tasks to queue
[2024-11-23T02:57:35.380+0000] {logging_mixin.py:137} INFO - [2024-11-23T02:57:35.380+0000] {dagbag.py:538} INFO - Filling up the DagBag from /home/airflow/.local/lib/python3.7/site-packages/airflow/example_dags/example_time_delta_sensor_async.py
[2024-11-23T02:57:35.396+0000] {processor.py:753} INFO - DAG(s) dict_keys(['example_time_delta_sensor_async']) retrieved from /home/airflow/.local/lib/python3.7/site-packages/airflow/example_dags/example_time_delta_sensor_async.py
[2024-11-23T02:57:35.429+0000] {logging_mixin.py:137} INFO - [2024-11-23T02:57:35.428+0000] {dag.py:2690} INFO - Sync 1 DAGs
[2024-11-23T02:57:35.455+0000] {logging_mixin.py:137} INFO - [2024-11-23T02:57:35.455+0000] {dag.py:3441} INFO - Setting next_dagrun for example_time_delta_sensor_async to None, run_after=None
[2024-11-23T02:57:35.479+0000] {processor.py:175} INFO - Processing /home/airflow/.local/lib/python3.7/site-packages/airflow/example_dags/example_time_delta_sensor_async.py took 0.104 seconds
[2024-11-23T02:58:39.884+0000] {processor.py:153} INFO - Started process (PID=68) to work on /home/airflow/.local/lib/python3.7/site-packages/airflow/example_dags/example_time_delta_sensor_async.py
[2024-11-23T02:58:39.887+0000] {processor.py:743} INFO - Processing file /home/airflow/.local/lib/python3.7/site-packages/airflow/example_dags/example_time_delta_sensor_async.py for tasks to queue
[2024-11-23T02:58:39.889+0000] {logging_mixin.py:137} INFO - [2024-11-23T02:58:39.889+0000] {dagbag.py:538} INFO - Filling up the DagBag from /home/airflow/.local/lib/python3.7/site-packages/airflow/example_dags/example_time_delta_sensor_async.py
[2024-11-23T02:58:39.917+0000] {processor.py:753} INFO - DAG(s) dict_keys(['example_time_delta_sensor_async']) retrieved from /home/airflow/.local/lib/python3.7/site-packages/airflow/example_dags/example_time_delta_sensor_async.py
[2024-11-23T02:58:39.939+0000] {logging_mixin.py:137} INFO - [2024-11-23T02:58:39.939+0000] {dag.py:2690} INFO - Sync 1 DAGs
[2024-11-23T02:58:39.986+0000] {logging_mixin.py:137} INFO - [2024-11-23T02:58:39.986+0000] {dag.py:3441} INFO - Setting next_dagrun for example_time_delta_sensor_async to None, run_after=None
[2024-11-23T02:58:40.052+0000] {processor.py:175} INFO - Processing /home/airflow/.local/lib/python3.7/site-packages/airflow/example_dags/example_time_delta_sensor_async.py took 0.172 seconds
[2024-11-23T02:59:10.984+0000] {processor.py:153} INFO - Started process (PID=149) to work on /home/airflow/.local/lib/python3.7/site-packages/airflow/example_dags/example_time_delta_sensor_async.py
[2024-11-23T02:59:10.986+0000] {processor.py:743} INFO - Processing file /home/airflow/.local/lib/python3.7/site-packages/airflow/example_dags/example_time_delta_sensor_async.py for tasks to queue
[2024-11-23T02:59:10.988+0000] {logging_mixin.py:137} INFO - [2024-11-23T02:59:10.987+0000] {dagbag.py:538} INFO - Filling up the DagBag from /home/airflow/.local/lib/python3.7/site-packages/airflow/example_dags/example_time_delta_sensor_async.py
[2024-11-23T02:59:10.999+0000] {processor.py:753} INFO - DAG(s) dict_keys(['example_time_delta_sensor_async']) retrieved from /home/airflow/.local/lib/python3.7/site-packages/airflow/example_dags/example_time_delta_sensor_async.py
[2024-11-23T02:59:11.024+0000] {logging_mixin.py:137} INFO - [2024-11-23T02:59:11.023+0000] {dag.py:2690} INFO - Sync 1 DAGs
[2024-11-23T02:59:11.045+0000] {logging_mixin.py:137} INFO - [2024-11-23T02:59:11.045+0000] {dag.py:3441} INFO - Setting next_dagrun for example_time_delta_sensor_async to None, run_after=None
[2024-11-23T02:59:11.061+0000] {processor.py:175} INFO - Processing /home/airflow/.local/lib/python3.7/site-packages/airflow/example_dags/example_time_delta_sensor_async.py took 0.083 seconds
[2024-11-23T02:59:41.401+0000] {processor.py:153} INFO - Started process (PID=223) to work on /home/airflow/.local/lib/python3.7/site-packages/airflow/example_dags/example_time_delta_sensor_async.py
[2024-11-23T02:59:41.401+0000] {processor.py:743} INFO - Processing file /home/airflow/.local/lib/python3.7/site-packages/airflow/example_dags/example_time_delta_sensor_async.py for tasks to queue
[2024-11-23T02:59:41.402+0000] {logging_mixin.py:137} INFO - [2024-11-23T02:59:41.402+0000] {dagbag.py:538} INFO - Filling up the DagBag from /home/airflow/.local/lib/python3.7/site-packages/airflow/example_dags/example_time_delta_sensor_async.py
[2024-11-23T02:59:41.410+0000] {processor.py:753} INFO - DAG(s) dict_keys(['example_time_delta_sensor_async']) retrieved from /home/airflow/.local/lib/python3.7/site-packages/airflow/example_dags/example_time_delta_sensor_async.py
[2024-11-23T02:59:41.433+0000] {logging_mixin.py:137} INFO - [2024-11-23T02:59:41.433+0000] {dag.py:2690} INFO - Sync 1 DAGs
[2024-11-23T02:59:41.452+0000] {logging_mixin.py:137} INFO - [2024-11-23T02:59:41.452+0000] {dag.py:3441} INFO - Setting next_dagrun for example_time_delta_sensor_async to None, run_after=None
[2024-11-23T02:59:41.476+0000] {processor.py:175} INFO - Processing /home/airflow/.local/lib/python3.7/site-packages/airflow/example_dags/example_time_delta_sensor_async.py took 0.078 seconds
[2024-11-23T03:00:11.701+0000] {processor.py:153} INFO - Started process (PID=313) to work on /home/airflow/.local/lib/python3.7/site-packages/airflow/example_dags/example_time_delta_sensor_async.py
[2024-11-23T03:00:11.703+0000] {processor.py:743} INFO - Processing file /home/airflow/.local/lib/python3.7/site-packages/airflow/example_dags/example_time_delta_sensor_async.py for tasks to queue
[2024-11-23T03:00:11.705+0000] {logging_mixin.py:137} INFO - [2024-11-23T03:00:11.704+0000] {dagbag.py:538} INFO - Filling up the DagBag from /home/airflow/.local/lib/python3.7/site-packages/airflow/example_dags/example_time_delta_sensor_async.py
[2024-11-23T03:00:11.724+0000] {processor.py:753} INFO - DAG(s) dict_keys(['example_time_delta_sensor_async']) retrieved from /home/airflow/.local/lib/python3.7/site-packages/airflow/example_dags/example_time_delta_sensor_async.py
[2024-11-23T03:00:11.757+0000] {logging_mixin.py:137} INFO - [2024-11-23T03:00:11.757+0000] {dag.py:2690} INFO - Sync 1 DAGs
[2024-11-23T03:00:11.781+0000] {logging_mixin.py:137} INFO - [2024-11-23T03:00:11.780+0000] {dag.py:3441} INFO - Setting next_dagrun for example_time_delta_sensor_async to None, run_after=None
[2024-11-23T03:00:11.804+0000] {processor.py:175} INFO - Processing /home/airflow/.local/lib/python3.7/site-packages/airflow/example_dags/example_time_delta_sensor_async.py took 0.106 seconds
[2024-11-23T03:00:42.609+0000] {processor.py:153} INFO - Started process (PID=403) to work on /home/airflow/.local/lib/python3.7/site-packages/airflow/example_dags/example_time_delta_sensor_async.py
[2024-11-23T03:00:42.610+0000] {processor.py:743} INFO - Processing file /home/airflow/.local/lib/python3.7/site-packages/airflow/example_dags/example_time_delta_sensor_async.py for tasks to queue
[2024-11-23T03:00:42.611+0000] {logging_mixin.py:137} INFO - [2024-11-23T03:00:42.611+0000] {dagbag.py:538} INFO - Filling up the DagBag from /home/airflow/.local/lib/python3.7/site-packages/airflow/example_dags/example_time_delta_sensor_async.py
[2024-11-23T03:00:42.632+0000] {processor.py:753} INFO - DAG(s) dict_keys(['example_time_delta_sensor_async']) retrieved from /home/airflow/.local/lib/python3.7/site-packages/airflow/example_dags/example_time_delta_sensor_async.py
[2024-11-23T03:00:42.659+0000] {logging_mixin.py:137} INFO - [2024-11-23T03:00:42.659+0000] {dag.py:2690} INFO - Sync 1 DAGs
[2024-11-23T03:00:42.691+0000] {logging_mixin.py:137} INFO - [2024-11-23T03:00:42.691+0000] {dag.py:3441} INFO - Setting next_dagrun for example_time_delta_sensor_async to None, run_after=None
[2024-11-23T03:00:42.710+0000] {processor.py:175} INFO - Processing /home/airflow/.local/lib/python3.7/site-packages/airflow/example_dags/example_time_delta_sensor_async.py took 0.107 seconds
[2024-11-23T03:01:12.983+0000] {processor.py:153} INFO - Started process (PID=477) to work on /home/airflow/.local/lib/python3.7/site-packages/airflow/example_dags/example_time_delta_sensor_async.py
[2024-11-23T03:01:12.984+0000] {processor.py:743} INFO - Processing file /home/airflow/.local/lib/python3.7/site-packages/airflow/example_dags/example_time_delta_sensor_async.py for tasks to queue
[2024-11-23T03:01:12.985+0000] {logging_mixin.py:137} INFO - [2024-11-23T03:01:12.985+0000] {dagbag.py:538} INFO - Filling up the DagBag from /home/airflow/.local/lib/python3.7/site-packages/airflow/example_dags/example_time_delta_sensor_async.py
[2024-11-23T03:01:12.994+0000] {processor.py:753} INFO - DAG(s) dict_keys(['example_time_delta_sensor_async']) retrieved from /home/airflow/.local/lib/python3.7/site-packages/airflow/example_dags/example_time_delta_sensor_async.py
[2024-11-23T03:01:13.014+0000] {logging_mixin.py:137} INFO - [2024-11-23T03:01:13.014+0000] {dag.py:2690} INFO - Sync 1 DAGs
[2024-11-23T03:01:13.033+0000] {logging_mixin.py:137} INFO - [2024-11-23T03:01:13.033+0000] {dag.py:3441} INFO - Setting next_dagrun for example_time_delta_sensor_async to None, run_after=None
[2024-11-23T03:01:13.051+0000] {processor.py:175} INFO - Processing /home/airflow/.local/lib/python3.7/site-packages/airflow/example_dags/example_time_delta_sensor_async.py took 0.070 seconds
[2024-11-23T03:01:43.328+0000] {processor.py:153} INFO - Started process (PID=567) to work on /home/airflow/.local/lib/python3.7/site-packages/airflow/example_dags/example_time_delta_sensor_async.py
[2024-11-23T03:01:43.329+0000] {processor.py:743} INFO - Processing file /home/airflow/.local/lib/python3.7/site-packages/airflow/example_dags/example_time_delta_sensor_async.py for tasks to queue
[2024-11-23T03:01:43.330+0000] {logging_mixin.py:137} INFO - [2024-11-23T03:01:43.329+0000] {dagbag.py:538} INFO - Filling up the DagBag from /home/airflow/.local/lib/python3.7/site-packages/airflow/example_dags/example_time_delta_sensor_async.py
[2024-11-23T03:01:43.337+0000] {processor.py:753} INFO - DAG(s) dict_keys(['example_time_delta_sensor_async']) retrieved from /home/airflow/.local/lib/python3.7/site-packages/airflow/example_dags/example_time_delta_sensor_async.py
[2024-11-23T03:01:43.354+0000] {logging_mixin.py:137} INFO - [2024-11-23T03:01:43.353+0000] {dag.py:2690} INFO - Sync 1 DAGs
[2024-11-23T03:01:43.371+0000] {logging_mixin.py:137} INFO - [2024-11-23T03:01:43.371+0000] {dag.py:3441} INFO - Setting next_dagrun for example_time_delta_sensor_async to None, run_after=None
[2024-11-23T03:01:43.387+0000] {processor.py:175} INFO - Processing /home/airflow/.local/lib/python3.7/site-packages/airflow/example_dags/example_time_delta_sensor_async.py took 0.062 seconds
[2024-11-23T03:02:13.685+0000] {processor.py:153} INFO - Started process (PID=641) to work on /home/airflow/.local/lib/python3.7/site-packages/airflow/example_dags/example_time_delta_sensor_async.py
[2024-11-23T03:02:13.686+0000] {processor.py:743} INFO - Processing file /home/airflow/.local/lib/python3.7/site-packages/airflow/example_dags/example_time_delta_sensor_async.py for tasks to queue
[2024-11-23T03:02:13.686+0000] {logging_mixin.py:137} INFO - [2024-11-23T03:02:13.686+0000] {dagbag.py:538} INFO - Filling up the DagBag from /home/airflow/.local/lib/python3.7/site-packages/airflow/example_dags/example_time_delta_sensor_async.py
[2024-11-23T03:02:13.695+0000] {processor.py:753} INFO - DAG(s) dict_keys(['example_time_delta_sensor_async']) retrieved from /home/airflow/.local/lib/python3.7/site-packages/airflow/example_dags/example_time_delta_sensor_async.py
[2024-11-23T03:02:13.716+0000] {logging_mixin.py:137} INFO - [2024-11-23T03:02:13.716+0000] {dag.py:2690} INFO - Sync 1 DAGs
[2024-11-23T03:02:13.734+0000] {logging_mixin.py:137} INFO - [2024-11-23T03:02:13.734+0000] {dag.py:3441} INFO - Setting next_dagrun for example_time_delta_sensor_async to None, run_after=None
[2024-11-23T03:02:13.752+0000] {processor.py:175} INFO - Processing /home/airflow/.local/lib/python3.7/site-packages/airflow/example_dags/example_time_delta_sensor_async.py took 0.069 seconds
[2024-11-23T03:03:07.089+0000] {processor.py:153} INFO - Started process (PID=68) to work on /home/airflow/.local/lib/python3.7/site-packages/airflow/example_dags/example_time_delta_sensor_async.py
[2024-11-23T03:03:07.090+0000] {processor.py:743} INFO - Processing file /home/airflow/.local/lib/python3.7/site-packages/airflow/example_dags/example_time_delta_sensor_async.py for tasks to queue
[2024-11-23T03:03:07.091+0000] {logging_mixin.py:137} INFO - [2024-11-23T03:03:07.091+0000] {dagbag.py:538} INFO - Filling up the DagBag from /home/airflow/.local/lib/python3.7/site-packages/airflow/example_dags/example_time_delta_sensor_async.py
[2024-11-23T03:03:07.112+0000] {processor.py:753} INFO - DAG(s) dict_keys(['example_time_delta_sensor_async']) retrieved from /home/airflow/.local/lib/python3.7/site-packages/airflow/example_dags/example_time_delta_sensor_async.py
[2024-11-23T03:03:07.132+0000] {logging_mixin.py:137} INFO - [2024-11-23T03:03:07.131+0000] {dag.py:2690} INFO - Sync 1 DAGs
[2024-11-23T03:03:07.171+0000] {logging_mixin.py:137} INFO - [2024-11-23T03:03:07.170+0000] {dag.py:3441} INFO - Setting next_dagrun for example_time_delta_sensor_async to None, run_after=None
[2024-11-23T03:03:07.205+0000] {processor.py:175} INFO - Processing /home/airflow/.local/lib/python3.7/site-packages/airflow/example_dags/example_time_delta_sensor_async.py took 0.120 seconds
[2024-11-23T03:03:38.097+0000] {processor.py:153} INFO - Started process (PID=149) to work on /home/airflow/.local/lib/python3.7/site-packages/airflow/example_dags/example_time_delta_sensor_async.py
[2024-11-23T03:03:38.098+0000] {processor.py:743} INFO - Processing file /home/airflow/.local/lib/python3.7/site-packages/airflow/example_dags/example_time_delta_sensor_async.py for tasks to queue
[2024-11-23T03:03:38.099+0000] {logging_mixin.py:137} INFO - [2024-11-23T03:03:38.099+0000] {dagbag.py:538} INFO - Filling up the DagBag from /home/airflow/.local/lib/python3.7/site-packages/airflow/example_dags/example_time_delta_sensor_async.py
[2024-11-23T03:03:38.107+0000] {processor.py:753} INFO - DAG(s) dict_keys(['example_time_delta_sensor_async']) retrieved from /home/airflow/.local/lib/python3.7/site-packages/airflow/example_dags/example_time_delta_sensor_async.py
[2024-11-23T03:03:38.126+0000] {logging_mixin.py:137} INFO - [2024-11-23T03:03:38.126+0000] {dag.py:2690} INFO - Sync 1 DAGs
[2024-11-23T03:03:38.142+0000] {logging_mixin.py:137} INFO - [2024-11-23T03:03:38.142+0000] {dag.py:3441} INFO - Setting next_dagrun for example_time_delta_sensor_async to None, run_after=None
[2024-11-23T03:03:38.155+0000] {processor.py:175} INFO - Processing /home/airflow/.local/lib/python3.7/site-packages/airflow/example_dags/example_time_delta_sensor_async.py took 0.059 seconds
[2024-11-23T03:06:15.815+0000] {processor.py:153} INFO - Started process (PID=75) to work on /home/airflow/.local/lib/python3.7/site-packages/airflow/example_dags/example_time_delta_sensor_async.py
[2024-11-23T03:06:15.817+0000] {processor.py:743} INFO - Processing file /home/airflow/.local/lib/python3.7/site-packages/airflow/example_dags/example_time_delta_sensor_async.py for tasks to queue
[2024-11-23T03:06:15.818+0000] {logging_mixin.py:137} INFO - [2024-11-23T03:06:15.818+0000] {dagbag.py:538} INFO - Filling up the DagBag from /home/airflow/.local/lib/python3.7/site-packages/airflow/example_dags/example_time_delta_sensor_async.py
[2024-11-23T03:06:15.863+0000] {processor.py:753} INFO - DAG(s) dict_keys(['example_time_delta_sensor_async']) retrieved from /home/airflow/.local/lib/python3.7/site-packages/airflow/example_dags/example_time_delta_sensor_async.py
[2024-11-23T03:06:15.900+0000] {logging_mixin.py:137} INFO - [2024-11-23T03:06:15.899+0000] {dag.py:2690} INFO - Sync 1 DAGs
[2024-11-23T03:06:15.958+0000] {logging_mixin.py:137} INFO - [2024-11-23T03:06:15.958+0000] {dag.py:3441} INFO - Setting next_dagrun for example_time_delta_sensor_async to None, run_after=None
[2024-11-23T03:06:16.000+0000] {processor.py:175} INFO - Processing /home/airflow/.local/lib/python3.7/site-packages/airflow/example_dags/example_time_delta_sensor_async.py took 0.189 seconds
[2024-11-23T03:06:46.595+0000] {processor.py:153} INFO - Started process (PID=149) to work on /home/airflow/.local/lib/python3.7/site-packages/airflow/example_dags/example_time_delta_sensor_async.py
[2024-11-23T03:06:46.596+0000] {processor.py:743} INFO - Processing file /home/airflow/.local/lib/python3.7/site-packages/airflow/example_dags/example_time_delta_sensor_async.py for tasks to queue
[2024-11-23T03:06:46.596+0000] {logging_mixin.py:137} INFO - [2024-11-23T03:06:46.596+0000] {dagbag.py:538} INFO - Filling up the DagBag from /home/airflow/.local/lib/python3.7/site-packages/airflow/example_dags/example_time_delta_sensor_async.py
[2024-11-23T03:06:46.605+0000] {processor.py:753} INFO - DAG(s) dict_keys(['example_time_delta_sensor_async']) retrieved from /home/airflow/.local/lib/python3.7/site-packages/airflow/example_dags/example_time_delta_sensor_async.py
[2024-11-23T03:06:46.621+0000] {logging_mixin.py:137} INFO - [2024-11-23T03:06:46.621+0000] {dag.py:2690} INFO - Sync 1 DAGs
[2024-11-23T03:06:46.637+0000] {logging_mixin.py:137} INFO - [2024-11-23T03:06:46.637+0000] {dag.py:3441} INFO - Setting next_dagrun for example_time_delta_sensor_async to None, run_after=None
[2024-11-23T03:06:46.656+0000] {processor.py:175} INFO - Processing /home/airflow/.local/lib/python3.7/site-packages/airflow/example_dags/example_time_delta_sensor_async.py took 0.063 seconds
[2024-11-23T03:07:16.935+0000] {processor.py:153} INFO - Started process (PID=239) to work on /home/airflow/.local/lib/python3.7/site-packages/airflow/example_dags/example_time_delta_sensor_async.py
[2024-11-23T03:07:16.936+0000] {processor.py:743} INFO - Processing file /home/airflow/.local/lib/python3.7/site-packages/airflow/example_dags/example_time_delta_sensor_async.py for tasks to queue
[2024-11-23T03:07:16.937+0000] {logging_mixin.py:137} INFO - [2024-11-23T03:07:16.936+0000] {dagbag.py:538} INFO - Filling up the DagBag from /home/airflow/.local/lib/python3.7/site-packages/airflow/example_dags/example_time_delta_sensor_async.py
[2024-11-23T03:07:16.947+0000] {processor.py:753} INFO - DAG(s) dict_keys(['example_time_delta_sensor_async']) retrieved from /home/airflow/.local/lib/python3.7/site-packages/airflow/example_dags/example_time_delta_sensor_async.py
[2024-11-23T03:07:16.975+0000] {logging_mixin.py:137} INFO - [2024-11-23T03:07:16.975+0000] {dag.py:2690} INFO - Sync 1 DAGs
[2024-11-23T03:07:17.002+0000] {logging_mixin.py:137} INFO - [2024-11-23T03:07:17.002+0000] {dag.py:3441} INFO - Setting next_dagrun for example_time_delta_sensor_async to None, run_after=None
[2024-11-23T03:07:17.027+0000] {processor.py:175} INFO - Processing /home/airflow/.local/lib/python3.7/site-packages/airflow/example_dags/example_time_delta_sensor_async.py took 0.095 seconds
[2024-11-23T03:07:47.242+0000] {processor.py:153} INFO - Started process (PID=313) to work on /home/airflow/.local/lib/python3.7/site-packages/airflow/example_dags/example_time_delta_sensor_async.py
[2024-11-23T03:07:47.245+0000] {processor.py:743} INFO - Processing file /home/airflow/.local/lib/python3.7/site-packages/airflow/example_dags/example_time_delta_sensor_async.py for tasks to queue
[2024-11-23T03:07:47.246+0000] {logging_mixin.py:137} INFO - [2024-11-23T03:07:47.246+0000] {dagbag.py:538} INFO - Filling up the DagBag from /home/airflow/.local/lib/python3.7/site-packages/airflow/example_dags/example_time_delta_sensor_async.py
[2024-11-23T03:07:47.257+0000] {processor.py:753} INFO - DAG(s) dict_keys(['example_time_delta_sensor_async']) retrieved from /home/airflow/.local/lib/python3.7/site-packages/airflow/example_dags/example_time_delta_sensor_async.py
[2024-11-23T03:07:47.279+0000] {logging_mixin.py:137} INFO - [2024-11-23T03:07:47.278+0000] {dag.py:2690} INFO - Sync 1 DAGs
[2024-11-23T03:07:47.295+0000] {logging_mixin.py:137} INFO - [2024-11-23T03:07:47.295+0000] {dag.py:3441} INFO - Setting next_dagrun for example_time_delta_sensor_async to None, run_after=None
[2024-11-23T03:07:47.311+0000] {processor.py:175} INFO - Processing /home/airflow/.local/lib/python3.7/site-packages/airflow/example_dags/example_time_delta_sensor_async.py took 0.072 seconds
[2024-11-23T03:08:17.581+0000] {processor.py:153} INFO - Started process (PID=403) to work on /home/airflow/.local/lib/python3.7/site-packages/airflow/example_dags/example_time_delta_sensor_async.py
[2024-11-23T03:08:17.582+0000] {processor.py:743} INFO - Processing file /home/airflow/.local/lib/python3.7/site-packages/airflow/example_dags/example_time_delta_sensor_async.py for tasks to queue
[2024-11-23T03:08:17.583+0000] {logging_mixin.py:137} INFO - [2024-11-23T03:08:17.583+0000] {dagbag.py:538} INFO - Filling up the DagBag from /home/airflow/.local/lib/python3.7/site-packages/airflow/example_dags/example_time_delta_sensor_async.py
[2024-11-23T03:08:17.593+0000] {processor.py:753} INFO - DAG(s) dict_keys(['example_time_delta_sensor_async']) retrieved from /home/airflow/.local/lib/python3.7/site-packages/airflow/example_dags/example_time_delta_sensor_async.py
[2024-11-23T03:08:17.614+0000] {logging_mixin.py:137} INFO - [2024-11-23T03:08:17.614+0000] {dag.py:2690} INFO - Sync 1 DAGs
[2024-11-23T03:08:17.630+0000] {logging_mixin.py:137} INFO - [2024-11-23T03:08:17.630+0000] {dag.py:3441} INFO - Setting next_dagrun for example_time_delta_sensor_async to None, run_after=None
[2024-11-23T03:08:17.646+0000] {processor.py:175} INFO - Processing /home/airflow/.local/lib/python3.7/site-packages/airflow/example_dags/example_time_delta_sensor_async.py took 0.069 seconds
[2024-11-23T03:08:47.754+0000] {processor.py:153} INFO - Started process (PID=476) to work on /home/airflow/.local/lib/python3.7/site-packages/airflow/example_dags/example_time_delta_sensor_async.py
[2024-11-23T03:08:47.755+0000] {processor.py:743} INFO - Processing file /home/airflow/.local/lib/python3.7/site-packages/airflow/example_dags/example_time_delta_sensor_async.py for tasks to queue
[2024-11-23T03:08:47.756+0000] {logging_mixin.py:137} INFO - [2024-11-23T03:08:47.756+0000] {dagbag.py:538} INFO - Filling up the DagBag from /home/airflow/.local/lib/python3.7/site-packages/airflow/example_dags/example_time_delta_sensor_async.py
[2024-11-23T03:08:47.765+0000] {processor.py:753} INFO - DAG(s) dict_keys(['example_time_delta_sensor_async']) retrieved from /home/airflow/.local/lib/python3.7/site-packages/airflow/example_dags/example_time_delta_sensor_async.py
[2024-11-23T03:08:47.784+0000] {logging_mixin.py:137} INFO - [2024-11-23T03:08:47.784+0000] {dag.py:2690} INFO - Sync 1 DAGs
[2024-11-23T03:08:47.814+0000] {logging_mixin.py:137} INFO - [2024-11-23T03:08:47.814+0000] {dag.py:3441} INFO - Setting next_dagrun for example_time_delta_sensor_async to None, run_after=None
[2024-11-23T03:08:47.828+0000] {processor.py:175} INFO - Processing /home/airflow/.local/lib/python3.7/site-packages/airflow/example_dags/example_time_delta_sensor_async.py took 0.077 seconds
[2024-11-23T03:09:18.067+0000] {processor.py:153} INFO - Started process (PID=566) to work on /home/airflow/.local/lib/python3.7/site-packages/airflow/example_dags/example_time_delta_sensor_async.py
[2024-11-23T03:09:18.067+0000] {processor.py:743} INFO - Processing file /home/airflow/.local/lib/python3.7/site-packages/airflow/example_dags/example_time_delta_sensor_async.py for tasks to queue
[2024-11-23T03:09:18.068+0000] {logging_mixin.py:137} INFO - [2024-11-23T03:09:18.068+0000] {dagbag.py:538} INFO - Filling up the DagBag from /home/airflow/.local/lib/python3.7/site-packages/airflow/example_dags/example_time_delta_sensor_async.py
[2024-11-23T03:09:18.076+0000] {processor.py:753} INFO - DAG(s) dict_keys(['example_time_delta_sensor_async']) retrieved from /home/airflow/.local/lib/python3.7/site-packages/airflow/example_dags/example_time_delta_sensor_async.py
[2024-11-23T03:09:18.094+0000] {logging_mixin.py:137} INFO - [2024-11-23T03:09:18.093+0000] {dag.py:2690} INFO - Sync 1 DAGs
[2024-11-23T03:09:18.110+0000] {logging_mixin.py:137} INFO - [2024-11-23T03:09:18.110+0000] {dag.py:3441} INFO - Setting next_dagrun for example_time_delta_sensor_async to None, run_after=None
[2024-11-23T03:09:18.122+0000] {processor.py:175} INFO - Processing /home/airflow/.local/lib/python3.7/site-packages/airflow/example_dags/example_time_delta_sensor_async.py took 0.057 seconds
[2024-11-23T03:09:48.231+0000] {processor.py:153} INFO - Started process (PID=640) to work on /home/airflow/.local/lib/python3.7/site-packages/airflow/example_dags/example_time_delta_sensor_async.py
[2024-11-23T03:09:48.231+0000] {processor.py:743} INFO - Processing file /home/airflow/.local/lib/python3.7/site-packages/airflow/example_dags/example_time_delta_sensor_async.py for tasks to queue
[2024-11-23T03:09:48.232+0000] {logging_mixin.py:137} INFO - [2024-11-23T03:09:48.232+0000] {dagbag.py:538} INFO - Filling up the DagBag from /home/airflow/.local/lib/python3.7/site-packages/airflow/example_dags/example_time_delta_sensor_async.py
[2024-11-23T03:09:48.240+0000] {processor.py:753} INFO - DAG(s) dict_keys(['example_time_delta_sensor_async']) retrieved from /home/airflow/.local/lib/python3.7/site-packages/airflow/example_dags/example_time_delta_sensor_async.py
[2024-11-23T03:09:48.261+0000] {logging_mixin.py:137} INFO - [2024-11-23T03:09:48.261+0000] {dag.py:2690} INFO - Sync 1 DAGs
[2024-11-23T03:09:48.283+0000] {logging_mixin.py:137} INFO - [2024-11-23T03:09:48.283+0000] {dag.py:3441} INFO - Setting next_dagrun for example_time_delta_sensor_async to None, run_after=None
[2024-11-23T03:09:48.299+0000] {processor.py:175} INFO - Processing /home/airflow/.local/lib/python3.7/site-packages/airflow/example_dags/example_time_delta_sensor_async.py took 0.070 seconds
[2024-11-23T03:10:18.452+0000] {processor.py:153} INFO - Started process (PID=729) to work on /home/airflow/.local/lib/python3.7/site-packages/airflow/example_dags/example_time_delta_sensor_async.py
[2024-11-23T03:10:18.453+0000] {processor.py:743} INFO - Processing file /home/airflow/.local/lib/python3.7/site-packages/airflow/example_dags/example_time_delta_sensor_async.py for tasks to queue
[2024-11-23T03:10:18.453+0000] {logging_mixin.py:137} INFO - [2024-11-23T03:10:18.453+0000] {dagbag.py:538} INFO - Filling up the DagBag from /home/airflow/.local/lib/python3.7/site-packages/airflow/example_dags/example_time_delta_sensor_async.py
[2024-11-23T03:10:18.463+0000] {processor.py:753} INFO - DAG(s) dict_keys(['example_time_delta_sensor_async']) retrieved from /home/airflow/.local/lib/python3.7/site-packages/airflow/example_dags/example_time_delta_sensor_async.py
[2024-11-23T03:10:18.482+0000] {logging_mixin.py:137} INFO - [2024-11-23T03:10:18.481+0000] {dag.py:2690} INFO - Sync 1 DAGs
[2024-11-23T03:10:18.501+0000] {logging_mixin.py:137} INFO - [2024-11-23T03:10:18.501+0000] {dag.py:3441} INFO - Setting next_dagrun for example_time_delta_sensor_async to None, run_after=None
[2024-11-23T03:10:18.523+0000] {processor.py:175} INFO - Processing /home/airflow/.local/lib/python3.7/site-packages/airflow/example_dags/example_time_delta_sensor_async.py took 0.073 seconds
[2024-11-23T03:10:49.929+0000] {processor.py:153} INFO - Started process (PID=819) to work on /home/airflow/.local/lib/python3.7/site-packages/airflow/example_dags/example_time_delta_sensor_async.py
[2024-11-23T03:10:49.930+0000] {processor.py:743} INFO - Processing file /home/airflow/.local/lib/python3.7/site-packages/airflow/example_dags/example_time_delta_sensor_async.py for tasks to queue
[2024-11-23T03:10:49.930+0000] {logging_mixin.py:137} INFO - [2024-11-23T03:10:49.930+0000] {dagbag.py:538} INFO - Filling up the DagBag from /home/airflow/.local/lib/python3.7/site-packages/airflow/example_dags/example_time_delta_sensor_async.py
[2024-11-23T03:10:49.939+0000] {processor.py:753} INFO - DAG(s) dict_keys(['example_time_delta_sensor_async']) retrieved from /home/airflow/.local/lib/python3.7/site-packages/airflow/example_dags/example_time_delta_sensor_async.py
[2024-11-23T03:10:49.966+0000] {logging_mixin.py:137} INFO - [2024-11-23T03:10:49.966+0000] {dag.py:2690} INFO - Sync 1 DAGs
[2024-11-23T03:10:49.990+0000] {logging_mixin.py:137} INFO - [2024-11-23T03:10:49.989+0000] {dag.py:3441} INFO - Setting next_dagrun for example_time_delta_sensor_async to None, run_after=None
[2024-11-23T03:10:50.003+0000] {processor.py:175} INFO - Processing /home/airflow/.local/lib/python3.7/site-packages/airflow/example_dags/example_time_delta_sensor_async.py took 0.077 seconds
[2024-11-23T03:11:20.232+0000] {processor.py:153} INFO - Started process (PID=893) to work on /home/airflow/.local/lib/python3.7/site-packages/airflow/example_dags/example_time_delta_sensor_async.py
[2024-11-23T03:11:20.233+0000] {processor.py:743} INFO - Processing file /home/airflow/.local/lib/python3.7/site-packages/airflow/example_dags/example_time_delta_sensor_async.py for tasks to queue
[2024-11-23T03:11:20.233+0000] {logging_mixin.py:137} INFO - [2024-11-23T03:11:20.233+0000] {dagbag.py:538} INFO - Filling up the DagBag from /home/airflow/.local/lib/python3.7/site-packages/airflow/example_dags/example_time_delta_sensor_async.py
[2024-11-23T03:11:20.243+0000] {processor.py:753} INFO - DAG(s) dict_keys(['example_time_delta_sensor_async']) retrieved from /home/airflow/.local/lib/python3.7/site-packages/airflow/example_dags/example_time_delta_sensor_async.py
[2024-11-23T03:11:20.265+0000] {logging_mixin.py:137} INFO - [2024-11-23T03:11:20.265+0000] {dag.py:2690} INFO - Sync 1 DAGs
[2024-11-23T03:11:20.282+0000] {logging_mixin.py:137} INFO - [2024-11-23T03:11:20.282+0000] {dag.py:3441} INFO - Setting next_dagrun for example_time_delta_sensor_async to None, run_after=None
[2024-11-23T03:11:20.296+0000] {processor.py:175} INFO - Processing /home/airflow/.local/lib/python3.7/site-packages/airflow/example_dags/example_time_delta_sensor_async.py took 0.066 seconds
[2024-11-23T03:11:50.487+0000] {processor.py:153} INFO - Started process (PID=983) to work on /home/airflow/.local/lib/python3.7/site-packages/airflow/example_dags/example_time_delta_sensor_async.py
[2024-11-23T03:11:50.488+0000] {processor.py:743} INFO - Processing file /home/airflow/.local/lib/python3.7/site-packages/airflow/example_dags/example_time_delta_sensor_async.py for tasks to queue
[2024-11-23T03:11:50.489+0000] {logging_mixin.py:137} INFO - [2024-11-23T03:11:50.489+0000] {dagbag.py:538} INFO - Filling up the DagBag from /home/airflow/.local/lib/python3.7/site-packages/airflow/example_dags/example_time_delta_sensor_async.py
[2024-11-23T03:11:50.499+0000] {processor.py:753} INFO - DAG(s) dict_keys(['example_time_delta_sensor_async']) retrieved from /home/airflow/.local/lib/python3.7/site-packages/airflow/example_dags/example_time_delta_sensor_async.py
[2024-11-23T03:11:50.519+0000] {logging_mixin.py:137} INFO - [2024-11-23T03:11:50.519+0000] {dag.py:2690} INFO - Sync 1 DAGs
[2024-11-23T03:11:50.540+0000] {logging_mixin.py:137} INFO - [2024-11-23T03:11:50.540+0000] {dag.py:3441} INFO - Setting next_dagrun for example_time_delta_sensor_async to None, run_after=None
[2024-11-23T03:11:50.559+0000] {processor.py:175} INFO - Processing /home/airflow/.local/lib/python3.7/site-packages/airflow/example_dags/example_time_delta_sensor_async.py took 0.075 seconds
[2024-11-23T03:12:20.717+0000] {processor.py:153} INFO - Started process (PID=1057) to work on /home/airflow/.local/lib/python3.7/site-packages/airflow/example_dags/example_time_delta_sensor_async.py
[2024-11-23T03:12:20.717+0000] {processor.py:743} INFO - Processing file /home/airflow/.local/lib/python3.7/site-packages/airflow/example_dags/example_time_delta_sensor_async.py for tasks to queue
[2024-11-23T03:12:20.717+0000] {logging_mixin.py:137} INFO - [2024-11-23T03:12:20.717+0000] {dagbag.py:538} INFO - Filling up the DagBag from /home/airflow/.local/lib/python3.7/site-packages/airflow/example_dags/example_time_delta_sensor_async.py
[2024-11-23T03:12:20.727+0000] {processor.py:753} INFO - DAG(s) dict_keys(['example_time_delta_sensor_async']) retrieved from /home/airflow/.local/lib/python3.7/site-packages/airflow/example_dags/example_time_delta_sensor_async.py
[2024-11-23T03:12:20.745+0000] {logging_mixin.py:137} INFO - [2024-11-23T03:12:20.745+0000] {dag.py:2690} INFO - Sync 1 DAGs
[2024-11-23T03:12:20.764+0000] {logging_mixin.py:137} INFO - [2024-11-23T03:12:20.764+0000] {dag.py:3441} INFO - Setting next_dagrun for example_time_delta_sensor_async to None, run_after=None
[2024-11-23T03:12:20.781+0000] {processor.py:175} INFO - Processing /home/airflow/.local/lib/python3.7/site-packages/airflow/example_dags/example_time_delta_sensor_async.py took 0.067 seconds
[2024-11-23T03:12:51.146+0000] {processor.py:153} INFO - Started process (PID=1147) to work on /home/airflow/.local/lib/python3.7/site-packages/airflow/example_dags/example_time_delta_sensor_async.py
[2024-11-23T03:12:51.147+0000] {processor.py:743} INFO - Processing file /home/airflow/.local/lib/python3.7/site-packages/airflow/example_dags/example_time_delta_sensor_async.py for tasks to queue
[2024-11-23T03:12:51.148+0000] {logging_mixin.py:137} INFO - [2024-11-23T03:12:51.148+0000] {dagbag.py:538} INFO - Filling up the DagBag from /home/airflow/.local/lib/python3.7/site-packages/airflow/example_dags/example_time_delta_sensor_async.py
[2024-11-23T03:12:51.158+0000] {processor.py:753} INFO - DAG(s) dict_keys(['example_time_delta_sensor_async']) retrieved from /home/airflow/.local/lib/python3.7/site-packages/airflow/example_dags/example_time_delta_sensor_async.py
[2024-11-23T03:12:51.180+0000] {logging_mixin.py:137} INFO - [2024-11-23T03:12:51.180+0000] {dag.py:2690} INFO - Sync 1 DAGs
[2024-11-23T03:12:51.200+0000] {logging_mixin.py:137} INFO - [2024-11-23T03:12:51.200+0000] {dag.py:3441} INFO - Setting next_dagrun for example_time_delta_sensor_async to None, run_after=None
[2024-11-23T03:12:51.217+0000] {processor.py:175} INFO - Processing /home/airflow/.local/lib/python3.7/site-packages/airflow/example_dags/example_time_delta_sensor_async.py took 0.074 seconds
[2024-11-23T03:13:21.461+0000] {processor.py:153} INFO - Started process (PID=1221) to work on /home/airflow/.local/lib/python3.7/site-packages/airflow/example_dags/example_time_delta_sensor_async.py
[2024-11-23T03:13:21.463+0000] {processor.py:743} INFO - Processing file /home/airflow/.local/lib/python3.7/site-packages/airflow/example_dags/example_time_delta_sensor_async.py for tasks to queue
[2024-11-23T03:13:21.464+0000] {logging_mixin.py:137} INFO - [2024-11-23T03:13:21.464+0000] {dagbag.py:538} INFO - Filling up the DagBag from /home/airflow/.local/lib/python3.7/site-packages/airflow/example_dags/example_time_delta_sensor_async.py
[2024-11-23T03:13:21.473+0000] {processor.py:753} INFO - DAG(s) dict_keys(['example_time_delta_sensor_async']) retrieved from /home/airflow/.local/lib/python3.7/site-packages/airflow/example_dags/example_time_delta_sensor_async.py
[2024-11-23T03:13:21.495+0000] {logging_mixin.py:137} INFO - [2024-11-23T03:13:21.495+0000] {dag.py:2690} INFO - Sync 1 DAGs
[2024-11-23T03:13:21.514+0000] {logging_mixin.py:137} INFO - [2024-11-23T03:13:21.514+0000] {dag.py:3441} INFO - Setting next_dagrun for example_time_delta_sensor_async to None, run_after=None
[2024-11-23T03:13:21.526+0000] {processor.py:175} INFO - Processing /home/airflow/.local/lib/python3.7/site-packages/airflow/example_dags/example_time_delta_sensor_async.py took 0.068 seconds
[2024-11-23T03:13:51.629+0000] {processor.py:153} INFO - Started process (PID=1311) to work on /home/airflow/.local/lib/python3.7/site-packages/airflow/example_dags/example_time_delta_sensor_async.py
[2024-11-23T03:13:51.630+0000] {processor.py:743} INFO - Processing file /home/airflow/.local/lib/python3.7/site-packages/airflow/example_dags/example_time_delta_sensor_async.py for tasks to queue
[2024-11-23T03:13:51.630+0000] {logging_mixin.py:137} INFO - [2024-11-23T03:13:51.630+0000] {dagbag.py:538} INFO - Filling up the DagBag from /home/airflow/.local/lib/python3.7/site-packages/airflow/example_dags/example_time_delta_sensor_async.py
[2024-11-23T03:13:51.638+0000] {processor.py:753} INFO - DAG(s) dict_keys(['example_time_delta_sensor_async']) retrieved from /home/airflow/.local/lib/python3.7/site-packages/airflow/example_dags/example_time_delta_sensor_async.py
[2024-11-23T03:13:51.658+0000] {logging_mixin.py:137} INFO - [2024-11-23T03:13:51.658+0000] {dag.py:2690} INFO - Sync 1 DAGs
[2024-11-23T03:13:51.676+0000] {logging_mixin.py:137} INFO - [2024-11-23T03:13:51.676+0000] {dag.py:3441} INFO - Setting next_dagrun for example_time_delta_sensor_async to None, run_after=None
[2024-11-23T03:13:51.695+0000] {processor.py:175} INFO - Processing /home/airflow/.local/lib/python3.7/site-packages/airflow/example_dags/example_time_delta_sensor_async.py took 0.068 seconds
[2024-11-23T03:14:21.758+0000] {processor.py:153} INFO - Started process (PID=1385) to work on /home/airflow/.local/lib/python3.7/site-packages/airflow/example_dags/example_time_delta_sensor_async.py
[2024-11-23T03:14:21.758+0000] {processor.py:743} INFO - Processing file /home/airflow/.local/lib/python3.7/site-packages/airflow/example_dags/example_time_delta_sensor_async.py for tasks to queue
[2024-11-23T03:14:21.759+0000] {logging_mixin.py:137} INFO - [2024-11-23T03:14:21.759+0000] {dagbag.py:538} INFO - Filling up the DagBag from /home/airflow/.local/lib/python3.7/site-packages/airflow/example_dags/example_time_delta_sensor_async.py
[2024-11-23T03:14:21.768+0000] {processor.py:753} INFO - DAG(s) dict_keys(['example_time_delta_sensor_async']) retrieved from /home/airflow/.local/lib/python3.7/site-packages/airflow/example_dags/example_time_delta_sensor_async.py
[2024-11-23T03:14:21.787+0000] {logging_mixin.py:137} INFO - [2024-11-23T03:14:21.787+0000] {dag.py:2690} INFO - Sync 1 DAGs
[2024-11-23T03:14:21.809+0000] {logging_mixin.py:137} INFO - [2024-11-23T03:14:21.809+0000] {dag.py:3441} INFO - Setting next_dagrun for example_time_delta_sensor_async to None, run_after=None
[2024-11-23T03:14:21.828+0000] {processor.py:175} INFO - Processing /home/airflow/.local/lib/python3.7/site-packages/airflow/example_dags/example_time_delta_sensor_async.py took 0.073 seconds
[2024-11-23T03:14:52.291+0000] {processor.py:153} INFO - Started process (PID=1475) to work on /home/airflow/.local/lib/python3.7/site-packages/airflow/example_dags/example_time_delta_sensor_async.py
[2024-11-23T03:14:52.292+0000] {processor.py:743} INFO - Processing file /home/airflow/.local/lib/python3.7/site-packages/airflow/example_dags/example_time_delta_sensor_async.py for tasks to queue
[2024-11-23T03:14:52.292+0000] {logging_mixin.py:137} INFO - [2024-11-23T03:14:52.292+0000] {dagbag.py:538} INFO - Filling up the DagBag from /home/airflow/.local/lib/python3.7/site-packages/airflow/example_dags/example_time_delta_sensor_async.py
[2024-11-23T03:14:52.301+0000] {processor.py:753} INFO - DAG(s) dict_keys(['example_time_delta_sensor_async']) retrieved from /home/airflow/.local/lib/python3.7/site-packages/airflow/example_dags/example_time_delta_sensor_async.py
[2024-11-23T03:14:52.321+0000] {logging_mixin.py:137} INFO - [2024-11-23T03:14:52.321+0000] {dag.py:2690} INFO - Sync 1 DAGs
[2024-11-23T03:14:52.339+0000] {logging_mixin.py:137} INFO - [2024-11-23T03:14:52.339+0000] {dag.py:3441} INFO - Setting next_dagrun for example_time_delta_sensor_async to None, run_after=None
[2024-11-23T03:14:52.358+0000] {processor.py:175} INFO - Processing /home/airflow/.local/lib/python3.7/site-packages/airflow/example_dags/example_time_delta_sensor_async.py took 0.069 seconds
[2024-11-23T03:15:23.118+0000] {processor.py:153} INFO - Started process (PID=1565) to work on /home/airflow/.local/lib/python3.7/site-packages/airflow/example_dags/example_time_delta_sensor_async.py
[2024-11-23T03:15:23.120+0000] {processor.py:743} INFO - Processing file /home/airflow/.local/lib/python3.7/site-packages/airflow/example_dags/example_time_delta_sensor_async.py for tasks to queue
[2024-11-23T03:15:23.121+0000] {logging_mixin.py:137} INFO - [2024-11-23T03:15:23.121+0000] {dagbag.py:538} INFO - Filling up the DagBag from /home/airflow/.local/lib/python3.7/site-packages/airflow/example_dags/example_time_delta_sensor_async.py
[2024-11-23T03:15:23.134+0000] {processor.py:753} INFO - DAG(s) dict_keys(['example_time_delta_sensor_async']) retrieved from /home/airflow/.local/lib/python3.7/site-packages/airflow/example_dags/example_time_delta_sensor_async.py
[2024-11-23T03:15:23.157+0000] {logging_mixin.py:137} INFO - [2024-11-23T03:15:23.156+0000] {dag.py:2690} INFO - Sync 1 DAGs
[2024-11-23T03:15:23.180+0000] {logging_mixin.py:137} INFO - [2024-11-23T03:15:23.180+0000] {dag.py:3441} INFO - Setting next_dagrun for example_time_delta_sensor_async to None, run_after=None
[2024-11-23T03:15:23.197+0000] {processor.py:175} INFO - Processing /home/airflow/.local/lib/python3.7/site-packages/airflow/example_dags/example_time_delta_sensor_async.py took 0.081 seconds
[2024-11-23T03:15:53.331+0000] {processor.py:153} INFO - Started process (PID=1639) to work on /home/airflow/.local/lib/python3.7/site-packages/airflow/example_dags/example_time_delta_sensor_async.py
[2024-11-23T03:15:53.331+0000] {processor.py:743} INFO - Processing file /home/airflow/.local/lib/python3.7/site-packages/airflow/example_dags/example_time_delta_sensor_async.py for tasks to queue
[2024-11-23T03:15:53.332+0000] {logging_mixin.py:137} INFO - [2024-11-23T03:15:53.332+0000] {dagbag.py:538} INFO - Filling up the DagBag from /home/airflow/.local/lib/python3.7/site-packages/airflow/example_dags/example_time_delta_sensor_async.py
[2024-11-23T03:15:53.340+0000] {processor.py:753} INFO - DAG(s) dict_keys(['example_time_delta_sensor_async']) retrieved from /home/airflow/.local/lib/python3.7/site-packages/airflow/example_dags/example_time_delta_sensor_async.py
[2024-11-23T03:15:53.362+0000] {logging_mixin.py:137} INFO - [2024-11-23T03:15:53.362+0000] {dag.py:2690} INFO - Sync 1 DAGs
[2024-11-23T03:15:53.382+0000] {logging_mixin.py:137} INFO - [2024-11-23T03:15:53.382+0000] {dag.py:3441} INFO - Setting next_dagrun for example_time_delta_sensor_async to None, run_after=None
[2024-11-23T03:15:53.394+0000] {processor.py:175} INFO - Processing /home/airflow/.local/lib/python3.7/site-packages/airflow/example_dags/example_time_delta_sensor_async.py took 0.066 seconds
[2024-11-23T03:16:23.561+0000] {processor.py:153} INFO - Started process (PID=1729) to work on /home/airflow/.local/lib/python3.7/site-packages/airflow/example_dags/example_time_delta_sensor_async.py
[2024-11-23T03:16:23.562+0000] {processor.py:743} INFO - Processing file /home/airflow/.local/lib/python3.7/site-packages/airflow/example_dags/example_time_delta_sensor_async.py for tasks to queue
[2024-11-23T03:16:23.562+0000] {logging_mixin.py:137} INFO - [2024-11-23T03:16:23.562+0000] {dagbag.py:538} INFO - Filling up the DagBag from /home/airflow/.local/lib/python3.7/site-packages/airflow/example_dags/example_time_delta_sensor_async.py
[2024-11-23T03:16:23.571+0000] {processor.py:753} INFO - DAG(s) dict_keys(['example_time_delta_sensor_async']) retrieved from /home/airflow/.local/lib/python3.7/site-packages/airflow/example_dags/example_time_delta_sensor_async.py
[2024-11-23T03:16:23.591+0000] {logging_mixin.py:137} INFO - [2024-11-23T03:16:23.591+0000] {dag.py:2690} INFO - Sync 1 DAGs
[2024-11-23T03:16:23.613+0000] {logging_mixin.py:137} INFO - [2024-11-23T03:16:23.613+0000] {dag.py:3441} INFO - Setting next_dagrun for example_time_delta_sensor_async to None, run_after=None
[2024-11-23T03:16:23.641+0000] {processor.py:175} INFO - Processing /home/airflow/.local/lib/python3.7/site-packages/airflow/example_dags/example_time_delta_sensor_async.py took 0.083 seconds
[2024-11-23T03:16:53.813+0000] {processor.py:153} INFO - Started process (PID=1803) to work on /home/airflow/.local/lib/python3.7/site-packages/airflow/example_dags/example_time_delta_sensor_async.py
[2024-11-23T03:16:53.814+0000] {processor.py:743} INFO - Processing file /home/airflow/.local/lib/python3.7/site-packages/airflow/example_dags/example_time_delta_sensor_async.py for tasks to queue
[2024-11-23T03:16:53.814+0000] {logging_mixin.py:137} INFO - [2024-11-23T03:16:53.814+0000] {dagbag.py:538} INFO - Filling up the DagBag from /home/airflow/.local/lib/python3.7/site-packages/airflow/example_dags/example_time_delta_sensor_async.py
[2024-11-23T03:16:53.825+0000] {processor.py:753} INFO - DAG(s) dict_keys(['example_time_delta_sensor_async']) retrieved from /home/airflow/.local/lib/python3.7/site-packages/airflow/example_dags/example_time_delta_sensor_async.py
[2024-11-23T03:16:53.848+0000] {logging_mixin.py:137} INFO - [2024-11-23T03:16:53.848+0000] {dag.py:2690} INFO - Sync 1 DAGs
[2024-11-23T03:16:53.867+0000] {logging_mixin.py:137} INFO - [2024-11-23T03:16:53.867+0000] {dag.py:3441} INFO - Setting next_dagrun for example_time_delta_sensor_async to None, run_after=None
[2024-11-23T03:16:53.880+0000] {processor.py:175} INFO - Processing /home/airflow/.local/lib/python3.7/site-packages/airflow/example_dags/example_time_delta_sensor_async.py took 0.070 seconds
[2024-11-23T03:17:23.951+0000] {processor.py:153} INFO - Started process (PID=1893) to work on /home/airflow/.local/lib/python3.7/site-packages/airflow/example_dags/example_time_delta_sensor_async.py
[2024-11-23T03:17:23.952+0000] {processor.py:743} INFO - Processing file /home/airflow/.local/lib/python3.7/site-packages/airflow/example_dags/example_time_delta_sensor_async.py for tasks to queue
[2024-11-23T03:17:23.952+0000] {logging_mixin.py:137} INFO - [2024-11-23T03:17:23.952+0000] {dagbag.py:538} INFO - Filling up the DagBag from /home/airflow/.local/lib/python3.7/site-packages/airflow/example_dags/example_time_delta_sensor_async.py
[2024-11-23T03:17:23.961+0000] {processor.py:753} INFO - DAG(s) dict_keys(['example_time_delta_sensor_async']) retrieved from /home/airflow/.local/lib/python3.7/site-packages/airflow/example_dags/example_time_delta_sensor_async.py
[2024-11-23T03:17:23.980+0000] {logging_mixin.py:137} INFO - [2024-11-23T03:17:23.980+0000] {dag.py:2690} INFO - Sync 1 DAGs
[2024-11-23T03:17:23.998+0000] {logging_mixin.py:137} INFO - [2024-11-23T03:17:23.998+0000] {dag.py:3441} INFO - Setting next_dagrun for example_time_delta_sensor_async to None, run_after=None
[2024-11-23T03:17:24.010+0000] {processor.py:175} INFO - Processing /home/airflow/.local/lib/python3.7/site-packages/airflow/example_dags/example_time_delta_sensor_async.py took 0.061 seconds
[2024-11-23T03:17:54.060+0000] {processor.py:153} INFO - Started process (PID=1966) to work on /home/airflow/.local/lib/python3.7/site-packages/airflow/example_dags/example_time_delta_sensor_async.py
[2024-11-23T03:17:54.062+0000] {processor.py:743} INFO - Processing file /home/airflow/.local/lib/python3.7/site-packages/airflow/example_dags/example_time_delta_sensor_async.py for tasks to queue
[2024-11-23T03:17:54.063+0000] {logging_mixin.py:137} INFO - [2024-11-23T03:17:54.063+0000] {dagbag.py:538} INFO - Filling up the DagBag from /home/airflow/.local/lib/python3.7/site-packages/airflow/example_dags/example_time_delta_sensor_async.py
[2024-11-23T03:17:54.072+0000] {processor.py:753} INFO - DAG(s) dict_keys(['example_time_delta_sensor_async']) retrieved from /home/airflow/.local/lib/python3.7/site-packages/airflow/example_dags/example_time_delta_sensor_async.py
[2024-11-23T03:17:54.095+0000] {logging_mixin.py:137} INFO - [2024-11-23T03:17:54.095+0000] {dag.py:2690} INFO - Sync 1 DAGs
[2024-11-23T03:17:54.113+0000] {logging_mixin.py:137} INFO - [2024-11-23T03:17:54.113+0000] {dag.py:3441} INFO - Setting next_dagrun for example_time_delta_sensor_async to None, run_after=None
[2024-11-23T03:17:54.124+0000] {processor.py:175} INFO - Processing /home/airflow/.local/lib/python3.7/site-packages/airflow/example_dags/example_time_delta_sensor_async.py took 0.066 seconds
[2024-11-23T03:18:24.524+0000] {processor.py:153} INFO - Started process (PID=2055) to work on /home/airflow/.local/lib/python3.7/site-packages/airflow/example_dags/example_time_delta_sensor_async.py
[2024-11-23T03:18:24.526+0000] {processor.py:743} INFO - Processing file /home/airflow/.local/lib/python3.7/site-packages/airflow/example_dags/example_time_delta_sensor_async.py for tasks to queue
[2024-11-23T03:18:24.527+0000] {logging_mixin.py:137} INFO - [2024-11-23T03:18:24.527+0000] {dagbag.py:538} INFO - Filling up the DagBag from /home/airflow/.local/lib/python3.7/site-packages/airflow/example_dags/example_time_delta_sensor_async.py
[2024-11-23T03:18:24.540+0000] {processor.py:753} INFO - DAG(s) dict_keys(['example_time_delta_sensor_async']) retrieved from /home/airflow/.local/lib/python3.7/site-packages/airflow/example_dags/example_time_delta_sensor_async.py
[2024-11-23T03:18:24.562+0000] {logging_mixin.py:137} INFO - [2024-11-23T03:18:24.562+0000] {dag.py:2690} INFO - Sync 1 DAGs
[2024-11-23T03:18:24.579+0000] {logging_mixin.py:137} INFO - [2024-11-23T03:18:24.579+0000] {dag.py:3441} INFO - Setting next_dagrun for example_time_delta_sensor_async to None, run_after=None
[2024-11-23T03:18:24.593+0000] {processor.py:175} INFO - Processing /home/airflow/.local/lib/python3.7/site-packages/airflow/example_dags/example_time_delta_sensor_async.py took 0.072 seconds
[2024-11-23T03:18:54.616+0000] {processor.py:153} INFO - Started process (PID=2129) to work on /home/airflow/.local/lib/python3.7/site-packages/airflow/example_dags/example_time_delta_sensor_async.py
[2024-11-23T03:18:54.619+0000] {processor.py:743} INFO - Processing file /home/airflow/.local/lib/python3.7/site-packages/airflow/example_dags/example_time_delta_sensor_async.py for tasks to queue
[2024-11-23T03:18:54.619+0000] {logging_mixin.py:137} INFO - [2024-11-23T03:18:54.619+0000] {dagbag.py:538} INFO - Filling up the DagBag from /home/airflow/.local/lib/python3.7/site-packages/airflow/example_dags/example_time_delta_sensor_async.py
[2024-11-23T03:18:54.628+0000] {processor.py:753} INFO - DAG(s) dict_keys(['example_time_delta_sensor_async']) retrieved from /home/airflow/.local/lib/python3.7/site-packages/airflow/example_dags/example_time_delta_sensor_async.py
[2024-11-23T03:18:54.647+0000] {logging_mixin.py:137} INFO - [2024-11-23T03:18:54.647+0000] {dag.py:2690} INFO - Sync 1 DAGs
[2024-11-23T03:18:54.666+0000] {logging_mixin.py:137} INFO - [2024-11-23T03:18:54.666+0000] {dag.py:3441} INFO - Setting next_dagrun for example_time_delta_sensor_async to None, run_after=None
[2024-11-23T03:18:54.679+0000] {processor.py:175} INFO - Processing /home/airflow/.local/lib/python3.7/site-packages/airflow/example_dags/example_time_delta_sensor_async.py took 0.067 seconds
[2024-11-23T03:19:25.039+0000] {processor.py:153} INFO - Started process (PID=2218) to work on /home/airflow/.local/lib/python3.7/site-packages/airflow/example_dags/example_time_delta_sensor_async.py
[2024-11-23T03:19:25.044+0000] {processor.py:743} INFO - Processing file /home/airflow/.local/lib/python3.7/site-packages/airflow/example_dags/example_time_delta_sensor_async.py for tasks to queue
[2024-11-23T03:19:25.045+0000] {logging_mixin.py:137} INFO - [2024-11-23T03:19:25.045+0000] {dagbag.py:538} INFO - Filling up the DagBag from /home/airflow/.local/lib/python3.7/site-packages/airflow/example_dags/example_time_delta_sensor_async.py
[2024-11-23T03:19:25.063+0000] {processor.py:753} INFO - DAG(s) dict_keys(['example_time_delta_sensor_async']) retrieved from /home/airflow/.local/lib/python3.7/site-packages/airflow/example_dags/example_time_delta_sensor_async.py
[2024-11-23T03:19:25.101+0000] {logging_mixin.py:137} INFO - [2024-11-23T03:19:25.101+0000] {dag.py:2690} INFO - Sync 1 DAGs
[2024-11-23T03:19:25.137+0000] {logging_mixin.py:137} INFO - [2024-11-23T03:19:25.137+0000] {dag.py:3441} INFO - Setting next_dagrun for example_time_delta_sensor_async to None, run_after=None
[2024-11-23T03:19:25.159+0000] {processor.py:175} INFO - Processing /home/airflow/.local/lib/python3.7/site-packages/airflow/example_dags/example_time_delta_sensor_async.py took 0.124 seconds
[2024-11-23T03:19:56.114+0000] {processor.py:153} INFO - Started process (PID=2308) to work on /home/airflow/.local/lib/python3.7/site-packages/airflow/example_dags/example_time_delta_sensor_async.py
[2024-11-23T03:19:56.115+0000] {processor.py:743} INFO - Processing file /home/airflow/.local/lib/python3.7/site-packages/airflow/example_dags/example_time_delta_sensor_async.py for tasks to queue
[2024-11-23T03:19:56.116+0000] {logging_mixin.py:137} INFO - [2024-11-23T03:19:56.116+0000] {dagbag.py:538} INFO - Filling up the DagBag from /home/airflow/.local/lib/python3.7/site-packages/airflow/example_dags/example_time_delta_sensor_async.py
[2024-11-23T03:19:56.127+0000] {processor.py:753} INFO - DAG(s) dict_keys(['example_time_delta_sensor_async']) retrieved from /home/airflow/.local/lib/python3.7/site-packages/airflow/example_dags/example_time_delta_sensor_async.py
[2024-11-23T03:19:56.152+0000] {logging_mixin.py:137} INFO - [2024-11-23T03:19:56.151+0000] {dag.py:2690} INFO - Sync 1 DAGs
[2024-11-23T03:19:56.174+0000] {logging_mixin.py:137} INFO - [2024-11-23T03:19:56.174+0000] {dag.py:3441} INFO - Setting next_dagrun for example_time_delta_sensor_async to None, run_after=None
[2024-11-23T03:19:56.189+0000] {processor.py:175} INFO - Processing /home/airflow/.local/lib/python3.7/site-packages/airflow/example_dags/example_time_delta_sensor_async.py took 0.081 seconds
