[2024-11-23T02:53:04.355+0000] {processor.py:153} INFO - Started process (PID=86) to work on /home/airflow/.local/lib/python3.7/site-packages/airflow/example_dags/example_sla_dag.py
[2024-11-23T02:53:04.357+0000] {processor.py:743} INFO - Processing file /home/airflow/.local/lib/python3.7/site-packages/airflow/example_dags/example_sla_dag.py for tasks to queue
[2024-11-23T02:53:04.359+0000] {logging_mixin.py:137} INFO - [2024-11-23T02:53:04.359+0000] {dagbag.py:538} INFO - Filling up the DagBag from /home/airflow/.local/lib/python3.7/site-packages/airflow/example_dags/example_sla_dag.py
[2024-11-23T02:53:04.418+0000] {processor.py:753} INFO - DAG(s) dict_keys(['example_sla_dag']) retrieved from /home/airflow/.local/lib/python3.7/site-packages/airflow/example_dags/example_sla_dag.py
[2024-11-23T02:53:04.462+0000] {logging_mixin.py:137} INFO - [2024-11-23T02:53:04.461+0000] {dag.py:2690} INFO - Sync 1 DAGs
[2024-11-23T02:53:04.532+0000] {logging_mixin.py:137} INFO - [2024-11-23T02:53:04.531+0000] {dag.py:3441} INFO - Setting next_dagrun for example_sla_dag to 2024-11-23T02:50:00+00:00, run_after=2024-11-23T02:52:00+00:00
[2024-11-23T02:53:04.566+0000] {processor.py:175} INFO - Processing /home/airflow/.local/lib/python3.7/site-packages/airflow/example_dags/example_sla_dag.py took 0.217 seconds
[2024-11-23T02:53:35.422+0000] {processor.py:153} INFO - Started process (PID=160) to work on /home/airflow/.local/lib/python3.7/site-packages/airflow/example_dags/example_sla_dag.py
[2024-11-23T02:53:35.423+0000] {processor.py:743} INFO - Processing file /home/airflow/.local/lib/python3.7/site-packages/airflow/example_dags/example_sla_dag.py for tasks to queue
[2024-11-23T02:53:35.424+0000] {logging_mixin.py:137} INFO - [2024-11-23T02:53:35.424+0000] {dagbag.py:538} INFO - Filling up the DagBag from /home/airflow/.local/lib/python3.7/site-packages/airflow/example_dags/example_sla_dag.py
[2024-11-23T02:53:35.443+0000] {processor.py:753} INFO - DAG(s) dict_keys(['example_sla_dag']) retrieved from /home/airflow/.local/lib/python3.7/site-packages/airflow/example_dags/example_sla_dag.py
[2024-11-23T02:53:35.463+0000] {logging_mixin.py:137} INFO - [2024-11-23T02:53:35.463+0000] {dag.py:2690} INFO - Sync 1 DAGs
[2024-11-23T02:53:35.485+0000] {logging_mixin.py:137} INFO - [2024-11-23T02:53:35.485+0000] {dag.py:3441} INFO - Setting next_dagrun for example_sla_dag to 2024-11-23T02:50:00+00:00, run_after=2024-11-23T02:52:00+00:00
[2024-11-23T02:53:35.499+0000] {processor.py:175} INFO - Processing /home/airflow/.local/lib/python3.7/site-packages/airflow/example_dags/example_sla_dag.py took 0.082 seconds
[2024-11-23T02:54:06.280+0000] {processor.py:153} INFO - Started process (PID=250) to work on /home/airflow/.local/lib/python3.7/site-packages/airflow/example_dags/example_sla_dag.py
[2024-11-23T02:54:06.282+0000] {processor.py:743} INFO - Processing file /home/airflow/.local/lib/python3.7/site-packages/airflow/example_dags/example_sla_dag.py for tasks to queue
[2024-11-23T02:54:06.283+0000] {logging_mixin.py:137} INFO - [2024-11-23T02:54:06.283+0000] {dagbag.py:538} INFO - Filling up the DagBag from /home/airflow/.local/lib/python3.7/site-packages/airflow/example_dags/example_sla_dag.py
[2024-11-23T02:54:06.330+0000] {processor.py:753} INFO - DAG(s) dict_keys(['example_sla_dag']) retrieved from /home/airflow/.local/lib/python3.7/site-packages/airflow/example_dags/example_sla_dag.py
[2024-11-23T02:54:06.374+0000] {logging_mixin.py:137} INFO - [2024-11-23T02:54:06.374+0000] {dag.py:2690} INFO - Sync 1 DAGs
[2024-11-23T02:54:06.418+0000] {logging_mixin.py:137} INFO - [2024-11-23T02:54:06.418+0000] {dag.py:3441} INFO - Setting next_dagrun for example_sla_dag to 2024-11-23T02:52:00+00:00, run_after=2024-11-23T02:54:00+00:00
[2024-11-23T02:54:06.451+0000] {processor.py:175} INFO - Processing /home/airflow/.local/lib/python3.7/site-packages/airflow/example_dags/example_sla_dag.py took 0.182 seconds
[2024-11-23T02:54:37.138+0000] {processor.py:153} INFO - Started process (PID=324) to work on /home/airflow/.local/lib/python3.7/site-packages/airflow/example_dags/example_sla_dag.py
[2024-11-23T02:54:37.140+0000] {processor.py:743} INFO - Processing file /home/airflow/.local/lib/python3.7/site-packages/airflow/example_dags/example_sla_dag.py for tasks to queue
[2024-11-23T02:54:37.140+0000] {logging_mixin.py:137} INFO - [2024-11-23T02:54:37.140+0000] {dagbag.py:538} INFO - Filling up the DagBag from /home/airflow/.local/lib/python3.7/site-packages/airflow/example_dags/example_sla_dag.py
[2024-11-23T02:54:37.158+0000] {processor.py:753} INFO - DAG(s) dict_keys(['example_sla_dag']) retrieved from /home/airflow/.local/lib/python3.7/site-packages/airflow/example_dags/example_sla_dag.py
[2024-11-23T02:54:37.184+0000] {logging_mixin.py:137} INFO - [2024-11-23T02:54:37.184+0000] {dag.py:2690} INFO - Sync 1 DAGs
[2024-11-23T02:54:37.212+0000] {logging_mixin.py:137} INFO - [2024-11-23T02:54:37.212+0000] {dag.py:3441} INFO - Setting next_dagrun for example_sla_dag to 2024-11-23T02:52:00+00:00, run_after=2024-11-23T02:54:00+00:00
[2024-11-23T02:54:37.229+0000] {processor.py:175} INFO - Processing /home/airflow/.local/lib/python3.7/site-packages/airflow/example_dags/example_sla_dag.py took 0.095 seconds
[2024-11-23T02:55:31.458+0000] {processor.py:153} INFO - Started process (PID=86) to work on /home/airflow/.local/lib/python3.7/site-packages/airflow/example_dags/example_sla_dag.py
[2024-11-23T02:55:31.460+0000] {processor.py:743} INFO - Processing file /home/airflow/.local/lib/python3.7/site-packages/airflow/example_dags/example_sla_dag.py for tasks to queue
[2024-11-23T02:55:31.466+0000] {logging_mixin.py:137} INFO - [2024-11-23T02:55:31.463+0000] {dagbag.py:538} INFO - Filling up the DagBag from /home/airflow/.local/lib/python3.7/site-packages/airflow/example_dags/example_sla_dag.py
[2024-11-23T02:55:31.520+0000] {processor.py:753} INFO - DAG(s) dict_keys(['example_sla_dag']) retrieved from /home/airflow/.local/lib/python3.7/site-packages/airflow/example_dags/example_sla_dag.py
[2024-11-23T02:55:31.558+0000] {logging_mixin.py:137} INFO - [2024-11-23T02:55:31.557+0000] {dag.py:2690} INFO - Sync 1 DAGs
[2024-11-23T02:55:31.636+0000] {logging_mixin.py:137} INFO - [2024-11-23T02:55:31.636+0000] {dag.py:3441} INFO - Setting next_dagrun for example_sla_dag to 2024-11-23T02:52:00+00:00, run_after=2024-11-23T02:54:00+00:00
[2024-11-23T02:55:31.840+0000] {processor.py:175} INFO - Processing /home/airflow/.local/lib/python3.7/site-packages/airflow/example_dags/example_sla_dag.py took 0.390 seconds
[2024-11-23T02:56:03.827+0000] {processor.py:153} INFO - Started process (PID=160) to work on /home/airflow/.local/lib/python3.7/site-packages/airflow/example_dags/example_sla_dag.py
[2024-11-23T02:56:03.828+0000] {processor.py:743} INFO - Processing file /home/airflow/.local/lib/python3.7/site-packages/airflow/example_dags/example_sla_dag.py for tasks to queue
[2024-11-23T02:56:03.829+0000] {logging_mixin.py:137} INFO - [2024-11-23T02:56:03.829+0000] {dagbag.py:538} INFO - Filling up the DagBag from /home/airflow/.local/lib/python3.7/site-packages/airflow/example_dags/example_sla_dag.py
[2024-11-23T02:56:03.854+0000] {processor.py:753} INFO - DAG(s) dict_keys(['example_sla_dag']) retrieved from /home/airflow/.local/lib/python3.7/site-packages/airflow/example_dags/example_sla_dag.py
[2024-11-23T02:56:03.886+0000] {logging_mixin.py:137} INFO - [2024-11-23T02:56:03.885+0000] {dag.py:2690} INFO - Sync 1 DAGs
[2024-11-23T02:56:03.911+0000] {logging_mixin.py:137} INFO - [2024-11-23T02:56:03.910+0000] {dag.py:3441} INFO - Setting next_dagrun for example_sla_dag to 2024-11-23T02:54:00+00:00, run_after=2024-11-23T02:56:00+00:00
[2024-11-23T02:56:03.922+0000] {processor.py:175} INFO - Processing /home/airflow/.local/lib/python3.7/site-packages/airflow/example_dags/example_sla_dag.py took 0.100 seconds
[2024-11-23T02:56:34.350+0000] {processor.py:153} INFO - Started process (PID=250) to work on /home/airflow/.local/lib/python3.7/site-packages/airflow/example_dags/example_sla_dag.py
[2024-11-23T02:56:34.351+0000] {processor.py:743} INFO - Processing file /home/airflow/.local/lib/python3.7/site-packages/airflow/example_dags/example_sla_dag.py for tasks to queue
[2024-11-23T02:56:34.351+0000] {logging_mixin.py:137} INFO - [2024-11-23T02:56:34.351+0000] {dagbag.py:538} INFO - Filling up the DagBag from /home/airflow/.local/lib/python3.7/site-packages/airflow/example_dags/example_sla_dag.py
[2024-11-23T02:56:34.369+0000] {processor.py:753} INFO - DAG(s) dict_keys(['example_sla_dag']) retrieved from /home/airflow/.local/lib/python3.7/site-packages/airflow/example_dags/example_sla_dag.py
[2024-11-23T02:56:34.391+0000] {logging_mixin.py:137} INFO - [2024-11-23T02:56:34.391+0000] {dag.py:2690} INFO - Sync 1 DAGs
[2024-11-23T02:56:34.413+0000] {logging_mixin.py:137} INFO - [2024-11-23T02:56:34.413+0000] {dag.py:3441} INFO - Setting next_dagrun for example_sla_dag to 2024-11-23T02:54:00+00:00, run_after=2024-11-23T02:56:00+00:00
[2024-11-23T02:56:34.430+0000] {processor.py:175} INFO - Processing /home/airflow/.local/lib/python3.7/site-packages/airflow/example_dags/example_sla_dag.py took 0.083 seconds
[2024-11-23T02:57:05.161+0000] {processor.py:153} INFO - Started process (PID=324) to work on /home/airflow/.local/lib/python3.7/site-packages/airflow/example_dags/example_sla_dag.py
[2024-11-23T02:57:05.162+0000] {processor.py:743} INFO - Processing file /home/airflow/.local/lib/python3.7/site-packages/airflow/example_dags/example_sla_dag.py for tasks to queue
[2024-11-23T02:57:05.163+0000] {logging_mixin.py:137} INFO - [2024-11-23T02:57:05.163+0000] {dagbag.py:538} INFO - Filling up the DagBag from /home/airflow/.local/lib/python3.7/site-packages/airflow/example_dags/example_sla_dag.py
[2024-11-23T02:57:05.181+0000] {processor.py:753} INFO - DAG(s) dict_keys(['example_sla_dag']) retrieved from /home/airflow/.local/lib/python3.7/site-packages/airflow/example_dags/example_sla_dag.py
[2024-11-23T02:57:05.204+0000] {logging_mixin.py:137} INFO - [2024-11-23T02:57:05.204+0000] {dag.py:2690} INFO - Sync 1 DAGs
[2024-11-23T02:57:05.224+0000] {logging_mixin.py:137} INFO - [2024-11-23T02:57:05.223+0000] {dag.py:3441} INFO - Setting next_dagrun for example_sla_dag to 2024-11-23T02:54:00+00:00, run_after=2024-11-23T02:56:00+00:00
[2024-11-23T02:57:05.235+0000] {processor.py:175} INFO - Processing /home/airflow/.local/lib/python3.7/site-packages/airflow/example_dags/example_sla_dag.py took 0.077 seconds
[2024-11-23T02:57:36.313+0000] {processor.py:153} INFO - Started process (PID=414) to work on /home/airflow/.local/lib/python3.7/site-packages/airflow/example_dags/example_sla_dag.py
[2024-11-23T02:57:36.315+0000] {processor.py:743} INFO - Processing file /home/airflow/.local/lib/python3.7/site-packages/airflow/example_dags/example_sla_dag.py for tasks to queue
[2024-11-23T02:57:36.319+0000] {logging_mixin.py:137} INFO - [2024-11-23T02:57:36.319+0000] {dagbag.py:538} INFO - Filling up the DagBag from /home/airflow/.local/lib/python3.7/site-packages/airflow/example_dags/example_sla_dag.py
[2024-11-23T02:57:36.345+0000] {processor.py:753} INFO - DAG(s) dict_keys(['example_sla_dag']) retrieved from /home/airflow/.local/lib/python3.7/site-packages/airflow/example_dags/example_sla_dag.py
[2024-11-23T02:57:36.375+0000] {logging_mixin.py:137} INFO - [2024-11-23T02:57:36.375+0000] {dag.py:2690} INFO - Sync 1 DAGs
[2024-11-23T02:57:36.404+0000] {logging_mixin.py:137} INFO - [2024-11-23T02:57:36.404+0000] {dag.py:3441} INFO - Setting next_dagrun for example_sla_dag to 2024-11-23T02:54:00+00:00, run_after=2024-11-23T02:56:00+00:00
[2024-11-23T02:57:36.430+0000] {processor.py:175} INFO - Processing /home/airflow/.local/lib/python3.7/site-packages/airflow/example_dags/example_sla_dag.py took 0.121 seconds
[2024-11-23T02:58:41.657+0000] {processor.py:153} INFO - Started process (PID=85) to work on /home/airflow/.local/lib/python3.7/site-packages/airflow/example_dags/example_sla_dag.py
[2024-11-23T02:58:41.660+0000] {processor.py:743} INFO - Processing file /home/airflow/.local/lib/python3.7/site-packages/airflow/example_dags/example_sla_dag.py for tasks to queue
[2024-11-23T02:58:41.663+0000] {logging_mixin.py:137} INFO - [2024-11-23T02:58:41.662+0000] {dagbag.py:538} INFO - Filling up the DagBag from /home/airflow/.local/lib/python3.7/site-packages/airflow/example_dags/example_sla_dag.py
[2024-11-23T02:58:41.712+0000] {processor.py:753} INFO - DAG(s) dict_keys(['example_sla_dag']) retrieved from /home/airflow/.local/lib/python3.7/site-packages/airflow/example_dags/example_sla_dag.py
[2024-11-23T02:58:41.742+0000] {logging_mixin.py:137} INFO - [2024-11-23T02:58:41.742+0000] {dag.py:2690} INFO - Sync 1 DAGs
[2024-11-23T02:58:41.815+0000] {logging_mixin.py:137} INFO - [2024-11-23T02:58:41.814+0000] {dag.py:3441} INFO - Setting next_dagrun for example_sla_dag to 2024-11-23T02:56:00+00:00, run_after=2024-11-23T02:58:00+00:00
[2024-11-23T02:58:41.862+0000] {processor.py:175} INFO - Processing /home/airflow/.local/lib/python3.7/site-packages/airflow/example_dags/example_sla_dag.py took 0.209 seconds
[2024-11-23T02:59:12.528+0000] {processor.py:153} INFO - Started process (PID=159) to work on /home/airflow/.local/lib/python3.7/site-packages/airflow/example_dags/example_sla_dag.py
[2024-11-23T02:59:12.530+0000] {processor.py:743} INFO - Processing file /home/airflow/.local/lib/python3.7/site-packages/airflow/example_dags/example_sla_dag.py for tasks to queue
[2024-11-23T02:59:12.531+0000] {logging_mixin.py:137} INFO - [2024-11-23T02:59:12.531+0000] {dagbag.py:538} INFO - Filling up the DagBag from /home/airflow/.local/lib/python3.7/site-packages/airflow/example_dags/example_sla_dag.py
[2024-11-23T02:59:12.563+0000] {processor.py:753} INFO - DAG(s) dict_keys(['example_sla_dag']) retrieved from /home/airflow/.local/lib/python3.7/site-packages/airflow/example_dags/example_sla_dag.py
[2024-11-23T02:59:12.596+0000] {logging_mixin.py:137} INFO - [2024-11-23T02:59:12.596+0000] {dag.py:2690} INFO - Sync 1 DAGs
[2024-11-23T02:59:12.623+0000] {logging_mixin.py:137} INFO - [2024-11-23T02:59:12.623+0000] {dag.py:3441} INFO - Setting next_dagrun for example_sla_dag to 2024-11-23T02:56:00+00:00, run_after=2024-11-23T02:58:00+00:00
[2024-11-23T02:59:12.637+0000] {processor.py:175} INFO - Processing /home/airflow/.local/lib/python3.7/site-packages/airflow/example_dags/example_sla_dag.py took 0.114 seconds
[2024-11-23T02:59:42.984+0000] {processor.py:153} INFO - Started process (PID=249) to work on /home/airflow/.local/lib/python3.7/site-packages/airflow/example_dags/example_sla_dag.py
[2024-11-23T02:59:42.985+0000] {processor.py:743} INFO - Processing file /home/airflow/.local/lib/python3.7/site-packages/airflow/example_dags/example_sla_dag.py for tasks to queue
[2024-11-23T02:59:42.986+0000] {logging_mixin.py:137} INFO - [2024-11-23T02:59:42.986+0000] {dagbag.py:538} INFO - Filling up the DagBag from /home/airflow/.local/lib/python3.7/site-packages/airflow/example_dags/example_sla_dag.py
[2024-11-23T02:59:43.006+0000] {processor.py:753} INFO - DAG(s) dict_keys(['example_sla_dag']) retrieved from /home/airflow/.local/lib/python3.7/site-packages/airflow/example_dags/example_sla_dag.py
[2024-11-23T02:59:43.026+0000] {logging_mixin.py:137} INFO - [2024-11-23T02:59:43.026+0000] {dag.py:2690} INFO - Sync 1 DAGs
[2024-11-23T02:59:43.055+0000] {logging_mixin.py:137} INFO - [2024-11-23T02:59:43.055+0000] {dag.py:3441} INFO - Setting next_dagrun for example_sla_dag to 2024-11-23T02:56:00+00:00, run_after=2024-11-23T02:58:00+00:00
[2024-11-23T02:59:43.079+0000] {processor.py:175} INFO - Processing /home/airflow/.local/lib/python3.7/site-packages/airflow/example_dags/example_sla_dag.py took 0.098 seconds
[2024-11-23T03:00:13.361+0000] {processor.py:153} INFO - Started process (PID=323) to work on /home/airflow/.local/lib/python3.7/site-packages/airflow/example_dags/example_sla_dag.py
[2024-11-23T03:00:13.361+0000] {processor.py:743} INFO - Processing file /home/airflow/.local/lib/python3.7/site-packages/airflow/example_dags/example_sla_dag.py for tasks to queue
[2024-11-23T03:00:13.362+0000] {logging_mixin.py:137} INFO - [2024-11-23T03:00:13.362+0000] {dagbag.py:538} INFO - Filling up the DagBag from /home/airflow/.local/lib/python3.7/site-packages/airflow/example_dags/example_sla_dag.py
[2024-11-23T03:00:13.385+0000] {processor.py:753} INFO - DAG(s) dict_keys(['example_sla_dag']) retrieved from /home/airflow/.local/lib/python3.7/site-packages/airflow/example_dags/example_sla_dag.py
[2024-11-23T03:00:13.408+0000] {logging_mixin.py:137} INFO - [2024-11-23T03:00:13.408+0000] {dag.py:2690} INFO - Sync 1 DAGs
[2024-11-23T03:00:13.429+0000] {logging_mixin.py:137} INFO - [2024-11-23T03:00:13.429+0000] {dag.py:3441} INFO - Setting next_dagrun for example_sla_dag to 2024-11-23T02:58:00+00:00, run_after=2024-11-23T03:00:00+00:00
[2024-11-23T03:00:13.451+0000] {processor.py:175} INFO - Processing /home/airflow/.local/lib/python3.7/site-packages/airflow/example_dags/example_sla_dag.py took 0.093 seconds
[2024-11-23T03:00:44.291+0000] {processor.py:153} INFO - Started process (PID=413) to work on /home/airflow/.local/lib/python3.7/site-packages/airflow/example_dags/example_sla_dag.py
[2024-11-23T03:00:44.291+0000] {processor.py:743} INFO - Processing file /home/airflow/.local/lib/python3.7/site-packages/airflow/example_dags/example_sla_dag.py for tasks to queue
[2024-11-23T03:00:44.292+0000] {logging_mixin.py:137} INFO - [2024-11-23T03:00:44.292+0000] {dagbag.py:538} INFO - Filling up the DagBag from /home/airflow/.local/lib/python3.7/site-packages/airflow/example_dags/example_sla_dag.py
[2024-11-23T03:00:44.310+0000] {processor.py:753} INFO - DAG(s) dict_keys(['example_sla_dag']) retrieved from /home/airflow/.local/lib/python3.7/site-packages/airflow/example_dags/example_sla_dag.py
[2024-11-23T03:00:44.329+0000] {logging_mixin.py:137} INFO - [2024-11-23T03:00:44.329+0000] {dag.py:2690} INFO - Sync 1 DAGs
[2024-11-23T03:00:44.350+0000] {logging_mixin.py:137} INFO - [2024-11-23T03:00:44.350+0000] {dag.py:3441} INFO - Setting next_dagrun for example_sla_dag to 2024-11-23T02:58:00+00:00, run_after=2024-11-23T03:00:00+00:00
[2024-11-23T03:00:44.367+0000] {processor.py:175} INFO - Processing /home/airflow/.local/lib/python3.7/site-packages/airflow/example_dags/example_sla_dag.py took 0.079 seconds
[2024-11-23T03:01:14.574+0000] {processor.py:153} INFO - Started process (PID=487) to work on /home/airflow/.local/lib/python3.7/site-packages/airflow/example_dags/example_sla_dag.py
[2024-11-23T03:01:14.575+0000] {processor.py:743} INFO - Processing file /home/airflow/.local/lib/python3.7/site-packages/airflow/example_dags/example_sla_dag.py for tasks to queue
[2024-11-23T03:01:14.576+0000] {logging_mixin.py:137} INFO - [2024-11-23T03:01:14.576+0000] {dagbag.py:538} INFO - Filling up the DagBag from /home/airflow/.local/lib/python3.7/site-packages/airflow/example_dags/example_sla_dag.py
[2024-11-23T03:01:14.595+0000] {processor.py:753} INFO - DAG(s) dict_keys(['example_sla_dag']) retrieved from /home/airflow/.local/lib/python3.7/site-packages/airflow/example_dags/example_sla_dag.py
[2024-11-23T03:01:14.618+0000] {logging_mixin.py:137} INFO - [2024-11-23T03:01:14.618+0000] {dag.py:2690} INFO - Sync 1 DAGs
[2024-11-23T03:01:14.643+0000] {logging_mixin.py:137} INFO - [2024-11-23T03:01:14.643+0000] {dag.py:3441} INFO - Setting next_dagrun for example_sla_dag to 2024-11-23T02:58:00+00:00, run_after=2024-11-23T03:00:00+00:00
[2024-11-23T03:01:14.663+0000] {processor.py:175} INFO - Processing /home/airflow/.local/lib/python3.7/site-packages/airflow/example_dags/example_sla_dag.py took 0.092 seconds
[2024-11-23T03:01:44.765+0000] {processor.py:153} INFO - Started process (PID=577) to work on /home/airflow/.local/lib/python3.7/site-packages/airflow/example_dags/example_sla_dag.py
[2024-11-23T03:01:44.766+0000] {processor.py:743} INFO - Processing file /home/airflow/.local/lib/python3.7/site-packages/airflow/example_dags/example_sla_dag.py for tasks to queue
[2024-11-23T03:01:44.768+0000] {logging_mixin.py:137} INFO - [2024-11-23T03:01:44.768+0000] {dagbag.py:538} INFO - Filling up the DagBag from /home/airflow/.local/lib/python3.7/site-packages/airflow/example_dags/example_sla_dag.py
[2024-11-23T03:01:44.787+0000] {processor.py:753} INFO - DAG(s) dict_keys(['example_sla_dag']) retrieved from /home/airflow/.local/lib/python3.7/site-packages/airflow/example_dags/example_sla_dag.py
[2024-11-23T03:01:44.807+0000] {logging_mixin.py:137} INFO - [2024-11-23T03:01:44.807+0000] {dag.py:2690} INFO - Sync 1 DAGs
[2024-11-23T03:01:44.828+0000] {logging_mixin.py:137} INFO - [2024-11-23T03:01:44.828+0000] {dag.py:3441} INFO - Setting next_dagrun for example_sla_dag to 2024-11-23T02:58:00+00:00, run_after=2024-11-23T03:00:00+00:00
[2024-11-23T03:01:44.840+0000] {processor.py:175} INFO - Processing /home/airflow/.local/lib/python3.7/site-packages/airflow/example_dags/example_sla_dag.py took 0.079 seconds
[2024-11-23T03:02:15.157+0000] {processor.py:153} INFO - Started process (PID=651) to work on /home/airflow/.local/lib/python3.7/site-packages/airflow/example_dags/example_sla_dag.py
[2024-11-23T03:02:15.158+0000] {processor.py:743} INFO - Processing file /home/airflow/.local/lib/python3.7/site-packages/airflow/example_dags/example_sla_dag.py for tasks to queue
[2024-11-23T03:02:15.159+0000] {logging_mixin.py:137} INFO - [2024-11-23T03:02:15.159+0000] {dagbag.py:538} INFO - Filling up the DagBag from /home/airflow/.local/lib/python3.7/site-packages/airflow/example_dags/example_sla_dag.py
[2024-11-23T03:02:15.175+0000] {processor.py:753} INFO - DAG(s) dict_keys(['example_sla_dag']) retrieved from /home/airflow/.local/lib/python3.7/site-packages/airflow/example_dags/example_sla_dag.py
[2024-11-23T03:02:15.194+0000] {logging_mixin.py:137} INFO - [2024-11-23T03:02:15.194+0000] {dag.py:2690} INFO - Sync 1 DAGs
[2024-11-23T03:02:15.216+0000] {logging_mixin.py:137} INFO - [2024-11-23T03:02:15.216+0000] {dag.py:3441} INFO - Setting next_dagrun for example_sla_dag to 2024-11-23T03:00:00+00:00, run_after=2024-11-23T03:02:00+00:00
[2024-11-23T03:02:15.229+0000] {processor.py:175} INFO - Processing /home/airflow/.local/lib/python3.7/site-packages/airflow/example_dags/example_sla_dag.py took 0.075 seconds
[2024-11-23T03:03:08.400+0000] {processor.py:153} INFO - Started process (PID=85) to work on /home/airflow/.local/lib/python3.7/site-packages/airflow/example_dags/example_sla_dag.py
[2024-11-23T03:03:08.402+0000] {processor.py:743} INFO - Processing file /home/airflow/.local/lib/python3.7/site-packages/airflow/example_dags/example_sla_dag.py for tasks to queue
[2024-11-23T03:03:08.403+0000] {logging_mixin.py:137} INFO - [2024-11-23T03:03:08.403+0000] {dagbag.py:538} INFO - Filling up the DagBag from /home/airflow/.local/lib/python3.7/site-packages/airflow/example_dags/example_sla_dag.py
[2024-11-23T03:03:08.461+0000] {processor.py:753} INFO - DAG(s) dict_keys(['example_sla_dag']) retrieved from /home/airflow/.local/lib/python3.7/site-packages/airflow/example_dags/example_sla_dag.py
[2024-11-23T03:03:08.482+0000] {logging_mixin.py:137} INFO - [2024-11-23T03:03:08.482+0000] {dag.py:2690} INFO - Sync 1 DAGs
[2024-11-23T03:03:08.542+0000] {logging_mixin.py:137} INFO - [2024-11-23T03:03:08.541+0000] {dag.py:3441} INFO - Setting next_dagrun for example_sla_dag to 2024-11-23T03:00:00+00:00, run_after=2024-11-23T03:02:00+00:00
[2024-11-23T03:03:08.575+0000] {processor.py:175} INFO - Processing /home/airflow/.local/lib/python3.7/site-packages/airflow/example_dags/example_sla_dag.py took 0.184 seconds
[2024-11-23T03:03:38.701+0000] {processor.py:153} INFO - Started process (PID=159) to work on /home/airflow/.local/lib/python3.7/site-packages/airflow/example_dags/example_sla_dag.py
[2024-11-23T03:03:38.701+0000] {processor.py:743} INFO - Processing file /home/airflow/.local/lib/python3.7/site-packages/airflow/example_dags/example_sla_dag.py for tasks to queue
[2024-11-23T03:03:38.702+0000] {logging_mixin.py:137} INFO - [2024-11-23T03:03:38.702+0000] {dagbag.py:538} INFO - Filling up the DagBag from /home/airflow/.local/lib/python3.7/site-packages/airflow/example_dags/example_sla_dag.py
[2024-11-23T03:03:38.717+0000] {processor.py:753} INFO - DAG(s) dict_keys(['example_sla_dag']) retrieved from /home/airflow/.local/lib/python3.7/site-packages/airflow/example_dags/example_sla_dag.py
[2024-11-23T03:03:38.734+0000] {logging_mixin.py:137} INFO - [2024-11-23T03:03:38.734+0000] {dag.py:2690} INFO - Sync 1 DAGs
[2024-11-23T03:03:38.752+0000] {logging_mixin.py:137} INFO - [2024-11-23T03:03:38.752+0000] {dag.py:3441} INFO - Setting next_dagrun for example_sla_dag to 2024-11-23T03:00:00+00:00, run_after=2024-11-23T03:02:00+00:00
[2024-11-23T03:03:38.763+0000] {processor.py:175} INFO - Processing /home/airflow/.local/lib/python3.7/site-packages/airflow/example_dags/example_sla_dag.py took 0.065 seconds
[2024-11-23T03:06:17.097+0000] {processor.py:153} INFO - Started process (PID=85) to work on /home/airflow/.local/lib/python3.7/site-packages/airflow/example_dags/example_sla_dag.py
[2024-11-23T03:06:17.098+0000] {processor.py:743} INFO - Processing file /home/airflow/.local/lib/python3.7/site-packages/airflow/example_dags/example_sla_dag.py for tasks to queue
[2024-11-23T03:06:17.099+0000] {logging_mixin.py:137} INFO - [2024-11-23T03:06:17.099+0000] {dagbag.py:538} INFO - Filling up the DagBag from /home/airflow/.local/lib/python3.7/site-packages/airflow/example_dags/example_sla_dag.py
[2024-11-23T03:06:17.125+0000] {processor.py:753} INFO - DAG(s) dict_keys(['example_sla_dag']) retrieved from /home/airflow/.local/lib/python3.7/site-packages/airflow/example_dags/example_sla_dag.py
[2024-11-23T03:06:17.141+0000] {logging_mixin.py:137} INFO - [2024-11-23T03:06:17.141+0000] {dag.py:2690} INFO - Sync 1 DAGs
[2024-11-23T03:06:17.175+0000] {logging_mixin.py:137} INFO - [2024-11-23T03:06:17.175+0000] {dag.py:3441} INFO - Setting next_dagrun for example_sla_dag to 2024-11-23T03:04:00+00:00, run_after=2024-11-23T03:06:00+00:00
[2024-11-23T03:06:17.208+0000] {processor.py:175} INFO - Processing /home/airflow/.local/lib/python3.7/site-packages/airflow/example_dags/example_sla_dag.py took 0.115 seconds
[2024-11-23T03:06:48.103+0000] {processor.py:153} INFO - Started process (PID=159) to work on /home/airflow/.local/lib/python3.7/site-packages/airflow/example_dags/example_sla_dag.py
[2024-11-23T03:06:48.106+0000] {processor.py:743} INFO - Processing file /home/airflow/.local/lib/python3.7/site-packages/airflow/example_dags/example_sla_dag.py for tasks to queue
[2024-11-23T03:06:48.108+0000] {logging_mixin.py:137} INFO - [2024-11-23T03:06:48.108+0000] {dagbag.py:538} INFO - Filling up the DagBag from /home/airflow/.local/lib/python3.7/site-packages/airflow/example_dags/example_sla_dag.py
[2024-11-23T03:06:48.158+0000] {processor.py:753} INFO - DAG(s) dict_keys(['example_sla_dag']) retrieved from /home/airflow/.local/lib/python3.7/site-packages/airflow/example_dags/example_sla_dag.py
[2024-11-23T03:06:48.222+0000] {logging_mixin.py:137} INFO - [2024-11-23T03:06:48.222+0000] {dag.py:2690} INFO - Sync 1 DAGs
[2024-11-23T03:06:48.262+0000] {logging_mixin.py:137} INFO - [2024-11-23T03:06:48.262+0000] {dag.py:3441} INFO - Setting next_dagrun for example_sla_dag to 2024-11-23T03:04:00+00:00, run_after=2024-11-23T03:06:00+00:00
[2024-11-23T03:06:48.285+0000] {processor.py:175} INFO - Processing /home/airflow/.local/lib/python3.7/site-packages/airflow/example_dags/example_sla_dag.py took 0.192 seconds
[2024-11-23T03:07:18.481+0000] {processor.py:153} INFO - Started process (PID=249) to work on /home/airflow/.local/lib/python3.7/site-packages/airflow/example_dags/example_sla_dag.py
[2024-11-23T03:07:18.482+0000] {processor.py:743} INFO - Processing file /home/airflow/.local/lib/python3.7/site-packages/airflow/example_dags/example_sla_dag.py for tasks to queue
[2024-11-23T03:07:18.483+0000] {logging_mixin.py:137} INFO - [2024-11-23T03:07:18.483+0000] {dagbag.py:538} INFO - Filling up the DagBag from /home/airflow/.local/lib/python3.7/site-packages/airflow/example_dags/example_sla_dag.py
[2024-11-23T03:07:18.501+0000] {processor.py:753} INFO - DAG(s) dict_keys(['example_sla_dag']) retrieved from /home/airflow/.local/lib/python3.7/site-packages/airflow/example_dags/example_sla_dag.py
[2024-11-23T03:07:18.524+0000] {logging_mixin.py:137} INFO - [2024-11-23T03:07:18.524+0000] {dag.py:2690} INFO - Sync 1 DAGs
[2024-11-23T03:07:18.544+0000] {logging_mixin.py:137} INFO - [2024-11-23T03:07:18.543+0000] {dag.py:3441} INFO - Setting next_dagrun for example_sla_dag to 2024-11-23T03:04:00+00:00, run_after=2024-11-23T03:06:00+00:00
[2024-11-23T03:07:18.560+0000] {processor.py:175} INFO - Processing /home/airflow/.local/lib/python3.7/site-packages/airflow/example_dags/example_sla_dag.py took 0.081 seconds
[2024-11-23T03:07:48.734+0000] {processor.py:153} INFO - Started process (PID=323) to work on /home/airflow/.local/lib/python3.7/site-packages/airflow/example_dags/example_sla_dag.py
[2024-11-23T03:07:48.735+0000] {processor.py:743} INFO - Processing file /home/airflow/.local/lib/python3.7/site-packages/airflow/example_dags/example_sla_dag.py for tasks to queue
[2024-11-23T03:07:48.736+0000] {logging_mixin.py:137} INFO - [2024-11-23T03:07:48.736+0000] {dagbag.py:538} INFO - Filling up the DagBag from /home/airflow/.local/lib/python3.7/site-packages/airflow/example_dags/example_sla_dag.py
[2024-11-23T03:07:48.755+0000] {processor.py:753} INFO - DAG(s) dict_keys(['example_sla_dag']) retrieved from /home/airflow/.local/lib/python3.7/site-packages/airflow/example_dags/example_sla_dag.py
[2024-11-23T03:07:48.779+0000] {logging_mixin.py:137} INFO - [2024-11-23T03:07:48.779+0000] {dag.py:2690} INFO - Sync 1 DAGs
[2024-11-23T03:07:48.800+0000] {logging_mixin.py:137} INFO - [2024-11-23T03:07:48.800+0000] {dag.py:3441} INFO - Setting next_dagrun for example_sla_dag to 2024-11-23T03:04:00+00:00, run_after=2024-11-23T03:06:00+00:00
[2024-11-23T03:07:48.812+0000] {processor.py:175} INFO - Processing /home/airflow/.local/lib/python3.7/site-packages/airflow/example_dags/example_sla_dag.py took 0.081 seconds
[2024-11-23T03:08:19.107+0000] {processor.py:153} INFO - Started process (PID=413) to work on /home/airflow/.local/lib/python3.7/site-packages/airflow/example_dags/example_sla_dag.py
[2024-11-23T03:08:19.108+0000] {processor.py:743} INFO - Processing file /home/airflow/.local/lib/python3.7/site-packages/airflow/example_dags/example_sla_dag.py for tasks to queue
[2024-11-23T03:08:19.109+0000] {logging_mixin.py:137} INFO - [2024-11-23T03:08:19.109+0000] {dagbag.py:538} INFO - Filling up the DagBag from /home/airflow/.local/lib/python3.7/site-packages/airflow/example_dags/example_sla_dag.py
[2024-11-23T03:08:19.128+0000] {processor.py:753} INFO - DAG(s) dict_keys(['example_sla_dag']) retrieved from /home/airflow/.local/lib/python3.7/site-packages/airflow/example_dags/example_sla_dag.py
[2024-11-23T03:08:19.148+0000] {logging_mixin.py:137} INFO - [2024-11-23T03:08:19.148+0000] {dag.py:2690} INFO - Sync 1 DAGs
[2024-11-23T03:08:19.169+0000] {logging_mixin.py:137} INFO - [2024-11-23T03:08:19.169+0000] {dag.py:3441} INFO - Setting next_dagrun for example_sla_dag to 2024-11-23T03:06:00+00:00, run_after=2024-11-23T03:08:00+00:00
[2024-11-23T03:08:19.186+0000] {processor.py:175} INFO - Processing /home/airflow/.local/lib/python3.7/site-packages/airflow/example_dags/example_sla_dag.py took 0.083 seconds
[2024-11-23T03:08:49.286+0000] {processor.py:153} INFO - Started process (PID=486) to work on /home/airflow/.local/lib/python3.7/site-packages/airflow/example_dags/example_sla_dag.py
[2024-11-23T03:08:49.287+0000] {processor.py:743} INFO - Processing file /home/airflow/.local/lib/python3.7/site-packages/airflow/example_dags/example_sla_dag.py for tasks to queue
[2024-11-23T03:08:49.288+0000] {logging_mixin.py:137} INFO - [2024-11-23T03:08:49.288+0000] {dagbag.py:538} INFO - Filling up the DagBag from /home/airflow/.local/lib/python3.7/site-packages/airflow/example_dags/example_sla_dag.py
[2024-11-23T03:08:49.304+0000] {processor.py:753} INFO - DAG(s) dict_keys(['example_sla_dag']) retrieved from /home/airflow/.local/lib/python3.7/site-packages/airflow/example_dags/example_sla_dag.py
[2024-11-23T03:08:49.324+0000] {logging_mixin.py:137} INFO - [2024-11-23T03:08:49.324+0000] {dag.py:2690} INFO - Sync 1 DAGs
[2024-11-23T03:08:49.347+0000] {logging_mixin.py:137} INFO - [2024-11-23T03:08:49.347+0000] {dag.py:3441} INFO - Setting next_dagrun for example_sla_dag to 2024-11-23T03:06:00+00:00, run_after=2024-11-23T03:08:00+00:00
[2024-11-23T03:08:49.360+0000] {processor.py:175} INFO - Processing /home/airflow/.local/lib/python3.7/site-packages/airflow/example_dags/example_sla_dag.py took 0.077 seconds
[2024-11-23T03:09:19.533+0000] {processor.py:153} INFO - Started process (PID=576) to work on /home/airflow/.local/lib/python3.7/site-packages/airflow/example_dags/example_sla_dag.py
[2024-11-23T03:09:19.536+0000] {processor.py:743} INFO - Processing file /home/airflow/.local/lib/python3.7/site-packages/airflow/example_dags/example_sla_dag.py for tasks to queue
[2024-11-23T03:09:19.537+0000] {logging_mixin.py:137} INFO - [2024-11-23T03:09:19.537+0000] {dagbag.py:538} INFO - Filling up the DagBag from /home/airflow/.local/lib/python3.7/site-packages/airflow/example_dags/example_sla_dag.py
[2024-11-23T03:09:19.555+0000] {processor.py:753} INFO - DAG(s) dict_keys(['example_sla_dag']) retrieved from /home/airflow/.local/lib/python3.7/site-packages/airflow/example_dags/example_sla_dag.py
[2024-11-23T03:09:19.577+0000] {logging_mixin.py:137} INFO - [2024-11-23T03:09:19.576+0000] {dag.py:2690} INFO - Sync 1 DAGs
[2024-11-23T03:09:19.596+0000] {logging_mixin.py:137} INFO - [2024-11-23T03:09:19.596+0000] {dag.py:3441} INFO - Setting next_dagrun for example_sla_dag to 2024-11-23T03:06:00+00:00, run_after=2024-11-23T03:08:00+00:00
[2024-11-23T03:09:19.612+0000] {processor.py:175} INFO - Processing /home/airflow/.local/lib/python3.7/site-packages/airflow/example_dags/example_sla_dag.py took 0.081 seconds
[2024-11-23T03:09:49.749+0000] {processor.py:153} INFO - Started process (PID=665) to work on /home/airflow/.local/lib/python3.7/site-packages/airflow/example_dags/example_sla_dag.py
[2024-11-23T03:09:49.753+0000] {processor.py:743} INFO - Processing file /home/airflow/.local/lib/python3.7/site-packages/airflow/example_dags/example_sla_dag.py for tasks to queue
[2024-11-23T03:09:49.753+0000] {logging_mixin.py:137} INFO - [2024-11-23T03:09:49.753+0000] {dagbag.py:538} INFO - Filling up the DagBag from /home/airflow/.local/lib/python3.7/site-packages/airflow/example_dags/example_sla_dag.py
[2024-11-23T03:09:49.787+0000] {processor.py:753} INFO - DAG(s) dict_keys(['example_sla_dag']) retrieved from /home/airflow/.local/lib/python3.7/site-packages/airflow/example_dags/example_sla_dag.py
[2024-11-23T03:09:49.811+0000] {logging_mixin.py:137} INFO - [2024-11-23T03:09:49.811+0000] {dag.py:2690} INFO - Sync 1 DAGs
[2024-11-23T03:09:49.835+0000] {logging_mixin.py:137} INFO - [2024-11-23T03:09:49.835+0000] {dag.py:3441} INFO - Setting next_dagrun for example_sla_dag to 2024-11-23T03:06:00+00:00, run_after=2024-11-23T03:08:00+00:00
[2024-11-23T03:09:49.853+0000] {processor.py:175} INFO - Processing /home/airflow/.local/lib/python3.7/site-packages/airflow/example_dags/example_sla_dag.py took 0.106 seconds
[2024-11-23T03:10:19.923+0000] {processor.py:153} INFO - Started process (PID=739) to work on /home/airflow/.local/lib/python3.7/site-packages/airflow/example_dags/example_sla_dag.py
[2024-11-23T03:10:19.924+0000] {processor.py:743} INFO - Processing file /home/airflow/.local/lib/python3.7/site-packages/airflow/example_dags/example_sla_dag.py for tasks to queue
[2024-11-23T03:10:19.924+0000] {logging_mixin.py:137} INFO - [2024-11-23T03:10:19.924+0000] {dagbag.py:538} INFO - Filling up the DagBag from /home/airflow/.local/lib/python3.7/site-packages/airflow/example_dags/example_sla_dag.py
[2024-11-23T03:10:19.944+0000] {processor.py:753} INFO - DAG(s) dict_keys(['example_sla_dag']) retrieved from /home/airflow/.local/lib/python3.7/site-packages/airflow/example_dags/example_sla_dag.py
[2024-11-23T03:10:19.965+0000] {logging_mixin.py:137} INFO - [2024-11-23T03:10:19.965+0000] {dag.py:2690} INFO - Sync 1 DAGs
[2024-11-23T03:10:19.992+0000] {logging_mixin.py:137} INFO - [2024-11-23T03:10:19.992+0000] {dag.py:3441} INFO - Setting next_dagrun for example_sla_dag to 2024-11-23T03:08:00+00:00, run_after=2024-11-23T03:10:00+00:00
[2024-11-23T03:10:20.008+0000] {processor.py:175} INFO - Processing /home/airflow/.local/lib/python3.7/site-packages/airflow/example_dags/example_sla_dag.py took 0.088 seconds
[2024-11-23T03:10:50.496+0000] {processor.py:153} INFO - Started process (PID=829) to work on /home/airflow/.local/lib/python3.7/site-packages/airflow/example_dags/example_sla_dag.py
[2024-11-23T03:10:50.497+0000] {processor.py:743} INFO - Processing file /home/airflow/.local/lib/python3.7/site-packages/airflow/example_dags/example_sla_dag.py for tasks to queue
[2024-11-23T03:10:50.498+0000] {logging_mixin.py:137} INFO - [2024-11-23T03:10:50.498+0000] {dagbag.py:538} INFO - Filling up the DagBag from /home/airflow/.local/lib/python3.7/site-packages/airflow/example_dags/example_sla_dag.py
[2024-11-23T03:10:50.515+0000] {processor.py:753} INFO - DAG(s) dict_keys(['example_sla_dag']) retrieved from /home/airflow/.local/lib/python3.7/site-packages/airflow/example_dags/example_sla_dag.py
[2024-11-23T03:10:50.535+0000] {logging_mixin.py:137} INFO - [2024-11-23T03:10:50.535+0000] {dag.py:2690} INFO - Sync 1 DAGs
[2024-11-23T03:10:50.554+0000] {logging_mixin.py:137} INFO - [2024-11-23T03:10:50.554+0000] {dag.py:3441} INFO - Setting next_dagrun for example_sla_dag to 2024-11-23T03:08:00+00:00, run_after=2024-11-23T03:10:00+00:00
[2024-11-23T03:10:50.568+0000] {processor.py:175} INFO - Processing /home/airflow/.local/lib/python3.7/site-packages/airflow/example_dags/example_sla_dag.py took 0.075 seconds
[2024-11-23T03:11:20.789+0000] {processor.py:153} INFO - Started process (PID=903) to work on /home/airflow/.local/lib/python3.7/site-packages/airflow/example_dags/example_sla_dag.py
[2024-11-23T03:11:20.791+0000] {processor.py:743} INFO - Processing file /home/airflow/.local/lib/python3.7/site-packages/airflow/example_dags/example_sla_dag.py for tasks to queue
[2024-11-23T03:11:20.792+0000] {logging_mixin.py:137} INFO - [2024-11-23T03:11:20.792+0000] {dagbag.py:538} INFO - Filling up the DagBag from /home/airflow/.local/lib/python3.7/site-packages/airflow/example_dags/example_sla_dag.py
[2024-11-23T03:11:20.810+0000] {processor.py:753} INFO - DAG(s) dict_keys(['example_sla_dag']) retrieved from /home/airflow/.local/lib/python3.7/site-packages/airflow/example_dags/example_sla_dag.py
[2024-11-23T03:11:20.836+0000] {logging_mixin.py:137} INFO - [2024-11-23T03:11:20.836+0000] {dag.py:2690} INFO - Sync 1 DAGs
[2024-11-23T03:11:20.861+0000] {logging_mixin.py:137} INFO - [2024-11-23T03:11:20.861+0000] {dag.py:3441} INFO - Setting next_dagrun for example_sla_dag to 2024-11-23T03:08:00+00:00, run_after=2024-11-23T03:10:00+00:00
[2024-11-23T03:11:20.884+0000] {processor.py:175} INFO - Processing /home/airflow/.local/lib/python3.7/site-packages/airflow/example_dags/example_sla_dag.py took 0.098 seconds
[2024-11-23T03:11:51.050+0000] {processor.py:153} INFO - Started process (PID=993) to work on /home/airflow/.local/lib/python3.7/site-packages/airflow/example_dags/example_sla_dag.py
[2024-11-23T03:11:51.051+0000] {processor.py:743} INFO - Processing file /home/airflow/.local/lib/python3.7/site-packages/airflow/example_dags/example_sla_dag.py for tasks to queue
[2024-11-23T03:11:51.051+0000] {logging_mixin.py:137} INFO - [2024-11-23T03:11:51.051+0000] {dagbag.py:538} INFO - Filling up the DagBag from /home/airflow/.local/lib/python3.7/site-packages/airflow/example_dags/example_sla_dag.py
[2024-11-23T03:11:51.067+0000] {processor.py:753} INFO - DAG(s) dict_keys(['example_sla_dag']) retrieved from /home/airflow/.local/lib/python3.7/site-packages/airflow/example_dags/example_sla_dag.py
[2024-11-23T03:11:51.084+0000] {logging_mixin.py:137} INFO - [2024-11-23T03:11:51.084+0000] {dag.py:2690} INFO - Sync 1 DAGs
[2024-11-23T03:11:51.104+0000] {logging_mixin.py:137} INFO - [2024-11-23T03:11:51.103+0000] {dag.py:3441} INFO - Setting next_dagrun for example_sla_dag to 2024-11-23T03:08:00+00:00, run_after=2024-11-23T03:10:00+00:00
[2024-11-23T03:11:51.115+0000] {processor.py:175} INFO - Processing /home/airflow/.local/lib/python3.7/site-packages/airflow/example_dags/example_sla_dag.py took 0.068 seconds
[2024-11-23T03:12:21.306+0000] {processor.py:153} INFO - Started process (PID=1067) to work on /home/airflow/.local/lib/python3.7/site-packages/airflow/example_dags/example_sla_dag.py
[2024-11-23T03:12:21.306+0000] {processor.py:743} INFO - Processing file /home/airflow/.local/lib/python3.7/site-packages/airflow/example_dags/example_sla_dag.py for tasks to queue
[2024-11-23T03:12:21.307+0000] {logging_mixin.py:137} INFO - [2024-11-23T03:12:21.307+0000] {dagbag.py:538} INFO - Filling up the DagBag from /home/airflow/.local/lib/python3.7/site-packages/airflow/example_dags/example_sla_dag.py
[2024-11-23T03:12:21.322+0000] {processor.py:753} INFO - DAG(s) dict_keys(['example_sla_dag']) retrieved from /home/airflow/.local/lib/python3.7/site-packages/airflow/example_dags/example_sla_dag.py
[2024-11-23T03:12:21.338+0000] {logging_mixin.py:137} INFO - [2024-11-23T03:12:21.338+0000] {dag.py:2690} INFO - Sync 1 DAGs
[2024-11-23T03:12:21.356+0000] {logging_mixin.py:137} INFO - [2024-11-23T03:12:21.356+0000] {dag.py:3441} INFO - Setting next_dagrun for example_sla_dag to 2024-11-23T03:10:00+00:00, run_after=2024-11-23T03:12:00+00:00
[2024-11-23T03:12:21.367+0000] {processor.py:175} INFO - Processing /home/airflow/.local/lib/python3.7/site-packages/airflow/example_dags/example_sla_dag.py took 0.063 seconds
[2024-11-23T03:12:51.797+0000] {processor.py:153} INFO - Started process (PID=1157) to work on /home/airflow/.local/lib/python3.7/site-packages/airflow/example_dags/example_sla_dag.py
[2024-11-23T03:12:51.797+0000] {processor.py:743} INFO - Processing file /home/airflow/.local/lib/python3.7/site-packages/airflow/example_dags/example_sla_dag.py for tasks to queue
[2024-11-23T03:12:51.798+0000] {logging_mixin.py:137} INFO - [2024-11-23T03:12:51.798+0000] {dagbag.py:538} INFO - Filling up the DagBag from /home/airflow/.local/lib/python3.7/site-packages/airflow/example_dags/example_sla_dag.py
[2024-11-23T03:12:51.814+0000] {processor.py:753} INFO - DAG(s) dict_keys(['example_sla_dag']) retrieved from /home/airflow/.local/lib/python3.7/site-packages/airflow/example_dags/example_sla_dag.py
[2024-11-23T03:12:51.839+0000] {logging_mixin.py:137} INFO - [2024-11-23T03:12:51.839+0000] {dag.py:2690} INFO - Sync 1 DAGs
[2024-11-23T03:12:51.858+0000] {logging_mixin.py:137} INFO - [2024-11-23T03:12:51.858+0000] {dag.py:3441} INFO - Setting next_dagrun for example_sla_dag to 2024-11-23T03:10:00+00:00, run_after=2024-11-23T03:12:00+00:00
[2024-11-23T03:12:51.873+0000] {processor.py:175} INFO - Processing /home/airflow/.local/lib/python3.7/site-packages/airflow/example_dags/example_sla_dag.py took 0.078 seconds
[2024-11-23T03:13:21.971+0000] {processor.py:153} INFO - Started process (PID=1231) to work on /home/airflow/.local/lib/python3.7/site-packages/airflow/example_dags/example_sla_dag.py
[2024-11-23T03:13:21.972+0000] {processor.py:743} INFO - Processing file /home/airflow/.local/lib/python3.7/site-packages/airflow/example_dags/example_sla_dag.py for tasks to queue
[2024-11-23T03:13:21.973+0000] {logging_mixin.py:137} INFO - [2024-11-23T03:13:21.973+0000] {dagbag.py:538} INFO - Filling up the DagBag from /home/airflow/.local/lib/python3.7/site-packages/airflow/example_dags/example_sla_dag.py
[2024-11-23T03:13:21.992+0000] {processor.py:753} INFO - DAG(s) dict_keys(['example_sla_dag']) retrieved from /home/airflow/.local/lib/python3.7/site-packages/airflow/example_dags/example_sla_dag.py
[2024-11-23T03:13:22.015+0000] {logging_mixin.py:137} INFO - [2024-11-23T03:13:22.015+0000] {dag.py:2690} INFO - Sync 1 DAGs
[2024-11-23T03:13:22.036+0000] {logging_mixin.py:137} INFO - [2024-11-23T03:13:22.036+0000] {dag.py:3441} INFO - Setting next_dagrun for example_sla_dag to 2024-11-23T03:10:00+00:00, run_after=2024-11-23T03:12:00+00:00
[2024-11-23T03:13:22.051+0000] {processor.py:175} INFO - Processing /home/airflow/.local/lib/python3.7/site-packages/airflow/example_dags/example_sla_dag.py took 0.083 seconds
[2024-11-23T03:13:52.139+0000] {processor.py:153} INFO - Started process (PID=1321) to work on /home/airflow/.local/lib/python3.7/site-packages/airflow/example_dags/example_sla_dag.py
[2024-11-23T03:13:52.141+0000] {processor.py:743} INFO - Processing file /home/airflow/.local/lib/python3.7/site-packages/airflow/example_dags/example_sla_dag.py for tasks to queue
[2024-11-23T03:13:52.142+0000] {logging_mixin.py:137} INFO - [2024-11-23T03:13:52.141+0000] {dagbag.py:538} INFO - Filling up the DagBag from /home/airflow/.local/lib/python3.7/site-packages/airflow/example_dags/example_sla_dag.py
[2024-11-23T03:13:52.157+0000] {processor.py:753} INFO - DAG(s) dict_keys(['example_sla_dag']) retrieved from /home/airflow/.local/lib/python3.7/site-packages/airflow/example_dags/example_sla_dag.py
[2024-11-23T03:13:52.175+0000] {logging_mixin.py:137} INFO - [2024-11-23T03:13:52.175+0000] {dag.py:2690} INFO - Sync 1 DAGs
[2024-11-23T03:13:52.195+0000] {logging_mixin.py:137} INFO - [2024-11-23T03:13:52.195+0000] {dag.py:3441} INFO - Setting next_dagrun for example_sla_dag to 2024-11-23T03:10:00+00:00, run_after=2024-11-23T03:12:00+00:00
[2024-11-23T03:13:52.207+0000] {processor.py:175} INFO - Processing /home/airflow/.local/lib/python3.7/site-packages/airflow/example_dags/example_sla_dag.py took 0.071 seconds
[2024-11-23T03:14:22.369+0000] {processor.py:153} INFO - Started process (PID=1404) to work on /home/airflow/.local/lib/python3.7/site-packages/airflow/example_dags/example_sla_dag.py
[2024-11-23T03:14:22.370+0000] {processor.py:743} INFO - Processing file /home/airflow/.local/lib/python3.7/site-packages/airflow/example_dags/example_sla_dag.py for tasks to queue
[2024-11-23T03:14:22.371+0000] {logging_mixin.py:137} INFO - [2024-11-23T03:14:22.371+0000] {dagbag.py:538} INFO - Filling up the DagBag from /home/airflow/.local/lib/python3.7/site-packages/airflow/example_dags/example_sla_dag.py
[2024-11-23T03:14:22.397+0000] {processor.py:753} INFO - DAG(s) dict_keys(['example_sla_dag']) retrieved from /home/airflow/.local/lib/python3.7/site-packages/airflow/example_dags/example_sla_dag.py
[2024-11-23T03:14:22.421+0000] {logging_mixin.py:137} INFO - [2024-11-23T03:14:22.421+0000] {dag.py:2690} INFO - Sync 1 DAGs
[2024-11-23T03:14:22.443+0000] {logging_mixin.py:137} INFO - [2024-11-23T03:14:22.443+0000] {dag.py:3441} INFO - Setting next_dagrun for example_sla_dag to 2024-11-23T03:12:00+00:00, run_after=2024-11-23T03:14:00+00:00
[2024-11-23T03:14:22.464+0000] {processor.py:175} INFO - Processing /home/airflow/.local/lib/python3.7/site-packages/airflow/example_dags/example_sla_dag.py took 0.099 seconds
[2024-11-23T03:14:52.794+0000] {processor.py:153} INFO - Started process (PID=1485) to work on /home/airflow/.local/lib/python3.7/site-packages/airflow/example_dags/example_sla_dag.py
[2024-11-23T03:14:52.795+0000] {processor.py:743} INFO - Processing file /home/airflow/.local/lib/python3.7/site-packages/airflow/example_dags/example_sla_dag.py for tasks to queue
[2024-11-23T03:14:52.796+0000] {logging_mixin.py:137} INFO - [2024-11-23T03:14:52.796+0000] {dagbag.py:538} INFO - Filling up the DagBag from /home/airflow/.local/lib/python3.7/site-packages/airflow/example_dags/example_sla_dag.py
[2024-11-23T03:14:52.825+0000] {processor.py:753} INFO - DAG(s) dict_keys(['example_sla_dag']) retrieved from /home/airflow/.local/lib/python3.7/site-packages/airflow/example_dags/example_sla_dag.py
[2024-11-23T03:14:52.851+0000] {logging_mixin.py:137} INFO - [2024-11-23T03:14:52.851+0000] {dag.py:2690} INFO - Sync 1 DAGs
[2024-11-23T03:14:52.872+0000] {logging_mixin.py:137} INFO - [2024-11-23T03:14:52.871+0000] {dag.py:3441} INFO - Setting next_dagrun for example_sla_dag to 2024-11-23T03:12:00+00:00, run_after=2024-11-23T03:14:00+00:00
[2024-11-23T03:14:52.888+0000] {processor.py:175} INFO - Processing /home/airflow/.local/lib/python3.7/site-packages/airflow/example_dags/example_sla_dag.py took 0.100 seconds
[2024-11-23T03:15:23.744+0000] {processor.py:153} INFO - Started process (PID=1575) to work on /home/airflow/.local/lib/python3.7/site-packages/airflow/example_dags/example_sla_dag.py
[2024-11-23T03:15:23.745+0000] {processor.py:743} INFO - Processing file /home/airflow/.local/lib/python3.7/site-packages/airflow/example_dags/example_sla_dag.py for tasks to queue
[2024-11-23T03:15:23.746+0000] {logging_mixin.py:137} INFO - [2024-11-23T03:15:23.746+0000] {dagbag.py:538} INFO - Filling up the DagBag from /home/airflow/.local/lib/python3.7/site-packages/airflow/example_dags/example_sla_dag.py
[2024-11-23T03:15:23.772+0000] {processor.py:753} INFO - DAG(s) dict_keys(['example_sla_dag']) retrieved from /home/airflow/.local/lib/python3.7/site-packages/airflow/example_dags/example_sla_dag.py
[2024-11-23T03:15:23.802+0000] {logging_mixin.py:137} INFO - [2024-11-23T03:15:23.802+0000] {dag.py:2690} INFO - Sync 1 DAGs
[2024-11-23T03:15:23.830+0000] {logging_mixin.py:137} INFO - [2024-11-23T03:15:23.829+0000] {dag.py:3441} INFO - Setting next_dagrun for example_sla_dag to 2024-11-23T03:12:00+00:00, run_after=2024-11-23T03:14:00+00:00
[2024-11-23T03:15:23.846+0000] {processor.py:175} INFO - Processing /home/airflow/.local/lib/python3.7/site-packages/airflow/example_dags/example_sla_dag.py took 0.106 seconds
[2024-11-23T03:15:53.882+0000] {processor.py:153} INFO - Started process (PID=1649) to work on /home/airflow/.local/lib/python3.7/site-packages/airflow/example_dags/example_sla_dag.py
[2024-11-23T03:15:53.883+0000] {processor.py:743} INFO - Processing file /home/airflow/.local/lib/python3.7/site-packages/airflow/example_dags/example_sla_dag.py for tasks to queue
[2024-11-23T03:15:53.883+0000] {logging_mixin.py:137} INFO - [2024-11-23T03:15:53.883+0000] {dagbag.py:538} INFO - Filling up the DagBag from /home/airflow/.local/lib/python3.7/site-packages/airflow/example_dags/example_sla_dag.py
[2024-11-23T03:15:53.899+0000] {processor.py:753} INFO - DAG(s) dict_keys(['example_sla_dag']) retrieved from /home/airflow/.local/lib/python3.7/site-packages/airflow/example_dags/example_sla_dag.py
[2024-11-23T03:15:53.916+0000] {logging_mixin.py:137} INFO - [2024-11-23T03:15:53.915+0000] {dag.py:2690} INFO - Sync 1 DAGs
[2024-11-23T03:15:53.936+0000] {logging_mixin.py:137} INFO - [2024-11-23T03:15:53.936+0000] {dag.py:3441} INFO - Setting next_dagrun for example_sla_dag to 2024-11-23T03:12:00+00:00, run_after=2024-11-23T03:14:00+00:00
[2024-11-23T03:15:53.947+0000] {processor.py:175} INFO - Processing /home/airflow/.local/lib/python3.7/site-packages/airflow/example_dags/example_sla_dag.py took 0.067 seconds
[2024-11-23T03:16:24.017+0000] {processor.py:153} INFO - Started process (PID=1739) to work on /home/airflow/.local/lib/python3.7/site-packages/airflow/example_dags/example_sla_dag.py
[2024-11-23T03:16:24.017+0000] {processor.py:743} INFO - Processing file /home/airflow/.local/lib/python3.7/site-packages/airflow/example_dags/example_sla_dag.py for tasks to queue
[2024-11-23T03:16:24.018+0000] {logging_mixin.py:137} INFO - [2024-11-23T03:16:24.018+0000] {dagbag.py:538} INFO - Filling up the DagBag from /home/airflow/.local/lib/python3.7/site-packages/airflow/example_dags/example_sla_dag.py
[2024-11-23T03:16:24.034+0000] {processor.py:753} INFO - DAG(s) dict_keys(['example_sla_dag']) retrieved from /home/airflow/.local/lib/python3.7/site-packages/airflow/example_dags/example_sla_dag.py
[2024-11-23T03:16:24.051+0000] {logging_mixin.py:137} INFO - [2024-11-23T03:16:24.051+0000] {dag.py:2690} INFO - Sync 1 DAGs
[2024-11-23T03:16:24.068+0000] {logging_mixin.py:137} INFO - [2024-11-23T03:16:24.068+0000] {dag.py:3441} INFO - Setting next_dagrun for example_sla_dag to 2024-11-23T03:14:00+00:00, run_after=2024-11-23T03:16:00+00:00
[2024-11-23T03:16:24.078+0000] {processor.py:175} INFO - Processing /home/airflow/.local/lib/python3.7/site-packages/airflow/example_dags/example_sla_dag.py took 0.064 seconds
[2024-11-23T03:16:54.306+0000] {processor.py:153} INFO - Started process (PID=1813) to work on /home/airflow/.local/lib/python3.7/site-packages/airflow/example_dags/example_sla_dag.py
[2024-11-23T03:16:54.307+0000] {processor.py:743} INFO - Processing file /home/airflow/.local/lib/python3.7/site-packages/airflow/example_dags/example_sla_dag.py for tasks to queue
[2024-11-23T03:16:54.307+0000] {logging_mixin.py:137} INFO - [2024-11-23T03:16:54.307+0000] {dagbag.py:538} INFO - Filling up the DagBag from /home/airflow/.local/lib/python3.7/site-packages/airflow/example_dags/example_sla_dag.py
[2024-11-23T03:16:54.325+0000] {processor.py:753} INFO - DAG(s) dict_keys(['example_sla_dag']) retrieved from /home/airflow/.local/lib/python3.7/site-packages/airflow/example_dags/example_sla_dag.py
[2024-11-23T03:16:54.345+0000] {logging_mixin.py:137} INFO - [2024-11-23T03:16:54.345+0000] {dag.py:2690} INFO - Sync 1 DAGs
[2024-11-23T03:16:54.365+0000] {logging_mixin.py:137} INFO - [2024-11-23T03:16:54.365+0000] {dag.py:3441} INFO - Setting next_dagrun for example_sla_dag to 2024-11-23T03:14:00+00:00, run_after=2024-11-23T03:16:00+00:00
[2024-11-23T03:16:54.378+0000] {processor.py:175} INFO - Processing /home/airflow/.local/lib/python3.7/site-packages/airflow/example_dags/example_sla_dag.py took 0.075 seconds
[2024-11-23T03:17:24.431+0000] {processor.py:153} INFO - Started process (PID=1903) to work on /home/airflow/.local/lib/python3.7/site-packages/airflow/example_dags/example_sla_dag.py
[2024-11-23T03:17:24.431+0000] {processor.py:743} INFO - Processing file /home/airflow/.local/lib/python3.7/site-packages/airflow/example_dags/example_sla_dag.py for tasks to queue
[2024-11-23T03:17:24.432+0000] {logging_mixin.py:137} INFO - [2024-11-23T03:17:24.432+0000] {dagbag.py:538} INFO - Filling up the DagBag from /home/airflow/.local/lib/python3.7/site-packages/airflow/example_dags/example_sla_dag.py
[2024-11-23T03:17:24.449+0000] {processor.py:753} INFO - DAG(s) dict_keys(['example_sla_dag']) retrieved from /home/airflow/.local/lib/python3.7/site-packages/airflow/example_dags/example_sla_dag.py
[2024-11-23T03:17:24.469+0000] {logging_mixin.py:137} INFO - [2024-11-23T03:17:24.469+0000] {dag.py:2690} INFO - Sync 1 DAGs
[2024-11-23T03:17:24.490+0000] {logging_mixin.py:137} INFO - [2024-11-23T03:17:24.490+0000] {dag.py:3441} INFO - Setting next_dagrun for example_sla_dag to 2024-11-23T03:14:00+00:00, run_after=2024-11-23T03:16:00+00:00
[2024-11-23T03:17:24.503+0000] {processor.py:175} INFO - Processing /home/airflow/.local/lib/python3.7/site-packages/airflow/example_dags/example_sla_dag.py took 0.074 seconds
[2024-11-23T03:17:54.591+0000] {processor.py:153} INFO - Started process (PID=1976) to work on /home/airflow/.local/lib/python3.7/site-packages/airflow/example_dags/example_sla_dag.py
[2024-11-23T03:17:54.592+0000] {processor.py:743} INFO - Processing file /home/airflow/.local/lib/python3.7/site-packages/airflow/example_dags/example_sla_dag.py for tasks to queue
[2024-11-23T03:17:54.592+0000] {logging_mixin.py:137} INFO - [2024-11-23T03:17:54.592+0000] {dagbag.py:538} INFO - Filling up the DagBag from /home/airflow/.local/lib/python3.7/site-packages/airflow/example_dags/example_sla_dag.py
[2024-11-23T03:17:54.610+0000] {processor.py:753} INFO - DAG(s) dict_keys(['example_sla_dag']) retrieved from /home/airflow/.local/lib/python3.7/site-packages/airflow/example_dags/example_sla_dag.py
[2024-11-23T03:17:54.628+0000] {logging_mixin.py:137} INFO - [2024-11-23T03:17:54.628+0000] {dag.py:2690} INFO - Sync 1 DAGs
[2024-11-23T03:17:54.651+0000] {logging_mixin.py:137} INFO - [2024-11-23T03:17:54.651+0000] {dag.py:3441} INFO - Setting next_dagrun for example_sla_dag to 2024-11-23T03:14:00+00:00, run_after=2024-11-23T03:16:00+00:00
[2024-11-23T03:17:54.663+0000] {processor.py:175} INFO - Processing /home/airflow/.local/lib/python3.7/site-packages/airflow/example_dags/example_sla_dag.py took 0.075 seconds
[2024-11-23T03:18:25.030+0000] {processor.py:153} INFO - Started process (PID=2065) to work on /home/airflow/.local/lib/python3.7/site-packages/airflow/example_dags/example_sla_dag.py
[2024-11-23T03:18:25.031+0000] {processor.py:743} INFO - Processing file /home/airflow/.local/lib/python3.7/site-packages/airflow/example_dags/example_sla_dag.py for tasks to queue
[2024-11-23T03:18:25.032+0000] {logging_mixin.py:137} INFO - [2024-11-23T03:18:25.032+0000] {dagbag.py:538} INFO - Filling up the DagBag from /home/airflow/.local/lib/python3.7/site-packages/airflow/example_dags/example_sla_dag.py
[2024-11-23T03:18:25.050+0000] {processor.py:753} INFO - DAG(s) dict_keys(['example_sla_dag']) retrieved from /home/airflow/.local/lib/python3.7/site-packages/airflow/example_dags/example_sla_dag.py
[2024-11-23T03:18:25.067+0000] {logging_mixin.py:137} INFO - [2024-11-23T03:18:25.067+0000] {dag.py:2690} INFO - Sync 1 DAGs
[2024-11-23T03:18:25.086+0000] {logging_mixin.py:137} INFO - [2024-11-23T03:18:25.086+0000] {dag.py:3441} INFO - Setting next_dagrun for example_sla_dag to 2024-11-23T03:16:00+00:00, run_after=2024-11-23T03:18:00+00:00
[2024-11-23T03:18:25.097+0000] {processor.py:175} INFO - Processing /home/airflow/.local/lib/python3.7/site-packages/airflow/example_dags/example_sla_dag.py took 0.070 seconds
[2024-11-23T03:18:55.204+0000] {processor.py:153} INFO - Started process (PID=2148) to work on /home/airflow/.local/lib/python3.7/site-packages/airflow/example_dags/example_sla_dag.py
[2024-11-23T03:18:55.208+0000] {processor.py:743} INFO - Processing file /home/airflow/.local/lib/python3.7/site-packages/airflow/example_dags/example_sla_dag.py for tasks to queue
[2024-11-23T03:18:55.210+0000] {logging_mixin.py:137} INFO - [2024-11-23T03:18:55.210+0000] {dagbag.py:538} INFO - Filling up the DagBag from /home/airflow/.local/lib/python3.7/site-packages/airflow/example_dags/example_sla_dag.py
[2024-11-23T03:18:55.235+0000] {processor.py:753} INFO - DAG(s) dict_keys(['example_sla_dag']) retrieved from /home/airflow/.local/lib/python3.7/site-packages/airflow/example_dags/example_sla_dag.py
[2024-11-23T03:18:55.255+0000] {logging_mixin.py:137} INFO - [2024-11-23T03:18:55.255+0000] {dag.py:2690} INFO - Sync 1 DAGs
[2024-11-23T03:18:55.277+0000] {logging_mixin.py:137} INFO - [2024-11-23T03:18:55.277+0000] {dag.py:3441} INFO - Setting next_dagrun for example_sla_dag to 2024-11-23T03:16:00+00:00, run_after=2024-11-23T03:18:00+00:00
[2024-11-23T03:18:55.291+0000] {processor.py:175} INFO - Processing /home/airflow/.local/lib/python3.7/site-packages/airflow/example_dags/example_sla_dag.py took 0.090 seconds
[2024-11-23T03:19:25.598+0000] {processor.py:153} INFO - Started process (PID=2228) to work on /home/airflow/.local/lib/python3.7/site-packages/airflow/example_dags/example_sla_dag.py
[2024-11-23T03:19:25.598+0000] {processor.py:743} INFO - Processing file /home/airflow/.local/lib/python3.7/site-packages/airflow/example_dags/example_sla_dag.py for tasks to queue
[2024-11-23T03:19:25.599+0000] {logging_mixin.py:137} INFO - [2024-11-23T03:19:25.599+0000] {dagbag.py:538} INFO - Filling up the DagBag from /home/airflow/.local/lib/python3.7/site-packages/airflow/example_dags/example_sla_dag.py
[2024-11-23T03:19:25.617+0000] {processor.py:753} INFO - DAG(s) dict_keys(['example_sla_dag']) retrieved from /home/airflow/.local/lib/python3.7/site-packages/airflow/example_dags/example_sla_dag.py
[2024-11-23T03:19:25.637+0000] {logging_mixin.py:137} INFO - [2024-11-23T03:19:25.637+0000] {dag.py:2690} INFO - Sync 1 DAGs
[2024-11-23T03:19:25.659+0000] {logging_mixin.py:137} INFO - [2024-11-23T03:19:25.659+0000] {dag.py:3441} INFO - Setting next_dagrun for example_sla_dag to 2024-11-23T03:16:00+00:00, run_after=2024-11-23T03:18:00+00:00
[2024-11-23T03:19:25.672+0000] {processor.py:175} INFO - Processing /home/airflow/.local/lib/python3.7/site-packages/airflow/example_dags/example_sla_dag.py took 0.077 seconds
[2024-11-23T03:19:56.903+0000] {processor.py:153} INFO - Started process (PID=2318) to work on /home/airflow/.local/lib/python3.7/site-packages/airflow/example_dags/example_sla_dag.py
[2024-11-23T03:19:56.904+0000] {processor.py:743} INFO - Processing file /home/airflow/.local/lib/python3.7/site-packages/airflow/example_dags/example_sla_dag.py for tasks to queue
[2024-11-23T03:19:56.905+0000] {logging_mixin.py:137} INFO - [2024-11-23T03:19:56.905+0000] {dagbag.py:538} INFO - Filling up the DagBag from /home/airflow/.local/lib/python3.7/site-packages/airflow/example_dags/example_sla_dag.py
[2024-11-23T03:19:56.937+0000] {processor.py:753} INFO - DAG(s) dict_keys(['example_sla_dag']) retrieved from /home/airflow/.local/lib/python3.7/site-packages/airflow/example_dags/example_sla_dag.py
[2024-11-23T03:19:56.964+0000] {logging_mixin.py:137} INFO - [2024-11-23T03:19:56.964+0000] {dag.py:2690} INFO - Sync 1 DAGs
[2024-11-23T03:19:56.994+0000] {logging_mixin.py:137} INFO - [2024-11-23T03:19:56.993+0000] {dag.py:3441} INFO - Setting next_dagrun for example_sla_dag to 2024-11-23T03:16:00+00:00, run_after=2024-11-23T03:18:00+00:00
[2024-11-23T03:19:57.025+0000] {processor.py:175} INFO - Processing /home/airflow/.local/lib/python3.7/site-packages/airflow/example_dags/example_sla_dag.py took 0.127 seconds
