[2024-11-23T02:53:04.181+0000] {processor.py:153} INFO - Started process (PID=85) to work on /home/airflow/.local/lib/python3.7/site-packages/airflow/example_dags/example_sensor_decorator.py
[2024-11-23T02:53:04.187+0000] {processor.py:743} INFO - Processing file /home/airflow/.local/lib/python3.7/site-packages/airflow/example_dags/example_sensor_decorator.py for tasks to queue
[2024-11-23T02:53:04.188+0000] {logging_mixin.py:137} INFO - [2024-11-23T02:53:04.188+0000] {dagbag.py:538} INFO - Filling up the DagBag from /home/airflow/.local/lib/python3.7/site-packages/airflow/example_dags/example_sensor_decorator.py
[2024-11-23T02:53:04.228+0000] {processor.py:753} INFO - DAG(s) dict_keys(['example_sensor_decorator']) retrieved from /home/airflow/.local/lib/python3.7/site-packages/airflow/example_dags/example_sensor_decorator.py
[2024-11-23T02:53:04.253+0000] {logging_mixin.py:137} INFO - [2024-11-23T02:53:04.253+0000] {dag.py:2690} INFO - Sync 1 DAGs
[2024-11-23T02:53:04.296+0000] {logging_mixin.py:137} INFO - [2024-11-23T02:53:04.296+0000] {dag.py:3441} INFO - Setting next_dagrun for example_sensor_decorator to None, run_after=None
[2024-11-23T02:53:04.340+0000] {processor.py:175} INFO - Processing /home/airflow/.local/lib/python3.7/site-packages/airflow/example_dags/example_sensor_decorator.py took 0.164 seconds
[2024-11-23T02:53:34.397+0000] {processor.py:153} INFO - Started process (PID=159) to work on /home/airflow/.local/lib/python3.7/site-packages/airflow/example_dags/example_sensor_decorator.py
[2024-11-23T02:53:34.398+0000] {processor.py:743} INFO - Processing file /home/airflow/.local/lib/python3.7/site-packages/airflow/example_dags/example_sensor_decorator.py for tasks to queue
[2024-11-23T02:53:34.398+0000] {logging_mixin.py:137} INFO - [2024-11-23T02:53:34.398+0000] {dagbag.py:538} INFO - Filling up the DagBag from /home/airflow/.local/lib/python3.7/site-packages/airflow/example_dags/example_sensor_decorator.py
[2024-11-23T02:53:34.414+0000] {processor.py:753} INFO - DAG(s) dict_keys(['example_sensor_decorator']) retrieved from /home/airflow/.local/lib/python3.7/site-packages/airflow/example_dags/example_sensor_decorator.py
[2024-11-23T02:53:34.429+0000] {logging_mixin.py:137} INFO - [2024-11-23T02:53:34.429+0000] {dag.py:2690} INFO - Sync 1 DAGs
[2024-11-23T02:53:34.446+0000] {logging_mixin.py:137} INFO - [2024-11-23T02:53:34.446+0000] {dag.py:3441} INFO - Setting next_dagrun for example_sensor_decorator to None, run_after=None
[2024-11-23T02:53:34.457+0000] {processor.py:175} INFO - Processing /home/airflow/.local/lib/python3.7/site-packages/airflow/example_dags/example_sensor_decorator.py took 0.062 seconds
[2024-11-23T02:54:05.252+0000] {processor.py:153} INFO - Started process (PID=242) to work on /home/airflow/.local/lib/python3.7/site-packages/airflow/example_dags/example_sensor_decorator.py
[2024-11-23T02:54:05.253+0000] {processor.py:743} INFO - Processing file /home/airflow/.local/lib/python3.7/site-packages/airflow/example_dags/example_sensor_decorator.py for tasks to queue
[2024-11-23T02:54:05.254+0000] {logging_mixin.py:137} INFO - [2024-11-23T02:54:05.253+0000] {dagbag.py:538} INFO - Filling up the DagBag from /home/airflow/.local/lib/python3.7/site-packages/airflow/example_dags/example_sensor_decorator.py
[2024-11-23T02:54:05.274+0000] {processor.py:753} INFO - DAG(s) dict_keys(['example_sensor_decorator']) retrieved from /home/airflow/.local/lib/python3.7/site-packages/airflow/example_dags/example_sensor_decorator.py
[2024-11-23T02:54:05.302+0000] {logging_mixin.py:137} INFO - [2024-11-23T02:54:05.302+0000] {dag.py:2690} INFO - Sync 1 DAGs
[2024-11-23T02:54:05.332+0000] {logging_mixin.py:137} INFO - [2024-11-23T02:54:05.332+0000] {dag.py:3441} INFO - Setting next_dagrun for example_sensor_decorator to None, run_after=None
[2024-11-23T02:54:05.356+0000] {processor.py:175} INFO - Processing /home/airflow/.local/lib/python3.7/site-packages/airflow/example_dags/example_sensor_decorator.py took 0.108 seconds
[2024-11-23T02:54:36.109+0000] {processor.py:153} INFO - Started process (PID=323) to work on /home/airflow/.local/lib/python3.7/site-packages/airflow/example_dags/example_sensor_decorator.py
[2024-11-23T02:54:36.110+0000] {processor.py:743} INFO - Processing file /home/airflow/.local/lib/python3.7/site-packages/airflow/example_dags/example_sensor_decorator.py for tasks to queue
[2024-11-23T02:54:36.110+0000] {logging_mixin.py:137} INFO - [2024-11-23T02:54:36.110+0000] {dagbag.py:538} INFO - Filling up the DagBag from /home/airflow/.local/lib/python3.7/site-packages/airflow/example_dags/example_sensor_decorator.py
[2024-11-23T02:54:36.125+0000] {processor.py:753} INFO - DAG(s) dict_keys(['example_sensor_decorator']) retrieved from /home/airflow/.local/lib/python3.7/site-packages/airflow/example_dags/example_sensor_decorator.py
[2024-11-23T02:54:36.140+0000] {logging_mixin.py:137} INFO - [2024-11-23T02:54:36.140+0000] {dag.py:2690} INFO - Sync 1 DAGs
[2024-11-23T02:54:36.157+0000] {logging_mixin.py:137} INFO - [2024-11-23T02:54:36.157+0000] {dag.py:3441} INFO - Setting next_dagrun for example_sensor_decorator to None, run_after=None
[2024-11-23T02:54:36.167+0000] {processor.py:175} INFO - Processing /home/airflow/.local/lib/python3.7/site-packages/airflow/example_dags/example_sensor_decorator.py took 0.060 seconds
[2024-11-23T02:55:31.442+0000] {processor.py:153} INFO - Started process (PID=85) to work on /home/airflow/.local/lib/python3.7/site-packages/airflow/example_dags/example_sensor_decorator.py
[2024-11-23T02:55:31.445+0000] {processor.py:743} INFO - Processing file /home/airflow/.local/lib/python3.7/site-packages/airflow/example_dags/example_sensor_decorator.py for tasks to queue
[2024-11-23T02:55:31.449+0000] {logging_mixin.py:137} INFO - [2024-11-23T02:55:31.449+0000] {dagbag.py:538} INFO - Filling up the DagBag from /home/airflow/.local/lib/python3.7/site-packages/airflow/example_dags/example_sensor_decorator.py
[2024-11-23T02:55:31.518+0000] {processor.py:753} INFO - DAG(s) dict_keys(['example_sensor_decorator']) retrieved from /home/airflow/.local/lib/python3.7/site-packages/airflow/example_dags/example_sensor_decorator.py
[2024-11-23T02:55:31.557+0000] {logging_mixin.py:137} INFO - [2024-11-23T02:55:31.556+0000] {dag.py:2690} INFO - Sync 1 DAGs
[2024-11-23T02:55:31.620+0000] {logging_mixin.py:137} INFO - [2024-11-23T02:55:31.619+0000] {dag.py:3441} INFO - Setting next_dagrun for example_sensor_decorator to None, run_after=None
[2024-11-23T02:55:31.806+0000] {processor.py:175} INFO - Processing /home/airflow/.local/lib/python3.7/site-packages/airflow/example_dags/example_sensor_decorator.py took 0.379 seconds
[2024-11-23T02:56:03.734+0000] {processor.py:153} INFO - Started process (PID=159) to work on /home/airflow/.local/lib/python3.7/site-packages/airflow/example_dags/example_sensor_decorator.py
[2024-11-23T02:56:03.735+0000] {processor.py:743} INFO - Processing file /home/airflow/.local/lib/python3.7/site-packages/airflow/example_dags/example_sensor_decorator.py for tasks to queue
[2024-11-23T02:56:03.736+0000] {logging_mixin.py:137} INFO - [2024-11-23T02:56:03.736+0000] {dagbag.py:538} INFO - Filling up the DagBag from /home/airflow/.local/lib/python3.7/site-packages/airflow/example_dags/example_sensor_decorator.py
[2024-11-23T02:56:03.759+0000] {processor.py:753} INFO - DAG(s) dict_keys(['example_sensor_decorator']) retrieved from /home/airflow/.local/lib/python3.7/site-packages/airflow/example_dags/example_sensor_decorator.py
[2024-11-23T02:56:03.780+0000] {logging_mixin.py:137} INFO - [2024-11-23T02:56:03.779+0000] {dag.py:2690} INFO - Sync 1 DAGs
[2024-11-23T02:56:03.796+0000] {logging_mixin.py:137} INFO - [2024-11-23T02:56:03.796+0000] {dag.py:3441} INFO - Setting next_dagrun for example_sensor_decorator to None, run_after=None
[2024-11-23T02:56:03.808+0000] {processor.py:175} INFO - Processing /home/airflow/.local/lib/python3.7/site-packages/airflow/example_dags/example_sensor_decorator.py took 0.077 seconds
[2024-11-23T02:56:34.265+0000] {processor.py:153} INFO - Started process (PID=249) to work on /home/airflow/.local/lib/python3.7/site-packages/airflow/example_dags/example_sensor_decorator.py
[2024-11-23T02:56:34.266+0000] {processor.py:743} INFO - Processing file /home/airflow/.local/lib/python3.7/site-packages/airflow/example_dags/example_sensor_decorator.py for tasks to queue
[2024-11-23T02:56:34.268+0000] {logging_mixin.py:137} INFO - [2024-11-23T02:56:34.267+0000] {dagbag.py:538} INFO - Filling up the DagBag from /home/airflow/.local/lib/python3.7/site-packages/airflow/example_dags/example_sensor_decorator.py
[2024-11-23T02:56:34.285+0000] {processor.py:753} INFO - DAG(s) dict_keys(['example_sensor_decorator']) retrieved from /home/airflow/.local/lib/python3.7/site-packages/airflow/example_dags/example_sensor_decorator.py
[2024-11-23T02:56:34.310+0000] {logging_mixin.py:137} INFO - [2024-11-23T02:56:34.310+0000] {dag.py:2690} INFO - Sync 1 DAGs
[2024-11-23T02:56:34.325+0000] {logging_mixin.py:137} INFO - [2024-11-23T02:56:34.325+0000] {dag.py:3441} INFO - Setting next_dagrun for example_sensor_decorator to None, run_after=None
[2024-11-23T02:56:34.340+0000] {processor.py:175} INFO - Processing /home/airflow/.local/lib/python3.7/site-packages/airflow/example_dags/example_sensor_decorator.py took 0.078 seconds
[2024-11-23T02:57:05.121+0000] {processor.py:153} INFO - Started process (PID=323) to work on /home/airflow/.local/lib/python3.7/site-packages/airflow/example_dags/example_sensor_decorator.py
[2024-11-23T02:57:05.122+0000] {processor.py:743} INFO - Processing file /home/airflow/.local/lib/python3.7/site-packages/airflow/example_dags/example_sensor_decorator.py for tasks to queue
[2024-11-23T02:57:05.124+0000] {logging_mixin.py:137} INFO - [2024-11-23T02:57:05.124+0000] {dagbag.py:538} INFO - Filling up the DagBag from /home/airflow/.local/lib/python3.7/site-packages/airflow/example_dags/example_sensor_decorator.py
[2024-11-23T02:57:05.141+0000] {processor.py:753} INFO - DAG(s) dict_keys(['example_sensor_decorator']) retrieved from /home/airflow/.local/lib/python3.7/site-packages/airflow/example_dags/example_sensor_decorator.py
[2024-11-23T02:57:05.162+0000] {logging_mixin.py:137} INFO - [2024-11-23T02:57:05.162+0000] {dag.py:2690} INFO - Sync 1 DAGs
[2024-11-23T02:57:05.180+0000] {logging_mixin.py:137} INFO - [2024-11-23T02:57:05.180+0000] {dag.py:3441} INFO - Setting next_dagrun for example_sensor_decorator to None, run_after=None
[2024-11-23T02:57:05.204+0000] {processor.py:175} INFO - Processing /home/airflow/.local/lib/python3.7/site-packages/airflow/example_dags/example_sensor_decorator.py took 0.086 seconds
[2024-11-23T02:57:36.208+0000] {processor.py:153} INFO - Started process (PID=413) to work on /home/airflow/.local/lib/python3.7/site-packages/airflow/example_dags/example_sensor_decorator.py
[2024-11-23T02:57:36.211+0000] {processor.py:743} INFO - Processing file /home/airflow/.local/lib/python3.7/site-packages/airflow/example_dags/example_sensor_decorator.py for tasks to queue
[2024-11-23T02:57:36.211+0000] {logging_mixin.py:137} INFO - [2024-11-23T02:57:36.211+0000] {dagbag.py:538} INFO - Filling up the DagBag from /home/airflow/.local/lib/python3.7/site-packages/airflow/example_dags/example_sensor_decorator.py
[2024-11-23T02:57:36.234+0000] {processor.py:753} INFO - DAG(s) dict_keys(['example_sensor_decorator']) retrieved from /home/airflow/.local/lib/python3.7/site-packages/airflow/example_dags/example_sensor_decorator.py
[2024-11-23T02:57:36.262+0000] {logging_mixin.py:137} INFO - [2024-11-23T02:57:36.262+0000] {dag.py:2690} INFO - Sync 1 DAGs
[2024-11-23T02:57:36.290+0000] {logging_mixin.py:137} INFO - [2024-11-23T02:57:36.290+0000] {dag.py:3441} INFO - Setting next_dagrun for example_sensor_decorator to None, run_after=None
[2024-11-23T02:57:36.313+0000] {processor.py:175} INFO - Processing /home/airflow/.local/lib/python3.7/site-packages/airflow/example_dags/example_sensor_decorator.py took 0.109 seconds
[2024-11-23T02:58:41.539+0000] {processor.py:153} INFO - Started process (PID=84) to work on /home/airflow/.local/lib/python3.7/site-packages/airflow/example_dags/example_sensor_decorator.py
[2024-11-23T02:58:41.550+0000] {processor.py:743} INFO - Processing file /home/airflow/.local/lib/python3.7/site-packages/airflow/example_dags/example_sensor_decorator.py for tasks to queue
[2024-11-23T02:58:41.557+0000] {logging_mixin.py:137} INFO - [2024-11-23T02:58:41.557+0000] {dagbag.py:538} INFO - Filling up the DagBag from /home/airflow/.local/lib/python3.7/site-packages/airflow/example_dags/example_sensor_decorator.py
[2024-11-23T02:58:41.618+0000] {processor.py:753} INFO - DAG(s) dict_keys(['example_sensor_decorator']) retrieved from /home/airflow/.local/lib/python3.7/site-packages/airflow/example_dags/example_sensor_decorator.py
[2024-11-23T02:58:41.644+0000] {logging_mixin.py:137} INFO - [2024-11-23T02:58:41.644+0000] {dag.py:2690} INFO - Sync 1 DAGs
[2024-11-23T02:58:41.696+0000] {logging_mixin.py:137} INFO - [2024-11-23T02:58:41.696+0000] {dag.py:3441} INFO - Setting next_dagrun for example_sensor_decorator to None, run_after=None
[2024-11-23T02:58:41.751+0000] {processor.py:175} INFO - Processing /home/airflow/.local/lib/python3.7/site-packages/airflow/example_dags/example_sensor_decorator.py took 0.225 seconds
[2024-11-23T02:59:12.491+0000] {processor.py:153} INFO - Started process (PID=158) to work on /home/airflow/.local/lib/python3.7/site-packages/airflow/example_dags/example_sensor_decorator.py
[2024-11-23T02:59:12.496+0000] {processor.py:743} INFO - Processing file /home/airflow/.local/lib/python3.7/site-packages/airflow/example_dags/example_sensor_decorator.py for tasks to queue
[2024-11-23T02:59:12.498+0000] {logging_mixin.py:137} INFO - [2024-11-23T02:59:12.498+0000] {dagbag.py:538} INFO - Filling up the DagBag from /home/airflow/.local/lib/python3.7/site-packages/airflow/example_dags/example_sensor_decorator.py
[2024-11-23T02:59:12.538+0000] {processor.py:753} INFO - DAG(s) dict_keys(['example_sensor_decorator']) retrieved from /home/airflow/.local/lib/python3.7/site-packages/airflow/example_dags/example_sensor_decorator.py
[2024-11-23T02:59:12.578+0000] {logging_mixin.py:137} INFO - [2024-11-23T02:59:12.578+0000] {dag.py:2690} INFO - Sync 1 DAGs
[2024-11-23T02:59:12.606+0000] {logging_mixin.py:137} INFO - [2024-11-23T02:59:12.606+0000] {dag.py:3441} INFO - Setting next_dagrun for example_sensor_decorator to None, run_after=None
[2024-11-23T02:59:12.626+0000] {processor.py:175} INFO - Processing /home/airflow/.local/lib/python3.7/site-packages/airflow/example_dags/example_sensor_decorator.py took 0.143 seconds
[2024-11-23T02:59:42.901+0000] {processor.py:153} INFO - Started process (PID=248) to work on /home/airflow/.local/lib/python3.7/site-packages/airflow/example_dags/example_sensor_decorator.py
[2024-11-23T02:59:42.902+0000] {processor.py:743} INFO - Processing file /home/airflow/.local/lib/python3.7/site-packages/airflow/example_dags/example_sensor_decorator.py for tasks to queue
[2024-11-23T02:59:42.904+0000] {logging_mixin.py:137} INFO - [2024-11-23T02:59:42.904+0000] {dagbag.py:538} INFO - Filling up the DagBag from /home/airflow/.local/lib/python3.7/site-packages/airflow/example_dags/example_sensor_decorator.py
[2024-11-23T02:59:42.925+0000] {processor.py:753} INFO - DAG(s) dict_keys(['example_sensor_decorator']) retrieved from /home/airflow/.local/lib/python3.7/site-packages/airflow/example_dags/example_sensor_decorator.py
[2024-11-23T02:59:42.947+0000] {logging_mixin.py:137} INFO - [2024-11-23T02:59:42.947+0000] {dag.py:2690} INFO - Sync 1 DAGs
[2024-11-23T02:59:42.972+0000] {logging_mixin.py:137} INFO - [2024-11-23T02:59:42.972+0000] {dag.py:3441} INFO - Setting next_dagrun for example_sensor_decorator to None, run_after=None
[2024-11-23T02:59:42.988+0000] {processor.py:175} INFO - Processing /home/airflow/.local/lib/python3.7/site-packages/airflow/example_dags/example_sensor_decorator.py took 0.091 seconds
[2024-11-23T03:00:13.285+0000] {processor.py:153} INFO - Started process (PID=322) to work on /home/airflow/.local/lib/python3.7/site-packages/airflow/example_dags/example_sensor_decorator.py
[2024-11-23T03:00:13.287+0000] {processor.py:743} INFO - Processing file /home/airflow/.local/lib/python3.7/site-packages/airflow/example_dags/example_sensor_decorator.py for tasks to queue
[2024-11-23T03:00:13.287+0000] {logging_mixin.py:137} INFO - [2024-11-23T03:00:13.287+0000] {dagbag.py:538} INFO - Filling up the DagBag from /home/airflow/.local/lib/python3.7/site-packages/airflow/example_dags/example_sensor_decorator.py
[2024-11-23T03:00:13.304+0000] {processor.py:753} INFO - DAG(s) dict_keys(['example_sensor_decorator']) retrieved from /home/airflow/.local/lib/python3.7/site-packages/airflow/example_dags/example_sensor_decorator.py
[2024-11-23T03:00:13.322+0000] {logging_mixin.py:137} INFO - [2024-11-23T03:00:13.321+0000] {dag.py:2690} INFO - Sync 1 DAGs
[2024-11-23T03:00:13.339+0000] {logging_mixin.py:137} INFO - [2024-11-23T03:00:13.338+0000] {dag.py:3441} INFO - Setting next_dagrun for example_sensor_decorator to None, run_after=None
[2024-11-23T03:00:13.354+0000] {processor.py:175} INFO - Processing /home/airflow/.local/lib/python3.7/site-packages/airflow/example_dags/example_sensor_decorator.py took 0.071 seconds
[2024-11-23T03:00:44.233+0000] {processor.py:153} INFO - Started process (PID=412) to work on /home/airflow/.local/lib/python3.7/site-packages/airflow/example_dags/example_sensor_decorator.py
[2024-11-23T03:00:44.234+0000] {processor.py:743} INFO - Processing file /home/airflow/.local/lib/python3.7/site-packages/airflow/example_dags/example_sensor_decorator.py for tasks to queue
[2024-11-23T03:00:44.235+0000] {logging_mixin.py:137} INFO - [2024-11-23T03:00:44.235+0000] {dagbag.py:538} INFO - Filling up the DagBag from /home/airflow/.local/lib/python3.7/site-packages/airflow/example_dags/example_sensor_decorator.py
[2024-11-23T03:00:44.251+0000] {processor.py:753} INFO - DAG(s) dict_keys(['example_sensor_decorator']) retrieved from /home/airflow/.local/lib/python3.7/site-packages/airflow/example_dags/example_sensor_decorator.py
[2024-11-23T03:00:44.276+0000] {logging_mixin.py:137} INFO - [2024-11-23T03:00:44.276+0000] {dag.py:2690} INFO - Sync 1 DAGs
[2024-11-23T03:00:44.296+0000] {logging_mixin.py:137} INFO - [2024-11-23T03:00:44.296+0000] {dag.py:3441} INFO - Setting next_dagrun for example_sensor_decorator to None, run_after=None
[2024-11-23T03:00:44.311+0000] {processor.py:175} INFO - Processing /home/airflow/.local/lib/python3.7/site-packages/airflow/example_dags/example_sensor_decorator.py took 0.081 seconds
[2024-11-23T03:01:14.511+0000] {processor.py:153} INFO - Started process (PID=486) to work on /home/airflow/.local/lib/python3.7/site-packages/airflow/example_dags/example_sensor_decorator.py
[2024-11-23T03:01:14.512+0000] {processor.py:743} INFO - Processing file /home/airflow/.local/lib/python3.7/site-packages/airflow/example_dags/example_sensor_decorator.py for tasks to queue
[2024-11-23T03:01:14.513+0000] {logging_mixin.py:137} INFO - [2024-11-23T03:01:14.512+0000] {dagbag.py:538} INFO - Filling up the DagBag from /home/airflow/.local/lib/python3.7/site-packages/airflow/example_dags/example_sensor_decorator.py
[2024-11-23T03:01:14.536+0000] {processor.py:753} INFO - DAG(s) dict_keys(['example_sensor_decorator']) retrieved from /home/airflow/.local/lib/python3.7/site-packages/airflow/example_dags/example_sensor_decorator.py
[2024-11-23T03:01:14.561+0000] {logging_mixin.py:137} INFO - [2024-11-23T03:01:14.561+0000] {dag.py:2690} INFO - Sync 1 DAGs
[2024-11-23T03:01:14.584+0000] {logging_mixin.py:137} INFO - [2024-11-23T03:01:14.583+0000] {dag.py:3441} INFO - Setting next_dagrun for example_sensor_decorator to None, run_after=None
[2024-11-23T03:01:14.602+0000] {processor.py:175} INFO - Processing /home/airflow/.local/lib/python3.7/site-packages/airflow/example_dags/example_sensor_decorator.py took 0.094 seconds
[2024-11-23T03:01:44.699+0000] {processor.py:153} INFO - Started process (PID=576) to work on /home/airflow/.local/lib/python3.7/site-packages/airflow/example_dags/example_sensor_decorator.py
[2024-11-23T03:01:44.701+0000] {processor.py:743} INFO - Processing file /home/airflow/.local/lib/python3.7/site-packages/airflow/example_dags/example_sensor_decorator.py for tasks to queue
[2024-11-23T03:01:44.702+0000] {logging_mixin.py:137} INFO - [2024-11-23T03:01:44.702+0000] {dagbag.py:538} INFO - Filling up the DagBag from /home/airflow/.local/lib/python3.7/site-packages/airflow/example_dags/example_sensor_decorator.py
[2024-11-23T03:01:44.716+0000] {processor.py:753} INFO - DAG(s) dict_keys(['example_sensor_decorator']) retrieved from /home/airflow/.local/lib/python3.7/site-packages/airflow/example_dags/example_sensor_decorator.py
[2024-11-23T03:01:44.737+0000] {logging_mixin.py:137} INFO - [2024-11-23T03:01:44.737+0000] {dag.py:2690} INFO - Sync 1 DAGs
[2024-11-23T03:01:44.753+0000] {logging_mixin.py:137} INFO - [2024-11-23T03:01:44.753+0000] {dag.py:3441} INFO - Setting next_dagrun for example_sensor_decorator to None, run_after=None
[2024-11-23T03:01:44.772+0000] {processor.py:175} INFO - Processing /home/airflow/.local/lib/python3.7/site-packages/airflow/example_dags/example_sensor_decorator.py took 0.076 seconds
[2024-11-23T03:02:15.120+0000] {processor.py:153} INFO - Started process (PID=650) to work on /home/airflow/.local/lib/python3.7/site-packages/airflow/example_dags/example_sensor_decorator.py
[2024-11-23T03:02:15.122+0000] {processor.py:743} INFO - Processing file /home/airflow/.local/lib/python3.7/site-packages/airflow/example_dags/example_sensor_decorator.py for tasks to queue
[2024-11-23T03:02:15.123+0000] {logging_mixin.py:137} INFO - [2024-11-23T03:02:15.123+0000] {dagbag.py:538} INFO - Filling up the DagBag from /home/airflow/.local/lib/python3.7/site-packages/airflow/example_dags/example_sensor_decorator.py
[2024-11-23T03:02:15.140+0000] {processor.py:753} INFO - DAG(s) dict_keys(['example_sensor_decorator']) retrieved from /home/airflow/.local/lib/python3.7/site-packages/airflow/example_dags/example_sensor_decorator.py
[2024-11-23T03:02:15.163+0000] {logging_mixin.py:137} INFO - [2024-11-23T03:02:15.163+0000] {dag.py:2690} INFO - Sync 1 DAGs
[2024-11-23T03:02:15.180+0000] {logging_mixin.py:137} INFO - [2024-11-23T03:02:15.180+0000] {dag.py:3441} INFO - Setting next_dagrun for example_sensor_decorator to None, run_after=None
[2024-11-23T03:02:15.193+0000] {processor.py:175} INFO - Processing /home/airflow/.local/lib/python3.7/site-packages/airflow/example_dags/example_sensor_decorator.py took 0.075 seconds
[2024-11-23T03:03:08.197+0000] {processor.py:153} INFO - Started process (PID=77) to work on /home/airflow/.local/lib/python3.7/site-packages/airflow/example_dags/example_sensor_decorator.py
[2024-11-23T03:03:08.200+0000] {processor.py:743} INFO - Processing file /home/airflow/.local/lib/python3.7/site-packages/airflow/example_dags/example_sensor_decorator.py for tasks to queue
[2024-11-23T03:03:08.203+0000] {logging_mixin.py:137} INFO - [2024-11-23T03:03:08.202+0000] {dagbag.py:538} INFO - Filling up the DagBag from /home/airflow/.local/lib/python3.7/site-packages/airflow/example_dags/example_sensor_decorator.py
[2024-11-23T03:03:08.267+0000] {processor.py:753} INFO - DAG(s) dict_keys(['example_sensor_decorator']) retrieved from /home/airflow/.local/lib/python3.7/site-packages/airflow/example_dags/example_sensor_decorator.py
[2024-11-23T03:03:08.319+0000] {logging_mixin.py:137} INFO - [2024-11-23T03:03:08.319+0000] {dag.py:2690} INFO - Sync 1 DAGs
[2024-11-23T03:03:08.377+0000] {logging_mixin.py:137} INFO - [2024-11-23T03:03:08.377+0000] {dag.py:3441} INFO - Setting next_dagrun for example_sensor_decorator to None, run_after=None
[2024-11-23T03:03:08.436+0000] {processor.py:175} INFO - Processing /home/airflow/.local/lib/python3.7/site-packages/airflow/example_dags/example_sensor_decorator.py took 0.246 seconds
[2024-11-23T03:03:38.630+0000] {processor.py:153} INFO - Started process (PID=158) to work on /home/airflow/.local/lib/python3.7/site-packages/airflow/example_dags/example_sensor_decorator.py
[2024-11-23T03:03:38.631+0000] {processor.py:743} INFO - Processing file /home/airflow/.local/lib/python3.7/site-packages/airflow/example_dags/example_sensor_decorator.py for tasks to queue
[2024-11-23T03:03:38.631+0000] {logging_mixin.py:137} INFO - [2024-11-23T03:03:38.631+0000] {dagbag.py:538} INFO - Filling up the DagBag from /home/airflow/.local/lib/python3.7/site-packages/airflow/example_dags/example_sensor_decorator.py
[2024-11-23T03:03:38.646+0000] {processor.py:753} INFO - DAG(s) dict_keys(['example_sensor_decorator']) retrieved from /home/airflow/.local/lib/python3.7/site-packages/airflow/example_dags/example_sensor_decorator.py
[2024-11-23T03:03:38.661+0000] {logging_mixin.py:137} INFO - [2024-11-23T03:03:38.661+0000] {dag.py:2690} INFO - Sync 1 DAGs
[2024-11-23T03:03:38.677+0000] {logging_mixin.py:137} INFO - [2024-11-23T03:03:38.677+0000] {dag.py:3441} INFO - Setting next_dagrun for example_sensor_decorator to None, run_after=None
[2024-11-23T03:03:38.687+0000] {processor.py:175} INFO - Processing /home/airflow/.local/lib/python3.7/site-packages/airflow/example_dags/example_sensor_decorator.py took 0.060 seconds
[2024-11-23T03:06:17.019+0000] {processor.py:153} INFO - Started process (PID=84) to work on /home/airflow/.local/lib/python3.7/site-packages/airflow/example_dags/example_sensor_decorator.py
[2024-11-23T03:06:17.021+0000] {processor.py:743} INFO - Processing file /home/airflow/.local/lib/python3.7/site-packages/airflow/example_dags/example_sensor_decorator.py for tasks to queue
[2024-11-23T03:06:17.023+0000] {logging_mixin.py:137} INFO - [2024-11-23T03:06:17.022+0000] {dagbag.py:538} INFO - Filling up the DagBag from /home/airflow/.local/lib/python3.7/site-packages/airflow/example_dags/example_sensor_decorator.py
[2024-11-23T03:06:17.061+0000] {processor.py:753} INFO - DAG(s) dict_keys(['example_sensor_decorator']) retrieved from /home/airflow/.local/lib/python3.7/site-packages/airflow/example_dags/example_sensor_decorator.py
[2024-11-23T03:06:17.079+0000] {logging_mixin.py:137} INFO - [2024-11-23T03:06:17.078+0000] {dag.py:2690} INFO - Sync 1 DAGs
[2024-11-23T03:06:17.107+0000] {logging_mixin.py:137} INFO - [2024-11-23T03:06:17.107+0000] {dag.py:3441} INFO - Setting next_dagrun for example_sensor_decorator to None, run_after=None
[2024-11-23T03:06:17.133+0000] {processor.py:175} INFO - Processing /home/airflow/.local/lib/python3.7/site-packages/airflow/example_dags/example_sensor_decorator.py took 0.119 seconds
[2024-11-23T03:06:47.637+0000] {processor.py:153} INFO - Started process (PID=158) to work on /home/airflow/.local/lib/python3.7/site-packages/airflow/example_dags/example_sensor_decorator.py
[2024-11-23T03:06:47.639+0000] {processor.py:743} INFO - Processing file /home/airflow/.local/lib/python3.7/site-packages/airflow/example_dags/example_sensor_decorator.py for tasks to queue
[2024-11-23T03:06:47.641+0000] {logging_mixin.py:137} INFO - [2024-11-23T03:06:47.641+0000] {dagbag.py:538} INFO - Filling up the DagBag from /home/airflow/.local/lib/python3.7/site-packages/airflow/example_dags/example_sensor_decorator.py
[2024-11-23T03:06:47.720+0000] {processor.py:753} INFO - DAG(s) dict_keys(['example_sensor_decorator']) retrieved from /home/airflow/.local/lib/python3.7/site-packages/airflow/example_dags/example_sensor_decorator.py
[2024-11-23T03:06:47.776+0000] {logging_mixin.py:137} INFO - [2024-11-23T03:06:47.776+0000] {dag.py:2690} INFO - Sync 1 DAGs
[2024-11-23T03:06:47.975+0000] {logging_mixin.py:137} INFO - [2024-11-23T03:06:47.975+0000] {dag.py:3441} INFO - Setting next_dagrun for example_sensor_decorator to None, run_after=None
[2024-11-23T03:06:48.072+0000] {processor.py:175} INFO - Processing /home/airflow/.local/lib/python3.7/site-packages/airflow/example_dags/example_sensor_decorator.py took 0.443 seconds
[2024-11-23T03:07:18.445+0000] {processor.py:153} INFO - Started process (PID=248) to work on /home/airflow/.local/lib/python3.7/site-packages/airflow/example_dags/example_sensor_decorator.py
[2024-11-23T03:07:18.446+0000] {processor.py:743} INFO - Processing file /home/airflow/.local/lib/python3.7/site-packages/airflow/example_dags/example_sensor_decorator.py for tasks to queue
[2024-11-23T03:07:18.447+0000] {logging_mixin.py:137} INFO - [2024-11-23T03:07:18.447+0000] {dagbag.py:538} INFO - Filling up the DagBag from /home/airflow/.local/lib/python3.7/site-packages/airflow/example_dags/example_sensor_decorator.py
[2024-11-23T03:07:18.462+0000] {processor.py:753} INFO - DAG(s) dict_keys(['example_sensor_decorator']) retrieved from /home/airflow/.local/lib/python3.7/site-packages/airflow/example_dags/example_sensor_decorator.py
[2024-11-23T03:07:18.485+0000] {logging_mixin.py:137} INFO - [2024-11-23T03:07:18.484+0000] {dag.py:2690} INFO - Sync 1 DAGs
[2024-11-23T03:07:18.503+0000] {logging_mixin.py:137} INFO - [2024-11-23T03:07:18.503+0000] {dag.py:3441} INFO - Setting next_dagrun for example_sensor_decorator to None, run_after=None
[2024-11-23T03:07:18.516+0000] {processor.py:175} INFO - Processing /home/airflow/.local/lib/python3.7/site-packages/airflow/example_dags/example_sensor_decorator.py took 0.074 seconds
[2024-11-23T03:07:48.713+0000] {processor.py:153} INFO - Started process (PID=322) to work on /home/airflow/.local/lib/python3.7/site-packages/airflow/example_dags/example_sensor_decorator.py
[2024-11-23T03:07:48.715+0000] {processor.py:743} INFO - Processing file /home/airflow/.local/lib/python3.7/site-packages/airflow/example_dags/example_sensor_decorator.py for tasks to queue
[2024-11-23T03:07:48.715+0000] {logging_mixin.py:137} INFO - [2024-11-23T03:07:48.715+0000] {dagbag.py:538} INFO - Filling up the DagBag from /home/airflow/.local/lib/python3.7/site-packages/airflow/example_dags/example_sensor_decorator.py
[2024-11-23T03:07:48.732+0000] {processor.py:753} INFO - DAG(s) dict_keys(['example_sensor_decorator']) retrieved from /home/airflow/.local/lib/python3.7/site-packages/airflow/example_dags/example_sensor_decorator.py
[2024-11-23T03:07:48.755+0000] {logging_mixin.py:137} INFO - [2024-11-23T03:07:48.754+0000] {dag.py:2690} INFO - Sync 1 DAGs
[2024-11-23T03:07:48.774+0000] {logging_mixin.py:137} INFO - [2024-11-23T03:07:48.774+0000] {dag.py:3441} INFO - Setting next_dagrun for example_sensor_decorator to None, run_after=None
[2024-11-23T03:07:48.788+0000] {processor.py:175} INFO - Processing /home/airflow/.local/lib/python3.7/site-packages/airflow/example_dags/example_sensor_decorator.py took 0.077 seconds
[2024-11-23T03:08:19.066+0000] {processor.py:153} INFO - Started process (PID=412) to work on /home/airflow/.local/lib/python3.7/site-packages/airflow/example_dags/example_sensor_decorator.py
[2024-11-23T03:08:19.067+0000] {processor.py:743} INFO - Processing file /home/airflow/.local/lib/python3.7/site-packages/airflow/example_dags/example_sensor_decorator.py for tasks to queue
[2024-11-23T03:08:19.068+0000] {logging_mixin.py:137} INFO - [2024-11-23T03:08:19.068+0000] {dagbag.py:538} INFO - Filling up the DagBag from /home/airflow/.local/lib/python3.7/site-packages/airflow/example_dags/example_sensor_decorator.py
[2024-11-23T03:08:19.084+0000] {processor.py:753} INFO - DAG(s) dict_keys(['example_sensor_decorator']) retrieved from /home/airflow/.local/lib/python3.7/site-packages/airflow/example_dags/example_sensor_decorator.py
[2024-11-23T03:08:19.105+0000] {logging_mixin.py:137} INFO - [2024-11-23T03:08:19.105+0000] {dag.py:2690} INFO - Sync 1 DAGs
[2024-11-23T03:08:19.124+0000] {logging_mixin.py:137} INFO - [2024-11-23T03:08:19.124+0000] {dag.py:3441} INFO - Setting next_dagrun for example_sensor_decorator to None, run_after=None
[2024-11-23T03:08:19.144+0000] {processor.py:175} INFO - Processing /home/airflow/.local/lib/python3.7/site-packages/airflow/example_dags/example_sensor_decorator.py took 0.080 seconds
[2024-11-23T03:08:49.259+0000] {processor.py:153} INFO - Started process (PID=485) to work on /home/airflow/.local/lib/python3.7/site-packages/airflow/example_dags/example_sensor_decorator.py
[2024-11-23T03:08:49.261+0000] {processor.py:743} INFO - Processing file /home/airflow/.local/lib/python3.7/site-packages/airflow/example_dags/example_sensor_decorator.py for tasks to queue
[2024-11-23T03:08:49.262+0000] {logging_mixin.py:137} INFO - [2024-11-23T03:08:49.262+0000] {dagbag.py:538} INFO - Filling up the DagBag from /home/airflow/.local/lib/python3.7/site-packages/airflow/example_dags/example_sensor_decorator.py
[2024-11-23T03:08:49.278+0000] {processor.py:753} INFO - DAG(s) dict_keys(['example_sensor_decorator']) retrieved from /home/airflow/.local/lib/python3.7/site-packages/airflow/example_dags/example_sensor_decorator.py
[2024-11-23T03:08:49.295+0000] {logging_mixin.py:137} INFO - [2024-11-23T03:08:49.295+0000] {dag.py:2690} INFO - Sync 1 DAGs
[2024-11-23T03:08:49.315+0000] {logging_mixin.py:137} INFO - [2024-11-23T03:08:49.315+0000] {dag.py:3441} INFO - Setting next_dagrun for example_sensor_decorator to None, run_after=None
[2024-11-23T03:08:49.337+0000] {processor.py:175} INFO - Processing /home/airflow/.local/lib/python3.7/site-packages/airflow/example_dags/example_sensor_decorator.py took 0.080 seconds
[2024-11-23T03:09:19.497+0000] {processor.py:153} INFO - Started process (PID=575) to work on /home/airflow/.local/lib/python3.7/site-packages/airflow/example_dags/example_sensor_decorator.py
[2024-11-23T03:09:19.498+0000] {processor.py:743} INFO - Processing file /home/airflow/.local/lib/python3.7/site-packages/airflow/example_dags/example_sensor_decorator.py for tasks to queue
[2024-11-23T03:09:19.499+0000] {logging_mixin.py:137} INFO - [2024-11-23T03:09:19.499+0000] {dagbag.py:538} INFO - Filling up the DagBag from /home/airflow/.local/lib/python3.7/site-packages/airflow/example_dags/example_sensor_decorator.py
[2024-11-23T03:09:19.513+0000] {processor.py:753} INFO - DAG(s) dict_keys(['example_sensor_decorator']) retrieved from /home/airflow/.local/lib/python3.7/site-packages/airflow/example_dags/example_sensor_decorator.py
[2024-11-23T03:09:19.532+0000] {logging_mixin.py:137} INFO - [2024-11-23T03:09:19.532+0000] {dag.py:2690} INFO - Sync 1 DAGs
[2024-11-23T03:09:19.549+0000] {logging_mixin.py:137} INFO - [2024-11-23T03:09:19.549+0000] {dag.py:3441} INFO - Setting next_dagrun for example_sensor_decorator to None, run_after=None
[2024-11-23T03:09:19.561+0000] {processor.py:175} INFO - Processing /home/airflow/.local/lib/python3.7/site-packages/airflow/example_dags/example_sensor_decorator.py took 0.066 seconds
[2024-11-23T03:09:49.674+0000] {processor.py:153} INFO - Started process (PID=657) to work on /home/airflow/.local/lib/python3.7/site-packages/airflow/example_dags/example_sensor_decorator.py
[2024-11-23T03:09:49.680+0000] {processor.py:743} INFO - Processing file /home/airflow/.local/lib/python3.7/site-packages/airflow/example_dags/example_sensor_decorator.py for tasks to queue
[2024-11-23T03:09:49.682+0000] {logging_mixin.py:137} INFO - [2024-11-23T03:09:49.682+0000] {dagbag.py:538} INFO - Filling up the DagBag from /home/airflow/.local/lib/python3.7/site-packages/airflow/example_dags/example_sensor_decorator.py
[2024-11-23T03:09:49.729+0000] {processor.py:753} INFO - DAG(s) dict_keys(['example_sensor_decorator']) retrieved from /home/airflow/.local/lib/python3.7/site-packages/airflow/example_dags/example_sensor_decorator.py
[2024-11-23T03:09:49.746+0000] {logging_mixin.py:137} INFO - [2024-11-23T03:09:49.746+0000] {dag.py:2690} INFO - Sync 1 DAGs
[2024-11-23T03:09:49.783+0000] {logging_mixin.py:137} INFO - [2024-11-23T03:09:49.783+0000] {dag.py:3441} INFO - Setting next_dagrun for example_sensor_decorator to None, run_after=None
[2024-11-23T03:09:49.797+0000] {processor.py:175} INFO - Processing /home/airflow/.local/lib/python3.7/site-packages/airflow/example_dags/example_sensor_decorator.py took 0.126 seconds
[2024-11-23T03:10:19.864+0000] {processor.py:153} INFO - Started process (PID=738) to work on /home/airflow/.local/lib/python3.7/site-packages/airflow/example_dags/example_sensor_decorator.py
[2024-11-23T03:10:19.865+0000] {processor.py:743} INFO - Processing file /home/airflow/.local/lib/python3.7/site-packages/airflow/example_dags/example_sensor_decorator.py for tasks to queue
[2024-11-23T03:10:19.866+0000] {logging_mixin.py:137} INFO - [2024-11-23T03:10:19.866+0000] {dagbag.py:538} INFO - Filling up the DagBag from /home/airflow/.local/lib/python3.7/site-packages/airflow/example_dags/example_sensor_decorator.py
[2024-11-23T03:10:19.884+0000] {processor.py:753} INFO - DAG(s) dict_keys(['example_sensor_decorator']) retrieved from /home/airflow/.local/lib/python3.7/site-packages/airflow/example_dags/example_sensor_decorator.py
[2024-11-23T03:10:19.906+0000] {logging_mixin.py:137} INFO - [2024-11-23T03:10:19.906+0000] {dag.py:2690} INFO - Sync 1 DAGs
[2024-11-23T03:10:19.928+0000] {logging_mixin.py:137} INFO - [2024-11-23T03:10:19.928+0000] {dag.py:3441} INFO - Setting next_dagrun for example_sensor_decorator to None, run_after=None
[2024-11-23T03:10:19.943+0000] {processor.py:175} INFO - Processing /home/airflow/.local/lib/python3.7/site-packages/airflow/example_dags/example_sensor_decorator.py took 0.082 seconds
[2024-11-23T03:10:50.419+0000] {processor.py:153} INFO - Started process (PID=828) to work on /home/airflow/.local/lib/python3.7/site-packages/airflow/example_dags/example_sensor_decorator.py
[2024-11-23T03:10:50.420+0000] {processor.py:743} INFO - Processing file /home/airflow/.local/lib/python3.7/site-packages/airflow/example_dags/example_sensor_decorator.py for tasks to queue
[2024-11-23T03:10:50.420+0000] {logging_mixin.py:137} INFO - [2024-11-23T03:10:50.420+0000] {dagbag.py:538} INFO - Filling up the DagBag from /home/airflow/.local/lib/python3.7/site-packages/airflow/example_dags/example_sensor_decorator.py
[2024-11-23T03:10:50.436+0000] {processor.py:753} INFO - DAG(s) dict_keys(['example_sensor_decorator']) retrieved from /home/airflow/.local/lib/python3.7/site-packages/airflow/example_dags/example_sensor_decorator.py
[2024-11-23T03:10:50.452+0000] {logging_mixin.py:137} INFO - [2024-11-23T03:10:50.451+0000] {dag.py:2690} INFO - Sync 1 DAGs
[2024-11-23T03:10:50.469+0000] {logging_mixin.py:137} INFO - [2024-11-23T03:10:50.469+0000] {dag.py:3441} INFO - Setting next_dagrun for example_sensor_decorator to None, run_after=None
[2024-11-23T03:10:50.480+0000] {processor.py:175} INFO - Processing /home/airflow/.local/lib/python3.7/site-packages/airflow/example_dags/example_sensor_decorator.py took 0.063 seconds
[2024-11-23T03:11:20.723+0000] {processor.py:153} INFO - Started process (PID=902) to work on /home/airflow/.local/lib/python3.7/site-packages/airflow/example_dags/example_sensor_decorator.py
[2024-11-23T03:11:20.724+0000] {processor.py:743} INFO - Processing file /home/airflow/.local/lib/python3.7/site-packages/airflow/example_dags/example_sensor_decorator.py for tasks to queue
[2024-11-23T03:11:20.725+0000] {logging_mixin.py:137} INFO - [2024-11-23T03:11:20.725+0000] {dagbag.py:538} INFO - Filling up the DagBag from /home/airflow/.local/lib/python3.7/site-packages/airflow/example_dags/example_sensor_decorator.py
[2024-11-23T03:11:20.741+0000] {processor.py:753} INFO - DAG(s) dict_keys(['example_sensor_decorator']) retrieved from /home/airflow/.local/lib/python3.7/site-packages/airflow/example_dags/example_sensor_decorator.py
[2024-11-23T03:11:20.758+0000] {logging_mixin.py:137} INFO - [2024-11-23T03:11:20.758+0000] {dag.py:2690} INFO - Sync 1 DAGs
[2024-11-23T03:11:20.774+0000] {logging_mixin.py:137} INFO - [2024-11-23T03:11:20.774+0000] {dag.py:3441} INFO - Setting next_dagrun for example_sensor_decorator to None, run_after=None
[2024-11-23T03:11:20.789+0000] {processor.py:175} INFO - Processing /home/airflow/.local/lib/python3.7/site-packages/airflow/example_dags/example_sensor_decorator.py took 0.068 seconds
[2024-11-23T03:11:50.973+0000] {processor.py:153} INFO - Started process (PID=992) to work on /home/airflow/.local/lib/python3.7/site-packages/airflow/example_dags/example_sensor_decorator.py
[2024-11-23T03:11:50.974+0000] {processor.py:743} INFO - Processing file /home/airflow/.local/lib/python3.7/site-packages/airflow/example_dags/example_sensor_decorator.py for tasks to queue
[2024-11-23T03:11:50.974+0000] {logging_mixin.py:137} INFO - [2024-11-23T03:11:50.974+0000] {dagbag.py:538} INFO - Filling up the DagBag from /home/airflow/.local/lib/python3.7/site-packages/airflow/example_dags/example_sensor_decorator.py
[2024-11-23T03:11:50.990+0000] {processor.py:753} INFO - DAG(s) dict_keys(['example_sensor_decorator']) retrieved from /home/airflow/.local/lib/python3.7/site-packages/airflow/example_dags/example_sensor_decorator.py
[2024-11-23T03:11:51.005+0000] {logging_mixin.py:137} INFO - [2024-11-23T03:11:51.005+0000] {dag.py:2690} INFO - Sync 1 DAGs
[2024-11-23T03:11:51.023+0000] {logging_mixin.py:137} INFO - [2024-11-23T03:11:51.023+0000] {dag.py:3441} INFO - Setting next_dagrun for example_sensor_decorator to None, run_after=None
[2024-11-23T03:11:51.035+0000] {processor.py:175} INFO - Processing /home/airflow/.local/lib/python3.7/site-packages/airflow/example_dags/example_sensor_decorator.py took 0.066 seconds
[2024-11-23T03:12:21.221+0000] {processor.py:153} INFO - Started process (PID=1066) to work on /home/airflow/.local/lib/python3.7/site-packages/airflow/example_dags/example_sensor_decorator.py
[2024-11-23T03:12:21.222+0000] {processor.py:743} INFO - Processing file /home/airflow/.local/lib/python3.7/site-packages/airflow/example_dags/example_sensor_decorator.py for tasks to queue
[2024-11-23T03:12:21.225+0000] {logging_mixin.py:137} INFO - [2024-11-23T03:12:21.225+0000] {dagbag.py:538} INFO - Filling up the DagBag from /home/airflow/.local/lib/python3.7/site-packages/airflow/example_dags/example_sensor_decorator.py
[2024-11-23T03:12:21.243+0000] {processor.py:753} INFO - DAG(s) dict_keys(['example_sensor_decorator']) retrieved from /home/airflow/.local/lib/python3.7/site-packages/airflow/example_dags/example_sensor_decorator.py
[2024-11-23T03:12:21.260+0000] {logging_mixin.py:137} INFO - [2024-11-23T03:12:21.260+0000] {dag.py:2690} INFO - Sync 1 DAGs
[2024-11-23T03:12:21.279+0000] {logging_mixin.py:137} INFO - [2024-11-23T03:12:21.279+0000] {dag.py:3441} INFO - Setting next_dagrun for example_sensor_decorator to None, run_after=None
[2024-11-23T03:12:21.295+0000] {processor.py:175} INFO - Processing /home/airflow/.local/lib/python3.7/site-packages/airflow/example_dags/example_sensor_decorator.py took 0.076 seconds
[2024-11-23T03:12:51.724+0000] {processor.py:153} INFO - Started process (PID=1156) to work on /home/airflow/.local/lib/python3.7/site-packages/airflow/example_dags/example_sensor_decorator.py
[2024-11-23T03:12:51.725+0000] {processor.py:743} INFO - Processing file /home/airflow/.local/lib/python3.7/site-packages/airflow/example_dags/example_sensor_decorator.py for tasks to queue
[2024-11-23T03:12:51.725+0000] {logging_mixin.py:137} INFO - [2024-11-23T03:12:51.725+0000] {dagbag.py:538} INFO - Filling up the DagBag from /home/airflow/.local/lib/python3.7/site-packages/airflow/example_dags/example_sensor_decorator.py
[2024-11-23T03:12:51.740+0000] {processor.py:753} INFO - DAG(s) dict_keys(['example_sensor_decorator']) retrieved from /home/airflow/.local/lib/python3.7/site-packages/airflow/example_dags/example_sensor_decorator.py
[2024-11-23T03:12:51.756+0000] {logging_mixin.py:137} INFO - [2024-11-23T03:12:51.756+0000] {dag.py:2690} INFO - Sync 1 DAGs
[2024-11-23T03:12:51.772+0000] {logging_mixin.py:137} INFO - [2024-11-23T03:12:51.772+0000] {dag.py:3441} INFO - Setting next_dagrun for example_sensor_decorator to None, run_after=None
[2024-11-23T03:12:51.784+0000] {processor.py:175} INFO - Processing /home/airflow/.local/lib/python3.7/site-packages/airflow/example_dags/example_sensor_decorator.py took 0.061 seconds
[2024-11-23T03:13:21.923+0000] {processor.py:153} INFO - Started process (PID=1230) to work on /home/airflow/.local/lib/python3.7/site-packages/airflow/example_dags/example_sensor_decorator.py
[2024-11-23T03:13:21.924+0000] {processor.py:743} INFO - Processing file /home/airflow/.local/lib/python3.7/site-packages/airflow/example_dags/example_sensor_decorator.py for tasks to queue
[2024-11-23T03:13:21.924+0000] {logging_mixin.py:137} INFO - [2024-11-23T03:13:21.924+0000] {dagbag.py:538} INFO - Filling up the DagBag from /home/airflow/.local/lib/python3.7/site-packages/airflow/example_dags/example_sensor_decorator.py
[2024-11-23T03:13:21.940+0000] {processor.py:753} INFO - DAG(s) dict_keys(['example_sensor_decorator']) retrieved from /home/airflow/.local/lib/python3.7/site-packages/airflow/example_dags/example_sensor_decorator.py
[2024-11-23T03:13:21.960+0000] {logging_mixin.py:137} INFO - [2024-11-23T03:13:21.959+0000] {dag.py:2690} INFO - Sync 1 DAGs
[2024-11-23T03:13:21.978+0000] {logging_mixin.py:137} INFO - [2024-11-23T03:13:21.978+0000] {dag.py:3441} INFO - Setting next_dagrun for example_sensor_decorator to None, run_after=None
[2024-11-23T03:13:21.992+0000] {processor.py:175} INFO - Processing /home/airflow/.local/lib/python3.7/site-packages/airflow/example_dags/example_sensor_decorator.py took 0.071 seconds
[2024-11-23T03:13:52.116+0000] {processor.py:153} INFO - Started process (PID=1320) to work on /home/airflow/.local/lib/python3.7/site-packages/airflow/example_dags/example_sensor_decorator.py
[2024-11-23T03:13:52.117+0000] {processor.py:743} INFO - Processing file /home/airflow/.local/lib/python3.7/site-packages/airflow/example_dags/example_sensor_decorator.py for tasks to queue
[2024-11-23T03:13:52.117+0000] {logging_mixin.py:137} INFO - [2024-11-23T03:13:52.117+0000] {dagbag.py:538} INFO - Filling up the DagBag from /home/airflow/.local/lib/python3.7/site-packages/airflow/example_dags/example_sensor_decorator.py
[2024-11-23T03:13:52.133+0000] {processor.py:753} INFO - DAG(s) dict_keys(['example_sensor_decorator']) retrieved from /home/airflow/.local/lib/python3.7/site-packages/airflow/example_dags/example_sensor_decorator.py
[2024-11-23T03:13:52.151+0000] {logging_mixin.py:137} INFO - [2024-11-23T03:13:52.151+0000] {dag.py:2690} INFO - Sync 1 DAGs
[2024-11-23T03:13:52.173+0000] {logging_mixin.py:137} INFO - [2024-11-23T03:13:52.173+0000] {dag.py:3441} INFO - Setting next_dagrun for example_sensor_decorator to None, run_after=None
[2024-11-23T03:13:52.188+0000] {processor.py:175} INFO - Processing /home/airflow/.local/lib/python3.7/site-packages/airflow/example_dags/example_sensor_decorator.py took 0.074 seconds
[2024-11-23T03:14:22.302+0000] {processor.py:153} INFO - Started process (PID=1403) to work on /home/airflow/.local/lib/python3.7/site-packages/airflow/example_dags/example_sensor_decorator.py
[2024-11-23T03:14:22.303+0000] {processor.py:743} INFO - Processing file /home/airflow/.local/lib/python3.7/site-packages/airflow/example_dags/example_sensor_decorator.py for tasks to queue
[2024-11-23T03:14:22.305+0000] {logging_mixin.py:137} INFO - [2024-11-23T03:14:22.304+0000] {dagbag.py:538} INFO - Filling up the DagBag from /home/airflow/.local/lib/python3.7/site-packages/airflow/example_dags/example_sensor_decorator.py
[2024-11-23T03:14:22.322+0000] {processor.py:753} INFO - DAG(s) dict_keys(['example_sensor_decorator']) retrieved from /home/airflow/.local/lib/python3.7/site-packages/airflow/example_dags/example_sensor_decorator.py
[2024-11-23T03:14:22.343+0000] {logging_mixin.py:137} INFO - [2024-11-23T03:14:22.343+0000] {dag.py:2690} INFO - Sync 1 DAGs
[2024-11-23T03:14:22.369+0000] {logging_mixin.py:137} INFO - [2024-11-23T03:14:22.369+0000] {dag.py:3441} INFO - Setting next_dagrun for example_sensor_decorator to None, run_after=None
[2024-11-23T03:14:22.392+0000] {processor.py:175} INFO - Processing /home/airflow/.local/lib/python3.7/site-packages/airflow/example_dags/example_sensor_decorator.py took 0.094 seconds
[2024-11-23T03:14:52.697+0000] {processor.py:153} INFO - Started process (PID=1484) to work on /home/airflow/.local/lib/python3.7/site-packages/airflow/example_dags/example_sensor_decorator.py
[2024-11-23T03:14:52.697+0000] {processor.py:743} INFO - Processing file /home/airflow/.local/lib/python3.7/site-packages/airflow/example_dags/example_sensor_decorator.py for tasks to queue
[2024-11-23T03:14:52.699+0000] {logging_mixin.py:137} INFO - [2024-11-23T03:14:52.699+0000] {dagbag.py:538} INFO - Filling up the DagBag from /home/airflow/.local/lib/python3.7/site-packages/airflow/example_dags/example_sensor_decorator.py
[2024-11-23T03:14:52.720+0000] {processor.py:753} INFO - DAG(s) dict_keys(['example_sensor_decorator']) retrieved from /home/airflow/.local/lib/python3.7/site-packages/airflow/example_dags/example_sensor_decorator.py
[2024-11-23T03:14:52.743+0000] {logging_mixin.py:137} INFO - [2024-11-23T03:14:52.743+0000] {dag.py:2690} INFO - Sync 1 DAGs
[2024-11-23T03:14:52.763+0000] {logging_mixin.py:137} INFO - [2024-11-23T03:14:52.763+0000] {dag.py:3441} INFO - Setting next_dagrun for example_sensor_decorator to None, run_after=None
[2024-11-23T03:14:52.781+0000] {processor.py:175} INFO - Processing /home/airflow/.local/lib/python3.7/site-packages/airflow/example_dags/example_sensor_decorator.py took 0.088 seconds
[2024-11-23T03:15:23.639+0000] {processor.py:153} INFO - Started process (PID=1574) to work on /home/airflow/.local/lib/python3.7/site-packages/airflow/example_dags/example_sensor_decorator.py
[2024-11-23T03:15:23.642+0000] {processor.py:743} INFO - Processing file /home/airflow/.local/lib/python3.7/site-packages/airflow/example_dags/example_sensor_decorator.py for tasks to queue
[2024-11-23T03:15:23.645+0000] {logging_mixin.py:137} INFO - [2024-11-23T03:15:23.645+0000] {dagbag.py:538} INFO - Filling up the DagBag from /home/airflow/.local/lib/python3.7/site-packages/airflow/example_dags/example_sensor_decorator.py
[2024-11-23T03:15:23.672+0000] {processor.py:753} INFO - DAG(s) dict_keys(['example_sensor_decorator']) retrieved from /home/airflow/.local/lib/python3.7/site-packages/airflow/example_dags/example_sensor_decorator.py
[2024-11-23T03:15:23.702+0000] {logging_mixin.py:137} INFO - [2024-11-23T03:15:23.701+0000] {dag.py:2690} INFO - Sync 1 DAGs
[2024-11-23T03:15:23.729+0000] {logging_mixin.py:137} INFO - [2024-11-23T03:15:23.729+0000] {dag.py:3441} INFO - Setting next_dagrun for example_sensor_decorator to None, run_after=None
[2024-11-23T03:15:23.759+0000] {processor.py:175} INFO - Processing /home/airflow/.local/lib/python3.7/site-packages/airflow/example_dags/example_sensor_decorator.py took 0.125 seconds
[2024-11-23T03:15:53.810+0000] {processor.py:153} INFO - Started process (PID=1648) to work on /home/airflow/.local/lib/python3.7/site-packages/airflow/example_dags/example_sensor_decorator.py
[2024-11-23T03:15:53.811+0000] {processor.py:743} INFO - Processing file /home/airflow/.local/lib/python3.7/site-packages/airflow/example_dags/example_sensor_decorator.py for tasks to queue
[2024-11-23T03:15:53.812+0000] {logging_mixin.py:137} INFO - [2024-11-23T03:15:53.811+0000] {dagbag.py:538} INFO - Filling up the DagBag from /home/airflow/.local/lib/python3.7/site-packages/airflow/example_dags/example_sensor_decorator.py
[2024-11-23T03:15:53.826+0000] {processor.py:753} INFO - DAG(s) dict_keys(['example_sensor_decorator']) retrieved from /home/airflow/.local/lib/python3.7/site-packages/airflow/example_dags/example_sensor_decorator.py
[2024-11-23T03:15:53.842+0000] {logging_mixin.py:137} INFO - [2024-11-23T03:15:53.842+0000] {dag.py:2690} INFO - Sync 1 DAGs
[2024-11-23T03:15:53.859+0000] {logging_mixin.py:137} INFO - [2024-11-23T03:15:53.858+0000] {dag.py:3441} INFO - Setting next_dagrun for example_sensor_decorator to None, run_after=None
[2024-11-23T03:15:53.869+0000] {processor.py:175} INFO - Processing /home/airflow/.local/lib/python3.7/site-packages/airflow/example_dags/example_sensor_decorator.py took 0.061 seconds
[2024-11-23T03:16:23.956+0000] {processor.py:153} INFO - Started process (PID=1738) to work on /home/airflow/.local/lib/python3.7/site-packages/airflow/example_dags/example_sensor_decorator.py
[2024-11-23T03:16:23.957+0000] {processor.py:743} INFO - Processing file /home/airflow/.local/lib/python3.7/site-packages/airflow/example_dags/example_sensor_decorator.py for tasks to queue
[2024-11-23T03:16:23.957+0000] {logging_mixin.py:137} INFO - [2024-11-23T03:16:23.957+0000] {dagbag.py:538} INFO - Filling up the DagBag from /home/airflow/.local/lib/python3.7/site-packages/airflow/example_dags/example_sensor_decorator.py
[2024-11-23T03:16:23.972+0000] {processor.py:753} INFO - DAG(s) dict_keys(['example_sensor_decorator']) retrieved from /home/airflow/.local/lib/python3.7/site-packages/airflow/example_dags/example_sensor_decorator.py
[2024-11-23T03:16:23.990+0000] {logging_mixin.py:137} INFO - [2024-11-23T03:16:23.990+0000] {dag.py:2690} INFO - Sync 1 DAGs
[2024-11-23T03:16:24.007+0000] {logging_mixin.py:137} INFO - [2024-11-23T03:16:24.007+0000] {dag.py:3441} INFO - Setting next_dagrun for example_sensor_decorator to None, run_after=None
[2024-11-23T03:16:24.019+0000] {processor.py:175} INFO - Processing /home/airflow/.local/lib/python3.7/site-packages/airflow/example_dags/example_sensor_decorator.py took 0.065 seconds
[2024-11-23T03:16:54.247+0000] {processor.py:153} INFO - Started process (PID=1812) to work on /home/airflow/.local/lib/python3.7/site-packages/airflow/example_dags/example_sensor_decorator.py
[2024-11-23T03:16:54.251+0000] {processor.py:743} INFO - Processing file /home/airflow/.local/lib/python3.7/site-packages/airflow/example_dags/example_sensor_decorator.py for tasks to queue
[2024-11-23T03:16:54.251+0000] {logging_mixin.py:137} INFO - [2024-11-23T03:16:54.251+0000] {dagbag.py:538} INFO - Filling up the DagBag from /home/airflow/.local/lib/python3.7/site-packages/airflow/example_dags/example_sensor_decorator.py
[2024-11-23T03:16:54.267+0000] {processor.py:753} INFO - DAG(s) dict_keys(['example_sensor_decorator']) retrieved from /home/airflow/.local/lib/python3.7/site-packages/airflow/example_dags/example_sensor_decorator.py
[2024-11-23T03:16:54.285+0000] {logging_mixin.py:137} INFO - [2024-11-23T03:16:54.285+0000] {dag.py:2690} INFO - Sync 1 DAGs
[2024-11-23T03:16:54.303+0000] {logging_mixin.py:137} INFO - [2024-11-23T03:16:54.303+0000] {dag.py:3441} INFO - Setting next_dagrun for example_sensor_decorator to None, run_after=None
[2024-11-23T03:16:54.316+0000] {processor.py:175} INFO - Processing /home/airflow/.local/lib/python3.7/site-packages/airflow/example_dags/example_sensor_decorator.py took 0.072 seconds
[2024-11-23T03:17:24.422+0000] {processor.py:153} INFO - Started process (PID=1902) to work on /home/airflow/.local/lib/python3.7/site-packages/airflow/example_dags/example_sensor_decorator.py
[2024-11-23T03:17:24.423+0000] {processor.py:743} INFO - Processing file /home/airflow/.local/lib/python3.7/site-packages/airflow/example_dags/example_sensor_decorator.py for tasks to queue
[2024-11-23T03:17:24.424+0000] {logging_mixin.py:137} INFO - [2024-11-23T03:17:24.423+0000] {dagbag.py:538} INFO - Filling up the DagBag from /home/airflow/.local/lib/python3.7/site-packages/airflow/example_dags/example_sensor_decorator.py
[2024-11-23T03:17:24.440+0000] {processor.py:753} INFO - DAG(s) dict_keys(['example_sensor_decorator']) retrieved from /home/airflow/.local/lib/python3.7/site-packages/airflow/example_dags/example_sensor_decorator.py
[2024-11-23T03:17:24.456+0000] {logging_mixin.py:137} INFO - [2024-11-23T03:17:24.456+0000] {dag.py:2690} INFO - Sync 1 DAGs
[2024-11-23T03:17:24.474+0000] {logging_mixin.py:137} INFO - [2024-11-23T03:17:24.473+0000] {dag.py:3441} INFO - Setting next_dagrun for example_sensor_decorator to None, run_after=None
[2024-11-23T03:17:24.485+0000] {processor.py:175} INFO - Processing /home/airflow/.local/lib/python3.7/site-packages/airflow/example_dags/example_sensor_decorator.py took 0.066 seconds
[2024-11-23T03:17:54.582+0000] {processor.py:153} INFO - Started process (PID=1975) to work on /home/airflow/.local/lib/python3.7/site-packages/airflow/example_dags/example_sensor_decorator.py
[2024-11-23T03:17:54.583+0000] {processor.py:743} INFO - Processing file /home/airflow/.local/lib/python3.7/site-packages/airflow/example_dags/example_sensor_decorator.py for tasks to queue
[2024-11-23T03:17:54.584+0000] {logging_mixin.py:137} INFO - [2024-11-23T03:17:54.584+0000] {dagbag.py:538} INFO - Filling up the DagBag from /home/airflow/.local/lib/python3.7/site-packages/airflow/example_dags/example_sensor_decorator.py
[2024-11-23T03:17:54.600+0000] {processor.py:753} INFO - DAG(s) dict_keys(['example_sensor_decorator']) retrieved from /home/airflow/.local/lib/python3.7/site-packages/airflow/example_dags/example_sensor_decorator.py
[2024-11-23T03:17:54.620+0000] {logging_mixin.py:137} INFO - [2024-11-23T03:17:54.620+0000] {dag.py:2690} INFO - Sync 1 DAGs
[2024-11-23T03:17:54.637+0000] {logging_mixin.py:137} INFO - [2024-11-23T03:17:54.637+0000] {dag.py:3441} INFO - Setting next_dagrun for example_sensor_decorator to None, run_after=None
[2024-11-23T03:17:54.648+0000] {processor.py:175} INFO - Processing /home/airflow/.local/lib/python3.7/site-packages/airflow/example_dags/example_sensor_decorator.py took 0.068 seconds
[2024-11-23T03:18:24.956+0000] {processor.py:153} INFO - Started process (PID=2064) to work on /home/airflow/.local/lib/python3.7/site-packages/airflow/example_dags/example_sensor_decorator.py
[2024-11-23T03:18:24.957+0000] {processor.py:743} INFO - Processing file /home/airflow/.local/lib/python3.7/site-packages/airflow/example_dags/example_sensor_decorator.py for tasks to queue
[2024-11-23T03:18:24.957+0000] {logging_mixin.py:137} INFO - [2024-11-23T03:18:24.957+0000] {dagbag.py:538} INFO - Filling up the DagBag from /home/airflow/.local/lib/python3.7/site-packages/airflow/example_dags/example_sensor_decorator.py
[2024-11-23T03:18:24.973+0000] {processor.py:753} INFO - DAG(s) dict_keys(['example_sensor_decorator']) retrieved from /home/airflow/.local/lib/python3.7/site-packages/airflow/example_dags/example_sensor_decorator.py
[2024-11-23T03:18:24.993+0000] {logging_mixin.py:137} INFO - [2024-11-23T03:18:24.993+0000] {dag.py:2690} INFO - Sync 1 DAGs
[2024-11-23T03:18:25.010+0000] {logging_mixin.py:137} INFO - [2024-11-23T03:18:25.010+0000] {dag.py:3441} INFO - Setting next_dagrun for example_sensor_decorator to None, run_after=None
[2024-11-23T03:18:25.021+0000] {processor.py:175} INFO - Processing /home/airflow/.local/lib/python3.7/site-packages/airflow/example_dags/example_sensor_decorator.py took 0.068 seconds
[2024-11-23T03:18:55.121+0000] {processor.py:153} INFO - Started process (PID=2147) to work on /home/airflow/.local/lib/python3.7/site-packages/airflow/example_dags/example_sensor_decorator.py
[2024-11-23T03:18:55.122+0000] {processor.py:743} INFO - Processing file /home/airflow/.local/lib/python3.7/site-packages/airflow/example_dags/example_sensor_decorator.py for tasks to queue
[2024-11-23T03:18:55.126+0000] {logging_mixin.py:137} INFO - [2024-11-23T03:18:55.126+0000] {dagbag.py:538} INFO - Filling up the DagBag from /home/airflow/.local/lib/python3.7/site-packages/airflow/example_dags/example_sensor_decorator.py
[2024-11-23T03:18:55.144+0000] {processor.py:753} INFO - DAG(s) dict_keys(['example_sensor_decorator']) retrieved from /home/airflow/.local/lib/python3.7/site-packages/airflow/example_dags/example_sensor_decorator.py
[2024-11-23T03:18:55.167+0000] {logging_mixin.py:137} INFO - [2024-11-23T03:18:55.167+0000] {dag.py:2690} INFO - Sync 1 DAGs
[2024-11-23T03:18:55.185+0000] {logging_mixin.py:137} INFO - [2024-11-23T03:18:55.185+0000] {dag.py:3441} INFO - Setting next_dagrun for example_sensor_decorator to None, run_after=None
[2024-11-23T03:18:55.204+0000] {processor.py:175} INFO - Processing /home/airflow/.local/lib/python3.7/site-packages/airflow/example_dags/example_sensor_decorator.py took 0.086 seconds
[2024-11-23T03:19:25.512+0000] {processor.py:153} INFO - Started process (PID=2227) to work on /home/airflow/.local/lib/python3.7/site-packages/airflow/example_dags/example_sensor_decorator.py
[2024-11-23T03:19:25.515+0000] {processor.py:743} INFO - Processing file /home/airflow/.local/lib/python3.7/site-packages/airflow/example_dags/example_sensor_decorator.py for tasks to queue
[2024-11-23T03:19:25.515+0000] {logging_mixin.py:137} INFO - [2024-11-23T03:19:25.515+0000] {dagbag.py:538} INFO - Filling up the DagBag from /home/airflow/.local/lib/python3.7/site-packages/airflow/example_dags/example_sensor_decorator.py
[2024-11-23T03:19:25.540+0000] {processor.py:753} INFO - DAG(s) dict_keys(['example_sensor_decorator']) retrieved from /home/airflow/.local/lib/python3.7/site-packages/airflow/example_dags/example_sensor_decorator.py
[2024-11-23T03:19:25.566+0000] {logging_mixin.py:137} INFO - [2024-11-23T03:19:25.566+0000] {dag.py:2690} INFO - Sync 1 DAGs
[2024-11-23T03:19:25.589+0000] {logging_mixin.py:137} INFO - [2024-11-23T03:19:25.589+0000] {dag.py:3441} INFO - Setting next_dagrun for example_sensor_decorator to None, run_after=None
[2024-11-23T03:19:25.602+0000] {processor.py:175} INFO - Processing /home/airflow/.local/lib/python3.7/site-packages/airflow/example_dags/example_sensor_decorator.py took 0.092 seconds
[2024-11-23T03:19:56.789+0000] {processor.py:153} INFO - Started process (PID=2317) to work on /home/airflow/.local/lib/python3.7/site-packages/airflow/example_dags/example_sensor_decorator.py
[2024-11-23T03:19:56.791+0000] {processor.py:743} INFO - Processing file /home/airflow/.local/lib/python3.7/site-packages/airflow/example_dags/example_sensor_decorator.py for tasks to queue
[2024-11-23T03:19:56.792+0000] {logging_mixin.py:137} INFO - [2024-11-23T03:19:56.792+0000] {dagbag.py:538} INFO - Filling up the DagBag from /home/airflow/.local/lib/python3.7/site-packages/airflow/example_dags/example_sensor_decorator.py
[2024-11-23T03:19:56.825+0000] {processor.py:753} INFO - DAG(s) dict_keys(['example_sensor_decorator']) retrieved from /home/airflow/.local/lib/python3.7/site-packages/airflow/example_dags/example_sensor_decorator.py
[2024-11-23T03:19:56.854+0000] {logging_mixin.py:137} INFO - [2024-11-23T03:19:56.853+0000] {dag.py:2690} INFO - Sync 1 DAGs
[2024-11-23T03:19:56.887+0000] {logging_mixin.py:137} INFO - [2024-11-23T03:19:56.886+0000] {dag.py:3441} INFO - Setting next_dagrun for example_sensor_decorator to None, run_after=None
[2024-11-23T03:19:56.909+0000] {processor.py:175} INFO - Processing /home/airflow/.local/lib/python3.7/site-packages/airflow/example_dags/example_sensor_decorator.py took 0.126 seconds
