[2024-11-23T02:53:02.223+0000] {processor.py:153} INFO - Started process (PID=65) to work on /home/airflow/.local/lib/python3.7/site-packages/airflow/example_dags/example_xcomargs.py
[2024-11-23T02:53:02.228+0000] {processor.py:743} INFO - Processing file /home/airflow/.local/lib/python3.7/site-packages/airflow/example_dags/example_xcomargs.py for tasks to queue
[2024-11-23T02:53:02.229+0000] {logging_mixin.py:137} INFO - [2024-11-23T02:53:02.229+0000] {dagbag.py:538} INFO - Filling up the DagBag from /home/airflow/.local/lib/python3.7/site-packages/airflow/example_dags/example_xcomargs.py
[2024-11-23T02:53:02.319+0000] {processor.py:753} INFO - DAG(s) dict_keys(['example_xcom_args', 'example_xcom_args_with_operators']) retrieved from /home/airflow/.local/lib/python3.7/site-packages/airflow/example_dags/example_xcomargs.py
[2024-11-23T02:53:02.356+0000] {logging_mixin.py:137} INFO - [2024-11-23T02:53:02.356+0000] {dag.py:2690} INFO - Sync 2 DAGs
[2024-11-23T02:53:02.414+0000] {logging_mixin.py:137} INFO - [2024-11-23T02:53:02.414+0000] {dag.py:3441} INFO - Setting next_dagrun for example_xcom_args to None, run_after=None
[2024-11-23T02:53:02.419+0000] {logging_mixin.py:137} INFO - [2024-11-23T02:53:02.419+0000] {dag.py:3441} INFO - Setting next_dagrun for example_xcom_args_with_operators to None, run_after=None
[2024-11-23T02:53:02.467+0000] {processor.py:175} INFO - Processing /home/airflow/.local/lib/python3.7/site-packages/airflow/example_dags/example_xcomargs.py took 0.253 seconds
[2024-11-23T02:53:32.608+0000] {processor.py:153} INFO - Started process (PID=146) to work on /home/airflow/.local/lib/python3.7/site-packages/airflow/example_dags/example_xcomargs.py
[2024-11-23T02:53:32.609+0000] {processor.py:743} INFO - Processing file /home/airflow/.local/lib/python3.7/site-packages/airflow/example_dags/example_xcomargs.py for tasks to queue
[2024-11-23T02:53:32.609+0000] {logging_mixin.py:137} INFO - [2024-11-23T02:53:32.609+0000] {dagbag.py:538} INFO - Filling up the DagBag from /home/airflow/.local/lib/python3.7/site-packages/airflow/example_dags/example_xcomargs.py
[2024-11-23T02:53:32.627+0000] {processor.py:753} INFO - DAG(s) dict_keys(['example_xcom_args', 'example_xcom_args_with_operators']) retrieved from /home/airflow/.local/lib/python3.7/site-packages/airflow/example_dags/example_xcomargs.py
[2024-11-23T02:53:32.647+0000] {logging_mixin.py:137} INFO - [2024-11-23T02:53:32.647+0000] {dag.py:2690} INFO - Sync 2 DAGs
[2024-11-23T02:53:32.668+0000] {logging_mixin.py:137} INFO - [2024-11-23T02:53:32.668+0000] {dag.py:3441} INFO - Setting next_dagrun for example_xcom_args to None, run_after=None
[2024-11-23T02:53:32.672+0000] {logging_mixin.py:137} INFO - [2024-11-23T02:53:32.672+0000] {dag.py:3441} INFO - Setting next_dagrun for example_xcom_args_with_operators to None, run_after=None
[2024-11-23T02:53:32.686+0000] {processor.py:175} INFO - Processing /home/airflow/.local/lib/python3.7/site-packages/airflow/example_dags/example_xcomargs.py took 0.081 seconds
[2024-11-23T02:54:03.689+0000] {processor.py:153} INFO - Started process (PID=220) to work on /home/airflow/.local/lib/python3.7/site-packages/airflow/example_dags/example_xcomargs.py
[2024-11-23T02:54:03.693+0000] {processor.py:743} INFO - Processing file /home/airflow/.local/lib/python3.7/site-packages/airflow/example_dags/example_xcomargs.py for tasks to queue
[2024-11-23T02:54:03.694+0000] {logging_mixin.py:137} INFO - [2024-11-23T02:54:03.693+0000] {dagbag.py:538} INFO - Filling up the DagBag from /home/airflow/.local/lib/python3.7/site-packages/airflow/example_dags/example_xcomargs.py
[2024-11-23T02:54:03.811+0000] {processor.py:753} INFO - DAG(s) dict_keys(['example_xcom_args', 'example_xcom_args_with_operators']) retrieved from /home/airflow/.local/lib/python3.7/site-packages/airflow/example_dags/example_xcomargs.py
[2024-11-23T02:54:04.013+0000] {logging_mixin.py:137} INFO - [2024-11-23T02:54:04.012+0000] {dag.py:2690} INFO - Sync 2 DAGs
[2024-11-23T02:54:04.047+0000] {logging_mixin.py:137} INFO - [2024-11-23T02:54:04.046+0000] {dag.py:3441} INFO - Setting next_dagrun for example_xcom_args to None, run_after=None
[2024-11-23T02:54:04.051+0000] {logging_mixin.py:137} INFO - [2024-11-23T02:54:04.051+0000] {dag.py:3441} INFO - Setting next_dagrun for example_xcom_args_with_operators to None, run_after=None
[2024-11-23T02:54:04.102+0000] {processor.py:175} INFO - Processing /home/airflow/.local/lib/python3.7/site-packages/airflow/example_dags/example_xcomargs.py took 0.422 seconds
[2024-11-23T02:54:34.387+0000] {processor.py:153} INFO - Started process (PID=310) to work on /home/airflow/.local/lib/python3.7/site-packages/airflow/example_dags/example_xcomargs.py
[2024-11-23T02:54:34.389+0000] {processor.py:743} INFO - Processing file /home/airflow/.local/lib/python3.7/site-packages/airflow/example_dags/example_xcomargs.py for tasks to queue
[2024-11-23T02:54:34.389+0000] {logging_mixin.py:137} INFO - [2024-11-23T02:54:34.389+0000] {dagbag.py:538} INFO - Filling up the DagBag from /home/airflow/.local/lib/python3.7/site-packages/airflow/example_dags/example_xcomargs.py
[2024-11-23T02:54:34.408+0000] {processor.py:753} INFO - DAG(s) dict_keys(['example_xcom_args', 'example_xcom_args_with_operators']) retrieved from /home/airflow/.local/lib/python3.7/site-packages/airflow/example_dags/example_xcomargs.py
[2024-11-23T02:54:34.431+0000] {logging_mixin.py:137} INFO - [2024-11-23T02:54:34.431+0000] {dag.py:2690} INFO - Sync 2 DAGs
[2024-11-23T02:54:34.448+0000] {logging_mixin.py:137} INFO - [2024-11-23T02:54:34.448+0000] {dag.py:3441} INFO - Setting next_dagrun for example_xcom_args to None, run_after=None
[2024-11-23T02:54:34.450+0000] {logging_mixin.py:137} INFO - [2024-11-23T02:54:34.450+0000] {dag.py:3441} INFO - Setting next_dagrun for example_xcom_args_with_operators to None, run_after=None
[2024-11-23T02:54:34.467+0000] {processor.py:175} INFO - Processing /home/airflow/.local/lib/python3.7/site-packages/airflow/example_dags/example_xcomargs.py took 0.083 seconds
[2024-11-23T02:55:29.323+0000] {processor.py:153} INFO - Started process (PID=56) to work on /home/airflow/.local/lib/python3.7/site-packages/airflow/example_dags/example_xcomargs.py
[2024-11-23T02:55:29.325+0000] {processor.py:743} INFO - Processing file /home/airflow/.local/lib/python3.7/site-packages/airflow/example_dags/example_xcomargs.py for tasks to queue
[2024-11-23T02:55:29.325+0000] {logging_mixin.py:137} INFO - [2024-11-23T02:55:29.325+0000] {dagbag.py:538} INFO - Filling up the DagBag from /home/airflow/.local/lib/python3.7/site-packages/airflow/example_dags/example_xcomargs.py
[2024-11-23T02:55:29.350+0000] {processor.py:753} INFO - DAG(s) dict_keys(['example_xcom_args_with_operators', 'example_xcom_args']) retrieved from /home/airflow/.local/lib/python3.7/site-packages/airflow/example_dags/example_xcomargs.py
[2024-11-23T02:55:29.365+0000] {logging_mixin.py:137} INFO - [2024-11-23T02:55:29.365+0000] {dag.py:2690} INFO - Sync 2 DAGs
[2024-11-23T02:55:29.445+0000] {logging_mixin.py:137} INFO - [2024-11-23T02:55:29.445+0000] {dag.py:3441} INFO - Setting next_dagrun for example_xcom_args to None, run_after=None
[2024-11-23T02:55:29.461+0000] {logging_mixin.py:137} INFO - [2024-11-23T02:55:29.461+0000] {dag.py:3441} INFO - Setting next_dagrun for example_xcom_args_with_operators to None, run_after=None
[2024-11-23T02:55:29.531+0000] {processor.py:175} INFO - Processing /home/airflow/.local/lib/python3.7/site-packages/airflow/example_dags/example_xcomargs.py took 0.244 seconds
[2024-11-23T02:56:02.640+0000] {processor.py:153} INFO - Started process (PID=146) to work on /home/airflow/.local/lib/python3.7/site-packages/airflow/example_dags/example_xcomargs.py
[2024-11-23T02:56:02.644+0000] {processor.py:743} INFO - Processing file /home/airflow/.local/lib/python3.7/site-packages/airflow/example_dags/example_xcomargs.py for tasks to queue
[2024-11-23T02:56:02.646+0000] {logging_mixin.py:137} INFO - [2024-11-23T02:56:02.646+0000] {dagbag.py:538} INFO - Filling up the DagBag from /home/airflow/.local/lib/python3.7/site-packages/airflow/example_dags/example_xcomargs.py
[2024-11-23T02:56:02.668+0000] {processor.py:753} INFO - DAG(s) dict_keys(['example_xcom_args', 'example_xcom_args_with_operators']) retrieved from /home/airflow/.local/lib/python3.7/site-packages/airflow/example_dags/example_xcomargs.py
[2024-11-23T02:56:02.703+0000] {logging_mixin.py:137} INFO - [2024-11-23T02:56:02.703+0000] {dag.py:2690} INFO - Sync 2 DAGs
[2024-11-23T02:56:02.723+0000] {logging_mixin.py:137} INFO - [2024-11-23T02:56:02.723+0000] {dag.py:3441} INFO - Setting next_dagrun for example_xcom_args to None, run_after=None
[2024-11-23T02:56:02.725+0000] {logging_mixin.py:137} INFO - [2024-11-23T02:56:02.725+0000] {dag.py:3441} INFO - Setting next_dagrun for example_xcom_args_with_operators to None, run_after=None
[2024-11-23T02:56:02.742+0000] {processor.py:175} INFO - Processing /home/airflow/.local/lib/python3.7/site-packages/airflow/example_dags/example_xcomargs.py took 0.105 seconds
[2024-11-23T02:56:33.474+0000] {processor.py:153} INFO - Started process (PID=236) to work on /home/airflow/.local/lib/python3.7/site-packages/airflow/example_dags/example_xcomargs.py
[2024-11-23T02:56:33.475+0000] {processor.py:743} INFO - Processing file /home/airflow/.local/lib/python3.7/site-packages/airflow/example_dags/example_xcomargs.py for tasks to queue
[2024-11-23T02:56:33.478+0000] {logging_mixin.py:137} INFO - [2024-11-23T02:56:33.478+0000] {dagbag.py:538} INFO - Filling up the DagBag from /home/airflow/.local/lib/python3.7/site-packages/airflow/example_dags/example_xcomargs.py
[2024-11-23T02:56:33.497+0000] {processor.py:753} INFO - DAG(s) dict_keys(['example_xcom_args_with_operators', 'example_xcom_args']) retrieved from /home/airflow/.local/lib/python3.7/site-packages/airflow/example_dags/example_xcomargs.py
[2024-11-23T02:56:33.531+0000] {logging_mixin.py:137} INFO - [2024-11-23T02:56:33.531+0000] {dag.py:2690} INFO - Sync 2 DAGs
[2024-11-23T02:56:33.551+0000] {logging_mixin.py:137} INFO - [2024-11-23T02:56:33.551+0000] {dag.py:3441} INFO - Setting next_dagrun for example_xcom_args to None, run_after=None
[2024-11-23T02:56:33.558+0000] {logging_mixin.py:137} INFO - [2024-11-23T02:56:33.558+0000] {dag.py:3441} INFO - Setting next_dagrun for example_xcom_args_with_operators to None, run_after=None
[2024-11-23T02:56:33.580+0000] {processor.py:175} INFO - Processing /home/airflow/.local/lib/python3.7/site-packages/airflow/example_dags/example_xcomargs.py took 0.109 seconds
[2024-11-23T02:57:04.477+0000] {processor.py:153} INFO - Started process (PID=310) to work on /home/airflow/.local/lib/python3.7/site-packages/airflow/example_dags/example_xcomargs.py
[2024-11-23T02:57:04.478+0000] {processor.py:743} INFO - Processing file /home/airflow/.local/lib/python3.7/site-packages/airflow/example_dags/example_xcomargs.py for tasks to queue
[2024-11-23T02:57:04.479+0000] {logging_mixin.py:137} INFO - [2024-11-23T02:57:04.479+0000] {dagbag.py:538} INFO - Filling up the DagBag from /home/airflow/.local/lib/python3.7/site-packages/airflow/example_dags/example_xcomargs.py
[2024-11-23T02:57:04.497+0000] {processor.py:753} INFO - DAG(s) dict_keys(['example_xcom_args_with_operators', 'example_xcom_args']) retrieved from /home/airflow/.local/lib/python3.7/site-packages/airflow/example_dags/example_xcomargs.py
[2024-11-23T02:57:04.527+0000] {logging_mixin.py:137} INFO - [2024-11-23T02:57:04.526+0000] {dag.py:2690} INFO - Sync 2 DAGs
[2024-11-23T02:57:04.545+0000] {logging_mixin.py:137} INFO - [2024-11-23T02:57:04.545+0000] {dag.py:3441} INFO - Setting next_dagrun for example_xcom_args to None, run_after=None
[2024-11-23T02:57:04.551+0000] {logging_mixin.py:137} INFO - [2024-11-23T02:57:04.551+0000] {dag.py:3441} INFO - Setting next_dagrun for example_xcom_args_with_operators to None, run_after=None
[2024-11-23T02:57:04.562+0000] {processor.py:175} INFO - Processing /home/airflow/.local/lib/python3.7/site-packages/airflow/example_dags/example_xcomargs.py took 0.087 seconds
[2024-11-23T02:57:35.169+0000] {processor.py:153} INFO - Started process (PID=393) to work on /home/airflow/.local/lib/python3.7/site-packages/airflow/example_dags/example_xcomargs.py
[2024-11-23T02:57:35.170+0000] {processor.py:743} INFO - Processing file /home/airflow/.local/lib/python3.7/site-packages/airflow/example_dags/example_xcomargs.py for tasks to queue
[2024-11-23T02:57:35.171+0000] {logging_mixin.py:137} INFO - [2024-11-23T02:57:35.171+0000] {dagbag.py:538} INFO - Filling up the DagBag from /home/airflow/.local/lib/python3.7/site-packages/airflow/example_dags/example_xcomargs.py
[2024-11-23T02:57:35.191+0000] {processor.py:753} INFO - DAG(s) dict_keys(['example_xcom_args', 'example_xcom_args_with_operators']) retrieved from /home/airflow/.local/lib/python3.7/site-packages/airflow/example_dags/example_xcomargs.py
[2024-11-23T02:57:35.226+0000] {logging_mixin.py:137} INFO - [2024-11-23T02:57:35.226+0000] {dag.py:2690} INFO - Sync 2 DAGs
[2024-11-23T02:57:35.248+0000] {logging_mixin.py:137} INFO - [2024-11-23T02:57:35.247+0000] {dag.py:3441} INFO - Setting next_dagrun for example_xcom_args to None, run_after=None
[2024-11-23T02:57:35.250+0000] {logging_mixin.py:137} INFO - [2024-11-23T02:57:35.250+0000] {dag.py:3441} INFO - Setting next_dagrun for example_xcom_args_with_operators to None, run_after=None
[2024-11-23T02:57:35.270+0000] {processor.py:175} INFO - Processing /home/airflow/.local/lib/python3.7/site-packages/airflow/example_dags/example_xcomargs.py took 0.105 seconds
[2024-11-23T02:58:39.415+0000] {processor.py:153} INFO - Started process (PID=64) to work on /home/airflow/.local/lib/python3.7/site-packages/airflow/example_dags/example_xcomargs.py
[2024-11-23T02:58:39.425+0000] {processor.py:743} INFO - Processing file /home/airflow/.local/lib/python3.7/site-packages/airflow/example_dags/example_xcomargs.py for tasks to queue
[2024-11-23T02:58:39.439+0000] {logging_mixin.py:137} INFO - [2024-11-23T02:58:39.438+0000] {dagbag.py:538} INFO - Filling up the DagBag from /home/airflow/.local/lib/python3.7/site-packages/airflow/example_dags/example_xcomargs.py
[2024-11-23T02:58:39.522+0000] {processor.py:753} INFO - DAG(s) dict_keys(['example_xcom_args_with_operators', 'example_xcom_args']) retrieved from /home/airflow/.local/lib/python3.7/site-packages/airflow/example_dags/example_xcomargs.py
[2024-11-23T02:58:39.548+0000] {logging_mixin.py:137} INFO - [2024-11-23T02:58:39.547+0000] {dag.py:2690} INFO - Sync 2 DAGs
[2024-11-23T02:58:39.597+0000] {logging_mixin.py:137} INFO - [2024-11-23T02:58:39.596+0000] {dag.py:3441} INFO - Setting next_dagrun for example_xcom_args to None, run_after=None
[2024-11-23T02:58:39.605+0000] {logging_mixin.py:137} INFO - [2024-11-23T02:58:39.605+0000] {dag.py:3441} INFO - Setting next_dagrun for example_xcom_args_with_operators to None, run_after=None
[2024-11-23T02:58:39.629+0000] {processor.py:175} INFO - Processing /home/airflow/.local/lib/python3.7/site-packages/airflow/example_dags/example_xcomargs.py took 0.224 seconds
[2024-11-23T02:59:10.307+0000] {processor.py:153} INFO - Started process (PID=145) to work on /home/airflow/.local/lib/python3.7/site-packages/airflow/example_dags/example_xcomargs.py
[2024-11-23T02:59:10.308+0000] {processor.py:743} INFO - Processing file /home/airflow/.local/lib/python3.7/site-packages/airflow/example_dags/example_xcomargs.py for tasks to queue
[2024-11-23T02:59:10.309+0000] {logging_mixin.py:137} INFO - [2024-11-23T02:59:10.309+0000] {dagbag.py:538} INFO - Filling up the DagBag from /home/airflow/.local/lib/python3.7/site-packages/airflow/example_dags/example_xcomargs.py
[2024-11-23T02:59:10.343+0000] {processor.py:753} INFO - DAG(s) dict_keys(['example_xcom_args_with_operators', 'example_xcom_args']) retrieved from /home/airflow/.local/lib/python3.7/site-packages/airflow/example_dags/example_xcomargs.py
[2024-11-23T02:59:10.382+0000] {logging_mixin.py:137} INFO - [2024-11-23T02:59:10.382+0000] {dag.py:2690} INFO - Sync 2 DAGs
[2024-11-23T02:59:10.426+0000] {logging_mixin.py:137} INFO - [2024-11-23T02:59:10.425+0000] {dag.py:3441} INFO - Setting next_dagrun for example_xcom_args to None, run_after=None
[2024-11-23T02:59:10.443+0000] {logging_mixin.py:137} INFO - [2024-11-23T02:59:10.441+0000] {dag.py:3441} INFO - Setting next_dagrun for example_xcom_args_with_operators to None, run_after=None
[2024-11-23T02:59:10.527+0000] {processor.py:175} INFO - Processing /home/airflow/.local/lib/python3.7/site-packages/airflow/example_dags/example_xcomargs.py took 0.222 seconds
[2024-11-23T02:59:41.200+0000] {processor.py:153} INFO - Started process (PID=219) to work on /home/airflow/.local/lib/python3.7/site-packages/airflow/example_dags/example_xcomargs.py
[2024-11-23T02:59:41.201+0000] {processor.py:743} INFO - Processing file /home/airflow/.local/lib/python3.7/site-packages/airflow/example_dags/example_xcomargs.py for tasks to queue
[2024-11-23T02:59:41.202+0000] {logging_mixin.py:137} INFO - [2024-11-23T02:59:41.202+0000] {dagbag.py:538} INFO - Filling up the DagBag from /home/airflow/.local/lib/python3.7/site-packages/airflow/example_dags/example_xcomargs.py
[2024-11-23T02:59:41.221+0000] {processor.py:753} INFO - DAG(s) dict_keys(['example_xcom_args_with_operators', 'example_xcom_args']) retrieved from /home/airflow/.local/lib/python3.7/site-packages/airflow/example_dags/example_xcomargs.py
[2024-11-23T02:59:41.250+0000] {logging_mixin.py:137} INFO - [2024-11-23T02:59:41.250+0000] {dag.py:2690} INFO - Sync 2 DAGs
[2024-11-23T02:59:41.269+0000] {logging_mixin.py:137} INFO - [2024-11-23T02:59:41.269+0000] {dag.py:3441} INFO - Setting next_dagrun for example_xcom_args to None, run_after=None
[2024-11-23T02:59:41.274+0000] {logging_mixin.py:137} INFO - [2024-11-23T02:59:41.274+0000] {dag.py:3441} INFO - Setting next_dagrun for example_xcom_args_with_operators to None, run_after=None
[2024-11-23T02:59:41.292+0000] {processor.py:175} INFO - Processing /home/airflow/.local/lib/python3.7/site-packages/airflow/example_dags/example_xcomargs.py took 0.095 seconds
[2024-11-23T03:00:11.531+0000] {processor.py:153} INFO - Started process (PID=309) to work on /home/airflow/.local/lib/python3.7/site-packages/airflow/example_dags/example_xcomargs.py
[2024-11-23T03:00:11.531+0000] {processor.py:743} INFO - Processing file /home/airflow/.local/lib/python3.7/site-packages/airflow/example_dags/example_xcomargs.py for tasks to queue
[2024-11-23T03:00:11.532+0000] {logging_mixin.py:137} INFO - [2024-11-23T03:00:11.532+0000] {dagbag.py:538} INFO - Filling up the DagBag from /home/airflow/.local/lib/python3.7/site-packages/airflow/example_dags/example_xcomargs.py
[2024-11-23T03:00:11.551+0000] {processor.py:753} INFO - DAG(s) dict_keys(['example_xcom_args', 'example_xcom_args_with_operators']) retrieved from /home/airflow/.local/lib/python3.7/site-packages/airflow/example_dags/example_xcomargs.py
[2024-11-23T03:00:11.573+0000] {logging_mixin.py:137} INFO - [2024-11-23T03:00:11.573+0000] {dag.py:2690} INFO - Sync 2 DAGs
[2024-11-23T03:00:11.590+0000] {logging_mixin.py:137} INFO - [2024-11-23T03:00:11.590+0000] {dag.py:3441} INFO - Setting next_dagrun for example_xcom_args to None, run_after=None
[2024-11-23T03:00:11.593+0000] {logging_mixin.py:137} INFO - [2024-11-23T03:00:11.593+0000] {dag.py:3441} INFO - Setting next_dagrun for example_xcom_args_with_operators to None, run_after=None
[2024-11-23T03:00:11.607+0000] {processor.py:175} INFO - Processing /home/airflow/.local/lib/python3.7/site-packages/airflow/example_dags/example_xcomargs.py took 0.080 seconds
[2024-11-23T03:00:42.286+0000] {processor.py:153} INFO - Started process (PID=399) to work on /home/airflow/.local/lib/python3.7/site-packages/airflow/example_dags/example_xcomargs.py
[2024-11-23T03:00:42.287+0000] {processor.py:743} INFO - Processing file /home/airflow/.local/lib/python3.7/site-packages/airflow/example_dags/example_xcomargs.py for tasks to queue
[2024-11-23T03:00:42.287+0000] {logging_mixin.py:137} INFO - [2024-11-23T03:00:42.287+0000] {dagbag.py:538} INFO - Filling up the DagBag from /home/airflow/.local/lib/python3.7/site-packages/airflow/example_dags/example_xcomargs.py
[2024-11-23T03:00:42.310+0000] {processor.py:753} INFO - DAG(s) dict_keys(['example_xcom_args_with_operators', 'example_xcom_args']) retrieved from /home/airflow/.local/lib/python3.7/site-packages/airflow/example_dags/example_xcomargs.py
[2024-11-23T03:00:42.338+0000] {logging_mixin.py:137} INFO - [2024-11-23T03:00:42.338+0000] {dag.py:2690} INFO - Sync 2 DAGs
[2024-11-23T03:00:42.365+0000] {logging_mixin.py:137} INFO - [2024-11-23T03:00:42.365+0000] {dag.py:3441} INFO - Setting next_dagrun for example_xcom_args to None, run_after=None
[2024-11-23T03:00:42.370+0000] {logging_mixin.py:137} INFO - [2024-11-23T03:00:42.370+0000] {dag.py:3441} INFO - Setting next_dagrun for example_xcom_args_with_operators to None, run_after=None
[2024-11-23T03:00:42.395+0000] {processor.py:175} INFO - Processing /home/airflow/.local/lib/python3.7/site-packages/airflow/example_dags/example_xcomargs.py took 0.113 seconds
[2024-11-23T03:01:12.770+0000] {processor.py:153} INFO - Started process (PID=473) to work on /home/airflow/.local/lib/python3.7/site-packages/airflow/example_dags/example_xcomargs.py
[2024-11-23T03:01:12.773+0000] {processor.py:743} INFO - Processing file /home/airflow/.local/lib/python3.7/site-packages/airflow/example_dags/example_xcomargs.py for tasks to queue
[2024-11-23T03:01:12.775+0000] {logging_mixin.py:137} INFO - [2024-11-23T03:01:12.774+0000] {dagbag.py:538} INFO - Filling up the DagBag from /home/airflow/.local/lib/python3.7/site-packages/airflow/example_dags/example_xcomargs.py
[2024-11-23T03:01:12.803+0000] {processor.py:753} INFO - DAG(s) dict_keys(['example_xcom_args_with_operators', 'example_xcom_args']) retrieved from /home/airflow/.local/lib/python3.7/site-packages/airflow/example_dags/example_xcomargs.py
[2024-11-23T03:01:12.833+0000] {logging_mixin.py:137} INFO - [2024-11-23T03:01:12.833+0000] {dag.py:2690} INFO - Sync 2 DAGs
[2024-11-23T03:01:12.857+0000] {logging_mixin.py:137} INFO - [2024-11-23T03:01:12.857+0000] {dag.py:3441} INFO - Setting next_dagrun for example_xcom_args to None, run_after=None
[2024-11-23T03:01:12.860+0000] {logging_mixin.py:137} INFO - [2024-11-23T03:01:12.859+0000] {dag.py:3441} INFO - Setting next_dagrun for example_xcom_args_with_operators to None, run_after=None
[2024-11-23T03:01:12.871+0000] {processor.py:175} INFO - Processing /home/airflow/.local/lib/python3.7/site-packages/airflow/example_dags/example_xcomargs.py took 0.103 seconds
[2024-11-23T03:01:43.154+0000] {processor.py:153} INFO - Started process (PID=563) to work on /home/airflow/.local/lib/python3.7/site-packages/airflow/example_dags/example_xcomargs.py
[2024-11-23T03:01:43.155+0000] {processor.py:743} INFO - Processing file /home/airflow/.local/lib/python3.7/site-packages/airflow/example_dags/example_xcomargs.py for tasks to queue
[2024-11-23T03:01:43.155+0000] {logging_mixin.py:137} INFO - [2024-11-23T03:01:43.155+0000] {dagbag.py:538} INFO - Filling up the DagBag from /home/airflow/.local/lib/python3.7/site-packages/airflow/example_dags/example_xcomargs.py
[2024-11-23T03:01:43.172+0000] {processor.py:753} INFO - DAG(s) dict_keys(['example_xcom_args', 'example_xcom_args_with_operators']) retrieved from /home/airflow/.local/lib/python3.7/site-packages/airflow/example_dags/example_xcomargs.py
[2024-11-23T03:01:43.197+0000] {logging_mixin.py:137} INFO - [2024-11-23T03:01:43.197+0000] {dag.py:2690} INFO - Sync 2 DAGs
[2024-11-23T03:01:43.212+0000] {logging_mixin.py:137} INFO - [2024-11-23T03:01:43.212+0000] {dag.py:3441} INFO - Setting next_dagrun for example_xcom_args to None, run_after=None
[2024-11-23T03:01:43.216+0000] {logging_mixin.py:137} INFO - [2024-11-23T03:01:43.216+0000] {dag.py:3441} INFO - Setting next_dagrun for example_xcom_args_with_operators to None, run_after=None
[2024-11-23T03:01:43.231+0000] {processor.py:175} INFO - Processing /home/airflow/.local/lib/python3.7/site-packages/airflow/example_dags/example_xcomargs.py took 0.079 seconds
[2024-11-23T03:02:13.494+0000] {processor.py:153} INFO - Started process (PID=637) to work on /home/airflow/.local/lib/python3.7/site-packages/airflow/example_dags/example_xcomargs.py
[2024-11-23T03:02:13.496+0000] {processor.py:743} INFO - Processing file /home/airflow/.local/lib/python3.7/site-packages/airflow/example_dags/example_xcomargs.py for tasks to queue
[2024-11-23T03:02:13.497+0000] {logging_mixin.py:137} INFO - [2024-11-23T03:02:13.497+0000] {dagbag.py:538} INFO - Filling up the DagBag from /home/airflow/.local/lib/python3.7/site-packages/airflow/example_dags/example_xcomargs.py
[2024-11-23T03:02:13.516+0000] {processor.py:753} INFO - DAG(s) dict_keys(['example_xcom_args', 'example_xcom_args_with_operators']) retrieved from /home/airflow/.local/lib/python3.7/site-packages/airflow/example_dags/example_xcomargs.py
[2024-11-23T03:02:13.543+0000] {logging_mixin.py:137} INFO - [2024-11-23T03:02:13.543+0000] {dag.py:2690} INFO - Sync 2 DAGs
[2024-11-23T03:02:13.563+0000] {logging_mixin.py:137} INFO - [2024-11-23T03:02:13.563+0000] {dag.py:3441} INFO - Setting next_dagrun for example_xcom_args to None, run_after=None
[2024-11-23T03:02:13.566+0000] {logging_mixin.py:137} INFO - [2024-11-23T03:02:13.566+0000] {dag.py:3441} INFO - Setting next_dagrun for example_xcom_args_with_operators to None, run_after=None
[2024-11-23T03:02:13.583+0000] {processor.py:175} INFO - Processing /home/airflow/.local/lib/python3.7/site-packages/airflow/example_dags/example_xcomargs.py took 0.092 seconds
[2024-11-23T03:03:06.559+0000] {processor.py:153} INFO - Started process (PID=62) to work on /home/airflow/.local/lib/python3.7/site-packages/airflow/example_dags/example_xcomargs.py
[2024-11-23T03:03:06.561+0000] {processor.py:743} INFO - Processing file /home/airflow/.local/lib/python3.7/site-packages/airflow/example_dags/example_xcomargs.py for tasks to queue
[2024-11-23T03:03:06.566+0000] {logging_mixin.py:137} INFO - [2024-11-23T03:03:06.566+0000] {dagbag.py:538} INFO - Filling up the DagBag from /home/airflow/.local/lib/python3.7/site-packages/airflow/example_dags/example_xcomargs.py
[2024-11-23T03:03:06.604+0000] {processor.py:753} INFO - DAG(s) dict_keys(['example_xcom_args', 'example_xcom_args_with_operators']) retrieved from /home/airflow/.local/lib/python3.7/site-packages/airflow/example_dags/example_xcomargs.py
[2024-11-23T03:03:06.639+0000] {logging_mixin.py:137} INFO - [2024-11-23T03:03:06.638+0000] {dag.py:2690} INFO - Sync 2 DAGs
[2024-11-23T03:03:06.698+0000] {logging_mixin.py:137} INFO - [2024-11-23T03:03:06.698+0000] {dag.py:3441} INFO - Setting next_dagrun for example_xcom_args to None, run_after=None
[2024-11-23T03:03:06.707+0000] {logging_mixin.py:137} INFO - [2024-11-23T03:03:06.706+0000] {dag.py:3441} INFO - Setting next_dagrun for example_xcom_args_with_operators to None, run_after=None
[2024-11-23T03:03:06.753+0000] {processor.py:175} INFO - Processing /home/airflow/.local/lib/python3.7/site-packages/airflow/example_dags/example_xcomargs.py took 0.197 seconds
[2024-11-23T03:03:36.861+0000] {processor.py:153} INFO - Started process (PID=145) to work on /home/airflow/.local/lib/python3.7/site-packages/airflow/example_dags/example_xcomargs.py
[2024-11-23T03:03:36.865+0000] {processor.py:743} INFO - Processing file /home/airflow/.local/lib/python3.7/site-packages/airflow/example_dags/example_xcomargs.py for tasks to queue
[2024-11-23T03:03:36.865+0000] {logging_mixin.py:137} INFO - [2024-11-23T03:03:36.865+0000] {dagbag.py:538} INFO - Filling up the DagBag from /home/airflow/.local/lib/python3.7/site-packages/airflow/example_dags/example_xcomargs.py
[2024-11-23T03:03:36.884+0000] {processor.py:753} INFO - DAG(s) dict_keys(['example_xcom_args', 'example_xcom_args_with_operators']) retrieved from /home/airflow/.local/lib/python3.7/site-packages/airflow/example_dags/example_xcomargs.py
[2024-11-23T03:03:36.915+0000] {logging_mixin.py:137} INFO - [2024-11-23T03:03:36.915+0000] {dag.py:2690} INFO - Sync 2 DAGs
[2024-11-23T03:03:36.941+0000] {logging_mixin.py:137} INFO - [2024-11-23T03:03:36.941+0000] {dag.py:3441} INFO - Setting next_dagrun for example_xcom_args to None, run_after=None
[2024-11-23T03:03:36.946+0000] {logging_mixin.py:137} INFO - [2024-11-23T03:03:36.946+0000] {dag.py:3441} INFO - Setting next_dagrun for example_xcom_args_with_operators to None, run_after=None
[2024-11-23T03:03:36.961+0000] {processor.py:175} INFO - Processing /home/airflow/.local/lib/python3.7/site-packages/airflow/example_dags/example_xcomargs.py took 0.104 seconds
[2024-11-23T03:06:15.166+0000] {processor.py:153} INFO - Started process (PID=71) to work on /home/airflow/.local/lib/python3.7/site-packages/airflow/example_dags/example_xcomargs.py
[2024-11-23T03:06:15.167+0000] {processor.py:743} INFO - Processing file /home/airflow/.local/lib/python3.7/site-packages/airflow/example_dags/example_xcomargs.py for tasks to queue
[2024-11-23T03:06:15.168+0000] {logging_mixin.py:137} INFO - [2024-11-23T03:06:15.168+0000] {dagbag.py:538} INFO - Filling up the DagBag from /home/airflow/.local/lib/python3.7/site-packages/airflow/example_dags/example_xcomargs.py
[2024-11-23T03:06:15.225+0000] {processor.py:753} INFO - DAG(s) dict_keys(['example_xcom_args', 'example_xcom_args_with_operators']) retrieved from /home/airflow/.local/lib/python3.7/site-packages/airflow/example_dags/example_xcomargs.py
[2024-11-23T03:06:15.255+0000] {logging_mixin.py:137} INFO - [2024-11-23T03:06:15.255+0000] {dag.py:2690} INFO - Sync 2 DAGs
[2024-11-23T03:06:15.311+0000] {logging_mixin.py:137} INFO - [2024-11-23T03:06:15.311+0000] {dag.py:3441} INFO - Setting next_dagrun for example_xcom_args to None, run_after=None
[2024-11-23T03:06:15.318+0000] {logging_mixin.py:137} INFO - [2024-11-23T03:06:15.318+0000] {dag.py:3441} INFO - Setting next_dagrun for example_xcom_args_with_operators to None, run_after=None
[2024-11-23T03:06:15.357+0000] {processor.py:175} INFO - Processing /home/airflow/.local/lib/python3.7/site-packages/airflow/example_dags/example_xcomargs.py took 0.196 seconds
[2024-11-23T03:06:46.331+0000] {processor.py:153} INFO - Started process (PID=145) to work on /home/airflow/.local/lib/python3.7/site-packages/airflow/example_dags/example_xcomargs.py
[2024-11-23T03:06:46.331+0000] {processor.py:743} INFO - Processing file /home/airflow/.local/lib/python3.7/site-packages/airflow/example_dags/example_xcomargs.py for tasks to queue
[2024-11-23T03:06:46.333+0000] {logging_mixin.py:137} INFO - [2024-11-23T03:06:46.332+0000] {dagbag.py:538} INFO - Filling up the DagBag from /home/airflow/.local/lib/python3.7/site-packages/airflow/example_dags/example_xcomargs.py
[2024-11-23T03:06:46.352+0000] {processor.py:753} INFO - DAG(s) dict_keys(['example_xcom_args', 'example_xcom_args_with_operators']) retrieved from /home/airflow/.local/lib/python3.7/site-packages/airflow/example_dags/example_xcomargs.py
[2024-11-23T03:06:46.380+0000] {logging_mixin.py:137} INFO - [2024-11-23T03:06:46.380+0000] {dag.py:2690} INFO - Sync 2 DAGs
[2024-11-23T03:06:46.400+0000] {logging_mixin.py:137} INFO - [2024-11-23T03:06:46.400+0000] {dag.py:3441} INFO - Setting next_dagrun for example_xcom_args to None, run_after=None
[2024-11-23T03:06:46.403+0000] {logging_mixin.py:137} INFO - [2024-11-23T03:06:46.403+0000] {dag.py:3441} INFO - Setting next_dagrun for example_xcom_args_with_operators to None, run_after=None
[2024-11-23T03:06:46.417+0000] {processor.py:175} INFO - Processing /home/airflow/.local/lib/python3.7/site-packages/airflow/example_dags/example_xcomargs.py took 0.089 seconds
[2024-11-23T03:07:16.518+0000] {processor.py:153} INFO - Started process (PID=235) to work on /home/airflow/.local/lib/python3.7/site-packages/airflow/example_dags/example_xcomargs.py
[2024-11-23T03:07:16.521+0000] {processor.py:743} INFO - Processing file /home/airflow/.local/lib/python3.7/site-packages/airflow/example_dags/example_xcomargs.py for tasks to queue
[2024-11-23T03:07:16.525+0000] {logging_mixin.py:137} INFO - [2024-11-23T03:07:16.525+0000] {dagbag.py:538} INFO - Filling up the DagBag from /home/airflow/.local/lib/python3.7/site-packages/airflow/example_dags/example_xcomargs.py
[2024-11-23T03:07:16.555+0000] {processor.py:753} INFO - DAG(s) dict_keys(['example_xcom_args', 'example_xcom_args_with_operators']) retrieved from /home/airflow/.local/lib/python3.7/site-packages/airflow/example_dags/example_xcomargs.py
[2024-11-23T03:07:16.595+0000] {logging_mixin.py:137} INFO - [2024-11-23T03:07:16.595+0000] {dag.py:2690} INFO - Sync 2 DAGs
[2024-11-23T03:07:16.622+0000] {logging_mixin.py:137} INFO - [2024-11-23T03:07:16.622+0000] {dag.py:3441} INFO - Setting next_dagrun for example_xcom_args to None, run_after=None
[2024-11-23T03:07:16.629+0000] {logging_mixin.py:137} INFO - [2024-11-23T03:07:16.628+0000] {dag.py:3441} INFO - Setting next_dagrun for example_xcom_args_with_operators to None, run_after=None
[2024-11-23T03:07:16.669+0000] {processor.py:175} INFO - Processing /home/airflow/.local/lib/python3.7/site-packages/airflow/example_dags/example_xcomargs.py took 0.157 seconds
[2024-11-23T03:07:47.037+0000] {processor.py:153} INFO - Started process (PID=309) to work on /home/airflow/.local/lib/python3.7/site-packages/airflow/example_dags/example_xcomargs.py
[2024-11-23T03:07:47.041+0000] {processor.py:743} INFO - Processing file /home/airflow/.local/lib/python3.7/site-packages/airflow/example_dags/example_xcomargs.py for tasks to queue
[2024-11-23T03:07:47.041+0000] {logging_mixin.py:137} INFO - [2024-11-23T03:07:47.041+0000] {dagbag.py:538} INFO - Filling up the DagBag from /home/airflow/.local/lib/python3.7/site-packages/airflow/example_dags/example_xcomargs.py
[2024-11-23T03:07:47.062+0000] {processor.py:753} INFO - DAG(s) dict_keys(['example_xcom_args_with_operators', 'example_xcom_args']) retrieved from /home/airflow/.local/lib/python3.7/site-packages/airflow/example_dags/example_xcomargs.py
[2024-11-23T03:07:47.087+0000] {logging_mixin.py:137} INFO - [2024-11-23T03:07:47.087+0000] {dag.py:2690} INFO - Sync 2 DAGs
[2024-11-23T03:07:47.104+0000] {logging_mixin.py:137} INFO - [2024-11-23T03:07:47.104+0000] {dag.py:3441} INFO - Setting next_dagrun for example_xcom_args to None, run_after=None
[2024-11-23T03:07:47.107+0000] {logging_mixin.py:137} INFO - [2024-11-23T03:07:47.107+0000] {dag.py:3441} INFO - Setting next_dagrun for example_xcom_args_with_operators to None, run_after=None
[2024-11-23T03:07:47.123+0000] {processor.py:175} INFO - Processing /home/airflow/.local/lib/python3.7/site-packages/airflow/example_dags/example_xcomargs.py took 0.089 seconds
[2024-11-23T03:08:17.398+0000] {processor.py:153} INFO - Started process (PID=399) to work on /home/airflow/.local/lib/python3.7/site-packages/airflow/example_dags/example_xcomargs.py
[2024-11-23T03:08:17.399+0000] {processor.py:743} INFO - Processing file /home/airflow/.local/lib/python3.7/site-packages/airflow/example_dags/example_xcomargs.py for tasks to queue
[2024-11-23T03:08:17.400+0000] {logging_mixin.py:137} INFO - [2024-11-23T03:08:17.400+0000] {dagbag.py:538} INFO - Filling up the DagBag from /home/airflow/.local/lib/python3.7/site-packages/airflow/example_dags/example_xcomargs.py
[2024-11-23T03:08:17.416+0000] {processor.py:753} INFO - DAG(s) dict_keys(['example_xcom_args', 'example_xcom_args_with_operators']) retrieved from /home/airflow/.local/lib/python3.7/site-packages/airflow/example_dags/example_xcomargs.py
[2024-11-23T03:08:17.436+0000] {logging_mixin.py:137} INFO - [2024-11-23T03:08:17.436+0000] {dag.py:2690} INFO - Sync 2 DAGs
[2024-11-23T03:08:17.452+0000] {logging_mixin.py:137} INFO - [2024-11-23T03:08:17.452+0000] {dag.py:3441} INFO - Setting next_dagrun for example_xcom_args to None, run_after=None
[2024-11-23T03:08:17.455+0000] {logging_mixin.py:137} INFO - [2024-11-23T03:08:17.455+0000] {dag.py:3441} INFO - Setting next_dagrun for example_xcom_args_with_operators to None, run_after=None
[2024-11-23T03:08:17.470+0000] {processor.py:175} INFO - Processing /home/airflow/.local/lib/python3.7/site-packages/airflow/example_dags/example_xcomargs.py took 0.076 seconds
[2024-11-23T03:08:47.558+0000] {processor.py:153} INFO - Started process (PID=472) to work on /home/airflow/.local/lib/python3.7/site-packages/airflow/example_dags/example_xcomargs.py
[2024-11-23T03:08:47.563+0000] {processor.py:743} INFO - Processing file /home/airflow/.local/lib/python3.7/site-packages/airflow/example_dags/example_xcomargs.py for tasks to queue
[2024-11-23T03:08:47.564+0000] {logging_mixin.py:137} INFO - [2024-11-23T03:08:47.564+0000] {dagbag.py:538} INFO - Filling up the DagBag from /home/airflow/.local/lib/python3.7/site-packages/airflow/example_dags/example_xcomargs.py
[2024-11-23T03:08:47.581+0000] {processor.py:753} INFO - DAG(s) dict_keys(['example_xcom_args_with_operators', 'example_xcom_args']) retrieved from /home/airflow/.local/lib/python3.7/site-packages/airflow/example_dags/example_xcomargs.py
[2024-11-23T03:08:47.600+0000] {logging_mixin.py:137} INFO - [2024-11-23T03:08:47.600+0000] {dag.py:2690} INFO - Sync 2 DAGs
[2024-11-23T03:08:47.619+0000] {logging_mixin.py:137} INFO - [2024-11-23T03:08:47.619+0000] {dag.py:3441} INFO - Setting next_dagrun for example_xcom_args to None, run_after=None
[2024-11-23T03:08:47.622+0000] {logging_mixin.py:137} INFO - [2024-11-23T03:08:47.622+0000] {dag.py:3441} INFO - Setting next_dagrun for example_xcom_args_with_operators to None, run_after=None
[2024-11-23T03:08:47.638+0000] {processor.py:175} INFO - Processing /home/airflow/.local/lib/python3.7/site-packages/airflow/example_dags/example_xcomargs.py took 0.083 seconds
[2024-11-23T03:09:17.812+0000] {processor.py:153} INFO - Started process (PID=562) to work on /home/airflow/.local/lib/python3.7/site-packages/airflow/example_dags/example_xcomargs.py
[2024-11-23T03:09:17.813+0000] {processor.py:743} INFO - Processing file /home/airflow/.local/lib/python3.7/site-packages/airflow/example_dags/example_xcomargs.py for tasks to queue
[2024-11-23T03:09:17.814+0000] {logging_mixin.py:137} INFO - [2024-11-23T03:09:17.814+0000] {dagbag.py:538} INFO - Filling up the DagBag from /home/airflow/.local/lib/python3.7/site-packages/airflow/example_dags/example_xcomargs.py
[2024-11-23T03:09:17.834+0000] {processor.py:753} INFO - DAG(s) dict_keys(['example_xcom_args', 'example_xcom_args_with_operators']) retrieved from /home/airflow/.local/lib/python3.7/site-packages/airflow/example_dags/example_xcomargs.py
[2024-11-23T03:09:17.855+0000] {logging_mixin.py:137} INFO - [2024-11-23T03:09:17.855+0000] {dag.py:2690} INFO - Sync 2 DAGs
[2024-11-23T03:09:17.871+0000] {logging_mixin.py:137} INFO - [2024-11-23T03:09:17.871+0000] {dag.py:3441} INFO - Setting next_dagrun for example_xcom_args to None, run_after=None
[2024-11-23T03:09:17.873+0000] {logging_mixin.py:137} INFO - [2024-11-23T03:09:17.873+0000] {dag.py:3441} INFO - Setting next_dagrun for example_xcom_args_with_operators to None, run_after=None
[2024-11-23T03:09:17.884+0000] {processor.py:175} INFO - Processing /home/airflow/.local/lib/python3.7/site-packages/airflow/example_dags/example_xcomargs.py took 0.075 seconds
[2024-11-23T03:09:48.036+0000] {processor.py:153} INFO - Started process (PID=636) to work on /home/airflow/.local/lib/python3.7/site-packages/airflow/example_dags/example_xcomargs.py
[2024-11-23T03:09:48.038+0000] {processor.py:743} INFO - Processing file /home/airflow/.local/lib/python3.7/site-packages/airflow/example_dags/example_xcomargs.py for tasks to queue
[2024-11-23T03:09:48.039+0000] {logging_mixin.py:137} INFO - [2024-11-23T03:09:48.039+0000] {dagbag.py:538} INFO - Filling up the DagBag from /home/airflow/.local/lib/python3.7/site-packages/airflow/example_dags/example_xcomargs.py
[2024-11-23T03:09:48.061+0000] {processor.py:753} INFO - DAG(s) dict_keys(['example_xcom_args_with_operators', 'example_xcom_args']) retrieved from /home/airflow/.local/lib/python3.7/site-packages/airflow/example_dags/example_xcomargs.py
[2024-11-23T03:09:48.082+0000] {logging_mixin.py:137} INFO - [2024-11-23T03:09:48.081+0000] {dag.py:2690} INFO - Sync 2 DAGs
[2024-11-23T03:09:48.100+0000] {logging_mixin.py:137} INFO - [2024-11-23T03:09:48.100+0000] {dag.py:3441} INFO - Setting next_dagrun for example_xcom_args to None, run_after=None
[2024-11-23T03:09:48.105+0000] {logging_mixin.py:137} INFO - [2024-11-23T03:09:48.105+0000] {dag.py:3441} INFO - Setting next_dagrun for example_xcom_args_with_operators to None, run_after=None
[2024-11-23T03:09:48.118+0000] {processor.py:175} INFO - Processing /home/airflow/.local/lib/python3.7/site-packages/airflow/example_dags/example_xcomargs.py took 0.088 seconds
[2024-11-23T03:10:18.241+0000] {processor.py:153} INFO - Started process (PID=725) to work on /home/airflow/.local/lib/python3.7/site-packages/airflow/example_dags/example_xcomargs.py
[2024-11-23T03:10:18.243+0000] {processor.py:743} INFO - Processing file /home/airflow/.local/lib/python3.7/site-packages/airflow/example_dags/example_xcomargs.py for tasks to queue
[2024-11-23T03:10:18.243+0000] {logging_mixin.py:137} INFO - [2024-11-23T03:10:18.243+0000] {dagbag.py:538} INFO - Filling up the DagBag from /home/airflow/.local/lib/python3.7/site-packages/airflow/example_dags/example_xcomargs.py
[2024-11-23T03:10:18.264+0000] {processor.py:753} INFO - DAG(s) dict_keys(['example_xcom_args', 'example_xcom_args_with_operators']) retrieved from /home/airflow/.local/lib/python3.7/site-packages/airflow/example_dags/example_xcomargs.py
[2024-11-23T03:10:18.293+0000] {logging_mixin.py:137} INFO - [2024-11-23T03:10:18.293+0000] {dag.py:2690} INFO - Sync 2 DAGs
[2024-11-23T03:10:18.315+0000] {logging_mixin.py:137} INFO - [2024-11-23T03:10:18.315+0000] {dag.py:3441} INFO - Setting next_dagrun for example_xcom_args to None, run_after=None
[2024-11-23T03:10:18.320+0000] {logging_mixin.py:137} INFO - [2024-11-23T03:10:18.320+0000] {dag.py:3441} INFO - Setting next_dagrun for example_xcom_args_with_operators to None, run_after=None
[2024-11-23T03:10:18.340+0000] {processor.py:175} INFO - Processing /home/airflow/.local/lib/python3.7/site-packages/airflow/example_dags/example_xcomargs.py took 0.101 seconds
[2024-11-23T03:10:49.709+0000] {processor.py:153} INFO - Started process (PID=815) to work on /home/airflow/.local/lib/python3.7/site-packages/airflow/example_dags/example_xcomargs.py
[2024-11-23T03:10:49.710+0000] {processor.py:743} INFO - Processing file /home/airflow/.local/lib/python3.7/site-packages/airflow/example_dags/example_xcomargs.py for tasks to queue
[2024-11-23T03:10:49.711+0000] {logging_mixin.py:137} INFO - [2024-11-23T03:10:49.711+0000] {dagbag.py:538} INFO - Filling up the DagBag from /home/airflow/.local/lib/python3.7/site-packages/airflow/example_dags/example_xcomargs.py
[2024-11-23T03:10:49.732+0000] {processor.py:753} INFO - DAG(s) dict_keys(['example_xcom_args_with_operators', 'example_xcom_args']) retrieved from /home/airflow/.local/lib/python3.7/site-packages/airflow/example_dags/example_xcomargs.py
[2024-11-23T03:10:49.761+0000] {logging_mixin.py:137} INFO - [2024-11-23T03:10:49.761+0000] {dag.py:2690} INFO - Sync 2 DAGs
[2024-11-23T03:10:49.786+0000] {logging_mixin.py:137} INFO - [2024-11-23T03:10:49.786+0000] {dag.py:3441} INFO - Setting next_dagrun for example_xcom_args to None, run_after=None
[2024-11-23T03:10:49.792+0000] {logging_mixin.py:137} INFO - [2024-11-23T03:10:49.792+0000] {dag.py:3441} INFO - Setting next_dagrun for example_xcom_args_with_operators to None, run_after=None
[2024-11-23T03:10:49.810+0000] {processor.py:175} INFO - Processing /home/airflow/.local/lib/python3.7/site-packages/airflow/example_dags/example_xcomargs.py took 0.104 seconds
[2024-11-23T03:11:20.065+0000] {processor.py:153} INFO - Started process (PID=889) to work on /home/airflow/.local/lib/python3.7/site-packages/airflow/example_dags/example_xcomargs.py
[2024-11-23T03:11:20.066+0000] {processor.py:743} INFO - Processing file /home/airflow/.local/lib/python3.7/site-packages/airflow/example_dags/example_xcomargs.py for tasks to queue
[2024-11-23T03:11:20.066+0000] {logging_mixin.py:137} INFO - [2024-11-23T03:11:20.066+0000] {dagbag.py:538} INFO - Filling up the DagBag from /home/airflow/.local/lib/python3.7/site-packages/airflow/example_dags/example_xcomargs.py
[2024-11-23T03:11:20.088+0000] {processor.py:753} INFO - DAG(s) dict_keys(['example_xcom_args', 'example_xcom_args_with_operators']) retrieved from /home/airflow/.local/lib/python3.7/site-packages/airflow/example_dags/example_xcomargs.py
[2024-11-23T03:11:20.110+0000] {logging_mixin.py:137} INFO - [2024-11-23T03:11:20.110+0000] {dag.py:2690} INFO - Sync 2 DAGs
[2024-11-23T03:11:20.127+0000] {logging_mixin.py:137} INFO - [2024-11-23T03:11:20.127+0000] {dag.py:3441} INFO - Setting next_dagrun for example_xcom_args to None, run_after=None
[2024-11-23T03:11:20.129+0000] {logging_mixin.py:137} INFO - [2024-11-23T03:11:20.129+0000] {dag.py:3441} INFO - Setting next_dagrun for example_xcom_args_with_operators to None, run_after=None
[2024-11-23T03:11:20.145+0000] {processor.py:175} INFO - Processing /home/airflow/.local/lib/python3.7/site-packages/airflow/example_dags/example_xcomargs.py took 0.082 seconds
[2024-11-23T03:11:50.308+0000] {processor.py:153} INFO - Started process (PID=979) to work on /home/airflow/.local/lib/python3.7/site-packages/airflow/example_dags/example_xcomargs.py
[2024-11-23T03:11:50.310+0000] {processor.py:743} INFO - Processing file /home/airflow/.local/lib/python3.7/site-packages/airflow/example_dags/example_xcomargs.py for tasks to queue
[2024-11-23T03:11:50.311+0000] {logging_mixin.py:137} INFO - [2024-11-23T03:11:50.311+0000] {dagbag.py:538} INFO - Filling up the DagBag from /home/airflow/.local/lib/python3.7/site-packages/airflow/example_dags/example_xcomargs.py
[2024-11-23T03:11:50.327+0000] {processor.py:753} INFO - DAG(s) dict_keys(['example_xcom_args', 'example_xcom_args_with_operators']) retrieved from /home/airflow/.local/lib/python3.7/site-packages/airflow/example_dags/example_xcomargs.py
[2024-11-23T03:11:50.348+0000] {logging_mixin.py:137} INFO - [2024-11-23T03:11:50.348+0000] {dag.py:2690} INFO - Sync 2 DAGs
[2024-11-23T03:11:50.367+0000] {logging_mixin.py:137} INFO - [2024-11-23T03:11:50.367+0000] {dag.py:3441} INFO - Setting next_dagrun for example_xcom_args to None, run_after=None
[2024-11-23T03:11:50.371+0000] {logging_mixin.py:137} INFO - [2024-11-23T03:11:50.370+0000] {dag.py:3441} INFO - Setting next_dagrun for example_xcom_args_with_operators to None, run_after=None
[2024-11-23T03:11:50.382+0000] {processor.py:175} INFO - Processing /home/airflow/.local/lib/python3.7/site-packages/airflow/example_dags/example_xcomargs.py took 0.076 seconds
[2024-11-23T03:12:20.546+0000] {processor.py:153} INFO - Started process (PID=1053) to work on /home/airflow/.local/lib/python3.7/site-packages/airflow/example_dags/example_xcomargs.py
[2024-11-23T03:12:20.547+0000] {processor.py:743} INFO - Processing file /home/airflow/.local/lib/python3.7/site-packages/airflow/example_dags/example_xcomargs.py for tasks to queue
[2024-11-23T03:12:20.548+0000] {logging_mixin.py:137} INFO - [2024-11-23T03:12:20.548+0000] {dagbag.py:538} INFO - Filling up the DagBag from /home/airflow/.local/lib/python3.7/site-packages/airflow/example_dags/example_xcomargs.py
[2024-11-23T03:12:20.563+0000] {processor.py:753} INFO - DAG(s) dict_keys(['example_xcom_args_with_operators', 'example_xcom_args']) retrieved from /home/airflow/.local/lib/python3.7/site-packages/airflow/example_dags/example_xcomargs.py
[2024-11-23T03:12:20.584+0000] {logging_mixin.py:137} INFO - [2024-11-23T03:12:20.584+0000] {dag.py:2690} INFO - Sync 2 DAGs
[2024-11-23T03:12:20.604+0000] {logging_mixin.py:137} INFO - [2024-11-23T03:12:20.604+0000] {dag.py:3441} INFO - Setting next_dagrun for example_xcom_args to None, run_after=None
[2024-11-23T03:12:20.606+0000] {logging_mixin.py:137} INFO - [2024-11-23T03:12:20.606+0000] {dag.py:3441} INFO - Setting next_dagrun for example_xcom_args_with_operators to None, run_after=None
[2024-11-23T03:12:20.618+0000] {processor.py:175} INFO - Processing /home/airflow/.local/lib/python3.7/site-packages/airflow/example_dags/example_xcomargs.py took 0.074 seconds
[2024-11-23T03:12:50.774+0000] {processor.py:153} INFO - Started process (PID=1143) to work on /home/airflow/.local/lib/python3.7/site-packages/airflow/example_dags/example_xcomargs.py
[2024-11-23T03:12:50.775+0000] {processor.py:743} INFO - Processing file /home/airflow/.local/lib/python3.7/site-packages/airflow/example_dags/example_xcomargs.py for tasks to queue
[2024-11-23T03:12:50.776+0000] {logging_mixin.py:137} INFO - [2024-11-23T03:12:50.776+0000] {dagbag.py:538} INFO - Filling up the DagBag from /home/airflow/.local/lib/python3.7/site-packages/airflow/example_dags/example_xcomargs.py
[2024-11-23T03:12:50.799+0000] {processor.py:753} INFO - DAG(s) dict_keys(['example_xcom_args', 'example_xcom_args_with_operators']) retrieved from /home/airflow/.local/lib/python3.7/site-packages/airflow/example_dags/example_xcomargs.py
[2024-11-23T03:12:50.888+0000] {logging_mixin.py:137} INFO - [2024-11-23T03:12:50.888+0000] {dag.py:2690} INFO - Sync 2 DAGs
[2024-11-23T03:12:50.916+0000] {logging_mixin.py:137} INFO - [2024-11-23T03:12:50.916+0000] {dag.py:3441} INFO - Setting next_dagrun for example_xcom_args to None, run_after=None
[2024-11-23T03:12:50.920+0000] {logging_mixin.py:137} INFO - [2024-11-23T03:12:50.920+0000] {dag.py:3441} INFO - Setting next_dagrun for example_xcom_args_with_operators to None, run_after=None
[2024-11-23T03:12:50.941+0000] {processor.py:175} INFO - Processing /home/airflow/.local/lib/python3.7/site-packages/airflow/example_dags/example_xcomargs.py took 0.173 seconds
[2024-11-23T03:13:21.285+0000] {processor.py:153} INFO - Started process (PID=1217) to work on /home/airflow/.local/lib/python3.7/site-packages/airflow/example_dags/example_xcomargs.py
[2024-11-23T03:13:21.286+0000] {processor.py:743} INFO - Processing file /home/airflow/.local/lib/python3.7/site-packages/airflow/example_dags/example_xcomargs.py for tasks to queue
[2024-11-23T03:13:21.287+0000] {logging_mixin.py:137} INFO - [2024-11-23T03:13:21.286+0000] {dagbag.py:538} INFO - Filling up the DagBag from /home/airflow/.local/lib/python3.7/site-packages/airflow/example_dags/example_xcomargs.py
[2024-11-23T03:13:21.303+0000] {processor.py:753} INFO - DAG(s) dict_keys(['example_xcom_args', 'example_xcom_args_with_operators']) retrieved from /home/airflow/.local/lib/python3.7/site-packages/airflow/example_dags/example_xcomargs.py
[2024-11-23T03:13:21.325+0000] {logging_mixin.py:137} INFO - [2024-11-23T03:13:21.325+0000] {dag.py:2690} INFO - Sync 2 DAGs
[2024-11-23T03:13:21.344+0000] {logging_mixin.py:137} INFO - [2024-11-23T03:13:21.344+0000] {dag.py:3441} INFO - Setting next_dagrun for example_xcom_args to None, run_after=None
[2024-11-23T03:13:21.347+0000] {logging_mixin.py:137} INFO - [2024-11-23T03:13:21.346+0000] {dag.py:3441} INFO - Setting next_dagrun for example_xcom_args_with_operators to None, run_after=None
[2024-11-23T03:13:21.360+0000] {processor.py:175} INFO - Processing /home/airflow/.local/lib/python3.7/site-packages/airflow/example_dags/example_xcomargs.py took 0.077 seconds
[2024-11-23T03:13:51.451+0000] {processor.py:153} INFO - Started process (PID=1307) to work on /home/airflow/.local/lib/python3.7/site-packages/airflow/example_dags/example_xcomargs.py
[2024-11-23T03:13:51.453+0000] {processor.py:743} INFO - Processing file /home/airflow/.local/lib/python3.7/site-packages/airflow/example_dags/example_xcomargs.py for tasks to queue
[2024-11-23T03:13:51.454+0000] {logging_mixin.py:137} INFO - [2024-11-23T03:13:51.454+0000] {dagbag.py:538} INFO - Filling up the DagBag from /home/airflow/.local/lib/python3.7/site-packages/airflow/example_dags/example_xcomargs.py
[2024-11-23T03:13:51.471+0000] {processor.py:753} INFO - DAG(s) dict_keys(['example_xcom_args', 'example_xcom_args_with_operators']) retrieved from /home/airflow/.local/lib/python3.7/site-packages/airflow/example_dags/example_xcomargs.py
[2024-11-23T03:13:51.495+0000] {logging_mixin.py:137} INFO - [2024-11-23T03:13:51.495+0000] {dag.py:2690} INFO - Sync 2 DAGs
[2024-11-23T03:13:51.513+0000] {logging_mixin.py:137} INFO - [2024-11-23T03:13:51.513+0000] {dag.py:3441} INFO - Setting next_dagrun for example_xcom_args to None, run_after=None
[2024-11-23T03:13:51.515+0000] {logging_mixin.py:137} INFO - [2024-11-23T03:13:51.515+0000] {dag.py:3441} INFO - Setting next_dagrun for example_xcom_args_with_operators to None, run_after=None
[2024-11-23T03:13:51.527+0000] {processor.py:175} INFO - Processing /home/airflow/.local/lib/python3.7/site-packages/airflow/example_dags/example_xcomargs.py took 0.078 seconds
[2024-11-23T03:14:21.565+0000] {processor.py:153} INFO - Started process (PID=1381) to work on /home/airflow/.local/lib/python3.7/site-packages/airflow/example_dags/example_xcomargs.py
[2024-11-23T03:14:21.565+0000] {processor.py:743} INFO - Processing file /home/airflow/.local/lib/python3.7/site-packages/airflow/example_dags/example_xcomargs.py for tasks to queue
[2024-11-23T03:14:21.567+0000] {logging_mixin.py:137} INFO - [2024-11-23T03:14:21.567+0000] {dagbag.py:538} INFO - Filling up the DagBag from /home/airflow/.local/lib/python3.7/site-packages/airflow/example_dags/example_xcomargs.py
[2024-11-23T03:14:21.583+0000] {processor.py:753} INFO - DAG(s) dict_keys(['example_xcom_args', 'example_xcom_args_with_operators']) retrieved from /home/airflow/.local/lib/python3.7/site-packages/airflow/example_dags/example_xcomargs.py
[2024-11-23T03:14:21.611+0000] {logging_mixin.py:137} INFO - [2024-11-23T03:14:21.611+0000] {dag.py:2690} INFO - Sync 2 DAGs
[2024-11-23T03:14:21.628+0000] {logging_mixin.py:137} INFO - [2024-11-23T03:14:21.627+0000] {dag.py:3441} INFO - Setting next_dagrun for example_xcom_args to None, run_after=None
[2024-11-23T03:14:21.630+0000] {logging_mixin.py:137} INFO - [2024-11-23T03:14:21.630+0000] {dag.py:3441} INFO - Setting next_dagrun for example_xcom_args_with_operators to None, run_after=None
[2024-11-23T03:14:21.643+0000] {processor.py:175} INFO - Processing /home/airflow/.local/lib/python3.7/site-packages/airflow/example_dags/example_xcomargs.py took 0.081 seconds
[2024-11-23T03:14:52.049+0000] {processor.py:153} INFO - Started process (PID=1471) to work on /home/airflow/.local/lib/python3.7/site-packages/airflow/example_dags/example_xcomargs.py
[2024-11-23T03:14:52.050+0000] {processor.py:743} INFO - Processing file /home/airflow/.local/lib/python3.7/site-packages/airflow/example_dags/example_xcomargs.py for tasks to queue
[2024-11-23T03:14:52.051+0000] {logging_mixin.py:137} INFO - [2024-11-23T03:14:52.051+0000] {dagbag.py:538} INFO - Filling up the DagBag from /home/airflow/.local/lib/python3.7/site-packages/airflow/example_dags/example_xcomargs.py
[2024-11-23T03:14:52.067+0000] {processor.py:753} INFO - DAG(s) dict_keys(['example_xcom_args_with_operators', 'example_xcom_args']) retrieved from /home/airflow/.local/lib/python3.7/site-packages/airflow/example_dags/example_xcomargs.py
[2024-11-23T03:14:52.088+0000] {logging_mixin.py:137} INFO - [2024-11-23T03:14:52.088+0000] {dag.py:2690} INFO - Sync 2 DAGs
[2024-11-23T03:14:52.105+0000] {logging_mixin.py:137} INFO - [2024-11-23T03:14:52.105+0000] {dag.py:3441} INFO - Setting next_dagrun for example_xcom_args to None, run_after=None
[2024-11-23T03:14:52.108+0000] {logging_mixin.py:137} INFO - [2024-11-23T03:14:52.108+0000] {dag.py:3441} INFO - Setting next_dagrun for example_xcom_args_with_operators to None, run_after=None
[2024-11-23T03:14:52.120+0000] {processor.py:175} INFO - Processing /home/airflow/.local/lib/python3.7/site-packages/airflow/example_dags/example_xcomargs.py took 0.073 seconds
[2024-11-23T03:15:22.864+0000] {processor.py:153} INFO - Started process (PID=1561) to work on /home/airflow/.local/lib/python3.7/site-packages/airflow/example_dags/example_xcomargs.py
[2024-11-23T03:15:22.866+0000] {processor.py:743} INFO - Processing file /home/airflow/.local/lib/python3.7/site-packages/airflow/example_dags/example_xcomargs.py for tasks to queue
[2024-11-23T03:15:22.866+0000] {logging_mixin.py:137} INFO - [2024-11-23T03:15:22.866+0000] {dagbag.py:538} INFO - Filling up the DagBag from /home/airflow/.local/lib/python3.7/site-packages/airflow/example_dags/example_xcomargs.py
[2024-11-23T03:15:22.893+0000] {processor.py:753} INFO - DAG(s) dict_keys(['example_xcom_args', 'example_xcom_args_with_operators']) retrieved from /home/airflow/.local/lib/python3.7/site-packages/airflow/example_dags/example_xcomargs.py
[2024-11-23T03:15:22.929+0000] {logging_mixin.py:137} INFO - [2024-11-23T03:15:22.928+0000] {dag.py:2690} INFO - Sync 2 DAGs
[2024-11-23T03:15:22.951+0000] {logging_mixin.py:137} INFO - [2024-11-23T03:15:22.951+0000] {dag.py:3441} INFO - Setting next_dagrun for example_xcom_args to None, run_after=None
[2024-11-23T03:15:22.955+0000] {logging_mixin.py:137} INFO - [2024-11-23T03:15:22.955+0000] {dag.py:3441} INFO - Setting next_dagrun for example_xcom_args_with_operators to None, run_after=None
[2024-11-23T03:15:22.974+0000] {processor.py:175} INFO - Processing /home/airflow/.local/lib/python3.7/site-packages/airflow/example_dags/example_xcomargs.py took 0.114 seconds
[2024-11-23T03:15:53.138+0000] {processor.py:153} INFO - Started process (PID=1635) to work on /home/airflow/.local/lib/python3.7/site-packages/airflow/example_dags/example_xcomargs.py
[2024-11-23T03:15:53.139+0000] {processor.py:743} INFO - Processing file /home/airflow/.local/lib/python3.7/site-packages/airflow/example_dags/example_xcomargs.py for tasks to queue
[2024-11-23T03:15:53.139+0000] {logging_mixin.py:137} INFO - [2024-11-23T03:15:53.139+0000] {dagbag.py:538} INFO - Filling up the DagBag from /home/airflow/.local/lib/python3.7/site-packages/airflow/example_dags/example_xcomargs.py
[2024-11-23T03:15:53.156+0000] {processor.py:753} INFO - DAG(s) dict_keys(['example_xcom_args', 'example_xcom_args_with_operators']) retrieved from /home/airflow/.local/lib/python3.7/site-packages/airflow/example_dags/example_xcomargs.py
[2024-11-23T03:15:53.177+0000] {logging_mixin.py:137} INFO - [2024-11-23T03:15:53.177+0000] {dag.py:2690} INFO - Sync 2 DAGs
[2024-11-23T03:15:53.197+0000] {logging_mixin.py:137} INFO - [2024-11-23T03:15:53.197+0000] {dag.py:3441} INFO - Setting next_dagrun for example_xcom_args to None, run_after=None
[2024-11-23T03:15:53.200+0000] {logging_mixin.py:137} INFO - [2024-11-23T03:15:53.200+0000] {dag.py:3441} INFO - Setting next_dagrun for example_xcom_args_with_operators to None, run_after=None
[2024-11-23T03:15:53.215+0000] {processor.py:175} INFO - Processing /home/airflow/.local/lib/python3.7/site-packages/airflow/example_dags/example_xcomargs.py took 0.079 seconds
[2024-11-23T03:16:23.387+0000] {processor.py:153} INFO - Started process (PID=1725) to work on /home/airflow/.local/lib/python3.7/site-packages/airflow/example_dags/example_xcomargs.py
[2024-11-23T03:16:23.389+0000] {processor.py:743} INFO - Processing file /home/airflow/.local/lib/python3.7/site-packages/airflow/example_dags/example_xcomargs.py for tasks to queue
[2024-11-23T03:16:23.390+0000] {logging_mixin.py:137} INFO - [2024-11-23T03:16:23.390+0000] {dagbag.py:538} INFO - Filling up the DagBag from /home/airflow/.local/lib/python3.7/site-packages/airflow/example_dags/example_xcomargs.py
[2024-11-23T03:16:23.407+0000] {processor.py:753} INFO - DAG(s) dict_keys(['example_xcom_args_with_operators', 'example_xcom_args']) retrieved from /home/airflow/.local/lib/python3.7/site-packages/airflow/example_dags/example_xcomargs.py
[2024-11-23T03:16:23.431+0000] {logging_mixin.py:137} INFO - [2024-11-23T03:16:23.431+0000] {dag.py:2690} INFO - Sync 2 DAGs
[2024-11-23T03:16:23.449+0000] {logging_mixin.py:137} INFO - [2024-11-23T03:16:23.449+0000] {dag.py:3441} INFO - Setting next_dagrun for example_xcom_args to None, run_after=None
[2024-11-23T03:16:23.451+0000] {logging_mixin.py:137} INFO - [2024-11-23T03:16:23.451+0000] {dag.py:3441} INFO - Setting next_dagrun for example_xcom_args_with_operators to None, run_after=None
[2024-11-23T03:16:23.462+0000] {processor.py:175} INFO - Processing /home/airflow/.local/lib/python3.7/site-packages/airflow/example_dags/example_xcomargs.py took 0.077 seconds
[2024-11-23T03:16:53.581+0000] {processor.py:153} INFO - Started process (PID=1799) to work on /home/airflow/.local/lib/python3.7/site-packages/airflow/example_dags/example_xcomargs.py
[2024-11-23T03:16:53.582+0000] {processor.py:743} INFO - Processing file /home/airflow/.local/lib/python3.7/site-packages/airflow/example_dags/example_xcomargs.py for tasks to queue
[2024-11-23T03:16:53.583+0000] {logging_mixin.py:137} INFO - [2024-11-23T03:16:53.583+0000] {dagbag.py:538} INFO - Filling up the DagBag from /home/airflow/.local/lib/python3.7/site-packages/airflow/example_dags/example_xcomargs.py
[2024-11-23T03:16:53.612+0000] {processor.py:753} INFO - DAG(s) dict_keys(['example_xcom_args', 'example_xcom_args_with_operators']) retrieved from /home/airflow/.local/lib/python3.7/site-packages/airflow/example_dags/example_xcomargs.py
[2024-11-23T03:16:53.653+0000] {logging_mixin.py:137} INFO - [2024-11-23T03:16:53.653+0000] {dag.py:2690} INFO - Sync 2 DAGs
[2024-11-23T03:16:53.675+0000] {logging_mixin.py:137} INFO - [2024-11-23T03:16:53.675+0000] {dag.py:3441} INFO - Setting next_dagrun for example_xcom_args to None, run_after=None
[2024-11-23T03:16:53.678+0000] {logging_mixin.py:137} INFO - [2024-11-23T03:16:53.678+0000] {dag.py:3441} INFO - Setting next_dagrun for example_xcom_args_with_operators to None, run_after=None
[2024-11-23T03:16:53.690+0000] {processor.py:175} INFO - Processing /home/airflow/.local/lib/python3.7/site-packages/airflow/example_dags/example_xcomargs.py took 0.113 seconds
[2024-11-23T03:17:23.773+0000] {processor.py:153} INFO - Started process (PID=1889) to work on /home/airflow/.local/lib/python3.7/site-packages/airflow/example_dags/example_xcomargs.py
[2024-11-23T03:17:23.774+0000] {processor.py:743} INFO - Processing file /home/airflow/.local/lib/python3.7/site-packages/airflow/example_dags/example_xcomargs.py for tasks to queue
[2024-11-23T03:17:23.774+0000] {logging_mixin.py:137} INFO - [2024-11-23T03:17:23.774+0000] {dagbag.py:538} INFO - Filling up the DagBag from /home/airflow/.local/lib/python3.7/site-packages/airflow/example_dags/example_xcomargs.py
[2024-11-23T03:17:23.792+0000] {processor.py:753} INFO - DAG(s) dict_keys(['example_xcom_args', 'example_xcom_args_with_operators']) retrieved from /home/airflow/.local/lib/python3.7/site-packages/airflow/example_dags/example_xcomargs.py
[2024-11-23T03:17:23.815+0000] {logging_mixin.py:137} INFO - [2024-11-23T03:17:23.814+0000] {dag.py:2690} INFO - Sync 2 DAGs
[2024-11-23T03:17:23.833+0000] {logging_mixin.py:137} INFO - [2024-11-23T03:17:23.833+0000] {dag.py:3441} INFO - Setting next_dagrun for example_xcom_args to None, run_after=None
[2024-11-23T03:17:23.835+0000] {logging_mixin.py:137} INFO - [2024-11-23T03:17:23.835+0000] {dag.py:3441} INFO - Setting next_dagrun for example_xcom_args_with_operators to None, run_after=None
[2024-11-23T03:17:23.845+0000] {processor.py:175} INFO - Processing /home/airflow/.local/lib/python3.7/site-packages/airflow/example_dags/example_xcomargs.py took 0.075 seconds
[2024-11-23T03:17:53.900+0000] {processor.py:153} INFO - Started process (PID=1962) to work on /home/airflow/.local/lib/python3.7/site-packages/airflow/example_dags/example_xcomargs.py
[2024-11-23T03:17:53.901+0000] {processor.py:743} INFO - Processing file /home/airflow/.local/lib/python3.7/site-packages/airflow/example_dags/example_xcomargs.py for tasks to queue
[2024-11-23T03:17:53.902+0000] {logging_mixin.py:137} INFO - [2024-11-23T03:17:53.902+0000] {dagbag.py:538} INFO - Filling up the DagBag from /home/airflow/.local/lib/python3.7/site-packages/airflow/example_dags/example_xcomargs.py
[2024-11-23T03:17:53.919+0000] {processor.py:753} INFO - DAG(s) dict_keys(['example_xcom_args_with_operators', 'example_xcom_args']) retrieved from /home/airflow/.local/lib/python3.7/site-packages/airflow/example_dags/example_xcomargs.py
[2024-11-23T03:17:53.939+0000] {logging_mixin.py:137} INFO - [2024-11-23T03:17:53.939+0000] {dag.py:2690} INFO - Sync 2 DAGs
[2024-11-23T03:17:53.955+0000] {logging_mixin.py:137} INFO - [2024-11-23T03:17:53.955+0000] {dag.py:3441} INFO - Setting next_dagrun for example_xcom_args to None, run_after=None
[2024-11-23T03:17:53.958+0000] {logging_mixin.py:137} INFO - [2024-11-23T03:17:53.958+0000] {dag.py:3441} INFO - Setting next_dagrun for example_xcom_args_with_operators to None, run_after=None
[2024-11-23T03:17:53.968+0000] {processor.py:175} INFO - Processing /home/airflow/.local/lib/python3.7/site-packages/airflow/example_dags/example_xcomargs.py took 0.070 seconds
[2024-11-23T03:18:24.305+0000] {processor.py:153} INFO - Started process (PID=2051) to work on /home/airflow/.local/lib/python3.7/site-packages/airflow/example_dags/example_xcomargs.py
[2024-11-23T03:18:24.305+0000] {processor.py:743} INFO - Processing file /home/airflow/.local/lib/python3.7/site-packages/airflow/example_dags/example_xcomargs.py for tasks to queue
[2024-11-23T03:18:24.306+0000] {logging_mixin.py:137} INFO - [2024-11-23T03:18:24.306+0000] {dagbag.py:538} INFO - Filling up the DagBag from /home/airflow/.local/lib/python3.7/site-packages/airflow/example_dags/example_xcomargs.py
[2024-11-23T03:18:24.323+0000] {processor.py:753} INFO - DAG(s) dict_keys(['example_xcom_args', 'example_xcom_args_with_operators']) retrieved from /home/airflow/.local/lib/python3.7/site-packages/airflow/example_dags/example_xcomargs.py
[2024-11-23T03:18:24.344+0000] {logging_mixin.py:137} INFO - [2024-11-23T03:18:24.343+0000] {dag.py:2690} INFO - Sync 2 DAGs
[2024-11-23T03:18:24.362+0000] {logging_mixin.py:137} INFO - [2024-11-23T03:18:24.362+0000] {dag.py:3441} INFO - Setting next_dagrun for example_xcom_args to None, run_after=None
[2024-11-23T03:18:24.365+0000] {logging_mixin.py:137} INFO - [2024-11-23T03:18:24.365+0000] {dag.py:3441} INFO - Setting next_dagrun for example_xcom_args_with_operators to None, run_after=None
[2024-11-23T03:18:24.376+0000] {processor.py:175} INFO - Processing /home/airflow/.local/lib/python3.7/site-packages/airflow/example_dags/example_xcomargs.py took 0.074 seconds
[2024-11-23T03:18:54.446+0000] {processor.py:153} INFO - Started process (PID=2125) to work on /home/airflow/.local/lib/python3.7/site-packages/airflow/example_dags/example_xcomargs.py
[2024-11-23T03:18:54.447+0000] {processor.py:743} INFO - Processing file /home/airflow/.local/lib/python3.7/site-packages/airflow/example_dags/example_xcomargs.py for tasks to queue
[2024-11-23T03:18:54.447+0000] {logging_mixin.py:137} INFO - [2024-11-23T03:18:54.447+0000] {dagbag.py:538} INFO - Filling up the DagBag from /home/airflow/.local/lib/python3.7/site-packages/airflow/example_dags/example_xcomargs.py
[2024-11-23T03:18:54.463+0000] {processor.py:753} INFO - DAG(s) dict_keys(['example_xcom_args', 'example_xcom_args_with_operators']) retrieved from /home/airflow/.local/lib/python3.7/site-packages/airflow/example_dags/example_xcomargs.py
[2024-11-23T03:18:54.482+0000] {logging_mixin.py:137} INFO - [2024-11-23T03:18:54.482+0000] {dag.py:2690} INFO - Sync 2 DAGs
[2024-11-23T03:18:54.501+0000] {logging_mixin.py:137} INFO - [2024-11-23T03:18:54.501+0000] {dag.py:3441} INFO - Setting next_dagrun for example_xcom_args to None, run_after=None
[2024-11-23T03:18:54.504+0000] {logging_mixin.py:137} INFO - [2024-11-23T03:18:54.504+0000] {dag.py:3441} INFO - Setting next_dagrun for example_xcom_args_with_operators to None, run_after=None
[2024-11-23T03:18:54.515+0000] {processor.py:175} INFO - Processing /home/airflow/.local/lib/python3.7/site-packages/airflow/example_dags/example_xcomargs.py took 0.072 seconds
[2024-11-23T03:19:24.726+0000] {processor.py:153} INFO - Started process (PID=2214) to work on /home/airflow/.local/lib/python3.7/site-packages/airflow/example_dags/example_xcomargs.py
[2024-11-23T03:19:24.726+0000] {processor.py:743} INFO - Processing file /home/airflow/.local/lib/python3.7/site-packages/airflow/example_dags/example_xcomargs.py for tasks to queue
[2024-11-23T03:19:24.727+0000] {logging_mixin.py:137} INFO - [2024-11-23T03:19:24.727+0000] {dagbag.py:538} INFO - Filling up the DagBag from /home/airflow/.local/lib/python3.7/site-packages/airflow/example_dags/example_xcomargs.py
[2024-11-23T03:19:24.744+0000] {processor.py:753} INFO - DAG(s) dict_keys(['example_xcom_args_with_operators', 'example_xcom_args']) retrieved from /home/airflow/.local/lib/python3.7/site-packages/airflow/example_dags/example_xcomargs.py
[2024-11-23T03:19:24.763+0000] {logging_mixin.py:137} INFO - [2024-11-23T03:19:24.763+0000] {dag.py:2690} INFO - Sync 2 DAGs
[2024-11-23T03:19:24.787+0000] {logging_mixin.py:137} INFO - [2024-11-23T03:19:24.787+0000] {dag.py:3441} INFO - Setting next_dagrun for example_xcom_args to None, run_after=None
[2024-11-23T03:19:24.794+0000] {logging_mixin.py:137} INFO - [2024-11-23T03:19:24.793+0000] {dag.py:3441} INFO - Setting next_dagrun for example_xcom_args_with_operators to None, run_after=None
[2024-11-23T03:19:24.810+0000] {processor.py:175} INFO - Processing /home/airflow/.local/lib/python3.7/site-packages/airflow/example_dags/example_xcomargs.py took 0.088 seconds
[2024-11-23T03:19:55.736+0000] {processor.py:153} INFO - Started process (PID=2297) to work on /home/airflow/.local/lib/python3.7/site-packages/airflow/example_dags/example_xcomargs.py
[2024-11-23T03:19:55.739+0000] {processor.py:743} INFO - Processing file /home/airflow/.local/lib/python3.7/site-packages/airflow/example_dags/example_xcomargs.py for tasks to queue
[2024-11-23T03:19:55.742+0000] {logging_mixin.py:137} INFO - [2024-11-23T03:19:55.742+0000] {dagbag.py:538} INFO - Filling up the DagBag from /home/airflow/.local/lib/python3.7/site-packages/airflow/example_dags/example_xcomargs.py
[2024-11-23T03:19:55.770+0000] {processor.py:753} INFO - DAG(s) dict_keys(['example_xcom_args_with_operators', 'example_xcom_args']) retrieved from /home/airflow/.local/lib/python3.7/site-packages/airflow/example_dags/example_xcomargs.py
[2024-11-23T03:19:55.805+0000] {logging_mixin.py:137} INFO - [2024-11-23T03:19:55.805+0000] {dag.py:2690} INFO - Sync 2 DAGs
[2024-11-23T03:19:55.833+0000] {logging_mixin.py:137} INFO - [2024-11-23T03:19:55.833+0000] {dag.py:3441} INFO - Setting next_dagrun for example_xcom_args to None, run_after=None
[2024-11-23T03:19:55.837+0000] {logging_mixin.py:137} INFO - [2024-11-23T03:19:55.836+0000] {dag.py:3441} INFO - Setting next_dagrun for example_xcom_args_with_operators to None, run_after=None
[2024-11-23T03:19:55.854+0000] {processor.py:175} INFO - Processing /home/airflow/.local/lib/python3.7/site-packages/airflow/example_dags/example_xcomargs.py took 0.121 seconds
