[2024-11-23T02:53:00.241+0000] {processor.py:153} INFO - Started process (PID=44) to work on /home/airflow/.local/lib/python3.7/site-packages/airflow/example_dags/example_skip_dag.py
[2024-11-23T02:53:00.242+0000] {processor.py:743} INFO - Processing file /home/airflow/.local/lib/python3.7/site-packages/airflow/example_dags/example_skip_dag.py for tasks to queue
[2024-11-23T02:53:00.244+0000] {logging_mixin.py:137} INFO - [2024-11-23T02:53:00.244+0000] {dagbag.py:538} INFO - Filling up the DagBag from /home/airflow/.local/lib/python3.7/site-packages/airflow/example_dags/example_skip_dag.py
[2024-11-23T02:53:00.263+0000] {processor.py:753} INFO - DAG(s) dict_keys(['example_skip_dag']) retrieved from /home/airflow/.local/lib/python3.7/site-packages/airflow/example_dags/example_skip_dag.py
[2024-11-23T02:53:00.279+0000] {logging_mixin.py:137} INFO - [2024-11-23T02:53:00.278+0000] {dag.py:2690} INFO - Sync 1 DAGs
[2024-11-23T02:53:00.305+0000] {logging_mixin.py:137} INFO - [2024-11-23T02:53:00.305+0000] {dag.py:3441} INFO - Setting next_dagrun for example_skip_dag to 2024-11-22T02:53:00.305357+00:00, run_after=2024-11-23T02:53:00.305357+00:00
[2024-11-23T02:53:00.324+0000] {processor.py:175} INFO - Processing /home/airflow/.local/lib/python3.7/site-packages/airflow/example_dags/example_skip_dag.py took 0.091 seconds
[2024-11-23T02:53:30.960+0000] {processor.py:153} INFO - Started process (PID=134) to work on /home/airflow/.local/lib/python3.7/site-packages/airflow/example_dags/example_skip_dag.py
[2024-11-23T02:53:30.960+0000] {processor.py:743} INFO - Processing file /home/airflow/.local/lib/python3.7/site-packages/airflow/example_dags/example_skip_dag.py for tasks to queue
[2024-11-23T02:53:30.961+0000] {logging_mixin.py:137} INFO - [2024-11-23T02:53:30.961+0000] {dagbag.py:538} INFO - Filling up the DagBag from /home/airflow/.local/lib/python3.7/site-packages/airflow/example_dags/example_skip_dag.py
[2024-11-23T02:53:30.971+0000] {processor.py:753} INFO - DAG(s) dict_keys(['example_skip_dag']) retrieved from /home/airflow/.local/lib/python3.7/site-packages/airflow/example_dags/example_skip_dag.py
[2024-11-23T02:53:30.995+0000] {logging_mixin.py:137} INFO - [2024-11-23T02:53:30.995+0000] {dag.py:2690} INFO - Sync 1 DAGs
[2024-11-23T02:53:31.014+0000] {logging_mixin.py:137} INFO - [2024-11-23T02:53:31.014+0000] {dag.py:3441} INFO - Setting next_dagrun for example_skip_dag to 2024-11-22T02:53:31.014651+00:00, run_after=2024-11-23T02:53:31.014651+00:00
[2024-11-23T02:53:31.032+0000] {processor.py:175} INFO - Processing /home/airflow/.local/lib/python3.7/site-packages/airflow/example_dags/example_skip_dag.py took 0.074 seconds
[2024-11-23T02:54:01.413+0000] {processor.py:153} INFO - Started process (PID=208) to work on /home/airflow/.local/lib/python3.7/site-packages/airflow/example_dags/example_skip_dag.py
[2024-11-23T02:54:01.414+0000] {processor.py:743} INFO - Processing file /home/airflow/.local/lib/python3.7/site-packages/airflow/example_dags/example_skip_dag.py for tasks to queue
[2024-11-23T02:54:01.415+0000] {logging_mixin.py:137} INFO - [2024-11-23T02:54:01.415+0000] {dagbag.py:538} INFO - Filling up the DagBag from /home/airflow/.local/lib/python3.7/site-packages/airflow/example_dags/example_skip_dag.py
[2024-11-23T02:54:01.425+0000] {processor.py:753} INFO - DAG(s) dict_keys(['example_skip_dag']) retrieved from /home/airflow/.local/lib/python3.7/site-packages/airflow/example_dags/example_skip_dag.py
[2024-11-23T02:54:01.446+0000] {logging_mixin.py:137} INFO - [2024-11-23T02:54:01.446+0000] {dag.py:2690} INFO - Sync 1 DAGs
[2024-11-23T02:54:01.472+0000] {logging_mixin.py:137} INFO - [2024-11-23T02:54:01.472+0000] {dag.py:3441} INFO - Setting next_dagrun for example_skip_dag to 2024-11-22T02:54:01.472210+00:00, run_after=2024-11-23T02:54:01.472210+00:00
[2024-11-23T02:54:01.497+0000] {processor.py:175} INFO - Processing /home/airflow/.local/lib/python3.7/site-packages/airflow/example_dags/example_skip_dag.py took 0.087 seconds
[2024-11-23T02:54:31.684+0000] {processor.py:153} INFO - Started process (PID=298) to work on /home/airflow/.local/lib/python3.7/site-packages/airflow/example_dags/example_skip_dag.py
[2024-11-23T02:54:31.686+0000] {processor.py:743} INFO - Processing file /home/airflow/.local/lib/python3.7/site-packages/airflow/example_dags/example_skip_dag.py for tasks to queue
[2024-11-23T02:54:31.686+0000] {logging_mixin.py:137} INFO - [2024-11-23T02:54:31.686+0000] {dagbag.py:538} INFO - Filling up the DagBag from /home/airflow/.local/lib/python3.7/site-packages/airflow/example_dags/example_skip_dag.py
[2024-11-23T02:54:31.697+0000] {processor.py:753} INFO - DAG(s) dict_keys(['example_skip_dag']) retrieved from /home/airflow/.local/lib/python3.7/site-packages/airflow/example_dags/example_skip_dag.py
[2024-11-23T02:54:31.717+0000] {logging_mixin.py:137} INFO - [2024-11-23T02:54:31.717+0000] {dag.py:2690} INFO - Sync 1 DAGs
[2024-11-23T02:54:31.735+0000] {logging_mixin.py:137} INFO - [2024-11-23T02:54:31.735+0000] {dag.py:3441} INFO - Setting next_dagrun for example_skip_dag to 2024-11-22T02:54:31.735171+00:00, run_after=2024-11-23T02:54:31.735171+00:00
[2024-11-23T02:54:31.753+0000] {processor.py:175} INFO - Processing /home/airflow/.local/lib/python3.7/site-packages/airflow/example_dags/example_skip_dag.py took 0.072 seconds
[2024-11-23T02:55:27.917+0000] {processor.py:153} INFO - Started process (PID=44) to work on /home/airflow/.local/lib/python3.7/site-packages/airflow/example_dags/example_skip_dag.py
[2024-11-23T02:55:27.919+0000] {processor.py:743} INFO - Processing file /home/airflow/.local/lib/python3.7/site-packages/airflow/example_dags/example_skip_dag.py for tasks to queue
[2024-11-23T02:55:27.920+0000] {logging_mixin.py:137} INFO - [2024-11-23T02:55:27.920+0000] {dagbag.py:538} INFO - Filling up the DagBag from /home/airflow/.local/lib/python3.7/site-packages/airflow/example_dags/example_skip_dag.py
[2024-11-23T02:55:27.943+0000] {processor.py:753} INFO - DAG(s) dict_keys(['example_skip_dag']) retrieved from /home/airflow/.local/lib/python3.7/site-packages/airflow/example_dags/example_skip_dag.py
[2024-11-23T02:55:27.958+0000] {logging_mixin.py:137} INFO - [2024-11-23T02:55:27.958+0000] {dag.py:2690} INFO - Sync 1 DAGs
[2024-11-23T02:55:27.990+0000] {logging_mixin.py:137} INFO - [2024-11-23T02:55:27.990+0000] {dag.py:3441} INFO - Setting next_dagrun for example_skip_dag to 2024-11-22T02:55:27.990244+00:00, run_after=2024-11-23T02:55:27.990244+00:00
[2024-11-23T02:55:28.023+0000] {processor.py:175} INFO - Processing /home/airflow/.local/lib/python3.7/site-packages/airflow/example_dags/example_skip_dag.py took 0.115 seconds
[2024-11-23T02:55:58.473+0000] {processor.py:153} INFO - Started process (PID=134) to work on /home/airflow/.local/lib/python3.7/site-packages/airflow/example_dags/example_skip_dag.py
[2024-11-23T02:55:58.474+0000] {processor.py:743} INFO - Processing file /home/airflow/.local/lib/python3.7/site-packages/airflow/example_dags/example_skip_dag.py for tasks to queue
[2024-11-23T02:55:58.475+0000] {logging_mixin.py:137} INFO - [2024-11-23T02:55:58.475+0000] {dagbag.py:538} INFO - Filling up the DagBag from /home/airflow/.local/lib/python3.7/site-packages/airflow/example_dags/example_skip_dag.py
[2024-11-23T02:55:58.484+0000] {processor.py:753} INFO - DAG(s) dict_keys(['example_skip_dag']) retrieved from /home/airflow/.local/lib/python3.7/site-packages/airflow/example_dags/example_skip_dag.py
[2024-11-23T02:55:58.505+0000] {logging_mixin.py:137} INFO - [2024-11-23T02:55:58.505+0000] {dag.py:2690} INFO - Sync 1 DAGs
[2024-11-23T02:55:58.525+0000] {logging_mixin.py:137} INFO - [2024-11-23T02:55:58.525+0000] {dag.py:3441} INFO - Setting next_dagrun for example_skip_dag to 2024-11-22T02:55:58.525013+00:00, run_after=2024-11-23T02:55:58.525013+00:00
[2024-11-23T02:55:58.538+0000] {processor.py:175} INFO - Processing /home/airflow/.local/lib/python3.7/site-packages/airflow/example_dags/example_skip_dag.py took 0.067 seconds
[2024-11-23T02:56:28.777+0000] {processor.py:153} INFO - Started process (PID=208) to work on /home/airflow/.local/lib/python3.7/site-packages/airflow/example_dags/example_skip_dag.py
[2024-11-23T02:56:28.780+0000] {processor.py:743} INFO - Processing file /home/airflow/.local/lib/python3.7/site-packages/airflow/example_dags/example_skip_dag.py for tasks to queue
[2024-11-23T02:56:28.781+0000] {logging_mixin.py:137} INFO - [2024-11-23T02:56:28.781+0000] {dagbag.py:538} INFO - Filling up the DagBag from /home/airflow/.local/lib/python3.7/site-packages/airflow/example_dags/example_skip_dag.py
[2024-11-23T02:56:28.791+0000] {processor.py:753} INFO - DAG(s) dict_keys(['example_skip_dag']) retrieved from /home/airflow/.local/lib/python3.7/site-packages/airflow/example_dags/example_skip_dag.py
[2024-11-23T02:56:28.808+0000] {logging_mixin.py:137} INFO - [2024-11-23T02:56:28.808+0000] {dag.py:2690} INFO - Sync 1 DAGs
[2024-11-23T02:56:28.829+0000] {logging_mixin.py:137} INFO - [2024-11-23T02:56:28.829+0000] {dag.py:3441} INFO - Setting next_dagrun for example_skip_dag to 2024-11-22T02:56:28.829291+00:00, run_after=2024-11-23T02:56:28.829291+00:00
[2024-11-23T02:56:28.848+0000] {processor.py:175} INFO - Processing /home/airflow/.local/lib/python3.7/site-packages/airflow/example_dags/example_skip_dag.py took 0.073 seconds
[2024-11-23T02:56:59.711+0000] {processor.py:153} INFO - Started process (PID=298) to work on /home/airflow/.local/lib/python3.7/site-packages/airflow/example_dags/example_skip_dag.py
[2024-11-23T02:56:59.713+0000] {processor.py:743} INFO - Processing file /home/airflow/.local/lib/python3.7/site-packages/airflow/example_dags/example_skip_dag.py for tasks to queue
[2024-11-23T02:56:59.714+0000] {logging_mixin.py:137} INFO - [2024-11-23T02:56:59.714+0000] {dagbag.py:538} INFO - Filling up the DagBag from /home/airflow/.local/lib/python3.7/site-packages/airflow/example_dags/example_skip_dag.py
[2024-11-23T02:56:59.733+0000] {processor.py:753} INFO - DAG(s) dict_keys(['example_skip_dag']) retrieved from /home/airflow/.local/lib/python3.7/site-packages/airflow/example_dags/example_skip_dag.py
[2024-11-23T02:56:59.770+0000] {logging_mixin.py:137} INFO - [2024-11-23T02:56:59.770+0000] {dag.py:2690} INFO - Sync 1 DAGs
[2024-11-23T02:56:59.805+0000] {logging_mixin.py:137} INFO - [2024-11-23T02:56:59.805+0000] {dag.py:3441} INFO - Setting next_dagrun for example_skip_dag to 2024-11-22T02:56:59.804774+00:00, run_after=2024-11-23T02:56:59.804774+00:00
[2024-11-23T02:56:59.827+0000] {processor.py:175} INFO - Processing /home/airflow/.local/lib/python3.7/site-packages/airflow/example_dags/example_skip_dag.py took 0.120 seconds
[2024-11-23T02:57:30.213+0000] {processor.py:153} INFO - Started process (PID=372) to work on /home/airflow/.local/lib/python3.7/site-packages/airflow/example_dags/example_skip_dag.py
[2024-11-23T02:57:30.214+0000] {processor.py:743} INFO - Processing file /home/airflow/.local/lib/python3.7/site-packages/airflow/example_dags/example_skip_dag.py for tasks to queue
[2024-11-23T02:57:30.214+0000] {logging_mixin.py:137} INFO - [2024-11-23T02:57:30.214+0000] {dagbag.py:538} INFO - Filling up the DagBag from /home/airflow/.local/lib/python3.7/site-packages/airflow/example_dags/example_skip_dag.py
[2024-11-23T02:57:30.224+0000] {processor.py:753} INFO - DAG(s) dict_keys(['example_skip_dag']) retrieved from /home/airflow/.local/lib/python3.7/site-packages/airflow/example_dags/example_skip_dag.py
[2024-11-23T02:57:30.248+0000] {logging_mixin.py:137} INFO - [2024-11-23T02:57:30.248+0000] {dag.py:2690} INFO - Sync 1 DAGs
[2024-11-23T02:57:30.268+0000] {logging_mixin.py:137} INFO - [2024-11-23T02:57:30.267+0000] {dag.py:3441} INFO - Setting next_dagrun for example_skip_dag to 2024-11-22T02:57:30.267799+00:00, run_after=2024-11-23T02:57:30.267799+00:00
[2024-11-23T02:57:30.285+0000] {processor.py:175} INFO - Processing /home/airflow/.local/lib/python3.7/site-packages/airflow/example_dags/example_skip_dag.py took 0.075 seconds
[2024-11-23T02:58:38.064+0000] {processor.py:153} INFO - Started process (PID=44) to work on /home/airflow/.local/lib/python3.7/site-packages/airflow/example_dags/example_skip_dag.py
[2024-11-23T02:58:38.066+0000] {processor.py:743} INFO - Processing file /home/airflow/.local/lib/python3.7/site-packages/airflow/example_dags/example_skip_dag.py for tasks to queue
[2024-11-23T02:58:38.067+0000] {logging_mixin.py:137} INFO - [2024-11-23T02:58:38.066+0000] {dagbag.py:538} INFO - Filling up the DagBag from /home/airflow/.local/lib/python3.7/site-packages/airflow/example_dags/example_skip_dag.py
[2024-11-23T02:58:38.085+0000] {processor.py:753} INFO - DAG(s) dict_keys(['example_skip_dag']) retrieved from /home/airflow/.local/lib/python3.7/site-packages/airflow/example_dags/example_skip_dag.py
[2024-11-23T02:58:38.107+0000] {logging_mixin.py:137} INFO - [2024-11-23T02:58:38.106+0000] {dag.py:2690} INFO - Sync 1 DAGs
[2024-11-23T02:58:38.135+0000] {logging_mixin.py:137} INFO - [2024-11-23T02:58:38.134+0000] {dag.py:3441} INFO - Setting next_dagrun for example_skip_dag to 2024-11-22T02:58:38.134506+00:00, run_after=2024-11-23T02:58:38.134506+00:00
[2024-11-23T02:58:38.165+0000] {processor.py:175} INFO - Processing /home/airflow/.local/lib/python3.7/site-packages/airflow/example_dags/example_skip_dag.py took 0.105 seconds
[2024-11-23T02:59:08.593+0000] {processor.py:153} INFO - Started process (PID=133) to work on /home/airflow/.local/lib/python3.7/site-packages/airflow/example_dags/example_skip_dag.py
[2024-11-23T02:59:08.595+0000] {processor.py:743} INFO - Processing file /home/airflow/.local/lib/python3.7/site-packages/airflow/example_dags/example_skip_dag.py for tasks to queue
[2024-11-23T02:59:08.596+0000] {logging_mixin.py:137} INFO - [2024-11-23T02:59:08.596+0000] {dagbag.py:538} INFO - Filling up the DagBag from /home/airflow/.local/lib/python3.7/site-packages/airflow/example_dags/example_skip_dag.py
[2024-11-23T02:59:08.608+0000] {processor.py:753} INFO - DAG(s) dict_keys(['example_skip_dag']) retrieved from /home/airflow/.local/lib/python3.7/site-packages/airflow/example_dags/example_skip_dag.py
[2024-11-23T02:59:08.625+0000] {logging_mixin.py:137} INFO - [2024-11-23T02:59:08.625+0000] {dag.py:2690} INFO - Sync 1 DAGs
[2024-11-23T02:59:08.647+0000] {logging_mixin.py:137} INFO - [2024-11-23T02:59:08.646+0000] {dag.py:3441} INFO - Setting next_dagrun for example_skip_dag to 2024-11-22T02:59:08.646711+00:00, run_after=2024-11-23T02:59:08.646711+00:00
[2024-11-23T02:59:08.673+0000] {processor.py:175} INFO - Processing /home/airflow/.local/lib/python3.7/site-packages/airflow/example_dags/example_skip_dag.py took 0.083 seconds
[2024-11-23T02:59:39.590+0000] {processor.py:153} INFO - Started process (PID=207) to work on /home/airflow/.local/lib/python3.7/site-packages/airflow/example_dags/example_skip_dag.py
[2024-11-23T02:59:39.591+0000] {processor.py:743} INFO - Processing file /home/airflow/.local/lib/python3.7/site-packages/airflow/example_dags/example_skip_dag.py for tasks to queue
[2024-11-23T02:59:39.592+0000] {logging_mixin.py:137} INFO - [2024-11-23T02:59:39.592+0000] {dagbag.py:538} INFO - Filling up the DagBag from /home/airflow/.local/lib/python3.7/site-packages/airflow/example_dags/example_skip_dag.py
[2024-11-23T02:59:39.602+0000] {processor.py:753} INFO - DAG(s) dict_keys(['example_skip_dag']) retrieved from /home/airflow/.local/lib/python3.7/site-packages/airflow/example_dags/example_skip_dag.py
[2024-11-23T02:59:39.620+0000] {logging_mixin.py:137} INFO - [2024-11-23T02:59:39.620+0000] {dag.py:2690} INFO - Sync 1 DAGs
[2024-11-23T02:59:39.638+0000] {logging_mixin.py:137} INFO - [2024-11-23T02:59:39.637+0000] {dag.py:3441} INFO - Setting next_dagrun for example_skip_dag to 2024-11-22T02:59:39.637705+00:00, run_after=2024-11-23T02:59:39.637705+00:00
[2024-11-23T02:59:39.654+0000] {processor.py:175} INFO - Processing /home/airflow/.local/lib/python3.7/site-packages/airflow/example_dags/example_skip_dag.py took 0.067 seconds
[2024-11-23T03:00:09.963+0000] {processor.py:153} INFO - Started process (PID=297) to work on /home/airflow/.local/lib/python3.7/site-packages/airflow/example_dags/example_skip_dag.py
[2024-11-23T03:00:09.963+0000] {processor.py:743} INFO - Processing file /home/airflow/.local/lib/python3.7/site-packages/airflow/example_dags/example_skip_dag.py for tasks to queue
[2024-11-23T03:00:09.965+0000] {logging_mixin.py:137} INFO - [2024-11-23T03:00:09.964+0000] {dagbag.py:538} INFO - Filling up the DagBag from /home/airflow/.local/lib/python3.7/site-packages/airflow/example_dags/example_skip_dag.py
[2024-11-23T03:00:09.976+0000] {processor.py:753} INFO - DAG(s) dict_keys(['example_skip_dag']) retrieved from /home/airflow/.local/lib/python3.7/site-packages/airflow/example_dags/example_skip_dag.py
[2024-11-23T03:00:09.999+0000] {logging_mixin.py:137} INFO - [2024-11-23T03:00:09.999+0000] {dag.py:2690} INFO - Sync 1 DAGs
[2024-11-23T03:00:10.020+0000] {logging_mixin.py:137} INFO - [2024-11-23T03:00:10.020+0000] {dag.py:3441} INFO - Setting next_dagrun for example_skip_dag to 2024-11-22T03:00:10.020019+00:00, run_after=2024-11-23T03:00:10.020019+00:00
[2024-11-23T03:00:10.039+0000] {processor.py:175} INFO - Processing /home/airflow/.local/lib/python3.7/site-packages/airflow/example_dags/example_skip_dag.py took 0.079 seconds
[2024-11-23T03:00:40.479+0000] {processor.py:153} INFO - Started process (PID=371) to work on /home/airflow/.local/lib/python3.7/site-packages/airflow/example_dags/example_skip_dag.py
[2024-11-23T03:00:40.483+0000] {processor.py:743} INFO - Processing file /home/airflow/.local/lib/python3.7/site-packages/airflow/example_dags/example_skip_dag.py for tasks to queue
[2024-11-23T03:00:40.484+0000] {logging_mixin.py:137} INFO - [2024-11-23T03:00:40.484+0000] {dagbag.py:538} INFO - Filling up the DagBag from /home/airflow/.local/lib/python3.7/site-packages/airflow/example_dags/example_skip_dag.py
[2024-11-23T03:00:40.528+0000] {processor.py:753} INFO - DAG(s) dict_keys(['example_skip_dag']) retrieved from /home/airflow/.local/lib/python3.7/site-packages/airflow/example_dags/example_skip_dag.py
[2024-11-23T03:00:40.559+0000] {logging_mixin.py:137} INFO - [2024-11-23T03:00:40.559+0000] {dag.py:2690} INFO - Sync 1 DAGs
[2024-11-23T03:00:40.592+0000] {logging_mixin.py:137} INFO - [2024-11-23T03:00:40.591+0000] {dag.py:3441} INFO - Setting next_dagrun for example_skip_dag to 2024-11-22T03:00:40.591644+00:00, run_after=2024-11-23T03:00:40.591644+00:00
[2024-11-23T03:00:40.615+0000] {processor.py:175} INFO - Processing /home/airflow/.local/lib/python3.7/site-packages/airflow/example_dags/example_skip_dag.py took 0.145 seconds
[2024-11-23T03:01:11.251+0000] {processor.py:153} INFO - Started process (PID=461) to work on /home/airflow/.local/lib/python3.7/site-packages/airflow/example_dags/example_skip_dag.py
[2024-11-23T03:01:11.251+0000] {processor.py:743} INFO - Processing file /home/airflow/.local/lib/python3.7/site-packages/airflow/example_dags/example_skip_dag.py for tasks to queue
[2024-11-23T03:01:11.252+0000] {logging_mixin.py:137} INFO - [2024-11-23T03:01:11.252+0000] {dagbag.py:538} INFO - Filling up the DagBag from /home/airflow/.local/lib/python3.7/site-packages/airflow/example_dags/example_skip_dag.py
[2024-11-23T03:01:11.262+0000] {processor.py:753} INFO - DAG(s) dict_keys(['example_skip_dag']) retrieved from /home/airflow/.local/lib/python3.7/site-packages/airflow/example_dags/example_skip_dag.py
[2024-11-23T03:01:11.280+0000] {logging_mixin.py:137} INFO - [2024-11-23T03:01:11.280+0000] {dag.py:2690} INFO - Sync 1 DAGs
[2024-11-23T03:01:11.300+0000] {logging_mixin.py:137} INFO - [2024-11-23T03:01:11.299+0000] {dag.py:3441} INFO - Setting next_dagrun for example_skip_dag to 2024-11-22T03:01:11.299775+00:00, run_after=2024-11-23T03:01:11.299775+00:00
[2024-11-23T03:01:11.320+0000] {processor.py:175} INFO - Processing /home/airflow/.local/lib/python3.7/site-packages/airflow/example_dags/example_skip_dag.py took 0.072 seconds
[2024-11-23T03:01:41.517+0000] {processor.py:153} INFO - Started process (PID=551) to work on /home/airflow/.local/lib/python3.7/site-packages/airflow/example_dags/example_skip_dag.py
[2024-11-23T03:01:41.518+0000] {processor.py:743} INFO - Processing file /home/airflow/.local/lib/python3.7/site-packages/airflow/example_dags/example_skip_dag.py for tasks to queue
[2024-11-23T03:01:41.518+0000] {logging_mixin.py:137} INFO - [2024-11-23T03:01:41.518+0000] {dagbag.py:538} INFO - Filling up the DagBag from /home/airflow/.local/lib/python3.7/site-packages/airflow/example_dags/example_skip_dag.py
[2024-11-23T03:01:41.530+0000] {processor.py:753} INFO - DAG(s) dict_keys(['example_skip_dag']) retrieved from /home/airflow/.local/lib/python3.7/site-packages/airflow/example_dags/example_skip_dag.py
[2024-11-23T03:01:41.558+0000] {logging_mixin.py:137} INFO - [2024-11-23T03:01:41.558+0000] {dag.py:2690} INFO - Sync 1 DAGs
[2024-11-23T03:01:41.579+0000] {logging_mixin.py:137} INFO - [2024-11-23T03:01:41.579+0000] {dag.py:3441} INFO - Setting next_dagrun for example_skip_dag to 2024-11-22T03:01:41.578830+00:00, run_after=2024-11-23T03:01:41.578830+00:00
[2024-11-23T03:01:41.596+0000] {processor.py:175} INFO - Processing /home/airflow/.local/lib/python3.7/site-packages/airflow/example_dags/example_skip_dag.py took 0.082 seconds
[2024-11-23T03:02:11.774+0000] {processor.py:153} INFO - Started process (PID=625) to work on /home/airflow/.local/lib/python3.7/site-packages/airflow/example_dags/example_skip_dag.py
[2024-11-23T03:02:11.774+0000] {processor.py:743} INFO - Processing file /home/airflow/.local/lib/python3.7/site-packages/airflow/example_dags/example_skip_dag.py for tasks to queue
[2024-11-23T03:02:11.775+0000] {logging_mixin.py:137} INFO - [2024-11-23T03:02:11.775+0000] {dagbag.py:538} INFO - Filling up the DagBag from /home/airflow/.local/lib/python3.7/site-packages/airflow/example_dags/example_skip_dag.py
[2024-11-23T03:02:11.786+0000] {processor.py:753} INFO - DAG(s) dict_keys(['example_skip_dag']) retrieved from /home/airflow/.local/lib/python3.7/site-packages/airflow/example_dags/example_skip_dag.py
[2024-11-23T03:02:11.806+0000] {logging_mixin.py:137} INFO - [2024-11-23T03:02:11.806+0000] {dag.py:2690} INFO - Sync 1 DAGs
[2024-11-23T03:02:11.825+0000] {logging_mixin.py:137} INFO - [2024-11-23T03:02:11.825+0000] {dag.py:3441} INFO - Setting next_dagrun for example_skip_dag to 2024-11-22T03:02:11.824832+00:00, run_after=2024-11-23T03:02:11.824832+00:00
[2024-11-23T03:02:11.845+0000] {processor.py:175} INFO - Processing /home/airflow/.local/lib/python3.7/site-packages/airflow/example_dags/example_skip_dag.py took 0.074 seconds
[2024-11-23T03:03:05.478+0000] {processor.py:153} INFO - Started process (PID=43) to work on /home/airflow/.local/lib/python3.7/site-packages/airflow/example_dags/example_skip_dag.py
[2024-11-23T03:03:05.479+0000] {processor.py:743} INFO - Processing file /home/airflow/.local/lib/python3.7/site-packages/airflow/example_dags/example_skip_dag.py for tasks to queue
[2024-11-23T03:03:05.480+0000] {logging_mixin.py:137} INFO - [2024-11-23T03:03:05.479+0000] {dagbag.py:538} INFO - Filling up the DagBag from /home/airflow/.local/lib/python3.7/site-packages/airflow/example_dags/example_skip_dag.py
[2024-11-23T03:03:05.495+0000] {processor.py:753} INFO - DAG(s) dict_keys(['example_skip_dag']) retrieved from /home/airflow/.local/lib/python3.7/site-packages/airflow/example_dags/example_skip_dag.py
[2024-11-23T03:03:05.506+0000] {logging_mixin.py:137} INFO - [2024-11-23T03:03:05.506+0000] {dag.py:2690} INFO - Sync 1 DAGs
[2024-11-23T03:03:05.536+0000] {logging_mixin.py:137} INFO - [2024-11-23T03:03:05.536+0000] {dag.py:3441} INFO - Setting next_dagrun for example_skip_dag to 2024-11-22T03:03:05.535779+00:00, run_after=2024-11-23T03:03:05.535779+00:00
[2024-11-23T03:03:05.561+0000] {processor.py:175} INFO - Processing /home/airflow/.local/lib/python3.7/site-packages/airflow/example_dags/example_skip_dag.py took 0.087 seconds
[2024-11-23T03:03:36.020+0000] {processor.py:153} INFO - Started process (PID=133) to work on /home/airflow/.local/lib/python3.7/site-packages/airflow/example_dags/example_skip_dag.py
[2024-11-23T03:03:36.021+0000] {processor.py:743} INFO - Processing file /home/airflow/.local/lib/python3.7/site-packages/airflow/example_dags/example_skip_dag.py for tasks to queue
[2024-11-23T03:03:36.023+0000] {logging_mixin.py:137} INFO - [2024-11-23T03:03:36.023+0000] {dagbag.py:538} INFO - Filling up the DagBag from /home/airflow/.local/lib/python3.7/site-packages/airflow/example_dags/example_skip_dag.py
[2024-11-23T03:03:36.041+0000] {processor.py:753} INFO - DAG(s) dict_keys(['example_skip_dag']) retrieved from /home/airflow/.local/lib/python3.7/site-packages/airflow/example_dags/example_skip_dag.py
[2024-11-23T03:03:36.075+0000] {logging_mixin.py:137} INFO - [2024-11-23T03:03:36.074+0000] {dag.py:2690} INFO - Sync 1 DAGs
[2024-11-23T03:03:36.116+0000] {logging_mixin.py:137} INFO - [2024-11-23T03:03:36.116+0000] {dag.py:3441} INFO - Setting next_dagrun for example_skip_dag to 2024-11-22T03:03:36.116361+00:00, run_after=2024-11-23T03:03:36.116361+00:00
[2024-11-23T03:03:36.177+0000] {processor.py:175} INFO - Processing /home/airflow/.local/lib/python3.7/site-packages/airflow/example_dags/example_skip_dag.py took 0.166 seconds
[2024-11-23T03:06:13.322+0000] {processor.py:153} INFO - Started process (PID=52) to work on /home/airflow/.local/lib/python3.7/site-packages/airflow/example_dags/example_skip_dag.py
[2024-11-23T03:06:13.325+0000] {processor.py:743} INFO - Processing file /home/airflow/.local/lib/python3.7/site-packages/airflow/example_dags/example_skip_dag.py for tasks to queue
[2024-11-23T03:06:13.326+0000] {logging_mixin.py:137} INFO - [2024-11-23T03:06:13.325+0000] {dagbag.py:538} INFO - Filling up the DagBag from /home/airflow/.local/lib/python3.7/site-packages/airflow/example_dags/example_skip_dag.py
[2024-11-23T03:06:13.356+0000] {processor.py:753} INFO - DAG(s) dict_keys(['example_skip_dag']) retrieved from /home/airflow/.local/lib/python3.7/site-packages/airflow/example_dags/example_skip_dag.py
[2024-11-23T03:06:13.375+0000] {logging_mixin.py:137} INFO - [2024-11-23T03:06:13.375+0000] {dag.py:2690} INFO - Sync 1 DAGs
[2024-11-23T03:06:13.426+0000] {logging_mixin.py:137} INFO - [2024-11-23T03:06:13.426+0000] {dag.py:3441} INFO - Setting next_dagrun for example_skip_dag to 2024-11-22T03:06:13.425723+00:00, run_after=2024-11-23T03:06:13.425723+00:00
[2024-11-23T03:06:13.477+0000] {processor.py:175} INFO - Processing /home/airflow/.local/lib/python3.7/site-packages/airflow/example_dags/example_skip_dag.py took 0.161 seconds
[2024-11-23T03:06:43.825+0000] {processor.py:153} INFO - Started process (PID=133) to work on /home/airflow/.local/lib/python3.7/site-packages/airflow/example_dags/example_skip_dag.py
[2024-11-23T03:06:43.826+0000] {processor.py:743} INFO - Processing file /home/airflow/.local/lib/python3.7/site-packages/airflow/example_dags/example_skip_dag.py for tasks to queue
[2024-11-23T03:06:43.826+0000] {logging_mixin.py:137} INFO - [2024-11-23T03:06:43.826+0000] {dagbag.py:538} INFO - Filling up the DagBag from /home/airflow/.local/lib/python3.7/site-packages/airflow/example_dags/example_skip_dag.py
[2024-11-23T03:06:43.837+0000] {processor.py:753} INFO - DAG(s) dict_keys(['example_skip_dag']) retrieved from /home/airflow/.local/lib/python3.7/site-packages/airflow/example_dags/example_skip_dag.py
[2024-11-23T03:06:43.858+0000] {logging_mixin.py:137} INFO - [2024-11-23T03:06:43.858+0000] {dag.py:2690} INFO - Sync 1 DAGs
[2024-11-23T03:06:43.884+0000] {logging_mixin.py:137} INFO - [2024-11-23T03:06:43.884+0000] {dag.py:3441} INFO - Setting next_dagrun for example_skip_dag to 2024-11-22T03:06:43.884615+00:00, run_after=2024-11-23T03:06:43.884615+00:00
[2024-11-23T03:06:43.905+0000] {processor.py:175} INFO - Processing /home/airflow/.local/lib/python3.7/site-packages/airflow/example_dags/example_skip_dag.py took 0.083 seconds
[2024-11-23T03:07:14.643+0000] {processor.py:153} INFO - Started process (PID=207) to work on /home/airflow/.local/lib/python3.7/site-packages/airflow/example_dags/example_skip_dag.py
[2024-11-23T03:07:14.644+0000] {processor.py:743} INFO - Processing file /home/airflow/.local/lib/python3.7/site-packages/airflow/example_dags/example_skip_dag.py for tasks to queue
[2024-11-23T03:07:14.647+0000] {logging_mixin.py:137} INFO - [2024-11-23T03:07:14.646+0000] {dagbag.py:538} INFO - Filling up the DagBag from /home/airflow/.local/lib/python3.7/site-packages/airflow/example_dags/example_skip_dag.py
[2024-11-23T03:07:14.657+0000] {processor.py:753} INFO - DAG(s) dict_keys(['example_skip_dag']) retrieved from /home/airflow/.local/lib/python3.7/site-packages/airflow/example_dags/example_skip_dag.py
[2024-11-23T03:07:14.689+0000] {logging_mixin.py:137} INFO - [2024-11-23T03:07:14.689+0000] {dag.py:2690} INFO - Sync 1 DAGs
[2024-11-23T03:07:14.711+0000] {logging_mixin.py:137} INFO - [2024-11-23T03:07:14.711+0000] {dag.py:3441} INFO - Setting next_dagrun for example_skip_dag to 2024-11-22T03:07:14.711265+00:00, run_after=2024-11-23T03:07:14.711265+00:00
[2024-11-23T03:07:14.734+0000] {processor.py:175} INFO - Processing /home/airflow/.local/lib/python3.7/site-packages/airflow/example_dags/example_skip_dag.py took 0.094 seconds
[2024-11-23T03:07:45.531+0000] {processor.py:153} INFO - Started process (PID=297) to work on /home/airflow/.local/lib/python3.7/site-packages/airflow/example_dags/example_skip_dag.py
[2024-11-23T03:07:45.532+0000] {processor.py:743} INFO - Processing file /home/airflow/.local/lib/python3.7/site-packages/airflow/example_dags/example_skip_dag.py for tasks to queue
[2024-11-23T03:07:45.532+0000] {logging_mixin.py:137} INFO - [2024-11-23T03:07:45.532+0000] {dagbag.py:538} INFO - Filling up the DagBag from /home/airflow/.local/lib/python3.7/site-packages/airflow/example_dags/example_skip_dag.py
[2024-11-23T03:07:45.543+0000] {processor.py:753} INFO - DAG(s) dict_keys(['example_skip_dag']) retrieved from /home/airflow/.local/lib/python3.7/site-packages/airflow/example_dags/example_skip_dag.py
[2024-11-23T03:07:45.563+0000] {logging_mixin.py:137} INFO - [2024-11-23T03:07:45.562+0000] {dag.py:2690} INFO - Sync 1 DAGs
[2024-11-23T03:07:45.580+0000] {logging_mixin.py:137} INFO - [2024-11-23T03:07:45.580+0000] {dag.py:3441} INFO - Setting next_dagrun for example_skip_dag to 2024-11-22T03:07:45.580023+00:00, run_after=2024-11-23T03:07:45.580023+00:00
[2024-11-23T03:07:45.596+0000] {processor.py:175} INFO - Processing /home/airflow/.local/lib/python3.7/site-packages/airflow/example_dags/example_skip_dag.py took 0.067 seconds
[2024-11-23T03:08:15.809+0000] {processor.py:153} INFO - Started process (PID=387) to work on /home/airflow/.local/lib/python3.7/site-packages/airflow/example_dags/example_skip_dag.py
[2024-11-23T03:08:15.810+0000] {processor.py:743} INFO - Processing file /home/airflow/.local/lib/python3.7/site-packages/airflow/example_dags/example_skip_dag.py for tasks to queue
[2024-11-23T03:08:15.811+0000] {logging_mixin.py:137} INFO - [2024-11-23T03:08:15.811+0000] {dagbag.py:538} INFO - Filling up the DagBag from /home/airflow/.local/lib/python3.7/site-packages/airflow/example_dags/example_skip_dag.py
[2024-11-23T03:08:15.826+0000] {processor.py:753} INFO - DAG(s) dict_keys(['example_skip_dag']) retrieved from /home/airflow/.local/lib/python3.7/site-packages/airflow/example_dags/example_skip_dag.py
[2024-11-23T03:08:15.846+0000] {logging_mixin.py:137} INFO - [2024-11-23T03:08:15.846+0000] {dag.py:2690} INFO - Sync 1 DAGs
[2024-11-23T03:08:15.867+0000] {logging_mixin.py:137} INFO - [2024-11-23T03:08:15.867+0000] {dag.py:3441} INFO - Setting next_dagrun for example_skip_dag to 2024-11-22T03:08:15.867386+00:00, run_after=2024-11-23T03:08:15.867386+00:00
[2024-11-23T03:08:15.887+0000] {processor.py:175} INFO - Processing /home/airflow/.local/lib/python3.7/site-packages/airflow/example_dags/example_skip_dag.py took 0.081 seconds
[2024-11-23T03:08:46.088+0000] {processor.py:153} INFO - Started process (PID=460) to work on /home/airflow/.local/lib/python3.7/site-packages/airflow/example_dags/example_skip_dag.py
[2024-11-23T03:08:46.088+0000] {processor.py:743} INFO - Processing file /home/airflow/.local/lib/python3.7/site-packages/airflow/example_dags/example_skip_dag.py for tasks to queue
[2024-11-23T03:08:46.089+0000] {logging_mixin.py:137} INFO - [2024-11-23T03:08:46.089+0000] {dagbag.py:538} INFO - Filling up the DagBag from /home/airflow/.local/lib/python3.7/site-packages/airflow/example_dags/example_skip_dag.py
[2024-11-23T03:08:46.098+0000] {processor.py:753} INFO - DAG(s) dict_keys(['example_skip_dag']) retrieved from /home/airflow/.local/lib/python3.7/site-packages/airflow/example_dags/example_skip_dag.py
[2024-11-23T03:08:46.120+0000] {logging_mixin.py:137} INFO - [2024-11-23T03:08:46.119+0000] {dag.py:2690} INFO - Sync 1 DAGs
[2024-11-23T03:08:46.140+0000] {logging_mixin.py:137} INFO - [2024-11-23T03:08:46.140+0000] {dag.py:3441} INFO - Setting next_dagrun for example_skip_dag to 2024-11-22T03:08:46.140717+00:00, run_after=2024-11-23T03:08:46.140717+00:00
[2024-11-23T03:08:46.159+0000] {processor.py:175} INFO - Processing /home/airflow/.local/lib/python3.7/site-packages/airflow/example_dags/example_skip_dag.py took 0.073 seconds
[2024-11-23T03:09:17.200+0000] {processor.py:153} INFO - Started process (PID=550) to work on /home/airflow/.local/lib/python3.7/site-packages/airflow/example_dags/example_skip_dag.py
[2024-11-23T03:09:17.201+0000] {processor.py:743} INFO - Processing file /home/airflow/.local/lib/python3.7/site-packages/airflow/example_dags/example_skip_dag.py for tasks to queue
[2024-11-23T03:09:17.201+0000] {logging_mixin.py:137} INFO - [2024-11-23T03:09:17.201+0000] {dagbag.py:538} INFO - Filling up the DagBag from /home/airflow/.local/lib/python3.7/site-packages/airflow/example_dags/example_skip_dag.py
[2024-11-23T03:09:17.210+0000] {processor.py:753} INFO - DAG(s) dict_keys(['example_skip_dag']) retrieved from /home/airflow/.local/lib/python3.7/site-packages/airflow/example_dags/example_skip_dag.py
[2024-11-23T03:09:17.226+0000] {logging_mixin.py:137} INFO - [2024-11-23T03:09:17.226+0000] {dag.py:2690} INFO - Sync 1 DAGs
[2024-11-23T03:09:17.245+0000] {logging_mixin.py:137} INFO - [2024-11-23T03:09:17.245+0000] {dag.py:3441} INFO - Setting next_dagrun for example_skip_dag to 2024-11-22T03:09:17.245383+00:00, run_after=2024-11-23T03:09:17.245383+00:00
[2024-11-23T03:09:17.261+0000] {processor.py:175} INFO - Processing /home/airflow/.local/lib/python3.7/site-packages/airflow/example_dags/example_skip_dag.py took 0.063 seconds
[2024-11-23T03:09:47.447+0000] {processor.py:153} INFO - Started process (PID=624) to work on /home/airflow/.local/lib/python3.7/site-packages/airflow/example_dags/example_skip_dag.py
[2024-11-23T03:09:47.447+0000] {processor.py:743} INFO - Processing file /home/airflow/.local/lib/python3.7/site-packages/airflow/example_dags/example_skip_dag.py for tasks to queue
[2024-11-23T03:09:47.448+0000] {logging_mixin.py:137} INFO - [2024-11-23T03:09:47.448+0000] {dagbag.py:538} INFO - Filling up the DagBag from /home/airflow/.local/lib/python3.7/site-packages/airflow/example_dags/example_skip_dag.py
[2024-11-23T03:09:47.458+0000] {processor.py:753} INFO - DAG(s) dict_keys(['example_skip_dag']) retrieved from /home/airflow/.local/lib/python3.7/site-packages/airflow/example_dags/example_skip_dag.py
[2024-11-23T03:09:47.477+0000] {logging_mixin.py:137} INFO - [2024-11-23T03:09:47.477+0000] {dag.py:2690} INFO - Sync 1 DAGs
[2024-11-23T03:09:47.497+0000] {logging_mixin.py:137} INFO - [2024-11-23T03:09:47.497+0000] {dag.py:3441} INFO - Setting next_dagrun for example_skip_dag to 2024-11-22T03:09:47.497488+00:00, run_after=2024-11-23T03:09:47.497488+00:00
[2024-11-23T03:09:47.510+0000] {processor.py:175} INFO - Processing /home/airflow/.local/lib/python3.7/site-packages/airflow/example_dags/example_skip_dag.py took 0.065 seconds
[2024-11-23T03:10:17.706+0000] {processor.py:153} INFO - Started process (PID=713) to work on /home/airflow/.local/lib/python3.7/site-packages/airflow/example_dags/example_skip_dag.py
[2024-11-23T03:10:17.707+0000] {processor.py:743} INFO - Processing file /home/airflow/.local/lib/python3.7/site-packages/airflow/example_dags/example_skip_dag.py for tasks to queue
[2024-11-23T03:10:17.708+0000] {logging_mixin.py:137} INFO - [2024-11-23T03:10:17.707+0000] {dagbag.py:538} INFO - Filling up the DagBag from /home/airflow/.local/lib/python3.7/site-packages/airflow/example_dags/example_skip_dag.py
[2024-11-23T03:10:17.718+0000] {processor.py:753} INFO - DAG(s) dict_keys(['example_skip_dag']) retrieved from /home/airflow/.local/lib/python3.7/site-packages/airflow/example_dags/example_skip_dag.py
[2024-11-23T03:10:17.741+0000] {logging_mixin.py:137} INFO - [2024-11-23T03:10:17.741+0000] {dag.py:2690} INFO - Sync 1 DAGs
[2024-11-23T03:10:17.762+0000] {logging_mixin.py:137} INFO - [2024-11-23T03:10:17.762+0000] {dag.py:3441} INFO - Setting next_dagrun for example_skip_dag to 2024-11-22T03:10:17.762733+00:00, run_after=2024-11-23T03:10:17.762733+00:00
[2024-11-23T03:10:17.776+0000] {processor.py:175} INFO - Processing /home/airflow/.local/lib/python3.7/site-packages/airflow/example_dags/example_skip_dag.py took 0.073 seconds
[2024-11-23T03:10:48.932+0000] {processor.py:153} INFO - Started process (PID=803) to work on /home/airflow/.local/lib/python3.7/site-packages/airflow/example_dags/example_skip_dag.py
[2024-11-23T03:10:48.934+0000] {processor.py:743} INFO - Processing file /home/airflow/.local/lib/python3.7/site-packages/airflow/example_dags/example_skip_dag.py for tasks to queue
[2024-11-23T03:10:48.936+0000] {logging_mixin.py:137} INFO - [2024-11-23T03:10:48.936+0000] {dagbag.py:538} INFO - Filling up the DagBag from /home/airflow/.local/lib/python3.7/site-packages/airflow/example_dags/example_skip_dag.py
[2024-11-23T03:10:48.958+0000] {processor.py:753} INFO - DAG(s) dict_keys(['example_skip_dag']) retrieved from /home/airflow/.local/lib/python3.7/site-packages/airflow/example_dags/example_skip_dag.py
[2024-11-23T03:10:49.000+0000] {logging_mixin.py:137} INFO - [2024-11-23T03:10:49.000+0000] {dag.py:2690} INFO - Sync 1 DAGs
[2024-11-23T03:10:49.028+0000] {logging_mixin.py:137} INFO - [2024-11-23T03:10:49.028+0000] {dag.py:3441} INFO - Setting next_dagrun for example_skip_dag to 2024-11-22T03:10:49.028072+00:00, run_after=2024-11-23T03:10:49.028072+00:00
[2024-11-23T03:10:49.055+0000] {processor.py:175} INFO - Processing /home/airflow/.local/lib/python3.7/site-packages/airflow/example_dags/example_skip_dag.py took 0.127 seconds
[2024-11-23T03:11:19.475+0000] {processor.py:153} INFO - Started process (PID=877) to work on /home/airflow/.local/lib/python3.7/site-packages/airflow/example_dags/example_skip_dag.py
[2024-11-23T03:11:19.476+0000] {processor.py:743} INFO - Processing file /home/airflow/.local/lib/python3.7/site-packages/airflow/example_dags/example_skip_dag.py for tasks to queue
[2024-11-23T03:11:19.476+0000] {logging_mixin.py:137} INFO - [2024-11-23T03:11:19.476+0000] {dagbag.py:538} INFO - Filling up the DagBag from /home/airflow/.local/lib/python3.7/site-packages/airflow/example_dags/example_skip_dag.py
[2024-11-23T03:11:19.487+0000] {processor.py:753} INFO - DAG(s) dict_keys(['example_skip_dag']) retrieved from /home/airflow/.local/lib/python3.7/site-packages/airflow/example_dags/example_skip_dag.py
[2024-11-23T03:11:19.505+0000] {logging_mixin.py:137} INFO - [2024-11-23T03:11:19.505+0000] {dag.py:2690} INFO - Sync 1 DAGs
[2024-11-23T03:11:19.523+0000] {logging_mixin.py:137} INFO - [2024-11-23T03:11:19.523+0000] {dag.py:3441} INFO - Setting next_dagrun for example_skip_dag to 2024-11-22T03:11:19.523428+00:00, run_after=2024-11-23T03:11:19.523428+00:00
[2024-11-23T03:11:19.537+0000] {processor.py:175} INFO - Processing /home/airflow/.local/lib/python3.7/site-packages/airflow/example_dags/example_skip_dag.py took 0.065 seconds
[2024-11-23T03:11:49.792+0000] {processor.py:153} INFO - Started process (PID=967) to work on /home/airflow/.local/lib/python3.7/site-packages/airflow/example_dags/example_skip_dag.py
[2024-11-23T03:11:49.793+0000] {processor.py:743} INFO - Processing file /home/airflow/.local/lib/python3.7/site-packages/airflow/example_dags/example_skip_dag.py for tasks to queue
[2024-11-23T03:11:49.794+0000] {logging_mixin.py:137} INFO - [2024-11-23T03:11:49.794+0000] {dagbag.py:538} INFO - Filling up the DagBag from /home/airflow/.local/lib/python3.7/site-packages/airflow/example_dags/example_skip_dag.py
[2024-11-23T03:11:49.805+0000] {processor.py:753} INFO - DAG(s) dict_keys(['example_skip_dag']) retrieved from /home/airflow/.local/lib/python3.7/site-packages/airflow/example_dags/example_skip_dag.py
[2024-11-23T03:11:49.824+0000] {logging_mixin.py:137} INFO - [2024-11-23T03:11:49.824+0000] {dag.py:2690} INFO - Sync 1 DAGs
[2024-11-23T03:11:49.843+0000] {logging_mixin.py:137} INFO - [2024-11-23T03:11:49.843+0000] {dag.py:3441} INFO - Setting next_dagrun for example_skip_dag to 2024-11-22T03:11:49.842917+00:00, run_after=2024-11-23T03:11:49.842917+00:00
[2024-11-23T03:11:49.855+0000] {processor.py:175} INFO - Processing /home/airflow/.local/lib/python3.7/site-packages/airflow/example_dags/example_skip_dag.py took 0.066 seconds
[2024-11-23T03:12:20.014+0000] {processor.py:153} INFO - Started process (PID=1041) to work on /home/airflow/.local/lib/python3.7/site-packages/airflow/example_dags/example_skip_dag.py
[2024-11-23T03:12:20.014+0000] {processor.py:743} INFO - Processing file /home/airflow/.local/lib/python3.7/site-packages/airflow/example_dags/example_skip_dag.py for tasks to queue
[2024-11-23T03:12:20.015+0000] {logging_mixin.py:137} INFO - [2024-11-23T03:12:20.015+0000] {dagbag.py:538} INFO - Filling up the DagBag from /home/airflow/.local/lib/python3.7/site-packages/airflow/example_dags/example_skip_dag.py
[2024-11-23T03:12:20.025+0000] {processor.py:753} INFO - DAG(s) dict_keys(['example_skip_dag']) retrieved from /home/airflow/.local/lib/python3.7/site-packages/airflow/example_dags/example_skip_dag.py
[2024-11-23T03:12:20.048+0000] {logging_mixin.py:137} INFO - [2024-11-23T03:12:20.048+0000] {dag.py:2690} INFO - Sync 1 DAGs
[2024-11-23T03:12:20.066+0000] {logging_mixin.py:137} INFO - [2024-11-23T03:12:20.066+0000] {dag.py:3441} INFO - Setting next_dagrun for example_skip_dag to 2024-11-22T03:12:20.066028+00:00, run_after=2024-11-23T03:12:20.066028+00:00
[2024-11-23T03:12:20.078+0000] {processor.py:175} INFO - Processing /home/airflow/.local/lib/python3.7/site-packages/airflow/example_dags/example_skip_dag.py took 0.067 seconds
[2024-11-23T03:12:50.137+0000] {processor.py:153} INFO - Started process (PID=1131) to work on /home/airflow/.local/lib/python3.7/site-packages/airflow/example_dags/example_skip_dag.py
[2024-11-23T03:12:50.138+0000] {processor.py:743} INFO - Processing file /home/airflow/.local/lib/python3.7/site-packages/airflow/example_dags/example_skip_dag.py for tasks to queue
[2024-11-23T03:12:50.139+0000] {logging_mixin.py:137} INFO - [2024-11-23T03:12:50.139+0000] {dagbag.py:538} INFO - Filling up the DagBag from /home/airflow/.local/lib/python3.7/site-packages/airflow/example_dags/example_skip_dag.py
[2024-11-23T03:12:50.149+0000] {processor.py:753} INFO - DAG(s) dict_keys(['example_skip_dag']) retrieved from /home/airflow/.local/lib/python3.7/site-packages/airflow/example_dags/example_skip_dag.py
[2024-11-23T03:12:50.173+0000] {logging_mixin.py:137} INFO - [2024-11-23T03:12:50.172+0000] {dag.py:2690} INFO - Sync 1 DAGs
[2024-11-23T03:12:50.192+0000] {logging_mixin.py:137} INFO - [2024-11-23T03:12:50.192+0000] {dag.py:3441} INFO - Setting next_dagrun for example_skip_dag to 2024-11-22T03:12:50.192417+00:00, run_after=2024-11-23T03:12:50.192417+00:00
[2024-11-23T03:12:50.206+0000] {processor.py:175} INFO - Processing /home/airflow/.local/lib/python3.7/site-packages/airflow/example_dags/example_skip_dag.py took 0.071 seconds
[2024-11-23T03:13:20.676+0000] {processor.py:153} INFO - Started process (PID=1205) to work on /home/airflow/.local/lib/python3.7/site-packages/airflow/example_dags/example_skip_dag.py
[2024-11-23T03:13:20.677+0000] {processor.py:743} INFO - Processing file /home/airflow/.local/lib/python3.7/site-packages/airflow/example_dags/example_skip_dag.py for tasks to queue
[2024-11-23T03:13:20.677+0000] {logging_mixin.py:137} INFO - [2024-11-23T03:13:20.677+0000] {dagbag.py:538} INFO - Filling up the DagBag from /home/airflow/.local/lib/python3.7/site-packages/airflow/example_dags/example_skip_dag.py
[2024-11-23T03:13:20.687+0000] {processor.py:753} INFO - DAG(s) dict_keys(['example_skip_dag']) retrieved from /home/airflow/.local/lib/python3.7/site-packages/airflow/example_dags/example_skip_dag.py
[2024-11-23T03:13:20.705+0000] {logging_mixin.py:137} INFO - [2024-11-23T03:13:20.705+0000] {dag.py:2690} INFO - Sync 1 DAGs
[2024-11-23T03:13:20.724+0000] {logging_mixin.py:137} INFO - [2024-11-23T03:13:20.724+0000] {dag.py:3441} INFO - Setting next_dagrun for example_skip_dag to 2024-11-22T03:13:20.724174+00:00, run_after=2024-11-23T03:13:20.724174+00:00
[2024-11-23T03:13:20.740+0000] {processor.py:175} INFO - Processing /home/airflow/.local/lib/python3.7/site-packages/airflow/example_dags/example_skip_dag.py took 0.066 seconds
[2024-11-23T03:13:50.934+0000] {processor.py:153} INFO - Started process (PID=1295) to work on /home/airflow/.local/lib/python3.7/site-packages/airflow/example_dags/example_skip_dag.py
[2024-11-23T03:13:50.934+0000] {processor.py:743} INFO - Processing file /home/airflow/.local/lib/python3.7/site-packages/airflow/example_dags/example_skip_dag.py for tasks to queue
[2024-11-23T03:13:50.935+0000] {logging_mixin.py:137} INFO - [2024-11-23T03:13:50.935+0000] {dagbag.py:538} INFO - Filling up the DagBag from /home/airflow/.local/lib/python3.7/site-packages/airflow/example_dags/example_skip_dag.py
[2024-11-23T03:13:50.946+0000] {processor.py:753} INFO - DAG(s) dict_keys(['example_skip_dag']) retrieved from /home/airflow/.local/lib/python3.7/site-packages/airflow/example_dags/example_skip_dag.py
[2024-11-23T03:13:50.968+0000] {logging_mixin.py:137} INFO - [2024-11-23T03:13:50.968+0000] {dag.py:2690} INFO - Sync 1 DAGs
[2024-11-23T03:13:50.992+0000] {logging_mixin.py:137} INFO - [2024-11-23T03:13:50.992+0000] {dag.py:3441} INFO - Setting next_dagrun for example_skip_dag to 2024-11-22T03:13:50.991753+00:00, run_after=2024-11-23T03:13:50.991753+00:00
[2024-11-23T03:13:51.008+0000] {processor.py:175} INFO - Processing /home/airflow/.local/lib/python3.7/site-packages/airflow/example_dags/example_skip_dag.py took 0.077 seconds
[2024-11-23T03:14:21.056+0000] {processor.py:153} INFO - Started process (PID=1369) to work on /home/airflow/.local/lib/python3.7/site-packages/airflow/example_dags/example_skip_dag.py
[2024-11-23T03:14:21.059+0000] {processor.py:743} INFO - Processing file /home/airflow/.local/lib/python3.7/site-packages/airflow/example_dags/example_skip_dag.py for tasks to queue
[2024-11-23T03:14:21.060+0000] {logging_mixin.py:137} INFO - [2024-11-23T03:14:21.060+0000] {dagbag.py:538} INFO - Filling up the DagBag from /home/airflow/.local/lib/python3.7/site-packages/airflow/example_dags/example_skip_dag.py
[2024-11-23T03:14:21.071+0000] {processor.py:753} INFO - DAG(s) dict_keys(['example_skip_dag']) retrieved from /home/airflow/.local/lib/python3.7/site-packages/airflow/example_dags/example_skip_dag.py
[2024-11-23T03:14:21.089+0000] {logging_mixin.py:137} INFO - [2024-11-23T03:14:21.089+0000] {dag.py:2690} INFO - Sync 1 DAGs
[2024-11-23T03:14:21.108+0000] {logging_mixin.py:137} INFO - [2024-11-23T03:14:21.108+0000] {dag.py:3441} INFO - Setting next_dagrun for example_skip_dag to 2024-11-22T03:14:21.108664+00:00, run_after=2024-11-23T03:14:21.108664+00:00
[2024-11-23T03:14:21.123+0000] {processor.py:175} INFO - Processing /home/airflow/.local/lib/python3.7/site-packages/airflow/example_dags/example_skip_dag.py took 0.069 seconds
[2024-11-23T03:14:51.475+0000] {processor.py:153} INFO - Started process (PID=1459) to work on /home/airflow/.local/lib/python3.7/site-packages/airflow/example_dags/example_skip_dag.py
[2024-11-23T03:14:51.478+0000] {processor.py:743} INFO - Processing file /home/airflow/.local/lib/python3.7/site-packages/airflow/example_dags/example_skip_dag.py for tasks to queue
[2024-11-23T03:14:51.480+0000] {logging_mixin.py:137} INFO - [2024-11-23T03:14:51.479+0000] {dagbag.py:538} INFO - Filling up the DagBag from /home/airflow/.local/lib/python3.7/site-packages/airflow/example_dags/example_skip_dag.py
[2024-11-23T03:14:51.491+0000] {processor.py:753} INFO - DAG(s) dict_keys(['example_skip_dag']) retrieved from /home/airflow/.local/lib/python3.7/site-packages/airflow/example_dags/example_skip_dag.py
[2024-11-23T03:14:51.511+0000] {logging_mixin.py:137} INFO - [2024-11-23T03:14:51.511+0000] {dag.py:2690} INFO - Sync 1 DAGs
[2024-11-23T03:14:51.532+0000] {logging_mixin.py:137} INFO - [2024-11-23T03:14:51.532+0000] {dag.py:3441} INFO - Setting next_dagrun for example_skip_dag to 2024-11-22T03:14:51.531807+00:00, run_after=2024-11-23T03:14:51.531807+00:00
[2024-11-23T03:14:51.547+0000] {processor.py:175} INFO - Processing /home/airflow/.local/lib/python3.7/site-packages/airflow/example_dags/example_skip_dag.py took 0.075 seconds
[2024-11-23T03:15:21.952+0000] {processor.py:153} INFO - Started process (PID=1542) to work on /home/airflow/.local/lib/python3.7/site-packages/airflow/example_dags/example_skip_dag.py
[2024-11-23T03:15:21.953+0000] {processor.py:743} INFO - Processing file /home/airflow/.local/lib/python3.7/site-packages/airflow/example_dags/example_skip_dag.py for tasks to queue
[2024-11-23T03:15:21.954+0000] {logging_mixin.py:137} INFO - [2024-11-23T03:15:21.954+0000] {dagbag.py:538} INFO - Filling up the DagBag from /home/airflow/.local/lib/python3.7/site-packages/airflow/example_dags/example_skip_dag.py
[2024-11-23T03:15:21.967+0000] {processor.py:753} INFO - DAG(s) dict_keys(['example_skip_dag']) retrieved from /home/airflow/.local/lib/python3.7/site-packages/airflow/example_dags/example_skip_dag.py
[2024-11-23T03:15:21.998+0000] {logging_mixin.py:137} INFO - [2024-11-23T03:15:21.998+0000] {dag.py:2690} INFO - Sync 1 DAGs
[2024-11-23T03:15:22.023+0000] {logging_mixin.py:137} INFO - [2024-11-23T03:15:22.023+0000] {dag.py:3441} INFO - Setting next_dagrun for example_skip_dag to 2024-11-22T03:15:22.022857+00:00, run_after=2024-11-23T03:15:22.022857+00:00
[2024-11-23T03:15:22.049+0000] {processor.py:175} INFO - Processing /home/airflow/.local/lib/python3.7/site-packages/airflow/example_dags/example_skip_dag.py took 0.101 seconds
[2024-11-23T03:15:52.564+0000] {processor.py:153} INFO - Started process (PID=1623) to work on /home/airflow/.local/lib/python3.7/site-packages/airflow/example_dags/example_skip_dag.py
[2024-11-23T03:15:52.565+0000] {processor.py:743} INFO - Processing file /home/airflow/.local/lib/python3.7/site-packages/airflow/example_dags/example_skip_dag.py for tasks to queue
[2024-11-23T03:15:52.566+0000] {logging_mixin.py:137} INFO - [2024-11-23T03:15:52.566+0000] {dagbag.py:538} INFO - Filling up the DagBag from /home/airflow/.local/lib/python3.7/site-packages/airflow/example_dags/example_skip_dag.py
[2024-11-23T03:15:52.576+0000] {processor.py:753} INFO - DAG(s) dict_keys(['example_skip_dag']) retrieved from /home/airflow/.local/lib/python3.7/site-packages/airflow/example_dags/example_skip_dag.py
[2024-11-23T03:15:52.596+0000] {logging_mixin.py:137} INFO - [2024-11-23T03:15:52.596+0000] {dag.py:2690} INFO - Sync 1 DAGs
[2024-11-23T03:15:52.616+0000] {logging_mixin.py:137} INFO - [2024-11-23T03:15:52.616+0000] {dag.py:3441} INFO - Setting next_dagrun for example_skip_dag to 2024-11-22T03:15:52.616521+00:00, run_after=2024-11-23T03:15:52.616521+00:00
[2024-11-23T03:15:52.631+0000] {processor.py:175} INFO - Processing /home/airflow/.local/lib/python3.7/site-packages/airflow/example_dags/example_skip_dag.py took 0.069 seconds
[2024-11-23T03:16:22.764+0000] {processor.py:153} INFO - Started process (PID=1713) to work on /home/airflow/.local/lib/python3.7/site-packages/airflow/example_dags/example_skip_dag.py
[2024-11-23T03:16:22.765+0000] {processor.py:743} INFO - Processing file /home/airflow/.local/lib/python3.7/site-packages/airflow/example_dags/example_skip_dag.py for tasks to queue
[2024-11-23T03:16:22.766+0000] {logging_mixin.py:137} INFO - [2024-11-23T03:16:22.766+0000] {dagbag.py:538} INFO - Filling up the DagBag from /home/airflow/.local/lib/python3.7/site-packages/airflow/example_dags/example_skip_dag.py
[2024-11-23T03:16:22.778+0000] {processor.py:753} INFO - DAG(s) dict_keys(['example_skip_dag']) retrieved from /home/airflow/.local/lib/python3.7/site-packages/airflow/example_dags/example_skip_dag.py
[2024-11-23T03:16:22.803+0000] {logging_mixin.py:137} INFO - [2024-11-23T03:16:22.802+0000] {dag.py:2690} INFO - Sync 1 DAGs
[2024-11-23T03:16:22.849+0000] {logging_mixin.py:137} INFO - [2024-11-23T03:16:22.848+0000] {dag.py:3441} INFO - Setting next_dagrun for example_skip_dag to 2024-11-22T03:16:22.848523+00:00, run_after=2024-11-23T03:16:22.848523+00:00
[2024-11-23T03:16:22.862+0000] {processor.py:175} INFO - Processing /home/airflow/.local/lib/python3.7/site-packages/airflow/example_dags/example_skip_dag.py took 0.101 seconds
[2024-11-23T03:16:52.895+0000] {processor.py:153} INFO - Started process (PID=1787) to work on /home/airflow/.local/lib/python3.7/site-packages/airflow/example_dags/example_skip_dag.py
[2024-11-23T03:16:52.896+0000] {processor.py:743} INFO - Processing file /home/airflow/.local/lib/python3.7/site-packages/airflow/example_dags/example_skip_dag.py for tasks to queue
[2024-11-23T03:16:52.896+0000] {logging_mixin.py:137} INFO - [2024-11-23T03:16:52.896+0000] {dagbag.py:538} INFO - Filling up the DagBag from /home/airflow/.local/lib/python3.7/site-packages/airflow/example_dags/example_skip_dag.py
[2024-11-23T03:16:52.906+0000] {processor.py:753} INFO - DAG(s) dict_keys(['example_skip_dag']) retrieved from /home/airflow/.local/lib/python3.7/site-packages/airflow/example_dags/example_skip_dag.py
[2024-11-23T03:16:52.922+0000] {logging_mixin.py:137} INFO - [2024-11-23T03:16:52.922+0000] {dag.py:2690} INFO - Sync 1 DAGs
[2024-11-23T03:16:52.938+0000] {logging_mixin.py:137} INFO - [2024-11-23T03:16:52.938+0000] {dag.py:3441} INFO - Setting next_dagrun for example_skip_dag to 2024-11-22T03:16:52.938421+00:00, run_after=2024-11-23T03:16:52.938421+00:00
[2024-11-23T03:16:52.952+0000] {processor.py:175} INFO - Processing /home/airflow/.local/lib/python3.7/site-packages/airflow/example_dags/example_skip_dag.py took 0.059 seconds
[2024-11-23T03:17:23.077+0000] {processor.py:153} INFO - Started process (PID=1877) to work on /home/airflow/.local/lib/python3.7/site-packages/airflow/example_dags/example_skip_dag.py
[2024-11-23T03:17:23.078+0000] {processor.py:743} INFO - Processing file /home/airflow/.local/lib/python3.7/site-packages/airflow/example_dags/example_skip_dag.py for tasks to queue
[2024-11-23T03:17:23.079+0000] {logging_mixin.py:137} INFO - [2024-11-23T03:17:23.079+0000] {dagbag.py:538} INFO - Filling up the DagBag from /home/airflow/.local/lib/python3.7/site-packages/airflow/example_dags/example_skip_dag.py
[2024-11-23T03:17:23.096+0000] {processor.py:753} INFO - DAG(s) dict_keys(['example_skip_dag']) retrieved from /home/airflow/.local/lib/python3.7/site-packages/airflow/example_dags/example_skip_dag.py
[2024-11-23T03:17:23.119+0000] {logging_mixin.py:137} INFO - [2024-11-23T03:17:23.119+0000] {dag.py:2690} INFO - Sync 1 DAGs
[2024-11-23T03:17:23.142+0000] {logging_mixin.py:137} INFO - [2024-11-23T03:17:23.142+0000] {dag.py:3441} INFO - Setting next_dagrun for example_skip_dag to 2024-11-22T03:17:23.142221+00:00, run_after=2024-11-23T03:17:23.142221+00:00
[2024-11-23T03:17:23.157+0000] {processor.py:175} INFO - Processing /home/airflow/.local/lib/python3.7/site-packages/airflow/example_dags/example_skip_dag.py took 0.084 seconds
[2024-11-23T03:17:53.303+0000] {processor.py:153} INFO - Started process (PID=1950) to work on /home/airflow/.local/lib/python3.7/site-packages/airflow/example_dags/example_skip_dag.py
[2024-11-23T03:17:53.304+0000] {processor.py:743} INFO - Processing file /home/airflow/.local/lib/python3.7/site-packages/airflow/example_dags/example_skip_dag.py for tasks to queue
[2024-11-23T03:17:53.305+0000] {logging_mixin.py:137} INFO - [2024-11-23T03:17:53.305+0000] {dagbag.py:538} INFO - Filling up the DagBag from /home/airflow/.local/lib/python3.7/site-packages/airflow/example_dags/example_skip_dag.py
[2024-11-23T03:17:53.317+0000] {processor.py:753} INFO - DAG(s) dict_keys(['example_skip_dag']) retrieved from /home/airflow/.local/lib/python3.7/site-packages/airflow/example_dags/example_skip_dag.py
[2024-11-23T03:17:53.335+0000] {logging_mixin.py:137} INFO - [2024-11-23T03:17:53.335+0000] {dag.py:2690} INFO - Sync 1 DAGs
[2024-11-23T03:17:53.352+0000] {logging_mixin.py:137} INFO - [2024-11-23T03:17:53.352+0000] {dag.py:3441} INFO - Setting next_dagrun for example_skip_dag to 2024-11-22T03:17:53.352191+00:00, run_after=2024-11-23T03:17:53.352191+00:00
[2024-11-23T03:17:53.364+0000] {processor.py:175} INFO - Processing /home/airflow/.local/lib/python3.7/site-packages/airflow/example_dags/example_skip_dag.py took 0.065 seconds
[2024-11-23T03:18:23.594+0000] {processor.py:153} INFO - Started process (PID=2039) to work on /home/airflow/.local/lib/python3.7/site-packages/airflow/example_dags/example_skip_dag.py
[2024-11-23T03:18:23.595+0000] {processor.py:743} INFO - Processing file /home/airflow/.local/lib/python3.7/site-packages/airflow/example_dags/example_skip_dag.py for tasks to queue
[2024-11-23T03:18:23.596+0000] {logging_mixin.py:137} INFO - [2024-11-23T03:18:23.595+0000] {dagbag.py:538} INFO - Filling up the DagBag from /home/airflow/.local/lib/python3.7/site-packages/airflow/example_dags/example_skip_dag.py
[2024-11-23T03:18:23.608+0000] {processor.py:753} INFO - DAG(s) dict_keys(['example_skip_dag']) retrieved from /home/airflow/.local/lib/python3.7/site-packages/airflow/example_dags/example_skip_dag.py
[2024-11-23T03:18:23.634+0000] {logging_mixin.py:137} INFO - [2024-11-23T03:18:23.634+0000] {dag.py:2690} INFO - Sync 1 DAGs
[2024-11-23T03:18:23.660+0000] {logging_mixin.py:137} INFO - [2024-11-23T03:18:23.660+0000] {dag.py:3441} INFO - Setting next_dagrun for example_skip_dag to 2024-11-22T03:18:23.659843+00:00, run_after=2024-11-23T03:18:23.659843+00:00
[2024-11-23T03:18:23.685+0000] {processor.py:175} INFO - Processing /home/airflow/.local/lib/python3.7/site-packages/airflow/example_dags/example_skip_dag.py took 0.093 seconds
[2024-11-23T03:18:53.872+0000] {processor.py:153} INFO - Started process (PID=2113) to work on /home/airflow/.local/lib/python3.7/site-packages/airflow/example_dags/example_skip_dag.py
[2024-11-23T03:18:53.876+0000] {processor.py:743} INFO - Processing file /home/airflow/.local/lib/python3.7/site-packages/airflow/example_dags/example_skip_dag.py for tasks to queue
[2024-11-23T03:18:53.877+0000] {logging_mixin.py:137} INFO - [2024-11-23T03:18:53.876+0000] {dagbag.py:538} INFO - Filling up the DagBag from /home/airflow/.local/lib/python3.7/site-packages/airflow/example_dags/example_skip_dag.py
[2024-11-23T03:18:53.888+0000] {processor.py:753} INFO - DAG(s) dict_keys(['example_skip_dag']) retrieved from /home/airflow/.local/lib/python3.7/site-packages/airflow/example_dags/example_skip_dag.py
[2024-11-23T03:18:53.905+0000] {logging_mixin.py:137} INFO - [2024-11-23T03:18:53.905+0000] {dag.py:2690} INFO - Sync 1 DAGs
[2024-11-23T03:18:53.922+0000] {logging_mixin.py:137} INFO - [2024-11-23T03:18:53.922+0000] {dag.py:3441} INFO - Setting next_dagrun for example_skip_dag to 2024-11-22T03:18:53.921990+00:00, run_after=2024-11-23T03:18:53.921990+00:00
[2024-11-23T03:18:53.934+0000] {processor.py:175} INFO - Processing /home/airflow/.local/lib/python3.7/site-packages/airflow/example_dags/example_skip_dag.py took 0.065 seconds
[2024-11-23T03:19:24.127+0000] {processor.py:153} INFO - Started process (PID=2202) to work on /home/airflow/.local/lib/python3.7/site-packages/airflow/example_dags/example_skip_dag.py
[2024-11-23T03:19:24.128+0000] {processor.py:743} INFO - Processing file /home/airflow/.local/lib/python3.7/site-packages/airflow/example_dags/example_skip_dag.py for tasks to queue
[2024-11-23T03:19:24.128+0000] {logging_mixin.py:137} INFO - [2024-11-23T03:19:24.128+0000] {dagbag.py:538} INFO - Filling up the DagBag from /home/airflow/.local/lib/python3.7/site-packages/airflow/example_dags/example_skip_dag.py
[2024-11-23T03:19:24.139+0000] {processor.py:753} INFO - DAG(s) dict_keys(['example_skip_dag']) retrieved from /home/airflow/.local/lib/python3.7/site-packages/airflow/example_dags/example_skip_dag.py
[2024-11-23T03:19:24.161+0000] {logging_mixin.py:137} INFO - [2024-11-23T03:19:24.161+0000] {dag.py:2690} INFO - Sync 1 DAGs
[2024-11-23T03:19:24.181+0000] {logging_mixin.py:137} INFO - [2024-11-23T03:19:24.181+0000] {dag.py:3441} INFO - Setting next_dagrun for example_skip_dag to 2024-11-22T03:19:24.181619+00:00, run_after=2024-11-23T03:19:24.181619+00:00
[2024-11-23T03:19:24.196+0000] {processor.py:175} INFO - Processing /home/airflow/.local/lib/python3.7/site-packages/airflow/example_dags/example_skip_dag.py took 0.071 seconds
[2024-11-23T03:19:54.825+0000] {processor.py:153} INFO - Started process (PID=2282) to work on /home/airflow/.local/lib/python3.7/site-packages/airflow/example_dags/example_skip_dag.py
[2024-11-23T03:19:54.830+0000] {processor.py:743} INFO - Processing file /home/airflow/.local/lib/python3.7/site-packages/airflow/example_dags/example_skip_dag.py for tasks to queue
[2024-11-23T03:19:54.830+0000] {logging_mixin.py:137} INFO - [2024-11-23T03:19:54.830+0000] {dagbag.py:538} INFO - Filling up the DagBag from /home/airflow/.local/lib/python3.7/site-packages/airflow/example_dags/example_skip_dag.py
[2024-11-23T03:19:54.846+0000] {processor.py:753} INFO - DAG(s) dict_keys(['example_skip_dag']) retrieved from /home/airflow/.local/lib/python3.7/site-packages/airflow/example_dags/example_skip_dag.py
[2024-11-23T03:19:54.877+0000] {logging_mixin.py:137} INFO - [2024-11-23T03:19:54.877+0000] {dag.py:2690} INFO - Sync 1 DAGs
[2024-11-23T03:19:54.908+0000] {logging_mixin.py:137} INFO - [2024-11-23T03:19:54.908+0000] {dag.py:3441} INFO - Setting next_dagrun for example_skip_dag to 2024-11-22T03:19:54.908137+00:00, run_after=2024-11-23T03:19:54.908137+00:00
[2024-11-23T03:19:54.957+0000] {processor.py:175} INFO - Processing /home/airflow/.local/lib/python3.7/site-packages/airflow/example_dags/example_skip_dag.py took 0.136 seconds
