[2024-11-23T02:53:05.163+0000] {processor.py:153} INFO - Started process (PID=92) to work on /home/airflow/.local/lib/python3.7/site-packages/airflow/example_dags/example_dag_decorator.py
[2024-11-23T02:53:05.167+0000] {processor.py:743} INFO - Processing file /home/airflow/.local/lib/python3.7/site-packages/airflow/example_dags/example_dag_decorator.py for tasks to queue
[2024-11-23T02:53:05.169+0000] {logging_mixin.py:137} INFO - [2024-11-23T02:53:05.168+0000] {dagbag.py:538} INFO - Filling up the DagBag from /home/airflow/.local/lib/python3.7/site-packages/airflow/example_dags/example_dag_decorator.py
[2024-11-23T02:53:05.209+0000] {logging_mixin.py:137} INFO - [2024-11-23T02:53:05.208+0000] {taskmixin.py:205} WARNING - Dependency <Task(_PythonDecoratedOperator): prepare_email>, send_email already registered for DAG: example_dag_decorator
[2024-11-23T02:53:05.209+0000] {logging_mixin.py:137} INFO - [2024-11-23T02:53:05.209+0000] {taskmixin.py:205} WARNING - Dependency <Task(EmailOperator): send_email>, prepare_email already registered for DAG: example_dag_decorator
[2024-11-23T02:53:05.250+0000] {processor.py:753} INFO - DAG(s) dict_keys(['example_dag_decorator']) retrieved from /home/airflow/.local/lib/python3.7/site-packages/airflow/example_dags/example_dag_decorator.py
[2024-11-23T02:53:05.275+0000] {logging_mixin.py:137} INFO - [2024-11-23T02:53:05.275+0000] {dag.py:2690} INFO - Sync 1 DAGs
[2024-11-23T02:53:05.341+0000] {logging_mixin.py:137} INFO - [2024-11-23T02:53:05.341+0000] {dag.py:3441} INFO - Setting next_dagrun for example_dag_decorator to None, run_after=None
[2024-11-23T02:53:05.384+0000] {processor.py:175} INFO - Processing /home/airflow/.local/lib/python3.7/site-packages/airflow/example_dags/example_dag_decorator.py took 0.231 seconds
[2024-11-23T02:53:35.684+0000] {processor.py:153} INFO - Started process (PID=166) to work on /home/airflow/.local/lib/python3.7/site-packages/airflow/example_dags/example_dag_decorator.py
[2024-11-23T02:53:35.685+0000] {processor.py:743} INFO - Processing file /home/airflow/.local/lib/python3.7/site-packages/airflow/example_dags/example_dag_decorator.py for tasks to queue
[2024-11-23T02:53:35.686+0000] {logging_mixin.py:137} INFO - [2024-11-23T02:53:35.686+0000] {dagbag.py:538} INFO - Filling up the DagBag from /home/airflow/.local/lib/python3.7/site-packages/airflow/example_dags/example_dag_decorator.py
[2024-11-23T02:53:35.697+0000] {logging_mixin.py:137} INFO - [2024-11-23T02:53:35.697+0000] {taskmixin.py:205} WARNING - Dependency <Task(_PythonDecoratedOperator): prepare_email>, send_email already registered for DAG: example_dag_decorator
[2024-11-23T02:53:35.698+0000] {logging_mixin.py:137} INFO - [2024-11-23T02:53:35.698+0000] {taskmixin.py:205} WARNING - Dependency <Task(EmailOperator): send_email>, prepare_email already registered for DAG: example_dag_decorator
[2024-11-23T02:53:35.706+0000] {processor.py:753} INFO - DAG(s) dict_keys(['example_dag_decorator']) retrieved from /home/airflow/.local/lib/python3.7/site-packages/airflow/example_dags/example_dag_decorator.py
[2024-11-23T02:53:35.758+0000] {logging_mixin.py:137} INFO - [2024-11-23T02:53:35.758+0000] {dag.py:2690} INFO - Sync 1 DAGs
[2024-11-23T02:53:35.776+0000] {logging_mixin.py:137} INFO - [2024-11-23T02:53:35.776+0000] {dag.py:3441} INFO - Setting next_dagrun for example_dag_decorator to None, run_after=None
[2024-11-23T02:53:35.794+0000] {processor.py:175} INFO - Processing /home/airflow/.local/lib/python3.7/site-packages/airflow/example_dags/example_dag_decorator.py took 0.112 seconds
[2024-11-23T02:54:06.755+0000] {processor.py:153} INFO - Started process (PID=256) to work on /home/airflow/.local/lib/python3.7/site-packages/airflow/example_dags/example_dag_decorator.py
[2024-11-23T02:54:06.756+0000] {processor.py:743} INFO - Processing file /home/airflow/.local/lib/python3.7/site-packages/airflow/example_dags/example_dag_decorator.py for tasks to queue
[2024-11-23T02:54:06.757+0000] {logging_mixin.py:137} INFO - [2024-11-23T02:54:06.757+0000] {dagbag.py:538} INFO - Filling up the DagBag from /home/airflow/.local/lib/python3.7/site-packages/airflow/example_dags/example_dag_decorator.py
[2024-11-23T02:54:06.771+0000] {logging_mixin.py:137} INFO - [2024-11-23T02:54:06.771+0000] {taskmixin.py:205} WARNING - Dependency <Task(_PythonDecoratedOperator): prepare_email>, send_email already registered for DAG: example_dag_decorator
[2024-11-23T02:54:06.771+0000] {logging_mixin.py:137} INFO - [2024-11-23T02:54:06.771+0000] {taskmixin.py:205} WARNING - Dependency <Task(EmailOperator): send_email>, prepare_email already registered for DAG: example_dag_decorator
[2024-11-23T02:54:06.787+0000] {processor.py:753} INFO - DAG(s) dict_keys(['example_dag_decorator']) retrieved from /home/airflow/.local/lib/python3.7/site-packages/airflow/example_dags/example_dag_decorator.py
[2024-11-23T02:54:06.861+0000] {logging_mixin.py:137} INFO - [2024-11-23T02:54:06.861+0000] {dag.py:2690} INFO - Sync 1 DAGs
[2024-11-23T02:54:06.884+0000] {logging_mixin.py:137} INFO - [2024-11-23T02:54:06.884+0000] {dag.py:3441} INFO - Setting next_dagrun for example_dag_decorator to None, run_after=None
[2024-11-23T02:54:06.905+0000] {processor.py:175} INFO - Processing /home/airflow/.local/lib/python3.7/site-packages/airflow/example_dags/example_dag_decorator.py took 0.152 seconds
[2024-11-23T02:54:37.500+0000] {processor.py:153} INFO - Started process (PID=330) to work on /home/airflow/.local/lib/python3.7/site-packages/airflow/example_dags/example_dag_decorator.py
[2024-11-23T02:54:37.501+0000] {processor.py:743} INFO - Processing file /home/airflow/.local/lib/python3.7/site-packages/airflow/example_dags/example_dag_decorator.py for tasks to queue
[2024-11-23T02:54:37.501+0000] {logging_mixin.py:137} INFO - [2024-11-23T02:54:37.501+0000] {dagbag.py:538} INFO - Filling up the DagBag from /home/airflow/.local/lib/python3.7/site-packages/airflow/example_dags/example_dag_decorator.py
[2024-11-23T02:54:37.515+0000] {logging_mixin.py:137} INFO - [2024-11-23T02:54:37.515+0000] {taskmixin.py:205} WARNING - Dependency <Task(_PythonDecoratedOperator): prepare_email>, send_email already registered for DAG: example_dag_decorator
[2024-11-23T02:54:37.515+0000] {logging_mixin.py:137} INFO - [2024-11-23T02:54:37.515+0000] {taskmixin.py:205} WARNING - Dependency <Task(EmailOperator): send_email>, prepare_email already registered for DAG: example_dag_decorator
[2024-11-23T02:54:37.526+0000] {processor.py:753} INFO - DAG(s) dict_keys(['example_dag_decorator']) retrieved from /home/airflow/.local/lib/python3.7/site-packages/airflow/example_dags/example_dag_decorator.py
[2024-11-23T02:54:37.583+0000] {logging_mixin.py:137} INFO - [2024-11-23T02:54:37.583+0000] {dag.py:2690} INFO - Sync 1 DAGs
[2024-11-23T02:54:37.600+0000] {logging_mixin.py:137} INFO - [2024-11-23T02:54:37.600+0000] {dag.py:3441} INFO - Setting next_dagrun for example_dag_decorator to None, run_after=None
[2024-11-23T02:54:37.613+0000] {processor.py:175} INFO - Processing /home/airflow/.local/lib/python3.7/site-packages/airflow/example_dags/example_dag_decorator.py took 0.115 seconds
[2024-11-23T02:55:32.605+0000] {processor.py:153} INFO - Started process (PID=92) to work on /home/airflow/.local/lib/python3.7/site-packages/airflow/example_dags/example_dag_decorator.py
[2024-11-23T02:55:32.613+0000] {processor.py:743} INFO - Processing file /home/airflow/.local/lib/python3.7/site-packages/airflow/example_dags/example_dag_decorator.py for tasks to queue
[2024-11-23T02:55:32.615+0000] {logging_mixin.py:137} INFO - [2024-11-23T02:55:32.614+0000] {dagbag.py:538} INFO - Filling up the DagBag from /home/airflow/.local/lib/python3.7/site-packages/airflow/example_dags/example_dag_decorator.py
[2024-11-23T02:55:32.650+0000] {logging_mixin.py:137} INFO - [2024-11-23T02:55:32.650+0000] {taskmixin.py:205} WARNING - Dependency <Task(_PythonDecoratedOperator): prepare_email>, send_email already registered for DAG: example_dag_decorator
[2024-11-23T02:55:32.651+0000] {logging_mixin.py:137} INFO - [2024-11-23T02:55:32.650+0000] {taskmixin.py:205} WARNING - Dependency <Task(EmailOperator): send_email>, prepare_email already registered for DAG: example_dag_decorator
[2024-11-23T02:55:32.680+0000] {processor.py:753} INFO - DAG(s) dict_keys(['example_dag_decorator']) retrieved from /home/airflow/.local/lib/python3.7/site-packages/airflow/example_dags/example_dag_decorator.py
[2024-11-23T02:55:32.739+0000] {logging_mixin.py:137} INFO - [2024-11-23T02:55:32.738+0000] {dag.py:2690} INFO - Sync 1 DAGs
[2024-11-23T02:55:32.793+0000] {logging_mixin.py:137} INFO - [2024-11-23T02:55:32.792+0000] {dag.py:3441} INFO - Setting next_dagrun for example_dag_decorator to None, run_after=None
[2024-11-23T02:55:32.836+0000] {processor.py:175} INFO - Processing /home/airflow/.local/lib/python3.7/site-packages/airflow/example_dags/example_dag_decorator.py took 0.238 seconds
[2024-11-23T02:56:04.145+0000] {processor.py:153} INFO - Started process (PID=166) to work on /home/airflow/.local/lib/python3.7/site-packages/airflow/example_dags/example_dag_decorator.py
[2024-11-23T02:56:04.148+0000] {processor.py:743} INFO - Processing file /home/airflow/.local/lib/python3.7/site-packages/airflow/example_dags/example_dag_decorator.py for tasks to queue
[2024-11-23T02:56:04.148+0000] {logging_mixin.py:137} INFO - [2024-11-23T02:56:04.148+0000] {dagbag.py:538} INFO - Filling up the DagBag from /home/airflow/.local/lib/python3.7/site-packages/airflow/example_dags/example_dag_decorator.py
[2024-11-23T02:56:04.160+0000] {logging_mixin.py:137} INFO - [2024-11-23T02:56:04.160+0000] {taskmixin.py:205} WARNING - Dependency <Task(_PythonDecoratedOperator): prepare_email>, send_email already registered for DAG: example_dag_decorator
[2024-11-23T02:56:04.160+0000] {logging_mixin.py:137} INFO - [2024-11-23T02:56:04.160+0000] {taskmixin.py:205} WARNING - Dependency <Task(EmailOperator): send_email>, prepare_email already registered for DAG: example_dag_decorator
[2024-11-23T02:56:04.169+0000] {processor.py:753} INFO - DAG(s) dict_keys(['example_dag_decorator']) retrieved from /home/airflow/.local/lib/python3.7/site-packages/airflow/example_dags/example_dag_decorator.py
[2024-11-23T02:56:04.222+0000] {logging_mixin.py:137} INFO - [2024-11-23T02:56:04.221+0000] {dag.py:2690} INFO - Sync 1 DAGs
[2024-11-23T02:56:04.239+0000] {logging_mixin.py:137} INFO - [2024-11-23T02:56:04.239+0000] {dag.py:3441} INFO - Setting next_dagrun for example_dag_decorator to None, run_after=None
[2024-11-23T02:56:04.258+0000] {processor.py:175} INFO - Processing /home/airflow/.local/lib/python3.7/site-packages/airflow/example_dags/example_dag_decorator.py took 0.115 seconds
[2024-11-23T02:56:34.644+0000] {processor.py:153} INFO - Started process (PID=257) to work on /home/airflow/.local/lib/python3.7/site-packages/airflow/example_dags/example_dag_decorator.py
[2024-11-23T02:56:34.645+0000] {processor.py:743} INFO - Processing file /home/airflow/.local/lib/python3.7/site-packages/airflow/example_dags/example_dag_decorator.py for tasks to queue
[2024-11-23T02:56:34.645+0000] {logging_mixin.py:137} INFO - [2024-11-23T02:56:34.645+0000] {dagbag.py:538} INFO - Filling up the DagBag from /home/airflow/.local/lib/python3.7/site-packages/airflow/example_dags/example_dag_decorator.py
[2024-11-23T02:56:34.660+0000] {logging_mixin.py:137} INFO - [2024-11-23T02:56:34.659+0000] {taskmixin.py:205} WARNING - Dependency <Task(_PythonDecoratedOperator): prepare_email>, send_email already registered for DAG: example_dag_decorator
[2024-11-23T02:56:34.661+0000] {logging_mixin.py:137} INFO - [2024-11-23T02:56:34.661+0000] {taskmixin.py:205} WARNING - Dependency <Task(EmailOperator): send_email>, prepare_email already registered for DAG: example_dag_decorator
[2024-11-23T02:56:34.670+0000] {processor.py:753} INFO - DAG(s) dict_keys(['example_dag_decorator']) retrieved from /home/airflow/.local/lib/python3.7/site-packages/airflow/example_dags/example_dag_decorator.py
[2024-11-23T02:56:34.715+0000] {logging_mixin.py:137} INFO - [2024-11-23T02:56:34.715+0000] {dag.py:2690} INFO - Sync 1 DAGs
[2024-11-23T02:56:34.731+0000] {logging_mixin.py:137} INFO - [2024-11-23T02:56:34.731+0000] {dag.py:3441} INFO - Setting next_dagrun for example_dag_decorator to None, run_after=None
[2024-11-23T02:56:34.741+0000] {processor.py:175} INFO - Processing /home/airflow/.local/lib/python3.7/site-packages/airflow/example_dags/example_dag_decorator.py took 0.100 seconds
[2024-11-23T02:57:05.447+0000] {processor.py:153} INFO - Started process (PID=330) to work on /home/airflow/.local/lib/python3.7/site-packages/airflow/example_dags/example_dag_decorator.py
[2024-11-23T02:57:05.448+0000] {processor.py:743} INFO - Processing file /home/airflow/.local/lib/python3.7/site-packages/airflow/example_dags/example_dag_decorator.py for tasks to queue
[2024-11-23T02:57:05.448+0000] {logging_mixin.py:137} INFO - [2024-11-23T02:57:05.448+0000] {dagbag.py:538} INFO - Filling up the DagBag from /home/airflow/.local/lib/python3.7/site-packages/airflow/example_dags/example_dag_decorator.py
[2024-11-23T02:57:05.462+0000] {logging_mixin.py:137} INFO - [2024-11-23T02:57:05.462+0000] {taskmixin.py:205} WARNING - Dependency <Task(_PythonDecoratedOperator): prepare_email>, send_email already registered for DAG: example_dag_decorator
[2024-11-23T02:57:05.464+0000] {logging_mixin.py:137} INFO - [2024-11-23T02:57:05.464+0000] {taskmixin.py:205} WARNING - Dependency <Task(EmailOperator): send_email>, prepare_email already registered for DAG: example_dag_decorator
[2024-11-23T02:57:05.475+0000] {processor.py:753} INFO - DAG(s) dict_keys(['example_dag_decorator']) retrieved from /home/airflow/.local/lib/python3.7/site-packages/airflow/example_dags/example_dag_decorator.py
[2024-11-23T02:57:05.532+0000] {logging_mixin.py:137} INFO - [2024-11-23T02:57:05.532+0000] {dag.py:2690} INFO - Sync 1 DAGs
[2024-11-23T02:57:05.552+0000] {logging_mixin.py:137} INFO - [2024-11-23T02:57:05.551+0000] {dag.py:3441} INFO - Setting next_dagrun for example_dag_decorator to None, run_after=None
[2024-11-23T02:57:05.568+0000] {processor.py:175} INFO - Processing /home/airflow/.local/lib/python3.7/site-packages/airflow/example_dags/example_dag_decorator.py took 0.123 seconds
[2024-11-23T02:57:36.906+0000] {processor.py:153} INFO - Started process (PID=420) to work on /home/airflow/.local/lib/python3.7/site-packages/airflow/example_dags/example_dag_decorator.py
[2024-11-23T02:57:36.910+0000] {processor.py:743} INFO - Processing file /home/airflow/.local/lib/python3.7/site-packages/airflow/example_dags/example_dag_decorator.py for tasks to queue
[2024-11-23T02:57:36.911+0000] {logging_mixin.py:137} INFO - [2024-11-23T02:57:36.911+0000] {dagbag.py:538} INFO - Filling up the DagBag from /home/airflow/.local/lib/python3.7/site-packages/airflow/example_dags/example_dag_decorator.py
[2024-11-23T02:57:36.933+0000] {logging_mixin.py:137} INFO - [2024-11-23T02:57:36.933+0000] {taskmixin.py:205} WARNING - Dependency <Task(_PythonDecoratedOperator): prepare_email>, send_email already registered for DAG: example_dag_decorator
[2024-11-23T02:57:36.933+0000] {logging_mixin.py:137} INFO - [2024-11-23T02:57:36.933+0000] {taskmixin.py:205} WARNING - Dependency <Task(EmailOperator): send_email>, prepare_email already registered for DAG: example_dag_decorator
[2024-11-23T02:57:36.951+0000] {processor.py:753} INFO - DAG(s) dict_keys(['example_dag_decorator']) retrieved from /home/airflow/.local/lib/python3.7/site-packages/airflow/example_dags/example_dag_decorator.py
[2024-11-23T02:57:37.040+0000] {logging_mixin.py:137} INFO - [2024-11-23T02:57:37.040+0000] {dag.py:2690} INFO - Sync 1 DAGs
[2024-11-23T02:57:37.063+0000] {logging_mixin.py:137} INFO - [2024-11-23T02:57:37.063+0000] {dag.py:3441} INFO - Setting next_dagrun for example_dag_decorator to None, run_after=None
[2024-11-23T02:57:37.080+0000] {processor.py:175} INFO - Processing /home/airflow/.local/lib/python3.7/site-packages/airflow/example_dags/example_dag_decorator.py took 0.180 seconds
[2024-11-23T02:58:42.579+0000] {processor.py:153} INFO - Started process (PID=91) to work on /home/airflow/.local/lib/python3.7/site-packages/airflow/example_dags/example_dag_decorator.py
[2024-11-23T02:58:42.588+0000] {processor.py:743} INFO - Processing file /home/airflow/.local/lib/python3.7/site-packages/airflow/example_dags/example_dag_decorator.py for tasks to queue
[2024-11-23T02:58:42.594+0000] {logging_mixin.py:137} INFO - [2024-11-23T02:58:42.594+0000] {dagbag.py:538} INFO - Filling up the DagBag from /home/airflow/.local/lib/python3.7/site-packages/airflow/example_dags/example_dag_decorator.py
[2024-11-23T02:58:42.632+0000] {logging_mixin.py:137} INFO - [2024-11-23T02:58:42.632+0000] {taskmixin.py:205} WARNING - Dependency <Task(_PythonDecoratedOperator): prepare_email>, send_email already registered for DAG: example_dag_decorator
[2024-11-23T02:58:42.633+0000] {logging_mixin.py:137} INFO - [2024-11-23T02:58:42.633+0000] {taskmixin.py:205} WARNING - Dependency <Task(EmailOperator): send_email>, prepare_email already registered for DAG: example_dag_decorator
[2024-11-23T02:58:42.661+0000] {processor.py:753} INFO - DAG(s) dict_keys(['example_dag_decorator']) retrieved from /home/airflow/.local/lib/python3.7/site-packages/airflow/example_dags/example_dag_decorator.py
[2024-11-23T02:58:42.713+0000] {logging_mixin.py:137} INFO - [2024-11-23T02:58:42.713+0000] {dag.py:2690} INFO - Sync 1 DAGs
[2024-11-23T02:58:42.765+0000] {logging_mixin.py:137} INFO - [2024-11-23T02:58:42.764+0000] {dag.py:3441} INFO - Setting next_dagrun for example_dag_decorator to None, run_after=None
[2024-11-23T02:58:42.840+0000] {processor.py:175} INFO - Processing /home/airflow/.local/lib/python3.7/site-packages/airflow/example_dags/example_dag_decorator.py took 0.272 seconds
[2024-11-23T02:59:12.895+0000] {processor.py:153} INFO - Started process (PID=165) to work on /home/airflow/.local/lib/python3.7/site-packages/airflow/example_dags/example_dag_decorator.py
[2024-11-23T02:59:12.897+0000] {processor.py:743} INFO - Processing file /home/airflow/.local/lib/python3.7/site-packages/airflow/example_dags/example_dag_decorator.py for tasks to queue
[2024-11-23T02:59:12.899+0000] {logging_mixin.py:137} INFO - [2024-11-23T02:59:12.899+0000] {dagbag.py:538} INFO - Filling up the DagBag from /home/airflow/.local/lib/python3.7/site-packages/airflow/example_dags/example_dag_decorator.py
[2024-11-23T02:59:12.915+0000] {logging_mixin.py:137} INFO - [2024-11-23T02:59:12.915+0000] {taskmixin.py:205} WARNING - Dependency <Task(_PythonDecoratedOperator): prepare_email>, send_email already registered for DAG: example_dag_decorator
[2024-11-23T02:59:12.917+0000] {logging_mixin.py:137} INFO - [2024-11-23T02:59:12.917+0000] {taskmixin.py:205} WARNING - Dependency <Task(EmailOperator): send_email>, prepare_email already registered for DAG: example_dag_decorator
[2024-11-23T02:59:12.929+0000] {processor.py:753} INFO - DAG(s) dict_keys(['example_dag_decorator']) retrieved from /home/airflow/.local/lib/python3.7/site-packages/airflow/example_dags/example_dag_decorator.py
[2024-11-23T02:59:12.978+0000] {logging_mixin.py:137} INFO - [2024-11-23T02:59:12.978+0000] {dag.py:2690} INFO - Sync 1 DAGs
[2024-11-23T02:59:12.993+0000] {logging_mixin.py:137} INFO - [2024-11-23T02:59:12.993+0000] {dag.py:3441} INFO - Setting next_dagrun for example_dag_decorator to None, run_after=None
[2024-11-23T02:59:13.004+0000] {processor.py:175} INFO - Processing /home/airflow/.local/lib/python3.7/site-packages/airflow/example_dags/example_dag_decorator.py took 0.112 seconds
[2024-11-23T02:59:43.319+0000] {processor.py:153} INFO - Started process (PID=255) to work on /home/airflow/.local/lib/python3.7/site-packages/airflow/example_dags/example_dag_decorator.py
[2024-11-23T02:59:43.320+0000] {processor.py:743} INFO - Processing file /home/airflow/.local/lib/python3.7/site-packages/airflow/example_dags/example_dag_decorator.py for tasks to queue
[2024-11-23T02:59:43.327+0000] {logging_mixin.py:137} INFO - [2024-11-23T02:59:43.327+0000] {dagbag.py:538} INFO - Filling up the DagBag from /home/airflow/.local/lib/python3.7/site-packages/airflow/example_dags/example_dag_decorator.py
[2024-11-23T02:59:43.343+0000] {logging_mixin.py:137} INFO - [2024-11-23T02:59:43.342+0000] {taskmixin.py:205} WARNING - Dependency <Task(_PythonDecoratedOperator): prepare_email>, send_email already registered for DAG: example_dag_decorator
[2024-11-23T02:59:43.344+0000] {logging_mixin.py:137} INFO - [2024-11-23T02:59:43.344+0000] {taskmixin.py:205} WARNING - Dependency <Task(EmailOperator): send_email>, prepare_email already registered for DAG: example_dag_decorator
[2024-11-23T02:59:43.355+0000] {processor.py:753} INFO - DAG(s) dict_keys(['example_dag_decorator']) retrieved from /home/airflow/.local/lib/python3.7/site-packages/airflow/example_dags/example_dag_decorator.py
[2024-11-23T02:59:43.408+0000] {logging_mixin.py:137} INFO - [2024-11-23T02:59:43.408+0000] {dag.py:2690} INFO - Sync 1 DAGs
[2024-11-23T02:59:43.426+0000] {logging_mixin.py:137} INFO - [2024-11-23T02:59:43.425+0000] {dag.py:3441} INFO - Setting next_dagrun for example_dag_decorator to None, run_after=None
[2024-11-23T02:59:43.442+0000] {processor.py:175} INFO - Processing /home/airflow/.local/lib/python3.7/site-packages/airflow/example_dags/example_dag_decorator.py took 0.126 seconds
[2024-11-23T03:00:13.676+0000] {processor.py:153} INFO - Started process (PID=329) to work on /home/airflow/.local/lib/python3.7/site-packages/airflow/example_dags/example_dag_decorator.py
[2024-11-23T03:00:13.677+0000] {processor.py:743} INFO - Processing file /home/airflow/.local/lib/python3.7/site-packages/airflow/example_dags/example_dag_decorator.py for tasks to queue
[2024-11-23T03:00:13.677+0000] {logging_mixin.py:137} INFO - [2024-11-23T03:00:13.677+0000] {dagbag.py:538} INFO - Filling up the DagBag from /home/airflow/.local/lib/python3.7/site-packages/airflow/example_dags/example_dag_decorator.py
[2024-11-23T03:00:13.688+0000] {logging_mixin.py:137} INFO - [2024-11-23T03:00:13.688+0000] {taskmixin.py:205} WARNING - Dependency <Task(_PythonDecoratedOperator): prepare_email>, send_email already registered for DAG: example_dag_decorator
[2024-11-23T03:00:13.689+0000] {logging_mixin.py:137} INFO - [2024-11-23T03:00:13.689+0000] {taskmixin.py:205} WARNING - Dependency <Task(EmailOperator): send_email>, prepare_email already registered for DAG: example_dag_decorator
[2024-11-23T03:00:13.698+0000] {processor.py:753} INFO - DAG(s) dict_keys(['example_dag_decorator']) retrieved from /home/airflow/.local/lib/python3.7/site-packages/airflow/example_dags/example_dag_decorator.py
[2024-11-23T03:00:13.748+0000] {logging_mixin.py:137} INFO - [2024-11-23T03:00:13.748+0000] {dag.py:2690} INFO - Sync 1 DAGs
[2024-11-23T03:00:13.764+0000] {logging_mixin.py:137} INFO - [2024-11-23T03:00:13.764+0000] {dag.py:3441} INFO - Setting next_dagrun for example_dag_decorator to None, run_after=None
[2024-11-23T03:00:13.777+0000] {processor.py:175} INFO - Processing /home/airflow/.local/lib/python3.7/site-packages/airflow/example_dags/example_dag_decorator.py took 0.104 seconds
[2024-11-23T03:00:44.562+0000] {processor.py:153} INFO - Started process (PID=419) to work on /home/airflow/.local/lib/python3.7/site-packages/airflow/example_dags/example_dag_decorator.py
[2024-11-23T03:00:44.563+0000] {processor.py:743} INFO - Processing file /home/airflow/.local/lib/python3.7/site-packages/airflow/example_dags/example_dag_decorator.py for tasks to queue
[2024-11-23T03:00:44.564+0000] {logging_mixin.py:137} INFO - [2024-11-23T03:00:44.564+0000] {dagbag.py:538} INFO - Filling up the DagBag from /home/airflow/.local/lib/python3.7/site-packages/airflow/example_dags/example_dag_decorator.py
[2024-11-23T03:00:44.580+0000] {logging_mixin.py:137} INFO - [2024-11-23T03:00:44.580+0000] {taskmixin.py:205} WARNING - Dependency <Task(_PythonDecoratedOperator): prepare_email>, send_email already registered for DAG: example_dag_decorator
[2024-11-23T03:00:44.581+0000] {logging_mixin.py:137} INFO - [2024-11-23T03:00:44.581+0000] {taskmixin.py:205} WARNING - Dependency <Task(EmailOperator): send_email>, prepare_email already registered for DAG: example_dag_decorator
[2024-11-23T03:00:44.591+0000] {processor.py:753} INFO - DAG(s) dict_keys(['example_dag_decorator']) retrieved from /home/airflow/.local/lib/python3.7/site-packages/airflow/example_dags/example_dag_decorator.py
[2024-11-23T03:00:44.641+0000] {logging_mixin.py:137} INFO - [2024-11-23T03:00:44.640+0000] {dag.py:2690} INFO - Sync 1 DAGs
[2024-11-23T03:00:44.655+0000] {logging_mixin.py:137} INFO - [2024-11-23T03:00:44.655+0000] {dag.py:3441} INFO - Setting next_dagrun for example_dag_decorator to None, run_after=None
[2024-11-23T03:00:44.667+0000] {processor.py:175} INFO - Processing /home/airflow/.local/lib/python3.7/site-packages/airflow/example_dags/example_dag_decorator.py took 0.107 seconds
[2024-11-23T03:01:14.896+0000] {processor.py:153} INFO - Started process (PID=493) to work on /home/airflow/.local/lib/python3.7/site-packages/airflow/example_dags/example_dag_decorator.py
[2024-11-23T03:01:14.898+0000] {processor.py:743} INFO - Processing file /home/airflow/.local/lib/python3.7/site-packages/airflow/example_dags/example_dag_decorator.py for tasks to queue
[2024-11-23T03:01:14.900+0000] {logging_mixin.py:137} INFO - [2024-11-23T03:01:14.899+0000] {dagbag.py:538} INFO - Filling up the DagBag from /home/airflow/.local/lib/python3.7/site-packages/airflow/example_dags/example_dag_decorator.py
[2024-11-23T03:01:14.915+0000] {logging_mixin.py:137} INFO - [2024-11-23T03:01:14.915+0000] {taskmixin.py:205} WARNING - Dependency <Task(_PythonDecoratedOperator): prepare_email>, send_email already registered for DAG: example_dag_decorator
[2024-11-23T03:01:14.916+0000] {logging_mixin.py:137} INFO - [2024-11-23T03:01:14.915+0000] {taskmixin.py:205} WARNING - Dependency <Task(EmailOperator): send_email>, prepare_email already registered for DAG: example_dag_decorator
[2024-11-23T03:01:14.928+0000] {processor.py:753} INFO - DAG(s) dict_keys(['example_dag_decorator']) retrieved from /home/airflow/.local/lib/python3.7/site-packages/airflow/example_dags/example_dag_decorator.py
[2024-11-23T03:01:14.976+0000] {logging_mixin.py:137} INFO - [2024-11-23T03:01:14.975+0000] {dag.py:2690} INFO - Sync 1 DAGs
[2024-11-23T03:01:15.003+0000] {logging_mixin.py:137} INFO - [2024-11-23T03:01:15.002+0000] {dag.py:3441} INFO - Setting next_dagrun for example_dag_decorator to None, run_after=None
[2024-11-23T03:01:15.028+0000] {processor.py:175} INFO - Processing /home/airflow/.local/lib/python3.7/site-packages/airflow/example_dags/example_dag_decorator.py took 0.134 seconds
[2024-11-23T03:01:45.061+0000] {processor.py:153} INFO - Started process (PID=583) to work on /home/airflow/.local/lib/python3.7/site-packages/airflow/example_dags/example_dag_decorator.py
[2024-11-23T03:01:45.062+0000] {processor.py:743} INFO - Processing file /home/airflow/.local/lib/python3.7/site-packages/airflow/example_dags/example_dag_decorator.py for tasks to queue
[2024-11-23T03:01:45.062+0000] {logging_mixin.py:137} INFO - [2024-11-23T03:01:45.062+0000] {dagbag.py:538} INFO - Filling up the DagBag from /home/airflow/.local/lib/python3.7/site-packages/airflow/example_dags/example_dag_decorator.py
[2024-11-23T03:01:45.074+0000] {logging_mixin.py:137} INFO - [2024-11-23T03:01:45.074+0000] {taskmixin.py:205} WARNING - Dependency <Task(_PythonDecoratedOperator): prepare_email>, send_email already registered for DAG: example_dag_decorator
[2024-11-23T03:01:45.074+0000] {logging_mixin.py:137} INFO - [2024-11-23T03:01:45.074+0000] {taskmixin.py:205} WARNING - Dependency <Task(EmailOperator): send_email>, prepare_email already registered for DAG: example_dag_decorator
[2024-11-23T03:01:45.082+0000] {processor.py:753} INFO - DAG(s) dict_keys(['example_dag_decorator']) retrieved from /home/airflow/.local/lib/python3.7/site-packages/airflow/example_dags/example_dag_decorator.py
[2024-11-23T03:01:45.124+0000] {logging_mixin.py:137} INFO - [2024-11-23T03:01:45.124+0000] {dag.py:2690} INFO - Sync 1 DAGs
[2024-11-23T03:01:45.139+0000] {logging_mixin.py:137} INFO - [2024-11-23T03:01:45.139+0000] {dag.py:3441} INFO - Setting next_dagrun for example_dag_decorator to None, run_after=None
[2024-11-23T03:01:45.151+0000] {processor.py:175} INFO - Processing /home/airflow/.local/lib/python3.7/site-packages/airflow/example_dags/example_dag_decorator.py took 0.091 seconds
[2024-11-23T03:02:15.442+0000] {processor.py:153} INFO - Started process (PID=664) to work on /home/airflow/.local/lib/python3.7/site-packages/airflow/example_dags/example_dag_decorator.py
[2024-11-23T03:02:15.443+0000] {processor.py:743} INFO - Processing file /home/airflow/.local/lib/python3.7/site-packages/airflow/example_dags/example_dag_decorator.py for tasks to queue
[2024-11-23T03:02:15.445+0000] {logging_mixin.py:137} INFO - [2024-11-23T03:02:15.445+0000] {dagbag.py:538} INFO - Filling up the DagBag from /home/airflow/.local/lib/python3.7/site-packages/airflow/example_dags/example_dag_decorator.py
[2024-11-23T03:02:15.458+0000] {logging_mixin.py:137} INFO - [2024-11-23T03:02:15.458+0000] {taskmixin.py:205} WARNING - Dependency <Task(_PythonDecoratedOperator): prepare_email>, send_email already registered for DAG: example_dag_decorator
[2024-11-23T03:02:15.461+0000] {logging_mixin.py:137} INFO - [2024-11-23T03:02:15.460+0000] {taskmixin.py:205} WARNING - Dependency <Task(EmailOperator): send_email>, prepare_email already registered for DAG: example_dag_decorator
[2024-11-23T03:02:15.472+0000] {processor.py:753} INFO - DAG(s) dict_keys(['example_dag_decorator']) retrieved from /home/airflow/.local/lib/python3.7/site-packages/airflow/example_dags/example_dag_decorator.py
[2024-11-23T03:02:15.530+0000] {logging_mixin.py:137} INFO - [2024-11-23T03:02:15.529+0000] {dag.py:2690} INFO - Sync 1 DAGs
[2024-11-23T03:02:15.547+0000] {logging_mixin.py:137} INFO - [2024-11-23T03:02:15.547+0000] {dag.py:3441} INFO - Setting next_dagrun for example_dag_decorator to None, run_after=None
[2024-11-23T03:02:15.560+0000] {processor.py:175} INFO - Processing /home/airflow/.local/lib/python3.7/site-packages/airflow/example_dags/example_dag_decorator.py took 0.120 seconds
[2024-11-23T03:03:09.143+0000] {processor.py:153} INFO - Started process (PID=91) to work on /home/airflow/.local/lib/python3.7/site-packages/airflow/example_dags/example_dag_decorator.py
[2024-11-23T03:03:09.145+0000] {processor.py:743} INFO - Processing file /home/airflow/.local/lib/python3.7/site-packages/airflow/example_dags/example_dag_decorator.py for tasks to queue
[2024-11-23T03:03:09.151+0000] {logging_mixin.py:137} INFO - [2024-11-23T03:03:09.149+0000] {dagbag.py:538} INFO - Filling up the DagBag from /home/airflow/.local/lib/python3.7/site-packages/airflow/example_dags/example_dag_decorator.py
[2024-11-23T03:03:09.194+0000] {logging_mixin.py:137} INFO - [2024-11-23T03:03:09.194+0000] {taskmixin.py:205} WARNING - Dependency <Task(_PythonDecoratedOperator): prepare_email>, send_email already registered for DAG: example_dag_decorator
[2024-11-23T03:03:09.196+0000] {logging_mixin.py:137} INFO - [2024-11-23T03:03:09.196+0000] {taskmixin.py:205} WARNING - Dependency <Task(EmailOperator): send_email>, prepare_email already registered for DAG: example_dag_decorator
[2024-11-23T03:03:09.237+0000] {processor.py:753} INFO - DAG(s) dict_keys(['example_dag_decorator']) retrieved from /home/airflow/.local/lib/python3.7/site-packages/airflow/example_dags/example_dag_decorator.py
[2024-11-23T03:03:09.264+0000] {logging_mixin.py:137} INFO - [2024-11-23T03:03:09.264+0000] {dag.py:2690} INFO - Sync 1 DAGs
[2024-11-23T03:03:09.308+0000] {logging_mixin.py:137} INFO - [2024-11-23T03:03:09.308+0000] {dag.py:3441} INFO - Setting next_dagrun for example_dag_decorator to None, run_after=None
[2024-11-23T03:03:09.356+0000] {processor.py:175} INFO - Processing /home/airflow/.local/lib/python3.7/site-packages/airflow/example_dags/example_dag_decorator.py took 0.218 seconds
[2024-11-23T03:03:40.096+0000] {processor.py:153} INFO - Started process (PID=165) to work on /home/airflow/.local/lib/python3.7/site-packages/airflow/example_dags/example_dag_decorator.py
[2024-11-23T03:03:40.097+0000] {processor.py:743} INFO - Processing file /home/airflow/.local/lib/python3.7/site-packages/airflow/example_dags/example_dag_decorator.py for tasks to queue
[2024-11-23T03:03:40.097+0000] {logging_mixin.py:137} INFO - [2024-11-23T03:03:40.097+0000] {dagbag.py:538} INFO - Filling up the DagBag from /home/airflow/.local/lib/python3.7/site-packages/airflow/example_dags/example_dag_decorator.py
[2024-11-23T03:03:40.109+0000] {logging_mixin.py:137} INFO - [2024-11-23T03:03:40.109+0000] {taskmixin.py:205} WARNING - Dependency <Task(_PythonDecoratedOperator): prepare_email>, send_email already registered for DAG: example_dag_decorator
[2024-11-23T03:03:40.110+0000] {logging_mixin.py:137} INFO - [2024-11-23T03:03:40.110+0000] {taskmixin.py:205} WARNING - Dependency <Task(EmailOperator): send_email>, prepare_email already registered for DAG: example_dag_decorator
[2024-11-23T03:03:40.118+0000] {processor.py:753} INFO - DAG(s) dict_keys(['example_dag_decorator']) retrieved from /home/airflow/.local/lib/python3.7/site-packages/airflow/example_dags/example_dag_decorator.py
[2024-11-23T03:03:40.161+0000] {logging_mixin.py:137} INFO - [2024-11-23T03:03:40.161+0000] {dag.py:2690} INFO - Sync 1 DAGs
[2024-11-23T03:03:40.175+0000] {logging_mixin.py:137} INFO - [2024-11-23T03:03:40.175+0000] {dag.py:3441} INFO - Setting next_dagrun for example_dag_decorator to None, run_after=None
[2024-11-23T03:03:40.187+0000] {processor.py:175} INFO - Processing /home/airflow/.local/lib/python3.7/site-packages/airflow/example_dags/example_dag_decorator.py took 0.093 seconds
[2024-11-23T03:06:17.975+0000] {processor.py:153} INFO - Started process (PID=91) to work on /home/airflow/.local/lib/python3.7/site-packages/airflow/example_dags/example_dag_decorator.py
[2024-11-23T03:06:17.977+0000] {processor.py:743} INFO - Processing file /home/airflow/.local/lib/python3.7/site-packages/airflow/example_dags/example_dag_decorator.py for tasks to queue
[2024-11-23T03:06:17.981+0000] {logging_mixin.py:137} INFO - [2024-11-23T03:06:17.980+0000] {dagbag.py:538} INFO - Filling up the DagBag from /home/airflow/.local/lib/python3.7/site-packages/airflow/example_dags/example_dag_decorator.py
[2024-11-23T03:06:18.016+0000] {logging_mixin.py:137} INFO - [2024-11-23T03:06:18.016+0000] {taskmixin.py:205} WARNING - Dependency <Task(_PythonDecoratedOperator): prepare_email>, send_email already registered for DAG: example_dag_decorator
[2024-11-23T03:06:18.017+0000] {logging_mixin.py:137} INFO - [2024-11-23T03:06:18.016+0000] {taskmixin.py:205} WARNING - Dependency <Task(EmailOperator): send_email>, prepare_email already registered for DAG: example_dag_decorator
[2024-11-23T03:06:18.053+0000] {processor.py:753} INFO - DAG(s) dict_keys(['example_dag_decorator']) retrieved from /home/airflow/.local/lib/python3.7/site-packages/airflow/example_dags/example_dag_decorator.py
[2024-11-23T03:06:18.077+0000] {logging_mixin.py:137} INFO - [2024-11-23T03:06:18.077+0000] {dag.py:2690} INFO - Sync 1 DAGs
[2024-11-23T03:06:18.114+0000] {logging_mixin.py:137} INFO - [2024-11-23T03:06:18.114+0000] {dag.py:3441} INFO - Setting next_dagrun for example_dag_decorator to None, run_after=None
[2024-11-23T03:06:18.145+0000] {processor.py:175} INFO - Processing /home/airflow/.local/lib/python3.7/site-packages/airflow/example_dags/example_dag_decorator.py took 0.176 seconds
[2024-11-23T03:06:48.879+0000] {processor.py:153} INFO - Started process (PID=165) to work on /home/airflow/.local/lib/python3.7/site-packages/airflow/example_dags/example_dag_decorator.py
[2024-11-23T03:06:48.881+0000] {processor.py:743} INFO - Processing file /home/airflow/.local/lib/python3.7/site-packages/airflow/example_dags/example_dag_decorator.py for tasks to queue
[2024-11-23T03:06:48.881+0000] {logging_mixin.py:137} INFO - [2024-11-23T03:06:48.881+0000] {dagbag.py:538} INFO - Filling up the DagBag from /home/airflow/.local/lib/python3.7/site-packages/airflow/example_dags/example_dag_decorator.py
[2024-11-23T03:06:48.897+0000] {logging_mixin.py:137} INFO - [2024-11-23T03:06:48.897+0000] {taskmixin.py:205} WARNING - Dependency <Task(_PythonDecoratedOperator): prepare_email>, send_email already registered for DAG: example_dag_decorator
[2024-11-23T03:06:48.898+0000] {logging_mixin.py:137} INFO - [2024-11-23T03:06:48.898+0000] {taskmixin.py:205} WARNING - Dependency <Task(EmailOperator): send_email>, prepare_email already registered for DAG: example_dag_decorator
[2024-11-23T03:06:48.908+0000] {processor.py:753} INFO - DAG(s) dict_keys(['example_dag_decorator']) retrieved from /home/airflow/.local/lib/python3.7/site-packages/airflow/example_dags/example_dag_decorator.py
[2024-11-23T03:06:48.972+0000] {logging_mixin.py:137} INFO - [2024-11-23T03:06:48.972+0000] {dag.py:2690} INFO - Sync 1 DAGs
[2024-11-23T03:06:48.994+0000] {logging_mixin.py:137} INFO - [2024-11-23T03:06:48.994+0000] {dag.py:3441} INFO - Setting next_dagrun for example_dag_decorator to None, run_after=None
[2024-11-23T03:06:49.016+0000] {processor.py:175} INFO - Processing /home/airflow/.local/lib/python3.7/site-packages/airflow/example_dags/example_dag_decorator.py took 0.142 seconds
[2024-11-23T03:07:19.755+0000] {processor.py:153} INFO - Started process (PID=255) to work on /home/airflow/.local/lib/python3.7/site-packages/airflow/example_dags/example_dag_decorator.py
[2024-11-23T03:07:19.757+0000] {processor.py:743} INFO - Processing file /home/airflow/.local/lib/python3.7/site-packages/airflow/example_dags/example_dag_decorator.py for tasks to queue
[2024-11-23T03:07:19.758+0000] {logging_mixin.py:137} INFO - [2024-11-23T03:07:19.758+0000] {dagbag.py:538} INFO - Filling up the DagBag from /home/airflow/.local/lib/python3.7/site-packages/airflow/example_dags/example_dag_decorator.py
[2024-11-23T03:07:19.770+0000] {logging_mixin.py:137} INFO - [2024-11-23T03:07:19.770+0000] {taskmixin.py:205} WARNING - Dependency <Task(_PythonDecoratedOperator): prepare_email>, send_email already registered for DAG: example_dag_decorator
[2024-11-23T03:07:19.770+0000] {logging_mixin.py:137} INFO - [2024-11-23T03:07:19.770+0000] {taskmixin.py:205} WARNING - Dependency <Task(EmailOperator): send_email>, prepare_email already registered for DAG: example_dag_decorator
[2024-11-23T03:07:19.779+0000] {processor.py:753} INFO - DAG(s) dict_keys(['example_dag_decorator']) retrieved from /home/airflow/.local/lib/python3.7/site-packages/airflow/example_dags/example_dag_decorator.py
[2024-11-23T03:07:19.829+0000] {logging_mixin.py:137} INFO - [2024-11-23T03:07:19.829+0000] {dag.py:2690} INFO - Sync 1 DAGs
[2024-11-23T03:07:19.847+0000] {logging_mixin.py:137} INFO - [2024-11-23T03:07:19.847+0000] {dag.py:3441} INFO - Setting next_dagrun for example_dag_decorator to None, run_after=None
[2024-11-23T03:07:19.860+0000] {processor.py:175} INFO - Processing /home/airflow/.local/lib/python3.7/site-packages/airflow/example_dags/example_dag_decorator.py took 0.107 seconds
[2024-11-23T03:07:50.025+0000] {processor.py:153} INFO - Started process (PID=329) to work on /home/airflow/.local/lib/python3.7/site-packages/airflow/example_dags/example_dag_decorator.py
[2024-11-23T03:07:50.027+0000] {processor.py:743} INFO - Processing file /home/airflow/.local/lib/python3.7/site-packages/airflow/example_dags/example_dag_decorator.py for tasks to queue
[2024-11-23T03:07:50.028+0000] {logging_mixin.py:137} INFO - [2024-11-23T03:07:50.028+0000] {dagbag.py:538} INFO - Filling up the DagBag from /home/airflow/.local/lib/python3.7/site-packages/airflow/example_dags/example_dag_decorator.py
[2024-11-23T03:07:50.041+0000] {logging_mixin.py:137} INFO - [2024-11-23T03:07:50.041+0000] {taskmixin.py:205} WARNING - Dependency <Task(_PythonDecoratedOperator): prepare_email>, send_email already registered for DAG: example_dag_decorator
[2024-11-23T03:07:50.042+0000] {logging_mixin.py:137} INFO - [2024-11-23T03:07:50.041+0000] {taskmixin.py:205} WARNING - Dependency <Task(EmailOperator): send_email>, prepare_email already registered for DAG: example_dag_decorator
[2024-11-23T03:07:50.053+0000] {processor.py:753} INFO - DAG(s) dict_keys(['example_dag_decorator']) retrieved from /home/airflow/.local/lib/python3.7/site-packages/airflow/example_dags/example_dag_decorator.py
[2024-11-23T03:07:50.112+0000] {logging_mixin.py:137} INFO - [2024-11-23T03:07:50.111+0000] {dag.py:2690} INFO - Sync 1 DAGs
[2024-11-23T03:07:50.148+0000] {logging_mixin.py:137} INFO - [2024-11-23T03:07:50.148+0000] {dag.py:3441} INFO - Setting next_dagrun for example_dag_decorator to None, run_after=None
[2024-11-23T03:07:50.165+0000] {processor.py:175} INFO - Processing /home/airflow/.local/lib/python3.7/site-packages/airflow/example_dags/example_dag_decorator.py took 0.142 seconds
[2024-11-23T03:08:20.370+0000] {processor.py:153} INFO - Started process (PID=419) to work on /home/airflow/.local/lib/python3.7/site-packages/airflow/example_dags/example_dag_decorator.py
[2024-11-23T03:08:20.371+0000] {processor.py:743} INFO - Processing file /home/airflow/.local/lib/python3.7/site-packages/airflow/example_dags/example_dag_decorator.py for tasks to queue
[2024-11-23T03:08:20.372+0000] {logging_mixin.py:137} INFO - [2024-11-23T03:08:20.372+0000] {dagbag.py:538} INFO - Filling up the DagBag from /home/airflow/.local/lib/python3.7/site-packages/airflow/example_dags/example_dag_decorator.py
[2024-11-23T03:08:20.386+0000] {logging_mixin.py:137} INFO - [2024-11-23T03:08:20.386+0000] {taskmixin.py:205} WARNING - Dependency <Task(_PythonDecoratedOperator): prepare_email>, send_email already registered for DAG: example_dag_decorator
[2024-11-23T03:08:20.387+0000] {logging_mixin.py:137} INFO - [2024-11-23T03:08:20.387+0000] {taskmixin.py:205} WARNING - Dependency <Task(EmailOperator): send_email>, prepare_email already registered for DAG: example_dag_decorator
[2024-11-23T03:08:20.398+0000] {processor.py:753} INFO - DAG(s) dict_keys(['example_dag_decorator']) retrieved from /home/airflow/.local/lib/python3.7/site-packages/airflow/example_dags/example_dag_decorator.py
[2024-11-23T03:08:20.447+0000] {logging_mixin.py:137} INFO - [2024-11-23T03:08:20.447+0000] {dag.py:2690} INFO - Sync 1 DAGs
[2024-11-23T03:08:20.466+0000] {logging_mixin.py:137} INFO - [2024-11-23T03:08:20.466+0000] {dag.py:3441} INFO - Setting next_dagrun for example_dag_decorator to None, run_after=None
[2024-11-23T03:08:20.482+0000] {processor.py:175} INFO - Processing /home/airflow/.local/lib/python3.7/site-packages/airflow/example_dags/example_dag_decorator.py took 0.115 seconds
[2024-11-23T03:08:50.647+0000] {processor.py:153} INFO - Started process (PID=501) to work on /home/airflow/.local/lib/python3.7/site-packages/airflow/example_dags/example_dag_decorator.py
[2024-11-23T03:08:50.648+0000] {processor.py:743} INFO - Processing file /home/airflow/.local/lib/python3.7/site-packages/airflow/example_dags/example_dag_decorator.py for tasks to queue
[2024-11-23T03:08:50.649+0000] {logging_mixin.py:137} INFO - [2024-11-23T03:08:50.648+0000] {dagbag.py:538} INFO - Filling up the DagBag from /home/airflow/.local/lib/python3.7/site-packages/airflow/example_dags/example_dag_decorator.py
[2024-11-23T03:08:50.663+0000] {logging_mixin.py:137} INFO - [2024-11-23T03:08:50.663+0000] {taskmixin.py:205} WARNING - Dependency <Task(_PythonDecoratedOperator): prepare_email>, send_email already registered for DAG: example_dag_decorator
[2024-11-23T03:08:50.663+0000] {logging_mixin.py:137} INFO - [2024-11-23T03:08:50.663+0000] {taskmixin.py:205} WARNING - Dependency <Task(EmailOperator): send_email>, prepare_email already registered for DAG: example_dag_decorator
[2024-11-23T03:08:50.676+0000] {processor.py:753} INFO - DAG(s) dict_keys(['example_dag_decorator']) retrieved from /home/airflow/.local/lib/python3.7/site-packages/airflow/example_dags/example_dag_decorator.py
[2024-11-23T03:08:50.743+0000] {logging_mixin.py:137} INFO - [2024-11-23T03:08:50.743+0000] {dag.py:2690} INFO - Sync 1 DAGs
[2024-11-23T03:08:50.764+0000] {logging_mixin.py:137} INFO - [2024-11-23T03:08:50.764+0000] {dag.py:3441} INFO - Setting next_dagrun for example_dag_decorator to None, run_after=None
[2024-11-23T03:08:50.793+0000] {processor.py:175} INFO - Processing /home/airflow/.local/lib/python3.7/site-packages/airflow/example_dags/example_dag_decorator.py took 0.149 seconds
[2024-11-23T03:09:20.895+0000] {processor.py:153} INFO - Started process (PID=582) to work on /home/airflow/.local/lib/python3.7/site-packages/airflow/example_dags/example_dag_decorator.py
[2024-11-23T03:09:20.896+0000] {processor.py:743} INFO - Processing file /home/airflow/.local/lib/python3.7/site-packages/airflow/example_dags/example_dag_decorator.py for tasks to queue
[2024-11-23T03:09:20.896+0000] {logging_mixin.py:137} INFO - [2024-11-23T03:09:20.896+0000] {dagbag.py:538} INFO - Filling up the DagBag from /home/airflow/.local/lib/python3.7/site-packages/airflow/example_dags/example_dag_decorator.py
[2024-11-23T03:09:20.910+0000] {logging_mixin.py:137} INFO - [2024-11-23T03:09:20.910+0000] {taskmixin.py:205} WARNING - Dependency <Task(_PythonDecoratedOperator): prepare_email>, send_email already registered for DAG: example_dag_decorator
[2024-11-23T03:09:20.912+0000] {logging_mixin.py:137} INFO - [2024-11-23T03:09:20.912+0000] {taskmixin.py:205} WARNING - Dependency <Task(EmailOperator): send_email>, prepare_email already registered for DAG: example_dag_decorator
[2024-11-23T03:09:20.921+0000] {processor.py:753} INFO - DAG(s) dict_keys(['example_dag_decorator']) retrieved from /home/airflow/.local/lib/python3.7/site-packages/airflow/example_dags/example_dag_decorator.py
[2024-11-23T03:09:20.969+0000] {logging_mixin.py:137} INFO - [2024-11-23T03:09:20.969+0000] {dag.py:2690} INFO - Sync 1 DAGs
[2024-11-23T03:09:20.985+0000] {logging_mixin.py:137} INFO - [2024-11-23T03:09:20.985+0000] {dag.py:3441} INFO - Setting next_dagrun for example_dag_decorator to None, run_after=None
[2024-11-23T03:09:20.996+0000] {processor.py:175} INFO - Processing /home/airflow/.local/lib/python3.7/site-packages/airflow/example_dags/example_dag_decorator.py took 0.103 seconds
[2024-11-23T03:09:51.173+0000] {processor.py:153} INFO - Started process (PID=672) to work on /home/airflow/.local/lib/python3.7/site-packages/airflow/example_dags/example_dag_decorator.py
[2024-11-23T03:09:51.174+0000] {processor.py:743} INFO - Processing file /home/airflow/.local/lib/python3.7/site-packages/airflow/example_dags/example_dag_decorator.py for tasks to queue
[2024-11-23T03:09:51.174+0000] {logging_mixin.py:137} INFO - [2024-11-23T03:09:51.174+0000] {dagbag.py:538} INFO - Filling up the DagBag from /home/airflow/.local/lib/python3.7/site-packages/airflow/example_dags/example_dag_decorator.py
[2024-11-23T03:09:51.188+0000] {logging_mixin.py:137} INFO - [2024-11-23T03:09:51.187+0000] {taskmixin.py:205} WARNING - Dependency <Task(_PythonDecoratedOperator): prepare_email>, send_email already registered for DAG: example_dag_decorator
[2024-11-23T03:09:51.188+0000] {logging_mixin.py:137} INFO - [2024-11-23T03:09:51.188+0000] {taskmixin.py:205} WARNING - Dependency <Task(EmailOperator): send_email>, prepare_email already registered for DAG: example_dag_decorator
[2024-11-23T03:09:51.197+0000] {processor.py:753} INFO - DAG(s) dict_keys(['example_dag_decorator']) retrieved from /home/airflow/.local/lib/python3.7/site-packages/airflow/example_dags/example_dag_decorator.py
[2024-11-23T03:09:51.245+0000] {logging_mixin.py:137} INFO - [2024-11-23T03:09:51.245+0000] {dag.py:2690} INFO - Sync 1 DAGs
[2024-11-23T03:09:51.260+0000] {logging_mixin.py:137} INFO - [2024-11-23T03:09:51.260+0000] {dag.py:3441} INFO - Setting next_dagrun for example_dag_decorator to None, run_after=None
[2024-11-23T03:09:51.272+0000] {processor.py:175} INFO - Processing /home/airflow/.local/lib/python3.7/site-packages/airflow/example_dags/example_dag_decorator.py took 0.102 seconds
[2024-11-23T03:10:21.295+0000] {processor.py:153} INFO - Started process (PID=746) to work on /home/airflow/.local/lib/python3.7/site-packages/airflow/example_dags/example_dag_decorator.py
[2024-11-23T03:10:21.296+0000] {processor.py:743} INFO - Processing file /home/airflow/.local/lib/python3.7/site-packages/airflow/example_dags/example_dag_decorator.py for tasks to queue
[2024-11-23T03:10:21.297+0000] {logging_mixin.py:137} INFO - [2024-11-23T03:10:21.296+0000] {dagbag.py:538} INFO - Filling up the DagBag from /home/airflow/.local/lib/python3.7/site-packages/airflow/example_dags/example_dag_decorator.py
[2024-11-23T03:10:21.310+0000] {logging_mixin.py:137} INFO - [2024-11-23T03:10:21.310+0000] {taskmixin.py:205} WARNING - Dependency <Task(_PythonDecoratedOperator): prepare_email>, send_email already registered for DAG: example_dag_decorator
[2024-11-23T03:10:21.310+0000] {logging_mixin.py:137} INFO - [2024-11-23T03:10:21.310+0000] {taskmixin.py:205} WARNING - Dependency <Task(EmailOperator): send_email>, prepare_email already registered for DAG: example_dag_decorator
[2024-11-23T03:10:21.321+0000] {processor.py:753} INFO - DAG(s) dict_keys(['example_dag_decorator']) retrieved from /home/airflow/.local/lib/python3.7/site-packages/airflow/example_dags/example_dag_decorator.py
[2024-11-23T03:10:21.365+0000] {logging_mixin.py:137} INFO - [2024-11-23T03:10:21.364+0000] {dag.py:2690} INFO - Sync 1 DAGs
[2024-11-23T03:10:21.380+0000] {logging_mixin.py:137} INFO - [2024-11-23T03:10:21.379+0000] {dag.py:3441} INFO - Setting next_dagrun for example_dag_decorator to None, run_after=None
[2024-11-23T03:10:21.392+0000] {processor.py:175} INFO - Processing /home/airflow/.local/lib/python3.7/site-packages/airflow/example_dags/example_dag_decorator.py took 0.099 seconds
[2024-11-23T03:10:51.714+0000] {processor.py:153} INFO - Started process (PID=835) to work on /home/airflow/.local/lib/python3.7/site-packages/airflow/example_dags/example_dag_decorator.py
[2024-11-23T03:10:51.715+0000] {processor.py:743} INFO - Processing file /home/airflow/.local/lib/python3.7/site-packages/airflow/example_dags/example_dag_decorator.py for tasks to queue
[2024-11-23T03:10:51.716+0000] {logging_mixin.py:137} INFO - [2024-11-23T03:10:51.716+0000] {dagbag.py:538} INFO - Filling up the DagBag from /home/airflow/.local/lib/python3.7/site-packages/airflow/example_dags/example_dag_decorator.py
[2024-11-23T03:10:51.730+0000] {logging_mixin.py:137} INFO - [2024-11-23T03:10:51.730+0000] {taskmixin.py:205} WARNING - Dependency <Task(_PythonDecoratedOperator): prepare_email>, send_email already registered for DAG: example_dag_decorator
[2024-11-23T03:10:51.731+0000] {logging_mixin.py:137} INFO - [2024-11-23T03:10:51.731+0000] {taskmixin.py:205} WARNING - Dependency <Task(EmailOperator): send_email>, prepare_email already registered for DAG: example_dag_decorator
[2024-11-23T03:10:51.743+0000] {processor.py:753} INFO - DAG(s) dict_keys(['example_dag_decorator']) retrieved from /home/airflow/.local/lib/python3.7/site-packages/airflow/example_dags/example_dag_decorator.py
[2024-11-23T03:10:51.795+0000] {logging_mixin.py:137} INFO - [2024-11-23T03:10:51.794+0000] {dag.py:2690} INFO - Sync 1 DAGs
[2024-11-23T03:10:51.810+0000] {logging_mixin.py:137} INFO - [2024-11-23T03:10:51.810+0000] {dag.py:3441} INFO - Setting next_dagrun for example_dag_decorator to None, run_after=None
[2024-11-23T03:10:51.825+0000] {processor.py:175} INFO - Processing /home/airflow/.local/lib/python3.7/site-packages/airflow/example_dags/example_dag_decorator.py took 0.113 seconds
[2024-11-23T03:11:22.061+0000] {processor.py:153} INFO - Started process (PID=909) to work on /home/airflow/.local/lib/python3.7/site-packages/airflow/example_dags/example_dag_decorator.py
[2024-11-23T03:11:22.062+0000] {processor.py:743} INFO - Processing file /home/airflow/.local/lib/python3.7/site-packages/airflow/example_dags/example_dag_decorator.py for tasks to queue
[2024-11-23T03:11:22.062+0000] {logging_mixin.py:137} INFO - [2024-11-23T03:11:22.062+0000] {dagbag.py:538} INFO - Filling up the DagBag from /home/airflow/.local/lib/python3.7/site-packages/airflow/example_dags/example_dag_decorator.py
[2024-11-23T03:11:22.074+0000] {logging_mixin.py:137} INFO - [2024-11-23T03:11:22.074+0000] {taskmixin.py:205} WARNING - Dependency <Task(_PythonDecoratedOperator): prepare_email>, send_email already registered for DAG: example_dag_decorator
[2024-11-23T03:11:22.075+0000] {logging_mixin.py:137} INFO - [2024-11-23T03:11:22.075+0000] {taskmixin.py:205} WARNING - Dependency <Task(EmailOperator): send_email>, prepare_email already registered for DAG: example_dag_decorator
[2024-11-23T03:11:22.084+0000] {processor.py:753} INFO - DAG(s) dict_keys(['example_dag_decorator']) retrieved from /home/airflow/.local/lib/python3.7/site-packages/airflow/example_dags/example_dag_decorator.py
[2024-11-23T03:11:22.132+0000] {logging_mixin.py:137} INFO - [2024-11-23T03:11:22.131+0000] {dag.py:2690} INFO - Sync 1 DAGs
[2024-11-23T03:11:22.150+0000] {logging_mixin.py:137} INFO - [2024-11-23T03:11:22.149+0000] {dag.py:3441} INFO - Setting next_dagrun for example_dag_decorator to None, run_after=None
[2024-11-23T03:11:22.163+0000] {processor.py:175} INFO - Processing /home/airflow/.local/lib/python3.7/site-packages/airflow/example_dags/example_dag_decorator.py took 0.105 seconds
[2024-11-23T03:11:52.382+0000] {processor.py:153} INFO - Started process (PID=999) to work on /home/airflow/.local/lib/python3.7/site-packages/airflow/example_dags/example_dag_decorator.py
[2024-11-23T03:11:52.383+0000] {processor.py:743} INFO - Processing file /home/airflow/.local/lib/python3.7/site-packages/airflow/example_dags/example_dag_decorator.py for tasks to queue
[2024-11-23T03:11:52.384+0000] {logging_mixin.py:137} INFO - [2024-11-23T03:11:52.384+0000] {dagbag.py:538} INFO - Filling up the DagBag from /home/airflow/.local/lib/python3.7/site-packages/airflow/example_dags/example_dag_decorator.py
[2024-11-23T03:11:52.405+0000] {logging_mixin.py:137} INFO - [2024-11-23T03:11:52.405+0000] {taskmixin.py:205} WARNING - Dependency <Task(_PythonDecoratedOperator): prepare_email>, send_email already registered for DAG: example_dag_decorator
[2024-11-23T03:11:52.407+0000] {logging_mixin.py:137} INFO - [2024-11-23T03:11:52.407+0000] {taskmixin.py:205} WARNING - Dependency <Task(EmailOperator): send_email>, prepare_email already registered for DAG: example_dag_decorator
[2024-11-23T03:11:52.424+0000] {processor.py:753} INFO - DAG(s) dict_keys(['example_dag_decorator']) retrieved from /home/airflow/.local/lib/python3.7/site-packages/airflow/example_dags/example_dag_decorator.py
[2024-11-23T03:11:52.512+0000] {logging_mixin.py:137} INFO - [2024-11-23T03:11:52.512+0000] {dag.py:2690} INFO - Sync 1 DAGs
[2024-11-23T03:11:52.541+0000] {logging_mixin.py:137} INFO - [2024-11-23T03:11:52.540+0000] {dag.py:3441} INFO - Setting next_dagrun for example_dag_decorator to None, run_after=None
[2024-11-23T03:11:52.566+0000] {processor.py:175} INFO - Processing /home/airflow/.local/lib/python3.7/site-packages/airflow/example_dags/example_dag_decorator.py took 0.187 seconds
[2024-11-23T03:12:23.578+0000] {processor.py:153} INFO - Started process (PID=1084) to work on /home/airflow/.local/lib/python3.7/site-packages/airflow/example_dags/example_dag_decorator.py
[2024-11-23T03:12:23.579+0000] {processor.py:743} INFO - Processing file /home/airflow/.local/lib/python3.7/site-packages/airflow/example_dags/example_dag_decorator.py for tasks to queue
[2024-11-23T03:12:23.579+0000] {logging_mixin.py:137} INFO - [2024-11-23T03:12:23.579+0000] {dagbag.py:538} INFO - Filling up the DagBag from /home/airflow/.local/lib/python3.7/site-packages/airflow/example_dags/example_dag_decorator.py
[2024-11-23T03:12:23.592+0000] {logging_mixin.py:137} INFO - [2024-11-23T03:12:23.592+0000] {taskmixin.py:205} WARNING - Dependency <Task(_PythonDecoratedOperator): prepare_email>, send_email already registered for DAG: example_dag_decorator
[2024-11-23T03:12:23.592+0000] {logging_mixin.py:137} INFO - [2024-11-23T03:12:23.592+0000] {taskmixin.py:205} WARNING - Dependency <Task(EmailOperator): send_email>, prepare_email already registered for DAG: example_dag_decorator
[2024-11-23T03:12:23.601+0000] {processor.py:753} INFO - DAG(s) dict_keys(['example_dag_decorator']) retrieved from /home/airflow/.local/lib/python3.7/site-packages/airflow/example_dags/example_dag_decorator.py
[2024-11-23T03:12:23.648+0000] {logging_mixin.py:137} INFO - [2024-11-23T03:12:23.648+0000] {dag.py:2690} INFO - Sync 1 DAGs
[2024-11-23T03:12:23.666+0000] {logging_mixin.py:137} INFO - [2024-11-23T03:12:23.665+0000] {dag.py:3441} INFO - Setting next_dagrun for example_dag_decorator to None, run_after=None
[2024-11-23T03:12:23.679+0000] {processor.py:175} INFO - Processing /home/airflow/.local/lib/python3.7/site-packages/airflow/example_dags/example_dag_decorator.py took 0.103 seconds
[2024-11-23T03:12:54.142+0000] {processor.py:153} INFO - Started process (PID=1165) to work on /home/airflow/.local/lib/python3.7/site-packages/airflow/example_dags/example_dag_decorator.py
[2024-11-23T03:12:54.143+0000] {processor.py:743} INFO - Processing file /home/airflow/.local/lib/python3.7/site-packages/airflow/example_dags/example_dag_decorator.py for tasks to queue
[2024-11-23T03:12:54.144+0000] {logging_mixin.py:137} INFO - [2024-11-23T03:12:54.144+0000] {dagbag.py:538} INFO - Filling up the DagBag from /home/airflow/.local/lib/python3.7/site-packages/airflow/example_dags/example_dag_decorator.py
[2024-11-23T03:12:54.158+0000] {logging_mixin.py:137} INFO - [2024-11-23T03:12:54.157+0000] {taskmixin.py:205} WARNING - Dependency <Task(_PythonDecoratedOperator): prepare_email>, send_email already registered for DAG: example_dag_decorator
[2024-11-23T03:12:54.158+0000] {logging_mixin.py:137} INFO - [2024-11-23T03:12:54.158+0000] {taskmixin.py:205} WARNING - Dependency <Task(EmailOperator): send_email>, prepare_email already registered for DAG: example_dag_decorator
[2024-11-23T03:12:54.169+0000] {processor.py:753} INFO - DAG(s) dict_keys(['example_dag_decorator']) retrieved from /home/airflow/.local/lib/python3.7/site-packages/airflow/example_dags/example_dag_decorator.py
[2024-11-23T03:12:54.219+0000] {logging_mixin.py:137} INFO - [2024-11-23T03:12:54.218+0000] {dag.py:2690} INFO - Sync 1 DAGs
[2024-11-23T03:12:54.235+0000] {logging_mixin.py:137} INFO - [2024-11-23T03:12:54.235+0000] {dag.py:3441} INFO - Setting next_dagrun for example_dag_decorator to None, run_after=None
[2024-11-23T03:12:54.249+0000] {processor.py:175} INFO - Processing /home/airflow/.local/lib/python3.7/site-packages/airflow/example_dags/example_dag_decorator.py took 0.109 seconds
[2024-11-23T03:13:24.355+0000] {processor.py:153} INFO - Started process (PID=1255) to work on /home/airflow/.local/lib/python3.7/site-packages/airflow/example_dags/example_dag_decorator.py
[2024-11-23T03:13:24.356+0000] {processor.py:743} INFO - Processing file /home/airflow/.local/lib/python3.7/site-packages/airflow/example_dags/example_dag_decorator.py for tasks to queue
[2024-11-23T03:13:24.357+0000] {logging_mixin.py:137} INFO - [2024-11-23T03:13:24.357+0000] {dagbag.py:538} INFO - Filling up the DagBag from /home/airflow/.local/lib/python3.7/site-packages/airflow/example_dags/example_dag_decorator.py
[2024-11-23T03:13:24.371+0000] {logging_mixin.py:137} INFO - [2024-11-23T03:13:24.371+0000] {taskmixin.py:205} WARNING - Dependency <Task(_PythonDecoratedOperator): prepare_email>, send_email already registered for DAG: example_dag_decorator
[2024-11-23T03:13:24.372+0000] {logging_mixin.py:137} INFO - [2024-11-23T03:13:24.372+0000] {taskmixin.py:205} WARNING - Dependency <Task(EmailOperator): send_email>, prepare_email already registered for DAG: example_dag_decorator
[2024-11-23T03:13:24.383+0000] {processor.py:753} INFO - DAG(s) dict_keys(['example_dag_decorator']) retrieved from /home/airflow/.local/lib/python3.7/site-packages/airflow/example_dags/example_dag_decorator.py
[2024-11-23T03:13:24.437+0000] {logging_mixin.py:137} INFO - [2024-11-23T03:13:24.437+0000] {dag.py:2690} INFO - Sync 1 DAGs
[2024-11-23T03:13:24.461+0000] {logging_mixin.py:137} INFO - [2024-11-23T03:13:24.460+0000] {dag.py:3441} INFO - Setting next_dagrun for example_dag_decorator to None, run_after=None
[2024-11-23T03:13:24.476+0000] {processor.py:175} INFO - Processing /home/airflow/.local/lib/python3.7/site-packages/airflow/example_dags/example_dag_decorator.py took 0.124 seconds
[2024-11-23T03:13:54.542+0000] {processor.py:153} INFO - Started process (PID=1329) to work on /home/airflow/.local/lib/python3.7/site-packages/airflow/example_dags/example_dag_decorator.py
[2024-11-23T03:13:54.543+0000] {processor.py:743} INFO - Processing file /home/airflow/.local/lib/python3.7/site-packages/airflow/example_dags/example_dag_decorator.py for tasks to queue
[2024-11-23T03:13:54.543+0000] {logging_mixin.py:137} INFO - [2024-11-23T03:13:54.543+0000] {dagbag.py:538} INFO - Filling up the DagBag from /home/airflow/.local/lib/python3.7/site-packages/airflow/example_dags/example_dag_decorator.py
[2024-11-23T03:13:54.557+0000] {logging_mixin.py:137} INFO - [2024-11-23T03:13:54.557+0000] {taskmixin.py:205} WARNING - Dependency <Task(_PythonDecoratedOperator): prepare_email>, send_email already registered for DAG: example_dag_decorator
[2024-11-23T03:13:54.558+0000] {logging_mixin.py:137} INFO - [2024-11-23T03:13:54.558+0000] {taskmixin.py:205} WARNING - Dependency <Task(EmailOperator): send_email>, prepare_email already registered for DAG: example_dag_decorator
[2024-11-23T03:13:54.567+0000] {processor.py:753} INFO - DAG(s) dict_keys(['example_dag_decorator']) retrieved from /home/airflow/.local/lib/python3.7/site-packages/airflow/example_dags/example_dag_decorator.py
[2024-11-23T03:13:54.612+0000] {logging_mixin.py:137} INFO - [2024-11-23T03:13:54.612+0000] {dag.py:2690} INFO - Sync 1 DAGs
[2024-11-23T03:13:54.627+0000] {logging_mixin.py:137} INFO - [2024-11-23T03:13:54.627+0000] {dag.py:3441} INFO - Setting next_dagrun for example_dag_decorator to None, run_after=None
[2024-11-23T03:13:54.638+0000] {processor.py:175} INFO - Processing /home/airflow/.local/lib/python3.7/site-packages/airflow/example_dags/example_dag_decorator.py took 0.100 seconds
[2024-11-23T03:14:24.918+0000] {processor.py:153} INFO - Started process (PID=1419) to work on /home/airflow/.local/lib/python3.7/site-packages/airflow/example_dags/example_dag_decorator.py
[2024-11-23T03:14:24.919+0000] {processor.py:743} INFO - Processing file /home/airflow/.local/lib/python3.7/site-packages/airflow/example_dags/example_dag_decorator.py for tasks to queue
[2024-11-23T03:14:24.919+0000] {logging_mixin.py:137} INFO - [2024-11-23T03:14:24.919+0000] {dagbag.py:538} INFO - Filling up the DagBag from /home/airflow/.local/lib/python3.7/site-packages/airflow/example_dags/example_dag_decorator.py
[2024-11-23T03:14:24.934+0000] {logging_mixin.py:137} INFO - [2024-11-23T03:14:24.933+0000] {taskmixin.py:205} WARNING - Dependency <Task(_PythonDecoratedOperator): prepare_email>, send_email already registered for DAG: example_dag_decorator
[2024-11-23T03:14:24.934+0000] {logging_mixin.py:137} INFO - [2024-11-23T03:14:24.934+0000] {taskmixin.py:205} WARNING - Dependency <Task(EmailOperator): send_email>, prepare_email already registered for DAG: example_dag_decorator
[2024-11-23T03:14:24.945+0000] {processor.py:753} INFO - DAG(s) dict_keys(['example_dag_decorator']) retrieved from /home/airflow/.local/lib/python3.7/site-packages/airflow/example_dags/example_dag_decorator.py
[2024-11-23T03:14:24.995+0000] {logging_mixin.py:137} INFO - [2024-11-23T03:14:24.994+0000] {dag.py:2690} INFO - Sync 1 DAGs
[2024-11-23T03:14:25.010+0000] {logging_mixin.py:137} INFO - [2024-11-23T03:14:25.010+0000] {dag.py:3441} INFO - Setting next_dagrun for example_dag_decorator to None, run_after=None
[2024-11-23T03:14:25.025+0000] {processor.py:175} INFO - Processing /home/airflow/.local/lib/python3.7/site-packages/airflow/example_dags/example_dag_decorator.py took 0.110 seconds
[2024-11-23T03:14:55.159+0000] {processor.py:153} INFO - Started process (PID=1493) to work on /home/airflow/.local/lib/python3.7/site-packages/airflow/example_dags/example_dag_decorator.py
[2024-11-23T03:14:55.159+0000] {processor.py:743} INFO - Processing file /home/airflow/.local/lib/python3.7/site-packages/airflow/example_dags/example_dag_decorator.py for tasks to queue
[2024-11-23T03:14:55.160+0000] {logging_mixin.py:137} INFO - [2024-11-23T03:14:55.160+0000] {dagbag.py:538} INFO - Filling up the DagBag from /home/airflow/.local/lib/python3.7/site-packages/airflow/example_dags/example_dag_decorator.py
[2024-11-23T03:14:55.173+0000] {logging_mixin.py:137} INFO - [2024-11-23T03:14:55.173+0000] {taskmixin.py:205} WARNING - Dependency <Task(_PythonDecoratedOperator): prepare_email>, send_email already registered for DAG: example_dag_decorator
[2024-11-23T03:14:55.173+0000] {logging_mixin.py:137} INFO - [2024-11-23T03:14:55.173+0000] {taskmixin.py:205} WARNING - Dependency <Task(EmailOperator): send_email>, prepare_email already registered for DAG: example_dag_decorator
[2024-11-23T03:14:55.183+0000] {processor.py:753} INFO - DAG(s) dict_keys(['example_dag_decorator']) retrieved from /home/airflow/.local/lib/python3.7/site-packages/airflow/example_dags/example_dag_decorator.py
[2024-11-23T03:14:55.230+0000] {logging_mixin.py:137} INFO - [2024-11-23T03:14:55.230+0000] {dag.py:2690} INFO - Sync 1 DAGs
[2024-11-23T03:14:55.246+0000] {logging_mixin.py:137} INFO - [2024-11-23T03:14:55.246+0000] {dag.py:3441} INFO - Setting next_dagrun for example_dag_decorator to None, run_after=None
[2024-11-23T03:14:55.258+0000] {processor.py:175} INFO - Processing /home/airflow/.local/lib/python3.7/site-packages/airflow/example_dags/example_dag_decorator.py took 0.102 seconds
[2024-11-23T03:15:26.073+0000] {processor.py:153} INFO - Started process (PID=1583) to work on /home/airflow/.local/lib/python3.7/site-packages/airflow/example_dags/example_dag_decorator.py
[2024-11-23T03:15:26.074+0000] {processor.py:743} INFO - Processing file /home/airflow/.local/lib/python3.7/site-packages/airflow/example_dags/example_dag_decorator.py for tasks to queue
[2024-11-23T03:15:26.074+0000] {logging_mixin.py:137} INFO - [2024-11-23T03:15:26.074+0000] {dagbag.py:538} INFO - Filling up the DagBag from /home/airflow/.local/lib/python3.7/site-packages/airflow/example_dags/example_dag_decorator.py
[2024-11-23T03:15:26.086+0000] {logging_mixin.py:137} INFO - [2024-11-23T03:15:26.086+0000] {taskmixin.py:205} WARNING - Dependency <Task(_PythonDecoratedOperator): prepare_email>, send_email already registered for DAG: example_dag_decorator
[2024-11-23T03:15:26.086+0000] {logging_mixin.py:137} INFO - [2024-11-23T03:15:26.086+0000] {taskmixin.py:205} WARNING - Dependency <Task(EmailOperator): send_email>, prepare_email already registered for DAG: example_dag_decorator
[2024-11-23T03:15:26.096+0000] {processor.py:753} INFO - DAG(s) dict_keys(['example_dag_decorator']) retrieved from /home/airflow/.local/lib/python3.7/site-packages/airflow/example_dags/example_dag_decorator.py
[2024-11-23T03:15:26.140+0000] {logging_mixin.py:137} INFO - [2024-11-23T03:15:26.140+0000] {dag.py:2690} INFO - Sync 1 DAGs
[2024-11-23T03:15:26.154+0000] {logging_mixin.py:137} INFO - [2024-11-23T03:15:26.154+0000] {dag.py:3441} INFO - Setting next_dagrun for example_dag_decorator to None, run_after=None
[2024-11-23T03:15:26.166+0000] {processor.py:175} INFO - Processing /home/airflow/.local/lib/python3.7/site-packages/airflow/example_dags/example_dag_decorator.py took 0.095 seconds
[2024-11-23T03:15:56.241+0000] {processor.py:153} INFO - Started process (PID=1657) to work on /home/airflow/.local/lib/python3.7/site-packages/airflow/example_dags/example_dag_decorator.py
[2024-11-23T03:15:56.244+0000] {processor.py:743} INFO - Processing file /home/airflow/.local/lib/python3.7/site-packages/airflow/example_dags/example_dag_decorator.py for tasks to queue
[2024-11-23T03:15:56.244+0000] {logging_mixin.py:137} INFO - [2024-11-23T03:15:56.244+0000] {dagbag.py:538} INFO - Filling up the DagBag from /home/airflow/.local/lib/python3.7/site-packages/airflow/example_dags/example_dag_decorator.py
[2024-11-23T03:15:56.256+0000] {logging_mixin.py:137} INFO - [2024-11-23T03:15:56.256+0000] {taskmixin.py:205} WARNING - Dependency <Task(_PythonDecoratedOperator): prepare_email>, send_email already registered for DAG: example_dag_decorator
[2024-11-23T03:15:56.257+0000] {logging_mixin.py:137} INFO - [2024-11-23T03:15:56.256+0000] {taskmixin.py:205} WARNING - Dependency <Task(EmailOperator): send_email>, prepare_email already registered for DAG: example_dag_decorator
[2024-11-23T03:15:56.271+0000] {processor.py:753} INFO - DAG(s) dict_keys(['example_dag_decorator']) retrieved from /home/airflow/.local/lib/python3.7/site-packages/airflow/example_dags/example_dag_decorator.py
[2024-11-23T03:15:56.340+0000] {logging_mixin.py:137} INFO - [2024-11-23T03:15:56.340+0000] {dag.py:2690} INFO - Sync 1 DAGs
[2024-11-23T03:15:56.357+0000] {logging_mixin.py:137} INFO - [2024-11-23T03:15:56.357+0000] {dag.py:3441} INFO - Setting next_dagrun for example_dag_decorator to None, run_after=None
[2024-11-23T03:15:56.372+0000] {processor.py:175} INFO - Processing /home/airflow/.local/lib/python3.7/site-packages/airflow/example_dags/example_dag_decorator.py took 0.133 seconds
[2024-11-23T03:16:27.371+0000] {processor.py:153} INFO - Started process (PID=1747) to work on /home/airflow/.local/lib/python3.7/site-packages/airflow/example_dags/example_dag_decorator.py
[2024-11-23T03:16:27.373+0000] {processor.py:743} INFO - Processing file /home/airflow/.local/lib/python3.7/site-packages/airflow/example_dags/example_dag_decorator.py for tasks to queue
[2024-11-23T03:16:27.373+0000] {logging_mixin.py:137} INFO - [2024-11-23T03:16:27.373+0000] {dagbag.py:538} INFO - Filling up the DagBag from /home/airflow/.local/lib/python3.7/site-packages/airflow/example_dags/example_dag_decorator.py
[2024-11-23T03:16:27.387+0000] {logging_mixin.py:137} INFO - [2024-11-23T03:16:27.387+0000] {taskmixin.py:205} WARNING - Dependency <Task(_PythonDecoratedOperator): prepare_email>, send_email already registered for DAG: example_dag_decorator
[2024-11-23T03:16:27.387+0000] {logging_mixin.py:137} INFO - [2024-11-23T03:16:27.387+0000] {taskmixin.py:205} WARNING - Dependency <Task(EmailOperator): send_email>, prepare_email already registered for DAG: example_dag_decorator
[2024-11-23T03:16:27.398+0000] {processor.py:753} INFO - DAG(s) dict_keys(['example_dag_decorator']) retrieved from /home/airflow/.local/lib/python3.7/site-packages/airflow/example_dags/example_dag_decorator.py
[2024-11-23T03:16:27.449+0000] {logging_mixin.py:137} INFO - [2024-11-23T03:16:27.449+0000] {dag.py:2690} INFO - Sync 1 DAGs
[2024-11-23T03:16:27.465+0000] {logging_mixin.py:137} INFO - [2024-11-23T03:16:27.465+0000] {dag.py:3441} INFO - Setting next_dagrun for example_dag_decorator to None, run_after=None
[2024-11-23T03:16:27.477+0000] {processor.py:175} INFO - Processing /home/airflow/.local/lib/python3.7/site-packages/airflow/example_dags/example_dag_decorator.py took 0.109 seconds
[2024-11-23T03:16:57.625+0000] {processor.py:153} INFO - Started process (PID=1837) to work on /home/airflow/.local/lib/python3.7/site-packages/airflow/example_dags/example_dag_decorator.py
[2024-11-23T03:16:57.627+0000] {processor.py:743} INFO - Processing file /home/airflow/.local/lib/python3.7/site-packages/airflow/example_dags/example_dag_decorator.py for tasks to queue
[2024-11-23T03:16:57.628+0000] {logging_mixin.py:137} INFO - [2024-11-23T03:16:57.628+0000] {dagbag.py:538} INFO - Filling up the DagBag from /home/airflow/.local/lib/python3.7/site-packages/airflow/example_dags/example_dag_decorator.py
[2024-11-23T03:16:57.645+0000] {logging_mixin.py:137} INFO - [2024-11-23T03:16:57.645+0000] {taskmixin.py:205} WARNING - Dependency <Task(_PythonDecoratedOperator): prepare_email>, send_email already registered for DAG: example_dag_decorator
[2024-11-23T03:16:57.645+0000] {logging_mixin.py:137} INFO - [2024-11-23T03:16:57.645+0000] {taskmixin.py:205} WARNING - Dependency <Task(EmailOperator): send_email>, prepare_email already registered for DAG: example_dag_decorator
[2024-11-23T03:16:57.657+0000] {processor.py:753} INFO - DAG(s) dict_keys(['example_dag_decorator']) retrieved from /home/airflow/.local/lib/python3.7/site-packages/airflow/example_dags/example_dag_decorator.py
[2024-11-23T03:16:57.710+0000] {logging_mixin.py:137} INFO - [2024-11-23T03:16:57.710+0000] {dag.py:2690} INFO - Sync 1 DAGs
[2024-11-23T03:16:57.728+0000] {logging_mixin.py:137} INFO - [2024-11-23T03:16:57.728+0000] {dag.py:3441} INFO - Setting next_dagrun for example_dag_decorator to None, run_after=None
[2024-11-23T03:16:57.746+0000] {processor.py:175} INFO - Processing /home/airflow/.local/lib/python3.7/site-packages/airflow/example_dags/example_dag_decorator.py took 0.125 seconds
[2024-11-23T03:17:27.789+0000] {processor.py:153} INFO - Started process (PID=1911) to work on /home/airflow/.local/lib/python3.7/site-packages/airflow/example_dags/example_dag_decorator.py
[2024-11-23T03:17:27.790+0000] {processor.py:743} INFO - Processing file /home/airflow/.local/lib/python3.7/site-packages/airflow/example_dags/example_dag_decorator.py for tasks to queue
[2024-11-23T03:17:27.791+0000] {logging_mixin.py:137} INFO - [2024-11-23T03:17:27.791+0000] {dagbag.py:538} INFO - Filling up the DagBag from /home/airflow/.local/lib/python3.7/site-packages/airflow/example_dags/example_dag_decorator.py
[2024-11-23T03:17:27.815+0000] {logging_mixin.py:137} INFO - [2024-11-23T03:17:27.815+0000] {taskmixin.py:205} WARNING - Dependency <Task(_PythonDecoratedOperator): prepare_email>, send_email already registered for DAG: example_dag_decorator
[2024-11-23T03:17:27.817+0000] {logging_mixin.py:137} INFO - [2024-11-23T03:17:27.816+0000] {taskmixin.py:205} WARNING - Dependency <Task(EmailOperator): send_email>, prepare_email already registered for DAG: example_dag_decorator
[2024-11-23T03:17:27.852+0000] {processor.py:753} INFO - DAG(s) dict_keys(['example_dag_decorator']) retrieved from /home/airflow/.local/lib/python3.7/site-packages/airflow/example_dags/example_dag_decorator.py
[2024-11-23T03:17:27.919+0000] {logging_mixin.py:137} INFO - [2024-11-23T03:17:27.919+0000] {dag.py:2690} INFO - Sync 1 DAGs
[2024-11-23T03:17:27.940+0000] {logging_mixin.py:137} INFO - [2024-11-23T03:17:27.940+0000] {dag.py:3441} INFO - Setting next_dagrun for example_dag_decorator to None, run_after=None
[2024-11-23T03:17:27.957+0000] {processor.py:175} INFO - Processing /home/airflow/.local/lib/python3.7/site-packages/airflow/example_dags/example_dag_decorator.py took 0.174 seconds
[2024-11-23T03:17:58.007+0000] {processor.py:153} INFO - Started process (PID=2000) to work on /home/airflow/.local/lib/python3.7/site-packages/airflow/example_dags/example_dag_decorator.py
[2024-11-23T03:17:58.008+0000] {processor.py:743} INFO - Processing file /home/airflow/.local/lib/python3.7/site-packages/airflow/example_dags/example_dag_decorator.py for tasks to queue
[2024-11-23T03:17:58.009+0000] {logging_mixin.py:137} INFO - [2024-11-23T03:17:58.009+0000] {dagbag.py:538} INFO - Filling up the DagBag from /home/airflow/.local/lib/python3.7/site-packages/airflow/example_dags/example_dag_decorator.py
[2024-11-23T03:17:58.028+0000] {logging_mixin.py:137} INFO - [2024-11-23T03:17:58.028+0000] {taskmixin.py:205} WARNING - Dependency <Task(_PythonDecoratedOperator): prepare_email>, send_email already registered for DAG: example_dag_decorator
[2024-11-23T03:17:58.029+0000] {logging_mixin.py:137} INFO - [2024-11-23T03:17:58.029+0000] {taskmixin.py:205} WARNING - Dependency <Task(EmailOperator): send_email>, prepare_email already registered for DAG: example_dag_decorator
[2024-11-23T03:17:58.043+0000] {processor.py:753} INFO - DAG(s) dict_keys(['example_dag_decorator']) retrieved from /home/airflow/.local/lib/python3.7/site-packages/airflow/example_dags/example_dag_decorator.py
[2024-11-23T03:17:58.103+0000] {logging_mixin.py:137} INFO - [2024-11-23T03:17:58.103+0000] {dag.py:2690} INFO - Sync 1 DAGs
[2024-11-23T03:17:58.121+0000] {logging_mixin.py:137} INFO - [2024-11-23T03:17:58.121+0000] {dag.py:3441} INFO - Setting next_dagrun for example_dag_decorator to None, run_after=None
[2024-11-23T03:17:58.136+0000] {processor.py:175} INFO - Processing /home/airflow/.local/lib/python3.7/site-packages/airflow/example_dags/example_dag_decorator.py took 0.134 seconds
[2024-11-23T03:18:28.360+0000] {processor.py:153} INFO - Started process (PID=2073) to work on /home/airflow/.local/lib/python3.7/site-packages/airflow/example_dags/example_dag_decorator.py
[2024-11-23T03:18:28.361+0000] {processor.py:743} INFO - Processing file /home/airflow/.local/lib/python3.7/site-packages/airflow/example_dags/example_dag_decorator.py for tasks to queue
[2024-11-23T03:18:28.362+0000] {logging_mixin.py:137} INFO - [2024-11-23T03:18:28.362+0000] {dagbag.py:538} INFO - Filling up the DagBag from /home/airflow/.local/lib/python3.7/site-packages/airflow/example_dags/example_dag_decorator.py
[2024-11-23T03:18:28.377+0000] {logging_mixin.py:137} INFO - [2024-11-23T03:18:28.377+0000] {taskmixin.py:205} WARNING - Dependency <Task(_PythonDecoratedOperator): prepare_email>, send_email already registered for DAG: example_dag_decorator
[2024-11-23T03:18:28.377+0000] {logging_mixin.py:137} INFO - [2024-11-23T03:18:28.377+0000] {taskmixin.py:205} WARNING - Dependency <Task(EmailOperator): send_email>, prepare_email already registered for DAG: example_dag_decorator
[2024-11-23T03:18:28.388+0000] {processor.py:753} INFO - DAG(s) dict_keys(['example_dag_decorator']) retrieved from /home/airflow/.local/lib/python3.7/site-packages/airflow/example_dags/example_dag_decorator.py
[2024-11-23T03:18:28.443+0000] {logging_mixin.py:137} INFO - [2024-11-23T03:18:28.443+0000] {dag.py:2690} INFO - Sync 1 DAGs
[2024-11-23T03:18:28.463+0000] {logging_mixin.py:137} INFO - [2024-11-23T03:18:28.463+0000] {dag.py:3441} INFO - Setting next_dagrun for example_dag_decorator to None, run_after=None
[2024-11-23T03:18:28.480+0000] {processor.py:175} INFO - Processing /home/airflow/.local/lib/python3.7/site-packages/airflow/example_dags/example_dag_decorator.py took 0.124 seconds
[2024-11-23T03:18:58.581+0000] {processor.py:153} INFO - Started process (PID=2163) to work on /home/airflow/.local/lib/python3.7/site-packages/airflow/example_dags/example_dag_decorator.py
[2024-11-23T03:18:58.583+0000] {processor.py:743} INFO - Processing file /home/airflow/.local/lib/python3.7/site-packages/airflow/example_dags/example_dag_decorator.py for tasks to queue
[2024-11-23T03:18:58.584+0000] {logging_mixin.py:137} INFO - [2024-11-23T03:18:58.584+0000] {dagbag.py:538} INFO - Filling up the DagBag from /home/airflow/.local/lib/python3.7/site-packages/airflow/example_dags/example_dag_decorator.py
[2024-11-23T03:18:58.597+0000] {logging_mixin.py:137} INFO - [2024-11-23T03:18:58.597+0000] {taskmixin.py:205} WARNING - Dependency <Task(_PythonDecoratedOperator): prepare_email>, send_email already registered for DAG: example_dag_decorator
[2024-11-23T03:18:58.597+0000] {logging_mixin.py:137} INFO - [2024-11-23T03:18:58.597+0000] {taskmixin.py:205} WARNING - Dependency <Task(EmailOperator): send_email>, prepare_email already registered for DAG: example_dag_decorator
[2024-11-23T03:18:58.606+0000] {processor.py:753} INFO - DAG(s) dict_keys(['example_dag_decorator']) retrieved from /home/airflow/.local/lib/python3.7/site-packages/airflow/example_dags/example_dag_decorator.py
[2024-11-23T03:18:58.651+0000] {logging_mixin.py:137} INFO - [2024-11-23T03:18:58.651+0000] {dag.py:2690} INFO - Sync 1 DAGs
[2024-11-23T03:18:58.666+0000] {logging_mixin.py:137} INFO - [2024-11-23T03:18:58.666+0000] {dag.py:3441} INFO - Setting next_dagrun for example_dag_decorator to None, run_after=None
[2024-11-23T03:18:58.678+0000] {processor.py:175} INFO - Processing /home/airflow/.local/lib/python3.7/site-packages/airflow/example_dags/example_dag_decorator.py took 0.101 seconds
[2024-11-23T03:19:28.946+0000] {processor.py:153} INFO - Started process (PID=2236) to work on /home/airflow/.local/lib/python3.7/site-packages/airflow/example_dags/example_dag_decorator.py
[2024-11-23T03:19:28.949+0000] {processor.py:743} INFO - Processing file /home/airflow/.local/lib/python3.7/site-packages/airflow/example_dags/example_dag_decorator.py for tasks to queue
[2024-11-23T03:19:28.950+0000] {logging_mixin.py:137} INFO - [2024-11-23T03:19:28.950+0000] {dagbag.py:538} INFO - Filling up the DagBag from /home/airflow/.local/lib/python3.7/site-packages/airflow/example_dags/example_dag_decorator.py
[2024-11-23T03:19:28.967+0000] {logging_mixin.py:137} INFO - [2024-11-23T03:19:28.967+0000] {taskmixin.py:205} WARNING - Dependency <Task(_PythonDecoratedOperator): prepare_email>, send_email already registered for DAG: example_dag_decorator
[2024-11-23T03:19:28.967+0000] {logging_mixin.py:137} INFO - [2024-11-23T03:19:28.967+0000] {taskmixin.py:205} WARNING - Dependency <Task(EmailOperator): send_email>, prepare_email already registered for DAG: example_dag_decorator
[2024-11-23T03:19:28.980+0000] {processor.py:753} INFO - DAG(s) dict_keys(['example_dag_decorator']) retrieved from /home/airflow/.local/lib/python3.7/site-packages/airflow/example_dags/example_dag_decorator.py
[2024-11-23T03:19:29.034+0000] {logging_mixin.py:137} INFO - [2024-11-23T03:19:29.033+0000] {dag.py:2690} INFO - Sync 1 DAGs
[2024-11-23T03:19:29.051+0000] {logging_mixin.py:137} INFO - [2024-11-23T03:19:29.051+0000] {dag.py:3441} INFO - Setting next_dagrun for example_dag_decorator to None, run_after=None
[2024-11-23T03:19:29.065+0000] {processor.py:175} INFO - Processing /home/airflow/.local/lib/python3.7/site-packages/airflow/example_dags/example_dag_decorator.py took 0.122 seconds
[2024-11-23T03:19:59.385+0000] {processor.py:153} INFO - Started process (PID=2326) to work on /home/airflow/.local/lib/python3.7/site-packages/airflow/example_dags/example_dag_decorator.py
[2024-11-23T03:19:59.386+0000] {processor.py:743} INFO - Processing file /home/airflow/.local/lib/python3.7/site-packages/airflow/example_dags/example_dag_decorator.py for tasks to queue
[2024-11-23T03:19:59.387+0000] {logging_mixin.py:137} INFO - [2024-11-23T03:19:59.387+0000] {dagbag.py:538} INFO - Filling up the DagBag from /home/airflow/.local/lib/python3.7/site-packages/airflow/example_dags/example_dag_decorator.py
[2024-11-23T03:19:59.400+0000] {logging_mixin.py:137} INFO - [2024-11-23T03:19:59.400+0000] {taskmixin.py:205} WARNING - Dependency <Task(_PythonDecoratedOperator): prepare_email>, send_email already registered for DAG: example_dag_decorator
[2024-11-23T03:19:59.400+0000] {logging_mixin.py:137} INFO - [2024-11-23T03:19:59.400+0000] {taskmixin.py:205} WARNING - Dependency <Task(EmailOperator): send_email>, prepare_email already registered for DAG: example_dag_decorator
[2024-11-23T03:19:59.415+0000] {processor.py:753} INFO - DAG(s) dict_keys(['example_dag_decorator']) retrieved from /home/airflow/.local/lib/python3.7/site-packages/airflow/example_dags/example_dag_decorator.py
[2024-11-23T03:19:59.494+0000] {logging_mixin.py:137} INFO - [2024-11-23T03:19:59.494+0000] {dag.py:2690} INFO - Sync 1 DAGs
[2024-11-23T03:19:59.512+0000] {logging_mixin.py:137} INFO - [2024-11-23T03:19:59.512+0000] {dag.py:3441} INFO - Setting next_dagrun for example_dag_decorator to None, run_after=None
[2024-11-23T03:19:59.526+0000] {processor.py:175} INFO - Processing /home/airflow/.local/lib/python3.7/site-packages/airflow/example_dags/example_dag_decorator.py took 0.143 seconds
