[2024-11-23T02:52:59.848+0000] {processor.py:153} INFO - Started process (PID=41) to work on /home/airflow/.local/lib/python3.7/site-packages/airflow/example_dags/example_latest_only_with_trigger.py
[2024-11-23T02:52:59.862+0000] {processor.py:743} INFO - Processing file /home/airflow/.local/lib/python3.7/site-packages/airflow/example_dags/example_latest_only_with_trigger.py for tasks to queue
[2024-11-23T02:52:59.864+0000] {logging_mixin.py:137} INFO - [2024-11-23T02:52:59.864+0000] {dagbag.py:538} INFO - Filling up the DagBag from /home/airflow/.local/lib/python3.7/site-packages/airflow/example_dags/example_latest_only_with_trigger.py
[2024-11-23T02:52:59.907+0000] {processor.py:753} INFO - DAG(s) dict_keys(['latest_only_with_trigger']) retrieved from /home/airflow/.local/lib/python3.7/site-packages/airflow/example_dags/example_latest_only_with_trigger.py
[2024-11-23T02:52:59.941+0000] {logging_mixin.py:137} INFO - [2024-11-23T02:52:59.940+0000] {dag.py:2690} INFO - Sync 1 DAGs
[2024-11-23T02:53:00.061+0000] {logging_mixin.py:137} INFO - [2024-11-23T02:53:00.060+0000] {dag.py:3441} INFO - Setting next_dagrun for latest_only_with_trigger to 2024-11-22T22:53:00.060596+00:00, run_after=2024-11-23T02:53:00.060596+00:00
[2024-11-23T02:53:00.087+0000] {processor.py:175} INFO - Processing /home/airflow/.local/lib/python3.7/site-packages/airflow/example_dags/example_latest_only_with_trigger.py took 0.329 seconds
[2024-11-23T02:53:30.773+0000] {processor.py:153} INFO - Started process (PID=131) to work on /home/airflow/.local/lib/python3.7/site-packages/airflow/example_dags/example_latest_only_with_trigger.py
[2024-11-23T02:53:30.774+0000] {processor.py:743} INFO - Processing file /home/airflow/.local/lib/python3.7/site-packages/airflow/example_dags/example_latest_only_with_trigger.py for tasks to queue
[2024-11-23T02:53:30.775+0000] {logging_mixin.py:137} INFO - [2024-11-23T02:53:30.775+0000] {dagbag.py:538} INFO - Filling up the DagBag from /home/airflow/.local/lib/python3.7/site-packages/airflow/example_dags/example_latest_only_with_trigger.py
[2024-11-23T02:53:30.788+0000] {processor.py:753} INFO - DAG(s) dict_keys(['latest_only_with_trigger']) retrieved from /home/airflow/.local/lib/python3.7/site-packages/airflow/example_dags/example_latest_only_with_trigger.py
[2024-11-23T02:53:30.810+0000] {logging_mixin.py:137} INFO - [2024-11-23T02:53:30.810+0000] {dag.py:2690} INFO - Sync 1 DAGs
[2024-11-23T02:53:30.834+0000] {logging_mixin.py:137} INFO - [2024-11-23T02:53:30.834+0000] {dag.py:3441} INFO - Setting next_dagrun for latest_only_with_trigger to 2024-11-22T22:53:30.834515+00:00, run_after=2024-11-23T02:53:30.834515+00:00
[2024-11-23T02:53:30.852+0000] {processor.py:175} INFO - Processing /home/airflow/.local/lib/python3.7/site-packages/airflow/example_dags/example_latest_only_with_trigger.py took 0.082 seconds
[2024-11-23T02:54:01.165+0000] {processor.py:153} INFO - Started process (PID=205) to work on /home/airflow/.local/lib/python3.7/site-packages/airflow/example_dags/example_latest_only_with_trigger.py
[2024-11-23T02:54:01.167+0000] {processor.py:743} INFO - Processing file /home/airflow/.local/lib/python3.7/site-packages/airflow/example_dags/example_latest_only_with_trigger.py for tasks to queue
[2024-11-23T02:54:01.168+0000] {logging_mixin.py:137} INFO - [2024-11-23T02:54:01.168+0000] {dagbag.py:538} INFO - Filling up the DagBag from /home/airflow/.local/lib/python3.7/site-packages/airflow/example_dags/example_latest_only_with_trigger.py
[2024-11-23T02:54:01.182+0000] {processor.py:753} INFO - DAG(s) dict_keys(['latest_only_with_trigger']) retrieved from /home/airflow/.local/lib/python3.7/site-packages/airflow/example_dags/example_latest_only_with_trigger.py
[2024-11-23T02:54:01.211+0000] {logging_mixin.py:137} INFO - [2024-11-23T02:54:01.210+0000] {dag.py:2690} INFO - Sync 1 DAGs
[2024-11-23T02:54:01.239+0000] {logging_mixin.py:137} INFO - [2024-11-23T02:54:01.239+0000] {dag.py:3441} INFO - Setting next_dagrun for latest_only_with_trigger to 2024-11-22T22:54:01.239065+00:00, run_after=2024-11-23T02:54:01.239065+00:00
[2024-11-23T02:54:01.261+0000] {processor.py:175} INFO - Processing /home/airflow/.local/lib/python3.7/site-packages/airflow/example_dags/example_latest_only_with_trigger.py took 0.099 seconds
[2024-11-23T02:54:31.314+0000] {processor.py:153} INFO - Started process (PID=295) to work on /home/airflow/.local/lib/python3.7/site-packages/airflow/example_dags/example_latest_only_with_trigger.py
[2024-11-23T02:54:31.317+0000] {processor.py:743} INFO - Processing file /home/airflow/.local/lib/python3.7/site-packages/airflow/example_dags/example_latest_only_with_trigger.py for tasks to queue
[2024-11-23T02:54:31.318+0000] {logging_mixin.py:137} INFO - [2024-11-23T02:54:31.318+0000] {dagbag.py:538} INFO - Filling up the DagBag from /home/airflow/.local/lib/python3.7/site-packages/airflow/example_dags/example_latest_only_with_trigger.py
[2024-11-23T02:54:31.342+0000] {processor.py:753} INFO - DAG(s) dict_keys(['latest_only_with_trigger']) retrieved from /home/airflow/.local/lib/python3.7/site-packages/airflow/example_dags/example_latest_only_with_trigger.py
[2024-11-23T02:54:31.384+0000] {logging_mixin.py:137} INFO - [2024-11-23T02:54:31.384+0000] {dag.py:2690} INFO - Sync 1 DAGs
[2024-11-23T02:54:31.486+0000] {logging_mixin.py:137} INFO - [2024-11-23T02:54:31.486+0000] {dag.py:3441} INFO - Setting next_dagrun for latest_only_with_trigger to 2024-11-22T22:54:31.485965+00:00, run_after=2024-11-23T02:54:31.485965+00:00
[2024-11-23T02:54:31.511+0000] {processor.py:175} INFO - Processing /home/airflow/.local/lib/python3.7/site-packages/airflow/example_dags/example_latest_only_with_trigger.py took 0.199 seconds
[2024-11-23T02:55:27.580+0000] {processor.py:153} INFO - Started process (PID=41) to work on /home/airflow/.local/lib/python3.7/site-packages/airflow/example_dags/example_latest_only_with_trigger.py
[2024-11-23T02:55:27.581+0000] {processor.py:743} INFO - Processing file /home/airflow/.local/lib/python3.7/site-packages/airflow/example_dags/example_latest_only_with_trigger.py for tasks to queue
[2024-11-23T02:55:27.583+0000] {logging_mixin.py:137} INFO - [2024-11-23T02:55:27.583+0000] {dagbag.py:538} INFO - Filling up the DagBag from /home/airflow/.local/lib/python3.7/site-packages/airflow/example_dags/example_latest_only_with_trigger.py
[2024-11-23T02:55:27.598+0000] {processor.py:753} INFO - DAG(s) dict_keys(['latest_only_with_trigger']) retrieved from /home/airflow/.local/lib/python3.7/site-packages/airflow/example_dags/example_latest_only_with_trigger.py
[2024-11-23T02:55:27.616+0000] {logging_mixin.py:137} INFO - [2024-11-23T02:55:27.616+0000] {dag.py:2690} INFO - Sync 1 DAGs
[2024-11-23T02:55:27.649+0000] {logging_mixin.py:137} INFO - [2024-11-23T02:55:27.649+0000] {dag.py:3441} INFO - Setting next_dagrun for latest_only_with_trigger to 2024-11-22T22:55:27.649005+00:00, run_after=2024-11-23T02:55:27.649005+00:00
[2024-11-23T02:55:27.678+0000] {processor.py:175} INFO - Processing /home/airflow/.local/lib/python3.7/site-packages/airflow/example_dags/example_latest_only_with_trigger.py took 0.103 seconds
[2024-11-23T02:55:58.276+0000] {processor.py:153} INFO - Started process (PID=131) to work on /home/airflow/.local/lib/python3.7/site-packages/airflow/example_dags/example_latest_only_with_trigger.py
[2024-11-23T02:55:58.277+0000] {processor.py:743} INFO - Processing file /home/airflow/.local/lib/python3.7/site-packages/airflow/example_dags/example_latest_only_with_trigger.py for tasks to queue
[2024-11-23T02:55:58.278+0000] {logging_mixin.py:137} INFO - [2024-11-23T02:55:58.278+0000] {dagbag.py:538} INFO - Filling up the DagBag from /home/airflow/.local/lib/python3.7/site-packages/airflow/example_dags/example_latest_only_with_trigger.py
[2024-11-23T02:55:58.297+0000] {processor.py:753} INFO - DAG(s) dict_keys(['latest_only_with_trigger']) retrieved from /home/airflow/.local/lib/python3.7/site-packages/airflow/example_dags/example_latest_only_with_trigger.py
[2024-11-23T02:55:58.320+0000] {logging_mixin.py:137} INFO - [2024-11-23T02:55:58.320+0000] {dag.py:2690} INFO - Sync 1 DAGs
[2024-11-23T02:55:58.347+0000] {logging_mixin.py:137} INFO - [2024-11-23T02:55:58.347+0000] {dag.py:3441} INFO - Setting next_dagrun for latest_only_with_trigger to 2024-11-22T22:55:58.347136+00:00, run_after=2024-11-23T02:55:58.347136+00:00
[2024-11-23T02:55:58.368+0000] {processor.py:175} INFO - Processing /home/airflow/.local/lib/python3.7/site-packages/airflow/example_dags/example_latest_only_with_trigger.py took 0.095 seconds
[2024-11-23T02:56:28.586+0000] {processor.py:153} INFO - Started process (PID=205) to work on /home/airflow/.local/lib/python3.7/site-packages/airflow/example_dags/example_latest_only_with_trigger.py
[2024-11-23T02:56:28.587+0000] {processor.py:743} INFO - Processing file /home/airflow/.local/lib/python3.7/site-packages/airflow/example_dags/example_latest_only_with_trigger.py for tasks to queue
[2024-11-23T02:56:28.588+0000] {logging_mixin.py:137} INFO - [2024-11-23T02:56:28.587+0000] {dagbag.py:538} INFO - Filling up the DagBag from /home/airflow/.local/lib/python3.7/site-packages/airflow/example_dags/example_latest_only_with_trigger.py
[2024-11-23T02:56:28.602+0000] {processor.py:753} INFO - DAG(s) dict_keys(['latest_only_with_trigger']) retrieved from /home/airflow/.local/lib/python3.7/site-packages/airflow/example_dags/example_latest_only_with_trigger.py
[2024-11-23T02:56:28.625+0000] {logging_mixin.py:137} INFO - [2024-11-23T02:56:28.625+0000] {dag.py:2690} INFO - Sync 1 DAGs
[2024-11-23T02:56:28.650+0000] {logging_mixin.py:137} INFO - [2024-11-23T02:56:28.650+0000] {dag.py:3441} INFO - Setting next_dagrun for latest_only_with_trigger to 2024-11-22T22:56:28.650397+00:00, run_after=2024-11-23T02:56:28.650397+00:00
[2024-11-23T02:56:28.670+0000] {processor.py:175} INFO - Processing /home/airflow/.local/lib/python3.7/site-packages/airflow/example_dags/example_latest_only_with_trigger.py took 0.086 seconds
[2024-11-23T02:56:59.090+0000] {processor.py:153} INFO - Started process (PID=295) to work on /home/airflow/.local/lib/python3.7/site-packages/airflow/example_dags/example_latest_only_with_trigger.py
[2024-11-23T02:56:59.093+0000] {processor.py:743} INFO - Processing file /home/airflow/.local/lib/python3.7/site-packages/airflow/example_dags/example_latest_only_with_trigger.py for tasks to queue
[2024-11-23T02:56:59.094+0000] {logging_mixin.py:137} INFO - [2024-11-23T02:56:59.094+0000] {dagbag.py:538} INFO - Filling up the DagBag from /home/airflow/.local/lib/python3.7/site-packages/airflow/example_dags/example_latest_only_with_trigger.py
[2024-11-23T02:56:59.110+0000] {processor.py:753} INFO - DAG(s) dict_keys(['latest_only_with_trigger']) retrieved from /home/airflow/.local/lib/python3.7/site-packages/airflow/example_dags/example_latest_only_with_trigger.py
[2024-11-23T02:56:59.134+0000] {logging_mixin.py:137} INFO - [2024-11-23T02:56:59.134+0000] {dag.py:2690} INFO - Sync 1 DAGs
[2024-11-23T02:56:59.165+0000] {logging_mixin.py:137} INFO - [2024-11-23T02:56:59.165+0000] {dag.py:3441} INFO - Setting next_dagrun for latest_only_with_trigger to 2024-11-22T22:56:59.164855+00:00, run_after=2024-11-23T02:56:59.164855+00:00
[2024-11-23T02:56:59.200+0000] {processor.py:175} INFO - Processing /home/airflow/.local/lib/python3.7/site-packages/airflow/example_dags/example_latest_only_with_trigger.py took 0.113 seconds
[2024-11-23T02:57:29.928+0000] {processor.py:153} INFO - Started process (PID=369) to work on /home/airflow/.local/lib/python3.7/site-packages/airflow/example_dags/example_latest_only_with_trigger.py
[2024-11-23T02:57:29.930+0000] {processor.py:743} INFO - Processing file /home/airflow/.local/lib/python3.7/site-packages/airflow/example_dags/example_latest_only_with_trigger.py for tasks to queue
[2024-11-23T02:57:29.931+0000] {logging_mixin.py:137} INFO - [2024-11-23T02:57:29.931+0000] {dagbag.py:538} INFO - Filling up the DagBag from /home/airflow/.local/lib/python3.7/site-packages/airflow/example_dags/example_latest_only_with_trigger.py
[2024-11-23T02:57:29.942+0000] {processor.py:753} INFO - DAG(s) dict_keys(['latest_only_with_trigger']) retrieved from /home/airflow/.local/lib/python3.7/site-packages/airflow/example_dags/example_latest_only_with_trigger.py
[2024-11-23T02:57:29.966+0000] {logging_mixin.py:137} INFO - [2024-11-23T02:57:29.966+0000] {dag.py:2690} INFO - Sync 1 DAGs
[2024-11-23T02:57:29.991+0000] {logging_mixin.py:137} INFO - [2024-11-23T02:57:29.990+0000] {dag.py:3441} INFO - Setting next_dagrun for latest_only_with_trigger to 2024-11-22T22:57:29.990571+00:00, run_after=2024-11-23T02:57:29.990571+00:00
[2024-11-23T02:57:30.014+0000] {processor.py:175} INFO - Processing /home/airflow/.local/lib/python3.7/site-packages/airflow/example_dags/example_latest_only_with_trigger.py took 0.089 seconds
[2024-11-23T02:58:37.608+0000] {processor.py:153} INFO - Started process (PID=41) to work on /home/airflow/.local/lib/python3.7/site-packages/airflow/example_dags/example_latest_only_with_trigger.py
[2024-11-23T02:58:37.612+0000] {processor.py:743} INFO - Processing file /home/airflow/.local/lib/python3.7/site-packages/airflow/example_dags/example_latest_only_with_trigger.py for tasks to queue
[2024-11-23T02:58:37.614+0000] {logging_mixin.py:137} INFO - [2024-11-23T02:58:37.614+0000] {dagbag.py:538} INFO - Filling up the DagBag from /home/airflow/.local/lib/python3.7/site-packages/airflow/example_dags/example_latest_only_with_trigger.py
[2024-11-23T02:58:37.644+0000] {processor.py:753} INFO - DAG(s) dict_keys(['latest_only_with_trigger']) retrieved from /home/airflow/.local/lib/python3.7/site-packages/airflow/example_dags/example_latest_only_with_trigger.py
[2024-11-23T02:58:37.668+0000] {logging_mixin.py:137} INFO - [2024-11-23T02:58:37.668+0000] {dag.py:2690} INFO - Sync 1 DAGs
[2024-11-23T02:58:37.760+0000] {logging_mixin.py:137} INFO - [2024-11-23T02:58:37.760+0000] {dag.py:3441} INFO - Setting next_dagrun for latest_only_with_trigger to 2024-11-22T22:58:37.760099+00:00, run_after=2024-11-23T02:58:37.760099+00:00
[2024-11-23T02:58:37.818+0000] {processor.py:175} INFO - Processing /home/airflow/.local/lib/python3.7/site-packages/airflow/example_dags/example_latest_only_with_trigger.py took 0.216 seconds
[2024-11-23T02:59:08.334+0000] {processor.py:153} INFO - Started process (PID=130) to work on /home/airflow/.local/lib/python3.7/site-packages/airflow/example_dags/example_latest_only_with_trigger.py
[2024-11-23T02:59:08.335+0000] {processor.py:743} INFO - Processing file /home/airflow/.local/lib/python3.7/site-packages/airflow/example_dags/example_latest_only_with_trigger.py for tasks to queue
[2024-11-23T02:59:08.336+0000] {logging_mixin.py:137} INFO - [2024-11-23T02:59:08.336+0000] {dagbag.py:538} INFO - Filling up the DagBag from /home/airflow/.local/lib/python3.7/site-packages/airflow/example_dags/example_latest_only_with_trigger.py
[2024-11-23T02:59:08.351+0000] {processor.py:753} INFO - DAG(s) dict_keys(['latest_only_with_trigger']) retrieved from /home/airflow/.local/lib/python3.7/site-packages/airflow/example_dags/example_latest_only_with_trigger.py
[2024-11-23T02:59:08.389+0000] {logging_mixin.py:137} INFO - [2024-11-23T02:59:08.388+0000] {dag.py:2690} INFO - Sync 1 DAGs
[2024-11-23T02:59:08.416+0000] {logging_mixin.py:137} INFO - [2024-11-23T02:59:08.416+0000] {dag.py:3441} INFO - Setting next_dagrun for latest_only_with_trigger to 2024-11-22T22:59:08.416000+00:00, run_after=2024-11-23T02:59:08.416000+00:00
[2024-11-23T02:59:08.437+0000] {processor.py:175} INFO - Processing /home/airflow/.local/lib/python3.7/site-packages/airflow/example_dags/example_latest_only_with_trigger.py took 0.105 seconds
[2024-11-23T02:59:39.385+0000] {processor.py:153} INFO - Started process (PID=204) to work on /home/airflow/.local/lib/python3.7/site-packages/airflow/example_dags/example_latest_only_with_trigger.py
[2024-11-23T02:59:39.387+0000] {processor.py:743} INFO - Processing file /home/airflow/.local/lib/python3.7/site-packages/airflow/example_dags/example_latest_only_with_trigger.py for tasks to queue
[2024-11-23T02:59:39.389+0000] {logging_mixin.py:137} INFO - [2024-11-23T02:59:39.389+0000] {dagbag.py:538} INFO - Filling up the DagBag from /home/airflow/.local/lib/python3.7/site-packages/airflow/example_dags/example_latest_only_with_trigger.py
[2024-11-23T02:59:39.401+0000] {processor.py:753} INFO - DAG(s) dict_keys(['latest_only_with_trigger']) retrieved from /home/airflow/.local/lib/python3.7/site-packages/airflow/example_dags/example_latest_only_with_trigger.py
[2024-11-23T02:59:39.422+0000] {logging_mixin.py:137} INFO - [2024-11-23T02:59:39.422+0000] {dag.py:2690} INFO - Sync 1 DAGs
[2024-11-23T02:59:39.447+0000] {logging_mixin.py:137} INFO - [2024-11-23T02:59:39.447+0000] {dag.py:3441} INFO - Setting next_dagrun for latest_only_with_trigger to 2024-11-22T22:59:39.447427+00:00, run_after=2024-11-23T02:59:39.447427+00:00
[2024-11-23T02:59:39.467+0000] {processor.py:175} INFO - Processing /home/airflow/.local/lib/python3.7/site-packages/airflow/example_dags/example_latest_only_with_trigger.py took 0.084 seconds
[2024-11-23T03:00:09.775+0000] {processor.py:153} INFO - Started process (PID=294) to work on /home/airflow/.local/lib/python3.7/site-packages/airflow/example_dags/example_latest_only_with_trigger.py
[2024-11-23T03:00:09.778+0000] {processor.py:743} INFO - Processing file /home/airflow/.local/lib/python3.7/site-packages/airflow/example_dags/example_latest_only_with_trigger.py for tasks to queue
[2024-11-23T03:00:09.779+0000] {logging_mixin.py:137} INFO - [2024-11-23T03:00:09.779+0000] {dagbag.py:538} INFO - Filling up the DagBag from /home/airflow/.local/lib/python3.7/site-packages/airflow/example_dags/example_latest_only_with_trigger.py
[2024-11-23T03:00:09.790+0000] {processor.py:753} INFO - DAG(s) dict_keys(['latest_only_with_trigger']) retrieved from /home/airflow/.local/lib/python3.7/site-packages/airflow/example_dags/example_latest_only_with_trigger.py
[2024-11-23T03:00:09.812+0000] {logging_mixin.py:137} INFO - [2024-11-23T03:00:09.812+0000] {dag.py:2690} INFO - Sync 1 DAGs
[2024-11-23T03:00:09.834+0000] {logging_mixin.py:137} INFO - [2024-11-23T03:00:09.834+0000] {dag.py:3441} INFO - Setting next_dagrun for latest_only_with_trigger to 2024-11-22T23:00:09.834451+00:00, run_after=2024-11-23T03:00:09.834451+00:00
[2024-11-23T03:00:09.853+0000] {processor.py:175} INFO - Processing /home/airflow/.local/lib/python3.7/site-packages/airflow/example_dags/example_latest_only_with_trigger.py took 0.080 seconds
[2024-11-23T03:00:40.195+0000] {processor.py:153} INFO - Started process (PID=368) to work on /home/airflow/.local/lib/python3.7/site-packages/airflow/example_dags/example_latest_only_with_trigger.py
[2024-11-23T03:00:40.196+0000] {processor.py:743} INFO - Processing file /home/airflow/.local/lib/python3.7/site-packages/airflow/example_dags/example_latest_only_with_trigger.py for tasks to queue
[2024-11-23T03:00:40.197+0000] {logging_mixin.py:137} INFO - [2024-11-23T03:00:40.197+0000] {dagbag.py:538} INFO - Filling up the DagBag from /home/airflow/.local/lib/python3.7/site-packages/airflow/example_dags/example_latest_only_with_trigger.py
[2024-11-23T03:00:40.211+0000] {processor.py:753} INFO - DAG(s) dict_keys(['latest_only_with_trigger']) retrieved from /home/airflow/.local/lib/python3.7/site-packages/airflow/example_dags/example_latest_only_with_trigger.py
[2024-11-23T03:00:40.236+0000] {logging_mixin.py:137} INFO - [2024-11-23T03:00:40.236+0000] {dag.py:2690} INFO - Sync 1 DAGs
[2024-11-23T03:00:40.262+0000] {logging_mixin.py:137} INFO - [2024-11-23T03:00:40.262+0000] {dag.py:3441} INFO - Setting next_dagrun for latest_only_with_trigger to 2024-11-22T23:00:40.261741+00:00, run_after=2024-11-23T03:00:40.261741+00:00
[2024-11-23T03:00:40.287+0000] {processor.py:175} INFO - Processing /home/airflow/.local/lib/python3.7/site-packages/airflow/example_dags/example_latest_only_with_trigger.py took 0.095 seconds
[2024-11-23T03:01:11.034+0000] {processor.py:153} INFO - Started process (PID=458) to work on /home/airflow/.local/lib/python3.7/site-packages/airflow/example_dags/example_latest_only_with_trigger.py
[2024-11-23T03:01:11.035+0000] {processor.py:743} INFO - Processing file /home/airflow/.local/lib/python3.7/site-packages/airflow/example_dags/example_latest_only_with_trigger.py for tasks to queue
[2024-11-23T03:01:11.036+0000] {logging_mixin.py:137} INFO - [2024-11-23T03:01:11.036+0000] {dagbag.py:538} INFO - Filling up the DagBag from /home/airflow/.local/lib/python3.7/site-packages/airflow/example_dags/example_latest_only_with_trigger.py
[2024-11-23T03:01:11.058+0000] {processor.py:753} INFO - DAG(s) dict_keys(['latest_only_with_trigger']) retrieved from /home/airflow/.local/lib/python3.7/site-packages/airflow/example_dags/example_latest_only_with_trigger.py
[2024-11-23T03:01:11.085+0000] {logging_mixin.py:137} INFO - [2024-11-23T03:01:11.085+0000] {dag.py:2690} INFO - Sync 1 DAGs
[2024-11-23T03:01:11.109+0000] {logging_mixin.py:137} INFO - [2024-11-23T03:01:11.109+0000] {dag.py:3441} INFO - Setting next_dagrun for latest_only_with_trigger to 2024-11-22T23:01:11.109326+00:00, run_after=2024-11-23T03:01:11.109326+00:00
[2024-11-23T03:01:11.129+0000] {processor.py:175} INFO - Processing /home/airflow/.local/lib/python3.7/site-packages/airflow/example_dags/example_latest_only_with_trigger.py took 0.098 seconds
[2024-11-23T03:01:41.301+0000] {processor.py:153} INFO - Started process (PID=548) to work on /home/airflow/.local/lib/python3.7/site-packages/airflow/example_dags/example_latest_only_with_trigger.py
[2024-11-23T03:01:41.302+0000] {processor.py:743} INFO - Processing file /home/airflow/.local/lib/python3.7/site-packages/airflow/example_dags/example_latest_only_with_trigger.py for tasks to queue
[2024-11-23T03:01:41.302+0000] {logging_mixin.py:137} INFO - [2024-11-23T03:01:41.302+0000] {dagbag.py:538} INFO - Filling up the DagBag from /home/airflow/.local/lib/python3.7/site-packages/airflow/example_dags/example_latest_only_with_trigger.py
[2024-11-23T03:01:41.312+0000] {processor.py:753} INFO - DAG(s) dict_keys(['latest_only_with_trigger']) retrieved from /home/airflow/.local/lib/python3.7/site-packages/airflow/example_dags/example_latest_only_with_trigger.py
[2024-11-23T03:01:41.333+0000] {logging_mixin.py:137} INFO - [2024-11-23T03:01:41.332+0000] {dag.py:2690} INFO - Sync 1 DAGs
[2024-11-23T03:01:41.362+0000] {logging_mixin.py:137} INFO - [2024-11-23T03:01:41.362+0000] {dag.py:3441} INFO - Setting next_dagrun for latest_only_with_trigger to 2024-11-22T23:01:41.362156+00:00, run_after=2024-11-23T03:01:41.362156+00:00
[2024-11-23T03:01:41.385+0000] {processor.py:175} INFO - Processing /home/airflow/.local/lib/python3.7/site-packages/airflow/example_dags/example_latest_only_with_trigger.py took 0.086 seconds
[2024-11-23T03:02:11.485+0000] {processor.py:153} INFO - Started process (PID=622) to work on /home/airflow/.local/lib/python3.7/site-packages/airflow/example_dags/example_latest_only_with_trigger.py
[2024-11-23T03:02:11.488+0000] {processor.py:743} INFO - Processing file /home/airflow/.local/lib/python3.7/site-packages/airflow/example_dags/example_latest_only_with_trigger.py for tasks to queue
[2024-11-23T03:02:11.489+0000] {logging_mixin.py:137} INFO - [2024-11-23T03:02:11.489+0000] {dagbag.py:538} INFO - Filling up the DagBag from /home/airflow/.local/lib/python3.7/site-packages/airflow/example_dags/example_latest_only_with_trigger.py
[2024-11-23T03:02:11.502+0000] {processor.py:753} INFO - DAG(s) dict_keys(['latest_only_with_trigger']) retrieved from /home/airflow/.local/lib/python3.7/site-packages/airflow/example_dags/example_latest_only_with_trigger.py
[2024-11-23T03:02:11.530+0000] {logging_mixin.py:137} INFO - [2024-11-23T03:02:11.530+0000] {dag.py:2690} INFO - Sync 1 DAGs
[2024-11-23T03:02:11.557+0000] {logging_mixin.py:137} INFO - [2024-11-23T03:02:11.557+0000] {dag.py:3441} INFO - Setting next_dagrun for latest_only_with_trigger to 2024-11-22T23:02:11.556750+00:00, run_after=2024-11-23T03:02:11.556750+00:00
[2024-11-23T03:02:11.584+0000] {processor.py:175} INFO - Processing /home/airflow/.local/lib/python3.7/site-packages/airflow/example_dags/example_latest_only_with_trigger.py took 0.101 seconds
[2024-11-23T03:03:05.239+0000] {processor.py:153} INFO - Started process (PID=40) to work on /home/airflow/.local/lib/python3.7/site-packages/airflow/example_dags/example_latest_only_with_trigger.py
[2024-11-23T03:03:05.240+0000] {processor.py:743} INFO - Processing file /home/airflow/.local/lib/python3.7/site-packages/airflow/example_dags/example_latest_only_with_trigger.py for tasks to queue
[2024-11-23T03:03:05.244+0000] {logging_mixin.py:137} INFO - [2024-11-23T03:03:05.244+0000] {dagbag.py:538} INFO - Filling up the DagBag from /home/airflow/.local/lib/python3.7/site-packages/airflow/example_dags/example_latest_only_with_trigger.py
[2024-11-23T03:03:05.272+0000] {processor.py:753} INFO - DAG(s) dict_keys(['latest_only_with_trigger']) retrieved from /home/airflow/.local/lib/python3.7/site-packages/airflow/example_dags/example_latest_only_with_trigger.py
[2024-11-23T03:03:05.286+0000] {logging_mixin.py:137} INFO - [2024-11-23T03:03:05.286+0000] {dag.py:2690} INFO - Sync 1 DAGs
[2024-11-23T03:03:05.316+0000] {logging_mixin.py:137} INFO - [2024-11-23T03:03:05.316+0000] {dag.py:3441} INFO - Setting next_dagrun for latest_only_with_trigger to 2024-11-22T23:03:05.315792+00:00, run_after=2024-11-23T03:03:05.315792+00:00
[2024-11-23T03:03:05.338+0000] {processor.py:175} INFO - Processing /home/airflow/.local/lib/python3.7/site-packages/airflow/example_dags/example_latest_only_with_trigger.py took 0.103 seconds
[2024-11-23T03:03:35.722+0000] {processor.py:153} INFO - Started process (PID=130) to work on /home/airflow/.local/lib/python3.7/site-packages/airflow/example_dags/example_latest_only_with_trigger.py
[2024-11-23T03:03:35.723+0000] {processor.py:743} INFO - Processing file /home/airflow/.local/lib/python3.7/site-packages/airflow/example_dags/example_latest_only_with_trigger.py for tasks to queue
[2024-11-23T03:03:35.725+0000] {logging_mixin.py:137} INFO - [2024-11-23T03:03:35.725+0000] {dagbag.py:538} INFO - Filling up the DagBag from /home/airflow/.local/lib/python3.7/site-packages/airflow/example_dags/example_latest_only_with_trigger.py
[2024-11-23T03:03:35.744+0000] {processor.py:753} INFO - DAG(s) dict_keys(['latest_only_with_trigger']) retrieved from /home/airflow/.local/lib/python3.7/site-packages/airflow/example_dags/example_latest_only_with_trigger.py
[2024-11-23T03:03:35.775+0000] {logging_mixin.py:137} INFO - [2024-11-23T03:03:35.775+0000] {dag.py:2690} INFO - Sync 1 DAGs
[2024-11-23T03:03:35.801+0000] {logging_mixin.py:137} INFO - [2024-11-23T03:03:35.800+0000] {dag.py:3441} INFO - Setting next_dagrun for latest_only_with_trigger to 2024-11-22T23:03:35.799521+00:00, run_after=2024-11-23T03:03:35.799521+00:00
[2024-11-23T03:03:35.829+0000] {processor.py:175} INFO - Processing /home/airflow/.local/lib/python3.7/site-packages/airflow/example_dags/example_latest_only_with_trigger.py took 0.111 seconds
[2024-11-23T03:06:12.868+0000] {processor.py:153} INFO - Started process (PID=49) to work on /home/airflow/.local/lib/python3.7/site-packages/airflow/example_dags/example_latest_only_with_trigger.py
[2024-11-23T03:06:12.875+0000] {processor.py:743} INFO - Processing file /home/airflow/.local/lib/python3.7/site-packages/airflow/example_dags/example_latest_only_with_trigger.py for tasks to queue
[2024-11-23T03:06:12.877+0000] {logging_mixin.py:137} INFO - [2024-11-23T03:06:12.876+0000] {dagbag.py:538} INFO - Filling up the DagBag from /home/airflow/.local/lib/python3.7/site-packages/airflow/example_dags/example_latest_only_with_trigger.py
[2024-11-23T03:06:12.922+0000] {processor.py:753} INFO - DAG(s) dict_keys(['latest_only_with_trigger']) retrieved from /home/airflow/.local/lib/python3.7/site-packages/airflow/example_dags/example_latest_only_with_trigger.py
[2024-11-23T03:06:12.945+0000] {logging_mixin.py:137} INFO - [2024-11-23T03:06:12.944+0000] {dag.py:2690} INFO - Sync 1 DAGs
[2024-11-23T03:06:12.991+0000] {logging_mixin.py:137} INFO - [2024-11-23T03:06:12.991+0000] {dag.py:3441} INFO - Setting next_dagrun for latest_only_with_trigger to 2024-11-22T23:06:12.991060+00:00, run_after=2024-11-23T03:06:12.991060+00:00
[2024-11-23T03:06:13.037+0000] {processor.py:175} INFO - Processing /home/airflow/.local/lib/python3.7/site-packages/airflow/example_dags/example_latest_only_with_trigger.py took 0.175 seconds
[2024-11-23T03:06:43.618+0000] {processor.py:153} INFO - Started process (PID=130) to work on /home/airflow/.local/lib/python3.7/site-packages/airflow/example_dags/example_latest_only_with_trigger.py
[2024-11-23T03:06:43.619+0000] {processor.py:743} INFO - Processing file /home/airflow/.local/lib/python3.7/site-packages/airflow/example_dags/example_latest_only_with_trigger.py for tasks to queue
[2024-11-23T03:06:43.620+0000] {logging_mixin.py:137} INFO - [2024-11-23T03:06:43.620+0000] {dagbag.py:538} INFO - Filling up the DagBag from /home/airflow/.local/lib/python3.7/site-packages/airflow/example_dags/example_latest_only_with_trigger.py
[2024-11-23T03:06:43.636+0000] {processor.py:753} INFO - DAG(s) dict_keys(['latest_only_with_trigger']) retrieved from /home/airflow/.local/lib/python3.7/site-packages/airflow/example_dags/example_latest_only_with_trigger.py
[2024-11-23T03:06:43.660+0000] {logging_mixin.py:137} INFO - [2024-11-23T03:06:43.660+0000] {dag.py:2690} INFO - Sync 1 DAGs
[2024-11-23T03:06:43.683+0000] {logging_mixin.py:137} INFO - [2024-11-23T03:06:43.682+0000] {dag.py:3441} INFO - Setting next_dagrun for latest_only_with_trigger to 2024-11-22T23:06:43.682606+00:00, run_after=2024-11-23T03:06:43.682606+00:00
[2024-11-23T03:06:43.705+0000] {processor.py:175} INFO - Processing /home/airflow/.local/lib/python3.7/site-packages/airflow/example_dags/example_latest_only_with_trigger.py took 0.089 seconds
[2024-11-23T03:07:14.433+0000] {processor.py:153} INFO - Started process (PID=204) to work on /home/airflow/.local/lib/python3.7/site-packages/airflow/example_dags/example_latest_only_with_trigger.py
[2024-11-23T03:07:14.435+0000] {processor.py:743} INFO - Processing file /home/airflow/.local/lib/python3.7/site-packages/airflow/example_dags/example_latest_only_with_trigger.py for tasks to queue
[2024-11-23T03:07:14.437+0000] {logging_mixin.py:137} INFO - [2024-11-23T03:07:14.436+0000] {dagbag.py:538} INFO - Filling up the DagBag from /home/airflow/.local/lib/python3.7/site-packages/airflow/example_dags/example_latest_only_with_trigger.py
[2024-11-23T03:07:14.450+0000] {processor.py:753} INFO - DAG(s) dict_keys(['latest_only_with_trigger']) retrieved from /home/airflow/.local/lib/python3.7/site-packages/airflow/example_dags/example_latest_only_with_trigger.py
[2024-11-23T03:07:14.475+0000] {logging_mixin.py:137} INFO - [2024-11-23T03:07:14.475+0000] {dag.py:2690} INFO - Sync 1 DAGs
[2024-11-23T03:07:14.502+0000] {logging_mixin.py:137} INFO - [2024-11-23T03:07:14.502+0000] {dag.py:3441} INFO - Setting next_dagrun for latest_only_with_trigger to 2024-11-22T23:07:14.501744+00:00, run_after=2024-11-23T03:07:14.501744+00:00
[2024-11-23T03:07:14.522+0000] {processor.py:175} INFO - Processing /home/airflow/.local/lib/python3.7/site-packages/airflow/example_dags/example_latest_only_with_trigger.py took 0.092 seconds
[2024-11-23T03:07:45.304+0000] {processor.py:153} INFO - Started process (PID=294) to work on /home/airflow/.local/lib/python3.7/site-packages/airflow/example_dags/example_latest_only_with_trigger.py
[2024-11-23T03:07:45.309+0000] {processor.py:743} INFO - Processing file /home/airflow/.local/lib/python3.7/site-packages/airflow/example_dags/example_latest_only_with_trigger.py for tasks to queue
[2024-11-23T03:07:45.310+0000] {logging_mixin.py:137} INFO - [2024-11-23T03:07:45.310+0000] {dagbag.py:538} INFO - Filling up the DagBag from /home/airflow/.local/lib/python3.7/site-packages/airflow/example_dags/example_latest_only_with_trigger.py
[2024-11-23T03:07:45.323+0000] {processor.py:753} INFO - DAG(s) dict_keys(['latest_only_with_trigger']) retrieved from /home/airflow/.local/lib/python3.7/site-packages/airflow/example_dags/example_latest_only_with_trigger.py
[2024-11-23T03:07:45.350+0000] {logging_mixin.py:137} INFO - [2024-11-23T03:07:45.350+0000] {dag.py:2690} INFO - Sync 1 DAGs
[2024-11-23T03:07:45.372+0000] {logging_mixin.py:137} INFO - [2024-11-23T03:07:45.372+0000] {dag.py:3441} INFO - Setting next_dagrun for latest_only_with_trigger to 2024-11-22T23:07:45.372526+00:00, run_after=2024-11-23T03:07:45.372526+00:00
[2024-11-23T03:07:45.396+0000] {processor.py:175} INFO - Processing /home/airflow/.local/lib/python3.7/site-packages/airflow/example_dags/example_latest_only_with_trigger.py took 0.095 seconds
[2024-11-23T03:08:15.632+0000] {processor.py:153} INFO - Started process (PID=384) to work on /home/airflow/.local/lib/python3.7/site-packages/airflow/example_dags/example_latest_only_with_trigger.py
[2024-11-23T03:08:15.633+0000] {processor.py:743} INFO - Processing file /home/airflow/.local/lib/python3.7/site-packages/airflow/example_dags/example_latest_only_with_trigger.py for tasks to queue
[2024-11-23T03:08:15.633+0000] {logging_mixin.py:137} INFO - [2024-11-23T03:08:15.633+0000] {dagbag.py:538} INFO - Filling up the DagBag from /home/airflow/.local/lib/python3.7/site-packages/airflow/example_dags/example_latest_only_with_trigger.py
[2024-11-23T03:08:15.645+0000] {processor.py:753} INFO - DAG(s) dict_keys(['latest_only_with_trigger']) retrieved from /home/airflow/.local/lib/python3.7/site-packages/airflow/example_dags/example_latest_only_with_trigger.py
[2024-11-23T03:08:15.674+0000] {logging_mixin.py:137} INFO - [2024-11-23T03:08:15.674+0000] {dag.py:2690} INFO - Sync 1 DAGs
[2024-11-23T03:08:15.696+0000] {logging_mixin.py:137} INFO - [2024-11-23T03:08:15.696+0000] {dag.py:3441} INFO - Setting next_dagrun for latest_only_with_trigger to 2024-11-22T23:08:15.696065+00:00, run_after=2024-11-23T03:08:15.696065+00:00
[2024-11-23T03:08:15.716+0000] {processor.py:175} INFO - Processing /home/airflow/.local/lib/python3.7/site-packages/airflow/example_dags/example_latest_only_with_trigger.py took 0.088 seconds
[2024-11-23T03:08:45.882+0000] {processor.py:153} INFO - Started process (PID=457) to work on /home/airflow/.local/lib/python3.7/site-packages/airflow/example_dags/example_latest_only_with_trigger.py
[2024-11-23T03:08:45.884+0000] {processor.py:743} INFO - Processing file /home/airflow/.local/lib/python3.7/site-packages/airflow/example_dags/example_latest_only_with_trigger.py for tasks to queue
[2024-11-23T03:08:45.886+0000] {logging_mixin.py:137} INFO - [2024-11-23T03:08:45.885+0000] {dagbag.py:538} INFO - Filling up the DagBag from /home/airflow/.local/lib/python3.7/site-packages/airflow/example_dags/example_latest_only_with_trigger.py
[2024-11-23T03:08:45.901+0000] {processor.py:753} INFO - DAG(s) dict_keys(['latest_only_with_trigger']) retrieved from /home/airflow/.local/lib/python3.7/site-packages/airflow/example_dags/example_latest_only_with_trigger.py
[2024-11-23T03:08:45.926+0000] {logging_mixin.py:137} INFO - [2024-11-23T03:08:45.926+0000] {dag.py:2690} INFO - Sync 1 DAGs
[2024-11-23T03:08:45.950+0000] {logging_mixin.py:137} INFO - [2024-11-23T03:08:45.950+0000] {dag.py:3441} INFO - Setting next_dagrun for latest_only_with_trigger to 2024-11-22T23:08:45.950383+00:00, run_after=2024-11-23T03:08:45.950383+00:00
[2024-11-23T03:08:45.971+0000] {processor.py:175} INFO - Processing /home/airflow/.local/lib/python3.7/site-packages/airflow/example_dags/example_latest_only_with_trigger.py took 0.093 seconds
[2024-11-23T03:09:17.029+0000] {processor.py:153} INFO - Started process (PID=547) to work on /home/airflow/.local/lib/python3.7/site-packages/airflow/example_dags/example_latest_only_with_trigger.py
[2024-11-23T03:09:17.030+0000] {processor.py:743} INFO - Processing file /home/airflow/.local/lib/python3.7/site-packages/airflow/example_dags/example_latest_only_with_trigger.py for tasks to queue
[2024-11-23T03:09:17.032+0000] {logging_mixin.py:137} INFO - [2024-11-23T03:09:17.032+0000] {dagbag.py:538} INFO - Filling up the DagBag from /home/airflow/.local/lib/python3.7/site-packages/airflow/example_dags/example_latest_only_with_trigger.py
[2024-11-23T03:09:17.045+0000] {processor.py:753} INFO - DAG(s) dict_keys(['latest_only_with_trigger']) retrieved from /home/airflow/.local/lib/python3.7/site-packages/airflow/example_dags/example_latest_only_with_trigger.py
[2024-11-23T03:09:17.070+0000] {logging_mixin.py:137} INFO - [2024-11-23T03:09:17.070+0000] {dag.py:2690} INFO - Sync 1 DAGs
[2024-11-23T03:09:17.089+0000] {logging_mixin.py:137} INFO - [2024-11-23T03:09:17.089+0000] {dag.py:3441} INFO - Setting next_dagrun for latest_only_with_trigger to 2024-11-22T23:09:17.089494+00:00, run_after=2024-11-23T03:09:17.089494+00:00
[2024-11-23T03:09:17.106+0000] {processor.py:175} INFO - Processing /home/airflow/.local/lib/python3.7/site-packages/airflow/example_dags/example_latest_only_with_trigger.py took 0.080 seconds
[2024-11-23T03:09:47.276+0000] {processor.py:153} INFO - Started process (PID=621) to work on /home/airflow/.local/lib/python3.7/site-packages/airflow/example_dags/example_latest_only_with_trigger.py
[2024-11-23T03:09:47.278+0000] {processor.py:743} INFO - Processing file /home/airflow/.local/lib/python3.7/site-packages/airflow/example_dags/example_latest_only_with_trigger.py for tasks to queue
[2024-11-23T03:09:47.279+0000] {logging_mixin.py:137} INFO - [2024-11-23T03:09:47.279+0000] {dagbag.py:538} INFO - Filling up the DagBag from /home/airflow/.local/lib/python3.7/site-packages/airflow/example_dags/example_latest_only_with_trigger.py
[2024-11-23T03:09:47.290+0000] {processor.py:753} INFO - DAG(s) dict_keys(['latest_only_with_trigger']) retrieved from /home/airflow/.local/lib/python3.7/site-packages/airflow/example_dags/example_latest_only_with_trigger.py
[2024-11-23T03:09:47.311+0000] {logging_mixin.py:137} INFO - [2024-11-23T03:09:47.311+0000] {dag.py:2690} INFO - Sync 1 DAGs
[2024-11-23T03:09:47.331+0000] {logging_mixin.py:137} INFO - [2024-11-23T03:09:47.331+0000] {dag.py:3441} INFO - Setting next_dagrun for latest_only_with_trigger to 2024-11-22T23:09:47.330976+00:00, run_after=2024-11-23T03:09:47.330976+00:00
[2024-11-23T03:09:47.342+0000] {processor.py:175} INFO - Processing /home/airflow/.local/lib/python3.7/site-packages/airflow/example_dags/example_latest_only_with_trigger.py took 0.068 seconds
[2024-11-23T03:10:17.526+0000] {processor.py:153} INFO - Started process (PID=710) to work on /home/airflow/.local/lib/python3.7/site-packages/airflow/example_dags/example_latest_only_with_trigger.py
[2024-11-23T03:10:17.527+0000] {processor.py:743} INFO - Processing file /home/airflow/.local/lib/python3.7/site-packages/airflow/example_dags/example_latest_only_with_trigger.py for tasks to queue
[2024-11-23T03:10:17.528+0000] {logging_mixin.py:137} INFO - [2024-11-23T03:10:17.528+0000] {dagbag.py:538} INFO - Filling up the DagBag from /home/airflow/.local/lib/python3.7/site-packages/airflow/example_dags/example_latest_only_with_trigger.py
[2024-11-23T03:10:17.538+0000] {processor.py:753} INFO - DAG(s) dict_keys(['latest_only_with_trigger']) retrieved from /home/airflow/.local/lib/python3.7/site-packages/airflow/example_dags/example_latest_only_with_trigger.py
[2024-11-23T03:10:17.561+0000] {logging_mixin.py:137} INFO - [2024-11-23T03:10:17.560+0000] {dag.py:2690} INFO - Sync 1 DAGs
[2024-11-23T03:10:17.579+0000] {logging_mixin.py:137} INFO - [2024-11-23T03:10:17.579+0000] {dag.py:3441} INFO - Setting next_dagrun for latest_only_with_trigger to 2024-11-22T23:10:17.579043+00:00, run_after=2024-11-23T03:10:17.579043+00:00
[2024-11-23T03:10:17.594+0000] {processor.py:175} INFO - Processing /home/airflow/.local/lib/python3.7/site-packages/airflow/example_dags/example_latest_only_with_trigger.py took 0.070 seconds
[2024-11-23T03:10:48.593+0000] {processor.py:153} INFO - Started process (PID=793) to work on /home/airflow/.local/lib/python3.7/site-packages/airflow/example_dags/example_latest_only_with_trigger.py
[2024-11-23T03:10:48.593+0000] {processor.py:743} INFO - Processing file /home/airflow/.local/lib/python3.7/site-packages/airflow/example_dags/example_latest_only_with_trigger.py for tasks to queue
[2024-11-23T03:10:48.594+0000] {logging_mixin.py:137} INFO - [2024-11-23T03:10:48.594+0000] {dagbag.py:538} INFO - Filling up the DagBag from /home/airflow/.local/lib/python3.7/site-packages/airflow/example_dags/example_latest_only_with_trigger.py
[2024-11-23T03:10:48.611+0000] {processor.py:753} INFO - DAG(s) dict_keys(['latest_only_with_trigger']) retrieved from /home/airflow/.local/lib/python3.7/site-packages/airflow/example_dags/example_latest_only_with_trigger.py
[2024-11-23T03:10:48.641+0000] {logging_mixin.py:137} INFO - [2024-11-23T03:10:48.640+0000] {dag.py:2690} INFO - Sync 1 DAGs
[2024-11-23T03:10:48.668+0000] {logging_mixin.py:137} INFO - [2024-11-23T03:10:48.667+0000] {dag.py:3441} INFO - Setting next_dagrun for latest_only_with_trigger to 2024-11-22T23:10:48.667543+00:00, run_after=2024-11-23T03:10:48.667543+00:00
[2024-11-23T03:10:48.759+0000] {processor.py:175} INFO - Processing /home/airflow/.local/lib/python3.7/site-packages/airflow/example_dags/example_latest_only_with_trigger.py took 0.169 seconds
[2024-11-23T03:11:19.259+0000] {processor.py:153} INFO - Started process (PID=874) to work on /home/airflow/.local/lib/python3.7/site-packages/airflow/example_dags/example_latest_only_with_trigger.py
[2024-11-23T03:11:19.267+0000] {processor.py:743} INFO - Processing file /home/airflow/.local/lib/python3.7/site-packages/airflow/example_dags/example_latest_only_with_trigger.py for tasks to queue
[2024-11-23T03:11:19.271+0000] {logging_mixin.py:137} INFO - [2024-11-23T03:11:19.271+0000] {dagbag.py:538} INFO - Filling up the DagBag from /home/airflow/.local/lib/python3.7/site-packages/airflow/example_dags/example_latest_only_with_trigger.py
[2024-11-23T03:11:19.287+0000] {processor.py:753} INFO - DAG(s) dict_keys(['latest_only_with_trigger']) retrieved from /home/airflow/.local/lib/python3.7/site-packages/airflow/example_dags/example_latest_only_with_trigger.py
[2024-11-23T03:11:19.309+0000] {logging_mixin.py:137} INFO - [2024-11-23T03:11:19.309+0000] {dag.py:2690} INFO - Sync 1 DAGs
[2024-11-23T03:11:19.330+0000] {logging_mixin.py:137} INFO - [2024-11-23T03:11:19.330+0000] {dag.py:3441} INFO - Setting next_dagrun for latest_only_with_trigger to 2024-11-22T23:11:19.330155+00:00, run_after=2024-11-23T03:11:19.330155+00:00
[2024-11-23T03:11:19.351+0000] {processor.py:175} INFO - Processing /home/airflow/.local/lib/python3.7/site-packages/airflow/example_dags/example_latest_only_with_trigger.py took 0.095 seconds
[2024-11-23T03:11:49.527+0000] {processor.py:153} INFO - Started process (PID=964) to work on /home/airflow/.local/lib/python3.7/site-packages/airflow/example_dags/example_latest_only_with_trigger.py
[2024-11-23T03:11:49.529+0000] {processor.py:743} INFO - Processing file /home/airflow/.local/lib/python3.7/site-packages/airflow/example_dags/example_latest_only_with_trigger.py for tasks to queue
[2024-11-23T03:11:49.530+0000] {logging_mixin.py:137} INFO - [2024-11-23T03:11:49.530+0000] {dagbag.py:538} INFO - Filling up the DagBag from /home/airflow/.local/lib/python3.7/site-packages/airflow/example_dags/example_latest_only_with_trigger.py
[2024-11-23T03:11:49.546+0000] {processor.py:753} INFO - DAG(s) dict_keys(['latest_only_with_trigger']) retrieved from /home/airflow/.local/lib/python3.7/site-packages/airflow/example_dags/example_latest_only_with_trigger.py
[2024-11-23T03:11:49.570+0000] {logging_mixin.py:137} INFO - [2024-11-23T03:11:49.570+0000] {dag.py:2690} INFO - Sync 1 DAGs
[2024-11-23T03:11:49.588+0000] {logging_mixin.py:137} INFO - [2024-11-23T03:11:49.588+0000] {dag.py:3441} INFO - Setting next_dagrun for latest_only_with_trigger to 2024-11-22T23:11:49.588556+00:00, run_after=2024-11-23T03:11:49.588556+00:00
[2024-11-23T03:11:49.608+0000] {processor.py:175} INFO - Processing /home/airflow/.local/lib/python3.7/site-packages/airflow/example_dags/example_latest_only_with_trigger.py took 0.083 seconds
[2024-11-23T03:12:19.830+0000] {processor.py:153} INFO - Started process (PID=1038) to work on /home/airflow/.local/lib/python3.7/site-packages/airflow/example_dags/example_latest_only_with_trigger.py
[2024-11-23T03:12:19.832+0000] {processor.py:743} INFO - Processing file /home/airflow/.local/lib/python3.7/site-packages/airflow/example_dags/example_latest_only_with_trigger.py for tasks to queue
[2024-11-23T03:12:19.835+0000] {logging_mixin.py:137} INFO - [2024-11-23T03:12:19.835+0000] {dagbag.py:538} INFO - Filling up the DagBag from /home/airflow/.local/lib/python3.7/site-packages/airflow/example_dags/example_latest_only_with_trigger.py
[2024-11-23T03:12:19.847+0000] {processor.py:753} INFO - DAG(s) dict_keys(['latest_only_with_trigger']) retrieved from /home/airflow/.local/lib/python3.7/site-packages/airflow/example_dags/example_latest_only_with_trigger.py
[2024-11-23T03:12:19.866+0000] {logging_mixin.py:137} INFO - [2024-11-23T03:12:19.866+0000] {dag.py:2690} INFO - Sync 1 DAGs
[2024-11-23T03:12:19.886+0000] {logging_mixin.py:137} INFO - [2024-11-23T03:12:19.886+0000] {dag.py:3441} INFO - Setting next_dagrun for latest_only_with_trigger to 2024-11-22T23:12:19.886503+00:00, run_after=2024-11-23T03:12:19.886503+00:00
[2024-11-23T03:12:19.905+0000] {processor.py:175} INFO - Processing /home/airflow/.local/lib/python3.7/site-packages/airflow/example_dags/example_latest_only_with_trigger.py took 0.078 seconds
[2024-11-23T03:12:49.917+0000] {processor.py:153} INFO - Started process (PID=1127) to work on /home/airflow/.local/lib/python3.7/site-packages/airflow/example_dags/example_latest_only_with_trigger.py
[2024-11-23T03:12:49.919+0000] {processor.py:743} INFO - Processing file /home/airflow/.local/lib/python3.7/site-packages/airflow/example_dags/example_latest_only_with_trigger.py for tasks to queue
[2024-11-23T03:12:49.920+0000] {logging_mixin.py:137} INFO - [2024-11-23T03:12:49.920+0000] {dagbag.py:538} INFO - Filling up the DagBag from /home/airflow/.local/lib/python3.7/site-packages/airflow/example_dags/example_latest_only_with_trigger.py
[2024-11-23T03:12:49.936+0000] {processor.py:753} INFO - DAG(s) dict_keys(['latest_only_with_trigger']) retrieved from /home/airflow/.local/lib/python3.7/site-packages/airflow/example_dags/example_latest_only_with_trigger.py
[2024-11-23T03:12:49.959+0000] {logging_mixin.py:137} INFO - [2024-11-23T03:12:49.959+0000] {dag.py:2690} INFO - Sync 1 DAGs
[2024-11-23T03:12:49.984+0000] {logging_mixin.py:137} INFO - [2024-11-23T03:12:49.983+0000] {dag.py:3441} INFO - Setting next_dagrun for latest_only_with_trigger to 2024-11-22T23:12:49.983517+00:00, run_after=2024-11-23T03:12:49.983517+00:00
[2024-11-23T03:12:49.999+0000] {processor.py:175} INFO - Processing /home/airflow/.local/lib/python3.7/site-packages/airflow/example_dags/example_latest_only_with_trigger.py took 0.084 seconds
[2024-11-23T03:13:20.481+0000] {processor.py:153} INFO - Started process (PID=1202) to work on /home/airflow/.local/lib/python3.7/site-packages/airflow/example_dags/example_latest_only_with_trigger.py
[2024-11-23T03:13:20.482+0000] {processor.py:743} INFO - Processing file /home/airflow/.local/lib/python3.7/site-packages/airflow/example_dags/example_latest_only_with_trigger.py for tasks to queue
[2024-11-23T03:13:20.483+0000] {logging_mixin.py:137} INFO - [2024-11-23T03:13:20.483+0000] {dagbag.py:538} INFO - Filling up the DagBag from /home/airflow/.local/lib/python3.7/site-packages/airflow/example_dags/example_latest_only_with_trigger.py
[2024-11-23T03:13:20.499+0000] {processor.py:753} INFO - DAG(s) dict_keys(['latest_only_with_trigger']) retrieved from /home/airflow/.local/lib/python3.7/site-packages/airflow/example_dags/example_latest_only_with_trigger.py
[2024-11-23T03:13:20.523+0000] {logging_mixin.py:137} INFO - [2024-11-23T03:13:20.523+0000] {dag.py:2690} INFO - Sync 1 DAGs
[2024-11-23T03:13:20.544+0000] {logging_mixin.py:137} INFO - [2024-11-23T03:13:20.544+0000] {dag.py:3441} INFO - Setting next_dagrun for latest_only_with_trigger to 2024-11-22T23:13:20.543736+00:00, run_after=2024-11-23T03:13:20.543736+00:00
[2024-11-23T03:13:20.559+0000] {processor.py:175} INFO - Processing /home/airflow/.local/lib/python3.7/site-packages/airflow/example_dags/example_latest_only_with_trigger.py took 0.080 seconds
[2024-11-23T03:13:50.746+0000] {processor.py:153} INFO - Started process (PID=1292) to work on /home/airflow/.local/lib/python3.7/site-packages/airflow/example_dags/example_latest_only_with_trigger.py
[2024-11-23T03:13:50.746+0000] {processor.py:743} INFO - Processing file /home/airflow/.local/lib/python3.7/site-packages/airflow/example_dags/example_latest_only_with_trigger.py for tasks to queue
[2024-11-23T03:13:50.747+0000] {logging_mixin.py:137} INFO - [2024-11-23T03:13:50.747+0000] {dagbag.py:538} INFO - Filling up the DagBag from /home/airflow/.local/lib/python3.7/site-packages/airflow/example_dags/example_latest_only_with_trigger.py
[2024-11-23T03:13:50.758+0000] {processor.py:753} INFO - DAG(s) dict_keys(['latest_only_with_trigger']) retrieved from /home/airflow/.local/lib/python3.7/site-packages/airflow/example_dags/example_latest_only_with_trigger.py
[2024-11-23T03:13:50.775+0000] {logging_mixin.py:137} INFO - [2024-11-23T03:13:50.775+0000] {dag.py:2690} INFO - Sync 1 DAGs
[2024-11-23T03:13:50.792+0000] {logging_mixin.py:137} INFO - [2024-11-23T03:13:50.791+0000] {dag.py:3441} INFO - Setting next_dagrun for latest_only_with_trigger to 2024-11-22T23:13:50.791745+00:00, run_after=2024-11-23T03:13:50.791745+00:00
[2024-11-23T03:13:50.806+0000] {processor.py:175} INFO - Processing /home/airflow/.local/lib/python3.7/site-packages/airflow/example_dags/example_latest_only_with_trigger.py took 0.064 seconds
[2024-11-23T03:14:20.845+0000] {processor.py:153} INFO - Started process (PID=1366) to work on /home/airflow/.local/lib/python3.7/site-packages/airflow/example_dags/example_latest_only_with_trigger.py
[2024-11-23T03:14:20.846+0000] {processor.py:743} INFO - Processing file /home/airflow/.local/lib/python3.7/site-packages/airflow/example_dags/example_latest_only_with_trigger.py for tasks to queue
[2024-11-23T03:14:20.847+0000] {logging_mixin.py:137} INFO - [2024-11-23T03:14:20.847+0000] {dagbag.py:538} INFO - Filling up the DagBag from /home/airflow/.local/lib/python3.7/site-packages/airflow/example_dags/example_latest_only_with_trigger.py
[2024-11-23T03:14:20.860+0000] {processor.py:753} INFO - DAG(s) dict_keys(['latest_only_with_trigger']) retrieved from /home/airflow/.local/lib/python3.7/site-packages/airflow/example_dags/example_latest_only_with_trigger.py
[2024-11-23T03:14:20.881+0000] {logging_mixin.py:137} INFO - [2024-11-23T03:14:20.880+0000] {dag.py:2690} INFO - Sync 1 DAGs
[2024-11-23T03:14:20.906+0000] {logging_mixin.py:137} INFO - [2024-11-23T03:14:20.905+0000] {dag.py:3441} INFO - Setting next_dagrun for latest_only_with_trigger to 2024-11-22T23:14:20.905572+00:00, run_after=2024-11-23T03:14:20.905572+00:00
[2024-11-23T03:14:20.924+0000] {processor.py:175} INFO - Processing /home/airflow/.local/lib/python3.7/site-packages/airflow/example_dags/example_latest_only_with_trigger.py took 0.082 seconds
[2024-11-23T03:14:51.235+0000] {processor.py:153} INFO - Started process (PID=1456) to work on /home/airflow/.local/lib/python3.7/site-packages/airflow/example_dags/example_latest_only_with_trigger.py
[2024-11-23T03:14:51.244+0000] {processor.py:743} INFO - Processing file /home/airflow/.local/lib/python3.7/site-packages/airflow/example_dags/example_latest_only_with_trigger.py for tasks to queue
[2024-11-23T03:14:51.245+0000] {logging_mixin.py:137} INFO - [2024-11-23T03:14:51.244+0000] {dagbag.py:538} INFO - Filling up the DagBag from /home/airflow/.local/lib/python3.7/site-packages/airflow/example_dags/example_latest_only_with_trigger.py
[2024-11-23T03:14:51.266+0000] {processor.py:753} INFO - DAG(s) dict_keys(['latest_only_with_trigger']) retrieved from /home/airflow/.local/lib/python3.7/site-packages/airflow/example_dags/example_latest_only_with_trigger.py
[2024-11-23T03:14:51.297+0000] {logging_mixin.py:137} INFO - [2024-11-23T03:14:51.297+0000] {dag.py:2690} INFO - Sync 1 DAGs
[2024-11-23T03:14:51.326+0000] {logging_mixin.py:137} INFO - [2024-11-23T03:14:51.326+0000] {dag.py:3441} INFO - Setting next_dagrun for latest_only_with_trigger to 2024-11-22T23:14:51.325826+00:00, run_after=2024-11-23T03:14:51.325826+00:00
[2024-11-23T03:14:51.353+0000] {processor.py:175} INFO - Processing /home/airflow/.local/lib/python3.7/site-packages/airflow/example_dags/example_latest_only_with_trigger.py took 0.122 seconds
[2024-11-23T03:15:21.544+0000] {processor.py:153} INFO - Started process (PID=1530) to work on /home/airflow/.local/lib/python3.7/site-packages/airflow/example_dags/example_latest_only_with_trigger.py
[2024-11-23T03:15:21.551+0000] {processor.py:743} INFO - Processing file /home/airflow/.local/lib/python3.7/site-packages/airflow/example_dags/example_latest_only_with_trigger.py for tasks to queue
[2024-11-23T03:15:21.552+0000] {logging_mixin.py:137} INFO - [2024-11-23T03:15:21.551+0000] {dagbag.py:538} INFO - Filling up the DagBag from /home/airflow/.local/lib/python3.7/site-packages/airflow/example_dags/example_latest_only_with_trigger.py
[2024-11-23T03:15:21.579+0000] {processor.py:753} INFO - DAG(s) dict_keys(['latest_only_with_trigger']) retrieved from /home/airflow/.local/lib/python3.7/site-packages/airflow/example_dags/example_latest_only_with_trigger.py
[2024-11-23T03:15:21.613+0000] {logging_mixin.py:137} INFO - [2024-11-23T03:15:21.613+0000] {dag.py:2690} INFO - Sync 1 DAGs
[2024-11-23T03:15:21.641+0000] {logging_mixin.py:137} INFO - [2024-11-23T03:15:21.641+0000] {dag.py:3441} INFO - Setting next_dagrun for latest_only_with_trigger to 2024-11-22T23:15:21.641368+00:00, run_after=2024-11-23T03:15:21.641368+00:00
[2024-11-23T03:15:21.681+0000] {processor.py:175} INFO - Processing /home/airflow/.local/lib/python3.7/site-packages/airflow/example_dags/example_latest_only_with_trigger.py took 0.141 seconds
[2024-11-23T03:15:52.353+0000] {processor.py:153} INFO - Started process (PID=1620) to work on /home/airflow/.local/lib/python3.7/site-packages/airflow/example_dags/example_latest_only_with_trigger.py
[2024-11-23T03:15:52.357+0000] {processor.py:743} INFO - Processing file /home/airflow/.local/lib/python3.7/site-packages/airflow/example_dags/example_latest_only_with_trigger.py for tasks to queue
[2024-11-23T03:15:52.359+0000] {logging_mixin.py:137} INFO - [2024-11-23T03:15:52.358+0000] {dagbag.py:538} INFO - Filling up the DagBag from /home/airflow/.local/lib/python3.7/site-packages/airflow/example_dags/example_latest_only_with_trigger.py
[2024-11-23T03:15:52.373+0000] {processor.py:753} INFO - DAG(s) dict_keys(['latest_only_with_trigger']) retrieved from /home/airflow/.local/lib/python3.7/site-packages/airflow/example_dags/example_latest_only_with_trigger.py
[2024-11-23T03:15:52.408+0000] {logging_mixin.py:137} INFO - [2024-11-23T03:15:52.408+0000] {dag.py:2690} INFO - Sync 1 DAGs
[2024-11-23T03:15:52.428+0000] {logging_mixin.py:137} INFO - [2024-11-23T03:15:52.428+0000] {dag.py:3441} INFO - Setting next_dagrun for latest_only_with_trigger to 2024-11-22T23:15:52.428586+00:00, run_after=2024-11-23T03:15:52.428586+00:00
[2024-11-23T03:15:52.444+0000] {processor.py:175} INFO - Processing /home/airflow/.local/lib/python3.7/site-packages/airflow/example_dags/example_latest_only_with_trigger.py took 0.095 seconds
[2024-11-23T03:16:22.576+0000] {processor.py:153} INFO - Started process (PID=1710) to work on /home/airflow/.local/lib/python3.7/site-packages/airflow/example_dags/example_latest_only_with_trigger.py
[2024-11-23T03:16:22.579+0000] {processor.py:743} INFO - Processing file /home/airflow/.local/lib/python3.7/site-packages/airflow/example_dags/example_latest_only_with_trigger.py for tasks to queue
[2024-11-23T03:16:22.580+0000] {logging_mixin.py:137} INFO - [2024-11-23T03:16:22.580+0000] {dagbag.py:538} INFO - Filling up the DagBag from /home/airflow/.local/lib/python3.7/site-packages/airflow/example_dags/example_latest_only_with_trigger.py
[2024-11-23T03:16:22.591+0000] {processor.py:753} INFO - DAG(s) dict_keys(['latest_only_with_trigger']) retrieved from /home/airflow/.local/lib/python3.7/site-packages/airflow/example_dags/example_latest_only_with_trigger.py
[2024-11-23T03:16:22.614+0000] {logging_mixin.py:137} INFO - [2024-11-23T03:16:22.614+0000] {dag.py:2690} INFO - Sync 1 DAGs
[2024-11-23T03:16:22.638+0000] {logging_mixin.py:137} INFO - [2024-11-23T03:16:22.638+0000] {dag.py:3441} INFO - Setting next_dagrun for latest_only_with_trigger to 2024-11-22T23:16:22.638360+00:00, run_after=2024-11-23T03:16:22.638360+00:00
[2024-11-23T03:16:22.655+0000] {processor.py:175} INFO - Processing /home/airflow/.local/lib/python3.7/site-packages/airflow/example_dags/example_latest_only_with_trigger.py took 0.082 seconds
[2024-11-23T03:16:52.705+0000] {processor.py:153} INFO - Started process (PID=1784) to work on /home/airflow/.local/lib/python3.7/site-packages/airflow/example_dags/example_latest_only_with_trigger.py
[2024-11-23T03:16:52.706+0000] {processor.py:743} INFO - Processing file /home/airflow/.local/lib/python3.7/site-packages/airflow/example_dags/example_latest_only_with_trigger.py for tasks to queue
[2024-11-23T03:16:52.707+0000] {logging_mixin.py:137} INFO - [2024-11-23T03:16:52.706+0000] {dagbag.py:538} INFO - Filling up the DagBag from /home/airflow/.local/lib/python3.7/site-packages/airflow/example_dags/example_latest_only_with_trigger.py
[2024-11-23T03:16:52.716+0000] {processor.py:753} INFO - DAG(s) dict_keys(['latest_only_with_trigger']) retrieved from /home/airflow/.local/lib/python3.7/site-packages/airflow/example_dags/example_latest_only_with_trigger.py
[2024-11-23T03:16:52.732+0000] {logging_mixin.py:137} INFO - [2024-11-23T03:16:52.732+0000] {dag.py:2690} INFO - Sync 1 DAGs
[2024-11-23T03:16:52.749+0000] {logging_mixin.py:137} INFO - [2024-11-23T03:16:52.749+0000] {dag.py:3441} INFO - Setting next_dagrun for latest_only_with_trigger to 2024-11-22T23:16:52.749419+00:00, run_after=2024-11-23T03:16:52.749419+00:00
[2024-11-23T03:16:52.762+0000] {processor.py:175} INFO - Processing /home/airflow/.local/lib/python3.7/site-packages/airflow/example_dags/example_latest_only_with_trigger.py took 0.059 seconds
[2024-11-23T03:17:22.882+0000] {processor.py:153} INFO - Started process (PID=1874) to work on /home/airflow/.local/lib/python3.7/site-packages/airflow/example_dags/example_latest_only_with_trigger.py
[2024-11-23T03:17:22.883+0000] {processor.py:743} INFO - Processing file /home/airflow/.local/lib/python3.7/site-packages/airflow/example_dags/example_latest_only_with_trigger.py for tasks to queue
[2024-11-23T03:17:22.883+0000] {logging_mixin.py:137} INFO - [2024-11-23T03:17:22.883+0000] {dagbag.py:538} INFO - Filling up the DagBag from /home/airflow/.local/lib/python3.7/site-packages/airflow/example_dags/example_latest_only_with_trigger.py
[2024-11-23T03:17:22.898+0000] {processor.py:753} INFO - DAG(s) dict_keys(['latest_only_with_trigger']) retrieved from /home/airflow/.local/lib/python3.7/site-packages/airflow/example_dags/example_latest_only_with_trigger.py
[2024-11-23T03:17:22.919+0000] {logging_mixin.py:137} INFO - [2024-11-23T03:17:22.919+0000] {dag.py:2690} INFO - Sync 1 DAGs
[2024-11-23T03:17:22.939+0000] {logging_mixin.py:137} INFO - [2024-11-23T03:17:22.939+0000] {dag.py:3441} INFO - Setting next_dagrun for latest_only_with_trigger to 2024-11-22T23:17:22.939317+00:00, run_after=2024-11-23T03:17:22.939317+00:00
[2024-11-23T03:17:22.953+0000] {processor.py:175} INFO - Processing /home/airflow/.local/lib/python3.7/site-packages/airflow/example_dags/example_latest_only_with_trigger.py took 0.074 seconds
[2024-11-23T03:17:53.114+0000] {processor.py:153} INFO - Started process (PID=1947) to work on /home/airflow/.local/lib/python3.7/site-packages/airflow/example_dags/example_latest_only_with_trigger.py
[2024-11-23T03:17:53.117+0000] {processor.py:743} INFO - Processing file /home/airflow/.local/lib/python3.7/site-packages/airflow/example_dags/example_latest_only_with_trigger.py for tasks to queue
[2024-11-23T03:17:53.117+0000] {logging_mixin.py:137} INFO - [2024-11-23T03:17:53.117+0000] {dagbag.py:538} INFO - Filling up the DagBag from /home/airflow/.local/lib/python3.7/site-packages/airflow/example_dags/example_latest_only_with_trigger.py
[2024-11-23T03:17:53.131+0000] {processor.py:753} INFO - DAG(s) dict_keys(['latest_only_with_trigger']) retrieved from /home/airflow/.local/lib/python3.7/site-packages/airflow/example_dags/example_latest_only_with_trigger.py
[2024-11-23T03:17:53.152+0000] {logging_mixin.py:137} INFO - [2024-11-23T03:17:53.152+0000] {dag.py:2690} INFO - Sync 1 DAGs
[2024-11-23T03:17:53.172+0000] {logging_mixin.py:137} INFO - [2024-11-23T03:17:53.172+0000] {dag.py:3441} INFO - Setting next_dagrun for latest_only_with_trigger to 2024-11-22T23:17:53.172294+00:00, run_after=2024-11-23T03:17:53.172294+00:00
[2024-11-23T03:17:53.186+0000] {processor.py:175} INFO - Processing /home/airflow/.local/lib/python3.7/site-packages/airflow/example_dags/example_latest_only_with_trigger.py took 0.075 seconds
[2024-11-23T03:18:23.390+0000] {processor.py:153} INFO - Started process (PID=2036) to work on /home/airflow/.local/lib/python3.7/site-packages/airflow/example_dags/example_latest_only_with_trigger.py
[2024-11-23T03:18:23.394+0000] {processor.py:743} INFO - Processing file /home/airflow/.local/lib/python3.7/site-packages/airflow/example_dags/example_latest_only_with_trigger.py for tasks to queue
[2024-11-23T03:18:23.394+0000] {logging_mixin.py:137} INFO - [2024-11-23T03:18:23.394+0000] {dagbag.py:538} INFO - Filling up the DagBag from /home/airflow/.local/lib/python3.7/site-packages/airflow/example_dags/example_latest_only_with_trigger.py
[2024-11-23T03:18:23.408+0000] {processor.py:753} INFO - DAG(s) dict_keys(['latest_only_with_trigger']) retrieved from /home/airflow/.local/lib/python3.7/site-packages/airflow/example_dags/example_latest_only_with_trigger.py
[2024-11-23T03:18:23.430+0000] {logging_mixin.py:137} INFO - [2024-11-23T03:18:23.430+0000] {dag.py:2690} INFO - Sync 1 DAGs
[2024-11-23T03:18:23.450+0000] {logging_mixin.py:137} INFO - [2024-11-23T03:18:23.450+0000] {dag.py:3441} INFO - Setting next_dagrun for latest_only_with_trigger to 2024-11-22T23:18:23.450214+00:00, run_after=2024-11-23T03:18:23.450214+00:00
[2024-11-23T03:18:23.463+0000] {processor.py:175} INFO - Processing /home/airflow/.local/lib/python3.7/site-packages/airflow/example_dags/example_latest_only_with_trigger.py took 0.077 seconds
[2024-11-23T03:18:53.663+0000] {processor.py:153} INFO - Started process (PID=2110) to work on /home/airflow/.local/lib/python3.7/site-packages/airflow/example_dags/example_latest_only_with_trigger.py
[2024-11-23T03:18:53.664+0000] {processor.py:743} INFO - Processing file /home/airflow/.local/lib/python3.7/site-packages/airflow/example_dags/example_latest_only_with_trigger.py for tasks to queue
[2024-11-23T03:18:53.665+0000] {logging_mixin.py:137} INFO - [2024-11-23T03:18:53.665+0000] {dagbag.py:538} INFO - Filling up the DagBag from /home/airflow/.local/lib/python3.7/site-packages/airflow/example_dags/example_latest_only_with_trigger.py
[2024-11-23T03:18:53.682+0000] {processor.py:753} INFO - DAG(s) dict_keys(['latest_only_with_trigger']) retrieved from /home/airflow/.local/lib/python3.7/site-packages/airflow/example_dags/example_latest_only_with_trigger.py
[2024-11-23T03:18:53.706+0000] {logging_mixin.py:137} INFO - [2024-11-23T03:18:53.706+0000] {dag.py:2690} INFO - Sync 1 DAGs
[2024-11-23T03:18:53.743+0000] {logging_mixin.py:137} INFO - [2024-11-23T03:18:53.743+0000] {dag.py:3441} INFO - Setting next_dagrun for latest_only_with_trigger to 2024-11-22T23:18:53.742841+00:00, run_after=2024-11-23T03:18:53.742841+00:00
[2024-11-23T03:18:53.757+0000] {processor.py:175} INFO - Processing /home/airflow/.local/lib/python3.7/site-packages/airflow/example_dags/example_latest_only_with_trigger.py took 0.097 seconds
[2024-11-23T03:19:23.924+0000] {processor.py:153} INFO - Started process (PID=2199) to work on /home/airflow/.local/lib/python3.7/site-packages/airflow/example_dags/example_latest_only_with_trigger.py
[2024-11-23T03:19:23.929+0000] {processor.py:743} INFO - Processing file /home/airflow/.local/lib/python3.7/site-packages/airflow/example_dags/example_latest_only_with_trigger.py for tasks to queue
[2024-11-23T03:19:23.930+0000] {logging_mixin.py:137} INFO - [2024-11-23T03:19:23.930+0000] {dagbag.py:538} INFO - Filling up the DagBag from /home/airflow/.local/lib/python3.7/site-packages/airflow/example_dags/example_latest_only_with_trigger.py
[2024-11-23T03:19:23.944+0000] {processor.py:753} INFO - DAG(s) dict_keys(['latest_only_with_trigger']) retrieved from /home/airflow/.local/lib/python3.7/site-packages/airflow/example_dags/example_latest_only_with_trigger.py
[2024-11-23T03:19:23.967+0000] {logging_mixin.py:137} INFO - [2024-11-23T03:19:23.967+0000] {dag.py:2690} INFO - Sync 1 DAGs
[2024-11-23T03:19:23.988+0000] {logging_mixin.py:137} INFO - [2024-11-23T03:19:23.988+0000] {dag.py:3441} INFO - Setting next_dagrun for latest_only_with_trigger to 2024-11-22T23:19:23.988234+00:00, run_after=2024-11-23T03:19:23.988234+00:00
[2024-11-23T03:19:24.005+0000] {processor.py:175} INFO - Processing /home/airflow/.local/lib/python3.7/site-packages/airflow/example_dags/example_latest_only_with_trigger.py took 0.085 seconds
[2024-11-23T03:19:54.583+0000] {processor.py:153} INFO - Started process (PID=2273) to work on /home/airflow/.local/lib/python3.7/site-packages/airflow/example_dags/example_latest_only_with_trigger.py
[2024-11-23T03:19:54.588+0000] {processor.py:743} INFO - Processing file /home/airflow/.local/lib/python3.7/site-packages/airflow/example_dags/example_latest_only_with_trigger.py for tasks to queue
[2024-11-23T03:19:54.589+0000] {logging_mixin.py:137} INFO - [2024-11-23T03:19:54.588+0000] {dagbag.py:538} INFO - Filling up the DagBag from /home/airflow/.local/lib/python3.7/site-packages/airflow/example_dags/example_latest_only_with_trigger.py
[2024-11-23T03:19:54.610+0000] {processor.py:753} INFO - DAG(s) dict_keys(['latest_only_with_trigger']) retrieved from /home/airflow/.local/lib/python3.7/site-packages/airflow/example_dags/example_latest_only_with_trigger.py
[2024-11-23T03:19:54.631+0000] {logging_mixin.py:137} INFO - [2024-11-23T03:19:54.631+0000] {dag.py:2690} INFO - Sync 1 DAGs
[2024-11-23T03:19:54.665+0000] {logging_mixin.py:137} INFO - [2024-11-23T03:19:54.665+0000] {dag.py:3441} INFO - Setting next_dagrun for latest_only_with_trigger to 2024-11-22T23:19:54.664552+00:00, run_after=2024-11-23T03:19:54.664552+00:00
[2024-11-23T03:19:54.682+0000] {processor.py:175} INFO - Processing /home/airflow/.local/lib/python3.7/site-packages/airflow/example_dags/example_latest_only_with_trigger.py took 0.105 seconds
