[2024-11-23T02:53:02.230+0000] {processor.py:153} INFO - Started process (PID=66) to work on /home/airflow/.local/lib/python3.7/site-packages/airflow/example_dags/example_short_circuit_operator.py
[2024-11-23T02:53:02.233+0000] {processor.py:743} INFO - Processing file /home/airflow/.local/lib/python3.7/site-packages/airflow/example_dags/example_short_circuit_operator.py for tasks to queue
[2024-11-23T02:53:02.243+0000] {logging_mixin.py:137} INFO - [2024-11-23T02:53:02.243+0000] {dagbag.py:538} INFO - Filling up the DagBag from /home/airflow/.local/lib/python3.7/site-packages/airflow/example_dags/example_short_circuit_operator.py
[2024-11-23T02:53:02.294+0000] {processor.py:753} INFO - DAG(s) dict_keys(['example_short_circuit_operator']) retrieved from /home/airflow/.local/lib/python3.7/site-packages/airflow/example_dags/example_short_circuit_operator.py
[2024-11-23T02:53:02.326+0000] {logging_mixin.py:137} INFO - [2024-11-23T02:53:02.326+0000] {dag.py:2690} INFO - Sync 1 DAGs
[2024-11-23T02:53:02.377+0000] {logging_mixin.py:137} INFO - [2024-11-23T02:53:02.376+0000] {dag.py:3441} INFO - Setting next_dagrun for example_short_circuit_operator to 2024-11-22T02:53:02.376312+00:00, run_after=2024-11-23T02:53:02.376312+00:00
[2024-11-23T02:53:02.405+0000] {processor.py:175} INFO - Processing /home/airflow/.local/lib/python3.7/site-packages/airflow/example_dags/example_short_circuit_operator.py took 0.185 seconds
[2024-11-23T02:53:32.612+0000] {processor.py:153} INFO - Started process (PID=147) to work on /home/airflow/.local/lib/python3.7/site-packages/airflow/example_dags/example_short_circuit_operator.py
[2024-11-23T02:53:32.614+0000] {processor.py:743} INFO - Processing file /home/airflow/.local/lib/python3.7/site-packages/airflow/example_dags/example_short_circuit_operator.py for tasks to queue
[2024-11-23T02:53:32.615+0000] {logging_mixin.py:137} INFO - [2024-11-23T02:53:32.615+0000] {dagbag.py:538} INFO - Filling up the DagBag from /home/airflow/.local/lib/python3.7/site-packages/airflow/example_dags/example_short_circuit_operator.py
[2024-11-23T02:53:32.626+0000] {processor.py:753} INFO - DAG(s) dict_keys(['example_short_circuit_operator']) retrieved from /home/airflow/.local/lib/python3.7/site-packages/airflow/example_dags/example_short_circuit_operator.py
[2024-11-23T02:53:32.645+0000] {logging_mixin.py:137} INFO - [2024-11-23T02:53:32.645+0000] {dag.py:2690} INFO - Sync 1 DAGs
[2024-11-23T02:53:32.666+0000] {logging_mixin.py:137} INFO - [2024-11-23T02:53:32.666+0000] {dag.py:3441} INFO - Setting next_dagrun for example_short_circuit_operator to 2024-11-22T02:53:32.665919+00:00, run_after=2024-11-23T02:53:32.665919+00:00
[2024-11-23T02:53:32.686+0000] {processor.py:175} INFO - Processing /home/airflow/.local/lib/python3.7/site-packages/airflow/example_dags/example_short_circuit_operator.py took 0.076 seconds
[2024-11-23T02:54:03.721+0000] {processor.py:153} INFO - Started process (PID=221) to work on /home/airflow/.local/lib/python3.7/site-packages/airflow/example_dags/example_short_circuit_operator.py
[2024-11-23T02:54:03.741+0000] {processor.py:743} INFO - Processing file /home/airflow/.local/lib/python3.7/site-packages/airflow/example_dags/example_short_circuit_operator.py for tasks to queue
[2024-11-23T02:54:03.771+0000] {logging_mixin.py:137} INFO - [2024-11-23T02:54:03.771+0000] {dagbag.py:538} INFO - Filling up the DagBag from /home/airflow/.local/lib/python3.7/site-packages/airflow/example_dags/example_short_circuit_operator.py
[2024-11-23T02:54:03.908+0000] {processor.py:753} INFO - DAG(s) dict_keys(['example_short_circuit_operator']) retrieved from /home/airflow/.local/lib/python3.7/site-packages/airflow/example_dags/example_short_circuit_operator.py
[2024-11-23T02:54:04.006+0000] {logging_mixin.py:137} INFO - [2024-11-23T02:54:04.006+0000] {dag.py:2690} INFO - Sync 1 DAGs
[2024-11-23T02:54:04.042+0000] {logging_mixin.py:137} INFO - [2024-11-23T02:54:04.042+0000] {dag.py:3441} INFO - Setting next_dagrun for example_short_circuit_operator to 2024-11-22T02:54:04.042047+00:00, run_after=2024-11-23T02:54:04.042047+00:00
[2024-11-23T02:54:04.065+0000] {processor.py:175} INFO - Processing /home/airflow/.local/lib/python3.7/site-packages/airflow/example_dags/example_short_circuit_operator.py took 0.350 seconds
[2024-11-23T02:54:34.387+0000] {processor.py:153} INFO - Started process (PID=311) to work on /home/airflow/.local/lib/python3.7/site-packages/airflow/example_dags/example_short_circuit_operator.py
[2024-11-23T02:54:34.389+0000] {processor.py:743} INFO - Processing file /home/airflow/.local/lib/python3.7/site-packages/airflow/example_dags/example_short_circuit_operator.py for tasks to queue
[2024-11-23T02:54:34.389+0000] {logging_mixin.py:137} INFO - [2024-11-23T02:54:34.389+0000] {dagbag.py:538} INFO - Filling up the DagBag from /home/airflow/.local/lib/python3.7/site-packages/airflow/example_dags/example_short_circuit_operator.py
[2024-11-23T02:54:34.401+0000] {processor.py:753} INFO - DAG(s) dict_keys(['example_short_circuit_operator']) retrieved from /home/airflow/.local/lib/python3.7/site-packages/airflow/example_dags/example_short_circuit_operator.py
[2024-11-23T02:54:34.422+0000] {logging_mixin.py:137} INFO - [2024-11-23T02:54:34.422+0000] {dag.py:2690} INFO - Sync 1 DAGs
[2024-11-23T02:54:34.442+0000] {logging_mixin.py:137} INFO - [2024-11-23T02:54:34.442+0000] {dag.py:3441} INFO - Setting next_dagrun for example_short_circuit_operator to 2024-11-22T02:54:34.441753+00:00, run_after=2024-11-23T02:54:34.441753+00:00
[2024-11-23T02:54:34.460+0000] {processor.py:175} INFO - Processing /home/airflow/.local/lib/python3.7/site-packages/airflow/example_dags/example_short_circuit_operator.py took 0.076 seconds
[2024-11-23T02:55:29.337+0000] {processor.py:153} INFO - Started process (PID=57) to work on /home/airflow/.local/lib/python3.7/site-packages/airflow/example_dags/example_short_circuit_operator.py
[2024-11-23T02:55:29.340+0000] {processor.py:743} INFO - Processing file /home/airflow/.local/lib/python3.7/site-packages/airflow/example_dags/example_short_circuit_operator.py for tasks to queue
[2024-11-23T02:55:29.341+0000] {logging_mixin.py:137} INFO - [2024-11-23T02:55:29.341+0000] {dagbag.py:538} INFO - Filling up the DagBag from /home/airflow/.local/lib/python3.7/site-packages/airflow/example_dags/example_short_circuit_operator.py
[2024-11-23T02:55:29.356+0000] {processor.py:753} INFO - DAG(s) dict_keys(['example_short_circuit_operator']) retrieved from /home/airflow/.local/lib/python3.7/site-packages/airflow/example_dags/example_short_circuit_operator.py
[2024-11-23T02:55:29.386+0000] {logging_mixin.py:137} INFO - [2024-11-23T02:55:29.386+0000] {dag.py:2690} INFO - Sync 1 DAGs
[2024-11-23T02:55:29.460+0000] {logging_mixin.py:137} INFO - [2024-11-23T02:55:29.453+0000] {dag.py:3441} INFO - Setting next_dagrun for example_short_circuit_operator to 2024-11-22T02:55:29.465024+00:00, run_after=2024-11-23T02:55:29.465024+00:00
[2024-11-23T02:55:29.546+0000] {processor.py:175} INFO - Processing /home/airflow/.local/lib/python3.7/site-packages/airflow/example_dags/example_short_circuit_operator.py took 0.246 seconds
[2024-11-23T02:56:02.661+0000] {processor.py:153} INFO - Started process (PID=147) to work on /home/airflow/.local/lib/python3.7/site-packages/airflow/example_dags/example_short_circuit_operator.py
[2024-11-23T02:56:02.663+0000] {processor.py:743} INFO - Processing file /home/airflow/.local/lib/python3.7/site-packages/airflow/example_dags/example_short_circuit_operator.py for tasks to queue
[2024-11-23T02:56:02.665+0000] {logging_mixin.py:137} INFO - [2024-11-23T02:56:02.665+0000] {dagbag.py:538} INFO - Filling up the DagBag from /home/airflow/.local/lib/python3.7/site-packages/airflow/example_dags/example_short_circuit_operator.py
[2024-11-23T02:56:02.682+0000] {processor.py:753} INFO - DAG(s) dict_keys(['example_short_circuit_operator']) retrieved from /home/airflow/.local/lib/python3.7/site-packages/airflow/example_dags/example_short_circuit_operator.py
[2024-11-23T02:56:02.710+0000] {logging_mixin.py:137} INFO - [2024-11-23T02:56:02.710+0000] {dag.py:2690} INFO - Sync 1 DAGs
[2024-11-23T02:56:02.730+0000] {logging_mixin.py:137} INFO - [2024-11-23T02:56:02.730+0000] {dag.py:3441} INFO - Setting next_dagrun for example_short_circuit_operator to 2024-11-22T02:56:02.730575+00:00, run_after=2024-11-23T02:56:02.730575+00:00
[2024-11-23T02:56:02.749+0000] {processor.py:175} INFO - Processing /home/airflow/.local/lib/python3.7/site-packages/airflow/example_dags/example_short_circuit_operator.py took 0.091 seconds
[2024-11-23T02:56:33.593+0000] {processor.py:153} INFO - Started process (PID=237) to work on /home/airflow/.local/lib/python3.7/site-packages/airflow/example_dags/example_short_circuit_operator.py
[2024-11-23T02:56:33.594+0000] {processor.py:743} INFO - Processing file /home/airflow/.local/lib/python3.7/site-packages/airflow/example_dags/example_short_circuit_operator.py for tasks to queue
[2024-11-23T02:56:33.594+0000] {logging_mixin.py:137} INFO - [2024-11-23T02:56:33.594+0000] {dagbag.py:538} INFO - Filling up the DagBag from /home/airflow/.local/lib/python3.7/site-packages/airflow/example_dags/example_short_circuit_operator.py
[2024-11-23T02:56:33.609+0000] {processor.py:753} INFO - DAG(s) dict_keys(['example_short_circuit_operator']) retrieved from /home/airflow/.local/lib/python3.7/site-packages/airflow/example_dags/example_short_circuit_operator.py
[2024-11-23T02:56:33.630+0000] {logging_mixin.py:137} INFO - [2024-11-23T02:56:33.630+0000] {dag.py:2690} INFO - Sync 1 DAGs
[2024-11-23T02:56:33.651+0000] {logging_mixin.py:137} INFO - [2024-11-23T02:56:33.651+0000] {dag.py:3441} INFO - Setting next_dagrun for example_short_circuit_operator to 2024-11-22T02:56:33.650830+00:00, run_after=2024-11-23T02:56:33.650830+00:00
[2024-11-23T02:56:33.666+0000] {processor.py:175} INFO - Processing /home/airflow/.local/lib/python3.7/site-packages/airflow/example_dags/example_short_circuit_operator.py took 0.077 seconds
[2024-11-23T02:57:04.562+0000] {processor.py:153} INFO - Started process (PID=311) to work on /home/airflow/.local/lib/python3.7/site-packages/airflow/example_dags/example_short_circuit_operator.py
[2024-11-23T02:57:04.563+0000] {processor.py:743} INFO - Processing file /home/airflow/.local/lib/python3.7/site-packages/airflow/example_dags/example_short_circuit_operator.py for tasks to queue
[2024-11-23T02:57:04.564+0000] {logging_mixin.py:137} INFO - [2024-11-23T02:57:04.564+0000] {dagbag.py:538} INFO - Filling up the DagBag from /home/airflow/.local/lib/python3.7/site-packages/airflow/example_dags/example_short_circuit_operator.py
[2024-11-23T02:57:04.576+0000] {processor.py:753} INFO - DAG(s) dict_keys(['example_short_circuit_operator']) retrieved from /home/airflow/.local/lib/python3.7/site-packages/airflow/example_dags/example_short_circuit_operator.py
[2024-11-23T02:57:04.598+0000] {logging_mixin.py:137} INFO - [2024-11-23T02:57:04.598+0000] {dag.py:2690} INFO - Sync 1 DAGs
[2024-11-23T02:57:04.614+0000] {logging_mixin.py:137} INFO - [2024-11-23T02:57:04.614+0000] {dag.py:3441} INFO - Setting next_dagrun for example_short_circuit_operator to 2024-11-22T02:57:04.614620+00:00, run_after=2024-11-23T02:57:04.614620+00:00
[2024-11-23T02:57:04.633+0000] {processor.py:175} INFO - Processing /home/airflow/.local/lib/python3.7/site-packages/airflow/example_dags/example_short_circuit_operator.py took 0.074 seconds
[2024-11-23T02:57:35.172+0000] {processor.py:153} INFO - Started process (PID=394) to work on /home/airflow/.local/lib/python3.7/site-packages/airflow/example_dags/example_short_circuit_operator.py
[2024-11-23T02:57:35.176+0000] {processor.py:743} INFO - Processing file /home/airflow/.local/lib/python3.7/site-packages/airflow/example_dags/example_short_circuit_operator.py for tasks to queue
[2024-11-23T02:57:35.177+0000] {logging_mixin.py:137} INFO - [2024-11-23T02:57:35.177+0000] {dagbag.py:538} INFO - Filling up the DagBag from /home/airflow/.local/lib/python3.7/site-packages/airflow/example_dags/example_short_circuit_operator.py
[2024-11-23T02:57:35.194+0000] {processor.py:753} INFO - DAG(s) dict_keys(['example_short_circuit_operator']) retrieved from /home/airflow/.local/lib/python3.7/site-packages/airflow/example_dags/example_short_circuit_operator.py
[2024-11-23T02:57:35.220+0000] {logging_mixin.py:137} INFO - [2024-11-23T02:57:35.220+0000] {dag.py:2690} INFO - Sync 1 DAGs
[2024-11-23T02:57:35.243+0000] {logging_mixin.py:137} INFO - [2024-11-23T02:57:35.243+0000] {dag.py:3441} INFO - Setting next_dagrun for example_short_circuit_operator to 2024-11-22T02:57:35.243497+00:00, run_after=2024-11-23T02:57:35.243497+00:00
[2024-11-23T02:57:35.262+0000] {processor.py:175} INFO - Processing /home/airflow/.local/lib/python3.7/site-packages/airflow/example_dags/example_short_circuit_operator.py took 0.092 seconds
[2024-11-23T02:58:39.593+0000] {processor.py:153} INFO - Started process (PID=65) to work on /home/airflow/.local/lib/python3.7/site-packages/airflow/example_dags/example_short_circuit_operator.py
[2024-11-23T02:58:39.595+0000] {processor.py:743} INFO - Processing file /home/airflow/.local/lib/python3.7/site-packages/airflow/example_dags/example_short_circuit_operator.py for tasks to queue
[2024-11-23T02:58:39.597+0000] {logging_mixin.py:137} INFO - [2024-11-23T02:58:39.596+0000] {dagbag.py:538} INFO - Filling up the DagBag from /home/airflow/.local/lib/python3.7/site-packages/airflow/example_dags/example_short_circuit_operator.py
[2024-11-23T02:58:39.631+0000] {processor.py:753} INFO - DAG(s) dict_keys(['example_short_circuit_operator']) retrieved from /home/airflow/.local/lib/python3.7/site-packages/airflow/example_dags/example_short_circuit_operator.py
[2024-11-23T02:58:39.654+0000] {logging_mixin.py:137} INFO - [2024-11-23T02:58:39.654+0000] {dag.py:2690} INFO - Sync 1 DAGs
[2024-11-23T02:58:39.721+0000] {logging_mixin.py:137} INFO - [2024-11-23T02:58:39.721+0000] {dag.py:3441} INFO - Setting next_dagrun for example_short_circuit_operator to 2024-11-22T02:58:39.721047+00:00, run_after=2024-11-23T02:58:39.721047+00:00
[2024-11-23T02:58:39.768+0000] {processor.py:175} INFO - Processing /home/airflow/.local/lib/python3.7/site-packages/airflow/example_dags/example_short_circuit_operator.py took 0.178 seconds
[2024-11-23T02:59:10.312+0000] {processor.py:153} INFO - Started process (PID=146) to work on /home/airflow/.local/lib/python3.7/site-packages/airflow/example_dags/example_short_circuit_operator.py
[2024-11-23T02:59:10.315+0000] {processor.py:743} INFO - Processing file /home/airflow/.local/lib/python3.7/site-packages/airflow/example_dags/example_short_circuit_operator.py for tasks to queue
[2024-11-23T02:59:10.316+0000] {logging_mixin.py:137} INFO - [2024-11-23T02:59:10.316+0000] {dagbag.py:538} INFO - Filling up the DagBag from /home/airflow/.local/lib/python3.7/site-packages/airflow/example_dags/example_short_circuit_operator.py
[2024-11-23T02:59:10.339+0000] {processor.py:753} INFO - DAG(s) dict_keys(['example_short_circuit_operator']) retrieved from /home/airflow/.local/lib/python3.7/site-packages/airflow/example_dags/example_short_circuit_operator.py
[2024-11-23T02:59:10.374+0000] {logging_mixin.py:137} INFO - [2024-11-23T02:59:10.374+0000] {dag.py:2690} INFO - Sync 1 DAGs
[2024-11-23T02:59:10.404+0000] {logging_mixin.py:137} INFO - [2024-11-23T02:59:10.404+0000] {dag.py:3441} INFO - Setting next_dagrun for example_short_circuit_operator to 2024-11-22T02:59:10.403848+00:00, run_after=2024-11-23T02:59:10.403848+00:00
[2024-11-23T02:59:10.468+0000] {processor.py:175} INFO - Processing /home/airflow/.local/lib/python3.7/site-packages/airflow/example_dags/example_short_circuit_operator.py took 0.159 seconds
[2024-11-23T02:59:41.205+0000] {processor.py:153} INFO - Started process (PID=220) to work on /home/airflow/.local/lib/python3.7/site-packages/airflow/example_dags/example_short_circuit_operator.py
[2024-11-23T02:59:41.207+0000] {processor.py:743} INFO - Processing file /home/airflow/.local/lib/python3.7/site-packages/airflow/example_dags/example_short_circuit_operator.py for tasks to queue
[2024-11-23T02:59:41.209+0000] {logging_mixin.py:137} INFO - [2024-11-23T02:59:41.209+0000] {dagbag.py:538} INFO - Filling up the DagBag from /home/airflow/.local/lib/python3.7/site-packages/airflow/example_dags/example_short_circuit_operator.py
[2024-11-23T02:59:41.221+0000] {processor.py:753} INFO - DAG(s) dict_keys(['example_short_circuit_operator']) retrieved from /home/airflow/.local/lib/python3.7/site-packages/airflow/example_dags/example_short_circuit_operator.py
[2024-11-23T02:59:41.244+0000] {logging_mixin.py:137} INFO - [2024-11-23T02:59:41.244+0000] {dag.py:2690} INFO - Sync 1 DAGs
[2024-11-23T02:59:41.264+0000] {logging_mixin.py:137} INFO - [2024-11-23T02:59:41.264+0000] {dag.py:3441} INFO - Setting next_dagrun for example_short_circuit_operator to 2024-11-22T02:59:41.264611+00:00, run_after=2024-11-23T02:59:41.264611+00:00
[2024-11-23T02:59:41.284+0000] {processor.py:175} INFO - Processing /home/airflow/.local/lib/python3.7/site-packages/airflow/example_dags/example_short_circuit_operator.py took 0.082 seconds
[2024-11-23T03:00:11.532+0000] {processor.py:153} INFO - Started process (PID=310) to work on /home/airflow/.local/lib/python3.7/site-packages/airflow/example_dags/example_short_circuit_operator.py
[2024-11-23T03:00:11.536+0000] {processor.py:743} INFO - Processing file /home/airflow/.local/lib/python3.7/site-packages/airflow/example_dags/example_short_circuit_operator.py for tasks to queue
[2024-11-23T03:00:11.538+0000] {logging_mixin.py:137} INFO - [2024-11-23T03:00:11.538+0000] {dagbag.py:538} INFO - Filling up the DagBag from /home/airflow/.local/lib/python3.7/site-packages/airflow/example_dags/example_short_circuit_operator.py
[2024-11-23T03:00:11.551+0000] {processor.py:753} INFO - DAG(s) dict_keys(['example_short_circuit_operator']) retrieved from /home/airflow/.local/lib/python3.7/site-packages/airflow/example_dags/example_short_circuit_operator.py
[2024-11-23T03:00:11.572+0000] {logging_mixin.py:137} INFO - [2024-11-23T03:00:11.572+0000] {dag.py:2690} INFO - Sync 1 DAGs
[2024-11-23T03:00:11.589+0000] {logging_mixin.py:137} INFO - [2024-11-23T03:00:11.589+0000] {dag.py:3441} INFO - Setting next_dagrun for example_short_circuit_operator to 2024-11-22T03:00:11.589609+00:00, run_after=2024-11-23T03:00:11.589609+00:00
[2024-11-23T03:00:11.604+0000] {processor.py:175} INFO - Processing /home/airflow/.local/lib/python3.7/site-packages/airflow/example_dags/example_short_circuit_operator.py took 0.074 seconds
[2024-11-23T03:00:42.290+0000] {processor.py:153} INFO - Started process (PID=400) to work on /home/airflow/.local/lib/python3.7/site-packages/airflow/example_dags/example_short_circuit_operator.py
[2024-11-23T03:00:42.297+0000] {processor.py:743} INFO - Processing file /home/airflow/.local/lib/python3.7/site-packages/airflow/example_dags/example_short_circuit_operator.py for tasks to queue
[2024-11-23T03:00:42.298+0000] {logging_mixin.py:137} INFO - [2024-11-23T03:00:42.298+0000] {dagbag.py:538} INFO - Filling up the DagBag from /home/airflow/.local/lib/python3.7/site-packages/airflow/example_dags/example_short_circuit_operator.py
[2024-11-23T03:00:42.330+0000] {processor.py:753} INFO - DAG(s) dict_keys(['example_short_circuit_operator']) retrieved from /home/airflow/.local/lib/python3.7/site-packages/airflow/example_dags/example_short_circuit_operator.py
[2024-11-23T03:00:42.366+0000] {logging_mixin.py:137} INFO - [2024-11-23T03:00:42.365+0000] {dag.py:2690} INFO - Sync 1 DAGs
[2024-11-23T03:00:42.393+0000] {logging_mixin.py:137} INFO - [2024-11-23T03:00:42.393+0000] {dag.py:3441} INFO - Setting next_dagrun for example_short_circuit_operator to 2024-11-22T03:00:42.393088+00:00, run_after=2024-11-23T03:00:42.393088+00:00
[2024-11-23T03:00:42.416+0000] {processor.py:175} INFO - Processing /home/airflow/.local/lib/python3.7/site-packages/airflow/example_dags/example_short_circuit_operator.py took 0.129 seconds
[2024-11-23T03:01:12.867+0000] {processor.py:153} INFO - Started process (PID=474) to work on /home/airflow/.local/lib/python3.7/site-packages/airflow/example_dags/example_short_circuit_operator.py
[2024-11-23T03:01:12.868+0000] {processor.py:743} INFO - Processing file /home/airflow/.local/lib/python3.7/site-packages/airflow/example_dags/example_short_circuit_operator.py for tasks to queue
[2024-11-23T03:01:12.869+0000] {logging_mixin.py:137} INFO - [2024-11-23T03:01:12.869+0000] {dagbag.py:538} INFO - Filling up the DagBag from /home/airflow/.local/lib/python3.7/site-packages/airflow/example_dags/example_short_circuit_operator.py
[2024-11-23T03:01:12.881+0000] {processor.py:753} INFO - DAG(s) dict_keys(['example_short_circuit_operator']) retrieved from /home/airflow/.local/lib/python3.7/site-packages/airflow/example_dags/example_short_circuit_operator.py
[2024-11-23T03:01:12.900+0000] {logging_mixin.py:137} INFO - [2024-11-23T03:01:12.900+0000] {dag.py:2690} INFO - Sync 1 DAGs
[2024-11-23T03:01:12.925+0000] {logging_mixin.py:137} INFO - [2024-11-23T03:01:12.925+0000] {dag.py:3441} INFO - Setting next_dagrun for example_short_circuit_operator to 2024-11-22T03:01:12.924962+00:00, run_after=2024-11-23T03:01:12.924962+00:00
[2024-11-23T03:01:12.948+0000] {processor.py:175} INFO - Processing /home/airflow/.local/lib/python3.7/site-packages/airflow/example_dags/example_short_circuit_operator.py took 0.083 seconds
[2024-11-23T03:01:43.154+0000] {processor.py:153} INFO - Started process (PID=564) to work on /home/airflow/.local/lib/python3.7/site-packages/airflow/example_dags/example_short_circuit_operator.py
[2024-11-23T03:01:43.154+0000] {processor.py:743} INFO - Processing file /home/airflow/.local/lib/python3.7/site-packages/airflow/example_dags/example_short_circuit_operator.py for tasks to queue
[2024-11-23T03:01:43.156+0000] {logging_mixin.py:137} INFO - [2024-11-23T03:01:43.156+0000] {dagbag.py:538} INFO - Filling up the DagBag from /home/airflow/.local/lib/python3.7/site-packages/airflow/example_dags/example_short_circuit_operator.py
[2024-11-23T03:01:43.167+0000] {processor.py:753} INFO - DAG(s) dict_keys(['example_short_circuit_operator']) retrieved from /home/airflow/.local/lib/python3.7/site-packages/airflow/example_dags/example_short_circuit_operator.py
[2024-11-23T03:01:43.190+0000] {logging_mixin.py:137} INFO - [2024-11-23T03:01:43.190+0000] {dag.py:2690} INFO - Sync 1 DAGs
[2024-11-23T03:01:43.209+0000] {logging_mixin.py:137} INFO - [2024-11-23T03:01:43.208+0000] {dag.py:3441} INFO - Setting next_dagrun for example_short_circuit_operator to 2024-11-22T03:01:43.208818+00:00, run_after=2024-11-23T03:01:43.208818+00:00
[2024-11-23T03:01:43.226+0000] {processor.py:175} INFO - Processing /home/airflow/.local/lib/python3.7/site-packages/airflow/example_dags/example_short_circuit_operator.py took 0.074 seconds
[2024-11-23T03:02:13.496+0000] {processor.py:153} INFO - Started process (PID=638) to work on /home/airflow/.local/lib/python3.7/site-packages/airflow/example_dags/example_short_circuit_operator.py
[2024-11-23T03:02:13.497+0000] {processor.py:743} INFO - Processing file /home/airflow/.local/lib/python3.7/site-packages/airflow/example_dags/example_short_circuit_operator.py for tasks to queue
[2024-11-23T03:02:13.497+0000] {logging_mixin.py:137} INFO - [2024-11-23T03:02:13.497+0000] {dagbag.py:538} INFO - Filling up the DagBag from /home/airflow/.local/lib/python3.7/site-packages/airflow/example_dags/example_short_circuit_operator.py
[2024-11-23T03:02:13.512+0000] {processor.py:753} INFO - DAG(s) dict_keys(['example_short_circuit_operator']) retrieved from /home/airflow/.local/lib/python3.7/site-packages/airflow/example_dags/example_short_circuit_operator.py
[2024-11-23T03:02:13.536+0000] {logging_mixin.py:137} INFO - [2024-11-23T03:02:13.536+0000] {dag.py:2690} INFO - Sync 1 DAGs
[2024-11-23T03:02:13.558+0000] {logging_mixin.py:137} INFO - [2024-11-23T03:02:13.558+0000] {dag.py:3441} INFO - Setting next_dagrun for example_short_circuit_operator to 2024-11-22T03:02:13.558499+00:00, run_after=2024-11-23T03:02:13.558499+00:00
[2024-11-23T03:02:13.575+0000] {processor.py:175} INFO - Processing /home/airflow/.local/lib/python3.7/site-packages/airflow/example_dags/example_short_circuit_operator.py took 0.082 seconds
[2024-11-23T03:03:06.580+0000] {processor.py:153} INFO - Started process (PID=63) to work on /home/airflow/.local/lib/python3.7/site-packages/airflow/example_dags/example_short_circuit_operator.py
[2024-11-23T03:03:06.583+0000] {processor.py:743} INFO - Processing file /home/airflow/.local/lib/python3.7/site-packages/airflow/example_dags/example_short_circuit_operator.py for tasks to queue
[2024-11-23T03:03:06.588+0000] {logging_mixin.py:137} INFO - [2024-11-23T03:03:06.587+0000] {dagbag.py:538} INFO - Filling up the DagBag from /home/airflow/.local/lib/python3.7/site-packages/airflow/example_dags/example_short_circuit_operator.py
[2024-11-23T03:03:06.624+0000] {processor.py:753} INFO - DAG(s) dict_keys(['example_short_circuit_operator']) retrieved from /home/airflow/.local/lib/python3.7/site-packages/airflow/example_dags/example_short_circuit_operator.py
[2024-11-23T03:03:06.682+0000] {logging_mixin.py:137} INFO - [2024-11-23T03:03:06.682+0000] {dag.py:2690} INFO - Sync 1 DAGs
[2024-11-23T03:03:06.744+0000] {logging_mixin.py:137} INFO - [2024-11-23T03:03:06.744+0000] {dag.py:3441} INFO - Setting next_dagrun for example_short_circuit_operator to 2024-11-22T03:03:06.743684+00:00, run_after=2024-11-23T03:03:06.743684+00:00
[2024-11-23T03:03:06.791+0000] {processor.py:175} INFO - Processing /home/airflow/.local/lib/python3.7/site-packages/airflow/example_dags/example_short_circuit_operator.py took 0.215 seconds
[2024-11-23T03:03:36.881+0000] {processor.py:153} INFO - Started process (PID=146) to work on /home/airflow/.local/lib/python3.7/site-packages/airflow/example_dags/example_short_circuit_operator.py
[2024-11-23T03:03:36.884+0000] {processor.py:743} INFO - Processing file /home/airflow/.local/lib/python3.7/site-packages/airflow/example_dags/example_short_circuit_operator.py for tasks to queue
[2024-11-23T03:03:36.884+0000] {logging_mixin.py:137} INFO - [2024-11-23T03:03:36.884+0000] {dagbag.py:538} INFO - Filling up the DagBag from /home/airflow/.local/lib/python3.7/site-packages/airflow/example_dags/example_short_circuit_operator.py
[2024-11-23T03:03:36.908+0000] {processor.py:753} INFO - DAG(s) dict_keys(['example_short_circuit_operator']) retrieved from /home/airflow/.local/lib/python3.7/site-packages/airflow/example_dags/example_short_circuit_operator.py
[2024-11-23T03:03:36.935+0000] {logging_mixin.py:137} INFO - [2024-11-23T03:03:36.934+0000] {dag.py:2690} INFO - Sync 1 DAGs
[2024-11-23T03:03:36.955+0000] {logging_mixin.py:137} INFO - [2024-11-23T03:03:36.954+0000] {dag.py:3441} INFO - Setting next_dagrun for example_short_circuit_operator to 2024-11-22T03:03:36.954659+00:00, run_after=2024-11-23T03:03:36.954659+00:00
[2024-11-23T03:03:36.972+0000] {processor.py:175} INFO - Processing /home/airflow/.local/lib/python3.7/site-packages/airflow/example_dags/example_short_circuit_operator.py took 0.096 seconds
[2024-11-23T03:06:15.391+0000] {processor.py:153} INFO - Started process (PID=72) to work on /home/airflow/.local/lib/python3.7/site-packages/airflow/example_dags/example_short_circuit_operator.py
[2024-11-23T03:06:15.393+0000] {processor.py:743} INFO - Processing file /home/airflow/.local/lib/python3.7/site-packages/airflow/example_dags/example_short_circuit_operator.py for tasks to queue
[2024-11-23T03:06:15.394+0000] {logging_mixin.py:137} INFO - [2024-11-23T03:06:15.394+0000] {dagbag.py:538} INFO - Filling up the DagBag from /home/airflow/.local/lib/python3.7/site-packages/airflow/example_dags/example_short_circuit_operator.py
[2024-11-23T03:06:15.425+0000] {processor.py:753} INFO - DAG(s) dict_keys(['example_short_circuit_operator']) retrieved from /home/airflow/.local/lib/python3.7/site-packages/airflow/example_dags/example_short_circuit_operator.py
[2024-11-23T03:06:15.447+0000] {logging_mixin.py:137} INFO - [2024-11-23T03:06:15.447+0000] {dag.py:2690} INFO - Sync 1 DAGs
[2024-11-23T03:06:15.514+0000] {logging_mixin.py:137} INFO - [2024-11-23T03:06:15.514+0000] {dag.py:3441} INFO - Setting next_dagrun for example_short_circuit_operator to 2024-11-22T03:06:15.514303+00:00, run_after=2024-11-23T03:06:15.514303+00:00
[2024-11-23T03:06:15.560+0000] {processor.py:175} INFO - Processing /home/airflow/.local/lib/python3.7/site-packages/airflow/example_dags/example_short_circuit_operator.py took 0.178 seconds
[2024-11-23T03:06:46.430+0000] {processor.py:153} INFO - Started process (PID=146) to work on /home/airflow/.local/lib/python3.7/site-packages/airflow/example_dags/example_short_circuit_operator.py
[2024-11-23T03:06:46.431+0000] {processor.py:743} INFO - Processing file /home/airflow/.local/lib/python3.7/site-packages/airflow/example_dags/example_short_circuit_operator.py for tasks to queue
[2024-11-23T03:06:46.431+0000] {logging_mixin.py:137} INFO - [2024-11-23T03:06:46.431+0000] {dagbag.py:538} INFO - Filling up the DagBag from /home/airflow/.local/lib/python3.7/site-packages/airflow/example_dags/example_short_circuit_operator.py
[2024-11-23T03:06:46.442+0000] {processor.py:753} INFO - DAG(s) dict_keys(['example_short_circuit_operator']) retrieved from /home/airflow/.local/lib/python3.7/site-packages/airflow/example_dags/example_short_circuit_operator.py
[2024-11-23T03:06:46.460+0000] {logging_mixin.py:137} INFO - [2024-11-23T03:06:46.460+0000] {dag.py:2690} INFO - Sync 1 DAGs
[2024-11-23T03:06:46.476+0000] {logging_mixin.py:137} INFO - [2024-11-23T03:06:46.475+0000] {dag.py:3441} INFO - Setting next_dagrun for example_short_circuit_operator to 2024-11-22T03:06:46.475748+00:00, run_after=2024-11-23T03:06:46.475748+00:00
[2024-11-23T03:06:46.487+0000] {processor.py:175} INFO - Processing /home/airflow/.local/lib/python3.7/site-packages/airflow/example_dags/example_short_circuit_operator.py took 0.060 seconds
[2024-11-23T03:07:16.692+0000] {processor.py:153} INFO - Started process (PID=236) to work on /home/airflow/.local/lib/python3.7/site-packages/airflow/example_dags/example_short_circuit_operator.py
[2024-11-23T03:07:16.693+0000] {processor.py:743} INFO - Processing file /home/airflow/.local/lib/python3.7/site-packages/airflow/example_dags/example_short_circuit_operator.py for tasks to queue
[2024-11-23T03:07:16.694+0000] {logging_mixin.py:137} INFO - [2024-11-23T03:07:16.694+0000] {dagbag.py:538} INFO - Filling up the DagBag from /home/airflow/.local/lib/python3.7/site-packages/airflow/example_dags/example_short_circuit_operator.py
[2024-11-23T03:07:16.707+0000] {processor.py:753} INFO - DAG(s) dict_keys(['example_short_circuit_operator']) retrieved from /home/airflow/.local/lib/python3.7/site-packages/airflow/example_dags/example_short_circuit_operator.py
[2024-11-23T03:07:16.726+0000] {logging_mixin.py:137} INFO - [2024-11-23T03:07:16.726+0000] {dag.py:2690} INFO - Sync 1 DAGs
[2024-11-23T03:07:16.746+0000] {logging_mixin.py:137} INFO - [2024-11-23T03:07:16.746+0000] {dag.py:3441} INFO - Setting next_dagrun for example_short_circuit_operator to 2024-11-22T03:07:16.746236+00:00, run_after=2024-11-23T03:07:16.746236+00:00
[2024-11-23T03:07:16.766+0000] {processor.py:175} INFO - Processing /home/airflow/.local/lib/python3.7/site-packages/airflow/example_dags/example_short_circuit_operator.py took 0.078 seconds
[2024-11-23T03:07:47.132+0000] {processor.py:153} INFO - Started process (PID=310) to work on /home/airflow/.local/lib/python3.7/site-packages/airflow/example_dags/example_short_circuit_operator.py
[2024-11-23T03:07:47.133+0000] {processor.py:743} INFO - Processing file /home/airflow/.local/lib/python3.7/site-packages/airflow/example_dags/example_short_circuit_operator.py for tasks to queue
[2024-11-23T03:07:47.134+0000] {logging_mixin.py:137} INFO - [2024-11-23T03:07:47.134+0000] {dagbag.py:538} INFO - Filling up the DagBag from /home/airflow/.local/lib/python3.7/site-packages/airflow/example_dags/example_short_circuit_operator.py
[2024-11-23T03:07:47.146+0000] {processor.py:753} INFO - DAG(s) dict_keys(['example_short_circuit_operator']) retrieved from /home/airflow/.local/lib/python3.7/site-packages/airflow/example_dags/example_short_circuit_operator.py
[2024-11-23T03:07:47.166+0000] {logging_mixin.py:137} INFO - [2024-11-23T03:07:47.166+0000] {dag.py:2690} INFO - Sync 1 DAGs
[2024-11-23T03:07:47.186+0000] {logging_mixin.py:137} INFO - [2024-11-23T03:07:47.186+0000] {dag.py:3441} INFO - Setting next_dagrun for example_short_circuit_operator to 2024-11-22T03:07:47.186083+00:00, run_after=2024-11-23T03:07:47.186083+00:00
[2024-11-23T03:07:47.209+0000] {processor.py:175} INFO - Processing /home/airflow/.local/lib/python3.7/site-packages/airflow/example_dags/example_short_circuit_operator.py took 0.079 seconds
[2024-11-23T03:08:17.477+0000] {processor.py:153} INFO - Started process (PID=400) to work on /home/airflow/.local/lib/python3.7/site-packages/airflow/example_dags/example_short_circuit_operator.py
[2024-11-23T03:08:17.478+0000] {processor.py:743} INFO - Processing file /home/airflow/.local/lib/python3.7/site-packages/airflow/example_dags/example_short_circuit_operator.py for tasks to queue
[2024-11-23T03:08:17.478+0000] {logging_mixin.py:137} INFO - [2024-11-23T03:08:17.478+0000] {dagbag.py:538} INFO - Filling up the DagBag from /home/airflow/.local/lib/python3.7/site-packages/airflow/example_dags/example_short_circuit_operator.py
[2024-11-23T03:08:17.490+0000] {processor.py:753} INFO - DAG(s) dict_keys(['example_short_circuit_operator']) retrieved from /home/airflow/.local/lib/python3.7/site-packages/airflow/example_dags/example_short_circuit_operator.py
[2024-11-23T03:08:17.507+0000] {logging_mixin.py:137} INFO - [2024-11-23T03:08:17.507+0000] {dag.py:2690} INFO - Sync 1 DAGs
[2024-11-23T03:08:17.527+0000] {logging_mixin.py:137} INFO - [2024-11-23T03:08:17.527+0000] {dag.py:3441} INFO - Setting next_dagrun for example_short_circuit_operator to 2024-11-22T03:08:17.527331+00:00, run_after=2024-11-23T03:08:17.527331+00:00
[2024-11-23T03:08:17.545+0000] {processor.py:175} INFO - Processing /home/airflow/.local/lib/python3.7/site-packages/airflow/example_dags/example_short_circuit_operator.py took 0.070 seconds
[2024-11-23T03:08:47.647+0000] {processor.py:153} INFO - Started process (PID=473) to work on /home/airflow/.local/lib/python3.7/site-packages/airflow/example_dags/example_short_circuit_operator.py
[2024-11-23T03:08:47.649+0000] {processor.py:743} INFO - Processing file /home/airflow/.local/lib/python3.7/site-packages/airflow/example_dags/example_short_circuit_operator.py for tasks to queue
[2024-11-23T03:08:47.650+0000] {logging_mixin.py:137} INFO - [2024-11-23T03:08:47.650+0000] {dagbag.py:538} INFO - Filling up the DagBag from /home/airflow/.local/lib/python3.7/site-packages/airflow/example_dags/example_short_circuit_operator.py
[2024-11-23T03:08:47.665+0000] {processor.py:753} INFO - DAG(s) dict_keys(['example_short_circuit_operator']) retrieved from /home/airflow/.local/lib/python3.7/site-packages/airflow/example_dags/example_short_circuit_operator.py
[2024-11-23T03:08:47.688+0000] {logging_mixin.py:137} INFO - [2024-11-23T03:08:47.688+0000] {dag.py:2690} INFO - Sync 1 DAGs
[2024-11-23T03:08:47.706+0000] {logging_mixin.py:137} INFO - [2024-11-23T03:08:47.705+0000] {dag.py:3441} INFO - Setting next_dagrun for example_short_circuit_operator to 2024-11-22T03:08:47.705777+00:00, run_after=2024-11-23T03:08:47.705777+00:00
[2024-11-23T03:08:47.722+0000] {processor.py:175} INFO - Processing /home/airflow/.local/lib/python3.7/site-packages/airflow/example_dags/example_short_circuit_operator.py took 0.077 seconds
[2024-11-23T03:09:17.899+0000] {processor.py:153} INFO - Started process (PID=563) to work on /home/airflow/.local/lib/python3.7/site-packages/airflow/example_dags/example_short_circuit_operator.py
[2024-11-23T03:09:17.900+0000] {processor.py:743} INFO - Processing file /home/airflow/.local/lib/python3.7/site-packages/airflow/example_dags/example_short_circuit_operator.py for tasks to queue
[2024-11-23T03:09:17.901+0000] {logging_mixin.py:137} INFO - [2024-11-23T03:09:17.901+0000] {dagbag.py:538} INFO - Filling up the DagBag from /home/airflow/.local/lib/python3.7/site-packages/airflow/example_dags/example_short_circuit_operator.py
[2024-11-23T03:09:17.915+0000] {processor.py:753} INFO - DAG(s) dict_keys(['example_short_circuit_operator']) retrieved from /home/airflow/.local/lib/python3.7/site-packages/airflow/example_dags/example_short_circuit_operator.py
[2024-11-23T03:09:17.934+0000] {logging_mixin.py:137} INFO - [2024-11-23T03:09:17.934+0000] {dag.py:2690} INFO - Sync 1 DAGs
[2024-11-23T03:09:17.953+0000] {logging_mixin.py:137} INFO - [2024-11-23T03:09:17.953+0000] {dag.py:3441} INFO - Setting next_dagrun for example_short_circuit_operator to 2024-11-22T03:09:17.953069+00:00, run_after=2024-11-23T03:09:17.953069+00:00
[2024-11-23T03:09:17.970+0000] {processor.py:175} INFO - Processing /home/airflow/.local/lib/python3.7/site-packages/airflow/example_dags/example_short_circuit_operator.py took 0.073 seconds
[2024-11-23T03:09:48.061+0000] {processor.py:153} INFO - Started process (PID=637) to work on /home/airflow/.local/lib/python3.7/site-packages/airflow/example_dags/example_short_circuit_operator.py
[2024-11-23T03:09:48.064+0000] {processor.py:743} INFO - Processing file /home/airflow/.local/lib/python3.7/site-packages/airflow/example_dags/example_short_circuit_operator.py for tasks to queue
[2024-11-23T03:09:48.064+0000] {logging_mixin.py:137} INFO - [2024-11-23T03:09:48.064+0000] {dagbag.py:538} INFO - Filling up the DagBag from /home/airflow/.local/lib/python3.7/site-packages/airflow/example_dags/example_short_circuit_operator.py
[2024-11-23T03:09:48.076+0000] {processor.py:753} INFO - DAG(s) dict_keys(['example_short_circuit_operator']) retrieved from /home/airflow/.local/lib/python3.7/site-packages/airflow/example_dags/example_short_circuit_operator.py
[2024-11-23T03:09:48.095+0000] {logging_mixin.py:137} INFO - [2024-11-23T03:09:48.095+0000] {dag.py:2690} INFO - Sync 1 DAGs
[2024-11-23T03:09:48.116+0000] {logging_mixin.py:137} INFO - [2024-11-23T03:09:48.116+0000] {dag.py:3441} INFO - Setting next_dagrun for example_short_circuit_operator to 2024-11-22T03:09:48.116622+00:00, run_after=2024-11-23T03:09:48.116622+00:00
[2024-11-23T03:09:48.130+0000] {processor.py:175} INFO - Processing /home/airflow/.local/lib/python3.7/site-packages/airflow/example_dags/example_short_circuit_operator.py took 0.071 seconds
[2024-11-23T03:10:18.288+0000] {processor.py:153} INFO - Started process (PID=726) to work on /home/airflow/.local/lib/python3.7/site-packages/airflow/example_dags/example_short_circuit_operator.py
[2024-11-23T03:10:18.291+0000] {processor.py:743} INFO - Processing file /home/airflow/.local/lib/python3.7/site-packages/airflow/example_dags/example_short_circuit_operator.py for tasks to queue
[2024-11-23T03:10:18.292+0000] {logging_mixin.py:137} INFO - [2024-11-23T03:10:18.292+0000] {dagbag.py:538} INFO - Filling up the DagBag from /home/airflow/.local/lib/python3.7/site-packages/airflow/example_dags/example_short_circuit_operator.py
[2024-11-23T03:10:18.307+0000] {processor.py:753} INFO - DAG(s) dict_keys(['example_short_circuit_operator']) retrieved from /home/airflow/.local/lib/python3.7/site-packages/airflow/example_dags/example_short_circuit_operator.py
[2024-11-23T03:10:18.326+0000] {logging_mixin.py:137} INFO - [2024-11-23T03:10:18.326+0000] {dag.py:2690} INFO - Sync 1 DAGs
[2024-11-23T03:10:18.347+0000] {logging_mixin.py:137} INFO - [2024-11-23T03:10:18.347+0000] {dag.py:3441} INFO - Setting next_dagrun for example_short_circuit_operator to 2024-11-22T03:10:18.346879+00:00, run_after=2024-11-23T03:10:18.346879+00:00
[2024-11-23T03:10:18.359+0000] {processor.py:175} INFO - Processing /home/airflow/.local/lib/python3.7/site-packages/airflow/example_dags/example_short_circuit_operator.py took 0.074 seconds
[2024-11-23T03:10:49.740+0000] {processor.py:153} INFO - Started process (PID=816) to work on /home/airflow/.local/lib/python3.7/site-packages/airflow/example_dags/example_short_circuit_operator.py
[2024-11-23T03:10:49.742+0000] {processor.py:743} INFO - Processing file /home/airflow/.local/lib/python3.7/site-packages/airflow/example_dags/example_short_circuit_operator.py for tasks to queue
[2024-11-23T03:10:49.743+0000] {logging_mixin.py:137} INFO - [2024-11-23T03:10:49.743+0000] {dagbag.py:538} INFO - Filling up the DagBag from /home/airflow/.local/lib/python3.7/site-packages/airflow/example_dags/example_short_circuit_operator.py
[2024-11-23T03:10:49.756+0000] {processor.py:753} INFO - DAG(s) dict_keys(['example_short_circuit_operator']) retrieved from /home/airflow/.local/lib/python3.7/site-packages/airflow/example_dags/example_short_circuit_operator.py
[2024-11-23T03:10:49.780+0000] {logging_mixin.py:137} INFO - [2024-11-23T03:10:49.780+0000] {dag.py:2690} INFO - Sync 1 DAGs
[2024-11-23T03:10:49.803+0000] {logging_mixin.py:137} INFO - [2024-11-23T03:10:49.802+0000] {dag.py:3441} INFO - Setting next_dagrun for example_short_circuit_operator to 2024-11-22T03:10:49.802673+00:00, run_after=2024-11-23T03:10:49.802673+00:00
[2024-11-23T03:10:49.825+0000] {processor.py:175} INFO - Processing /home/airflow/.local/lib/python3.7/site-packages/airflow/example_dags/example_short_circuit_operator.py took 0.088 seconds
[2024-11-23T03:11:20.069+0000] {processor.py:153} INFO - Started process (PID=890) to work on /home/airflow/.local/lib/python3.7/site-packages/airflow/example_dags/example_short_circuit_operator.py
[2024-11-23T03:11:20.074+0000] {processor.py:743} INFO - Processing file /home/airflow/.local/lib/python3.7/site-packages/airflow/example_dags/example_short_circuit_operator.py for tasks to queue
[2024-11-23T03:11:20.074+0000] {logging_mixin.py:137} INFO - [2024-11-23T03:11:20.074+0000] {dagbag.py:538} INFO - Filling up the DagBag from /home/airflow/.local/lib/python3.7/site-packages/airflow/example_dags/example_short_circuit_operator.py
[2024-11-23T03:11:20.087+0000] {processor.py:753} INFO - DAG(s) dict_keys(['example_short_circuit_operator']) retrieved from /home/airflow/.local/lib/python3.7/site-packages/airflow/example_dags/example_short_circuit_operator.py
[2024-11-23T03:11:20.109+0000] {logging_mixin.py:137} INFO - [2024-11-23T03:11:20.109+0000] {dag.py:2690} INFO - Sync 1 DAGs
[2024-11-23T03:11:20.127+0000] {logging_mixin.py:137} INFO - [2024-11-23T03:11:20.127+0000] {dag.py:3441} INFO - Setting next_dagrun for example_short_circuit_operator to 2024-11-22T03:11:20.127121+00:00, run_after=2024-11-23T03:11:20.127121+00:00
[2024-11-23T03:11:20.142+0000] {processor.py:175} INFO - Processing /home/airflow/.local/lib/python3.7/site-packages/airflow/example_dags/example_short_circuit_operator.py took 0.075 seconds
[2024-11-23T03:11:50.390+0000] {processor.py:153} INFO - Started process (PID=980) to work on /home/airflow/.local/lib/python3.7/site-packages/airflow/example_dags/example_short_circuit_operator.py
[2024-11-23T03:11:50.391+0000] {processor.py:743} INFO - Processing file /home/airflow/.local/lib/python3.7/site-packages/airflow/example_dags/example_short_circuit_operator.py for tasks to queue
[2024-11-23T03:11:50.391+0000] {logging_mixin.py:137} INFO - [2024-11-23T03:11:50.391+0000] {dagbag.py:538} INFO - Filling up the DagBag from /home/airflow/.local/lib/python3.7/site-packages/airflow/example_dags/example_short_circuit_operator.py
[2024-11-23T03:11:50.403+0000] {processor.py:753} INFO - DAG(s) dict_keys(['example_short_circuit_operator']) retrieved from /home/airflow/.local/lib/python3.7/site-packages/airflow/example_dags/example_short_circuit_operator.py
[2024-11-23T03:11:50.420+0000] {logging_mixin.py:137} INFO - [2024-11-23T03:11:50.420+0000] {dag.py:2690} INFO - Sync 1 DAGs
[2024-11-23T03:11:50.439+0000] {logging_mixin.py:137} INFO - [2024-11-23T03:11:50.439+0000] {dag.py:3441} INFO - Setting next_dagrun for example_short_circuit_operator to 2024-11-22T03:11:50.439618+00:00, run_after=2024-11-23T03:11:50.439618+00:00
[2024-11-23T03:11:50.459+0000] {processor.py:175} INFO - Processing /home/airflow/.local/lib/python3.7/site-packages/airflow/example_dags/example_short_circuit_operator.py took 0.070 seconds
[2024-11-23T03:12:20.626+0000] {processor.py:153} INFO - Started process (PID=1054) to work on /home/airflow/.local/lib/python3.7/site-packages/airflow/example_dags/example_short_circuit_operator.py
[2024-11-23T03:12:20.626+0000] {processor.py:743} INFO - Processing file /home/airflow/.local/lib/python3.7/site-packages/airflow/example_dags/example_short_circuit_operator.py for tasks to queue
[2024-11-23T03:12:20.627+0000] {logging_mixin.py:137} INFO - [2024-11-23T03:12:20.626+0000] {dagbag.py:538} INFO - Filling up the DagBag from /home/airflow/.local/lib/python3.7/site-packages/airflow/example_dags/example_short_circuit_operator.py
[2024-11-23T03:12:20.638+0000] {processor.py:753} INFO - DAG(s) dict_keys(['example_short_circuit_operator']) retrieved from /home/airflow/.local/lib/python3.7/site-packages/airflow/example_dags/example_short_circuit_operator.py
[2024-11-23T03:12:20.655+0000] {logging_mixin.py:137} INFO - [2024-11-23T03:12:20.655+0000] {dag.py:2690} INFO - Sync 1 DAGs
[2024-11-23T03:12:20.673+0000] {logging_mixin.py:137} INFO - [2024-11-23T03:12:20.673+0000] {dag.py:3441} INFO - Setting next_dagrun for example_short_circuit_operator to 2024-11-22T03:12:20.673073+00:00, run_after=2024-11-23T03:12:20.673073+00:00
[2024-11-23T03:12:20.686+0000] {processor.py:175} INFO - Processing /home/airflow/.local/lib/python3.7/site-packages/airflow/example_dags/example_short_circuit_operator.py took 0.062 seconds
[2024-11-23T03:12:50.957+0000] {processor.py:153} INFO - Started process (PID=1144) to work on /home/airflow/.local/lib/python3.7/site-packages/airflow/example_dags/example_short_circuit_operator.py
[2024-11-23T03:12:50.958+0000] {processor.py:743} INFO - Processing file /home/airflow/.local/lib/python3.7/site-packages/airflow/example_dags/example_short_circuit_operator.py for tasks to queue
[2024-11-23T03:12:50.959+0000] {logging_mixin.py:137} INFO - [2024-11-23T03:12:50.958+0000] {dagbag.py:538} INFO - Filling up the DagBag from /home/airflow/.local/lib/python3.7/site-packages/airflow/example_dags/example_short_circuit_operator.py
[2024-11-23T03:12:50.972+0000] {processor.py:753} INFO - DAG(s) dict_keys(['example_short_circuit_operator']) retrieved from /home/airflow/.local/lib/python3.7/site-packages/airflow/example_dags/example_short_circuit_operator.py
[2024-11-23T03:12:50.998+0000] {logging_mixin.py:137} INFO - [2024-11-23T03:12:50.998+0000] {dag.py:2690} INFO - Sync 1 DAGs
[2024-11-23T03:12:51.021+0000] {logging_mixin.py:137} INFO - [2024-11-23T03:12:51.021+0000] {dag.py:3441} INFO - Setting next_dagrun for example_short_circuit_operator to 2024-11-22T03:12:51.021335+00:00, run_after=2024-11-23T03:12:51.021335+00:00
[2024-11-23T03:12:51.037+0000] {processor.py:175} INFO - Processing /home/airflow/.local/lib/python3.7/site-packages/airflow/example_dags/example_short_circuit_operator.py took 0.084 seconds
[2024-11-23T03:13:21.312+0000] {processor.py:153} INFO - Started process (PID=1218) to work on /home/airflow/.local/lib/python3.7/site-packages/airflow/example_dags/example_short_circuit_operator.py
[2024-11-23T03:13:21.313+0000] {processor.py:743} INFO - Processing file /home/airflow/.local/lib/python3.7/site-packages/airflow/example_dags/example_short_circuit_operator.py for tasks to queue
[2024-11-23T03:13:21.317+0000] {logging_mixin.py:137} INFO - [2024-11-23T03:13:21.317+0000] {dagbag.py:538} INFO - Filling up the DagBag from /home/airflow/.local/lib/python3.7/site-packages/airflow/example_dags/example_short_circuit_operator.py
[2024-11-23T03:13:21.329+0000] {processor.py:753} INFO - DAG(s) dict_keys(['example_short_circuit_operator']) retrieved from /home/airflow/.local/lib/python3.7/site-packages/airflow/example_dags/example_short_circuit_operator.py
[2024-11-23T03:13:21.354+0000] {logging_mixin.py:137} INFO - [2024-11-23T03:13:21.354+0000] {dag.py:2690} INFO - Sync 1 DAGs
[2024-11-23T03:13:21.374+0000] {logging_mixin.py:137} INFO - [2024-11-23T03:13:21.374+0000] {dag.py:3441} INFO - Setting next_dagrun for example_short_circuit_operator to 2024-11-22T03:13:21.373911+00:00, run_after=2024-11-23T03:13:21.373911+00:00
[2024-11-23T03:13:21.386+0000] {processor.py:175} INFO - Processing /home/airflow/.local/lib/python3.7/site-packages/airflow/example_dags/example_short_circuit_operator.py took 0.077 seconds
[2024-11-23T03:13:51.524+0000] {processor.py:153} INFO - Started process (PID=1308) to work on /home/airflow/.local/lib/python3.7/site-packages/airflow/example_dags/example_short_circuit_operator.py
[2024-11-23T03:13:51.525+0000] {processor.py:743} INFO - Processing file /home/airflow/.local/lib/python3.7/site-packages/airflow/example_dags/example_short_circuit_operator.py for tasks to queue
[2024-11-23T03:13:51.526+0000] {logging_mixin.py:137} INFO - [2024-11-23T03:13:51.526+0000] {dagbag.py:538} INFO - Filling up the DagBag from /home/airflow/.local/lib/python3.7/site-packages/airflow/example_dags/example_short_circuit_operator.py
[2024-11-23T03:13:51.537+0000] {processor.py:753} INFO - DAG(s) dict_keys(['example_short_circuit_operator']) retrieved from /home/airflow/.local/lib/python3.7/site-packages/airflow/example_dags/example_short_circuit_operator.py
[2024-11-23T03:13:51.556+0000] {logging_mixin.py:137} INFO - [2024-11-23T03:13:51.556+0000] {dag.py:2690} INFO - Sync 1 DAGs
[2024-11-23T03:13:51.578+0000] {logging_mixin.py:137} INFO - [2024-11-23T03:13:51.578+0000] {dag.py:3441} INFO - Setting next_dagrun for example_short_circuit_operator to 2024-11-22T03:13:51.578422+00:00, run_after=2024-11-23T03:13:51.578422+00:00
[2024-11-23T03:13:51.596+0000] {processor.py:175} INFO - Processing /home/airflow/.local/lib/python3.7/site-packages/airflow/example_dags/example_short_circuit_operator.py took 0.074 seconds
[2024-11-23T03:14:21.651+0000] {processor.py:153} INFO - Started process (PID=1382) to work on /home/airflow/.local/lib/python3.7/site-packages/airflow/example_dags/example_short_circuit_operator.py
[2024-11-23T03:14:21.652+0000] {processor.py:743} INFO - Processing file /home/airflow/.local/lib/python3.7/site-packages/airflow/example_dags/example_short_circuit_operator.py for tasks to queue
[2024-11-23T03:14:21.652+0000] {logging_mixin.py:137} INFO - [2024-11-23T03:14:21.652+0000] {dagbag.py:538} INFO - Filling up the DagBag from /home/airflow/.local/lib/python3.7/site-packages/airflow/example_dags/example_short_circuit_operator.py
[2024-11-23T03:14:21.663+0000] {processor.py:753} INFO - DAG(s) dict_keys(['example_short_circuit_operator']) retrieved from /home/airflow/.local/lib/python3.7/site-packages/airflow/example_dags/example_short_circuit_operator.py
[2024-11-23T03:14:21.685+0000] {logging_mixin.py:137} INFO - [2024-11-23T03:14:21.685+0000] {dag.py:2690} INFO - Sync 1 DAGs
[2024-11-23T03:14:21.703+0000] {logging_mixin.py:137} INFO - [2024-11-23T03:14:21.703+0000] {dag.py:3441} INFO - Setting next_dagrun for example_short_circuit_operator to 2024-11-22T03:14:21.702909+00:00, run_after=2024-11-23T03:14:21.702909+00:00
[2024-11-23T03:14:21.718+0000] {processor.py:175} INFO - Processing /home/airflow/.local/lib/python3.7/site-packages/airflow/example_dags/example_short_circuit_operator.py took 0.070 seconds
[2024-11-23T03:14:52.134+0000] {processor.py:153} INFO - Started process (PID=1472) to work on /home/airflow/.local/lib/python3.7/site-packages/airflow/example_dags/example_short_circuit_operator.py
[2024-11-23T03:14:52.135+0000] {processor.py:743} INFO - Processing file /home/airflow/.local/lib/python3.7/site-packages/airflow/example_dags/example_short_circuit_operator.py for tasks to queue
[2024-11-23T03:14:52.135+0000] {logging_mixin.py:137} INFO - [2024-11-23T03:14:52.135+0000] {dagbag.py:538} INFO - Filling up the DagBag from /home/airflow/.local/lib/python3.7/site-packages/airflow/example_dags/example_short_circuit_operator.py
[2024-11-23T03:14:52.146+0000] {processor.py:753} INFO - DAG(s) dict_keys(['example_short_circuit_operator']) retrieved from /home/airflow/.local/lib/python3.7/site-packages/airflow/example_dags/example_short_circuit_operator.py
[2024-11-23T03:14:52.164+0000] {logging_mixin.py:137} INFO - [2024-11-23T03:14:52.164+0000] {dag.py:2690} INFO - Sync 1 DAGs
[2024-11-23T03:14:52.180+0000] {logging_mixin.py:137} INFO - [2024-11-23T03:14:52.180+0000] {dag.py:3441} INFO - Setting next_dagrun for example_short_circuit_operator to 2024-11-22T03:14:52.180428+00:00, run_after=2024-11-23T03:14:52.180428+00:00
[2024-11-23T03:14:52.191+0000] {processor.py:175} INFO - Processing /home/airflow/.local/lib/python3.7/site-packages/airflow/example_dags/example_short_circuit_operator.py took 0.059 seconds
[2024-11-23T03:15:22.895+0000] {processor.py:153} INFO - Started process (PID=1562) to work on /home/airflow/.local/lib/python3.7/site-packages/airflow/example_dags/example_short_circuit_operator.py
[2024-11-23T03:15:22.897+0000] {processor.py:743} INFO - Processing file /home/airflow/.local/lib/python3.7/site-packages/airflow/example_dags/example_short_circuit_operator.py for tasks to queue
[2024-11-23T03:15:22.898+0000] {logging_mixin.py:137} INFO - [2024-11-23T03:15:22.898+0000] {dagbag.py:538} INFO - Filling up the DagBag from /home/airflow/.local/lib/python3.7/site-packages/airflow/example_dags/example_short_circuit_operator.py
[2024-11-23T03:15:22.919+0000] {processor.py:753} INFO - DAG(s) dict_keys(['example_short_circuit_operator']) retrieved from /home/airflow/.local/lib/python3.7/site-packages/airflow/example_dags/example_short_circuit_operator.py
[2024-11-23T03:15:22.949+0000] {logging_mixin.py:137} INFO - [2024-11-23T03:15:22.949+0000] {dag.py:2690} INFO - Sync 1 DAGs
[2024-11-23T03:15:22.970+0000] {logging_mixin.py:137} INFO - [2024-11-23T03:15:22.970+0000] {dag.py:3441} INFO - Setting next_dagrun for example_short_circuit_operator to 2024-11-22T03:15:22.969921+00:00, run_after=2024-11-23T03:15:22.969921+00:00
[2024-11-23T03:15:22.989+0000] {processor.py:175} INFO - Processing /home/airflow/.local/lib/python3.7/site-packages/airflow/example_dags/example_short_circuit_operator.py took 0.097 seconds
[2024-11-23T03:15:53.189+0000] {processor.py:153} INFO - Started process (PID=1636) to work on /home/airflow/.local/lib/python3.7/site-packages/airflow/example_dags/example_short_circuit_operator.py
[2024-11-23T03:15:53.190+0000] {processor.py:743} INFO - Processing file /home/airflow/.local/lib/python3.7/site-packages/airflow/example_dags/example_short_circuit_operator.py for tasks to queue
[2024-11-23T03:15:53.191+0000] {logging_mixin.py:137} INFO - [2024-11-23T03:15:53.191+0000] {dagbag.py:538} INFO - Filling up the DagBag from /home/airflow/.local/lib/python3.7/site-packages/airflow/example_dags/example_short_circuit_operator.py
[2024-11-23T03:15:53.203+0000] {processor.py:753} INFO - DAG(s) dict_keys(['example_short_circuit_operator']) retrieved from /home/airflow/.local/lib/python3.7/site-packages/airflow/example_dags/example_short_circuit_operator.py
[2024-11-23T03:15:53.223+0000] {logging_mixin.py:137} INFO - [2024-11-23T03:15:53.223+0000] {dag.py:2690} INFO - Sync 1 DAGs
[2024-11-23T03:15:53.241+0000] {logging_mixin.py:137} INFO - [2024-11-23T03:15:53.241+0000] {dag.py:3441} INFO - Setting next_dagrun for example_short_circuit_operator to 2024-11-22T03:15:53.241101+00:00, run_after=2024-11-23T03:15:53.241101+00:00
[2024-11-23T03:15:53.254+0000] {processor.py:175} INFO - Processing /home/airflow/.local/lib/python3.7/site-packages/airflow/example_dags/example_short_circuit_operator.py took 0.068 seconds
[2024-11-23T03:16:23.420+0000] {processor.py:153} INFO - Started process (PID=1726) to work on /home/airflow/.local/lib/python3.7/site-packages/airflow/example_dags/example_short_circuit_operator.py
[2024-11-23T03:16:23.421+0000] {processor.py:743} INFO - Processing file /home/airflow/.local/lib/python3.7/site-packages/airflow/example_dags/example_short_circuit_operator.py for tasks to queue
[2024-11-23T03:16:23.421+0000] {logging_mixin.py:137} INFO - [2024-11-23T03:16:23.421+0000] {dagbag.py:538} INFO - Filling up the DagBag from /home/airflow/.local/lib/python3.7/site-packages/airflow/example_dags/example_short_circuit_operator.py
[2024-11-23T03:16:23.434+0000] {processor.py:753} INFO - DAG(s) dict_keys(['example_short_circuit_operator']) retrieved from /home/airflow/.local/lib/python3.7/site-packages/airflow/example_dags/example_short_circuit_operator.py
[2024-11-23T03:16:23.454+0000] {logging_mixin.py:137} INFO - [2024-11-23T03:16:23.454+0000] {dag.py:2690} INFO - Sync 1 DAGs
[2024-11-23T03:16:23.473+0000] {logging_mixin.py:137} INFO - [2024-11-23T03:16:23.473+0000] {dag.py:3441} INFO - Setting next_dagrun for example_short_circuit_operator to 2024-11-22T03:16:23.473014+00:00, run_after=2024-11-23T03:16:23.473014+00:00
[2024-11-23T03:16:23.486+0000] {processor.py:175} INFO - Processing /home/airflow/.local/lib/python3.7/site-packages/airflow/example_dags/example_short_circuit_operator.py took 0.069 seconds
[2024-11-23T03:16:53.617+0000] {processor.py:153} INFO - Started process (PID=1800) to work on /home/airflow/.local/lib/python3.7/site-packages/airflow/example_dags/example_short_circuit_operator.py
[2024-11-23T03:16:53.618+0000] {processor.py:743} INFO - Processing file /home/airflow/.local/lib/python3.7/site-packages/airflow/example_dags/example_short_circuit_operator.py for tasks to queue
[2024-11-23T03:16:53.619+0000] {logging_mixin.py:137} INFO - [2024-11-23T03:16:53.619+0000] {dagbag.py:538} INFO - Filling up the DagBag from /home/airflow/.local/lib/python3.7/site-packages/airflow/example_dags/example_short_circuit_operator.py
[2024-11-23T03:16:53.634+0000] {processor.py:753} INFO - DAG(s) dict_keys(['example_short_circuit_operator']) retrieved from /home/airflow/.local/lib/python3.7/site-packages/airflow/example_dags/example_short_circuit_operator.py
[2024-11-23T03:16:53.669+0000] {logging_mixin.py:137} INFO - [2024-11-23T03:16:53.669+0000] {dag.py:2690} INFO - Sync 1 DAGs
[2024-11-23T03:16:53.692+0000] {logging_mixin.py:137} INFO - [2024-11-23T03:16:53.692+0000] {dag.py:3441} INFO - Setting next_dagrun for example_short_circuit_operator to 2024-11-22T03:16:53.691916+00:00, run_after=2024-11-23T03:16:53.691916+00:00
[2024-11-23T03:16:53.710+0000] {processor.py:175} INFO - Processing /home/airflow/.local/lib/python3.7/site-packages/airflow/example_dags/example_short_circuit_operator.py took 0.096 seconds
[2024-11-23T03:17:23.796+0000] {processor.py:153} INFO - Started process (PID=1890) to work on /home/airflow/.local/lib/python3.7/site-packages/airflow/example_dags/example_short_circuit_operator.py
[2024-11-23T03:17:23.796+0000] {processor.py:743} INFO - Processing file /home/airflow/.local/lib/python3.7/site-packages/airflow/example_dags/example_short_circuit_operator.py for tasks to queue
[2024-11-23T03:17:23.797+0000] {logging_mixin.py:137} INFO - [2024-11-23T03:17:23.797+0000] {dagbag.py:538} INFO - Filling up the DagBag from /home/airflow/.local/lib/python3.7/site-packages/airflow/example_dags/example_short_circuit_operator.py
[2024-11-23T03:17:23.810+0000] {processor.py:753} INFO - DAG(s) dict_keys(['example_short_circuit_operator']) retrieved from /home/airflow/.local/lib/python3.7/site-packages/airflow/example_dags/example_short_circuit_operator.py
[2024-11-23T03:17:23.829+0000] {logging_mixin.py:137} INFO - [2024-11-23T03:17:23.828+0000] {dag.py:2690} INFO - Sync 1 DAGs
[2024-11-23T03:17:23.847+0000] {logging_mixin.py:137} INFO - [2024-11-23T03:17:23.847+0000] {dag.py:3441} INFO - Setting next_dagrun for example_short_circuit_operator to 2024-11-22T03:17:23.847225+00:00, run_after=2024-11-23T03:17:23.847225+00:00
[2024-11-23T03:17:23.862+0000] {processor.py:175} INFO - Processing /home/airflow/.local/lib/python3.7/site-packages/airflow/example_dags/example_short_circuit_operator.py took 0.070 seconds
[2024-11-23T03:17:53.921+0000] {processor.py:153} INFO - Started process (PID=1963) to work on /home/airflow/.local/lib/python3.7/site-packages/airflow/example_dags/example_short_circuit_operator.py
[2024-11-23T03:17:53.922+0000] {processor.py:743} INFO - Processing file /home/airflow/.local/lib/python3.7/site-packages/airflow/example_dags/example_short_circuit_operator.py for tasks to queue
[2024-11-23T03:17:53.922+0000] {logging_mixin.py:137} INFO - [2024-11-23T03:17:53.922+0000] {dagbag.py:538} INFO - Filling up the DagBag from /home/airflow/.local/lib/python3.7/site-packages/airflow/example_dags/example_short_circuit_operator.py
[2024-11-23T03:17:53.933+0000] {processor.py:753} INFO - DAG(s) dict_keys(['example_short_circuit_operator']) retrieved from /home/airflow/.local/lib/python3.7/site-packages/airflow/example_dags/example_short_circuit_operator.py
[2024-11-23T03:17:53.951+0000] {logging_mixin.py:137} INFO - [2024-11-23T03:17:53.951+0000] {dag.py:2690} INFO - Sync 1 DAGs
[2024-11-23T03:17:53.970+0000] {logging_mixin.py:137} INFO - [2024-11-23T03:17:53.970+0000] {dag.py:3441} INFO - Setting next_dagrun for example_short_circuit_operator to 2024-11-22T03:17:53.969986+00:00, run_after=2024-11-23T03:17:53.969986+00:00
[2024-11-23T03:17:53.983+0000] {processor.py:175} INFO - Processing /home/airflow/.local/lib/python3.7/site-packages/airflow/example_dags/example_short_circuit_operator.py took 0.065 seconds
[2024-11-23T03:18:24.307+0000] {processor.py:153} INFO - Started process (PID=2052) to work on /home/airflow/.local/lib/python3.7/site-packages/airflow/example_dags/example_short_circuit_operator.py
[2024-11-23T03:18:24.310+0000] {processor.py:743} INFO - Processing file /home/airflow/.local/lib/python3.7/site-packages/airflow/example_dags/example_short_circuit_operator.py for tasks to queue
[2024-11-23T03:18:24.311+0000] {logging_mixin.py:137} INFO - [2024-11-23T03:18:24.311+0000] {dagbag.py:538} INFO - Filling up the DagBag from /home/airflow/.local/lib/python3.7/site-packages/airflow/example_dags/example_short_circuit_operator.py
[2024-11-23T03:18:24.322+0000] {processor.py:753} INFO - DAG(s) dict_keys(['example_short_circuit_operator']) retrieved from /home/airflow/.local/lib/python3.7/site-packages/airflow/example_dags/example_short_circuit_operator.py
[2024-11-23T03:18:24.341+0000] {logging_mixin.py:137} INFO - [2024-11-23T03:18:24.341+0000] {dag.py:2690} INFO - Sync 1 DAGs
[2024-11-23T03:18:24.363+0000] {logging_mixin.py:137} INFO - [2024-11-23T03:18:24.362+0000] {dag.py:3441} INFO - Setting next_dagrun for example_short_circuit_operator to 2024-11-22T03:18:24.362717+00:00, run_after=2024-11-23T03:18:24.362717+00:00
[2024-11-23T03:18:24.376+0000] {processor.py:175} INFO - Processing /home/airflow/.local/lib/python3.7/site-packages/airflow/example_dags/example_short_circuit_operator.py took 0.071 seconds
[2024-11-23T03:18:54.447+0000] {processor.py:153} INFO - Started process (PID=2126) to work on /home/airflow/.local/lib/python3.7/site-packages/airflow/example_dags/example_short_circuit_operator.py
[2024-11-23T03:18:54.451+0000] {processor.py:743} INFO - Processing file /home/airflow/.local/lib/python3.7/site-packages/airflow/example_dags/example_short_circuit_operator.py for tasks to queue
[2024-11-23T03:18:54.451+0000] {logging_mixin.py:137} INFO - [2024-11-23T03:18:54.451+0000] {dagbag.py:538} INFO - Filling up the DagBag from /home/airflow/.local/lib/python3.7/site-packages/airflow/example_dags/example_short_circuit_operator.py
[2024-11-23T03:18:54.463+0000] {processor.py:753} INFO - DAG(s) dict_keys(['example_short_circuit_operator']) retrieved from /home/airflow/.local/lib/python3.7/site-packages/airflow/example_dags/example_short_circuit_operator.py
[2024-11-23T03:18:54.481+0000] {logging_mixin.py:137} INFO - [2024-11-23T03:18:54.480+0000] {dag.py:2690} INFO - Sync 1 DAGs
[2024-11-23T03:18:54.501+0000] {logging_mixin.py:137} INFO - [2024-11-23T03:18:54.501+0000] {dag.py:3441} INFO - Setting next_dagrun for example_short_circuit_operator to 2024-11-22T03:18:54.501170+00:00, run_after=2024-11-23T03:18:54.501170+00:00
[2024-11-23T03:18:54.516+0000] {processor.py:175} INFO - Processing /home/airflow/.local/lib/python3.7/site-packages/airflow/example_dags/example_short_circuit_operator.py took 0.071 seconds
[2024-11-23T03:19:24.799+0000] {processor.py:153} INFO - Started process (PID=2215) to work on /home/airflow/.local/lib/python3.7/site-packages/airflow/example_dags/example_short_circuit_operator.py
[2024-11-23T03:19:24.800+0000] {processor.py:743} INFO - Processing file /home/airflow/.local/lib/python3.7/site-packages/airflow/example_dags/example_short_circuit_operator.py for tasks to queue
[2024-11-23T03:19:24.801+0000] {logging_mixin.py:137} INFO - [2024-11-23T03:19:24.800+0000] {dagbag.py:538} INFO - Filling up the DagBag from /home/airflow/.local/lib/python3.7/site-packages/airflow/example_dags/example_short_circuit_operator.py
[2024-11-23T03:19:24.816+0000] {processor.py:753} INFO - DAG(s) dict_keys(['example_short_circuit_operator']) retrieved from /home/airflow/.local/lib/python3.7/site-packages/airflow/example_dags/example_short_circuit_operator.py
[2024-11-23T03:19:24.844+0000] {logging_mixin.py:137} INFO - [2024-11-23T03:19:24.844+0000] {dag.py:2690} INFO - Sync 1 DAGs
[2024-11-23T03:19:24.874+0000] {logging_mixin.py:137} INFO - [2024-11-23T03:19:24.874+0000] {dag.py:3441} INFO - Setting next_dagrun for example_short_circuit_operator to 2024-11-22T03:19:24.874279+00:00, run_after=2024-11-23T03:19:24.874279+00:00
[2024-11-23T03:19:24.957+0000] {processor.py:175} INFO - Processing /home/airflow/.local/lib/python3.7/site-packages/airflow/example_dags/example_short_circuit_operator.py took 0.161 seconds
[2024-11-23T03:19:55.785+0000] {processor.py:153} INFO - Started process (PID=2298) to work on /home/airflow/.local/lib/python3.7/site-packages/airflow/example_dags/example_short_circuit_operator.py
[2024-11-23T03:19:55.786+0000] {processor.py:743} INFO - Processing file /home/airflow/.local/lib/python3.7/site-packages/airflow/example_dags/example_short_circuit_operator.py for tasks to queue
[2024-11-23T03:19:55.791+0000] {logging_mixin.py:137} INFO - [2024-11-23T03:19:55.791+0000] {dagbag.py:538} INFO - Filling up the DagBag from /home/airflow/.local/lib/python3.7/site-packages/airflow/example_dags/example_short_circuit_operator.py
[2024-11-23T03:19:55.808+0000] {processor.py:753} INFO - DAG(s) dict_keys(['example_short_circuit_operator']) retrieved from /home/airflow/.local/lib/python3.7/site-packages/airflow/example_dags/example_short_circuit_operator.py
[2024-11-23T03:19:55.841+0000] {logging_mixin.py:137} INFO - [2024-11-23T03:19:55.841+0000] {dag.py:2690} INFO - Sync 1 DAGs
[2024-11-23T03:19:55.873+0000] {logging_mixin.py:137} INFO - [2024-11-23T03:19:55.872+0000] {dag.py:3441} INFO - Setting next_dagrun for example_short_circuit_operator to 2024-11-22T03:19:55.872280+00:00, run_after=2024-11-23T03:19:55.872280+00:00
[2024-11-23T03:19:55.903+0000] {processor.py:175} INFO - Processing /home/airflow/.local/lib/python3.7/site-packages/airflow/example_dags/example_short_circuit_operator.py took 0.121 seconds
