[2024-11-23T02:53:03.561+0000] {processor.py:153} INFO - Started process (PID=81) to work on /home/airflow/.local/lib/python3.7/site-packages/airflow/example_dags/example_branch_day_of_week_operator.py
[2024-11-23T02:53:03.565+0000] {processor.py:743} INFO - Processing file /home/airflow/.local/lib/python3.7/site-packages/airflow/example_dags/example_branch_day_of_week_operator.py for tasks to queue
[2024-11-23T02:53:03.573+0000] {logging_mixin.py:137} INFO - [2024-11-23T02:53:03.568+0000] {dagbag.py:538} INFO - Filling up the DagBag from /home/airflow/.local/lib/python3.7/site-packages/airflow/example_dags/example_branch_day_of_week_operator.py
[2024-11-23T02:53:03.659+0000] {processor.py:753} INFO - DAG(s) dict_keys(['example_weekday_branch_operator']) retrieved from /home/airflow/.local/lib/python3.7/site-packages/airflow/example_dags/example_branch_day_of_week_operator.py
[2024-11-23T02:53:03.696+0000] {logging_mixin.py:137} INFO - [2024-11-23T02:53:03.696+0000] {dag.py:2690} INFO - Sync 1 DAGs
[2024-11-23T02:53:03.759+0000] {logging_mixin.py:137} INFO - [2024-11-23T02:53:03.759+0000] {dag.py:3441} INFO - Setting next_dagrun for example_weekday_branch_operator to 2024-11-22T00:00:00+00:00, run_after=2024-11-23T00:00:00+00:00
[2024-11-23T02:53:03.812+0000] {processor.py:175} INFO - Processing /home/airflow/.local/lib/python3.7/site-packages/airflow/example_dags/example_branch_day_of_week_operator.py took 0.259 seconds
[2024-11-23T02:53:34.080+0000] {processor.py:153} INFO - Started process (PID=155) to work on /home/airflow/.local/lib/python3.7/site-packages/airflow/example_dags/example_branch_day_of_week_operator.py
[2024-11-23T02:53:34.084+0000] {processor.py:743} INFO - Processing file /home/airflow/.local/lib/python3.7/site-packages/airflow/example_dags/example_branch_day_of_week_operator.py for tasks to queue
[2024-11-23T02:53:34.085+0000] {logging_mixin.py:137} INFO - [2024-11-23T02:53:34.085+0000] {dagbag.py:538} INFO - Filling up the DagBag from /home/airflow/.local/lib/python3.7/site-packages/airflow/example_dags/example_branch_day_of_week_operator.py
[2024-11-23T02:53:34.095+0000] {processor.py:753} INFO - DAG(s) dict_keys(['example_weekday_branch_operator']) retrieved from /home/airflow/.local/lib/python3.7/site-packages/airflow/example_dags/example_branch_day_of_week_operator.py
[2024-11-23T02:53:34.111+0000] {logging_mixin.py:137} INFO - [2024-11-23T02:53:34.111+0000] {dag.py:2690} INFO - Sync 1 DAGs
[2024-11-23T02:53:34.129+0000] {logging_mixin.py:137} INFO - [2024-11-23T02:53:34.129+0000] {dag.py:3441} INFO - Setting next_dagrun for example_weekday_branch_operator to 2024-11-22T00:00:00+00:00, run_after=2024-11-23T00:00:00+00:00
[2024-11-23T02:53:34.139+0000] {processor.py:175} INFO - Processing /home/airflow/.local/lib/python3.7/site-packages/airflow/example_dags/example_branch_day_of_week_operator.py took 0.062 seconds
[2024-11-23T02:54:04.832+0000] {processor.py:153} INFO - Started process (PID=238) to work on /home/airflow/.local/lib/python3.7/site-packages/airflow/example_dags/example_branch_day_of_week_operator.py
[2024-11-23T02:54:04.833+0000] {processor.py:743} INFO - Processing file /home/airflow/.local/lib/python3.7/site-packages/airflow/example_dags/example_branch_day_of_week_operator.py for tasks to queue
[2024-11-23T02:54:04.835+0000] {logging_mixin.py:137} INFO - [2024-11-23T02:54:04.834+0000] {dagbag.py:538} INFO - Filling up the DagBag from /home/airflow/.local/lib/python3.7/site-packages/airflow/example_dags/example_branch_day_of_week_operator.py
[2024-11-23T02:54:04.852+0000] {processor.py:753} INFO - DAG(s) dict_keys(['example_weekday_branch_operator']) retrieved from /home/airflow/.local/lib/python3.7/site-packages/airflow/example_dags/example_branch_day_of_week_operator.py
[2024-11-23T02:54:04.888+0000] {logging_mixin.py:137} INFO - [2024-11-23T02:54:04.888+0000] {dag.py:2690} INFO - Sync 1 DAGs
[2024-11-23T02:54:04.923+0000] {logging_mixin.py:137} INFO - [2024-11-23T02:54:04.923+0000] {dag.py:3441} INFO - Setting next_dagrun for example_weekday_branch_operator to 2024-11-22T00:00:00+00:00, run_after=2024-11-23T00:00:00+00:00
[2024-11-23T02:54:04.950+0000] {processor.py:175} INFO - Processing /home/airflow/.local/lib/python3.7/site-packages/airflow/example_dags/example_branch_day_of_week_operator.py took 0.122 seconds
[2024-11-23T02:54:35.798+0000] {processor.py:153} INFO - Started process (PID=319) to work on /home/airflow/.local/lib/python3.7/site-packages/airflow/example_dags/example_branch_day_of_week_operator.py
[2024-11-23T02:54:35.799+0000] {processor.py:743} INFO - Processing file /home/airflow/.local/lib/python3.7/site-packages/airflow/example_dags/example_branch_day_of_week_operator.py for tasks to queue
[2024-11-23T02:54:35.802+0000] {logging_mixin.py:137} INFO - [2024-11-23T02:54:35.802+0000] {dagbag.py:538} INFO - Filling up the DagBag from /home/airflow/.local/lib/python3.7/site-packages/airflow/example_dags/example_branch_day_of_week_operator.py
[2024-11-23T02:54:35.816+0000] {processor.py:753} INFO - DAG(s) dict_keys(['example_weekday_branch_operator']) retrieved from /home/airflow/.local/lib/python3.7/site-packages/airflow/example_dags/example_branch_day_of_week_operator.py
[2024-11-23T02:54:35.837+0000] {logging_mixin.py:137} INFO - [2024-11-23T02:54:35.837+0000] {dag.py:2690} INFO - Sync 1 DAGs
[2024-11-23T02:54:35.855+0000] {logging_mixin.py:137} INFO - [2024-11-23T02:54:35.855+0000] {dag.py:3441} INFO - Setting next_dagrun for example_weekday_branch_operator to 2024-11-22T00:00:00+00:00, run_after=2024-11-23T00:00:00+00:00
[2024-11-23T02:54:35.873+0000] {processor.py:175} INFO - Processing /home/airflow/.local/lib/python3.7/site-packages/airflow/example_dags/example_branch_day_of_week_operator.py took 0.078 seconds
[2024-11-23T02:55:30.564+0000] {processor.py:153} INFO - Started process (PID=74) to work on /home/airflow/.local/lib/python3.7/site-packages/airflow/example_dags/example_branch_day_of_week_operator.py
[2024-11-23T02:55:30.573+0000] {processor.py:743} INFO - Processing file /home/airflow/.local/lib/python3.7/site-packages/airflow/example_dags/example_branch_day_of_week_operator.py for tasks to queue
[2024-11-23T02:55:30.581+0000] {logging_mixin.py:137} INFO - [2024-11-23T02:55:30.580+0000] {dagbag.py:538} INFO - Filling up the DagBag from /home/airflow/.local/lib/python3.7/site-packages/airflow/example_dags/example_branch_day_of_week_operator.py
[2024-11-23T02:55:30.652+0000] {processor.py:753} INFO - DAG(s) dict_keys(['example_weekday_branch_operator']) retrieved from /home/airflow/.local/lib/python3.7/site-packages/airflow/example_dags/example_branch_day_of_week_operator.py
[2024-11-23T02:55:30.693+0000] {logging_mixin.py:137} INFO - [2024-11-23T02:55:30.692+0000] {dag.py:2690} INFO - Sync 1 DAGs
[2024-11-23T02:55:30.751+0000] {logging_mixin.py:137} INFO - [2024-11-23T02:55:30.751+0000] {dag.py:3441} INFO - Setting next_dagrun for example_weekday_branch_operator to 2024-11-22T00:00:00+00:00, run_after=2024-11-23T00:00:00+00:00
[2024-11-23T02:55:30.815+0000] {processor.py:175} INFO - Processing /home/airflow/.local/lib/python3.7/site-packages/airflow/example_dags/example_branch_day_of_week_operator.py took 0.258 seconds
[2024-11-23T02:56:03.334+0000] {processor.py:153} INFO - Started process (PID=155) to work on /home/airflow/.local/lib/python3.7/site-packages/airflow/example_dags/example_branch_day_of_week_operator.py
[2024-11-23T02:56:03.338+0000] {processor.py:743} INFO - Processing file /home/airflow/.local/lib/python3.7/site-packages/airflow/example_dags/example_branch_day_of_week_operator.py for tasks to queue
[2024-11-23T02:56:03.344+0000] {logging_mixin.py:137} INFO - [2024-11-23T02:56:03.343+0000] {dagbag.py:538} INFO - Filling up the DagBag from /home/airflow/.local/lib/python3.7/site-packages/airflow/example_dags/example_branch_day_of_week_operator.py
[2024-11-23T02:56:03.356+0000] {processor.py:753} INFO - DAG(s) dict_keys(['example_weekday_branch_operator']) retrieved from /home/airflow/.local/lib/python3.7/site-packages/airflow/example_dags/example_branch_day_of_week_operator.py
[2024-11-23T02:56:03.379+0000] {logging_mixin.py:137} INFO - [2024-11-23T02:56:03.379+0000] {dag.py:2690} INFO - Sync 1 DAGs
[2024-11-23T02:56:03.400+0000] {logging_mixin.py:137} INFO - [2024-11-23T02:56:03.400+0000] {dag.py:3441} INFO - Setting next_dagrun for example_weekday_branch_operator to 2024-11-22T00:00:00+00:00, run_after=2024-11-23T00:00:00+00:00
[2024-11-23T02:56:03.416+0000] {processor.py:175} INFO - Processing /home/airflow/.local/lib/python3.7/site-packages/airflow/example_dags/example_branch_day_of_week_operator.py took 0.086 seconds
[2024-11-23T02:56:34.065+0000] {processor.py:153} INFO - Started process (PID=245) to work on /home/airflow/.local/lib/python3.7/site-packages/airflow/example_dags/example_branch_day_of_week_operator.py
[2024-11-23T02:56:34.068+0000] {processor.py:743} INFO - Processing file /home/airflow/.local/lib/python3.7/site-packages/airflow/example_dags/example_branch_day_of_week_operator.py for tasks to queue
[2024-11-23T02:56:34.070+0000] {logging_mixin.py:137} INFO - [2024-11-23T02:56:34.070+0000] {dagbag.py:538} INFO - Filling up the DagBag from /home/airflow/.local/lib/python3.7/site-packages/airflow/example_dags/example_branch_day_of_week_operator.py
[2024-11-23T02:56:34.086+0000] {processor.py:753} INFO - DAG(s) dict_keys(['example_weekday_branch_operator']) retrieved from /home/airflow/.local/lib/python3.7/site-packages/airflow/example_dags/example_branch_day_of_week_operator.py
[2024-11-23T02:56:34.115+0000] {logging_mixin.py:137} INFO - [2024-11-23T02:56:34.115+0000] {dag.py:2690} INFO - Sync 1 DAGs
[2024-11-23T02:56:34.134+0000] {logging_mixin.py:137} INFO - [2024-11-23T02:56:34.134+0000] {dag.py:3441} INFO - Setting next_dagrun for example_weekday_branch_operator to 2024-11-22T00:00:00+00:00, run_after=2024-11-23T00:00:00+00:00
[2024-11-23T02:56:34.148+0000] {processor.py:175} INFO - Processing /home/airflow/.local/lib/python3.7/site-packages/airflow/example_dags/example_branch_day_of_week_operator.py took 0.086 seconds
[2024-11-23T02:57:04.931+0000] {processor.py:153} INFO - Started process (PID=319) to work on /home/airflow/.local/lib/python3.7/site-packages/airflow/example_dags/example_branch_day_of_week_operator.py
[2024-11-23T02:57:04.932+0000] {processor.py:743} INFO - Processing file /home/airflow/.local/lib/python3.7/site-packages/airflow/example_dags/example_branch_day_of_week_operator.py for tasks to queue
[2024-11-23T02:57:04.933+0000] {logging_mixin.py:137} INFO - [2024-11-23T02:57:04.933+0000] {dagbag.py:538} INFO - Filling up the DagBag from /home/airflow/.local/lib/python3.7/site-packages/airflow/example_dags/example_branch_day_of_week_operator.py
[2024-11-23T02:57:04.946+0000] {processor.py:753} INFO - DAG(s) dict_keys(['example_weekday_branch_operator']) retrieved from /home/airflow/.local/lib/python3.7/site-packages/airflow/example_dags/example_branch_day_of_week_operator.py
[2024-11-23T02:57:04.972+0000] {logging_mixin.py:137} INFO - [2024-11-23T02:57:04.972+0000] {dag.py:2690} INFO - Sync 1 DAGs
[2024-11-23T02:57:04.993+0000] {logging_mixin.py:137} INFO - [2024-11-23T02:57:04.993+0000] {dag.py:3441} INFO - Setting next_dagrun for example_weekday_branch_operator to 2024-11-22T00:00:00+00:00, run_after=2024-11-23T00:00:00+00:00
[2024-11-23T02:57:05.012+0000] {processor.py:175} INFO - Processing /home/airflow/.local/lib/python3.7/site-packages/airflow/example_dags/example_branch_day_of_week_operator.py took 0.083 seconds
[2024-11-23T02:57:35.843+0000] {processor.py:153} INFO - Started process (PID=409) to work on /home/airflow/.local/lib/python3.7/site-packages/airflow/example_dags/example_branch_day_of_week_operator.py
[2024-11-23T02:57:35.847+0000] {processor.py:743} INFO - Processing file /home/airflow/.local/lib/python3.7/site-packages/airflow/example_dags/example_branch_day_of_week_operator.py for tasks to queue
[2024-11-23T02:57:35.849+0000] {logging_mixin.py:137} INFO - [2024-11-23T02:57:35.849+0000] {dagbag.py:538} INFO - Filling up the DagBag from /home/airflow/.local/lib/python3.7/site-packages/airflow/example_dags/example_branch_day_of_week_operator.py
[2024-11-23T02:57:35.866+0000] {processor.py:753} INFO - DAG(s) dict_keys(['example_weekday_branch_operator']) retrieved from /home/airflow/.local/lib/python3.7/site-packages/airflow/example_dags/example_branch_day_of_week_operator.py
[2024-11-23T02:57:35.906+0000] {logging_mixin.py:137} INFO - [2024-11-23T02:57:35.906+0000] {dag.py:2690} INFO - Sync 1 DAGs
[2024-11-23T02:57:35.941+0000] {logging_mixin.py:137} INFO - [2024-11-23T02:57:35.941+0000] {dag.py:3441} INFO - Setting next_dagrun for example_weekday_branch_operator to 2024-11-22T00:00:00+00:00, run_after=2024-11-23T00:00:00+00:00
[2024-11-23T02:57:35.980+0000] {processor.py:175} INFO - Processing /home/airflow/.local/lib/python3.7/site-packages/airflow/example_dags/example_branch_day_of_week_operator.py took 0.142 seconds
[2024-11-23T02:58:40.702+0000] {processor.py:153} INFO - Started process (PID=80) to work on /home/airflow/.local/lib/python3.7/site-packages/airflow/example_dags/example_branch_day_of_week_operator.py
[2024-11-23T02:58:40.704+0000] {processor.py:743} INFO - Processing file /home/airflow/.local/lib/python3.7/site-packages/airflow/example_dags/example_branch_day_of_week_operator.py for tasks to queue
[2024-11-23T02:58:40.718+0000] {logging_mixin.py:137} INFO - [2024-11-23T02:58:40.718+0000] {dagbag.py:538} INFO - Filling up the DagBag from /home/airflow/.local/lib/python3.7/site-packages/airflow/example_dags/example_branch_day_of_week_operator.py
[2024-11-23T02:58:40.774+0000] {processor.py:753} INFO - DAG(s) dict_keys(['example_weekday_branch_operator']) retrieved from /home/airflow/.local/lib/python3.7/site-packages/airflow/example_dags/example_branch_day_of_week_operator.py
[2024-11-23T02:58:40.828+0000] {logging_mixin.py:137} INFO - [2024-11-23T02:58:40.827+0000] {dag.py:2690} INFO - Sync 1 DAGs
[2024-11-23T02:58:40.909+0000] {logging_mixin.py:137} INFO - [2024-11-23T02:58:40.909+0000] {dag.py:3441} INFO - Setting next_dagrun for example_weekday_branch_operator to 2024-11-22T00:00:00+00:00, run_after=2024-11-23T00:00:00+00:00
[2024-11-23T02:58:40.967+0000] {processor.py:175} INFO - Processing /home/airflow/.local/lib/python3.7/site-packages/airflow/example_dags/example_branch_day_of_week_operator.py took 0.273 seconds
[2024-11-23T02:59:11.666+0000] {processor.py:153} INFO - Started process (PID=154) to work on /home/airflow/.local/lib/python3.7/site-packages/airflow/example_dags/example_branch_day_of_week_operator.py
[2024-11-23T02:59:11.667+0000] {processor.py:743} INFO - Processing file /home/airflow/.local/lib/python3.7/site-packages/airflow/example_dags/example_branch_day_of_week_operator.py for tasks to queue
[2024-11-23T02:59:11.671+0000] {logging_mixin.py:137} INFO - [2024-11-23T02:59:11.671+0000] {dagbag.py:538} INFO - Filling up the DagBag from /home/airflow/.local/lib/python3.7/site-packages/airflow/example_dags/example_branch_day_of_week_operator.py
[2024-11-23T02:59:11.698+0000] {processor.py:753} INFO - DAG(s) dict_keys(['example_weekday_branch_operator']) retrieved from /home/airflow/.local/lib/python3.7/site-packages/airflow/example_dags/example_branch_day_of_week_operator.py
[2024-11-23T02:59:11.731+0000] {logging_mixin.py:137} INFO - [2024-11-23T02:59:11.731+0000] {dag.py:2690} INFO - Sync 1 DAGs
[2024-11-23T02:59:11.768+0000] {logging_mixin.py:137} INFO - [2024-11-23T02:59:11.768+0000] {dag.py:3441} INFO - Setting next_dagrun for example_weekday_branch_operator to 2024-11-22T00:00:00+00:00, run_after=2024-11-23T00:00:00+00:00
[2024-11-23T02:59:11.804+0000] {processor.py:175} INFO - Processing /home/airflow/.local/lib/python3.7/site-packages/airflow/example_dags/example_branch_day_of_week_operator.py took 0.141 seconds
[2024-11-23T02:59:42.647+0000] {processor.py:153} INFO - Started process (PID=244) to work on /home/airflow/.local/lib/python3.7/site-packages/airflow/example_dags/example_branch_day_of_week_operator.py
[2024-11-23T02:59:42.648+0000] {processor.py:743} INFO - Processing file /home/airflow/.local/lib/python3.7/site-packages/airflow/example_dags/example_branch_day_of_week_operator.py for tasks to queue
[2024-11-23T02:59:42.649+0000] {logging_mixin.py:137} INFO - [2024-11-23T02:59:42.649+0000] {dagbag.py:538} INFO - Filling up the DagBag from /home/airflow/.local/lib/python3.7/site-packages/airflow/example_dags/example_branch_day_of_week_operator.py
[2024-11-23T02:59:42.664+0000] {processor.py:753} INFO - DAG(s) dict_keys(['example_weekday_branch_operator']) retrieved from /home/airflow/.local/lib/python3.7/site-packages/airflow/example_dags/example_branch_day_of_week_operator.py
[2024-11-23T02:59:42.690+0000] {logging_mixin.py:137} INFO - [2024-11-23T02:59:42.690+0000] {dag.py:2690} INFO - Sync 1 DAGs
[2024-11-23T02:59:42.715+0000] {logging_mixin.py:137} INFO - [2024-11-23T02:59:42.715+0000] {dag.py:3441} INFO - Setting next_dagrun for example_weekday_branch_operator to 2024-11-22T00:00:00+00:00, run_after=2024-11-23T00:00:00+00:00
[2024-11-23T02:59:42.731+0000] {processor.py:175} INFO - Processing /home/airflow/.local/lib/python3.7/site-packages/airflow/example_dags/example_branch_day_of_week_operator.py took 0.087 seconds
[2024-11-23T03:00:13.075+0000] {processor.py:153} INFO - Started process (PID=318) to work on /home/airflow/.local/lib/python3.7/site-packages/airflow/example_dags/example_branch_day_of_week_operator.py
[2024-11-23T03:00:13.076+0000] {processor.py:743} INFO - Processing file /home/airflow/.local/lib/python3.7/site-packages/airflow/example_dags/example_branch_day_of_week_operator.py for tasks to queue
[2024-11-23T03:00:13.076+0000] {logging_mixin.py:137} INFO - [2024-11-23T03:00:13.076+0000] {dagbag.py:538} INFO - Filling up the DagBag from /home/airflow/.local/lib/python3.7/site-packages/airflow/example_dags/example_branch_day_of_week_operator.py
[2024-11-23T03:00:13.088+0000] {processor.py:753} INFO - DAG(s) dict_keys(['example_weekday_branch_operator']) retrieved from /home/airflow/.local/lib/python3.7/site-packages/airflow/example_dags/example_branch_day_of_week_operator.py
[2024-11-23T03:00:13.107+0000] {logging_mixin.py:137} INFO - [2024-11-23T03:00:13.107+0000] {dag.py:2690} INFO - Sync 1 DAGs
[2024-11-23T03:00:13.126+0000] {logging_mixin.py:137} INFO - [2024-11-23T03:00:13.126+0000] {dag.py:3441} INFO - Setting next_dagrun for example_weekday_branch_operator to 2024-11-22T00:00:00+00:00, run_after=2024-11-23T00:00:00+00:00
[2024-11-23T03:00:13.138+0000] {processor.py:175} INFO - Processing /home/airflow/.local/lib/python3.7/site-packages/airflow/example_dags/example_branch_day_of_week_operator.py took 0.065 seconds
[2024-11-23T03:00:44.041+0000] {processor.py:153} INFO - Started process (PID=408) to work on /home/airflow/.local/lib/python3.7/site-packages/airflow/example_dags/example_branch_day_of_week_operator.py
[2024-11-23T03:00:44.041+0000] {processor.py:743} INFO - Processing file /home/airflow/.local/lib/python3.7/site-packages/airflow/example_dags/example_branch_day_of_week_operator.py for tasks to queue
[2024-11-23T03:00:44.042+0000] {logging_mixin.py:137} INFO - [2024-11-23T03:00:44.042+0000] {dagbag.py:538} INFO - Filling up the DagBag from /home/airflow/.local/lib/python3.7/site-packages/airflow/example_dags/example_branch_day_of_week_operator.py
[2024-11-23T03:00:44.054+0000] {processor.py:753} INFO - DAG(s) dict_keys(['example_weekday_branch_operator']) retrieved from /home/airflow/.local/lib/python3.7/site-packages/airflow/example_dags/example_branch_day_of_week_operator.py
[2024-11-23T03:00:44.079+0000] {logging_mixin.py:137} INFO - [2024-11-23T03:00:44.079+0000] {dag.py:2690} INFO - Sync 1 DAGs
[2024-11-23T03:00:44.098+0000] {logging_mixin.py:137} INFO - [2024-11-23T03:00:44.098+0000] {dag.py:3441} INFO - Setting next_dagrun for example_weekday_branch_operator to 2024-11-22T00:00:00+00:00, run_after=2024-11-23T00:00:00+00:00
[2024-11-23T03:00:44.117+0000] {processor.py:175} INFO - Processing /home/airflow/.local/lib/python3.7/site-packages/airflow/example_dags/example_branch_day_of_week_operator.py took 0.079 seconds
[2024-11-23T03:01:14.280+0000] {processor.py:153} INFO - Started process (PID=482) to work on /home/airflow/.local/lib/python3.7/site-packages/airflow/example_dags/example_branch_day_of_week_operator.py
[2024-11-23T03:01:14.285+0000] {processor.py:743} INFO - Processing file /home/airflow/.local/lib/python3.7/site-packages/airflow/example_dags/example_branch_day_of_week_operator.py for tasks to queue
[2024-11-23T03:01:14.286+0000] {logging_mixin.py:137} INFO - [2024-11-23T03:01:14.285+0000] {dagbag.py:538} INFO - Filling up the DagBag from /home/airflow/.local/lib/python3.7/site-packages/airflow/example_dags/example_branch_day_of_week_operator.py
[2024-11-23T03:01:14.300+0000] {processor.py:753} INFO - DAG(s) dict_keys(['example_weekday_branch_operator']) retrieved from /home/airflow/.local/lib/python3.7/site-packages/airflow/example_dags/example_branch_day_of_week_operator.py
[2024-11-23T03:01:14.323+0000] {logging_mixin.py:137} INFO - [2024-11-23T03:01:14.322+0000] {dag.py:2690} INFO - Sync 1 DAGs
[2024-11-23T03:01:14.349+0000] {logging_mixin.py:137} INFO - [2024-11-23T03:01:14.349+0000] {dag.py:3441} INFO - Setting next_dagrun for example_weekday_branch_operator to 2024-11-22T00:00:00+00:00, run_after=2024-11-23T00:00:00+00:00
[2024-11-23T03:01:14.371+0000] {processor.py:175} INFO - Processing /home/airflow/.local/lib/python3.7/site-packages/airflow/example_dags/example_branch_day_of_week_operator.py took 0.093 seconds
[2024-11-23T03:01:44.513+0000] {processor.py:153} INFO - Started process (PID=572) to work on /home/airflow/.local/lib/python3.7/site-packages/airflow/example_dags/example_branch_day_of_week_operator.py
[2024-11-23T03:01:44.514+0000] {processor.py:743} INFO - Processing file /home/airflow/.local/lib/python3.7/site-packages/airflow/example_dags/example_branch_day_of_week_operator.py for tasks to queue
[2024-11-23T03:01:44.514+0000] {logging_mixin.py:137} INFO - [2024-11-23T03:01:44.514+0000] {dagbag.py:538} INFO - Filling up the DagBag from /home/airflow/.local/lib/python3.7/site-packages/airflow/example_dags/example_branch_day_of_week_operator.py
[2024-11-23T03:01:44.524+0000] {processor.py:753} INFO - DAG(s) dict_keys(['example_weekday_branch_operator']) retrieved from /home/airflow/.local/lib/python3.7/site-packages/airflow/example_dags/example_branch_day_of_week_operator.py
[2024-11-23T03:01:44.541+0000] {logging_mixin.py:137} INFO - [2024-11-23T03:01:44.541+0000] {dag.py:2690} INFO - Sync 1 DAGs
[2024-11-23T03:01:44.558+0000] {logging_mixin.py:137} INFO - [2024-11-23T03:01:44.558+0000] {dag.py:3441} INFO - Setting next_dagrun for example_weekday_branch_operator to 2024-11-22T00:00:00+00:00, run_after=2024-11-23T00:00:00+00:00
[2024-11-23T03:01:44.569+0000] {processor.py:175} INFO - Processing /home/airflow/.local/lib/python3.7/site-packages/airflow/example_dags/example_branch_day_of_week_operator.py took 0.058 seconds
[2024-11-23T03:02:14.932+0000] {processor.py:153} INFO - Started process (PID=646) to work on /home/airflow/.local/lib/python3.7/site-packages/airflow/example_dags/example_branch_day_of_week_operator.py
[2024-11-23T03:02:14.933+0000] {processor.py:743} INFO - Processing file /home/airflow/.local/lib/python3.7/site-packages/airflow/example_dags/example_branch_day_of_week_operator.py for tasks to queue
[2024-11-23T03:02:14.933+0000] {logging_mixin.py:137} INFO - [2024-11-23T03:02:14.933+0000] {dagbag.py:538} INFO - Filling up the DagBag from /home/airflow/.local/lib/python3.7/site-packages/airflow/example_dags/example_branch_day_of_week_operator.py
[2024-11-23T03:02:14.946+0000] {processor.py:753} INFO - DAG(s) dict_keys(['example_weekday_branch_operator']) retrieved from /home/airflow/.local/lib/python3.7/site-packages/airflow/example_dags/example_branch_day_of_week_operator.py
[2024-11-23T03:02:14.969+0000] {logging_mixin.py:137} INFO - [2024-11-23T03:02:14.969+0000] {dag.py:2690} INFO - Sync 1 DAGs
[2024-11-23T03:02:14.986+0000] {logging_mixin.py:137} INFO - [2024-11-23T03:02:14.986+0000] {dag.py:3441} INFO - Setting next_dagrun for example_weekday_branch_operator to 2024-11-22T00:00:00+00:00, run_after=2024-11-23T00:00:00+00:00
[2024-11-23T03:02:14.997+0000] {processor.py:175} INFO - Processing /home/airflow/.local/lib/python3.7/site-packages/airflow/example_dags/example_branch_day_of_week_operator.py took 0.068 seconds
[2024-11-23T03:03:07.730+0000] {processor.py:153} INFO - Started process (PID=73) to work on /home/airflow/.local/lib/python3.7/site-packages/airflow/example_dags/example_branch_day_of_week_operator.py
[2024-11-23T03:03:07.732+0000] {processor.py:743} INFO - Processing file /home/airflow/.local/lib/python3.7/site-packages/airflow/example_dags/example_branch_day_of_week_operator.py for tasks to queue
[2024-11-23T03:03:07.734+0000] {logging_mixin.py:137} INFO - [2024-11-23T03:03:07.734+0000] {dagbag.py:538} INFO - Filling up the DagBag from /home/airflow/.local/lib/python3.7/site-packages/airflow/example_dags/example_branch_day_of_week_operator.py
[2024-11-23T03:03:07.773+0000] {processor.py:753} INFO - DAG(s) dict_keys(['example_weekday_branch_operator']) retrieved from /home/airflow/.local/lib/python3.7/site-packages/airflow/example_dags/example_branch_day_of_week_operator.py
[2024-11-23T03:03:07.808+0000] {logging_mixin.py:137} INFO - [2024-11-23T03:03:07.808+0000] {dag.py:2690} INFO - Sync 1 DAGs
[2024-11-23T03:03:07.889+0000] {logging_mixin.py:137} INFO - [2024-11-23T03:03:07.889+0000] {dag.py:3441} INFO - Setting next_dagrun for example_weekday_branch_operator to 2024-11-22T00:00:00+00:00, run_after=2024-11-23T00:00:00+00:00
[2024-11-23T03:03:07.926+0000] {processor.py:175} INFO - Processing /home/airflow/.local/lib/python3.7/site-packages/airflow/example_dags/example_branch_day_of_week_operator.py took 0.201 seconds
[2024-11-23T03:03:38.328+0000] {processor.py:153} INFO - Started process (PID=154) to work on /home/airflow/.local/lib/python3.7/site-packages/airflow/example_dags/example_branch_day_of_week_operator.py
[2024-11-23T03:03:38.332+0000] {processor.py:743} INFO - Processing file /home/airflow/.local/lib/python3.7/site-packages/airflow/example_dags/example_branch_day_of_week_operator.py for tasks to queue
[2024-11-23T03:03:38.332+0000] {logging_mixin.py:137} INFO - [2024-11-23T03:03:38.332+0000] {dagbag.py:538} INFO - Filling up the DagBag from /home/airflow/.local/lib/python3.7/site-packages/airflow/example_dags/example_branch_day_of_week_operator.py
[2024-11-23T03:03:38.342+0000] {processor.py:753} INFO - DAG(s) dict_keys(['example_weekday_branch_operator']) retrieved from /home/airflow/.local/lib/python3.7/site-packages/airflow/example_dags/example_branch_day_of_week_operator.py
[2024-11-23T03:03:38.363+0000] {logging_mixin.py:137} INFO - [2024-11-23T03:03:38.363+0000] {dag.py:2690} INFO - Sync 1 DAGs
[2024-11-23T03:03:38.384+0000] {logging_mixin.py:137} INFO - [2024-11-23T03:03:38.384+0000] {dag.py:3441} INFO - Setting next_dagrun for example_weekday_branch_operator to 2024-11-22T00:00:00+00:00, run_after=2024-11-23T00:00:00+00:00
[2024-11-23T03:03:38.410+0000] {processor.py:175} INFO - Processing /home/airflow/.local/lib/python3.7/site-packages/airflow/example_dags/example_branch_day_of_week_operator.py took 0.084 seconds
[2024-11-23T03:06:16.618+0000] {processor.py:153} INFO - Started process (PID=80) to work on /home/airflow/.local/lib/python3.7/site-packages/airflow/example_dags/example_branch_day_of_week_operator.py
[2024-11-23T03:06:16.633+0000] {processor.py:743} INFO - Processing file /home/airflow/.local/lib/python3.7/site-packages/airflow/example_dags/example_branch_day_of_week_operator.py for tasks to queue
[2024-11-23T03:06:16.636+0000] {logging_mixin.py:137} INFO - [2024-11-23T03:06:16.635+0000] {dagbag.py:538} INFO - Filling up the DagBag from /home/airflow/.local/lib/python3.7/site-packages/airflow/example_dags/example_branch_day_of_week_operator.py
[2024-11-23T03:06:16.686+0000] {processor.py:753} INFO - DAG(s) dict_keys(['example_weekday_branch_operator']) retrieved from /home/airflow/.local/lib/python3.7/site-packages/airflow/example_dags/example_branch_day_of_week_operator.py
[2024-11-23T03:06:16.712+0000] {logging_mixin.py:137} INFO - [2024-11-23T03:06:16.712+0000] {dag.py:2690} INFO - Sync 1 DAGs
[2024-11-23T03:06:16.775+0000] {logging_mixin.py:137} INFO - [2024-11-23T03:06:16.775+0000] {dag.py:3441} INFO - Setting next_dagrun for example_weekday_branch_operator to 2024-11-22T00:00:00+00:00, run_after=2024-11-23T00:00:00+00:00
[2024-11-23T03:06:16.819+0000] {processor.py:175} INFO - Processing /home/airflow/.local/lib/python3.7/site-packages/airflow/example_dags/example_branch_day_of_week_operator.py took 0.235 seconds
[2024-11-23T03:06:47.013+0000] {processor.py:153} INFO - Started process (PID=154) to work on /home/airflow/.local/lib/python3.7/site-packages/airflow/example_dags/example_branch_day_of_week_operator.py
[2024-11-23T03:06:47.015+0000] {processor.py:743} INFO - Processing file /home/airflow/.local/lib/python3.7/site-packages/airflow/example_dags/example_branch_day_of_week_operator.py for tasks to queue
[2024-11-23T03:06:47.016+0000] {logging_mixin.py:137} INFO - [2024-11-23T03:06:47.016+0000] {dagbag.py:538} INFO - Filling up the DagBag from /home/airflow/.local/lib/python3.7/site-packages/airflow/example_dags/example_branch_day_of_week_operator.py
[2024-11-23T03:06:47.053+0000] {processor.py:753} INFO - DAG(s) dict_keys(['example_weekday_branch_operator']) retrieved from /home/airflow/.local/lib/python3.7/site-packages/airflow/example_dags/example_branch_day_of_week_operator.py
[2024-11-23T03:06:47.100+0000] {logging_mixin.py:137} INFO - [2024-11-23T03:06:47.100+0000] {dag.py:2690} INFO - Sync 1 DAGs
[2024-11-23T03:06:47.252+0000] {logging_mixin.py:137} INFO - [2024-11-23T03:06:47.252+0000] {dag.py:3441} INFO - Setting next_dagrun for example_weekday_branch_operator to 2024-11-22T00:00:00+00:00, run_after=2024-11-23T00:00:00+00:00
[2024-11-23T03:06:47.367+0000] {processor.py:175} INFO - Processing /home/airflow/.local/lib/python3.7/site-packages/airflow/example_dags/example_branch_day_of_week_operator.py took 0.359 seconds
[2024-11-23T03:07:18.244+0000] {processor.py:153} INFO - Started process (PID=244) to work on /home/airflow/.local/lib/python3.7/site-packages/airflow/example_dags/example_branch_day_of_week_operator.py
[2024-11-23T03:07:18.247+0000] {processor.py:743} INFO - Processing file /home/airflow/.local/lib/python3.7/site-packages/airflow/example_dags/example_branch_day_of_week_operator.py for tasks to queue
[2024-11-23T03:07:18.248+0000] {logging_mixin.py:137} INFO - [2024-11-23T03:07:18.248+0000] {dagbag.py:538} INFO - Filling up the DagBag from /home/airflow/.local/lib/python3.7/site-packages/airflow/example_dags/example_branch_day_of_week_operator.py
[2024-11-23T03:07:18.266+0000] {processor.py:753} INFO - DAG(s) dict_keys(['example_weekday_branch_operator']) retrieved from /home/airflow/.local/lib/python3.7/site-packages/airflow/example_dags/example_branch_day_of_week_operator.py
[2024-11-23T03:07:18.292+0000] {logging_mixin.py:137} INFO - [2024-11-23T03:07:18.292+0000] {dag.py:2690} INFO - Sync 1 DAGs
[2024-11-23T03:07:18.314+0000] {logging_mixin.py:137} INFO - [2024-11-23T03:07:18.313+0000] {dag.py:3441} INFO - Setting next_dagrun for example_weekday_branch_operator to 2024-11-22T00:00:00+00:00, run_after=2024-11-23T00:00:00+00:00
[2024-11-23T03:07:18.333+0000] {processor.py:175} INFO - Processing /home/airflow/.local/lib/python3.7/site-packages/airflow/example_dags/example_branch_day_of_week_operator.py took 0.094 seconds
[2024-11-23T03:07:48.517+0000] {processor.py:153} INFO - Started process (PID=318) to work on /home/airflow/.local/lib/python3.7/site-packages/airflow/example_dags/example_branch_day_of_week_operator.py
[2024-11-23T03:07:48.518+0000] {processor.py:743} INFO - Processing file /home/airflow/.local/lib/python3.7/site-packages/airflow/example_dags/example_branch_day_of_week_operator.py for tasks to queue
[2024-11-23T03:07:48.519+0000] {logging_mixin.py:137} INFO - [2024-11-23T03:07:48.519+0000] {dagbag.py:538} INFO - Filling up the DagBag from /home/airflow/.local/lib/python3.7/site-packages/airflow/example_dags/example_branch_day_of_week_operator.py
[2024-11-23T03:07:48.533+0000] {processor.py:753} INFO - DAG(s) dict_keys(['example_weekday_branch_operator']) retrieved from /home/airflow/.local/lib/python3.7/site-packages/airflow/example_dags/example_branch_day_of_week_operator.py
[2024-11-23T03:07:48.553+0000] {logging_mixin.py:137} INFO - [2024-11-23T03:07:48.552+0000] {dag.py:2690} INFO - Sync 1 DAGs
[2024-11-23T03:07:48.578+0000] {logging_mixin.py:137} INFO - [2024-11-23T03:07:48.578+0000] {dag.py:3441} INFO - Setting next_dagrun for example_weekday_branch_operator to 2024-11-22T00:00:00+00:00, run_after=2024-11-23T00:00:00+00:00
[2024-11-23T03:07:48.594+0000] {processor.py:175} INFO - Processing /home/airflow/.local/lib/python3.7/site-packages/airflow/example_dags/example_branch_day_of_week_operator.py took 0.082 seconds
[2024-11-23T03:08:18.877+0000] {processor.py:153} INFO - Started process (PID=408) to work on /home/airflow/.local/lib/python3.7/site-packages/airflow/example_dags/example_branch_day_of_week_operator.py
[2024-11-23T03:08:18.878+0000] {processor.py:743} INFO - Processing file /home/airflow/.local/lib/python3.7/site-packages/airflow/example_dags/example_branch_day_of_week_operator.py for tasks to queue
[2024-11-23T03:08:18.879+0000] {logging_mixin.py:137} INFO - [2024-11-23T03:08:18.878+0000] {dagbag.py:538} INFO - Filling up the DagBag from /home/airflow/.local/lib/python3.7/site-packages/airflow/example_dags/example_branch_day_of_week_operator.py
[2024-11-23T03:08:18.895+0000] {processor.py:753} INFO - DAG(s) dict_keys(['example_weekday_branch_operator']) retrieved from /home/airflow/.local/lib/python3.7/site-packages/airflow/example_dags/example_branch_day_of_week_operator.py
[2024-11-23T03:08:18.915+0000] {logging_mixin.py:137} INFO - [2024-11-23T03:08:18.915+0000] {dag.py:2690} INFO - Sync 1 DAGs
[2024-11-23T03:08:18.935+0000] {logging_mixin.py:137} INFO - [2024-11-23T03:08:18.935+0000] {dag.py:3441} INFO - Setting next_dagrun for example_weekday_branch_operator to 2024-11-22T00:00:00+00:00, run_after=2024-11-23T00:00:00+00:00
[2024-11-23T03:08:18.952+0000] {processor.py:175} INFO - Processing /home/airflow/.local/lib/python3.7/site-packages/airflow/example_dags/example_branch_day_of_week_operator.py took 0.079 seconds
[2024-11-23T03:08:49.043+0000] {processor.py:153} INFO - Started process (PID=481) to work on /home/airflow/.local/lib/python3.7/site-packages/airflow/example_dags/example_branch_day_of_week_operator.py
[2024-11-23T03:08:49.045+0000] {processor.py:743} INFO - Processing file /home/airflow/.local/lib/python3.7/site-packages/airflow/example_dags/example_branch_day_of_week_operator.py for tasks to queue
[2024-11-23T03:08:49.047+0000] {logging_mixin.py:137} INFO - [2024-11-23T03:08:49.047+0000] {dagbag.py:538} INFO - Filling up the DagBag from /home/airflow/.local/lib/python3.7/site-packages/airflow/example_dags/example_branch_day_of_week_operator.py
[2024-11-23T03:08:49.080+0000] {processor.py:753} INFO - DAG(s) dict_keys(['example_weekday_branch_operator']) retrieved from /home/airflow/.local/lib/python3.7/site-packages/airflow/example_dags/example_branch_day_of_week_operator.py
[2024-11-23T03:08:49.109+0000] {logging_mixin.py:137} INFO - [2024-11-23T03:08:49.109+0000] {dag.py:2690} INFO - Sync 1 DAGs
[2024-11-23T03:08:49.130+0000] {logging_mixin.py:137} INFO - [2024-11-23T03:08:49.130+0000] {dag.py:3441} INFO - Setting next_dagrun for example_weekday_branch_operator to 2024-11-22T00:00:00+00:00, run_after=2024-11-23T00:00:00+00:00
[2024-11-23T03:08:49.145+0000] {processor.py:175} INFO - Processing /home/airflow/.local/lib/python3.7/site-packages/airflow/example_dags/example_branch_day_of_week_operator.py took 0.107 seconds
[2024-11-23T03:09:19.325+0000] {processor.py:153} INFO - Started process (PID=571) to work on /home/airflow/.local/lib/python3.7/site-packages/airflow/example_dags/example_branch_day_of_week_operator.py
[2024-11-23T03:09:19.326+0000] {processor.py:743} INFO - Processing file /home/airflow/.local/lib/python3.7/site-packages/airflow/example_dags/example_branch_day_of_week_operator.py for tasks to queue
[2024-11-23T03:09:19.326+0000] {logging_mixin.py:137} INFO - [2024-11-23T03:09:19.326+0000] {dagbag.py:538} INFO - Filling up the DagBag from /home/airflow/.local/lib/python3.7/site-packages/airflow/example_dags/example_branch_day_of_week_operator.py
[2024-11-23T03:09:19.341+0000] {processor.py:753} INFO - DAG(s) dict_keys(['example_weekday_branch_operator']) retrieved from /home/airflow/.local/lib/python3.7/site-packages/airflow/example_dags/example_branch_day_of_week_operator.py
[2024-11-23T03:09:19.359+0000] {logging_mixin.py:137} INFO - [2024-11-23T03:09:19.359+0000] {dag.py:2690} INFO - Sync 1 DAGs
[2024-11-23T03:09:19.377+0000] {logging_mixin.py:137} INFO - [2024-11-23T03:09:19.377+0000] {dag.py:3441} INFO - Setting next_dagrun for example_weekday_branch_operator to 2024-11-22T00:00:00+00:00, run_after=2024-11-23T00:00:00+00:00
[2024-11-23T03:09:19.391+0000] {processor.py:175} INFO - Processing /home/airflow/.local/lib/python3.7/site-packages/airflow/example_dags/example_branch_day_of_week_operator.py took 0.071 seconds
[2024-11-23T03:09:49.442+0000] {processor.py:153} INFO - Started process (PID=653) to work on /home/airflow/.local/lib/python3.7/site-packages/airflow/example_dags/example_branch_day_of_week_operator.py
[2024-11-23T03:09:49.443+0000] {processor.py:743} INFO - Processing file /home/airflow/.local/lib/python3.7/site-packages/airflow/example_dags/example_branch_day_of_week_operator.py for tasks to queue
[2024-11-23T03:09:49.443+0000] {logging_mixin.py:137} INFO - [2024-11-23T03:09:49.443+0000] {dagbag.py:538} INFO - Filling up the DagBag from /home/airflow/.local/lib/python3.7/site-packages/airflow/example_dags/example_branch_day_of_week_operator.py
[2024-11-23T03:09:49.455+0000] {processor.py:753} INFO - DAG(s) dict_keys(['example_weekday_branch_operator']) retrieved from /home/airflow/.local/lib/python3.7/site-packages/airflow/example_dags/example_branch_day_of_week_operator.py
[2024-11-23T03:09:49.475+0000] {logging_mixin.py:137} INFO - [2024-11-23T03:09:49.475+0000] {dag.py:2690} INFO - Sync 1 DAGs
[2024-11-23T03:09:49.498+0000] {logging_mixin.py:137} INFO - [2024-11-23T03:09:49.498+0000] {dag.py:3441} INFO - Setting next_dagrun for example_weekday_branch_operator to 2024-11-22T00:00:00+00:00, run_after=2024-11-23T00:00:00+00:00
[2024-11-23T03:09:49.515+0000] {processor.py:175} INFO - Processing /home/airflow/.local/lib/python3.7/site-packages/airflow/example_dags/example_branch_day_of_week_operator.py took 0.076 seconds
[2024-11-23T03:10:19.684+0000] {processor.py:153} INFO - Started process (PID=734) to work on /home/airflow/.local/lib/python3.7/site-packages/airflow/example_dags/example_branch_day_of_week_operator.py
[2024-11-23T03:10:19.684+0000] {processor.py:743} INFO - Processing file /home/airflow/.local/lib/python3.7/site-packages/airflow/example_dags/example_branch_day_of_week_operator.py for tasks to queue
[2024-11-23T03:10:19.685+0000] {logging_mixin.py:137} INFO - [2024-11-23T03:10:19.685+0000] {dagbag.py:538} INFO - Filling up the DagBag from /home/airflow/.local/lib/python3.7/site-packages/airflow/example_dags/example_branch_day_of_week_operator.py
[2024-11-23T03:10:19.696+0000] {processor.py:753} INFO - DAG(s) dict_keys(['example_weekday_branch_operator']) retrieved from /home/airflow/.local/lib/python3.7/site-packages/airflow/example_dags/example_branch_day_of_week_operator.py
[2024-11-23T03:10:19.715+0000] {logging_mixin.py:137} INFO - [2024-11-23T03:10:19.715+0000] {dag.py:2690} INFO - Sync 1 DAGs
[2024-11-23T03:10:19.736+0000] {logging_mixin.py:137} INFO - [2024-11-23T03:10:19.735+0000] {dag.py:3441} INFO - Setting next_dagrun for example_weekday_branch_operator to 2024-11-22T00:00:00+00:00, run_after=2024-11-23T00:00:00+00:00
[2024-11-23T03:10:19.753+0000] {processor.py:175} INFO - Processing /home/airflow/.local/lib/python3.7/site-packages/airflow/example_dags/example_branch_day_of_week_operator.py took 0.073 seconds
[2024-11-23T03:10:50.141+0000] {processor.py:153} INFO - Started process (PID=824) to work on /home/airflow/.local/lib/python3.7/site-packages/airflow/example_dags/example_branch_day_of_week_operator.py
[2024-11-23T03:10:50.142+0000] {processor.py:743} INFO - Processing file /home/airflow/.local/lib/python3.7/site-packages/airflow/example_dags/example_branch_day_of_week_operator.py for tasks to queue
[2024-11-23T03:10:50.143+0000] {logging_mixin.py:137} INFO - [2024-11-23T03:10:50.142+0000] {dagbag.py:538} INFO - Filling up the DagBag from /home/airflow/.local/lib/python3.7/site-packages/airflow/example_dags/example_branch_day_of_week_operator.py
[2024-11-23T03:10:50.153+0000] {processor.py:753} INFO - DAG(s) dict_keys(['example_weekday_branch_operator']) retrieved from /home/airflow/.local/lib/python3.7/site-packages/airflow/example_dags/example_branch_day_of_week_operator.py
[2024-11-23T03:10:50.173+0000] {logging_mixin.py:137} INFO - [2024-11-23T03:10:50.173+0000] {dag.py:2690} INFO - Sync 1 DAGs
[2024-11-23T03:10:50.220+0000] {logging_mixin.py:137} INFO - [2024-11-23T03:10:50.219+0000] {dag.py:3441} INFO - Setting next_dagrun for example_weekday_branch_operator to 2024-11-22T00:00:00+00:00, run_after=2024-11-23T00:00:00+00:00
[2024-11-23T03:10:50.235+0000] {processor.py:175} INFO - Processing /home/airflow/.local/lib/python3.7/site-packages/airflow/example_dags/example_branch_day_of_week_operator.py took 0.096 seconds
[2024-11-23T03:11:20.511+0000] {processor.py:153} INFO - Started process (PID=898) to work on /home/airflow/.local/lib/python3.7/site-packages/airflow/example_dags/example_branch_day_of_week_operator.py
[2024-11-23T03:11:20.512+0000] {processor.py:743} INFO - Processing file /home/airflow/.local/lib/python3.7/site-packages/airflow/example_dags/example_branch_day_of_week_operator.py for tasks to queue
[2024-11-23T03:11:20.513+0000] {logging_mixin.py:137} INFO - [2024-11-23T03:11:20.513+0000] {dagbag.py:538} INFO - Filling up the DagBag from /home/airflow/.local/lib/python3.7/site-packages/airflow/example_dags/example_branch_day_of_week_operator.py
[2024-11-23T03:11:20.525+0000] {processor.py:753} INFO - DAG(s) dict_keys(['example_weekday_branch_operator']) retrieved from /home/airflow/.local/lib/python3.7/site-packages/airflow/example_dags/example_branch_day_of_week_operator.py
[2024-11-23T03:11:20.546+0000] {logging_mixin.py:137} INFO - [2024-11-23T03:11:20.546+0000] {dag.py:2690} INFO - Sync 1 DAGs
[2024-11-23T03:11:20.574+0000] {logging_mixin.py:137} INFO - [2024-11-23T03:11:20.574+0000] {dag.py:3441} INFO - Setting next_dagrun for example_weekday_branch_operator to 2024-11-22T00:00:00+00:00, run_after=2024-11-23T00:00:00+00:00
[2024-11-23T03:11:20.593+0000] {processor.py:175} INFO - Processing /home/airflow/.local/lib/python3.7/site-packages/airflow/example_dags/example_branch_day_of_week_operator.py took 0.084 seconds
[2024-11-23T03:11:50.752+0000] {processor.py:153} INFO - Started process (PID=988) to work on /home/airflow/.local/lib/python3.7/site-packages/airflow/example_dags/example_branch_day_of_week_operator.py
[2024-11-23T03:11:50.753+0000] {processor.py:743} INFO - Processing file /home/airflow/.local/lib/python3.7/site-packages/airflow/example_dags/example_branch_day_of_week_operator.py for tasks to queue
[2024-11-23T03:11:50.754+0000] {logging_mixin.py:137} INFO - [2024-11-23T03:11:50.754+0000] {dagbag.py:538} INFO - Filling up the DagBag from /home/airflow/.local/lib/python3.7/site-packages/airflow/example_dags/example_branch_day_of_week_operator.py
[2024-11-23T03:11:50.769+0000] {processor.py:753} INFO - DAG(s) dict_keys(['example_weekday_branch_operator']) retrieved from /home/airflow/.local/lib/python3.7/site-packages/airflow/example_dags/example_branch_day_of_week_operator.py
[2024-11-23T03:11:50.788+0000] {logging_mixin.py:137} INFO - [2024-11-23T03:11:50.788+0000] {dag.py:2690} INFO - Sync 1 DAGs
[2024-11-23T03:11:50.810+0000] {logging_mixin.py:137} INFO - [2024-11-23T03:11:50.810+0000] {dag.py:3441} INFO - Setting next_dagrun for example_weekday_branch_operator to 2024-11-22T00:00:00+00:00, run_after=2024-11-23T00:00:00+00:00
[2024-11-23T03:11:50.827+0000] {processor.py:175} INFO - Processing /home/airflow/.local/lib/python3.7/site-packages/airflow/example_dags/example_branch_day_of_week_operator.py took 0.077 seconds
[2024-11-23T03:12:21.038+0000] {processor.py:153} INFO - Started process (PID=1062) to work on /home/airflow/.local/lib/python3.7/site-packages/airflow/example_dags/example_branch_day_of_week_operator.py
[2024-11-23T03:12:21.038+0000] {processor.py:743} INFO - Processing file /home/airflow/.local/lib/python3.7/site-packages/airflow/example_dags/example_branch_day_of_week_operator.py for tasks to queue
[2024-11-23T03:12:21.039+0000] {logging_mixin.py:137} INFO - [2024-11-23T03:12:21.039+0000] {dagbag.py:538} INFO - Filling up the DagBag from /home/airflow/.local/lib/python3.7/site-packages/airflow/example_dags/example_branch_day_of_week_operator.py
[2024-11-23T03:12:21.049+0000] {processor.py:753} INFO - DAG(s) dict_keys(['example_weekday_branch_operator']) retrieved from /home/airflow/.local/lib/python3.7/site-packages/airflow/example_dags/example_branch_day_of_week_operator.py
[2024-11-23T03:12:21.065+0000] {logging_mixin.py:137} INFO - [2024-11-23T03:12:21.065+0000] {dag.py:2690} INFO - Sync 1 DAGs
[2024-11-23T03:12:21.082+0000] {logging_mixin.py:137} INFO - [2024-11-23T03:12:21.082+0000] {dag.py:3441} INFO - Setting next_dagrun for example_weekday_branch_operator to 2024-11-22T00:00:00+00:00, run_after=2024-11-23T00:00:00+00:00
[2024-11-23T03:12:21.094+0000] {processor.py:175} INFO - Processing /home/airflow/.local/lib/python3.7/site-packages/airflow/example_dags/example_branch_day_of_week_operator.py took 0.058 seconds
[2024-11-23T03:12:51.432+0000] {processor.py:153} INFO - Started process (PID=1152) to work on /home/airflow/.local/lib/python3.7/site-packages/airflow/example_dags/example_branch_day_of_week_operator.py
[2024-11-23T03:12:51.434+0000] {processor.py:743} INFO - Processing file /home/airflow/.local/lib/python3.7/site-packages/airflow/example_dags/example_branch_day_of_week_operator.py for tasks to queue
[2024-11-23T03:12:51.434+0000] {logging_mixin.py:137} INFO - [2024-11-23T03:12:51.434+0000] {dagbag.py:538} INFO - Filling up the DagBag from /home/airflow/.local/lib/python3.7/site-packages/airflow/example_dags/example_branch_day_of_week_operator.py
[2024-11-23T03:12:51.450+0000] {processor.py:753} INFO - DAG(s) dict_keys(['example_weekday_branch_operator']) retrieved from /home/airflow/.local/lib/python3.7/site-packages/airflow/example_dags/example_branch_day_of_week_operator.py
[2024-11-23T03:12:51.469+0000] {logging_mixin.py:137} INFO - [2024-11-23T03:12:51.469+0000] {dag.py:2690} INFO - Sync 1 DAGs
[2024-11-23T03:12:51.488+0000] {logging_mixin.py:137} INFO - [2024-11-23T03:12:51.488+0000] {dag.py:3441} INFO - Setting next_dagrun for example_weekday_branch_operator to 2024-11-22T00:00:00+00:00, run_after=2024-11-23T00:00:00+00:00
[2024-11-23T03:12:51.503+0000] {processor.py:175} INFO - Processing /home/airflow/.local/lib/python3.7/site-packages/airflow/example_dags/example_branch_day_of_week_operator.py took 0.074 seconds
[2024-11-23T03:13:21.685+0000] {processor.py:153} INFO - Started process (PID=1226) to work on /home/airflow/.local/lib/python3.7/site-packages/airflow/example_dags/example_branch_day_of_week_operator.py
[2024-11-23T03:13:21.686+0000] {processor.py:743} INFO - Processing file /home/airflow/.local/lib/python3.7/site-packages/airflow/example_dags/example_branch_day_of_week_operator.py for tasks to queue
[2024-11-23T03:13:21.687+0000] {logging_mixin.py:137} INFO - [2024-11-23T03:13:21.687+0000] {dagbag.py:538} INFO - Filling up the DagBag from /home/airflow/.local/lib/python3.7/site-packages/airflow/example_dags/example_branch_day_of_week_operator.py
[2024-11-23T03:13:21.698+0000] {processor.py:753} INFO - DAG(s) dict_keys(['example_weekday_branch_operator']) retrieved from /home/airflow/.local/lib/python3.7/site-packages/airflow/example_dags/example_branch_day_of_week_operator.py
[2024-11-23T03:13:21.716+0000] {logging_mixin.py:137} INFO - [2024-11-23T03:13:21.716+0000] {dag.py:2690} INFO - Sync 1 DAGs
[2024-11-23T03:13:21.734+0000] {logging_mixin.py:137} INFO - [2024-11-23T03:13:21.734+0000] {dag.py:3441} INFO - Setting next_dagrun for example_weekday_branch_operator to 2024-11-22T00:00:00+00:00, run_after=2024-11-23T00:00:00+00:00
[2024-11-23T03:13:21.801+0000] {processor.py:175} INFO - Processing /home/airflow/.local/lib/python3.7/site-packages/airflow/example_dags/example_branch_day_of_week_operator.py took 0.119 seconds
[2024-11-23T03:13:51.944+0000] {processor.py:153} INFO - Started process (PID=1316) to work on /home/airflow/.local/lib/python3.7/site-packages/airflow/example_dags/example_branch_day_of_week_operator.py
[2024-11-23T03:13:51.944+0000] {processor.py:743} INFO - Processing file /home/airflow/.local/lib/python3.7/site-packages/airflow/example_dags/example_branch_day_of_week_operator.py for tasks to queue
[2024-11-23T03:13:51.945+0000] {logging_mixin.py:137} INFO - [2024-11-23T03:13:51.944+0000] {dagbag.py:538} INFO - Filling up the DagBag from /home/airflow/.local/lib/python3.7/site-packages/airflow/example_dags/example_branch_day_of_week_operator.py
[2024-11-23T03:13:51.955+0000] {processor.py:753} INFO - DAG(s) dict_keys(['example_weekday_branch_operator']) retrieved from /home/airflow/.local/lib/python3.7/site-packages/airflow/example_dags/example_branch_day_of_week_operator.py
[2024-11-23T03:13:51.974+0000] {logging_mixin.py:137} INFO - [2024-11-23T03:13:51.974+0000] {dag.py:2690} INFO - Sync 1 DAGs
[2024-11-23T03:13:51.992+0000] {logging_mixin.py:137} INFO - [2024-11-23T03:13:51.992+0000] {dag.py:3441} INFO - Setting next_dagrun for example_weekday_branch_operator to 2024-11-22T00:00:00+00:00, run_after=2024-11-23T00:00:00+00:00
[2024-11-23T03:13:52.014+0000] {processor.py:175} INFO - Processing /home/airflow/.local/lib/python3.7/site-packages/airflow/example_dags/example_branch_day_of_week_operator.py took 0.073 seconds
[2024-11-23T03:14:22.096+0000] {processor.py:153} INFO - Started process (PID=1399) to work on /home/airflow/.local/lib/python3.7/site-packages/airflow/example_dags/example_branch_day_of_week_operator.py
[2024-11-23T03:14:22.097+0000] {processor.py:743} INFO - Processing file /home/airflow/.local/lib/python3.7/site-packages/airflow/example_dags/example_branch_day_of_week_operator.py for tasks to queue
[2024-11-23T03:14:22.098+0000] {logging_mixin.py:137} INFO - [2024-11-23T03:14:22.098+0000] {dagbag.py:538} INFO - Filling up the DagBag from /home/airflow/.local/lib/python3.7/site-packages/airflow/example_dags/example_branch_day_of_week_operator.py
[2024-11-23T03:14:22.110+0000] {processor.py:753} INFO - DAG(s) dict_keys(['example_weekday_branch_operator']) retrieved from /home/airflow/.local/lib/python3.7/site-packages/airflow/example_dags/example_branch_day_of_week_operator.py
[2024-11-23T03:14:22.131+0000] {logging_mixin.py:137} INFO - [2024-11-23T03:14:22.131+0000] {dag.py:2690} INFO - Sync 1 DAGs
[2024-11-23T03:14:22.151+0000] {logging_mixin.py:137} INFO - [2024-11-23T03:14:22.151+0000] {dag.py:3441} INFO - Setting next_dagrun for example_weekday_branch_operator to 2024-11-22T00:00:00+00:00, run_after=2024-11-23T00:00:00+00:00
[2024-11-23T03:14:22.177+0000] {processor.py:175} INFO - Processing /home/airflow/.local/lib/python3.7/site-packages/airflow/example_dags/example_branch_day_of_week_operator.py took 0.083 seconds
[2024-11-23T03:14:52.491+0000] {processor.py:153} INFO - Started process (PID=1480) to work on /home/airflow/.local/lib/python3.7/site-packages/airflow/example_dags/example_branch_day_of_week_operator.py
[2024-11-23T03:14:52.495+0000] {processor.py:743} INFO - Processing file /home/airflow/.local/lib/python3.7/site-packages/airflow/example_dags/example_branch_day_of_week_operator.py for tasks to queue
[2024-11-23T03:14:52.496+0000] {logging_mixin.py:137} INFO - [2024-11-23T03:14:52.496+0000] {dagbag.py:538} INFO - Filling up the DagBag from /home/airflow/.local/lib/python3.7/site-packages/airflow/example_dags/example_branch_day_of_week_operator.py
[2024-11-23T03:14:52.507+0000] {processor.py:753} INFO - DAG(s) dict_keys(['example_weekday_branch_operator']) retrieved from /home/airflow/.local/lib/python3.7/site-packages/airflow/example_dags/example_branch_day_of_week_operator.py
[2024-11-23T03:14:52.527+0000] {logging_mixin.py:137} INFO - [2024-11-23T03:14:52.527+0000] {dag.py:2690} INFO - Sync 1 DAGs
[2024-11-23T03:14:52.548+0000] {logging_mixin.py:137} INFO - [2024-11-23T03:14:52.547+0000] {dag.py:3441} INFO - Setting next_dagrun for example_weekday_branch_operator to 2024-11-22T00:00:00+00:00, run_after=2024-11-23T00:00:00+00:00
[2024-11-23T03:14:52.565+0000] {processor.py:175} INFO - Processing /home/airflow/.local/lib/python3.7/site-packages/airflow/example_dags/example_branch_day_of_week_operator.py took 0.077 seconds
[2024-11-23T03:15:23.366+0000] {processor.py:153} INFO - Started process (PID=1570) to work on /home/airflow/.local/lib/python3.7/site-packages/airflow/example_dags/example_branch_day_of_week_operator.py
[2024-11-23T03:15:23.369+0000] {processor.py:743} INFO - Processing file /home/airflow/.local/lib/python3.7/site-packages/airflow/example_dags/example_branch_day_of_week_operator.py for tasks to queue
[2024-11-23T03:15:23.371+0000] {logging_mixin.py:137} INFO - [2024-11-23T03:15:23.371+0000] {dagbag.py:538} INFO - Filling up the DagBag from /home/airflow/.local/lib/python3.7/site-packages/airflow/example_dags/example_branch_day_of_week_operator.py
[2024-11-23T03:15:23.381+0000] {processor.py:753} INFO - DAG(s) dict_keys(['example_weekday_branch_operator']) retrieved from /home/airflow/.local/lib/python3.7/site-packages/airflow/example_dags/example_branch_day_of_week_operator.py
[2024-11-23T03:15:23.406+0000] {logging_mixin.py:137} INFO - [2024-11-23T03:15:23.405+0000] {dag.py:2690} INFO - Sync 1 DAGs
[2024-11-23T03:15:23.429+0000] {logging_mixin.py:137} INFO - [2024-11-23T03:15:23.429+0000] {dag.py:3441} INFO - Setting next_dagrun for example_weekday_branch_operator to 2024-11-22T00:00:00+00:00, run_after=2024-11-23T00:00:00+00:00
[2024-11-23T03:15:23.463+0000] {processor.py:175} INFO - Processing /home/airflow/.local/lib/python3.7/site-packages/airflow/example_dags/example_branch_day_of_week_operator.py took 0.100 seconds
[2024-11-23T03:15:53.557+0000] {processor.py:153} INFO - Started process (PID=1644) to work on /home/airflow/.local/lib/python3.7/site-packages/airflow/example_dags/example_branch_day_of_week_operator.py
[2024-11-23T03:15:53.558+0000] {processor.py:743} INFO - Processing file /home/airflow/.local/lib/python3.7/site-packages/airflow/example_dags/example_branch_day_of_week_operator.py for tasks to queue
[2024-11-23T03:15:53.558+0000] {logging_mixin.py:137} INFO - [2024-11-23T03:15:53.558+0000] {dagbag.py:538} INFO - Filling up the DagBag from /home/airflow/.local/lib/python3.7/site-packages/airflow/example_dags/example_branch_day_of_week_operator.py
[2024-11-23T03:15:53.570+0000] {processor.py:753} INFO - DAG(s) dict_keys(['example_weekday_branch_operator']) retrieved from /home/airflow/.local/lib/python3.7/site-packages/airflow/example_dags/example_branch_day_of_week_operator.py
[2024-11-23T03:15:53.591+0000] {logging_mixin.py:137} INFO - [2024-11-23T03:15:53.591+0000] {dag.py:2690} INFO - Sync 1 DAGs
[2024-11-23T03:15:53.617+0000] {logging_mixin.py:137} INFO - [2024-11-23T03:15:53.617+0000] {dag.py:3441} INFO - Setting next_dagrun for example_weekday_branch_operator to 2024-11-22T00:00:00+00:00, run_after=2024-11-23T00:00:00+00:00
[2024-11-23T03:15:53.635+0000] {processor.py:175} INFO - Processing /home/airflow/.local/lib/python3.7/site-packages/airflow/example_dags/example_branch_day_of_week_operator.py took 0.081 seconds
[2024-11-23T03:16:23.796+0000] {processor.py:153} INFO - Started process (PID=1734) to work on /home/airflow/.local/lib/python3.7/site-packages/airflow/example_dags/example_branch_day_of_week_operator.py
[2024-11-23T03:16:23.796+0000] {processor.py:743} INFO - Processing file /home/airflow/.local/lib/python3.7/site-packages/airflow/example_dags/example_branch_day_of_week_operator.py for tasks to queue
[2024-11-23T03:16:23.797+0000] {logging_mixin.py:137} INFO - [2024-11-23T03:16:23.797+0000] {dagbag.py:538} INFO - Filling up the DagBag from /home/airflow/.local/lib/python3.7/site-packages/airflow/example_dags/example_branch_day_of_week_operator.py
[2024-11-23T03:16:23.808+0000] {processor.py:753} INFO - DAG(s) dict_keys(['example_weekday_branch_operator']) retrieved from /home/airflow/.local/lib/python3.7/site-packages/airflow/example_dags/example_branch_day_of_week_operator.py
[2024-11-23T03:16:23.829+0000] {logging_mixin.py:137} INFO - [2024-11-23T03:16:23.828+0000] {dag.py:2690} INFO - Sync 1 DAGs
[2024-11-23T03:16:23.846+0000] {logging_mixin.py:137} INFO - [2024-11-23T03:16:23.846+0000] {dag.py:3441} INFO - Setting next_dagrun for example_weekday_branch_operator to 2024-11-22T00:00:00+00:00, run_after=2024-11-23T00:00:00+00:00
[2024-11-23T03:16:23.857+0000] {processor.py:175} INFO - Processing /home/airflow/.local/lib/python3.7/site-packages/airflow/example_dags/example_branch_day_of_week_operator.py took 0.064 seconds
[2024-11-23T03:16:54.025+0000] {processor.py:153} INFO - Started process (PID=1808) to work on /home/airflow/.local/lib/python3.7/site-packages/airflow/example_dags/example_branch_day_of_week_operator.py
[2024-11-23T03:16:54.025+0000] {processor.py:743} INFO - Processing file /home/airflow/.local/lib/python3.7/site-packages/airflow/example_dags/example_branch_day_of_week_operator.py for tasks to queue
[2024-11-23T03:16:54.026+0000] {logging_mixin.py:137} INFO - [2024-11-23T03:16:54.026+0000] {dagbag.py:538} INFO - Filling up the DagBag from /home/airflow/.local/lib/python3.7/site-packages/airflow/example_dags/example_branch_day_of_week_operator.py
[2024-11-23T03:16:54.043+0000] {processor.py:753} INFO - DAG(s) dict_keys(['example_weekday_branch_operator']) retrieved from /home/airflow/.local/lib/python3.7/site-packages/airflow/example_dags/example_branch_day_of_week_operator.py
[2024-11-23T03:16:54.086+0000] {logging_mixin.py:137} INFO - [2024-11-23T03:16:54.086+0000] {dag.py:2690} INFO - Sync 1 DAGs
[2024-11-23T03:16:54.113+0000] {logging_mixin.py:137} INFO - [2024-11-23T03:16:54.112+0000] {dag.py:3441} INFO - Setting next_dagrun for example_weekday_branch_operator to 2024-11-22T00:00:00+00:00, run_after=2024-11-23T00:00:00+00:00
[2024-11-23T03:16:54.125+0000] {processor.py:175} INFO - Processing /home/airflow/.local/lib/python3.7/site-packages/airflow/example_dags/example_branch_day_of_week_operator.py took 0.103 seconds
[2024-11-23T03:17:24.158+0000] {processor.py:153} INFO - Started process (PID=1898) to work on /home/airflow/.local/lib/python3.7/site-packages/airflow/example_dags/example_branch_day_of_week_operator.py
[2024-11-23T03:17:24.159+0000] {processor.py:743} INFO - Processing file /home/airflow/.local/lib/python3.7/site-packages/airflow/example_dags/example_branch_day_of_week_operator.py for tasks to queue
[2024-11-23T03:17:24.160+0000] {logging_mixin.py:137} INFO - [2024-11-23T03:17:24.160+0000] {dagbag.py:538} INFO - Filling up the DagBag from /home/airflow/.local/lib/python3.7/site-packages/airflow/example_dags/example_branch_day_of_week_operator.py
[2024-11-23T03:17:24.172+0000] {processor.py:753} INFO - DAG(s) dict_keys(['example_weekday_branch_operator']) retrieved from /home/airflow/.local/lib/python3.7/site-packages/airflow/example_dags/example_branch_day_of_week_operator.py
[2024-11-23T03:17:24.191+0000] {logging_mixin.py:137} INFO - [2024-11-23T03:17:24.191+0000] {dag.py:2690} INFO - Sync 1 DAGs
[2024-11-23T03:17:24.211+0000] {logging_mixin.py:137} INFO - [2024-11-23T03:17:24.211+0000] {dag.py:3441} INFO - Setting next_dagrun for example_weekday_branch_operator to 2024-11-22T00:00:00+00:00, run_after=2024-11-23T00:00:00+00:00
[2024-11-23T03:17:24.224+0000] {processor.py:175} INFO - Processing /home/airflow/.local/lib/python3.7/site-packages/airflow/example_dags/example_branch_day_of_week_operator.py took 0.068 seconds
[2024-11-23T03:17:54.312+0000] {processor.py:153} INFO - Started process (PID=1971) to work on /home/airflow/.local/lib/python3.7/site-packages/airflow/example_dags/example_branch_day_of_week_operator.py
[2024-11-23T03:17:54.312+0000] {processor.py:743} INFO - Processing file /home/airflow/.local/lib/python3.7/site-packages/airflow/example_dags/example_branch_day_of_week_operator.py for tasks to queue
[2024-11-23T03:17:54.313+0000] {logging_mixin.py:137} INFO - [2024-11-23T03:17:54.313+0000] {dagbag.py:538} INFO - Filling up the DagBag from /home/airflow/.local/lib/python3.7/site-packages/airflow/example_dags/example_branch_day_of_week_operator.py
[2024-11-23T03:17:54.325+0000] {processor.py:753} INFO - DAG(s) dict_keys(['example_weekday_branch_operator']) retrieved from /home/airflow/.local/lib/python3.7/site-packages/airflow/example_dags/example_branch_day_of_week_operator.py
[2024-11-23T03:17:54.343+0000] {logging_mixin.py:137} INFO - [2024-11-23T03:17:54.343+0000] {dag.py:2690} INFO - Sync 1 DAGs
[2024-11-23T03:17:54.366+0000] {logging_mixin.py:137} INFO - [2024-11-23T03:17:54.365+0000] {dag.py:3441} INFO - Setting next_dagrun for example_weekday_branch_operator to 2024-11-22T00:00:00+00:00, run_after=2024-11-23T00:00:00+00:00
[2024-11-23T03:17:54.383+0000] {processor.py:175} INFO - Processing /home/airflow/.local/lib/python3.7/site-packages/airflow/example_dags/example_branch_day_of_week_operator.py took 0.074 seconds
[2024-11-23T03:18:24.782+0000] {processor.py:153} INFO - Started process (PID=2060) to work on /home/airflow/.local/lib/python3.7/site-packages/airflow/example_dags/example_branch_day_of_week_operator.py
[2024-11-23T03:18:24.783+0000] {processor.py:743} INFO - Processing file /home/airflow/.local/lib/python3.7/site-packages/airflow/example_dags/example_branch_day_of_week_operator.py for tasks to queue
[2024-11-23T03:18:24.783+0000] {logging_mixin.py:137} INFO - [2024-11-23T03:18:24.783+0000] {dagbag.py:538} INFO - Filling up the DagBag from /home/airflow/.local/lib/python3.7/site-packages/airflow/example_dags/example_branch_day_of_week_operator.py
[2024-11-23T03:18:24.794+0000] {processor.py:753} INFO - DAG(s) dict_keys(['example_weekday_branch_operator']) retrieved from /home/airflow/.local/lib/python3.7/site-packages/airflow/example_dags/example_branch_day_of_week_operator.py
[2024-11-23T03:18:24.811+0000] {logging_mixin.py:137} INFO - [2024-11-23T03:18:24.811+0000] {dag.py:2690} INFO - Sync 1 DAGs
[2024-11-23T03:18:24.830+0000] {logging_mixin.py:137} INFO - [2024-11-23T03:18:24.829+0000] {dag.py:3441} INFO - Setting next_dagrun for example_weekday_branch_operator to 2024-11-22T00:00:00+00:00, run_after=2024-11-23T00:00:00+00:00
[2024-11-23T03:18:24.842+0000] {processor.py:175} INFO - Processing /home/airflow/.local/lib/python3.7/site-packages/airflow/example_dags/example_branch_day_of_week_operator.py took 0.063 seconds
[2024-11-23T03:18:54.907+0000] {processor.py:153} INFO - Started process (PID=2141) to work on /home/airflow/.local/lib/python3.7/site-packages/airflow/example_dags/example_branch_day_of_week_operator.py
[2024-11-23T03:18:54.908+0000] {processor.py:743} INFO - Processing file /home/airflow/.local/lib/python3.7/site-packages/airflow/example_dags/example_branch_day_of_week_operator.py for tasks to queue
[2024-11-23T03:18:54.908+0000] {logging_mixin.py:137} INFO - [2024-11-23T03:18:54.908+0000] {dagbag.py:538} INFO - Filling up the DagBag from /home/airflow/.local/lib/python3.7/site-packages/airflow/example_dags/example_branch_day_of_week_operator.py
[2024-11-23T03:18:54.920+0000] {processor.py:753} INFO - DAG(s) dict_keys(['example_weekday_branch_operator']) retrieved from /home/airflow/.local/lib/python3.7/site-packages/airflow/example_dags/example_branch_day_of_week_operator.py
[2024-11-23T03:18:54.943+0000] {logging_mixin.py:137} INFO - [2024-11-23T03:18:54.943+0000] {dag.py:2690} INFO - Sync 1 DAGs
[2024-11-23T03:18:54.966+0000] {logging_mixin.py:137} INFO - [2024-11-23T03:18:54.965+0000] {dag.py:3441} INFO - Setting next_dagrun for example_weekday_branch_operator to 2024-11-22T00:00:00+00:00, run_after=2024-11-23T00:00:00+00:00
[2024-11-23T03:18:54.983+0000] {processor.py:175} INFO - Processing /home/airflow/.local/lib/python3.7/site-packages/airflow/example_dags/example_branch_day_of_week_operator.py took 0.079 seconds
[2024-11-23T03:19:25.338+0000] {processor.py:153} INFO - Started process (PID=2223) to work on /home/airflow/.local/lib/python3.7/site-packages/airflow/example_dags/example_branch_day_of_week_operator.py
[2024-11-23T03:19:25.339+0000] {processor.py:743} INFO - Processing file /home/airflow/.local/lib/python3.7/site-packages/airflow/example_dags/example_branch_day_of_week_operator.py for tasks to queue
[2024-11-23T03:19:25.339+0000] {logging_mixin.py:137} INFO - [2024-11-23T03:19:25.339+0000] {dagbag.py:538} INFO - Filling up the DagBag from /home/airflow/.local/lib/python3.7/site-packages/airflow/example_dags/example_branch_day_of_week_operator.py
[2024-11-23T03:19:25.350+0000] {processor.py:753} INFO - DAG(s) dict_keys(['example_weekday_branch_operator']) retrieved from /home/airflow/.local/lib/python3.7/site-packages/airflow/example_dags/example_branch_day_of_week_operator.py
[2024-11-23T03:19:25.367+0000] {logging_mixin.py:137} INFO - [2024-11-23T03:19:25.367+0000] {dag.py:2690} INFO - Sync 1 DAGs
[2024-11-23T03:19:25.386+0000] {logging_mixin.py:137} INFO - [2024-11-23T03:19:25.386+0000] {dag.py:3441} INFO - Setting next_dagrun for example_weekday_branch_operator to 2024-11-22T00:00:00+00:00, run_after=2024-11-23T00:00:00+00:00
[2024-11-23T03:19:25.398+0000] {processor.py:175} INFO - Processing /home/airflow/.local/lib/python3.7/site-packages/airflow/example_dags/example_branch_day_of_week_operator.py took 0.063 seconds
[2024-11-23T03:19:56.447+0000] {processor.py:153} INFO - Started process (PID=2313) to work on /home/airflow/.local/lib/python3.7/site-packages/airflow/example_dags/example_branch_day_of_week_operator.py
[2024-11-23T03:19:56.448+0000] {processor.py:743} INFO - Processing file /home/airflow/.local/lib/python3.7/site-packages/airflow/example_dags/example_branch_day_of_week_operator.py for tasks to queue
[2024-11-23T03:19:56.453+0000] {logging_mixin.py:137} INFO - [2024-11-23T03:19:56.452+0000] {dagbag.py:538} INFO - Filling up the DagBag from /home/airflow/.local/lib/python3.7/site-packages/airflow/example_dags/example_branch_day_of_week_operator.py
[2024-11-23T03:19:56.476+0000] {processor.py:753} INFO - DAG(s) dict_keys(['example_weekday_branch_operator']) retrieved from /home/airflow/.local/lib/python3.7/site-packages/airflow/example_dags/example_branch_day_of_week_operator.py
[2024-11-23T03:19:56.516+0000] {logging_mixin.py:137} INFO - [2024-11-23T03:19:56.516+0000] {dag.py:2690} INFO - Sync 1 DAGs
[2024-11-23T03:19:56.558+0000] {logging_mixin.py:137} INFO - [2024-11-23T03:19:56.558+0000] {dag.py:3441} INFO - Setting next_dagrun for example_weekday_branch_operator to 2024-11-22T00:00:00+00:00, run_after=2024-11-23T00:00:00+00:00
[2024-11-23T03:19:56.586+0000] {processor.py:175} INFO - Processing /home/airflow/.local/lib/python3.7/site-packages/airflow/example_dags/example_branch_day_of_week_operator.py took 0.145 seconds
