[2024-11-23T02:53:00.443+0000] {processor.py:153} INFO - Started process (PID=47) to work on /home/airflow/.local/lib/python3.7/site-packages/airflow/example_dags/example_branch_labels.py
[2024-11-23T02:53:00.447+0000] {processor.py:743} INFO - Processing file /home/airflow/.local/lib/python3.7/site-packages/airflow/example_dags/example_branch_labels.py for tasks to queue
[2024-11-23T02:53:00.449+0000] {logging_mixin.py:137} INFO - [2024-11-23T02:53:00.448+0000] {dagbag.py:538} INFO - Filling up the DagBag from /home/airflow/.local/lib/python3.7/site-packages/airflow/example_dags/example_branch_labels.py
[2024-11-23T02:53:00.468+0000] {processor.py:753} INFO - DAG(s) dict_keys(['example_branch_labels']) retrieved from /home/airflow/.local/lib/python3.7/site-packages/airflow/example_dags/example_branch_labels.py
[2024-11-23T02:53:00.484+0000] {logging_mixin.py:137} INFO - [2024-11-23T02:53:00.484+0000] {dag.py:2690} INFO - Sync 1 DAGs
[2024-11-23T02:53:00.513+0000] {logging_mixin.py:137} INFO - [2024-11-23T02:53:00.513+0000] {dag.py:3441} INFO - Setting next_dagrun for example_branch_labels to 2024-11-22T00:00:00+00:00, run_after=2024-11-23T00:00:00+00:00
[2024-11-23T02:53:00.543+0000] {processor.py:175} INFO - Processing /home/airflow/.local/lib/python3.7/site-packages/airflow/example_dags/example_branch_labels.py took 0.104 seconds
[2024-11-23T02:53:31.054+0000] {processor.py:153} INFO - Started process (PID=137) to work on /home/airflow/.local/lib/python3.7/site-packages/airflow/example_dags/example_branch_labels.py
[2024-11-23T02:53:31.055+0000] {processor.py:743} INFO - Processing file /home/airflow/.local/lib/python3.7/site-packages/airflow/example_dags/example_branch_labels.py for tasks to queue
[2024-11-23T02:53:31.056+0000] {logging_mixin.py:137} INFO - [2024-11-23T02:53:31.056+0000] {dagbag.py:538} INFO - Filling up the DagBag from /home/airflow/.local/lib/python3.7/site-packages/airflow/example_dags/example_branch_labels.py
[2024-11-23T02:53:31.066+0000] {processor.py:753} INFO - DAG(s) dict_keys(['example_branch_labels']) retrieved from /home/airflow/.local/lib/python3.7/site-packages/airflow/example_dags/example_branch_labels.py
[2024-11-23T02:53:31.088+0000] {logging_mixin.py:137} INFO - [2024-11-23T02:53:31.088+0000] {dag.py:2690} INFO - Sync 1 DAGs
[2024-11-23T02:53:31.107+0000] {logging_mixin.py:137} INFO - [2024-11-23T02:53:31.107+0000] {dag.py:3441} INFO - Setting next_dagrun for example_branch_labels to 2024-11-22T00:00:00+00:00, run_after=2024-11-23T00:00:00+00:00
[2024-11-23T02:53:31.121+0000] {processor.py:175} INFO - Processing /home/airflow/.local/lib/python3.7/site-packages/airflow/example_dags/example_branch_labels.py took 0.070 seconds
[2024-11-23T02:54:01.574+0000] {processor.py:153} INFO - Started process (PID=211) to work on /home/airflow/.local/lib/python3.7/site-packages/airflow/example_dags/example_branch_labels.py
[2024-11-23T02:54:01.575+0000] {processor.py:743} INFO - Processing file /home/airflow/.local/lib/python3.7/site-packages/airflow/example_dags/example_branch_labels.py for tasks to queue
[2024-11-23T02:54:01.576+0000] {logging_mixin.py:137} INFO - [2024-11-23T02:54:01.576+0000] {dagbag.py:538} INFO - Filling up the DagBag from /home/airflow/.local/lib/python3.7/site-packages/airflow/example_dags/example_branch_labels.py
[2024-11-23T02:54:01.590+0000] {processor.py:753} INFO - DAG(s) dict_keys(['example_branch_labels']) retrieved from /home/airflow/.local/lib/python3.7/site-packages/airflow/example_dags/example_branch_labels.py
[2024-11-23T02:54:01.613+0000] {logging_mixin.py:137} INFO - [2024-11-23T02:54:01.613+0000] {dag.py:2690} INFO - Sync 1 DAGs
[2024-11-23T02:54:01.653+0000] {logging_mixin.py:137} INFO - [2024-11-23T02:54:01.653+0000] {dag.py:3441} INFO - Setting next_dagrun for example_branch_labels to 2024-11-22T00:00:00+00:00, run_after=2024-11-23T00:00:00+00:00
[2024-11-23T02:54:01.669+0000] {processor.py:175} INFO - Processing /home/airflow/.local/lib/python3.7/site-packages/airflow/example_dags/example_branch_labels.py took 0.098 seconds
[2024-11-23T02:54:31.790+0000] {processor.py:153} INFO - Started process (PID=301) to work on /home/airflow/.local/lib/python3.7/site-packages/airflow/example_dags/example_branch_labels.py
[2024-11-23T02:54:31.794+0000] {processor.py:743} INFO - Processing file /home/airflow/.local/lib/python3.7/site-packages/airflow/example_dags/example_branch_labels.py for tasks to queue
[2024-11-23T02:54:31.794+0000] {logging_mixin.py:137} INFO - [2024-11-23T02:54:31.794+0000] {dagbag.py:538} INFO - Filling up the DagBag from /home/airflow/.local/lib/python3.7/site-packages/airflow/example_dags/example_branch_labels.py
[2024-11-23T02:54:31.803+0000] {processor.py:753} INFO - DAG(s) dict_keys(['example_branch_labels']) retrieved from /home/airflow/.local/lib/python3.7/site-packages/airflow/example_dags/example_branch_labels.py
[2024-11-23T02:54:31.825+0000] {logging_mixin.py:137} INFO - [2024-11-23T02:54:31.825+0000] {dag.py:2690} INFO - Sync 1 DAGs
[2024-11-23T02:54:31.844+0000] {logging_mixin.py:137} INFO - [2024-11-23T02:54:31.844+0000] {dag.py:3441} INFO - Setting next_dagrun for example_branch_labels to 2024-11-22T00:00:00+00:00, run_after=2024-11-23T00:00:00+00:00
[2024-11-23T02:54:31.861+0000] {processor.py:175} INFO - Processing /home/airflow/.local/lib/python3.7/site-packages/airflow/example_dags/example_branch_labels.py took 0.074 seconds
[2024-11-23T02:55:28.126+0000] {processor.py:153} INFO - Started process (PID=47) to work on /home/airflow/.local/lib/python3.7/site-packages/airflow/example_dags/example_branch_labels.py
[2024-11-23T02:55:28.128+0000] {processor.py:743} INFO - Processing file /home/airflow/.local/lib/python3.7/site-packages/airflow/example_dags/example_branch_labels.py for tasks to queue
[2024-11-23T02:55:28.130+0000] {logging_mixin.py:137} INFO - [2024-11-23T02:55:28.130+0000] {dagbag.py:538} INFO - Filling up the DagBag from /home/airflow/.local/lib/python3.7/site-packages/airflow/example_dags/example_branch_labels.py
[2024-11-23T02:55:28.165+0000] {processor.py:753} INFO - DAG(s) dict_keys(['example_branch_labels']) retrieved from /home/airflow/.local/lib/python3.7/site-packages/airflow/example_dags/example_branch_labels.py
[2024-11-23T02:55:28.188+0000] {logging_mixin.py:137} INFO - [2024-11-23T02:55:28.187+0000] {dag.py:2690} INFO - Sync 1 DAGs
[2024-11-23T02:55:28.338+0000] {logging_mixin.py:137} INFO - [2024-11-23T02:55:28.338+0000] {dag.py:3441} INFO - Setting next_dagrun for example_branch_labels to 2024-11-22T00:00:00+00:00, run_after=2024-11-23T00:00:00+00:00
[2024-11-23T02:55:28.399+0000] {processor.py:175} INFO - Processing /home/airflow/.local/lib/python3.7/site-packages/airflow/example_dags/example_branch_labels.py took 0.278 seconds
[2024-11-23T02:55:58.664+0000] {processor.py:153} INFO - Started process (PID=137) to work on /home/airflow/.local/lib/python3.7/site-packages/airflow/example_dags/example_branch_labels.py
[2024-11-23T02:55:58.665+0000] {processor.py:743} INFO - Processing file /home/airflow/.local/lib/python3.7/site-packages/airflow/example_dags/example_branch_labels.py for tasks to queue
[2024-11-23T02:55:58.665+0000] {logging_mixin.py:137} INFO - [2024-11-23T02:55:58.665+0000] {dagbag.py:538} INFO - Filling up the DagBag from /home/airflow/.local/lib/python3.7/site-packages/airflow/example_dags/example_branch_labels.py
[2024-11-23T02:55:58.675+0000] {processor.py:753} INFO - DAG(s) dict_keys(['example_branch_labels']) retrieved from /home/airflow/.local/lib/python3.7/site-packages/airflow/example_dags/example_branch_labels.py
[2024-11-23T02:55:58.692+0000] {logging_mixin.py:137} INFO - [2024-11-23T02:55:58.692+0000] {dag.py:2690} INFO - Sync 1 DAGs
[2024-11-23T02:55:58.709+0000] {logging_mixin.py:137} INFO - [2024-11-23T02:55:58.709+0000] {dag.py:3441} INFO - Setting next_dagrun for example_branch_labels to 2024-11-22T00:00:00+00:00, run_after=2024-11-23T00:00:00+00:00
[2024-11-23T02:55:58.720+0000] {processor.py:175} INFO - Processing /home/airflow/.local/lib/python3.7/site-packages/airflow/example_dags/example_branch_labels.py took 0.058 seconds
[2024-11-23T02:56:28.955+0000] {processor.py:153} INFO - Started process (PID=211) to work on /home/airflow/.local/lib/python3.7/site-packages/airflow/example_dags/example_branch_labels.py
[2024-11-23T02:56:28.956+0000] {processor.py:743} INFO - Processing file /home/airflow/.local/lib/python3.7/site-packages/airflow/example_dags/example_branch_labels.py for tasks to queue
[2024-11-23T02:56:28.956+0000] {logging_mixin.py:137} INFO - [2024-11-23T02:56:28.956+0000] {dagbag.py:538} INFO - Filling up the DagBag from /home/airflow/.local/lib/python3.7/site-packages/airflow/example_dags/example_branch_labels.py
[2024-11-23T02:56:28.965+0000] {processor.py:753} INFO - DAG(s) dict_keys(['example_branch_labels']) retrieved from /home/airflow/.local/lib/python3.7/site-packages/airflow/example_dags/example_branch_labels.py
[2024-11-23T02:56:28.982+0000] {logging_mixin.py:137} INFO - [2024-11-23T02:56:28.982+0000] {dag.py:2690} INFO - Sync 1 DAGs
[2024-11-23T02:56:28.998+0000] {logging_mixin.py:137} INFO - [2024-11-23T02:56:28.998+0000] {dag.py:3441} INFO - Setting next_dagrun for example_branch_labels to 2024-11-22T00:00:00+00:00, run_after=2024-11-23T00:00:00+00:00
[2024-11-23T02:56:29.009+0000] {processor.py:175} INFO - Processing /home/airflow/.local/lib/python3.7/site-packages/airflow/example_dags/example_branch_labels.py took 0.056 seconds
[2024-11-23T02:56:59.906+0000] {processor.py:153} INFO - Started process (PID=301) to work on /home/airflow/.local/lib/python3.7/site-packages/airflow/example_dags/example_branch_labels.py
[2024-11-23T02:56:59.908+0000] {processor.py:743} INFO - Processing file /home/airflow/.local/lib/python3.7/site-packages/airflow/example_dags/example_branch_labels.py for tasks to queue
[2024-11-23T02:56:59.910+0000] {logging_mixin.py:137} INFO - [2024-11-23T02:56:59.910+0000] {dagbag.py:538} INFO - Filling up the DagBag from /home/airflow/.local/lib/python3.7/site-packages/airflow/example_dags/example_branch_labels.py
[2024-11-23T02:56:59.929+0000] {processor.py:753} INFO - DAG(s) dict_keys(['example_branch_labels']) retrieved from /home/airflow/.local/lib/python3.7/site-packages/airflow/example_dags/example_branch_labels.py
[2024-11-23T02:56:59.973+0000] {logging_mixin.py:137} INFO - [2024-11-23T02:56:59.972+0000] {dag.py:2690} INFO - Sync 1 DAGs
[2024-11-23T02:57:00.003+0000] {logging_mixin.py:137} INFO - [2024-11-23T02:57:00.003+0000] {dag.py:3441} INFO - Setting next_dagrun for example_branch_labels to 2024-11-22T00:00:00+00:00, run_after=2024-11-23T00:00:00+00:00
[2024-11-23T02:57:00.021+0000] {processor.py:175} INFO - Processing /home/airflow/.local/lib/python3.7/site-packages/airflow/example_dags/example_branch_labels.py took 0.119 seconds
[2024-11-23T02:57:30.308+0000] {processor.py:153} INFO - Started process (PID=375) to work on /home/airflow/.local/lib/python3.7/site-packages/airflow/example_dags/example_branch_labels.py
[2024-11-23T02:57:30.310+0000] {processor.py:743} INFO - Processing file /home/airflow/.local/lib/python3.7/site-packages/airflow/example_dags/example_branch_labels.py for tasks to queue
[2024-11-23T02:57:30.311+0000] {logging_mixin.py:137} INFO - [2024-11-23T02:57:30.311+0000] {dagbag.py:538} INFO - Filling up the DagBag from /home/airflow/.local/lib/python3.7/site-packages/airflow/example_dags/example_branch_labels.py
[2024-11-23T02:57:30.321+0000] {processor.py:753} INFO - DAG(s) dict_keys(['example_branch_labels']) retrieved from /home/airflow/.local/lib/python3.7/site-packages/airflow/example_dags/example_branch_labels.py
[2024-11-23T02:57:30.343+0000] {logging_mixin.py:137} INFO - [2024-11-23T02:57:30.343+0000] {dag.py:2690} INFO - Sync 1 DAGs
[2024-11-23T02:57:30.362+0000] {logging_mixin.py:137} INFO - [2024-11-23T02:57:30.362+0000] {dag.py:3441} INFO - Setting next_dagrun for example_branch_labels to 2024-11-22T00:00:00+00:00, run_after=2024-11-23T00:00:00+00:00
[2024-11-23T02:57:30.380+0000] {processor.py:175} INFO - Processing /home/airflow/.local/lib/python3.7/site-packages/airflow/example_dags/example_branch_labels.py took 0.074 seconds
[2024-11-23T02:58:38.248+0000] {processor.py:153} INFO - Started process (PID=47) to work on /home/airflow/.local/lib/python3.7/site-packages/airflow/example_dags/example_branch_labels.py
[2024-11-23T02:58:38.253+0000] {processor.py:743} INFO - Processing file /home/airflow/.local/lib/python3.7/site-packages/airflow/example_dags/example_branch_labels.py for tasks to queue
[2024-11-23T02:58:38.255+0000] {logging_mixin.py:137} INFO - [2024-11-23T02:58:38.254+0000] {dagbag.py:538} INFO - Filling up the DagBag from /home/airflow/.local/lib/python3.7/site-packages/airflow/example_dags/example_branch_labels.py
[2024-11-23T02:58:38.284+0000] {processor.py:753} INFO - DAG(s) dict_keys(['example_branch_labels']) retrieved from /home/airflow/.local/lib/python3.7/site-packages/airflow/example_dags/example_branch_labels.py
[2024-11-23T02:58:38.337+0000] {logging_mixin.py:137} INFO - [2024-11-23T02:58:38.336+0000] {dag.py:2690} INFO - Sync 1 DAGs
[2024-11-23T02:58:38.386+0000] {logging_mixin.py:137} INFO - [2024-11-23T02:58:38.386+0000] {dag.py:3441} INFO - Setting next_dagrun for example_branch_labels to 2024-11-22T00:00:00+00:00, run_after=2024-11-23T00:00:00+00:00
[2024-11-23T02:58:38.430+0000] {processor.py:175} INFO - Processing /home/airflow/.local/lib/python3.7/site-packages/airflow/example_dags/example_branch_labels.py took 0.187 seconds
[2024-11-23T02:59:08.792+0000] {processor.py:153} INFO - Started process (PID=136) to work on /home/airflow/.local/lib/python3.7/site-packages/airflow/example_dags/example_branch_labels.py
[2024-11-23T02:59:08.793+0000] {processor.py:743} INFO - Processing file /home/airflow/.local/lib/python3.7/site-packages/airflow/example_dags/example_branch_labels.py for tasks to queue
[2024-11-23T02:59:08.795+0000] {logging_mixin.py:137} INFO - [2024-11-23T02:59:08.795+0000] {dagbag.py:538} INFO - Filling up the DagBag from /home/airflow/.local/lib/python3.7/site-packages/airflow/example_dags/example_branch_labels.py
[2024-11-23T02:59:08.807+0000] {processor.py:753} INFO - DAG(s) dict_keys(['example_branch_labels']) retrieved from /home/airflow/.local/lib/python3.7/site-packages/airflow/example_dags/example_branch_labels.py
[2024-11-23T02:59:08.824+0000] {logging_mixin.py:137} INFO - [2024-11-23T02:59:08.824+0000] {dag.py:2690} INFO - Sync 1 DAGs
[2024-11-23T02:59:08.877+0000] {logging_mixin.py:137} INFO - [2024-11-23T02:59:08.872+0000] {dag.py:3441} INFO - Setting next_dagrun for example_branch_labels to 2024-11-22T00:00:00+00:00, run_after=2024-11-23T00:00:00+00:00
[2024-11-23T02:59:08.905+0000] {processor.py:175} INFO - Processing /home/airflow/.local/lib/python3.7/site-packages/airflow/example_dags/example_branch_labels.py took 0.117 seconds
[2024-11-23T02:59:39.688+0000] {processor.py:153} INFO - Started process (PID=210) to work on /home/airflow/.local/lib/python3.7/site-packages/airflow/example_dags/example_branch_labels.py
[2024-11-23T02:59:39.689+0000] {processor.py:743} INFO - Processing file /home/airflow/.local/lib/python3.7/site-packages/airflow/example_dags/example_branch_labels.py for tasks to queue
[2024-11-23T02:59:39.690+0000] {logging_mixin.py:137} INFO - [2024-11-23T02:59:39.690+0000] {dagbag.py:538} INFO - Filling up the DagBag from /home/airflow/.local/lib/python3.7/site-packages/airflow/example_dags/example_branch_labels.py
[2024-11-23T02:59:39.701+0000] {processor.py:753} INFO - DAG(s) dict_keys(['example_branch_labels']) retrieved from /home/airflow/.local/lib/python3.7/site-packages/airflow/example_dags/example_branch_labels.py
[2024-11-23T02:59:39.726+0000] {logging_mixin.py:137} INFO - [2024-11-23T02:59:39.726+0000] {dag.py:2690} INFO - Sync 1 DAGs
[2024-11-23T02:59:39.749+0000] {logging_mixin.py:137} INFO - [2024-11-23T02:59:39.748+0000] {dag.py:3441} INFO - Setting next_dagrun for example_branch_labels to 2024-11-22T00:00:00+00:00, run_after=2024-11-23T00:00:00+00:00
[2024-11-23T02:59:39.762+0000] {processor.py:175} INFO - Processing /home/airflow/.local/lib/python3.7/site-packages/airflow/example_dags/example_branch_labels.py took 0.077 seconds
[2024-11-23T03:00:10.141+0000] {processor.py:153} INFO - Started process (PID=300) to work on /home/airflow/.local/lib/python3.7/site-packages/airflow/example_dags/example_branch_labels.py
[2024-11-23T03:00:10.142+0000] {processor.py:743} INFO - Processing file /home/airflow/.local/lib/python3.7/site-packages/airflow/example_dags/example_branch_labels.py for tasks to queue
[2024-11-23T03:00:10.143+0000] {logging_mixin.py:137} INFO - [2024-11-23T03:00:10.143+0000] {dagbag.py:538} INFO - Filling up the DagBag from /home/airflow/.local/lib/python3.7/site-packages/airflow/example_dags/example_branch_labels.py
[2024-11-23T03:00:10.153+0000] {processor.py:753} INFO - DAG(s) dict_keys(['example_branch_labels']) retrieved from /home/airflow/.local/lib/python3.7/site-packages/airflow/example_dags/example_branch_labels.py
[2024-11-23T03:00:10.172+0000] {logging_mixin.py:137} INFO - [2024-11-23T03:00:10.172+0000] {dag.py:2690} INFO - Sync 1 DAGs
[2024-11-23T03:00:10.195+0000] {logging_mixin.py:137} INFO - [2024-11-23T03:00:10.195+0000] {dag.py:3441} INFO - Setting next_dagrun for example_branch_labels to 2024-11-22T00:00:00+00:00, run_after=2024-11-23T00:00:00+00:00
[2024-11-23T03:00:10.213+0000] {processor.py:175} INFO - Processing /home/airflow/.local/lib/python3.7/site-packages/airflow/example_dags/example_branch_labels.py took 0.075 seconds
[2024-11-23T03:00:40.759+0000] {processor.py:153} INFO - Started process (PID=374) to work on /home/airflow/.local/lib/python3.7/site-packages/airflow/example_dags/example_branch_labels.py
[2024-11-23T03:00:40.760+0000] {processor.py:743} INFO - Processing file /home/airflow/.local/lib/python3.7/site-packages/airflow/example_dags/example_branch_labels.py for tasks to queue
[2024-11-23T03:00:40.761+0000] {logging_mixin.py:137} INFO - [2024-11-23T03:00:40.761+0000] {dagbag.py:538} INFO - Filling up the DagBag from /home/airflow/.local/lib/python3.7/site-packages/airflow/example_dags/example_branch_labels.py
[2024-11-23T03:00:40.772+0000] {processor.py:753} INFO - DAG(s) dict_keys(['example_branch_labels']) retrieved from /home/airflow/.local/lib/python3.7/site-packages/airflow/example_dags/example_branch_labels.py
[2024-11-23T03:00:40.792+0000] {logging_mixin.py:137} INFO - [2024-11-23T03:00:40.792+0000] {dag.py:2690} INFO - Sync 1 DAGs
[2024-11-23T03:00:40.814+0000] {logging_mixin.py:137} INFO - [2024-11-23T03:00:40.814+0000] {dag.py:3441} INFO - Setting next_dagrun for example_branch_labels to 2024-11-22T00:00:00+00:00, run_after=2024-11-23T00:00:00+00:00
[2024-11-23T03:00:40.832+0000] {processor.py:175} INFO - Processing /home/airflow/.local/lib/python3.7/site-packages/airflow/example_dags/example_branch_labels.py took 0.076 seconds
[2024-11-23T03:01:11.359+0000] {processor.py:153} INFO - Started process (PID=464) to work on /home/airflow/.local/lib/python3.7/site-packages/airflow/example_dags/example_branch_labels.py
[2024-11-23T03:01:11.361+0000] {processor.py:743} INFO - Processing file /home/airflow/.local/lib/python3.7/site-packages/airflow/example_dags/example_branch_labels.py for tasks to queue
[2024-11-23T03:01:11.361+0000] {logging_mixin.py:137} INFO - [2024-11-23T03:01:11.361+0000] {dagbag.py:538} INFO - Filling up the DagBag from /home/airflow/.local/lib/python3.7/site-packages/airflow/example_dags/example_branch_labels.py
[2024-11-23T03:01:11.372+0000] {processor.py:753} INFO - DAG(s) dict_keys(['example_branch_labels']) retrieved from /home/airflow/.local/lib/python3.7/site-packages/airflow/example_dags/example_branch_labels.py
[2024-11-23T03:01:11.391+0000] {logging_mixin.py:137} INFO - [2024-11-23T03:01:11.391+0000] {dag.py:2690} INFO - Sync 1 DAGs
[2024-11-23T03:01:11.408+0000] {logging_mixin.py:137} INFO - [2024-11-23T03:01:11.408+0000] {dag.py:3441} INFO - Setting next_dagrun for example_branch_labels to 2024-11-22T00:00:00+00:00, run_after=2024-11-23T00:00:00+00:00
[2024-11-23T03:01:11.424+0000] {processor.py:175} INFO - Processing /home/airflow/.local/lib/python3.7/site-packages/airflow/example_dags/example_branch_labels.py took 0.068 seconds
[2024-11-23T03:01:41.636+0000] {processor.py:153} INFO - Started process (PID=554) to work on /home/airflow/.local/lib/python3.7/site-packages/airflow/example_dags/example_branch_labels.py
[2024-11-23T03:01:41.639+0000] {processor.py:743} INFO - Processing file /home/airflow/.local/lib/python3.7/site-packages/airflow/example_dags/example_branch_labels.py for tasks to queue
[2024-11-23T03:01:41.640+0000] {logging_mixin.py:137} INFO - [2024-11-23T03:01:41.640+0000] {dagbag.py:538} INFO - Filling up the DagBag from /home/airflow/.local/lib/python3.7/site-packages/airflow/example_dags/example_branch_labels.py
[2024-11-23T03:01:41.655+0000] {processor.py:753} INFO - DAG(s) dict_keys(['example_branch_labels']) retrieved from /home/airflow/.local/lib/python3.7/site-packages/airflow/example_dags/example_branch_labels.py
[2024-11-23T03:01:41.686+0000] {logging_mixin.py:137} INFO - [2024-11-23T03:01:41.686+0000] {dag.py:2690} INFO - Sync 1 DAGs
[2024-11-23T03:01:41.712+0000] {logging_mixin.py:137} INFO - [2024-11-23T03:01:41.712+0000] {dag.py:3441} INFO - Setting next_dagrun for example_branch_labels to 2024-11-22T00:00:00+00:00, run_after=2024-11-23T00:00:00+00:00
[2024-11-23T03:01:41.730+0000] {processor.py:175} INFO - Processing /home/airflow/.local/lib/python3.7/site-packages/airflow/example_dags/example_branch_labels.py took 0.098 seconds
[2024-11-23T03:02:11.936+0000] {processor.py:153} INFO - Started process (PID=628) to work on /home/airflow/.local/lib/python3.7/site-packages/airflow/example_dags/example_branch_labels.py
[2024-11-23T03:02:11.937+0000] {processor.py:743} INFO - Processing file /home/airflow/.local/lib/python3.7/site-packages/airflow/example_dags/example_branch_labels.py for tasks to queue
[2024-11-23T03:02:11.938+0000] {logging_mixin.py:137} INFO - [2024-11-23T03:02:11.938+0000] {dagbag.py:538} INFO - Filling up the DagBag from /home/airflow/.local/lib/python3.7/site-packages/airflow/example_dags/example_branch_labels.py
[2024-11-23T03:02:11.948+0000] {processor.py:753} INFO - DAG(s) dict_keys(['example_branch_labels']) retrieved from /home/airflow/.local/lib/python3.7/site-packages/airflow/example_dags/example_branch_labels.py
[2024-11-23T03:02:11.967+0000] {logging_mixin.py:137} INFO - [2024-11-23T03:02:11.967+0000] {dag.py:2690} INFO - Sync 1 DAGs
[2024-11-23T03:02:11.984+0000] {logging_mixin.py:137} INFO - [2024-11-23T03:02:11.984+0000] {dag.py:3441} INFO - Setting next_dagrun for example_branch_labels to 2024-11-22T00:00:00+00:00, run_after=2024-11-23T00:00:00+00:00
[2024-11-23T03:02:11.995+0000] {processor.py:175} INFO - Processing /home/airflow/.local/lib/python3.7/site-packages/airflow/example_dags/example_branch_labels.py took 0.061 seconds
[2024-11-23T03:03:05.602+0000] {processor.py:153} INFO - Started process (PID=46) to work on /home/airflow/.local/lib/python3.7/site-packages/airflow/example_dags/example_branch_labels.py
[2024-11-23T03:03:05.603+0000] {processor.py:743} INFO - Processing file /home/airflow/.local/lib/python3.7/site-packages/airflow/example_dags/example_branch_labels.py for tasks to queue
[2024-11-23T03:03:05.606+0000] {logging_mixin.py:137} INFO - [2024-11-23T03:03:05.606+0000] {dagbag.py:538} INFO - Filling up the DagBag from /home/airflow/.local/lib/python3.7/site-packages/airflow/example_dags/example_branch_labels.py
[2024-11-23T03:03:05.621+0000] {processor.py:753} INFO - DAG(s) dict_keys(['example_branch_labels']) retrieved from /home/airflow/.local/lib/python3.7/site-packages/airflow/example_dags/example_branch_labels.py
[2024-11-23T03:03:05.637+0000] {logging_mixin.py:137} INFO - [2024-11-23T03:03:05.637+0000] {dag.py:2690} INFO - Sync 1 DAGs
[2024-11-23T03:03:05.668+0000] {logging_mixin.py:137} INFO - [2024-11-23T03:03:05.668+0000] {dag.py:3441} INFO - Setting next_dagrun for example_branch_labels to 2024-11-22T00:00:00+00:00, run_after=2024-11-23T00:00:00+00:00
[2024-11-23T03:03:05.693+0000] {processor.py:175} INFO - Processing /home/airflow/.local/lib/python3.7/site-packages/airflow/example_dags/example_branch_labels.py took 0.096 seconds
[2024-11-23T03:03:36.284+0000] {processor.py:153} INFO - Started process (PID=136) to work on /home/airflow/.local/lib/python3.7/site-packages/airflow/example_dags/example_branch_labels.py
[2024-11-23T03:03:36.289+0000] {processor.py:743} INFO - Processing file /home/airflow/.local/lib/python3.7/site-packages/airflow/example_dags/example_branch_labels.py for tasks to queue
[2024-11-23T03:03:36.290+0000] {logging_mixin.py:137} INFO - [2024-11-23T03:03:36.290+0000] {dagbag.py:538} INFO - Filling up the DagBag from /home/airflow/.local/lib/python3.7/site-packages/airflow/example_dags/example_branch_labels.py
[2024-11-23T03:03:36.306+0000] {processor.py:753} INFO - DAG(s) dict_keys(['example_branch_labels']) retrieved from /home/airflow/.local/lib/python3.7/site-packages/airflow/example_dags/example_branch_labels.py
[2024-11-23T03:03:36.347+0000] {logging_mixin.py:137} INFO - [2024-11-23T03:03:36.347+0000] {dag.py:2690} INFO - Sync 1 DAGs
[2024-11-23T03:03:36.374+0000] {logging_mixin.py:137} INFO - [2024-11-23T03:03:36.374+0000] {dag.py:3441} INFO - Setting next_dagrun for example_branch_labels to 2024-11-22T00:00:00+00:00, run_after=2024-11-23T00:00:00+00:00
[2024-11-23T03:03:36.392+0000] {processor.py:175} INFO - Processing /home/airflow/.local/lib/python3.7/site-packages/airflow/example_dags/example_branch_labels.py took 0.113 seconds
[2024-11-23T03:06:13.633+0000] {processor.py:153} INFO - Started process (PID=55) to work on /home/airflow/.local/lib/python3.7/site-packages/airflow/example_dags/example_branch_labels.py
[2024-11-23T03:06:13.634+0000] {processor.py:743} INFO - Processing file /home/airflow/.local/lib/python3.7/site-packages/airflow/example_dags/example_branch_labels.py for tasks to queue
[2024-11-23T03:06:13.636+0000] {logging_mixin.py:137} INFO - [2024-11-23T03:06:13.636+0000] {dagbag.py:538} INFO - Filling up the DagBag from /home/airflow/.local/lib/python3.7/site-packages/airflow/example_dags/example_branch_labels.py
[2024-11-23T03:06:13.682+0000] {processor.py:753} INFO - DAG(s) dict_keys(['example_branch_labels']) retrieved from /home/airflow/.local/lib/python3.7/site-packages/airflow/example_dags/example_branch_labels.py
[2024-11-23T03:06:13.765+0000] {logging_mixin.py:137} INFO - [2024-11-23T03:06:13.764+0000] {dag.py:2690} INFO - Sync 1 DAGs
[2024-11-23T03:06:13.832+0000] {logging_mixin.py:137} INFO - [2024-11-23T03:06:13.832+0000] {dag.py:3441} INFO - Setting next_dagrun for example_branch_labels to 2024-11-22T00:00:00+00:00, run_after=2024-11-23T00:00:00+00:00
[2024-11-23T03:06:13.881+0000] {processor.py:175} INFO - Processing /home/airflow/.local/lib/python3.7/site-packages/airflow/example_dags/example_branch_labels.py took 0.252 seconds
[2024-11-23T03:06:43.929+0000] {processor.py:153} INFO - Started process (PID=136) to work on /home/airflow/.local/lib/python3.7/site-packages/airflow/example_dags/example_branch_labels.py
[2024-11-23T03:06:43.931+0000] {processor.py:743} INFO - Processing file /home/airflow/.local/lib/python3.7/site-packages/airflow/example_dags/example_branch_labels.py for tasks to queue
[2024-11-23T03:06:43.933+0000] {logging_mixin.py:137} INFO - [2024-11-23T03:06:43.933+0000] {dagbag.py:538} INFO - Filling up the DagBag from /home/airflow/.local/lib/python3.7/site-packages/airflow/example_dags/example_branch_labels.py
[2024-11-23T03:06:43.965+0000] {processor.py:753} INFO - DAG(s) dict_keys(['example_branch_labels']) retrieved from /home/airflow/.local/lib/python3.7/site-packages/airflow/example_dags/example_branch_labels.py
[2024-11-23T03:06:43.992+0000] {logging_mixin.py:137} INFO - [2024-11-23T03:06:43.991+0000] {dag.py:2690} INFO - Sync 1 DAGs
[2024-11-23T03:06:44.016+0000] {logging_mixin.py:137} INFO - [2024-11-23T03:06:44.016+0000] {dag.py:3441} INFO - Setting next_dagrun for example_branch_labels to 2024-11-22T00:00:00+00:00, run_after=2024-11-23T00:00:00+00:00
[2024-11-23T03:06:44.037+0000] {processor.py:175} INFO - Processing /home/airflow/.local/lib/python3.7/site-packages/airflow/example_dags/example_branch_labels.py took 0.110 seconds
[2024-11-23T03:07:14.899+0000] {processor.py:153} INFO - Started process (PID=210) to work on /home/airflow/.local/lib/python3.7/site-packages/airflow/example_dags/example_branch_labels.py
[2024-11-23T03:07:14.900+0000] {processor.py:743} INFO - Processing file /home/airflow/.local/lib/python3.7/site-packages/airflow/example_dags/example_branch_labels.py for tasks to queue
[2024-11-23T03:07:14.903+0000] {logging_mixin.py:137} INFO - [2024-11-23T03:07:14.902+0000] {dagbag.py:538} INFO - Filling up the DagBag from /home/airflow/.local/lib/python3.7/site-packages/airflow/example_dags/example_branch_labels.py
[2024-11-23T03:07:14.916+0000] {processor.py:753} INFO - DAG(s) dict_keys(['example_branch_labels']) retrieved from /home/airflow/.local/lib/python3.7/site-packages/airflow/example_dags/example_branch_labels.py
[2024-11-23T03:07:14.952+0000] {logging_mixin.py:137} INFO - [2024-11-23T03:07:14.952+0000] {dag.py:2690} INFO - Sync 1 DAGs
[2024-11-23T03:07:14.995+0000] {logging_mixin.py:137} INFO - [2024-11-23T03:07:14.994+0000] {dag.py:3441} INFO - Setting next_dagrun for example_branch_labels to 2024-11-22T00:00:00+00:00, run_after=2024-11-23T00:00:00+00:00
[2024-11-23T03:07:15.029+0000] {processor.py:175} INFO - Processing /home/airflow/.local/lib/python3.7/site-packages/airflow/example_dags/example_branch_labels.py took 0.134 seconds
[2024-11-23T03:07:45.635+0000] {processor.py:153} INFO - Started process (PID=300) to work on /home/airflow/.local/lib/python3.7/site-packages/airflow/example_dags/example_branch_labels.py
[2024-11-23T03:07:45.636+0000] {processor.py:743} INFO - Processing file /home/airflow/.local/lib/python3.7/site-packages/airflow/example_dags/example_branch_labels.py for tasks to queue
[2024-11-23T03:07:45.636+0000] {logging_mixin.py:137} INFO - [2024-11-23T03:07:45.636+0000] {dagbag.py:538} INFO - Filling up the DagBag from /home/airflow/.local/lib/python3.7/site-packages/airflow/example_dags/example_branch_labels.py
[2024-11-23T03:07:45.646+0000] {processor.py:753} INFO - DAG(s) dict_keys(['example_branch_labels']) retrieved from /home/airflow/.local/lib/python3.7/site-packages/airflow/example_dags/example_branch_labels.py
[2024-11-23T03:07:45.670+0000] {logging_mixin.py:137} INFO - [2024-11-23T03:07:45.669+0000] {dag.py:2690} INFO - Sync 1 DAGs
[2024-11-23T03:07:45.691+0000] {logging_mixin.py:137} INFO - [2024-11-23T03:07:45.691+0000] {dag.py:3441} INFO - Setting next_dagrun for example_branch_labels to 2024-11-22T00:00:00+00:00, run_after=2024-11-23T00:00:00+00:00
[2024-11-23T03:07:45.707+0000] {processor.py:175} INFO - Processing /home/airflow/.local/lib/python3.7/site-packages/airflow/example_dags/example_branch_labels.py took 0.075 seconds
[2024-11-23T03:08:15.947+0000] {processor.py:153} INFO - Started process (PID=390) to work on /home/airflow/.local/lib/python3.7/site-packages/airflow/example_dags/example_branch_labels.py
[2024-11-23T03:08:15.949+0000] {processor.py:743} INFO - Processing file /home/airflow/.local/lib/python3.7/site-packages/airflow/example_dags/example_branch_labels.py for tasks to queue
[2024-11-23T03:08:15.950+0000] {logging_mixin.py:137} INFO - [2024-11-23T03:08:15.950+0000] {dagbag.py:538} INFO - Filling up the DagBag from /home/airflow/.local/lib/python3.7/site-packages/airflow/example_dags/example_branch_labels.py
[2024-11-23T03:08:15.962+0000] {processor.py:753} INFO - DAG(s) dict_keys(['example_branch_labels']) retrieved from /home/airflow/.local/lib/python3.7/site-packages/airflow/example_dags/example_branch_labels.py
[2024-11-23T03:08:15.989+0000] {logging_mixin.py:137} INFO - [2024-11-23T03:08:15.989+0000] {dag.py:2690} INFO - Sync 1 DAGs
[2024-11-23T03:08:16.011+0000] {logging_mixin.py:137} INFO - [2024-11-23T03:08:16.011+0000] {dag.py:3441} INFO - Setting next_dagrun for example_branch_labels to 2024-11-22T00:00:00+00:00, run_after=2024-11-23T00:00:00+00:00
[2024-11-23T03:08:16.026+0000] {processor.py:175} INFO - Processing /home/airflow/.local/lib/python3.7/site-packages/airflow/example_dags/example_branch_labels.py took 0.082 seconds
[2024-11-23T03:08:46.191+0000] {processor.py:153} INFO - Started process (PID=463) to work on /home/airflow/.local/lib/python3.7/site-packages/airflow/example_dags/example_branch_labels.py
[2024-11-23T03:08:46.191+0000] {processor.py:743} INFO - Processing file /home/airflow/.local/lib/python3.7/site-packages/airflow/example_dags/example_branch_labels.py for tasks to queue
[2024-11-23T03:08:46.192+0000] {logging_mixin.py:137} INFO - [2024-11-23T03:08:46.192+0000] {dagbag.py:538} INFO - Filling up the DagBag from /home/airflow/.local/lib/python3.7/site-packages/airflow/example_dags/example_branch_labels.py
[2024-11-23T03:08:46.203+0000] {processor.py:753} INFO - DAG(s) dict_keys(['example_branch_labels']) retrieved from /home/airflow/.local/lib/python3.7/site-packages/airflow/example_dags/example_branch_labels.py
[2024-11-23T03:08:46.231+0000] {logging_mixin.py:137} INFO - [2024-11-23T03:08:46.231+0000] {dag.py:2690} INFO - Sync 1 DAGs
[2024-11-23T03:08:46.253+0000] {logging_mixin.py:137} INFO - [2024-11-23T03:08:46.253+0000] {dag.py:3441} INFO - Setting next_dagrun for example_branch_labels to 2024-11-22T00:00:00+00:00, run_after=2024-11-23T00:00:00+00:00
[2024-11-23T03:08:46.266+0000] {processor.py:175} INFO - Processing /home/airflow/.local/lib/python3.7/site-packages/airflow/example_dags/example_branch_labels.py took 0.078 seconds
[2024-11-23T03:09:17.369+0000] {processor.py:153} INFO - Started process (PID=553) to work on /home/airflow/.local/lib/python3.7/site-packages/airflow/example_dags/example_branch_labels.py
[2024-11-23T03:09:17.370+0000] {processor.py:743} INFO - Processing file /home/airflow/.local/lib/python3.7/site-packages/airflow/example_dags/example_branch_labels.py for tasks to queue
[2024-11-23T03:09:17.372+0000] {logging_mixin.py:137} INFO - [2024-11-23T03:09:17.371+0000] {dagbag.py:538} INFO - Filling up the DagBag from /home/airflow/.local/lib/python3.7/site-packages/airflow/example_dags/example_branch_labels.py
[2024-11-23T03:09:17.383+0000] {processor.py:753} INFO - DAG(s) dict_keys(['example_branch_labels']) retrieved from /home/airflow/.local/lib/python3.7/site-packages/airflow/example_dags/example_branch_labels.py
[2024-11-23T03:09:17.400+0000] {logging_mixin.py:137} INFO - [2024-11-23T03:09:17.400+0000] {dag.py:2690} INFO - Sync 1 DAGs
[2024-11-23T03:09:17.421+0000] {logging_mixin.py:137} INFO - [2024-11-23T03:09:17.421+0000] {dag.py:3441} INFO - Setting next_dagrun for example_branch_labels to 2024-11-22T00:00:00+00:00, run_after=2024-11-23T00:00:00+00:00
[2024-11-23T03:09:17.434+0000] {processor.py:175} INFO - Processing /home/airflow/.local/lib/python3.7/site-packages/airflow/example_dags/example_branch_labels.py took 0.068 seconds
[2024-11-23T03:09:47.533+0000] {processor.py:153} INFO - Started process (PID=627) to work on /home/airflow/.local/lib/python3.7/site-packages/airflow/example_dags/example_branch_labels.py
[2024-11-23T03:09:47.534+0000] {processor.py:743} INFO - Processing file /home/airflow/.local/lib/python3.7/site-packages/airflow/example_dags/example_branch_labels.py for tasks to queue
[2024-11-23T03:09:47.536+0000] {logging_mixin.py:137} INFO - [2024-11-23T03:09:47.536+0000] {dagbag.py:538} INFO - Filling up the DagBag from /home/airflow/.local/lib/python3.7/site-packages/airflow/example_dags/example_branch_labels.py
[2024-11-23T03:09:47.545+0000] {processor.py:753} INFO - DAG(s) dict_keys(['example_branch_labels']) retrieved from /home/airflow/.local/lib/python3.7/site-packages/airflow/example_dags/example_branch_labels.py
[2024-11-23T03:09:47.564+0000] {logging_mixin.py:137} INFO - [2024-11-23T03:09:47.564+0000] {dag.py:2690} INFO - Sync 1 DAGs
[2024-11-23T03:09:47.586+0000] {logging_mixin.py:137} INFO - [2024-11-23T03:09:47.586+0000] {dag.py:3441} INFO - Setting next_dagrun for example_branch_labels to 2024-11-22T00:00:00+00:00, run_after=2024-11-23T00:00:00+00:00
[2024-11-23T03:09:47.597+0000] {processor.py:175} INFO - Processing /home/airflow/.local/lib/python3.7/site-packages/airflow/example_dags/example_branch_labels.py took 0.067 seconds
[2024-11-23T03:10:17.818+0000] {processor.py:153} INFO - Started process (PID=716) to work on /home/airflow/.local/lib/python3.7/site-packages/airflow/example_dags/example_branch_labels.py
[2024-11-23T03:10:17.819+0000] {processor.py:743} INFO - Processing file /home/airflow/.local/lib/python3.7/site-packages/airflow/example_dags/example_branch_labels.py for tasks to queue
[2024-11-23T03:10:17.821+0000] {logging_mixin.py:137} INFO - [2024-11-23T03:10:17.821+0000] {dagbag.py:538} INFO - Filling up the DagBag from /home/airflow/.local/lib/python3.7/site-packages/airflow/example_dags/example_branch_labels.py
[2024-11-23T03:10:17.834+0000] {processor.py:753} INFO - DAG(s) dict_keys(['example_branch_labels']) retrieved from /home/airflow/.local/lib/python3.7/site-packages/airflow/example_dags/example_branch_labels.py
[2024-11-23T03:10:17.855+0000] {logging_mixin.py:137} INFO - [2024-11-23T03:10:17.855+0000] {dag.py:2690} INFO - Sync 1 DAGs
[2024-11-23T03:10:17.874+0000] {logging_mixin.py:137} INFO - [2024-11-23T03:10:17.874+0000] {dag.py:3441} INFO - Setting next_dagrun for example_branch_labels to 2024-11-22T00:00:00+00:00, run_after=2024-11-23T00:00:00+00:00
[2024-11-23T03:10:17.886+0000] {processor.py:175} INFO - Processing /home/airflow/.local/lib/python3.7/site-packages/airflow/example_dags/example_branch_labels.py took 0.070 seconds
[2024-11-23T03:10:49.088+0000] {processor.py:153} INFO - Started process (PID=806) to work on /home/airflow/.local/lib/python3.7/site-packages/airflow/example_dags/example_branch_labels.py
[2024-11-23T03:10:49.089+0000] {processor.py:743} INFO - Processing file /home/airflow/.local/lib/python3.7/site-packages/airflow/example_dags/example_branch_labels.py for tasks to queue
[2024-11-23T03:10:49.092+0000] {logging_mixin.py:137} INFO - [2024-11-23T03:10:49.092+0000] {dagbag.py:538} INFO - Filling up the DagBag from /home/airflow/.local/lib/python3.7/site-packages/airflow/example_dags/example_branch_labels.py
[2024-11-23T03:10:49.103+0000] {processor.py:753} INFO - DAG(s) dict_keys(['example_branch_labels']) retrieved from /home/airflow/.local/lib/python3.7/site-packages/airflow/example_dags/example_branch_labels.py
[2024-11-23T03:10:49.133+0000] {logging_mixin.py:137} INFO - [2024-11-23T03:10:49.133+0000] {dag.py:2690} INFO - Sync 1 DAGs
[2024-11-23T03:10:49.160+0000] {logging_mixin.py:137} INFO - [2024-11-23T03:10:49.160+0000] {dag.py:3441} INFO - Setting next_dagrun for example_branch_labels to 2024-11-22T00:00:00+00:00, run_after=2024-11-23T00:00:00+00:00
[2024-11-23T03:10:49.179+0000] {processor.py:175} INFO - Processing /home/airflow/.local/lib/python3.7/site-packages/airflow/example_dags/example_branch_labels.py took 0.093 seconds
[2024-11-23T03:11:19.577+0000] {processor.py:153} INFO - Started process (PID=880) to work on /home/airflow/.local/lib/python3.7/site-packages/airflow/example_dags/example_branch_labels.py
[2024-11-23T03:11:19.578+0000] {processor.py:743} INFO - Processing file /home/airflow/.local/lib/python3.7/site-packages/airflow/example_dags/example_branch_labels.py for tasks to queue
[2024-11-23T03:11:19.578+0000] {logging_mixin.py:137} INFO - [2024-11-23T03:11:19.578+0000] {dagbag.py:538} INFO - Filling up the DagBag from /home/airflow/.local/lib/python3.7/site-packages/airflow/example_dags/example_branch_labels.py
[2024-11-23T03:11:19.589+0000] {processor.py:753} INFO - DAG(s) dict_keys(['example_branch_labels']) retrieved from /home/airflow/.local/lib/python3.7/site-packages/airflow/example_dags/example_branch_labels.py
[2024-11-23T03:11:19.612+0000] {logging_mixin.py:137} INFO - [2024-11-23T03:11:19.612+0000] {dag.py:2690} INFO - Sync 1 DAGs
[2024-11-23T03:11:19.632+0000] {logging_mixin.py:137} INFO - [2024-11-23T03:11:19.631+0000] {dag.py:3441} INFO - Setting next_dagrun for example_branch_labels to 2024-11-22T00:00:00+00:00, run_after=2024-11-23T00:00:00+00:00
[2024-11-23T03:11:19.643+0000] {processor.py:175} INFO - Processing /home/airflow/.local/lib/python3.7/site-packages/airflow/example_dags/example_branch_labels.py took 0.068 seconds
[2024-11-23T03:11:49.947+0000] {processor.py:153} INFO - Started process (PID=970) to work on /home/airflow/.local/lib/python3.7/site-packages/airflow/example_dags/example_branch_labels.py
[2024-11-23T03:11:49.947+0000] {processor.py:743} INFO - Processing file /home/airflow/.local/lib/python3.7/site-packages/airflow/example_dags/example_branch_labels.py for tasks to queue
[2024-11-23T03:11:49.948+0000] {logging_mixin.py:137} INFO - [2024-11-23T03:11:49.948+0000] {dagbag.py:538} INFO - Filling up the DagBag from /home/airflow/.local/lib/python3.7/site-packages/airflow/example_dags/example_branch_labels.py
[2024-11-23T03:11:49.960+0000] {processor.py:753} INFO - DAG(s) dict_keys(['example_branch_labels']) retrieved from /home/airflow/.local/lib/python3.7/site-packages/airflow/example_dags/example_branch_labels.py
[2024-11-23T03:11:49.984+0000] {logging_mixin.py:137} INFO - [2024-11-23T03:11:49.984+0000] {dag.py:2690} INFO - Sync 1 DAGs
[2024-11-23T03:11:50.006+0000] {logging_mixin.py:137} INFO - [2024-11-23T03:11:50.006+0000] {dag.py:3441} INFO - Setting next_dagrun for example_branch_labels to 2024-11-22T00:00:00+00:00, run_after=2024-11-23T00:00:00+00:00
[2024-11-23T03:11:50.022+0000] {processor.py:175} INFO - Processing /home/airflow/.local/lib/python3.7/site-packages/airflow/example_dags/example_branch_labels.py took 0.078 seconds
[2024-11-23T03:12:20.100+0000] {processor.py:153} INFO - Started process (PID=1044) to work on /home/airflow/.local/lib/python3.7/site-packages/airflow/example_dags/example_branch_labels.py
[2024-11-23T03:12:20.101+0000] {processor.py:743} INFO - Processing file /home/airflow/.local/lib/python3.7/site-packages/airflow/example_dags/example_branch_labels.py for tasks to queue
[2024-11-23T03:12:20.102+0000] {logging_mixin.py:137} INFO - [2024-11-23T03:12:20.102+0000] {dagbag.py:538} INFO - Filling up the DagBag from /home/airflow/.local/lib/python3.7/site-packages/airflow/example_dags/example_branch_labels.py
[2024-11-23T03:12:20.113+0000] {processor.py:753} INFO - DAG(s) dict_keys(['example_branch_labels']) retrieved from /home/airflow/.local/lib/python3.7/site-packages/airflow/example_dags/example_branch_labels.py
[2024-11-23T03:12:20.133+0000] {logging_mixin.py:137} INFO - [2024-11-23T03:12:20.133+0000] {dag.py:2690} INFO - Sync 1 DAGs
[2024-11-23T03:12:20.151+0000] {logging_mixin.py:137} INFO - [2024-11-23T03:12:20.151+0000] {dag.py:3441} INFO - Setting next_dagrun for example_branch_labels to 2024-11-22T00:00:00+00:00, run_after=2024-11-23T00:00:00+00:00
[2024-11-23T03:12:20.163+0000] {processor.py:175} INFO - Processing /home/airflow/.local/lib/python3.7/site-packages/airflow/example_dags/example_branch_labels.py took 0.064 seconds
[2024-11-23T03:12:50.247+0000] {processor.py:153} INFO - Started process (PID=1134) to work on /home/airflow/.local/lib/python3.7/site-packages/airflow/example_dags/example_branch_labels.py
[2024-11-23T03:12:50.248+0000] {processor.py:743} INFO - Processing file /home/airflow/.local/lib/python3.7/site-packages/airflow/example_dags/example_branch_labels.py for tasks to queue
[2024-11-23T03:12:50.249+0000] {logging_mixin.py:137} INFO - [2024-11-23T03:12:50.249+0000] {dagbag.py:538} INFO - Filling up the DagBag from /home/airflow/.local/lib/python3.7/site-packages/airflow/example_dags/example_branch_labels.py
[2024-11-23T03:12:50.259+0000] {processor.py:753} INFO - DAG(s) dict_keys(['example_branch_labels']) retrieved from /home/airflow/.local/lib/python3.7/site-packages/airflow/example_dags/example_branch_labels.py
[2024-11-23T03:12:50.277+0000] {logging_mixin.py:137} INFO - [2024-11-23T03:12:50.276+0000] {dag.py:2690} INFO - Sync 1 DAGs
[2024-11-23T03:12:50.295+0000] {logging_mixin.py:137} INFO - [2024-11-23T03:12:50.295+0000] {dag.py:3441} INFO - Setting next_dagrun for example_branch_labels to 2024-11-22T00:00:00+00:00, run_after=2024-11-23T00:00:00+00:00
[2024-11-23T03:12:50.309+0000] {processor.py:175} INFO - Processing /home/airflow/.local/lib/python3.7/site-packages/airflow/example_dags/example_branch_labels.py took 0.064 seconds
[2024-11-23T03:13:20.774+0000] {processor.py:153} INFO - Started process (PID=1208) to work on /home/airflow/.local/lib/python3.7/site-packages/airflow/example_dags/example_branch_labels.py
[2024-11-23T03:13:20.775+0000] {processor.py:743} INFO - Processing file /home/airflow/.local/lib/python3.7/site-packages/airflow/example_dags/example_branch_labels.py for tasks to queue
[2024-11-23T03:13:20.776+0000] {logging_mixin.py:137} INFO - [2024-11-23T03:13:20.775+0000] {dagbag.py:538} INFO - Filling up the DagBag from /home/airflow/.local/lib/python3.7/site-packages/airflow/example_dags/example_branch_labels.py
[2024-11-23T03:13:20.786+0000] {processor.py:753} INFO - DAG(s) dict_keys(['example_branch_labels']) retrieved from /home/airflow/.local/lib/python3.7/site-packages/airflow/example_dags/example_branch_labels.py
[2024-11-23T03:13:20.803+0000] {logging_mixin.py:137} INFO - [2024-11-23T03:13:20.803+0000] {dag.py:2690} INFO - Sync 1 DAGs
[2024-11-23T03:13:20.820+0000] {logging_mixin.py:137} INFO - [2024-11-23T03:13:20.820+0000] {dag.py:3441} INFO - Setting next_dagrun for example_branch_labels to 2024-11-22T00:00:00+00:00, run_after=2024-11-23T00:00:00+00:00
[2024-11-23T03:13:20.836+0000] {processor.py:175} INFO - Processing /home/airflow/.local/lib/python3.7/site-packages/airflow/example_dags/example_branch_labels.py took 0.065 seconds
[2024-11-23T03:13:51.037+0000] {processor.py:153} INFO - Started process (PID=1298) to work on /home/airflow/.local/lib/python3.7/site-packages/airflow/example_dags/example_branch_labels.py
[2024-11-23T03:13:51.038+0000] {processor.py:743} INFO - Processing file /home/airflow/.local/lib/python3.7/site-packages/airflow/example_dags/example_branch_labels.py for tasks to queue
[2024-11-23T03:13:51.039+0000] {logging_mixin.py:137} INFO - [2024-11-23T03:13:51.039+0000] {dagbag.py:538} INFO - Filling up the DagBag from /home/airflow/.local/lib/python3.7/site-packages/airflow/example_dags/example_branch_labels.py
[2024-11-23T03:13:51.049+0000] {processor.py:753} INFO - DAG(s) dict_keys(['example_branch_labels']) retrieved from /home/airflow/.local/lib/python3.7/site-packages/airflow/example_dags/example_branch_labels.py
[2024-11-23T03:13:51.075+0000] {logging_mixin.py:137} INFO - [2024-11-23T03:13:51.075+0000] {dag.py:2690} INFO - Sync 1 DAGs
[2024-11-23T03:13:51.092+0000] {logging_mixin.py:137} INFO - [2024-11-23T03:13:51.092+0000] {dag.py:3441} INFO - Setting next_dagrun for example_branch_labels to 2024-11-22T00:00:00+00:00, run_after=2024-11-23T00:00:00+00:00
[2024-11-23T03:13:51.108+0000] {processor.py:175} INFO - Processing /home/airflow/.local/lib/python3.7/site-packages/airflow/example_dags/example_branch_labels.py took 0.073 seconds
[2024-11-23T03:14:21.156+0000] {processor.py:153} INFO - Started process (PID=1372) to work on /home/airflow/.local/lib/python3.7/site-packages/airflow/example_dags/example_branch_labels.py
[2024-11-23T03:14:21.157+0000] {processor.py:743} INFO - Processing file /home/airflow/.local/lib/python3.7/site-packages/airflow/example_dags/example_branch_labels.py for tasks to queue
[2024-11-23T03:14:21.158+0000] {logging_mixin.py:137} INFO - [2024-11-23T03:14:21.158+0000] {dagbag.py:538} INFO - Filling up the DagBag from /home/airflow/.local/lib/python3.7/site-packages/airflow/example_dags/example_branch_labels.py
[2024-11-23T03:14:21.169+0000] {processor.py:753} INFO - DAG(s) dict_keys(['example_branch_labels']) retrieved from /home/airflow/.local/lib/python3.7/site-packages/airflow/example_dags/example_branch_labels.py
[2024-11-23T03:14:21.190+0000] {logging_mixin.py:137} INFO - [2024-11-23T03:14:21.190+0000] {dag.py:2690} INFO - Sync 1 DAGs
[2024-11-23T03:14:21.209+0000] {logging_mixin.py:137} INFO - [2024-11-23T03:14:21.209+0000] {dag.py:3441} INFO - Setting next_dagrun for example_branch_labels to 2024-11-22T00:00:00+00:00, run_after=2024-11-23T00:00:00+00:00
[2024-11-23T03:14:21.226+0000] {processor.py:175} INFO - Processing /home/airflow/.local/lib/python3.7/site-packages/airflow/example_dags/example_branch_labels.py took 0.072 seconds
[2024-11-23T03:14:51.585+0000] {processor.py:153} INFO - Started process (PID=1462) to work on /home/airflow/.local/lib/python3.7/site-packages/airflow/example_dags/example_branch_labels.py
[2024-11-23T03:14:51.586+0000] {processor.py:743} INFO - Processing file /home/airflow/.local/lib/python3.7/site-packages/airflow/example_dags/example_branch_labels.py for tasks to queue
[2024-11-23T03:14:51.587+0000] {logging_mixin.py:137} INFO - [2024-11-23T03:14:51.587+0000] {dagbag.py:538} INFO - Filling up the DagBag from /home/airflow/.local/lib/python3.7/site-packages/airflow/example_dags/example_branch_labels.py
[2024-11-23T03:14:51.600+0000] {processor.py:753} INFO - DAG(s) dict_keys(['example_branch_labels']) retrieved from /home/airflow/.local/lib/python3.7/site-packages/airflow/example_dags/example_branch_labels.py
[2024-11-23T03:14:51.619+0000] {logging_mixin.py:137} INFO - [2024-11-23T03:14:51.619+0000] {dag.py:2690} INFO - Sync 1 DAGs
[2024-11-23T03:14:51.637+0000] {logging_mixin.py:137} INFO - [2024-11-23T03:14:51.636+0000] {dag.py:3441} INFO - Setting next_dagrun for example_branch_labels to 2024-11-22T00:00:00+00:00, run_after=2024-11-23T00:00:00+00:00
[2024-11-23T03:14:51.652+0000] {processor.py:175} INFO - Processing /home/airflow/.local/lib/python3.7/site-packages/airflow/example_dags/example_branch_labels.py took 0.070 seconds
[2024-11-23T03:15:22.108+0000] {processor.py:153} INFO - Started process (PID=1545) to work on /home/airflow/.local/lib/python3.7/site-packages/airflow/example_dags/example_branch_labels.py
[2024-11-23T03:15:22.109+0000] {processor.py:743} INFO - Processing file /home/airflow/.local/lib/python3.7/site-packages/airflow/example_dags/example_branch_labels.py for tasks to queue
[2024-11-23T03:15:22.110+0000] {logging_mixin.py:137} INFO - [2024-11-23T03:15:22.109+0000] {dagbag.py:538} INFO - Filling up the DagBag from /home/airflow/.local/lib/python3.7/site-packages/airflow/example_dags/example_branch_labels.py
[2024-11-23T03:15:22.128+0000] {processor.py:753} INFO - DAG(s) dict_keys(['example_branch_labels']) retrieved from /home/airflow/.local/lib/python3.7/site-packages/airflow/example_dags/example_branch_labels.py
[2024-11-23T03:15:22.159+0000] {logging_mixin.py:137} INFO - [2024-11-23T03:15:22.159+0000] {dag.py:2690} INFO - Sync 1 DAGs
[2024-11-23T03:15:22.192+0000] {logging_mixin.py:137} INFO - [2024-11-23T03:15:22.192+0000] {dag.py:3441} INFO - Setting next_dagrun for example_branch_labels to 2024-11-22T00:00:00+00:00, run_after=2024-11-23T00:00:00+00:00
[2024-11-23T03:15:22.220+0000] {processor.py:175} INFO - Processing /home/airflow/.local/lib/python3.7/site-packages/airflow/example_dags/example_branch_labels.py took 0.116 seconds
[2024-11-23T03:15:52.688+0000] {processor.py:153} INFO - Started process (PID=1626) to work on /home/airflow/.local/lib/python3.7/site-packages/airflow/example_dags/example_branch_labels.py
[2024-11-23T03:15:52.689+0000] {processor.py:743} INFO - Processing file /home/airflow/.local/lib/python3.7/site-packages/airflow/example_dags/example_branch_labels.py for tasks to queue
[2024-11-23T03:15:52.690+0000] {logging_mixin.py:137} INFO - [2024-11-23T03:15:52.690+0000] {dagbag.py:538} INFO - Filling up the DagBag from /home/airflow/.local/lib/python3.7/site-packages/airflow/example_dags/example_branch_labels.py
[2024-11-23T03:15:52.700+0000] {processor.py:753} INFO - DAG(s) dict_keys(['example_branch_labels']) retrieved from /home/airflow/.local/lib/python3.7/site-packages/airflow/example_dags/example_branch_labels.py
[2024-11-23T03:15:52.718+0000] {logging_mixin.py:137} INFO - [2024-11-23T03:15:52.718+0000] {dag.py:2690} INFO - Sync 1 DAGs
[2024-11-23T03:15:52.739+0000] {logging_mixin.py:137} INFO - [2024-11-23T03:15:52.739+0000] {dag.py:3441} INFO - Setting next_dagrun for example_branch_labels to 2024-11-22T00:00:00+00:00, run_after=2024-11-23T00:00:00+00:00
[2024-11-23T03:15:52.753+0000] {processor.py:175} INFO - Processing /home/airflow/.local/lib/python3.7/site-packages/airflow/example_dags/example_branch_labels.py took 0.068 seconds
[2024-11-23T03:16:22.904+0000] {processor.py:153} INFO - Started process (PID=1716) to work on /home/airflow/.local/lib/python3.7/site-packages/airflow/example_dags/example_branch_labels.py
[2024-11-23T03:16:22.905+0000] {processor.py:743} INFO - Processing file /home/airflow/.local/lib/python3.7/site-packages/airflow/example_dags/example_branch_labels.py for tasks to queue
[2024-11-23T03:16:22.905+0000] {logging_mixin.py:137} INFO - [2024-11-23T03:16:22.905+0000] {dagbag.py:538} INFO - Filling up the DagBag from /home/airflow/.local/lib/python3.7/site-packages/airflow/example_dags/example_branch_labels.py
[2024-11-23T03:16:22.915+0000] {processor.py:753} INFO - DAG(s) dict_keys(['example_branch_labels']) retrieved from /home/airflow/.local/lib/python3.7/site-packages/airflow/example_dags/example_branch_labels.py
[2024-11-23T03:16:22.932+0000] {logging_mixin.py:137} INFO - [2024-11-23T03:16:22.932+0000] {dag.py:2690} INFO - Sync 1 DAGs
[2024-11-23T03:16:22.949+0000] {logging_mixin.py:137} INFO - [2024-11-23T03:16:22.949+0000] {dag.py:3441} INFO - Setting next_dagrun for example_branch_labels to 2024-11-22T00:00:00+00:00, run_after=2024-11-23T00:00:00+00:00
[2024-11-23T03:16:22.960+0000] {processor.py:175} INFO - Processing /home/airflow/.local/lib/python3.7/site-packages/airflow/example_dags/example_branch_labels.py took 0.060 seconds
[2024-11-23T03:16:53.044+0000] {processor.py:153} INFO - Started process (PID=1790) to work on /home/airflow/.local/lib/python3.7/site-packages/airflow/example_dags/example_branch_labels.py
[2024-11-23T03:16:53.047+0000] {processor.py:743} INFO - Processing file /home/airflow/.local/lib/python3.7/site-packages/airflow/example_dags/example_branch_labels.py for tasks to queue
[2024-11-23T03:16:53.048+0000] {logging_mixin.py:137} INFO - [2024-11-23T03:16:53.047+0000] {dagbag.py:538} INFO - Filling up the DagBag from /home/airflow/.local/lib/python3.7/site-packages/airflow/example_dags/example_branch_labels.py
[2024-11-23T03:16:53.059+0000] {processor.py:753} INFO - DAG(s) dict_keys(['example_branch_labels']) retrieved from /home/airflow/.local/lib/python3.7/site-packages/airflow/example_dags/example_branch_labels.py
[2024-11-23T03:16:53.077+0000] {logging_mixin.py:137} INFO - [2024-11-23T03:16:53.077+0000] {dag.py:2690} INFO - Sync 1 DAGs
[2024-11-23T03:16:53.096+0000] {logging_mixin.py:137} INFO - [2024-11-23T03:16:53.096+0000] {dag.py:3441} INFO - Setting next_dagrun for example_branch_labels to 2024-11-22T00:00:00+00:00, run_after=2024-11-23T00:00:00+00:00
[2024-11-23T03:16:53.107+0000] {processor.py:175} INFO - Processing /home/airflow/.local/lib/python3.7/site-packages/airflow/example_dags/example_branch_labels.py took 0.065 seconds
[2024-11-23T03:17:23.203+0000] {processor.py:153} INFO - Started process (PID=1880) to work on /home/airflow/.local/lib/python3.7/site-packages/airflow/example_dags/example_branch_labels.py
[2024-11-23T03:17:23.204+0000] {processor.py:743} INFO - Processing file /home/airflow/.local/lib/python3.7/site-packages/airflow/example_dags/example_branch_labels.py for tasks to queue
[2024-11-23T03:17:23.205+0000] {logging_mixin.py:137} INFO - [2024-11-23T03:17:23.205+0000] {dagbag.py:538} INFO - Filling up the DagBag from /home/airflow/.local/lib/python3.7/site-packages/airflow/example_dags/example_branch_labels.py
[2024-11-23T03:17:23.215+0000] {processor.py:753} INFO - DAG(s) dict_keys(['example_branch_labels']) retrieved from /home/airflow/.local/lib/python3.7/site-packages/airflow/example_dags/example_branch_labels.py
[2024-11-23T03:17:23.235+0000] {logging_mixin.py:137} INFO - [2024-11-23T03:17:23.235+0000] {dag.py:2690} INFO - Sync 1 DAGs
[2024-11-23T03:17:23.253+0000] {logging_mixin.py:137} INFO - [2024-11-23T03:17:23.253+0000] {dag.py:3441} INFO - Setting next_dagrun for example_branch_labels to 2024-11-22T00:00:00+00:00, run_after=2024-11-23T00:00:00+00:00
[2024-11-23T03:17:23.265+0000] {processor.py:175} INFO - Processing /home/airflow/.local/lib/python3.7/site-packages/airflow/example_dags/example_branch_labels.py took 0.064 seconds
[2024-11-23T03:17:53.390+0000] {processor.py:153} INFO - Started process (PID=1953) to work on /home/airflow/.local/lib/python3.7/site-packages/airflow/example_dags/example_branch_labels.py
[2024-11-23T03:17:53.390+0000] {processor.py:743} INFO - Processing file /home/airflow/.local/lib/python3.7/site-packages/airflow/example_dags/example_branch_labels.py for tasks to queue
[2024-11-23T03:17:53.391+0000] {logging_mixin.py:137} INFO - [2024-11-23T03:17:53.391+0000] {dagbag.py:538} INFO - Filling up the DagBag from /home/airflow/.local/lib/python3.7/site-packages/airflow/example_dags/example_branch_labels.py
[2024-11-23T03:17:53.401+0000] {processor.py:753} INFO - DAG(s) dict_keys(['example_branch_labels']) retrieved from /home/airflow/.local/lib/python3.7/site-packages/airflow/example_dags/example_branch_labels.py
[2024-11-23T03:17:53.418+0000] {logging_mixin.py:137} INFO - [2024-11-23T03:17:53.418+0000] {dag.py:2690} INFO - Sync 1 DAGs
[2024-11-23T03:17:53.438+0000] {logging_mixin.py:137} INFO - [2024-11-23T03:17:53.438+0000] {dag.py:3441} INFO - Setting next_dagrun for example_branch_labels to 2024-11-22T00:00:00+00:00, run_after=2024-11-23T00:00:00+00:00
[2024-11-23T03:17:53.452+0000] {processor.py:175} INFO - Processing /home/airflow/.local/lib/python3.7/site-packages/airflow/example_dags/example_branch_labels.py took 0.065 seconds
[2024-11-23T03:18:23.759+0000] {processor.py:153} INFO - Started process (PID=2042) to work on /home/airflow/.local/lib/python3.7/site-packages/airflow/example_dags/example_branch_labels.py
[2024-11-23T03:18:23.760+0000] {processor.py:743} INFO - Processing file /home/airflow/.local/lib/python3.7/site-packages/airflow/example_dags/example_branch_labels.py for tasks to queue
[2024-11-23T03:18:23.761+0000] {logging_mixin.py:137} INFO - [2024-11-23T03:18:23.760+0000] {dagbag.py:538} INFO - Filling up the DagBag from /home/airflow/.local/lib/python3.7/site-packages/airflow/example_dags/example_branch_labels.py
[2024-11-23T03:18:23.771+0000] {processor.py:753} INFO - DAG(s) dict_keys(['example_branch_labels']) retrieved from /home/airflow/.local/lib/python3.7/site-packages/airflow/example_dags/example_branch_labels.py
[2024-11-23T03:18:23.790+0000] {logging_mixin.py:137} INFO - [2024-11-23T03:18:23.790+0000] {dag.py:2690} INFO - Sync 1 DAGs
[2024-11-23T03:18:23.809+0000] {logging_mixin.py:137} INFO - [2024-11-23T03:18:23.809+0000] {dag.py:3441} INFO - Setting next_dagrun for example_branch_labels to 2024-11-22T00:00:00+00:00, run_after=2024-11-23T00:00:00+00:00
[2024-11-23T03:18:23.825+0000] {processor.py:175} INFO - Processing /home/airflow/.local/lib/python3.7/site-packages/airflow/example_dags/example_branch_labels.py took 0.070 seconds
[2024-11-23T03:18:53.972+0000] {processor.py:153} INFO - Started process (PID=2116) to work on /home/airflow/.local/lib/python3.7/site-packages/airflow/example_dags/example_branch_labels.py
[2024-11-23T03:18:53.973+0000] {processor.py:743} INFO - Processing file /home/airflow/.local/lib/python3.7/site-packages/airflow/example_dags/example_branch_labels.py for tasks to queue
[2024-11-23T03:18:53.974+0000] {logging_mixin.py:137} INFO - [2024-11-23T03:18:53.974+0000] {dagbag.py:538} INFO - Filling up the DagBag from /home/airflow/.local/lib/python3.7/site-packages/airflow/example_dags/example_branch_labels.py
[2024-11-23T03:18:53.984+0000] {processor.py:753} INFO - DAG(s) dict_keys(['example_branch_labels']) retrieved from /home/airflow/.local/lib/python3.7/site-packages/airflow/example_dags/example_branch_labels.py
[2024-11-23T03:18:54.003+0000] {logging_mixin.py:137} INFO - [2024-11-23T03:18:54.003+0000] {dag.py:2690} INFO - Sync 1 DAGs
[2024-11-23T03:18:54.021+0000] {logging_mixin.py:137} INFO - [2024-11-23T03:18:54.021+0000] {dag.py:3441} INFO - Setting next_dagrun for example_branch_labels to 2024-11-22T00:00:00+00:00, run_after=2024-11-23T00:00:00+00:00
[2024-11-23T03:18:54.033+0000] {processor.py:175} INFO - Processing /home/airflow/.local/lib/python3.7/site-packages/airflow/example_dags/example_branch_labels.py took 0.064 seconds
[2024-11-23T03:19:24.242+0000] {processor.py:153} INFO - Started process (PID=2205) to work on /home/airflow/.local/lib/python3.7/site-packages/airflow/example_dags/example_branch_labels.py
[2024-11-23T03:19:24.243+0000] {processor.py:743} INFO - Processing file /home/airflow/.local/lib/python3.7/site-packages/airflow/example_dags/example_branch_labels.py for tasks to queue
[2024-11-23T03:19:24.244+0000] {logging_mixin.py:137} INFO - [2024-11-23T03:19:24.243+0000] {dagbag.py:538} INFO - Filling up the DagBag from /home/airflow/.local/lib/python3.7/site-packages/airflow/example_dags/example_branch_labels.py
[2024-11-23T03:19:24.256+0000] {processor.py:753} INFO - DAG(s) dict_keys(['example_branch_labels']) retrieved from /home/airflow/.local/lib/python3.7/site-packages/airflow/example_dags/example_branch_labels.py
[2024-11-23T03:19:24.275+0000] {logging_mixin.py:137} INFO - [2024-11-23T03:19:24.274+0000] {dag.py:2690} INFO - Sync 1 DAGs
[2024-11-23T03:19:24.298+0000] {logging_mixin.py:137} INFO - [2024-11-23T03:19:24.298+0000] {dag.py:3441} INFO - Setting next_dagrun for example_branch_labels to 2024-11-22T00:00:00+00:00, run_after=2024-11-23T00:00:00+00:00
[2024-11-23T03:19:24.316+0000] {processor.py:175} INFO - Processing /home/airflow/.local/lib/python3.7/site-packages/airflow/example_dags/example_branch_labels.py took 0.076 seconds
[2024-11-23T03:19:55.180+0000] {processor.py:153} INFO - Started process (PID=2286) to work on /home/airflow/.local/lib/python3.7/site-packages/airflow/example_dags/example_branch_labels.py
[2024-11-23T03:19:55.183+0000] {processor.py:743} INFO - Processing file /home/airflow/.local/lib/python3.7/site-packages/airflow/example_dags/example_branch_labels.py for tasks to queue
[2024-11-23T03:19:55.184+0000] {logging_mixin.py:137} INFO - [2024-11-23T03:19:55.184+0000] {dagbag.py:538} INFO - Filling up the DagBag from /home/airflow/.local/lib/python3.7/site-packages/airflow/example_dags/example_branch_labels.py
[2024-11-23T03:19:55.209+0000] {processor.py:753} INFO - DAG(s) dict_keys(['example_branch_labels']) retrieved from /home/airflow/.local/lib/python3.7/site-packages/airflow/example_dags/example_branch_labels.py
[2024-11-23T03:19:55.245+0000] {logging_mixin.py:137} INFO - [2024-11-23T03:19:55.245+0000] {dag.py:2690} INFO - Sync 1 DAGs
[2024-11-23T03:19:55.278+0000] {logging_mixin.py:137} INFO - [2024-11-23T03:19:55.277+0000] {dag.py:3441} INFO - Setting next_dagrun for example_branch_labels to 2024-11-22T00:00:00+00:00, run_after=2024-11-23T00:00:00+00:00
[2024-11-23T03:19:55.296+0000] {processor.py:175} INFO - Processing /home/airflow/.local/lib/python3.7/site-packages/airflow/example_dags/example_branch_labels.py took 0.121 seconds
