[2024-11-23T02:52:59.666+0000] {processor.py:153} INFO - Started process (PID=40) to work on /home/airflow/.local/lib/python3.7/site-packages/airflow/example_dags/example_branch_datetime_operator.py
[2024-11-23T02:52:59.667+0000] {processor.py:743} INFO - Processing file /home/airflow/.local/lib/python3.7/site-packages/airflow/example_dags/example_branch_datetime_operator.py for tasks to queue
[2024-11-23T02:52:59.668+0000] {logging_mixin.py:137} INFO - [2024-11-23T02:52:59.668+0000] {dagbag.py:538} INFO - Filling up the DagBag from /home/airflow/.local/lib/python3.7/site-packages/airflow/example_dags/example_branch_datetime_operator.py
[2024-11-23T02:52:59.846+0000] {processor.py:753} INFO - DAG(s) dict_keys(['example_branch_datetime_operator', 'example_branch_datetime_operator_3', 'example_branch_datetime_operator_2']) retrieved from /home/airflow/.local/lib/python3.7/site-packages/airflow/example_dags/example_branch_datetime_operator.py
[2024-11-23T02:52:59.903+0000] {logging_mixin.py:137} INFO - [2024-11-23T02:52:59.902+0000] {dag.py:2690} INFO - Sync 3 DAGs
[2024-11-23T02:53:00.045+0000] {logging_mixin.py:137} INFO - [2024-11-23T02:53:00.044+0000] {dag.py:3441} INFO - Setting next_dagrun for example_branch_datetime_operator to 2024-11-22T00:00:00+00:00, run_after=2024-11-23T00:00:00+00:00
[2024-11-23T02:53:00.055+0000] {logging_mixin.py:137} INFO - [2024-11-23T02:53:00.054+0000] {dag.py:3441} INFO - Setting next_dagrun for example_branch_datetime_operator_2 to 2024-11-22T00:00:00+00:00, run_after=2024-11-23T00:00:00+00:00
[2024-11-23T02:53:00.059+0000] {logging_mixin.py:137} INFO - [2024-11-23T02:53:00.059+0000] {dag.py:3441} INFO - Setting next_dagrun for example_branch_datetime_operator_3 to 2024-11-22T00:00:00+00:00, run_after=2024-11-23T00:00:00+00:00
[2024-11-23T02:53:00.082+0000] {processor.py:175} INFO - Processing /home/airflow/.local/lib/python3.7/site-packages/airflow/example_dags/example_branch_datetime_operator.py took 0.420 seconds
[2024-11-23T02:53:30.772+0000] {processor.py:153} INFO - Started process (PID=130) to work on /home/airflow/.local/lib/python3.7/site-packages/airflow/example_dags/example_branch_datetime_operator.py
[2024-11-23T02:53:30.773+0000] {processor.py:743} INFO - Processing file /home/airflow/.local/lib/python3.7/site-packages/airflow/example_dags/example_branch_datetime_operator.py for tasks to queue
[2024-11-23T02:53:30.774+0000] {logging_mixin.py:137} INFO - [2024-11-23T02:53:30.774+0000] {dagbag.py:538} INFO - Filling up the DagBag from /home/airflow/.local/lib/python3.7/site-packages/airflow/example_dags/example_branch_datetime_operator.py
[2024-11-23T02:53:30.789+0000] {processor.py:753} INFO - DAG(s) dict_keys(['example_branch_datetime_operator', 'example_branch_datetime_operator_3', 'example_branch_datetime_operator_2']) retrieved from /home/airflow/.local/lib/python3.7/site-packages/airflow/example_dags/example_branch_datetime_operator.py
[2024-11-23T02:53:30.815+0000] {logging_mixin.py:137} INFO - [2024-11-23T02:53:30.815+0000] {dag.py:2690} INFO - Sync 3 DAGs
[2024-11-23T02:53:30.835+0000] {logging_mixin.py:137} INFO - [2024-11-23T02:53:30.835+0000] {dag.py:3441} INFO - Setting next_dagrun for example_branch_datetime_operator to 2024-11-22T00:00:00+00:00, run_after=2024-11-23T00:00:00+00:00
[2024-11-23T02:53:30.840+0000] {logging_mixin.py:137} INFO - [2024-11-23T02:53:30.839+0000] {dag.py:3441} INFO - Setting next_dagrun for example_branch_datetime_operator_2 to 2024-11-22T00:00:00+00:00, run_after=2024-11-23T00:00:00+00:00
[2024-11-23T02:53:30.842+0000] {logging_mixin.py:137} INFO - [2024-11-23T02:53:30.842+0000] {dag.py:3441} INFO - Setting next_dagrun for example_branch_datetime_operator_3 to 2024-11-22T00:00:00+00:00, run_after=2024-11-23T00:00:00+00:00
[2024-11-23T02:53:30.859+0000] {processor.py:175} INFO - Processing /home/airflow/.local/lib/python3.7/site-packages/airflow/example_dags/example_branch_datetime_operator.py took 0.093 seconds
[2024-11-23T02:54:01.156+0000] {processor.py:153} INFO - Started process (PID=204) to work on /home/airflow/.local/lib/python3.7/site-packages/airflow/example_dags/example_branch_datetime_operator.py
[2024-11-23T02:54:01.158+0000] {processor.py:743} INFO - Processing file /home/airflow/.local/lib/python3.7/site-packages/airflow/example_dags/example_branch_datetime_operator.py for tasks to queue
[2024-11-23T02:54:01.159+0000] {logging_mixin.py:137} INFO - [2024-11-23T02:54:01.158+0000] {dagbag.py:538} INFO - Filling up the DagBag from /home/airflow/.local/lib/python3.7/site-packages/airflow/example_dags/example_branch_datetime_operator.py
[2024-11-23T02:54:01.181+0000] {processor.py:753} INFO - DAG(s) dict_keys(['example_branch_datetime_operator_3', 'example_branch_datetime_operator_2', 'example_branch_datetime_operator']) retrieved from /home/airflow/.local/lib/python3.7/site-packages/airflow/example_dags/example_branch_datetime_operator.py
[2024-11-23T02:54:01.219+0000] {logging_mixin.py:137} INFO - [2024-11-23T02:54:01.219+0000] {dag.py:2690} INFO - Sync 3 DAGs
[2024-11-23T02:54:01.248+0000] {logging_mixin.py:137} INFO - [2024-11-23T02:54:01.248+0000] {dag.py:3441} INFO - Setting next_dagrun for example_branch_datetime_operator to 2024-11-22T00:00:00+00:00, run_after=2024-11-23T00:00:00+00:00
[2024-11-23T02:54:01.252+0000] {logging_mixin.py:137} INFO - [2024-11-23T02:54:01.252+0000] {dag.py:3441} INFO - Setting next_dagrun for example_branch_datetime_operator_2 to 2024-11-22T00:00:00+00:00, run_after=2024-11-23T00:00:00+00:00
[2024-11-23T02:54:01.255+0000] {logging_mixin.py:137} INFO - [2024-11-23T02:54:01.254+0000] {dag.py:3441} INFO - Setting next_dagrun for example_branch_datetime_operator_3 to 2024-11-22T00:00:00+00:00, run_after=2024-11-23T00:00:00+00:00
[2024-11-23T02:54:01.269+0000] {processor.py:175} INFO - Processing /home/airflow/.local/lib/python3.7/site-packages/airflow/example_dags/example_branch_datetime_operator.py took 0.124 seconds
[2024-11-23T02:54:31.305+0000] {processor.py:153} INFO - Started process (PID=294) to work on /home/airflow/.local/lib/python3.7/site-packages/airflow/example_dags/example_branch_datetime_operator.py
[2024-11-23T02:54:31.306+0000] {processor.py:743} INFO - Processing file /home/airflow/.local/lib/python3.7/site-packages/airflow/example_dags/example_branch_datetime_operator.py for tasks to queue
[2024-11-23T02:54:31.307+0000] {logging_mixin.py:137} INFO - [2024-11-23T02:54:31.307+0000] {dagbag.py:538} INFO - Filling up the DagBag from /home/airflow/.local/lib/python3.7/site-packages/airflow/example_dags/example_branch_datetime_operator.py
[2024-11-23T02:54:31.327+0000] {processor.py:753} INFO - DAG(s) dict_keys(['example_branch_datetime_operator_2', 'example_branch_datetime_operator', 'example_branch_datetime_operator_3']) retrieved from /home/airflow/.local/lib/python3.7/site-packages/airflow/example_dags/example_branch_datetime_operator.py
[2024-11-23T02:54:31.374+0000] {logging_mixin.py:137} INFO - [2024-11-23T02:54:31.374+0000] {dag.py:2690} INFO - Sync 3 DAGs
[2024-11-23T02:54:31.487+0000] {logging_mixin.py:137} INFO - [2024-11-23T02:54:31.487+0000] {dag.py:3441} INFO - Setting next_dagrun for example_branch_datetime_operator to 2024-11-22T00:00:00+00:00, run_after=2024-11-23T00:00:00+00:00
[2024-11-23T02:54:31.493+0000] {logging_mixin.py:137} INFO - [2024-11-23T02:54:31.493+0000] {dag.py:3441} INFO - Setting next_dagrun for example_branch_datetime_operator_2 to 2024-11-22T00:00:00+00:00, run_after=2024-11-23T00:00:00+00:00
[2024-11-23T02:54:31.497+0000] {logging_mixin.py:137} INFO - [2024-11-23T02:54:31.497+0000] {dag.py:3441} INFO - Setting next_dagrun for example_branch_datetime_operator_3 to 2024-11-22T00:00:00+00:00, run_after=2024-11-23T00:00:00+00:00
[2024-11-23T02:54:31.519+0000] {processor.py:175} INFO - Processing /home/airflow/.local/lib/python3.7/site-packages/airflow/example_dags/example_branch_datetime_operator.py took 0.217 seconds
[2024-11-23T02:55:27.566+0000] {processor.py:153} INFO - Started process (PID=40) to work on /home/airflow/.local/lib/python3.7/site-packages/airflow/example_dags/example_branch_datetime_operator.py
[2024-11-23T02:55:27.567+0000] {processor.py:743} INFO - Processing file /home/airflow/.local/lib/python3.7/site-packages/airflow/example_dags/example_branch_datetime_operator.py for tasks to queue
[2024-11-23T02:55:27.568+0000] {logging_mixin.py:137} INFO - [2024-11-23T02:55:27.568+0000] {dagbag.py:538} INFO - Filling up the DagBag from /home/airflow/.local/lib/python3.7/site-packages/airflow/example_dags/example_branch_datetime_operator.py
[2024-11-23T02:55:27.595+0000] {processor.py:753} INFO - DAG(s) dict_keys(['example_branch_datetime_operator_2', 'example_branch_datetime_operator_3', 'example_branch_datetime_operator']) retrieved from /home/airflow/.local/lib/python3.7/site-packages/airflow/example_dags/example_branch_datetime_operator.py
[2024-11-23T02:55:27.619+0000] {logging_mixin.py:137} INFO - [2024-11-23T02:55:27.619+0000] {dag.py:2690} INFO - Sync 3 DAGs
[2024-11-23T02:55:27.667+0000] {logging_mixin.py:137} INFO - [2024-11-23T02:55:27.667+0000] {dag.py:3441} INFO - Setting next_dagrun for example_branch_datetime_operator to 2024-11-22T00:00:00+00:00, run_after=2024-11-23T00:00:00+00:00
[2024-11-23T02:55:27.674+0000] {logging_mixin.py:137} INFO - [2024-11-23T02:55:27.674+0000] {dag.py:3441} INFO - Setting next_dagrun for example_branch_datetime_operator_2 to 2024-11-22T00:00:00+00:00, run_after=2024-11-23T00:00:00+00:00
[2024-11-23T02:55:27.677+0000] {logging_mixin.py:137} INFO - [2024-11-23T02:55:27.677+0000] {dag.py:3441} INFO - Setting next_dagrun for example_branch_datetime_operator_3 to 2024-11-22T00:00:00+00:00, run_after=2024-11-23T00:00:00+00:00
[2024-11-23T02:55:27.709+0000] {processor.py:175} INFO - Processing /home/airflow/.local/lib/python3.7/site-packages/airflow/example_dags/example_branch_datetime_operator.py took 0.148 seconds
[2024-11-23T02:55:58.276+0000] {processor.py:153} INFO - Started process (PID=130) to work on /home/airflow/.local/lib/python3.7/site-packages/airflow/example_dags/example_branch_datetime_operator.py
[2024-11-23T02:55:58.277+0000] {processor.py:743} INFO - Processing file /home/airflow/.local/lib/python3.7/site-packages/airflow/example_dags/example_branch_datetime_operator.py for tasks to queue
[2024-11-23T02:55:58.278+0000] {logging_mixin.py:137} INFO - [2024-11-23T02:55:58.278+0000] {dagbag.py:538} INFO - Filling up the DagBag from /home/airflow/.local/lib/python3.7/site-packages/airflow/example_dags/example_branch_datetime_operator.py
[2024-11-23T02:55:58.295+0000] {processor.py:753} INFO - DAG(s) dict_keys(['example_branch_datetime_operator_3', 'example_branch_datetime_operator_2', 'example_branch_datetime_operator']) retrieved from /home/airflow/.local/lib/python3.7/site-packages/airflow/example_dags/example_branch_datetime_operator.py
[2024-11-23T02:55:58.329+0000] {logging_mixin.py:137} INFO - [2024-11-23T02:55:58.328+0000] {dag.py:2690} INFO - Sync 3 DAGs
[2024-11-23T02:55:58.349+0000] {logging_mixin.py:137} INFO - [2024-11-23T02:55:58.349+0000] {dag.py:3441} INFO - Setting next_dagrun for example_branch_datetime_operator to 2024-11-22T00:00:00+00:00, run_after=2024-11-23T00:00:00+00:00
[2024-11-23T02:55:58.354+0000] {logging_mixin.py:137} INFO - [2024-11-23T02:55:58.354+0000] {dag.py:3441} INFO - Setting next_dagrun for example_branch_datetime_operator_2 to 2024-11-22T00:00:00+00:00, run_after=2024-11-23T00:00:00+00:00
[2024-11-23T02:55:58.356+0000] {logging_mixin.py:137} INFO - [2024-11-23T02:55:58.356+0000] {dag.py:3441} INFO - Setting next_dagrun for example_branch_datetime_operator_3 to 2024-11-22T00:00:00+00:00, run_after=2024-11-23T00:00:00+00:00
[2024-11-23T02:55:58.375+0000] {processor.py:175} INFO - Processing /home/airflow/.local/lib/python3.7/site-packages/airflow/example_dags/example_branch_datetime_operator.py took 0.102 seconds
[2024-11-23T02:56:28.584+0000] {processor.py:153} INFO - Started process (PID=204) to work on /home/airflow/.local/lib/python3.7/site-packages/airflow/example_dags/example_branch_datetime_operator.py
[2024-11-23T02:56:28.586+0000] {processor.py:743} INFO - Processing file /home/airflow/.local/lib/python3.7/site-packages/airflow/example_dags/example_branch_datetime_operator.py for tasks to queue
[2024-11-23T02:56:28.587+0000] {logging_mixin.py:137} INFO - [2024-11-23T02:56:28.587+0000] {dagbag.py:538} INFO - Filling up the DagBag from /home/airflow/.local/lib/python3.7/site-packages/airflow/example_dags/example_branch_datetime_operator.py
[2024-11-23T02:56:28.603+0000] {processor.py:753} INFO - DAG(s) dict_keys(['example_branch_datetime_operator_3', 'example_branch_datetime_operator_2', 'example_branch_datetime_operator']) retrieved from /home/airflow/.local/lib/python3.7/site-packages/airflow/example_dags/example_branch_datetime_operator.py
[2024-11-23T02:56:28.634+0000] {logging_mixin.py:137} INFO - [2024-11-23T02:56:28.634+0000] {dag.py:2690} INFO - Sync 3 DAGs
[2024-11-23T02:56:28.654+0000] {logging_mixin.py:137} INFO - [2024-11-23T02:56:28.654+0000] {dag.py:3441} INFO - Setting next_dagrun for example_branch_datetime_operator to 2024-11-22T00:00:00+00:00, run_after=2024-11-23T00:00:00+00:00
[2024-11-23T02:56:28.658+0000] {logging_mixin.py:137} INFO - [2024-11-23T02:56:28.657+0000] {dag.py:3441} INFO - Setting next_dagrun for example_branch_datetime_operator_2 to 2024-11-22T00:00:00+00:00, run_after=2024-11-23T00:00:00+00:00
[2024-11-23T02:56:28.660+0000] {logging_mixin.py:137} INFO - [2024-11-23T02:56:28.660+0000] {dag.py:3441} INFO - Setting next_dagrun for example_branch_datetime_operator_3 to 2024-11-22T00:00:00+00:00, run_after=2024-11-23T00:00:00+00:00
[2024-11-23T02:56:28.676+0000] {processor.py:175} INFO - Processing /home/airflow/.local/lib/python3.7/site-packages/airflow/example_dags/example_branch_datetime_operator.py took 0.095 seconds
[2024-11-23T02:56:59.085+0000] {processor.py:153} INFO - Started process (PID=294) to work on /home/airflow/.local/lib/python3.7/site-packages/airflow/example_dags/example_branch_datetime_operator.py
[2024-11-23T02:56:59.086+0000] {processor.py:743} INFO - Processing file /home/airflow/.local/lib/python3.7/site-packages/airflow/example_dags/example_branch_datetime_operator.py for tasks to queue
[2024-11-23T02:56:59.086+0000] {logging_mixin.py:137} INFO - [2024-11-23T02:56:59.086+0000] {dagbag.py:538} INFO - Filling up the DagBag from /home/airflow/.local/lib/python3.7/site-packages/airflow/example_dags/example_branch_datetime_operator.py
[2024-11-23T02:56:59.107+0000] {processor.py:753} INFO - DAG(s) dict_keys(['example_branch_datetime_operator', 'example_branch_datetime_operator_3', 'example_branch_datetime_operator_2']) retrieved from /home/airflow/.local/lib/python3.7/site-packages/airflow/example_dags/example_branch_datetime_operator.py
[2024-11-23T02:56:59.140+0000] {logging_mixin.py:137} INFO - [2024-11-23T02:56:59.140+0000] {dag.py:2690} INFO - Sync 3 DAGs
[2024-11-23T02:56:59.171+0000] {logging_mixin.py:137} INFO - [2024-11-23T02:56:59.171+0000] {dag.py:3441} INFO - Setting next_dagrun for example_branch_datetime_operator to 2024-11-22T00:00:00+00:00, run_after=2024-11-23T00:00:00+00:00
[2024-11-23T02:56:59.176+0000] {logging_mixin.py:137} INFO - [2024-11-23T02:56:59.175+0000] {dag.py:3441} INFO - Setting next_dagrun for example_branch_datetime_operator_2 to 2024-11-22T00:00:00+00:00, run_after=2024-11-23T00:00:00+00:00
[2024-11-23T02:56:59.179+0000] {logging_mixin.py:137} INFO - [2024-11-23T02:56:59.179+0000] {dag.py:3441} INFO - Setting next_dagrun for example_branch_datetime_operator_3 to 2024-11-22T00:00:00+00:00, run_after=2024-11-23T00:00:00+00:00
[2024-11-23T02:56:59.208+0000] {processor.py:175} INFO - Processing /home/airflow/.local/lib/python3.7/site-packages/airflow/example_dags/example_branch_datetime_operator.py took 0.127 seconds
[2024-11-23T02:57:29.924+0000] {processor.py:153} INFO - Started process (PID=368) to work on /home/airflow/.local/lib/python3.7/site-packages/airflow/example_dags/example_branch_datetime_operator.py
[2024-11-23T02:57:29.924+0000] {processor.py:743} INFO - Processing file /home/airflow/.local/lib/python3.7/site-packages/airflow/example_dags/example_branch_datetime_operator.py for tasks to queue
[2024-11-23T02:57:29.925+0000] {logging_mixin.py:137} INFO - [2024-11-23T02:57:29.925+0000] {dagbag.py:538} INFO - Filling up the DagBag from /home/airflow/.local/lib/python3.7/site-packages/airflow/example_dags/example_branch_datetime_operator.py
[2024-11-23T02:57:29.942+0000] {processor.py:753} INFO - DAG(s) dict_keys(['example_branch_datetime_operator_3', 'example_branch_datetime_operator', 'example_branch_datetime_operator_2']) retrieved from /home/airflow/.local/lib/python3.7/site-packages/airflow/example_dags/example_branch_datetime_operator.py
[2024-11-23T02:57:29.972+0000] {logging_mixin.py:137} INFO - [2024-11-23T02:57:29.972+0000] {dag.py:2690} INFO - Sync 3 DAGs
[2024-11-23T02:57:29.995+0000] {logging_mixin.py:137} INFO - [2024-11-23T02:57:29.995+0000] {dag.py:3441} INFO - Setting next_dagrun for example_branch_datetime_operator to 2024-11-22T00:00:00+00:00, run_after=2024-11-23T00:00:00+00:00
[2024-11-23T02:57:29.999+0000] {logging_mixin.py:137} INFO - [2024-11-23T02:57:29.999+0000] {dag.py:3441} INFO - Setting next_dagrun for example_branch_datetime_operator_2 to 2024-11-22T00:00:00+00:00, run_after=2024-11-23T00:00:00+00:00
[2024-11-23T02:57:30.001+0000] {logging_mixin.py:137} INFO - [2024-11-23T02:57:30.001+0000] {dag.py:3441} INFO - Setting next_dagrun for example_branch_datetime_operator_3 to 2024-11-22T00:00:00+00:00, run_after=2024-11-23T00:00:00+00:00
[2024-11-23T02:57:30.019+0000] {processor.py:175} INFO - Processing /home/airflow/.local/lib/python3.7/site-packages/airflow/example_dags/example_branch_datetime_operator.py took 0.098 seconds
[2024-11-23T02:58:37.602+0000] {processor.py:153} INFO - Started process (PID=40) to work on /home/airflow/.local/lib/python3.7/site-packages/airflow/example_dags/example_branch_datetime_operator.py
[2024-11-23T02:58:37.603+0000] {processor.py:743} INFO - Processing file /home/airflow/.local/lib/python3.7/site-packages/airflow/example_dags/example_branch_datetime_operator.py for tasks to queue
[2024-11-23T02:58:37.604+0000] {logging_mixin.py:137} INFO - [2024-11-23T02:58:37.604+0000] {dagbag.py:538} INFO - Filling up the DagBag from /home/airflow/.local/lib/python3.7/site-packages/airflow/example_dags/example_branch_datetime_operator.py
[2024-11-23T02:58:37.645+0000] {processor.py:753} INFO - DAG(s) dict_keys(['example_branch_datetime_operator', 'example_branch_datetime_operator_3', 'example_branch_datetime_operator_2']) retrieved from /home/airflow/.local/lib/python3.7/site-packages/airflow/example_dags/example_branch_datetime_operator.py
[2024-11-23T02:58:37.720+0000] {logging_mixin.py:137} INFO - [2024-11-23T02:58:37.720+0000] {dag.py:2690} INFO - Sync 3 DAGs
[2024-11-23T02:58:37.783+0000] {logging_mixin.py:137} INFO - [2024-11-23T02:58:37.782+0000] {dag.py:3441} INFO - Setting next_dagrun for example_branch_datetime_operator to 2024-11-22T00:00:00+00:00, run_after=2024-11-23T00:00:00+00:00
[2024-11-23T02:58:37.798+0000] {logging_mixin.py:137} INFO - [2024-11-23T02:58:37.798+0000] {dag.py:3441} INFO - Setting next_dagrun for example_branch_datetime_operator_2 to 2024-11-22T00:00:00+00:00, run_after=2024-11-23T00:00:00+00:00
[2024-11-23T02:58:37.804+0000] {logging_mixin.py:137} INFO - [2024-11-23T02:58:37.804+0000] {dag.py:3441} INFO - Setting next_dagrun for example_branch_datetime_operator_3 to 2024-11-22T00:00:00+00:00, run_after=2024-11-23T00:00:00+00:00
[2024-11-23T02:58:37.853+0000] {processor.py:175} INFO - Processing /home/airflow/.local/lib/python3.7/site-packages/airflow/example_dags/example_branch_datetime_operator.py took 0.256 seconds
[2024-11-23T02:59:08.334+0000] {processor.py:153} INFO - Started process (PID=129) to work on /home/airflow/.local/lib/python3.7/site-packages/airflow/example_dags/example_branch_datetime_operator.py
[2024-11-23T02:59:08.336+0000] {processor.py:743} INFO - Processing file /home/airflow/.local/lib/python3.7/site-packages/airflow/example_dags/example_branch_datetime_operator.py for tasks to queue
[2024-11-23T02:59:08.337+0000] {logging_mixin.py:137} INFO - [2024-11-23T02:59:08.337+0000] {dagbag.py:538} INFO - Filling up the DagBag from /home/airflow/.local/lib/python3.7/site-packages/airflow/example_dags/example_branch_datetime_operator.py
[2024-11-23T02:59:08.352+0000] {processor.py:753} INFO - DAG(s) dict_keys(['example_branch_datetime_operator_2', 'example_branch_datetime_operator', 'example_branch_datetime_operator_3']) retrieved from /home/airflow/.local/lib/python3.7/site-packages/airflow/example_dags/example_branch_datetime_operator.py
[2024-11-23T02:59:08.397+0000] {logging_mixin.py:137} INFO - [2024-11-23T02:59:08.396+0000] {dag.py:2690} INFO - Sync 3 DAGs
[2024-11-23T02:59:08.420+0000] {logging_mixin.py:137} INFO - [2024-11-23T02:59:08.420+0000] {dag.py:3441} INFO - Setting next_dagrun for example_branch_datetime_operator to 2024-11-22T00:00:00+00:00, run_after=2024-11-23T00:00:00+00:00
[2024-11-23T02:59:08.423+0000] {logging_mixin.py:137} INFO - [2024-11-23T02:59:08.423+0000] {dag.py:3441} INFO - Setting next_dagrun for example_branch_datetime_operator_2 to 2024-11-22T00:00:00+00:00, run_after=2024-11-23T00:00:00+00:00
[2024-11-23T02:59:08.425+0000] {logging_mixin.py:137} INFO - [2024-11-23T02:59:08.425+0000] {dag.py:3441} INFO - Setting next_dagrun for example_branch_datetime_operator_3 to 2024-11-22T00:00:00+00:00, run_after=2024-11-23T00:00:00+00:00
[2024-11-23T02:59:08.444+0000] {processor.py:175} INFO - Processing /home/airflow/.local/lib/python3.7/site-packages/airflow/example_dags/example_branch_datetime_operator.py took 0.112 seconds
[2024-11-23T02:59:39.384+0000] {processor.py:153} INFO - Started process (PID=203) to work on /home/airflow/.local/lib/python3.7/site-packages/airflow/example_dags/example_branch_datetime_operator.py
[2024-11-23T02:59:39.385+0000] {processor.py:743} INFO - Processing file /home/airflow/.local/lib/python3.7/site-packages/airflow/example_dags/example_branch_datetime_operator.py for tasks to queue
[2024-11-23T02:59:39.385+0000] {logging_mixin.py:137} INFO - [2024-11-23T02:59:39.385+0000] {dagbag.py:538} INFO - Filling up the DagBag from /home/airflow/.local/lib/python3.7/site-packages/airflow/example_dags/example_branch_datetime_operator.py
[2024-11-23T02:59:39.402+0000] {processor.py:753} INFO - DAG(s) dict_keys(['example_branch_datetime_operator_2', 'example_branch_datetime_operator', 'example_branch_datetime_operator_3']) retrieved from /home/airflow/.local/lib/python3.7/site-packages/airflow/example_dags/example_branch_datetime_operator.py
[2024-11-23T02:59:39.430+0000] {logging_mixin.py:137} INFO - [2024-11-23T02:59:39.430+0000] {dag.py:2690} INFO - Sync 3 DAGs
[2024-11-23T02:59:39.451+0000] {logging_mixin.py:137} INFO - [2024-11-23T02:59:39.451+0000] {dag.py:3441} INFO - Setting next_dagrun for example_branch_datetime_operator to 2024-11-22T00:00:00+00:00, run_after=2024-11-23T00:00:00+00:00
[2024-11-23T02:59:39.456+0000] {logging_mixin.py:137} INFO - [2024-11-23T02:59:39.456+0000] {dag.py:3441} INFO - Setting next_dagrun for example_branch_datetime_operator_2 to 2024-11-22T00:00:00+00:00, run_after=2024-11-23T00:00:00+00:00
[2024-11-23T02:59:39.457+0000] {logging_mixin.py:137} INFO - [2024-11-23T02:59:39.457+0000] {dag.py:3441} INFO - Setting next_dagrun for example_branch_datetime_operator_3 to 2024-11-22T00:00:00+00:00, run_after=2024-11-23T00:00:00+00:00
[2024-11-23T02:59:39.474+0000] {processor.py:175} INFO - Processing /home/airflow/.local/lib/python3.7/site-packages/airflow/example_dags/example_branch_datetime_operator.py took 0.093 seconds
[2024-11-23T03:00:09.773+0000] {processor.py:153} INFO - Started process (PID=293) to work on /home/airflow/.local/lib/python3.7/site-packages/airflow/example_dags/example_branch_datetime_operator.py
[2024-11-23T03:00:09.774+0000] {processor.py:743} INFO - Processing file /home/airflow/.local/lib/python3.7/site-packages/airflow/example_dags/example_branch_datetime_operator.py for tasks to queue
[2024-11-23T03:00:09.774+0000] {logging_mixin.py:137} INFO - [2024-11-23T03:00:09.774+0000] {dagbag.py:538} INFO - Filling up the DagBag from /home/airflow/.local/lib/python3.7/site-packages/airflow/example_dags/example_branch_datetime_operator.py
[2024-11-23T03:00:09.788+0000] {processor.py:753} INFO - DAG(s) dict_keys(['example_branch_datetime_operator_2', 'example_branch_datetime_operator_3', 'example_branch_datetime_operator']) retrieved from /home/airflow/.local/lib/python3.7/site-packages/airflow/example_dags/example_branch_datetime_operator.py
[2024-11-23T03:00:09.817+0000] {logging_mixin.py:137} INFO - [2024-11-23T03:00:09.817+0000] {dag.py:2690} INFO - Sync 3 DAGs
[2024-11-23T03:00:09.836+0000] {logging_mixin.py:137} INFO - [2024-11-23T03:00:09.836+0000] {dag.py:3441} INFO - Setting next_dagrun for example_branch_datetime_operator to 2024-11-22T00:00:00+00:00, run_after=2024-11-23T00:00:00+00:00
[2024-11-23T03:00:09.839+0000] {logging_mixin.py:137} INFO - [2024-11-23T03:00:09.839+0000] {dag.py:3441} INFO - Setting next_dagrun for example_branch_datetime_operator_2 to 2024-11-22T00:00:00+00:00, run_after=2024-11-23T00:00:00+00:00
[2024-11-23T03:00:09.842+0000] {logging_mixin.py:137} INFO - [2024-11-23T03:00:09.841+0000] {dag.py:3441} INFO - Setting next_dagrun for example_branch_datetime_operator_3 to 2024-11-22T00:00:00+00:00, run_after=2024-11-23T00:00:00+00:00
[2024-11-23T03:00:09.857+0000] {processor.py:175} INFO - Processing /home/airflow/.local/lib/python3.7/site-packages/airflow/example_dags/example_branch_datetime_operator.py took 0.087 seconds
[2024-11-23T03:00:40.190+0000] {processor.py:153} INFO - Started process (PID=367) to work on /home/airflow/.local/lib/python3.7/site-packages/airflow/example_dags/example_branch_datetime_operator.py
[2024-11-23T03:00:40.191+0000] {processor.py:743} INFO - Processing file /home/airflow/.local/lib/python3.7/site-packages/airflow/example_dags/example_branch_datetime_operator.py for tasks to queue
[2024-11-23T03:00:40.192+0000] {logging_mixin.py:137} INFO - [2024-11-23T03:00:40.192+0000] {dagbag.py:538} INFO - Filling up the DagBag from /home/airflow/.local/lib/python3.7/site-packages/airflow/example_dags/example_branch_datetime_operator.py
[2024-11-23T03:00:40.211+0000] {processor.py:753} INFO - DAG(s) dict_keys(['example_branch_datetime_operator_3', 'example_branch_datetime_operator', 'example_branch_datetime_operator_2']) retrieved from /home/airflow/.local/lib/python3.7/site-packages/airflow/example_dags/example_branch_datetime_operator.py
[2024-11-23T03:00:40.242+0000] {logging_mixin.py:137} INFO - [2024-11-23T03:00:40.241+0000] {dag.py:2690} INFO - Sync 3 DAGs
[2024-11-23T03:00:40.264+0000] {logging_mixin.py:137} INFO - [2024-11-23T03:00:40.264+0000] {dag.py:3441} INFO - Setting next_dagrun for example_branch_datetime_operator to 2024-11-22T00:00:00+00:00, run_after=2024-11-23T00:00:00+00:00
[2024-11-23T03:00:40.268+0000] {logging_mixin.py:137} INFO - [2024-11-23T03:00:40.268+0000] {dag.py:3441} INFO - Setting next_dagrun for example_branch_datetime_operator_2 to 2024-11-22T00:00:00+00:00, run_after=2024-11-23T00:00:00+00:00
[2024-11-23T03:00:40.272+0000] {logging_mixin.py:137} INFO - [2024-11-23T03:00:40.272+0000] {dag.py:3441} INFO - Setting next_dagrun for example_branch_datetime_operator_3 to 2024-11-22T00:00:00+00:00, run_after=2024-11-23T00:00:00+00:00
[2024-11-23T03:00:40.291+0000] {processor.py:175} INFO - Processing /home/airflow/.local/lib/python3.7/site-packages/airflow/example_dags/example_branch_datetime_operator.py took 0.104 seconds
[2024-11-23T03:01:11.034+0000] {processor.py:153} INFO - Started process (PID=457) to work on /home/airflow/.local/lib/python3.7/site-packages/airflow/example_dags/example_branch_datetime_operator.py
[2024-11-23T03:01:11.035+0000] {processor.py:743} INFO - Processing file /home/airflow/.local/lib/python3.7/site-packages/airflow/example_dags/example_branch_datetime_operator.py for tasks to queue
[2024-11-23T03:01:11.036+0000] {logging_mixin.py:137} INFO - [2024-11-23T03:01:11.035+0000] {dagbag.py:538} INFO - Filling up the DagBag from /home/airflow/.local/lib/python3.7/site-packages/airflow/example_dags/example_branch_datetime_operator.py
[2024-11-23T03:01:11.058+0000] {processor.py:753} INFO - DAG(s) dict_keys(['example_branch_datetime_operator_3', 'example_branch_datetime_operator', 'example_branch_datetime_operator_2']) retrieved from /home/airflow/.local/lib/python3.7/site-packages/airflow/example_dags/example_branch_datetime_operator.py
[2024-11-23T03:01:11.091+0000] {logging_mixin.py:137} INFO - [2024-11-23T03:01:11.091+0000] {dag.py:2690} INFO - Sync 3 DAGs
[2024-11-23T03:01:11.111+0000] {logging_mixin.py:137} INFO - [2024-11-23T03:01:11.111+0000] {dag.py:3441} INFO - Setting next_dagrun for example_branch_datetime_operator to 2024-11-22T00:00:00+00:00, run_after=2024-11-23T00:00:00+00:00
[2024-11-23T03:01:11.116+0000] {logging_mixin.py:137} INFO - [2024-11-23T03:01:11.116+0000] {dag.py:3441} INFO - Setting next_dagrun for example_branch_datetime_operator_2 to 2024-11-22T00:00:00+00:00, run_after=2024-11-23T00:00:00+00:00
[2024-11-23T03:01:11.119+0000] {logging_mixin.py:137} INFO - [2024-11-23T03:01:11.119+0000] {dag.py:3441} INFO - Setting next_dagrun for example_branch_datetime_operator_3 to 2024-11-22T00:00:00+00:00, run_after=2024-11-23T00:00:00+00:00
[2024-11-23T03:01:11.135+0000] {processor.py:175} INFO - Processing /home/airflow/.local/lib/python3.7/site-packages/airflow/example_dags/example_branch_datetime_operator.py took 0.104 seconds
[2024-11-23T03:01:41.301+0000] {processor.py:153} INFO - Started process (PID=547) to work on /home/airflow/.local/lib/python3.7/site-packages/airflow/example_dags/example_branch_datetime_operator.py
[2024-11-23T03:01:41.301+0000] {processor.py:743} INFO - Processing file /home/airflow/.local/lib/python3.7/site-packages/airflow/example_dags/example_branch_datetime_operator.py for tasks to queue
[2024-11-23T03:01:41.302+0000] {logging_mixin.py:137} INFO - [2024-11-23T03:01:41.302+0000] {dagbag.py:538} INFO - Filling up the DagBag from /home/airflow/.local/lib/python3.7/site-packages/airflow/example_dags/example_branch_datetime_operator.py
[2024-11-23T03:01:41.314+0000] {processor.py:753} INFO - DAG(s) dict_keys(['example_branch_datetime_operator_3', 'example_branch_datetime_operator', 'example_branch_datetime_operator_2']) retrieved from /home/airflow/.local/lib/python3.7/site-packages/airflow/example_dags/example_branch_datetime_operator.py
[2024-11-23T03:01:41.341+0000] {logging_mixin.py:137} INFO - [2024-11-23T03:01:41.341+0000] {dag.py:2690} INFO - Sync 3 DAGs
[2024-11-23T03:01:41.365+0000] {logging_mixin.py:137} INFO - [2024-11-23T03:01:41.365+0000] {dag.py:3441} INFO - Setting next_dagrun for example_branch_datetime_operator to 2024-11-22T00:00:00+00:00, run_after=2024-11-23T00:00:00+00:00
[2024-11-23T03:01:41.369+0000] {logging_mixin.py:137} INFO - [2024-11-23T03:01:41.369+0000] {dag.py:3441} INFO - Setting next_dagrun for example_branch_datetime_operator_2 to 2024-11-22T00:00:00+00:00, run_after=2024-11-23T00:00:00+00:00
[2024-11-23T03:01:41.372+0000] {logging_mixin.py:137} INFO - [2024-11-23T03:01:41.372+0000] {dag.py:3441} INFO - Setting next_dagrun for example_branch_datetime_operator_3 to 2024-11-22T00:00:00+00:00, run_after=2024-11-23T00:00:00+00:00
[2024-11-23T03:01:41.392+0000] {processor.py:175} INFO - Processing /home/airflow/.local/lib/python3.7/site-packages/airflow/example_dags/example_branch_datetime_operator.py took 0.094 seconds
[2024-11-23T03:02:11.480+0000] {processor.py:153} INFO - Started process (PID=621) to work on /home/airflow/.local/lib/python3.7/site-packages/airflow/example_dags/example_branch_datetime_operator.py
[2024-11-23T03:02:11.481+0000] {processor.py:743} INFO - Processing file /home/airflow/.local/lib/python3.7/site-packages/airflow/example_dags/example_branch_datetime_operator.py for tasks to queue
[2024-11-23T03:02:11.482+0000] {logging_mixin.py:137} INFO - [2024-11-23T03:02:11.481+0000] {dagbag.py:538} INFO - Filling up the DagBag from /home/airflow/.local/lib/python3.7/site-packages/airflow/example_dags/example_branch_datetime_operator.py
[2024-11-23T03:02:11.499+0000] {processor.py:753} INFO - DAG(s) dict_keys(['example_branch_datetime_operator_2', 'example_branch_datetime_operator_3', 'example_branch_datetime_operator']) retrieved from /home/airflow/.local/lib/python3.7/site-packages/airflow/example_dags/example_branch_datetime_operator.py
[2024-11-23T03:02:11.536+0000] {logging_mixin.py:137} INFO - [2024-11-23T03:02:11.536+0000] {dag.py:2690} INFO - Sync 3 DAGs
[2024-11-23T03:02:11.562+0000] {logging_mixin.py:137} INFO - [2024-11-23T03:02:11.561+0000] {dag.py:3441} INFO - Setting next_dagrun for example_branch_datetime_operator to 2024-11-22T00:00:00+00:00, run_after=2024-11-23T00:00:00+00:00
[2024-11-23T03:02:11.567+0000] {logging_mixin.py:137} INFO - [2024-11-23T03:02:11.567+0000] {dag.py:3441} INFO - Setting next_dagrun for example_branch_datetime_operator_2 to 2024-11-22T00:00:00+00:00, run_after=2024-11-23T00:00:00+00:00
[2024-11-23T03:02:11.569+0000] {logging_mixin.py:137} INFO - [2024-11-23T03:02:11.569+0000] {dag.py:3441} INFO - Setting next_dagrun for example_branch_datetime_operator_3 to 2024-11-22T00:00:00+00:00, run_after=2024-11-23T00:00:00+00:00
[2024-11-23T03:02:11.584+0000] {processor.py:175} INFO - Processing /home/airflow/.local/lib/python3.7/site-packages/airflow/example_dags/example_branch_datetime_operator.py took 0.107 seconds
[2024-11-23T03:03:05.231+0000] {processor.py:153} INFO - Started process (PID=39) to work on /home/airflow/.local/lib/python3.7/site-packages/airflow/example_dags/example_branch_datetime_operator.py
[2024-11-23T03:03:05.232+0000] {processor.py:743} INFO - Processing file /home/airflow/.local/lib/python3.7/site-packages/airflow/example_dags/example_branch_datetime_operator.py for tasks to queue
[2024-11-23T03:03:05.233+0000] {logging_mixin.py:137} INFO - [2024-11-23T03:03:05.233+0000] {dagbag.py:538} INFO - Filling up the DagBag from /home/airflow/.local/lib/python3.7/site-packages/airflow/example_dags/example_branch_datetime_operator.py
[2024-11-23T03:03:05.274+0000] {processor.py:753} INFO - DAG(s) dict_keys(['example_branch_datetime_operator_3', 'example_branch_datetime_operator_2', 'example_branch_datetime_operator']) retrieved from /home/airflow/.local/lib/python3.7/site-packages/airflow/example_dags/example_branch_datetime_operator.py
[2024-11-23T03:03:05.293+0000] {logging_mixin.py:137} INFO - [2024-11-23T03:03:05.293+0000] {dag.py:2690} INFO - Sync 3 DAGs
[2024-11-23T03:03:05.321+0000] {logging_mixin.py:137} INFO - [2024-11-23T03:03:05.321+0000] {dag.py:3441} INFO - Setting next_dagrun for example_branch_datetime_operator to 2024-11-22T00:00:00+00:00, run_after=2024-11-23T00:00:00+00:00
[2024-11-23T03:03:05.325+0000] {logging_mixin.py:137} INFO - [2024-11-23T03:03:05.325+0000] {dag.py:3441} INFO - Setting next_dagrun for example_branch_datetime_operator_2 to 2024-11-22T00:00:00+00:00, run_after=2024-11-23T00:00:00+00:00
[2024-11-23T03:03:05.327+0000] {logging_mixin.py:137} INFO - [2024-11-23T03:03:05.327+0000] {dag.py:3441} INFO - Setting next_dagrun for example_branch_datetime_operator_3 to 2024-11-22T00:00:00+00:00, run_after=2024-11-23T00:00:00+00:00
[2024-11-23T03:03:05.348+0000] {processor.py:175} INFO - Processing /home/airflow/.local/lib/python3.7/site-packages/airflow/example_dags/example_branch_datetime_operator.py took 0.121 seconds
[2024-11-23T03:03:35.720+0000] {processor.py:153} INFO - Started process (PID=129) to work on /home/airflow/.local/lib/python3.7/site-packages/airflow/example_dags/example_branch_datetime_operator.py
[2024-11-23T03:03:35.722+0000] {processor.py:743} INFO - Processing file /home/airflow/.local/lib/python3.7/site-packages/airflow/example_dags/example_branch_datetime_operator.py for tasks to queue
[2024-11-23T03:03:35.723+0000] {logging_mixin.py:137} INFO - [2024-11-23T03:03:35.723+0000] {dagbag.py:538} INFO - Filling up the DagBag from /home/airflow/.local/lib/python3.7/site-packages/airflow/example_dags/example_branch_datetime_operator.py
[2024-11-23T03:03:35.745+0000] {processor.py:753} INFO - DAG(s) dict_keys(['example_branch_datetime_operator', 'example_branch_datetime_operator_2', 'example_branch_datetime_operator_3']) retrieved from /home/airflow/.local/lib/python3.7/site-packages/airflow/example_dags/example_branch_datetime_operator.py
[2024-11-23T03:03:35.781+0000] {logging_mixin.py:137} INFO - [2024-11-23T03:03:35.781+0000] {dag.py:2690} INFO - Sync 3 DAGs
[2024-11-23T03:03:35.808+0000] {logging_mixin.py:137} INFO - [2024-11-23T03:03:35.808+0000] {dag.py:3441} INFO - Setting next_dagrun for example_branch_datetime_operator to 2024-11-22T00:00:00+00:00, run_after=2024-11-23T00:00:00+00:00
[2024-11-23T03:03:35.816+0000] {logging_mixin.py:137} INFO - [2024-11-23T03:03:35.815+0000] {dag.py:3441} INFO - Setting next_dagrun for example_branch_datetime_operator_2 to 2024-11-22T00:00:00+00:00, run_after=2024-11-23T00:00:00+00:00
[2024-11-23T03:03:35.820+0000] {logging_mixin.py:137} INFO - [2024-11-23T03:03:35.820+0000] {dag.py:3441} INFO - Setting next_dagrun for example_branch_datetime_operator_3 to 2024-11-22T00:00:00+00:00, run_after=2024-11-23T00:00:00+00:00
[2024-11-23T03:03:35.841+0000] {processor.py:175} INFO - Processing /home/airflow/.local/lib/python3.7/site-packages/airflow/example_dags/example_branch_datetime_operator.py took 0.129 seconds
[2024-11-23T03:06:12.862+0000] {processor.py:153} INFO - Started process (PID=48) to work on /home/airflow/.local/lib/python3.7/site-packages/airflow/example_dags/example_branch_datetime_operator.py
[2024-11-23T03:06:12.863+0000] {processor.py:743} INFO - Processing file /home/airflow/.local/lib/python3.7/site-packages/airflow/example_dags/example_branch_datetime_operator.py for tasks to queue
[2024-11-23T03:06:12.864+0000] {logging_mixin.py:137} INFO - [2024-11-23T03:06:12.864+0000] {dagbag.py:538} INFO - Filling up the DagBag from /home/airflow/.local/lib/python3.7/site-packages/airflow/example_dags/example_branch_datetime_operator.py
[2024-11-23T03:06:12.919+0000] {processor.py:753} INFO - DAG(s) dict_keys(['example_branch_datetime_operator', 'example_branch_datetime_operator_2', 'example_branch_datetime_operator_3']) retrieved from /home/airflow/.local/lib/python3.7/site-packages/airflow/example_dags/example_branch_datetime_operator.py
[2024-11-23T03:06:12.953+0000] {logging_mixin.py:137} INFO - [2024-11-23T03:06:12.953+0000] {dag.py:2690} INFO - Sync 3 DAGs
[2024-11-23T03:06:12.998+0000] {logging_mixin.py:137} INFO - [2024-11-23T03:06:12.998+0000] {dag.py:3441} INFO - Setting next_dagrun for example_branch_datetime_operator to 2024-11-22T00:00:00+00:00, run_after=2024-11-23T00:00:00+00:00
[2024-11-23T03:06:13.010+0000] {logging_mixin.py:137} INFO - [2024-11-23T03:06:13.009+0000] {dag.py:3441} INFO - Setting next_dagrun for example_branch_datetime_operator_2 to 2024-11-22T00:00:00+00:00, run_after=2024-11-23T00:00:00+00:00
[2024-11-23T03:06:13.015+0000] {logging_mixin.py:137} INFO - [2024-11-23T03:06:13.015+0000] {dag.py:3441} INFO - Setting next_dagrun for example_branch_datetime_operator_3 to 2024-11-22T00:00:00+00:00, run_after=2024-11-23T00:00:00+00:00
[2024-11-23T03:06:13.057+0000] {processor.py:175} INFO - Processing /home/airflow/.local/lib/python3.7/site-packages/airflow/example_dags/example_branch_datetime_operator.py took 0.199 seconds
[2024-11-23T03:06:43.618+0000] {processor.py:153} INFO - Started process (PID=129) to work on /home/airflow/.local/lib/python3.7/site-packages/airflow/example_dags/example_branch_datetime_operator.py
[2024-11-23T03:06:43.620+0000] {processor.py:743} INFO - Processing file /home/airflow/.local/lib/python3.7/site-packages/airflow/example_dags/example_branch_datetime_operator.py for tasks to queue
[2024-11-23T03:06:43.620+0000] {logging_mixin.py:137} INFO - [2024-11-23T03:06:43.620+0000] {dagbag.py:538} INFO - Filling up the DagBag from /home/airflow/.local/lib/python3.7/site-packages/airflow/example_dags/example_branch_datetime_operator.py
[2024-11-23T03:06:43.637+0000] {processor.py:753} INFO - DAG(s) dict_keys(['example_branch_datetime_operator_2', 'example_branch_datetime_operator_3', 'example_branch_datetime_operator']) retrieved from /home/airflow/.local/lib/python3.7/site-packages/airflow/example_dags/example_branch_datetime_operator.py
[2024-11-23T03:06:43.669+0000] {logging_mixin.py:137} INFO - [2024-11-23T03:06:43.669+0000] {dag.py:2690} INFO - Sync 3 DAGs
[2024-11-23T03:06:43.689+0000] {logging_mixin.py:137} INFO - [2024-11-23T03:06:43.689+0000] {dag.py:3441} INFO - Setting next_dagrun for example_branch_datetime_operator to 2024-11-22T00:00:00+00:00, run_after=2024-11-23T00:00:00+00:00
[2024-11-23T03:06:43.693+0000] {logging_mixin.py:137} INFO - [2024-11-23T03:06:43.693+0000] {dag.py:3441} INFO - Setting next_dagrun for example_branch_datetime_operator_2 to 2024-11-22T00:00:00+00:00, run_after=2024-11-23T00:00:00+00:00
[2024-11-23T03:06:43.696+0000] {logging_mixin.py:137} INFO - [2024-11-23T03:06:43.696+0000] {dag.py:3441} INFO - Setting next_dagrun for example_branch_datetime_operator_3 to 2024-11-22T00:00:00+00:00, run_after=2024-11-23T00:00:00+00:00
[2024-11-23T03:06:43.711+0000] {processor.py:175} INFO - Processing /home/airflow/.local/lib/python3.7/site-packages/airflow/example_dags/example_branch_datetime_operator.py took 0.096 seconds
[2024-11-23T03:07:14.430+0000] {processor.py:153} INFO - Started process (PID=203) to work on /home/airflow/.local/lib/python3.7/site-packages/airflow/example_dags/example_branch_datetime_operator.py
[2024-11-23T03:07:14.431+0000] {processor.py:743} INFO - Processing file /home/airflow/.local/lib/python3.7/site-packages/airflow/example_dags/example_branch_datetime_operator.py for tasks to queue
[2024-11-23T03:07:14.433+0000] {logging_mixin.py:137} INFO - [2024-11-23T03:07:14.433+0000] {dagbag.py:538} INFO - Filling up the DagBag from /home/airflow/.local/lib/python3.7/site-packages/airflow/example_dags/example_branch_datetime_operator.py
[2024-11-23T03:07:14.451+0000] {processor.py:753} INFO - DAG(s) dict_keys(['example_branch_datetime_operator_2', 'example_branch_datetime_operator_3', 'example_branch_datetime_operator']) retrieved from /home/airflow/.local/lib/python3.7/site-packages/airflow/example_dags/example_branch_datetime_operator.py
[2024-11-23T03:07:14.481+0000] {logging_mixin.py:137} INFO - [2024-11-23T03:07:14.481+0000] {dag.py:2690} INFO - Sync 3 DAGs
[2024-11-23T03:07:14.506+0000] {logging_mixin.py:137} INFO - [2024-11-23T03:07:14.506+0000] {dag.py:3441} INFO - Setting next_dagrun for example_branch_datetime_operator to 2024-11-22T00:00:00+00:00, run_after=2024-11-23T00:00:00+00:00
[2024-11-23T03:07:14.510+0000] {logging_mixin.py:137} INFO - [2024-11-23T03:07:14.509+0000] {dag.py:3441} INFO - Setting next_dagrun for example_branch_datetime_operator_2 to 2024-11-22T00:00:00+00:00, run_after=2024-11-23T00:00:00+00:00
[2024-11-23T03:07:14.512+0000] {logging_mixin.py:137} INFO - [2024-11-23T03:07:14.512+0000] {dag.py:3441} INFO - Setting next_dagrun for example_branch_datetime_operator_3 to 2024-11-22T00:00:00+00:00, run_after=2024-11-23T00:00:00+00:00
[2024-11-23T03:07:14.529+0000] {processor.py:175} INFO - Processing /home/airflow/.local/lib/python3.7/site-packages/airflow/example_dags/example_branch_datetime_operator.py took 0.103 seconds
[2024-11-23T03:07:45.298+0000] {processor.py:153} INFO - Started process (PID=293) to work on /home/airflow/.local/lib/python3.7/site-packages/airflow/example_dags/example_branch_datetime_operator.py
[2024-11-23T03:07:45.299+0000] {processor.py:743} INFO - Processing file /home/airflow/.local/lib/python3.7/site-packages/airflow/example_dags/example_branch_datetime_operator.py for tasks to queue
[2024-11-23T03:07:45.299+0000] {logging_mixin.py:137} INFO - [2024-11-23T03:07:45.299+0000] {dagbag.py:538} INFO - Filling up the DagBag from /home/airflow/.local/lib/python3.7/site-packages/airflow/example_dags/example_branch_datetime_operator.py
[2024-11-23T03:07:45.317+0000] {processor.py:753} INFO - DAG(s) dict_keys(['example_branch_datetime_operator_3', 'example_branch_datetime_operator_2', 'example_branch_datetime_operator']) retrieved from /home/airflow/.local/lib/python3.7/site-packages/airflow/example_dags/example_branch_datetime_operator.py
[2024-11-23T03:07:45.351+0000] {logging_mixin.py:137} INFO - [2024-11-23T03:07:45.351+0000] {dag.py:2690} INFO - Sync 3 DAGs
[2024-11-23T03:07:45.374+0000] {logging_mixin.py:137} INFO - [2024-11-23T03:07:45.374+0000] {dag.py:3441} INFO - Setting next_dagrun for example_branch_datetime_operator to 2024-11-22T00:00:00+00:00, run_after=2024-11-23T00:00:00+00:00
[2024-11-23T03:07:45.378+0000] {logging_mixin.py:137} INFO - [2024-11-23T03:07:45.378+0000] {dag.py:3441} INFO - Setting next_dagrun for example_branch_datetime_operator_2 to 2024-11-22T00:00:00+00:00, run_after=2024-11-23T00:00:00+00:00
[2024-11-23T03:07:45.381+0000] {logging_mixin.py:137} INFO - [2024-11-23T03:07:45.381+0000] {dag.py:3441} INFO - Setting next_dagrun for example_branch_datetime_operator_3 to 2024-11-22T00:00:00+00:00, run_after=2024-11-23T00:00:00+00:00
[2024-11-23T03:07:45.404+0000] {processor.py:175} INFO - Processing /home/airflow/.local/lib/python3.7/site-packages/airflow/example_dags/example_branch_datetime_operator.py took 0.114 seconds
[2024-11-23T03:08:15.580+0000] {processor.py:153} INFO - Started process (PID=383) to work on /home/airflow/.local/lib/python3.7/site-packages/airflow/example_dags/example_branch_datetime_operator.py
[2024-11-23T03:08:15.583+0000] {processor.py:743} INFO - Processing file /home/airflow/.local/lib/python3.7/site-packages/airflow/example_dags/example_branch_datetime_operator.py for tasks to queue
[2024-11-23T03:08:15.584+0000] {logging_mixin.py:137} INFO - [2024-11-23T03:08:15.584+0000] {dagbag.py:538} INFO - Filling up the DagBag from /home/airflow/.local/lib/python3.7/site-packages/airflow/example_dags/example_branch_datetime_operator.py
[2024-11-23T03:08:15.599+0000] {processor.py:753} INFO - DAG(s) dict_keys(['example_branch_datetime_operator_3', 'example_branch_datetime_operator_2', 'example_branch_datetime_operator']) retrieved from /home/airflow/.local/lib/python3.7/site-packages/airflow/example_dags/example_branch_datetime_operator.py
[2024-11-23T03:08:15.623+0000] {logging_mixin.py:137} INFO - [2024-11-23T03:08:15.623+0000] {dag.py:2690} INFO - Sync 3 DAGs
[2024-11-23T03:08:15.649+0000] {logging_mixin.py:137} INFO - [2024-11-23T03:08:15.649+0000] {dag.py:3441} INFO - Setting next_dagrun for example_branch_datetime_operator to 2024-11-22T00:00:00+00:00, run_after=2024-11-23T00:00:00+00:00
[2024-11-23T03:08:15.653+0000] {logging_mixin.py:137} INFO - [2024-11-23T03:08:15.653+0000] {dag.py:3441} INFO - Setting next_dagrun for example_branch_datetime_operator_2 to 2024-11-22T00:00:00+00:00, run_after=2024-11-23T00:00:00+00:00
[2024-11-23T03:08:15.655+0000] {logging_mixin.py:137} INFO - [2024-11-23T03:08:15.655+0000] {dag.py:3441} INFO - Setting next_dagrun for example_branch_datetime_operator_3 to 2024-11-22T00:00:00+00:00, run_after=2024-11-23T00:00:00+00:00
[2024-11-23T03:08:15.671+0000] {processor.py:175} INFO - Processing /home/airflow/.local/lib/python3.7/site-packages/airflow/example_dags/example_branch_datetime_operator.py took 0.093 seconds
[2024-11-23T03:08:45.879+0000] {processor.py:153} INFO - Started process (PID=456) to work on /home/airflow/.local/lib/python3.7/site-packages/airflow/example_dags/example_branch_datetime_operator.py
[2024-11-23T03:08:45.880+0000] {processor.py:743} INFO - Processing file /home/airflow/.local/lib/python3.7/site-packages/airflow/example_dags/example_branch_datetime_operator.py for tasks to queue
[2024-11-23T03:08:45.880+0000] {logging_mixin.py:137} INFO - [2024-11-23T03:08:45.880+0000] {dagbag.py:538} INFO - Filling up the DagBag from /home/airflow/.local/lib/python3.7/site-packages/airflow/example_dags/example_branch_datetime_operator.py
[2024-11-23T03:08:45.901+0000] {processor.py:753} INFO - DAG(s) dict_keys(['example_branch_datetime_operator', 'example_branch_datetime_operator_2', 'example_branch_datetime_operator_3']) retrieved from /home/airflow/.local/lib/python3.7/site-packages/airflow/example_dags/example_branch_datetime_operator.py
[2024-11-23T03:08:45.930+0000] {logging_mixin.py:137} INFO - [2024-11-23T03:08:45.930+0000] {dag.py:2690} INFO - Sync 3 DAGs
[2024-11-23T03:08:45.951+0000] {logging_mixin.py:137} INFO - [2024-11-23T03:08:45.951+0000] {dag.py:3441} INFO - Setting next_dagrun for example_branch_datetime_operator to 2024-11-22T00:00:00+00:00, run_after=2024-11-23T00:00:00+00:00
[2024-11-23T03:08:45.957+0000] {logging_mixin.py:137} INFO - [2024-11-23T03:08:45.957+0000] {dag.py:3441} INFO - Setting next_dagrun for example_branch_datetime_operator_2 to 2024-11-22T00:00:00+00:00, run_after=2024-11-23T00:00:00+00:00
[2024-11-23T03:08:45.959+0000] {logging_mixin.py:137} INFO - [2024-11-23T03:08:45.959+0000] {dag.py:3441} INFO - Setting next_dagrun for example_branch_datetime_operator_3 to 2024-11-22T00:00:00+00:00, run_after=2024-11-23T00:00:00+00:00
[2024-11-23T03:08:45.977+0000] {processor.py:175} INFO - Processing /home/airflow/.local/lib/python3.7/site-packages/airflow/example_dags/example_branch_datetime_operator.py took 0.102 seconds
[2024-11-23T03:09:17.012+0000] {processor.py:153} INFO - Started process (PID=546) to work on /home/airflow/.local/lib/python3.7/site-packages/airflow/example_dags/example_branch_datetime_operator.py
[2024-11-23T03:09:17.014+0000] {processor.py:743} INFO - Processing file /home/airflow/.local/lib/python3.7/site-packages/airflow/example_dags/example_branch_datetime_operator.py for tasks to queue
[2024-11-23T03:09:17.014+0000] {logging_mixin.py:137} INFO - [2024-11-23T03:09:17.014+0000] {dagbag.py:538} INFO - Filling up the DagBag from /home/airflow/.local/lib/python3.7/site-packages/airflow/example_dags/example_branch_datetime_operator.py
[2024-11-23T03:09:17.030+0000] {processor.py:753} INFO - DAG(s) dict_keys(['example_branch_datetime_operator_2', 'example_branch_datetime_operator_3', 'example_branch_datetime_operator']) retrieved from /home/airflow/.local/lib/python3.7/site-packages/airflow/example_dags/example_branch_datetime_operator.py
[2024-11-23T03:09:17.061+0000] {logging_mixin.py:137} INFO - [2024-11-23T03:09:17.060+0000] {dag.py:2690} INFO - Sync 3 DAGs
[2024-11-23T03:09:17.083+0000] {logging_mixin.py:137} INFO - [2024-11-23T03:09:17.082+0000] {dag.py:3441} INFO - Setting next_dagrun for example_branch_datetime_operator to 2024-11-22T00:00:00+00:00, run_after=2024-11-23T00:00:00+00:00
[2024-11-23T03:09:17.086+0000] {logging_mixin.py:137} INFO - [2024-11-23T03:09:17.086+0000] {dag.py:3441} INFO - Setting next_dagrun for example_branch_datetime_operator_2 to 2024-11-22T00:00:00+00:00, run_after=2024-11-23T00:00:00+00:00
[2024-11-23T03:09:17.087+0000] {logging_mixin.py:137} INFO - [2024-11-23T03:09:17.087+0000] {dag.py:3441} INFO - Setting next_dagrun for example_branch_datetime_operator_3 to 2024-11-22T00:00:00+00:00, run_after=2024-11-23T00:00:00+00:00
[2024-11-23T03:09:17.103+0000] {processor.py:175} INFO - Processing /home/airflow/.local/lib/python3.7/site-packages/airflow/example_dags/example_branch_datetime_operator.py took 0.093 seconds
[2024-11-23T03:09:47.244+0000] {processor.py:153} INFO - Started process (PID=620) to work on /home/airflow/.local/lib/python3.7/site-packages/airflow/example_dags/example_branch_datetime_operator.py
[2024-11-23T03:09:47.245+0000] {processor.py:743} INFO - Processing file /home/airflow/.local/lib/python3.7/site-packages/airflow/example_dags/example_branch_datetime_operator.py for tasks to queue
[2024-11-23T03:09:47.246+0000] {logging_mixin.py:137} INFO - [2024-11-23T03:09:47.246+0000] {dagbag.py:538} INFO - Filling up the DagBag from /home/airflow/.local/lib/python3.7/site-packages/airflow/example_dags/example_branch_datetime_operator.py
[2024-11-23T03:09:47.261+0000] {processor.py:753} INFO - DAG(s) dict_keys(['example_branch_datetime_operator_3', 'example_branch_datetime_operator_2', 'example_branch_datetime_operator']) retrieved from /home/airflow/.local/lib/python3.7/site-packages/airflow/example_dags/example_branch_datetime_operator.py
[2024-11-23T03:09:47.286+0000] {logging_mixin.py:137} INFO - [2024-11-23T03:09:47.286+0000] {dag.py:2690} INFO - Sync 3 DAGs
[2024-11-23T03:09:47.308+0000] {logging_mixin.py:137} INFO - [2024-11-23T03:09:47.308+0000] {dag.py:3441} INFO - Setting next_dagrun for example_branch_datetime_operator to 2024-11-22T00:00:00+00:00, run_after=2024-11-23T00:00:00+00:00
[2024-11-23T03:09:47.311+0000] {logging_mixin.py:137} INFO - [2024-11-23T03:09:47.311+0000] {dag.py:3441} INFO - Setting next_dagrun for example_branch_datetime_operator_2 to 2024-11-22T00:00:00+00:00, run_after=2024-11-23T00:00:00+00:00
[2024-11-23T03:09:47.313+0000] {logging_mixin.py:137} INFO - [2024-11-23T03:09:47.313+0000] {dag.py:3441} INFO - Setting next_dagrun for example_branch_datetime_operator_3 to 2024-11-22T00:00:00+00:00, run_after=2024-11-23T00:00:00+00:00
[2024-11-23T03:09:47.327+0000] {processor.py:175} INFO - Processing /home/airflow/.local/lib/python3.7/site-packages/airflow/example_dags/example_branch_datetime_operator.py took 0.085 seconds
[2024-11-23T03:10:17.497+0000] {processor.py:153} INFO - Started process (PID=709) to work on /home/airflow/.local/lib/python3.7/site-packages/airflow/example_dags/example_branch_datetime_operator.py
[2024-11-23T03:10:17.498+0000] {processor.py:743} INFO - Processing file /home/airflow/.local/lib/python3.7/site-packages/airflow/example_dags/example_branch_datetime_operator.py for tasks to queue
[2024-11-23T03:10:17.499+0000] {logging_mixin.py:137} INFO - [2024-11-23T03:10:17.499+0000] {dagbag.py:538} INFO - Filling up the DagBag from /home/airflow/.local/lib/python3.7/site-packages/airflow/example_dags/example_branch_datetime_operator.py
[2024-11-23T03:10:17.513+0000] {processor.py:753} INFO - DAG(s) dict_keys(['example_branch_datetime_operator_2', 'example_branch_datetime_operator_3', 'example_branch_datetime_operator']) retrieved from /home/airflow/.local/lib/python3.7/site-packages/airflow/example_dags/example_branch_datetime_operator.py
[2024-11-23T03:10:17.536+0000] {logging_mixin.py:137} INFO - [2024-11-23T03:10:17.536+0000] {dag.py:2690} INFO - Sync 3 DAGs
[2024-11-23T03:10:17.558+0000] {logging_mixin.py:137} INFO - [2024-11-23T03:10:17.557+0000] {dag.py:3441} INFO - Setting next_dagrun for example_branch_datetime_operator to 2024-11-22T00:00:00+00:00, run_after=2024-11-23T00:00:00+00:00
[2024-11-23T03:10:17.561+0000] {logging_mixin.py:137} INFO - [2024-11-23T03:10:17.560+0000] {dag.py:3441} INFO - Setting next_dagrun for example_branch_datetime_operator_2 to 2024-11-22T00:00:00+00:00, run_after=2024-11-23T00:00:00+00:00
[2024-11-23T03:10:17.563+0000] {logging_mixin.py:137} INFO - [2024-11-23T03:10:17.563+0000] {dag.py:3441} INFO - Setting next_dagrun for example_branch_datetime_operator_3 to 2024-11-22T00:00:00+00:00, run_after=2024-11-23T00:00:00+00:00
[2024-11-23T03:10:17.582+0000] {processor.py:175} INFO - Processing /home/airflow/.local/lib/python3.7/site-packages/airflow/example_dags/example_branch_datetime_operator.py took 0.088 seconds
[2024-11-23T03:10:48.593+0000] {processor.py:153} INFO - Started process (PID=792) to work on /home/airflow/.local/lib/python3.7/site-packages/airflow/example_dags/example_branch_datetime_operator.py
[2024-11-23T03:10:48.594+0000] {processor.py:743} INFO - Processing file /home/airflow/.local/lib/python3.7/site-packages/airflow/example_dags/example_branch_datetime_operator.py for tasks to queue
[2024-11-23T03:10:48.594+0000] {logging_mixin.py:137} INFO - [2024-11-23T03:10:48.594+0000] {dagbag.py:538} INFO - Filling up the DagBag from /home/airflow/.local/lib/python3.7/site-packages/airflow/example_dags/example_branch_datetime_operator.py
[2024-11-23T03:10:48.612+0000] {processor.py:753} INFO - DAG(s) dict_keys(['example_branch_datetime_operator', 'example_branch_datetime_operator_3', 'example_branch_datetime_operator_2']) retrieved from /home/airflow/.local/lib/python3.7/site-packages/airflow/example_dags/example_branch_datetime_operator.py
[2024-11-23T03:10:48.647+0000] {logging_mixin.py:137} INFO - [2024-11-23T03:10:48.647+0000] {dag.py:2690} INFO - Sync 3 DAGs
[2024-11-23T03:10:48.673+0000] {logging_mixin.py:137} INFO - [2024-11-23T03:10:48.673+0000] {dag.py:3441} INFO - Setting next_dagrun for example_branch_datetime_operator to 2024-11-22T00:00:00+00:00, run_after=2024-11-23T00:00:00+00:00
[2024-11-23T03:10:48.703+0000] {logging_mixin.py:137} INFO - [2024-11-23T03:10:48.703+0000] {dag.py:3441} INFO - Setting next_dagrun for example_branch_datetime_operator_2 to 2024-11-22T00:00:00+00:00, run_after=2024-11-23T00:00:00+00:00
[2024-11-23T03:10:48.742+0000] {logging_mixin.py:137} INFO - [2024-11-23T03:10:48.742+0000] {dag.py:3441} INFO - Setting next_dagrun for example_branch_datetime_operator_3 to 2024-11-22T00:00:00+00:00, run_after=2024-11-23T00:00:00+00:00
[2024-11-23T03:10:48.781+0000] {processor.py:175} INFO - Processing /home/airflow/.local/lib/python3.7/site-packages/airflow/example_dags/example_branch_datetime_operator.py took 0.193 seconds
[2024-11-23T03:11:19.257+0000] {processor.py:153} INFO - Started process (PID=873) to work on /home/airflow/.local/lib/python3.7/site-packages/airflow/example_dags/example_branch_datetime_operator.py
[2024-11-23T03:11:19.259+0000] {processor.py:743} INFO - Processing file /home/airflow/.local/lib/python3.7/site-packages/airflow/example_dags/example_branch_datetime_operator.py for tasks to queue
[2024-11-23T03:11:19.259+0000] {logging_mixin.py:137} INFO - [2024-11-23T03:11:19.259+0000] {dagbag.py:538} INFO - Filling up the DagBag from /home/airflow/.local/lib/python3.7/site-packages/airflow/example_dags/example_branch_datetime_operator.py
[2024-11-23T03:11:19.283+0000] {processor.py:753} INFO - DAG(s) dict_keys(['example_branch_datetime_operator', 'example_branch_datetime_operator_2', 'example_branch_datetime_operator_3']) retrieved from /home/airflow/.local/lib/python3.7/site-packages/airflow/example_dags/example_branch_datetime_operator.py
[2024-11-23T03:11:19.316+0000] {logging_mixin.py:137} INFO - [2024-11-23T03:11:19.316+0000] {dag.py:2690} INFO - Sync 3 DAGs
[2024-11-23T03:11:19.337+0000] {logging_mixin.py:137} INFO - [2024-11-23T03:11:19.336+0000] {dag.py:3441} INFO - Setting next_dagrun for example_branch_datetime_operator to 2024-11-22T00:00:00+00:00, run_after=2024-11-23T00:00:00+00:00
[2024-11-23T03:11:19.340+0000] {logging_mixin.py:137} INFO - [2024-11-23T03:11:19.340+0000] {dag.py:3441} INFO - Setting next_dagrun for example_branch_datetime_operator_2 to 2024-11-22T00:00:00+00:00, run_after=2024-11-23T00:00:00+00:00
[2024-11-23T03:11:19.342+0000] {logging_mixin.py:137} INFO - [2024-11-23T03:11:19.342+0000] {dag.py:3441} INFO - Setting next_dagrun for example_branch_datetime_operator_3 to 2024-11-22T00:00:00+00:00, run_after=2024-11-23T00:00:00+00:00
[2024-11-23T03:11:19.358+0000] {processor.py:175} INFO - Processing /home/airflow/.local/lib/python3.7/site-packages/airflow/example_dags/example_branch_datetime_operator.py took 0.106 seconds
[2024-11-23T03:11:49.527+0000] {processor.py:153} INFO - Started process (PID=963) to work on /home/airflow/.local/lib/python3.7/site-packages/airflow/example_dags/example_branch_datetime_operator.py
[2024-11-23T03:11:49.529+0000] {processor.py:743} INFO - Processing file /home/airflow/.local/lib/python3.7/site-packages/airflow/example_dags/example_branch_datetime_operator.py for tasks to queue
[2024-11-23T03:11:49.530+0000] {logging_mixin.py:137} INFO - [2024-11-23T03:11:49.529+0000] {dagbag.py:538} INFO - Filling up the DagBag from /home/airflow/.local/lib/python3.7/site-packages/airflow/example_dags/example_branch_datetime_operator.py
[2024-11-23T03:11:49.547+0000] {processor.py:753} INFO - DAG(s) dict_keys(['example_branch_datetime_operator', 'example_branch_datetime_operator_2', 'example_branch_datetime_operator_3']) retrieved from /home/airflow/.local/lib/python3.7/site-packages/airflow/example_dags/example_branch_datetime_operator.py
[2024-11-23T03:11:49.574+0000] {logging_mixin.py:137} INFO - [2024-11-23T03:11:49.574+0000] {dag.py:2690} INFO - Sync 3 DAGs
[2024-11-23T03:11:49.593+0000] {logging_mixin.py:137} INFO - [2024-11-23T03:11:49.593+0000] {dag.py:3441} INFO - Setting next_dagrun for example_branch_datetime_operator to 2024-11-22T00:00:00+00:00, run_after=2024-11-23T00:00:00+00:00
[2024-11-23T03:11:49.598+0000] {logging_mixin.py:137} INFO - [2024-11-23T03:11:49.598+0000] {dag.py:3441} INFO - Setting next_dagrun for example_branch_datetime_operator_2 to 2024-11-22T00:00:00+00:00, run_after=2024-11-23T00:00:00+00:00
[2024-11-23T03:11:49.600+0000] {logging_mixin.py:137} INFO - [2024-11-23T03:11:49.600+0000] {dag.py:3441} INFO - Setting next_dagrun for example_branch_datetime_operator_3 to 2024-11-22T00:00:00+00:00, run_after=2024-11-23T00:00:00+00:00
[2024-11-23T03:11:49.613+0000] {processor.py:175} INFO - Processing /home/airflow/.local/lib/python3.7/site-packages/airflow/example_dags/example_branch_datetime_operator.py took 0.088 seconds
[2024-11-23T03:12:19.826+0000] {processor.py:153} INFO - Started process (PID=1037) to work on /home/airflow/.local/lib/python3.7/site-packages/airflow/example_dags/example_branch_datetime_operator.py
[2024-11-23T03:12:19.827+0000] {processor.py:743} INFO - Processing file /home/airflow/.local/lib/python3.7/site-packages/airflow/example_dags/example_branch_datetime_operator.py for tasks to queue
[2024-11-23T03:12:19.828+0000] {logging_mixin.py:137} INFO - [2024-11-23T03:12:19.827+0000] {dagbag.py:538} INFO - Filling up the DagBag from /home/airflow/.local/lib/python3.7/site-packages/airflow/example_dags/example_branch_datetime_operator.py
[2024-11-23T03:12:19.844+0000] {processor.py:753} INFO - DAG(s) dict_keys(['example_branch_datetime_operator_2', 'example_branch_datetime_operator_3', 'example_branch_datetime_operator']) retrieved from /home/airflow/.local/lib/python3.7/site-packages/airflow/example_dags/example_branch_datetime_operator.py
[2024-11-23T03:12:19.872+0000] {logging_mixin.py:137} INFO - [2024-11-23T03:12:19.872+0000] {dag.py:2690} INFO - Sync 3 DAGs
[2024-11-23T03:12:19.892+0000] {logging_mixin.py:137} INFO - [2024-11-23T03:12:19.891+0000] {dag.py:3441} INFO - Setting next_dagrun for example_branch_datetime_operator to 2024-11-22T00:00:00+00:00, run_after=2024-11-23T00:00:00+00:00
[2024-11-23T03:12:19.895+0000] {logging_mixin.py:137} INFO - [2024-11-23T03:12:19.895+0000] {dag.py:3441} INFO - Setting next_dagrun for example_branch_datetime_operator_2 to 2024-11-22T00:00:00+00:00, run_after=2024-11-23T00:00:00+00:00
[2024-11-23T03:12:19.897+0000] {logging_mixin.py:137} INFO - [2024-11-23T03:12:19.897+0000] {dag.py:3441} INFO - Setting next_dagrun for example_branch_datetime_operator_3 to 2024-11-22T00:00:00+00:00, run_after=2024-11-23T00:00:00+00:00
[2024-11-23T03:12:19.909+0000] {processor.py:175} INFO - Processing /home/airflow/.local/lib/python3.7/site-packages/airflow/example_dags/example_branch_datetime_operator.py took 0.088 seconds
[2024-11-23T03:12:49.962+0000] {processor.py:153} INFO - Started process (PID=1128) to work on /home/airflow/.local/lib/python3.7/site-packages/airflow/example_dags/example_branch_datetime_operator.py
[2024-11-23T03:12:49.963+0000] {processor.py:743} INFO - Processing file /home/airflow/.local/lib/python3.7/site-packages/airflow/example_dags/example_branch_datetime_operator.py for tasks to queue
[2024-11-23T03:12:49.967+0000] {logging_mixin.py:137} INFO - [2024-11-23T03:12:49.967+0000] {dagbag.py:538} INFO - Filling up the DagBag from /home/airflow/.local/lib/python3.7/site-packages/airflow/example_dags/example_branch_datetime_operator.py
[2024-11-23T03:12:49.981+0000] {processor.py:753} INFO - DAG(s) dict_keys(['example_branch_datetime_operator', 'example_branch_datetime_operator_2', 'example_branch_datetime_operator_3']) retrieved from /home/airflow/.local/lib/python3.7/site-packages/airflow/example_dags/example_branch_datetime_operator.py
[2024-11-23T03:12:50.008+0000] {logging_mixin.py:137} INFO - [2024-11-23T03:12:50.007+0000] {dag.py:2690} INFO - Sync 3 DAGs
[2024-11-23T03:12:50.029+0000] {logging_mixin.py:137} INFO - [2024-11-23T03:12:50.029+0000] {dag.py:3441} INFO - Setting next_dagrun for example_branch_datetime_operator to 2024-11-22T00:00:00+00:00, run_after=2024-11-23T00:00:00+00:00
[2024-11-23T03:12:50.033+0000] {logging_mixin.py:137} INFO - [2024-11-23T03:12:50.033+0000] {dag.py:3441} INFO - Setting next_dagrun for example_branch_datetime_operator_2 to 2024-11-22T00:00:00+00:00, run_after=2024-11-23T00:00:00+00:00
[2024-11-23T03:12:50.034+0000] {logging_mixin.py:137} INFO - [2024-11-23T03:12:50.034+0000] {dag.py:3441} INFO - Setting next_dagrun for example_branch_datetime_operator_3 to 2024-11-22T00:00:00+00:00, run_after=2024-11-23T00:00:00+00:00
[2024-11-23T03:12:50.048+0000] {processor.py:175} INFO - Processing /home/airflow/.local/lib/python3.7/site-packages/airflow/example_dags/example_branch_datetime_operator.py took 0.089 seconds
[2024-11-23T03:13:20.478+0000] {processor.py:153} INFO - Started process (PID=1201) to work on /home/airflow/.local/lib/python3.7/site-packages/airflow/example_dags/example_branch_datetime_operator.py
[2024-11-23T03:13:20.482+0000] {processor.py:743} INFO - Processing file /home/airflow/.local/lib/python3.7/site-packages/airflow/example_dags/example_branch_datetime_operator.py for tasks to queue
[2024-11-23T03:13:20.483+0000] {logging_mixin.py:137} INFO - [2024-11-23T03:13:20.483+0000] {dagbag.py:538} INFO - Filling up the DagBag from /home/airflow/.local/lib/python3.7/site-packages/airflow/example_dags/example_branch_datetime_operator.py
[2024-11-23T03:13:20.501+0000] {processor.py:753} INFO - DAG(s) dict_keys(['example_branch_datetime_operator_3', 'example_branch_datetime_operator_2', 'example_branch_datetime_operator']) retrieved from /home/airflow/.local/lib/python3.7/site-packages/airflow/example_dags/example_branch_datetime_operator.py
[2024-11-23T03:13:20.530+0000] {logging_mixin.py:137} INFO - [2024-11-23T03:13:20.530+0000] {dag.py:2690} INFO - Sync 3 DAGs
[2024-11-23T03:13:20.552+0000] {logging_mixin.py:137} INFO - [2024-11-23T03:13:20.552+0000] {dag.py:3441} INFO - Setting next_dagrun for example_branch_datetime_operator to 2024-11-22T00:00:00+00:00, run_after=2024-11-23T00:00:00+00:00
[2024-11-23T03:13:20.556+0000] {logging_mixin.py:137} INFO - [2024-11-23T03:13:20.556+0000] {dag.py:3441} INFO - Setting next_dagrun for example_branch_datetime_operator_2 to 2024-11-22T00:00:00+00:00, run_after=2024-11-23T00:00:00+00:00
[2024-11-23T03:13:20.557+0000] {logging_mixin.py:137} INFO - [2024-11-23T03:13:20.557+0000] {dag.py:3441} INFO - Setting next_dagrun for example_branch_datetime_operator_3 to 2024-11-22T00:00:00+00:00, run_after=2024-11-23T00:00:00+00:00
[2024-11-23T03:13:20.570+0000] {processor.py:175} INFO - Processing /home/airflow/.local/lib/python3.7/site-packages/airflow/example_dags/example_branch_datetime_operator.py took 0.096 seconds
[2024-11-23T03:13:50.743+0000] {processor.py:153} INFO - Started process (PID=1291) to work on /home/airflow/.local/lib/python3.7/site-packages/airflow/example_dags/example_branch_datetime_operator.py
[2024-11-23T03:13:50.746+0000] {processor.py:743} INFO - Processing file /home/airflow/.local/lib/python3.7/site-packages/airflow/example_dags/example_branch_datetime_operator.py for tasks to queue
[2024-11-23T03:13:50.747+0000] {logging_mixin.py:137} INFO - [2024-11-23T03:13:50.747+0000] {dagbag.py:538} INFO - Filling up the DagBag from /home/airflow/.local/lib/python3.7/site-packages/airflow/example_dags/example_branch_datetime_operator.py
[2024-11-23T03:13:50.760+0000] {processor.py:753} INFO - DAG(s) dict_keys(['example_branch_datetime_operator_3', 'example_branch_datetime_operator', 'example_branch_datetime_operator_2']) retrieved from /home/airflow/.local/lib/python3.7/site-packages/airflow/example_dags/example_branch_datetime_operator.py
[2024-11-23T03:13:50.780+0000] {logging_mixin.py:137} INFO - [2024-11-23T03:13:50.780+0000] {dag.py:2690} INFO - Sync 3 DAGs
[2024-11-23T03:13:50.800+0000] {logging_mixin.py:137} INFO - [2024-11-23T03:13:50.799+0000] {dag.py:3441} INFO - Setting next_dagrun for example_branch_datetime_operator to 2024-11-22T00:00:00+00:00, run_after=2024-11-23T00:00:00+00:00
[2024-11-23T03:13:50.803+0000] {logging_mixin.py:137} INFO - [2024-11-23T03:13:50.803+0000] {dag.py:3441} INFO - Setting next_dagrun for example_branch_datetime_operator_2 to 2024-11-22T00:00:00+00:00, run_after=2024-11-23T00:00:00+00:00
[2024-11-23T03:13:50.804+0000] {logging_mixin.py:137} INFO - [2024-11-23T03:13:50.804+0000] {dag.py:3441} INFO - Setting next_dagrun for example_branch_datetime_operator_3 to 2024-11-22T00:00:00+00:00, run_after=2024-11-23T00:00:00+00:00
[2024-11-23T03:13:50.817+0000] {processor.py:175} INFO - Processing /home/airflow/.local/lib/python3.7/site-packages/airflow/example_dags/example_branch_datetime_operator.py took 0.077 seconds
[2024-11-23T03:14:20.844+0000] {processor.py:153} INFO - Started process (PID=1365) to work on /home/airflow/.local/lib/python3.7/site-packages/airflow/example_dags/example_branch_datetime_operator.py
[2024-11-23T03:14:20.846+0000] {processor.py:743} INFO - Processing file /home/airflow/.local/lib/python3.7/site-packages/airflow/example_dags/example_branch_datetime_operator.py for tasks to queue
[2024-11-23T03:14:20.847+0000] {logging_mixin.py:137} INFO - [2024-11-23T03:14:20.847+0000] {dagbag.py:538} INFO - Filling up the DagBag from /home/airflow/.local/lib/python3.7/site-packages/airflow/example_dags/example_branch_datetime_operator.py
[2024-11-23T03:14:20.861+0000] {processor.py:753} INFO - DAG(s) dict_keys(['example_branch_datetime_operator', 'example_branch_datetime_operator_2', 'example_branch_datetime_operator_3']) retrieved from /home/airflow/.local/lib/python3.7/site-packages/airflow/example_dags/example_branch_datetime_operator.py
[2024-11-23T03:14:20.888+0000] {logging_mixin.py:137} INFO - [2024-11-23T03:14:20.888+0000] {dag.py:2690} INFO - Sync 3 DAGs
[2024-11-23T03:14:20.909+0000] {logging_mixin.py:137} INFO - [2024-11-23T03:14:20.909+0000] {dag.py:3441} INFO - Setting next_dagrun for example_branch_datetime_operator to 2024-11-22T00:00:00+00:00, run_after=2024-11-23T00:00:00+00:00
[2024-11-23T03:14:20.913+0000] {logging_mixin.py:137} INFO - [2024-11-23T03:14:20.913+0000] {dag.py:3441} INFO - Setting next_dagrun for example_branch_datetime_operator_2 to 2024-11-22T00:00:00+00:00, run_after=2024-11-23T00:00:00+00:00
[2024-11-23T03:14:20.915+0000] {logging_mixin.py:137} INFO - [2024-11-23T03:14:20.915+0000] {dag.py:3441} INFO - Setting next_dagrun for example_branch_datetime_operator_3 to 2024-11-22T00:00:00+00:00, run_after=2024-11-23T00:00:00+00:00
[2024-11-23T03:14:20.932+0000] {processor.py:175} INFO - Processing /home/airflow/.local/lib/python3.7/site-packages/airflow/example_dags/example_branch_datetime_operator.py took 0.092 seconds
[2024-11-23T03:14:51.230+0000] {processor.py:153} INFO - Started process (PID=1455) to work on /home/airflow/.local/lib/python3.7/site-packages/airflow/example_dags/example_branch_datetime_operator.py
[2024-11-23T03:14:51.231+0000] {processor.py:743} INFO - Processing file /home/airflow/.local/lib/python3.7/site-packages/airflow/example_dags/example_branch_datetime_operator.py for tasks to queue
[2024-11-23T03:14:51.231+0000] {logging_mixin.py:137} INFO - [2024-11-23T03:14:51.231+0000] {dagbag.py:538} INFO - Filling up the DagBag from /home/airflow/.local/lib/python3.7/site-packages/airflow/example_dags/example_branch_datetime_operator.py
[2024-11-23T03:14:51.264+0000] {processor.py:753} INFO - DAG(s) dict_keys(['example_branch_datetime_operator', 'example_branch_datetime_operator_3', 'example_branch_datetime_operator_2']) retrieved from /home/airflow/.local/lib/python3.7/site-packages/airflow/example_dags/example_branch_datetime_operator.py
[2024-11-23T03:14:51.305+0000] {logging_mixin.py:137} INFO - [2024-11-23T03:14:51.305+0000] {dag.py:2690} INFO - Sync 3 DAGs
[2024-11-23T03:14:51.341+0000] {logging_mixin.py:137} INFO - [2024-11-23T03:14:51.340+0000] {dag.py:3441} INFO - Setting next_dagrun for example_branch_datetime_operator to 2024-11-22T00:00:00+00:00, run_after=2024-11-23T00:00:00+00:00
[2024-11-23T03:14:51.346+0000] {logging_mixin.py:137} INFO - [2024-11-23T03:14:51.346+0000] {dag.py:3441} INFO - Setting next_dagrun for example_branch_datetime_operator_2 to 2024-11-22T00:00:00+00:00, run_after=2024-11-23T00:00:00+00:00
[2024-11-23T03:14:51.349+0000] {logging_mixin.py:137} INFO - [2024-11-23T03:14:51.349+0000] {dag.py:3441} INFO - Setting next_dagrun for example_branch_datetime_operator_3 to 2024-11-22T00:00:00+00:00, run_after=2024-11-23T00:00:00+00:00
[2024-11-23T03:14:51.367+0000] {processor.py:175} INFO - Processing /home/airflow/.local/lib/python3.7/site-packages/airflow/example_dags/example_branch_datetime_operator.py took 0.142 seconds
[2024-11-23T03:15:21.543+0000] {processor.py:153} INFO - Started process (PID=1529) to work on /home/airflow/.local/lib/python3.7/site-packages/airflow/example_dags/example_branch_datetime_operator.py
[2024-11-23T03:15:21.544+0000] {processor.py:743} INFO - Processing file /home/airflow/.local/lib/python3.7/site-packages/airflow/example_dags/example_branch_datetime_operator.py for tasks to queue
[2024-11-23T03:15:21.544+0000] {logging_mixin.py:137} INFO - [2024-11-23T03:15:21.544+0000] {dagbag.py:538} INFO - Filling up the DagBag from /home/airflow/.local/lib/python3.7/site-packages/airflow/example_dags/example_branch_datetime_operator.py
[2024-11-23T03:15:21.578+0000] {processor.py:753} INFO - DAG(s) dict_keys(['example_branch_datetime_operator', 'example_branch_datetime_operator_2', 'example_branch_datetime_operator_3']) retrieved from /home/airflow/.local/lib/python3.7/site-packages/airflow/example_dags/example_branch_datetime_operator.py
[2024-11-23T03:15:21.609+0000] {logging_mixin.py:137} INFO - [2024-11-23T03:15:21.608+0000] {dag.py:2690} INFO - Sync 3 DAGs
[2024-11-23T03:15:21.634+0000] {logging_mixin.py:137} INFO - [2024-11-23T03:15:21.634+0000] {dag.py:3441} INFO - Setting next_dagrun for example_branch_datetime_operator to 2024-11-22T00:00:00+00:00, run_after=2024-11-23T00:00:00+00:00
[2024-11-23T03:15:21.641+0000] {logging_mixin.py:137} INFO - [2024-11-23T03:15:21.641+0000] {dag.py:3441} INFO - Setting next_dagrun for example_branch_datetime_operator_2 to 2024-11-22T00:00:00+00:00, run_after=2024-11-23T00:00:00+00:00
[2024-11-23T03:15:21.645+0000] {logging_mixin.py:137} INFO - [2024-11-23T03:15:21.645+0000] {dag.py:3441} INFO - Setting next_dagrun for example_branch_datetime_operator_3 to 2024-11-22T00:00:00+00:00, run_after=2024-11-23T00:00:00+00:00
[2024-11-23T03:15:21.682+0000] {processor.py:175} INFO - Processing /home/airflow/.local/lib/python3.7/site-packages/airflow/example_dags/example_branch_datetime_operator.py took 0.143 seconds
[2024-11-23T03:15:52.349+0000] {processor.py:153} INFO - Started process (PID=1619) to work on /home/airflow/.local/lib/python3.7/site-packages/airflow/example_dags/example_branch_datetime_operator.py
[2024-11-23T03:15:52.350+0000] {processor.py:743} INFO - Processing file /home/airflow/.local/lib/python3.7/site-packages/airflow/example_dags/example_branch_datetime_operator.py for tasks to queue
[2024-11-23T03:15:52.350+0000] {logging_mixin.py:137} INFO - [2024-11-23T03:15:52.350+0000] {dagbag.py:538} INFO - Filling up the DagBag from /home/airflow/.local/lib/python3.7/site-packages/airflow/example_dags/example_branch_datetime_operator.py
[2024-11-23T03:15:52.367+0000] {processor.py:753} INFO - DAG(s) dict_keys(['example_branch_datetime_operator_2', 'example_branch_datetime_operator', 'example_branch_datetime_operator_3']) retrieved from /home/airflow/.local/lib/python3.7/site-packages/airflow/example_dags/example_branch_datetime_operator.py
[2024-11-23T03:15:52.410+0000] {logging_mixin.py:137} INFO - [2024-11-23T03:15:52.410+0000] {dag.py:2690} INFO - Sync 3 DAGs
[2024-11-23T03:15:52.430+0000] {logging_mixin.py:137} INFO - [2024-11-23T03:15:52.430+0000] {dag.py:3441} INFO - Setting next_dagrun for example_branch_datetime_operator to 2024-11-22T00:00:00+00:00, run_after=2024-11-23T00:00:00+00:00
[2024-11-23T03:15:52.435+0000] {logging_mixin.py:137} INFO - [2024-11-23T03:15:52.435+0000] {dag.py:3441} INFO - Setting next_dagrun for example_branch_datetime_operator_2 to 2024-11-22T00:00:00+00:00, run_after=2024-11-23T00:00:00+00:00
[2024-11-23T03:15:52.437+0000] {logging_mixin.py:137} INFO - [2024-11-23T03:15:52.437+0000] {dag.py:3441} INFO - Setting next_dagrun for example_branch_datetime_operator_3 to 2024-11-22T00:00:00+00:00, run_after=2024-11-23T00:00:00+00:00
[2024-11-23T03:15:52.450+0000] {processor.py:175} INFO - Processing /home/airflow/.local/lib/python3.7/site-packages/airflow/example_dags/example_branch_datetime_operator.py took 0.105 seconds
[2024-11-23T03:16:22.576+0000] {processor.py:153} INFO - Started process (PID=1709) to work on /home/airflow/.local/lib/python3.7/site-packages/airflow/example_dags/example_branch_datetime_operator.py
[2024-11-23T03:16:22.579+0000] {processor.py:743} INFO - Processing file /home/airflow/.local/lib/python3.7/site-packages/airflow/example_dags/example_branch_datetime_operator.py for tasks to queue
[2024-11-23T03:16:22.580+0000] {logging_mixin.py:137} INFO - [2024-11-23T03:16:22.580+0000] {dagbag.py:538} INFO - Filling up the DagBag from /home/airflow/.local/lib/python3.7/site-packages/airflow/example_dags/example_branch_datetime_operator.py
[2024-11-23T03:16:22.595+0000] {processor.py:753} INFO - DAG(s) dict_keys(['example_branch_datetime_operator', 'example_branch_datetime_operator_3', 'example_branch_datetime_operator_2']) retrieved from /home/airflow/.local/lib/python3.7/site-packages/airflow/example_dags/example_branch_datetime_operator.py
[2024-11-23T03:16:22.626+0000] {logging_mixin.py:137} INFO - [2024-11-23T03:16:22.626+0000] {dag.py:2690} INFO - Sync 3 DAGs
[2024-11-23T03:16:22.648+0000] {logging_mixin.py:137} INFO - [2024-11-23T03:16:22.648+0000] {dag.py:3441} INFO - Setting next_dagrun for example_branch_datetime_operator to 2024-11-22T00:00:00+00:00, run_after=2024-11-23T00:00:00+00:00
[2024-11-23T03:16:22.652+0000] {logging_mixin.py:137} INFO - [2024-11-23T03:16:22.652+0000] {dag.py:3441} INFO - Setting next_dagrun for example_branch_datetime_operator_2 to 2024-11-22T00:00:00+00:00, run_after=2024-11-23T00:00:00+00:00
[2024-11-23T03:16:22.653+0000] {logging_mixin.py:137} INFO - [2024-11-23T03:16:22.653+0000] {dag.py:3441} INFO - Setting next_dagrun for example_branch_datetime_operator_3 to 2024-11-22T00:00:00+00:00, run_after=2024-11-23T00:00:00+00:00
[2024-11-23T03:16:22.670+0000] {processor.py:175} INFO - Processing /home/airflow/.local/lib/python3.7/site-packages/airflow/example_dags/example_branch_datetime_operator.py took 0.099 seconds
[2024-11-23T03:16:52.700+0000] {processor.py:153} INFO - Started process (PID=1783) to work on /home/airflow/.local/lib/python3.7/site-packages/airflow/example_dags/example_branch_datetime_operator.py
[2024-11-23T03:16:52.701+0000] {processor.py:743} INFO - Processing file /home/airflow/.local/lib/python3.7/site-packages/airflow/example_dags/example_branch_datetime_operator.py for tasks to queue
[2024-11-23T03:16:52.702+0000] {logging_mixin.py:137} INFO - [2024-11-23T03:16:52.702+0000] {dagbag.py:538} INFO - Filling up the DagBag from /home/airflow/.local/lib/python3.7/site-packages/airflow/example_dags/example_branch_datetime_operator.py
[2024-11-23T03:16:52.718+0000] {processor.py:753} INFO - DAG(s) dict_keys(['example_branch_datetime_operator_2', 'example_branch_datetime_operator', 'example_branch_datetime_operator_3']) retrieved from /home/airflow/.local/lib/python3.7/site-packages/airflow/example_dags/example_branch_datetime_operator.py
[2024-11-23T03:16:52.737+0000] {logging_mixin.py:137} INFO - [2024-11-23T03:16:52.737+0000] {dag.py:2690} INFO - Sync 3 DAGs
[2024-11-23T03:16:52.757+0000] {logging_mixin.py:137} INFO - [2024-11-23T03:16:52.757+0000] {dag.py:3441} INFO - Setting next_dagrun for example_branch_datetime_operator to 2024-11-22T00:00:00+00:00, run_after=2024-11-23T00:00:00+00:00
[2024-11-23T03:16:52.761+0000] {logging_mixin.py:137} INFO - [2024-11-23T03:16:52.761+0000] {dag.py:3441} INFO - Setting next_dagrun for example_branch_datetime_operator_2 to 2024-11-22T00:00:00+00:00, run_after=2024-11-23T00:00:00+00:00
[2024-11-23T03:16:52.762+0000] {logging_mixin.py:137} INFO - [2024-11-23T03:16:52.762+0000] {dag.py:3441} INFO - Setting next_dagrun for example_branch_datetime_operator_3 to 2024-11-22T00:00:00+00:00, run_after=2024-11-23T00:00:00+00:00
[2024-11-23T03:16:52.778+0000] {processor.py:175} INFO - Processing /home/airflow/.local/lib/python3.7/site-packages/airflow/example_dags/example_branch_datetime_operator.py took 0.082 seconds
[2024-11-23T03:17:22.882+0000] {processor.py:153} INFO - Started process (PID=1873) to work on /home/airflow/.local/lib/python3.7/site-packages/airflow/example_dags/example_branch_datetime_operator.py
[2024-11-23T03:17:22.883+0000] {processor.py:743} INFO - Processing file /home/airflow/.local/lib/python3.7/site-packages/airflow/example_dags/example_branch_datetime_operator.py for tasks to queue
[2024-11-23T03:17:22.883+0000] {logging_mixin.py:137} INFO - [2024-11-23T03:17:22.883+0000] {dagbag.py:538} INFO - Filling up the DagBag from /home/airflow/.local/lib/python3.7/site-packages/airflow/example_dags/example_branch_datetime_operator.py
[2024-11-23T03:17:22.900+0000] {processor.py:753} INFO - DAG(s) dict_keys(['example_branch_datetime_operator_3', 'example_branch_datetime_operator_2', 'example_branch_datetime_operator']) retrieved from /home/airflow/.local/lib/python3.7/site-packages/airflow/example_dags/example_branch_datetime_operator.py
[2024-11-23T03:17:22.923+0000] {logging_mixin.py:137} INFO - [2024-11-23T03:17:22.923+0000] {dag.py:2690} INFO - Sync 3 DAGs
[2024-11-23T03:17:22.945+0000] {logging_mixin.py:137} INFO - [2024-11-23T03:17:22.945+0000] {dag.py:3441} INFO - Setting next_dagrun for example_branch_datetime_operator to 2024-11-22T00:00:00+00:00, run_after=2024-11-23T00:00:00+00:00
[2024-11-23T03:17:22.949+0000] {logging_mixin.py:137} INFO - [2024-11-23T03:17:22.949+0000] {dag.py:3441} INFO - Setting next_dagrun for example_branch_datetime_operator_2 to 2024-11-22T00:00:00+00:00, run_after=2024-11-23T00:00:00+00:00
[2024-11-23T03:17:22.950+0000] {logging_mixin.py:137} INFO - [2024-11-23T03:17:22.950+0000] {dag.py:3441} INFO - Setting next_dagrun for example_branch_datetime_operator_3 to 2024-11-22T00:00:00+00:00, run_after=2024-11-23T00:00:00+00:00
[2024-11-23T03:17:22.963+0000] {processor.py:175} INFO - Processing /home/airflow/.local/lib/python3.7/site-packages/airflow/example_dags/example_branch_datetime_operator.py took 0.085 seconds
[2024-11-23T03:17:53.111+0000] {processor.py:153} INFO - Started process (PID=1946) to work on /home/airflow/.local/lib/python3.7/site-packages/airflow/example_dags/example_branch_datetime_operator.py
[2024-11-23T03:17:53.112+0000] {processor.py:743} INFO - Processing file /home/airflow/.local/lib/python3.7/site-packages/airflow/example_dags/example_branch_datetime_operator.py for tasks to queue
[2024-11-23T03:17:53.113+0000] {logging_mixin.py:137} INFO - [2024-11-23T03:17:53.113+0000] {dagbag.py:538} INFO - Filling up the DagBag from /home/airflow/.local/lib/python3.7/site-packages/airflow/example_dags/example_branch_datetime_operator.py
[2024-11-23T03:17:53.132+0000] {processor.py:753} INFO - DAG(s) dict_keys(['example_branch_datetime_operator', 'example_branch_datetime_operator_3', 'example_branch_datetime_operator_2']) retrieved from /home/airflow/.local/lib/python3.7/site-packages/airflow/example_dags/example_branch_datetime_operator.py
[2024-11-23T03:17:53.156+0000] {logging_mixin.py:137} INFO - [2024-11-23T03:17:53.156+0000] {dag.py:2690} INFO - Sync 3 DAGs
[2024-11-23T03:17:53.177+0000] {logging_mixin.py:137} INFO - [2024-11-23T03:17:53.177+0000] {dag.py:3441} INFO - Setting next_dagrun for example_branch_datetime_operator to 2024-11-22T00:00:00+00:00, run_after=2024-11-23T00:00:00+00:00
[2024-11-23T03:17:53.181+0000] {logging_mixin.py:137} INFO - [2024-11-23T03:17:53.181+0000] {dag.py:3441} INFO - Setting next_dagrun for example_branch_datetime_operator_2 to 2024-11-22T00:00:00+00:00, run_after=2024-11-23T00:00:00+00:00
[2024-11-23T03:17:53.183+0000] {logging_mixin.py:137} INFO - [2024-11-23T03:17:53.183+0000] {dag.py:3441} INFO - Setting next_dagrun for example_branch_datetime_operator_3 to 2024-11-22T00:00:00+00:00, run_after=2024-11-23T00:00:00+00:00
[2024-11-23T03:17:53.198+0000] {processor.py:175} INFO - Processing /home/airflow/.local/lib/python3.7/site-packages/airflow/example_dags/example_branch_datetime_operator.py took 0.092 seconds
[2024-11-23T03:18:23.387+0000] {processor.py:153} INFO - Started process (PID=2035) to work on /home/airflow/.local/lib/python3.7/site-packages/airflow/example_dags/example_branch_datetime_operator.py
[2024-11-23T03:18:23.388+0000] {processor.py:743} INFO - Processing file /home/airflow/.local/lib/python3.7/site-packages/airflow/example_dags/example_branch_datetime_operator.py for tasks to queue
[2024-11-23T03:18:23.389+0000] {logging_mixin.py:137} INFO - [2024-11-23T03:18:23.389+0000] {dagbag.py:538} INFO - Filling up the DagBag from /home/airflow/.local/lib/python3.7/site-packages/airflow/example_dags/example_branch_datetime_operator.py
[2024-11-23T03:18:23.408+0000] {processor.py:753} INFO - DAG(s) dict_keys(['example_branch_datetime_operator_3', 'example_branch_datetime_operator', 'example_branch_datetime_operator_2']) retrieved from /home/airflow/.local/lib/python3.7/site-packages/airflow/example_dags/example_branch_datetime_operator.py
[2024-11-23T03:18:23.435+0000] {logging_mixin.py:137} INFO - [2024-11-23T03:18:23.435+0000] {dag.py:2690} INFO - Sync 3 DAGs
[2024-11-23T03:18:23.455+0000] {logging_mixin.py:137} INFO - [2024-11-23T03:18:23.454+0000] {dag.py:3441} INFO - Setting next_dagrun for example_branch_datetime_operator to 2024-11-22T00:00:00+00:00, run_after=2024-11-23T00:00:00+00:00
[2024-11-23T03:18:23.458+0000] {logging_mixin.py:137} INFO - [2024-11-23T03:18:23.458+0000] {dag.py:3441} INFO - Setting next_dagrun for example_branch_datetime_operator_2 to 2024-11-22T00:00:00+00:00, run_after=2024-11-23T00:00:00+00:00
[2024-11-23T03:18:23.460+0000] {logging_mixin.py:137} INFO - [2024-11-23T03:18:23.460+0000] {dag.py:3441} INFO - Setting next_dagrun for example_branch_datetime_operator_3 to 2024-11-22T00:00:00+00:00, run_after=2024-11-23T00:00:00+00:00
[2024-11-23T03:18:23.474+0000] {processor.py:175} INFO - Processing /home/airflow/.local/lib/python3.7/site-packages/airflow/example_dags/example_branch_datetime_operator.py took 0.091 seconds
[2024-11-23T03:18:53.663+0000] {processor.py:153} INFO - Started process (PID=2109) to work on /home/airflow/.local/lib/python3.7/site-packages/airflow/example_dags/example_branch_datetime_operator.py
[2024-11-23T03:18:53.664+0000] {processor.py:743} INFO - Processing file /home/airflow/.local/lib/python3.7/site-packages/airflow/example_dags/example_branch_datetime_operator.py for tasks to queue
[2024-11-23T03:18:53.665+0000] {logging_mixin.py:137} INFO - [2024-11-23T03:18:53.665+0000] {dagbag.py:538} INFO - Filling up the DagBag from /home/airflow/.local/lib/python3.7/site-packages/airflow/example_dags/example_branch_datetime_operator.py
[2024-11-23T03:18:53.684+0000] {processor.py:753} INFO - DAG(s) dict_keys(['example_branch_datetime_operator', 'example_branch_datetime_operator_2', 'example_branch_datetime_operator_3']) retrieved from /home/airflow/.local/lib/python3.7/site-packages/airflow/example_dags/example_branch_datetime_operator.py
[2024-11-23T03:18:53.712+0000] {logging_mixin.py:137} INFO - [2024-11-23T03:18:53.712+0000] {dag.py:2690} INFO - Sync 3 DAGs
[2024-11-23T03:18:53.750+0000] {logging_mixin.py:137} INFO - [2024-11-23T03:18:53.750+0000] {dag.py:3441} INFO - Setting next_dagrun for example_branch_datetime_operator to 2024-11-22T00:00:00+00:00, run_after=2024-11-23T00:00:00+00:00
[2024-11-23T03:18:53.753+0000] {logging_mixin.py:137} INFO - [2024-11-23T03:18:53.753+0000] {dag.py:3441} INFO - Setting next_dagrun for example_branch_datetime_operator_2 to 2024-11-22T00:00:00+00:00, run_after=2024-11-23T00:00:00+00:00
[2024-11-23T03:18:53.755+0000] {logging_mixin.py:137} INFO - [2024-11-23T03:18:53.755+0000] {dag.py:3441} INFO - Setting next_dagrun for example_branch_datetime_operator_3 to 2024-11-22T00:00:00+00:00, run_after=2024-11-23T00:00:00+00:00
[2024-11-23T03:18:53.767+0000] {processor.py:175} INFO - Processing /home/airflow/.local/lib/python3.7/site-packages/airflow/example_dags/example_branch_datetime_operator.py took 0.107 seconds
[2024-11-23T03:19:23.920+0000] {processor.py:153} INFO - Started process (PID=2198) to work on /home/airflow/.local/lib/python3.7/site-packages/airflow/example_dags/example_branch_datetime_operator.py
[2024-11-23T03:19:23.921+0000] {processor.py:743} INFO - Processing file /home/airflow/.local/lib/python3.7/site-packages/airflow/example_dags/example_branch_datetime_operator.py for tasks to queue
[2024-11-23T03:19:23.921+0000] {logging_mixin.py:137} INFO - [2024-11-23T03:19:23.921+0000] {dagbag.py:538} INFO - Filling up the DagBag from /home/airflow/.local/lib/python3.7/site-packages/airflow/example_dags/example_branch_datetime_operator.py
[2024-11-23T03:19:23.940+0000] {processor.py:753} INFO - DAG(s) dict_keys(['example_branch_datetime_operator_3', 'example_branch_datetime_operator_2', 'example_branch_datetime_operator']) retrieved from /home/airflow/.local/lib/python3.7/site-packages/airflow/example_dags/example_branch_datetime_operator.py
[2024-11-23T03:19:23.971+0000] {logging_mixin.py:137} INFO - [2024-11-23T03:19:23.971+0000] {dag.py:2690} INFO - Sync 3 DAGs
[2024-11-23T03:19:23.994+0000] {logging_mixin.py:137} INFO - [2024-11-23T03:19:23.994+0000] {dag.py:3441} INFO - Setting next_dagrun for example_branch_datetime_operator to 2024-11-22T00:00:00+00:00, run_after=2024-11-23T00:00:00+00:00
[2024-11-23T03:19:23.999+0000] {logging_mixin.py:137} INFO - [2024-11-23T03:19:23.999+0000] {dag.py:3441} INFO - Setting next_dagrun for example_branch_datetime_operator_2 to 2024-11-22T00:00:00+00:00, run_after=2024-11-23T00:00:00+00:00
[2024-11-23T03:19:24.001+0000] {logging_mixin.py:137} INFO - [2024-11-23T03:19:24.001+0000] {dag.py:3441} INFO - Setting next_dagrun for example_branch_datetime_operator_3 to 2024-11-22T00:00:00+00:00, run_after=2024-11-23T00:00:00+00:00
[2024-11-23T03:19:24.016+0000] {processor.py:175} INFO - Processing /home/airflow/.local/lib/python3.7/site-packages/airflow/example_dags/example_branch_datetime_operator.py took 0.100 seconds
[2024-11-23T03:19:54.578+0000] {processor.py:153} INFO - Started process (PID=2272) to work on /home/airflow/.local/lib/python3.7/site-packages/airflow/example_dags/example_branch_datetime_operator.py
[2024-11-23T03:19:54.580+0000] {processor.py:743} INFO - Processing file /home/airflow/.local/lib/python3.7/site-packages/airflow/example_dags/example_branch_datetime_operator.py for tasks to queue
[2024-11-23T03:19:54.580+0000] {logging_mixin.py:137} INFO - [2024-11-23T03:19:54.580+0000] {dagbag.py:538} INFO - Filling up the DagBag from /home/airflow/.local/lib/python3.7/site-packages/airflow/example_dags/example_branch_datetime_operator.py
[2024-11-23T03:19:54.607+0000] {processor.py:753} INFO - DAG(s) dict_keys(['example_branch_datetime_operator', 'example_branch_datetime_operator_3', 'example_branch_datetime_operator_2']) retrieved from /home/airflow/.local/lib/python3.7/site-packages/airflow/example_dags/example_branch_datetime_operator.py
[2024-11-23T03:19:54.636+0000] {logging_mixin.py:137} INFO - [2024-11-23T03:19:54.635+0000] {dag.py:2690} INFO - Sync 3 DAGs
[2024-11-23T03:19:54.666+0000] {logging_mixin.py:137} INFO - [2024-11-23T03:19:54.666+0000] {dag.py:3441} INFO - Setting next_dagrun for example_branch_datetime_operator to 2024-11-22T00:00:00+00:00, run_after=2024-11-23T00:00:00+00:00
[2024-11-23T03:19:54.670+0000] {logging_mixin.py:137} INFO - [2024-11-23T03:19:54.670+0000] {dag.py:3441} INFO - Setting next_dagrun for example_branch_datetime_operator_2 to 2024-11-22T00:00:00+00:00, run_after=2024-11-23T00:00:00+00:00
[2024-11-23T03:19:54.671+0000] {logging_mixin.py:137} INFO - [2024-11-23T03:19:54.671+0000] {dag.py:3441} INFO - Setting next_dagrun for example_branch_datetime_operator_3 to 2024-11-22T00:00:00+00:00, run_after=2024-11-23T00:00:00+00:00
[2024-11-23T03:19:54.684+0000] {processor.py:175} INFO - Processing /home/airflow/.local/lib/python3.7/site-packages/airflow/example_dags/example_branch_datetime_operator.py took 0.110 seconds
