[2024-11-23T02:53:04.901+0000] {processor.py:153} INFO - Started process (PID=90) to work on /home/airflow/.local/lib/python3.7/site-packages/airflow/example_dags/example_task_group_decorator.py
[2024-11-23T02:53:04.905+0000] {processor.py:743} INFO - Processing file /home/airflow/.local/lib/python3.7/site-packages/airflow/example_dags/example_task_group_decorator.py for tasks to queue
[2024-11-23T02:53:04.910+0000] {logging_mixin.py:137} INFO - [2024-11-23T02:53:04.909+0000] {dagbag.py:538} INFO - Filling up the DagBag from /home/airflow/.local/lib/python3.7/site-packages/airflow/example_dags/example_task_group_decorator.py
[2024-11-23T02:53:05.002+0000] {processor.py:753} INFO - DAG(s) dict_keys(['example_task_group_decorator']) retrieved from /home/airflow/.local/lib/python3.7/site-packages/airflow/example_dags/example_task_group_decorator.py
[2024-11-23T02:53:05.030+0000] {logging_mixin.py:137} INFO - [2024-11-23T02:53:05.030+0000] {dag.py:2690} INFO - Sync 1 DAGs
[2024-11-23T02:53:05.076+0000] {logging_mixin.py:137} INFO - [2024-11-23T02:53:05.076+0000] {dag.py:3441} INFO - Setting next_dagrun for example_task_group_decorator to 2024-11-22T02:53:05.076104+00:00, run_after=2024-11-23T02:53:05.076104+00:00
[2024-11-23T02:53:05.116+0000] {processor.py:175} INFO - Processing /home/airflow/.local/lib/python3.7/site-packages/airflow/example_dags/example_task_group_decorator.py took 0.224 seconds
[2024-11-23T02:53:35.593+0000] {processor.py:153} INFO - Started process (PID=164) to work on /home/airflow/.local/lib/python3.7/site-packages/airflow/example_dags/example_task_group_decorator.py
[2024-11-23T02:53:35.594+0000] {processor.py:743} INFO - Processing file /home/airflow/.local/lib/python3.7/site-packages/airflow/example_dags/example_task_group_decorator.py for tasks to queue
[2024-11-23T02:53:35.595+0000] {logging_mixin.py:137} INFO - [2024-11-23T02:53:35.594+0000] {dagbag.py:538} INFO - Filling up the DagBag from /home/airflow/.local/lib/python3.7/site-packages/airflow/example_dags/example_task_group_decorator.py
[2024-11-23T02:53:35.617+0000] {processor.py:753} INFO - DAG(s) dict_keys(['example_task_group_decorator']) retrieved from /home/airflow/.local/lib/python3.7/site-packages/airflow/example_dags/example_task_group_decorator.py
[2024-11-23T02:53:35.636+0000] {logging_mixin.py:137} INFO - [2024-11-23T02:53:35.636+0000] {dag.py:2690} INFO - Sync 1 DAGs
[2024-11-23T02:53:35.655+0000] {logging_mixin.py:137} INFO - [2024-11-23T02:53:35.655+0000] {dag.py:3441} INFO - Setting next_dagrun for example_task_group_decorator to 2024-11-22T02:53:35.655293+00:00, run_after=2024-11-23T02:53:35.655293+00:00
[2024-11-23T02:53:35.669+0000] {processor.py:175} INFO - Processing /home/airflow/.local/lib/python3.7/site-packages/airflow/example_dags/example_task_group_decorator.py took 0.079 seconds
[2024-11-23T02:54:06.609+0000] {processor.py:153} INFO - Started process (PID=254) to work on /home/airflow/.local/lib/python3.7/site-packages/airflow/example_dags/example_task_group_decorator.py
[2024-11-23T02:54:06.613+0000] {processor.py:743} INFO - Processing file /home/airflow/.local/lib/python3.7/site-packages/airflow/example_dags/example_task_group_decorator.py for tasks to queue
[2024-11-23T02:54:06.616+0000] {logging_mixin.py:137} INFO - [2024-11-23T02:54:06.616+0000] {dagbag.py:538} INFO - Filling up the DagBag from /home/airflow/.local/lib/python3.7/site-packages/airflow/example_dags/example_task_group_decorator.py
[2024-11-23T02:54:06.651+0000] {processor.py:753} INFO - DAG(s) dict_keys(['example_task_group_decorator']) retrieved from /home/airflow/.local/lib/python3.7/site-packages/airflow/example_dags/example_task_group_decorator.py
[2024-11-23T02:54:06.690+0000] {logging_mixin.py:137} INFO - [2024-11-23T02:54:06.690+0000] {dag.py:2690} INFO - Sync 1 DAGs
[2024-11-23T02:54:06.717+0000] {logging_mixin.py:137} INFO - [2024-11-23T02:54:06.717+0000] {dag.py:3441} INFO - Setting next_dagrun for example_task_group_decorator to 2024-11-22T02:54:06.717119+00:00, run_after=2024-11-23T02:54:06.717119+00:00
[2024-11-23T02:54:06.735+0000] {processor.py:175} INFO - Processing /home/airflow/.local/lib/python3.7/site-packages/airflow/example_dags/example_task_group_decorator.py took 0.133 seconds
[2024-11-23T02:54:37.321+0000] {processor.py:153} INFO - Started process (PID=328) to work on /home/airflow/.local/lib/python3.7/site-packages/airflow/example_dags/example_task_group_decorator.py
[2024-11-23T02:54:37.323+0000] {processor.py:743} INFO - Processing file /home/airflow/.local/lib/python3.7/site-packages/airflow/example_dags/example_task_group_decorator.py for tasks to queue
[2024-11-23T02:54:37.323+0000] {logging_mixin.py:137} INFO - [2024-11-23T02:54:37.323+0000] {dagbag.py:538} INFO - Filling up the DagBag from /home/airflow/.local/lib/python3.7/site-packages/airflow/example_dags/example_task_group_decorator.py
[2024-11-23T02:54:37.343+0000] {processor.py:753} INFO - DAG(s) dict_keys(['example_task_group_decorator']) retrieved from /home/airflow/.local/lib/python3.7/site-packages/airflow/example_dags/example_task_group_decorator.py
[2024-11-23T02:54:37.368+0000] {logging_mixin.py:137} INFO - [2024-11-23T02:54:37.368+0000] {dag.py:2690} INFO - Sync 1 DAGs
[2024-11-23T02:54:37.388+0000] {logging_mixin.py:137} INFO - [2024-11-23T02:54:37.387+0000] {dag.py:3441} INFO - Setting next_dagrun for example_task_group_decorator to 2024-11-22T02:54:37.387741+00:00, run_after=2024-11-23T02:54:37.387741+00:00
[2024-11-23T02:54:37.407+0000] {processor.py:175} INFO - Processing /home/airflow/.local/lib/python3.7/site-packages/airflow/example_dags/example_task_group_decorator.py took 0.088 seconds
[2024-11-23T02:55:32.293+0000] {processor.py:153} INFO - Started process (PID=90) to work on /home/airflow/.local/lib/python3.7/site-packages/airflow/example_dags/example_task_group_decorator.py
[2024-11-23T02:55:32.296+0000] {processor.py:743} INFO - Processing file /home/airflow/.local/lib/python3.7/site-packages/airflow/example_dags/example_task_group_decorator.py for tasks to queue
[2024-11-23T02:55:32.299+0000] {logging_mixin.py:137} INFO - [2024-11-23T02:55:32.298+0000] {dagbag.py:538} INFO - Filling up the DagBag from /home/airflow/.local/lib/python3.7/site-packages/airflow/example_dags/example_task_group_decorator.py
[2024-11-23T02:55:32.369+0000] {processor.py:753} INFO - DAG(s) dict_keys(['example_task_group_decorator']) retrieved from /home/airflow/.local/lib/python3.7/site-packages/airflow/example_dags/example_task_group_decorator.py
[2024-11-23T02:55:32.430+0000] {logging_mixin.py:137} INFO - [2024-11-23T02:55:32.430+0000] {dag.py:2690} INFO - Sync 1 DAGs
[2024-11-23T02:55:32.483+0000] {logging_mixin.py:137} INFO - [2024-11-23T02:55:32.483+0000] {dag.py:3441} INFO - Setting next_dagrun for example_task_group_decorator to 2024-11-22T02:55:32.483185+00:00, run_after=2024-11-23T02:55:32.483185+00:00
[2024-11-23T02:55:32.542+0000] {processor.py:175} INFO - Processing /home/airflow/.local/lib/python3.7/site-packages/airflow/example_dags/example_task_group_decorator.py took 0.254 seconds
[2024-11-23T02:56:04.038+0000] {processor.py:153} INFO - Started process (PID=164) to work on /home/airflow/.local/lib/python3.7/site-packages/airflow/example_dags/example_task_group_decorator.py
[2024-11-23T02:56:04.040+0000] {processor.py:743} INFO - Processing file /home/airflow/.local/lib/python3.7/site-packages/airflow/example_dags/example_task_group_decorator.py for tasks to queue
[2024-11-23T02:56:04.041+0000] {logging_mixin.py:137} INFO - [2024-11-23T02:56:04.041+0000] {dagbag.py:538} INFO - Filling up the DagBag from /home/airflow/.local/lib/python3.7/site-packages/airflow/example_dags/example_task_group_decorator.py
[2024-11-23T02:56:04.061+0000] {processor.py:753} INFO - DAG(s) dict_keys(['example_task_group_decorator']) retrieved from /home/airflow/.local/lib/python3.7/site-packages/airflow/example_dags/example_task_group_decorator.py
[2024-11-23T02:56:04.090+0000] {logging_mixin.py:137} INFO - [2024-11-23T02:56:04.090+0000] {dag.py:2690} INFO - Sync 1 DAGs
[2024-11-23T02:56:04.108+0000] {logging_mixin.py:137} INFO - [2024-11-23T02:56:04.108+0000] {dag.py:3441} INFO - Setting next_dagrun for example_task_group_decorator to 2024-11-22T02:56:04.108678+00:00, run_after=2024-11-23T02:56:04.108678+00:00
[2024-11-23T02:56:04.126+0000] {processor.py:175} INFO - Processing /home/airflow/.local/lib/python3.7/site-packages/airflow/example_dags/example_task_group_decorator.py took 0.091 seconds
[2024-11-23T02:56:34.535+0000] {processor.py:153} INFO - Started process (PID=254) to work on /home/airflow/.local/lib/python3.7/site-packages/airflow/example_dags/example_task_group_decorator.py
[2024-11-23T02:56:34.537+0000] {processor.py:743} INFO - Processing file /home/airflow/.local/lib/python3.7/site-packages/airflow/example_dags/example_task_group_decorator.py for tasks to queue
[2024-11-23T02:56:34.538+0000] {logging_mixin.py:137} INFO - [2024-11-23T02:56:34.538+0000] {dagbag.py:538} INFO - Filling up the DagBag from /home/airflow/.local/lib/python3.7/site-packages/airflow/example_dags/example_task_group_decorator.py
[2024-11-23T02:56:34.558+0000] {processor.py:753} INFO - DAG(s) dict_keys(['example_task_group_decorator']) retrieved from /home/airflow/.local/lib/python3.7/site-packages/airflow/example_dags/example_task_group_decorator.py
[2024-11-23T02:56:34.587+0000] {logging_mixin.py:137} INFO - [2024-11-23T02:56:34.587+0000] {dag.py:2690} INFO - Sync 1 DAGs
[2024-11-23T02:56:34.605+0000] {logging_mixin.py:137} INFO - [2024-11-23T02:56:34.605+0000] {dag.py:3441} INFO - Setting next_dagrun for example_task_group_decorator to 2024-11-22T02:56:34.605084+00:00, run_after=2024-11-23T02:56:34.605084+00:00
[2024-11-23T02:56:34.623+0000] {processor.py:175} INFO - Processing /home/airflow/.local/lib/python3.7/site-packages/airflow/example_dags/example_task_group_decorator.py took 0.090 seconds
[2024-11-23T02:57:05.343+0000] {processor.py:153} INFO - Started process (PID=328) to work on /home/airflow/.local/lib/python3.7/site-packages/airflow/example_dags/example_task_group_decorator.py
[2024-11-23T02:57:05.346+0000] {processor.py:743} INFO - Processing file /home/airflow/.local/lib/python3.7/site-packages/airflow/example_dags/example_task_group_decorator.py for tasks to queue
[2024-11-23T02:57:05.346+0000] {logging_mixin.py:137} INFO - [2024-11-23T02:57:05.346+0000] {dagbag.py:538} INFO - Filling up the DagBag from /home/airflow/.local/lib/python3.7/site-packages/airflow/example_dags/example_task_group_decorator.py
[2024-11-23T02:57:05.367+0000] {processor.py:753} INFO - DAG(s) dict_keys(['example_task_group_decorator']) retrieved from /home/airflow/.local/lib/python3.7/site-packages/airflow/example_dags/example_task_group_decorator.py
[2024-11-23T02:57:05.398+0000] {logging_mixin.py:137} INFO - [2024-11-23T02:57:05.398+0000] {dag.py:2690} INFO - Sync 1 DAGs
[2024-11-23T02:57:05.417+0000] {logging_mixin.py:137} INFO - [2024-11-23T02:57:05.417+0000] {dag.py:3441} INFO - Setting next_dagrun for example_task_group_decorator to 2024-11-22T02:57:05.417111+00:00, run_after=2024-11-23T02:57:05.417111+00:00
[2024-11-23T02:57:05.429+0000] {processor.py:175} INFO - Processing /home/airflow/.local/lib/python3.7/site-packages/airflow/example_dags/example_task_group_decorator.py took 0.088 seconds
[2024-11-23T02:57:36.592+0000] {processor.py:153} INFO - Started process (PID=418) to work on /home/airflow/.local/lib/python3.7/site-packages/airflow/example_dags/example_task_group_decorator.py
[2024-11-23T02:57:36.595+0000] {processor.py:743} INFO - Processing file /home/airflow/.local/lib/python3.7/site-packages/airflow/example_dags/example_task_group_decorator.py for tasks to queue
[2024-11-23T02:57:36.596+0000] {logging_mixin.py:137} INFO - [2024-11-23T02:57:36.596+0000] {dagbag.py:538} INFO - Filling up the DagBag from /home/airflow/.local/lib/python3.7/site-packages/airflow/example_dags/example_task_group_decorator.py
[2024-11-23T02:57:36.732+0000] {processor.py:753} INFO - DAG(s) dict_keys(['example_task_group_decorator']) retrieved from /home/airflow/.local/lib/python3.7/site-packages/airflow/example_dags/example_task_group_decorator.py
[2024-11-23T02:57:36.782+0000] {logging_mixin.py:137} INFO - [2024-11-23T02:57:36.781+0000] {dag.py:2690} INFO - Sync 1 DAGs
[2024-11-23T02:57:36.837+0000] {logging_mixin.py:137} INFO - [2024-11-23T02:57:36.836+0000] {dag.py:3441} INFO - Setting next_dagrun for example_task_group_decorator to 2024-11-22T02:57:36.836576+00:00, run_after=2024-11-23T02:57:36.836576+00:00
[2024-11-23T02:57:36.876+0000] {processor.py:175} INFO - Processing /home/airflow/.local/lib/python3.7/site-packages/airflow/example_dags/example_task_group_decorator.py took 0.288 seconds
[2024-11-23T02:58:42.306+0000] {processor.py:153} INFO - Started process (PID=89) to work on /home/airflow/.local/lib/python3.7/site-packages/airflow/example_dags/example_task_group_decorator.py
[2024-11-23T02:58:42.314+0000] {processor.py:743} INFO - Processing file /home/airflow/.local/lib/python3.7/site-packages/airflow/example_dags/example_task_group_decorator.py for tasks to queue
[2024-11-23T02:58:42.317+0000] {logging_mixin.py:137} INFO - [2024-11-23T02:58:42.316+0000] {dagbag.py:538} INFO - Filling up the DagBag from /home/airflow/.local/lib/python3.7/site-packages/airflow/example_dags/example_task_group_decorator.py
[2024-11-23T02:58:42.410+0000] {processor.py:753} INFO - DAG(s) dict_keys(['example_task_group_decorator']) retrieved from /home/airflow/.local/lib/python3.7/site-packages/airflow/example_dags/example_task_group_decorator.py
[2024-11-23T02:58:42.441+0000] {logging_mixin.py:137} INFO - [2024-11-23T02:58:42.441+0000] {dag.py:2690} INFO - Sync 1 DAGs
[2024-11-23T02:58:42.486+0000] {logging_mixin.py:137} INFO - [2024-11-23T02:58:42.486+0000] {dag.py:3441} INFO - Setting next_dagrun for example_task_group_decorator to 2024-11-22T02:58:42.485856+00:00, run_after=2024-11-23T02:58:42.485856+00:00
[2024-11-23T02:58:42.525+0000] {processor.py:175} INFO - Processing /home/airflow/.local/lib/python3.7/site-packages/airflow/example_dags/example_task_group_decorator.py took 0.249 seconds
[2024-11-23T02:59:12.788+0000] {processor.py:153} INFO - Started process (PID=163) to work on /home/airflow/.local/lib/python3.7/site-packages/airflow/example_dags/example_task_group_decorator.py
[2024-11-23T02:59:12.790+0000] {processor.py:743} INFO - Processing file /home/airflow/.local/lib/python3.7/site-packages/airflow/example_dags/example_task_group_decorator.py for tasks to queue
[2024-11-23T02:59:12.793+0000] {logging_mixin.py:137} INFO - [2024-11-23T02:59:12.793+0000] {dagbag.py:538} INFO - Filling up the DagBag from /home/airflow/.local/lib/python3.7/site-packages/airflow/example_dags/example_task_group_decorator.py
[2024-11-23T02:59:12.817+0000] {processor.py:753} INFO - DAG(s) dict_keys(['example_task_group_decorator']) retrieved from /home/airflow/.local/lib/python3.7/site-packages/airflow/example_dags/example_task_group_decorator.py
[2024-11-23T02:59:12.839+0000] {logging_mixin.py:137} INFO - [2024-11-23T02:59:12.839+0000] {dag.py:2690} INFO - Sync 1 DAGs
[2024-11-23T02:59:12.861+0000] {logging_mixin.py:137} INFO - [2024-11-23T02:59:12.861+0000] {dag.py:3441} INFO - Setting next_dagrun for example_task_group_decorator to 2024-11-22T02:59:12.861121+00:00, run_after=2024-11-23T02:59:12.861121+00:00
[2024-11-23T02:59:12.876+0000] {processor.py:175} INFO - Processing /home/airflow/.local/lib/python3.7/site-packages/airflow/example_dags/example_task_group_decorator.py took 0.090 seconds
[2024-11-23T02:59:43.198+0000] {processor.py:153} INFO - Started process (PID=253) to work on /home/airflow/.local/lib/python3.7/site-packages/airflow/example_dags/example_task_group_decorator.py
[2024-11-23T02:59:43.201+0000] {processor.py:743} INFO - Processing file /home/airflow/.local/lib/python3.7/site-packages/airflow/example_dags/example_task_group_decorator.py for tasks to queue
[2024-11-23T02:59:43.202+0000] {logging_mixin.py:137} INFO - [2024-11-23T02:59:43.202+0000] {dagbag.py:538} INFO - Filling up the DagBag from /home/airflow/.local/lib/python3.7/site-packages/airflow/example_dags/example_task_group_decorator.py
[2024-11-23T02:59:43.225+0000] {processor.py:753} INFO - DAG(s) dict_keys(['example_task_group_decorator']) retrieved from /home/airflow/.local/lib/python3.7/site-packages/airflow/example_dags/example_task_group_decorator.py
[2024-11-23T02:59:43.254+0000] {logging_mixin.py:137} INFO - [2024-11-23T02:59:43.253+0000] {dag.py:2690} INFO - Sync 1 DAGs
[2024-11-23T02:59:43.275+0000] {logging_mixin.py:137} INFO - [2024-11-23T02:59:43.274+0000] {dag.py:3441} INFO - Setting next_dagrun for example_task_group_decorator to 2024-11-22T02:59:43.274752+00:00, run_after=2024-11-23T02:59:43.274752+00:00
[2024-11-23T02:59:43.294+0000] {processor.py:175} INFO - Processing /home/airflow/.local/lib/python3.7/site-packages/airflow/example_dags/example_task_group_decorator.py took 0.100 seconds
[2024-11-23T03:00:13.568+0000] {processor.py:153} INFO - Started process (PID=327) to work on /home/airflow/.local/lib/python3.7/site-packages/airflow/example_dags/example_task_group_decorator.py
[2024-11-23T03:00:13.568+0000] {processor.py:743} INFO - Processing file /home/airflow/.local/lib/python3.7/site-packages/airflow/example_dags/example_task_group_decorator.py for tasks to queue
[2024-11-23T03:00:13.569+0000] {logging_mixin.py:137} INFO - [2024-11-23T03:00:13.569+0000] {dagbag.py:538} INFO - Filling up the DagBag from /home/airflow/.local/lib/python3.7/site-packages/airflow/example_dags/example_task_group_decorator.py
[2024-11-23T03:00:13.594+0000] {processor.py:753} INFO - DAG(s) dict_keys(['example_task_group_decorator']) retrieved from /home/airflow/.local/lib/python3.7/site-packages/airflow/example_dags/example_task_group_decorator.py
[2024-11-23T03:00:13.617+0000] {logging_mixin.py:137} INFO - [2024-11-23T03:00:13.617+0000] {dag.py:2690} INFO - Sync 1 DAGs
[2024-11-23T03:00:13.637+0000] {logging_mixin.py:137} INFO - [2024-11-23T03:00:13.637+0000] {dag.py:3441} INFO - Setting next_dagrun for example_task_group_decorator to 2024-11-22T03:00:13.637163+00:00, run_after=2024-11-23T03:00:13.637163+00:00
[2024-11-23T03:00:13.657+0000] {processor.py:175} INFO - Processing /home/airflow/.local/lib/python3.7/site-packages/airflow/example_dags/example_task_group_decorator.py took 0.092 seconds
[2024-11-23T03:00:44.465+0000] {processor.py:153} INFO - Started process (PID=417) to work on /home/airflow/.local/lib/python3.7/site-packages/airflow/example_dags/example_task_group_decorator.py
[2024-11-23T03:00:44.466+0000] {processor.py:743} INFO - Processing file /home/airflow/.local/lib/python3.7/site-packages/airflow/example_dags/example_task_group_decorator.py for tasks to queue
[2024-11-23T03:00:44.467+0000] {logging_mixin.py:137} INFO - [2024-11-23T03:00:44.467+0000] {dagbag.py:538} INFO - Filling up the DagBag from /home/airflow/.local/lib/python3.7/site-packages/airflow/example_dags/example_task_group_decorator.py
[2024-11-23T03:00:44.487+0000] {processor.py:753} INFO - DAG(s) dict_keys(['example_task_group_decorator']) retrieved from /home/airflow/.local/lib/python3.7/site-packages/airflow/example_dags/example_task_group_decorator.py
[2024-11-23T03:00:44.514+0000] {logging_mixin.py:137} INFO - [2024-11-23T03:00:44.514+0000] {dag.py:2690} INFO - Sync 1 DAGs
[2024-11-23T03:00:44.532+0000] {logging_mixin.py:137} INFO - [2024-11-23T03:00:44.532+0000] {dag.py:3441} INFO - Setting next_dagrun for example_task_group_decorator to 2024-11-22T03:00:44.532372+00:00, run_after=2024-11-23T03:00:44.532372+00:00
[2024-11-23T03:00:44.544+0000] {processor.py:175} INFO - Processing /home/airflow/.local/lib/python3.7/site-packages/airflow/example_dags/example_task_group_decorator.py took 0.081 seconds
[2024-11-23T03:01:14.780+0000] {processor.py:153} INFO - Started process (PID=491) to work on /home/airflow/.local/lib/python3.7/site-packages/airflow/example_dags/example_task_group_decorator.py
[2024-11-23T03:01:14.783+0000] {processor.py:743} INFO - Processing file /home/airflow/.local/lib/python3.7/site-packages/airflow/example_dags/example_task_group_decorator.py for tasks to queue
[2024-11-23T03:01:14.786+0000] {logging_mixin.py:137} INFO - [2024-11-23T03:01:14.786+0000] {dagbag.py:538} INFO - Filling up the DagBag from /home/airflow/.local/lib/python3.7/site-packages/airflow/example_dags/example_task_group_decorator.py
[2024-11-23T03:01:14.808+0000] {processor.py:753} INFO - DAG(s) dict_keys(['example_task_group_decorator']) retrieved from /home/airflow/.local/lib/python3.7/site-packages/airflow/example_dags/example_task_group_decorator.py
[2024-11-23T03:01:14.834+0000] {logging_mixin.py:137} INFO - [2024-11-23T03:01:14.834+0000] {dag.py:2690} INFO - Sync 1 DAGs
[2024-11-23T03:01:14.855+0000] {logging_mixin.py:137} INFO - [2024-11-23T03:01:14.855+0000] {dag.py:3441} INFO - Setting next_dagrun for example_task_group_decorator to 2024-11-22T03:01:14.854956+00:00, run_after=2024-11-23T03:01:14.854956+00:00
[2024-11-23T03:01:14.879+0000] {processor.py:175} INFO - Processing /home/airflow/.local/lib/python3.7/site-packages/airflow/example_dags/example_task_group_decorator.py took 0.102 seconds
[2024-11-23T03:01:44.937+0000] {processor.py:153} INFO - Started process (PID=581) to work on /home/airflow/.local/lib/python3.7/site-packages/airflow/example_dags/example_task_group_decorator.py
[2024-11-23T03:01:44.940+0000] {processor.py:743} INFO - Processing file /home/airflow/.local/lib/python3.7/site-packages/airflow/example_dags/example_task_group_decorator.py for tasks to queue
[2024-11-23T03:01:44.942+0000] {logging_mixin.py:137} INFO - [2024-11-23T03:01:44.941+0000] {dagbag.py:538} INFO - Filling up the DagBag from /home/airflow/.local/lib/python3.7/site-packages/airflow/example_dags/example_task_group_decorator.py
[2024-11-23T03:01:44.963+0000] {processor.py:753} INFO - DAG(s) dict_keys(['example_task_group_decorator']) retrieved from /home/airflow/.local/lib/python3.7/site-packages/airflow/example_dags/example_task_group_decorator.py
[2024-11-23T03:01:44.987+0000] {logging_mixin.py:137} INFO - [2024-11-23T03:01:44.987+0000] {dag.py:2690} INFO - Sync 1 DAGs
[2024-11-23T03:01:45.003+0000] {logging_mixin.py:137} INFO - [2024-11-23T03:01:45.003+0000] {dag.py:3441} INFO - Setting next_dagrun for example_task_group_decorator to 2024-11-22T03:01:45.003441+00:00, run_after=2024-11-23T03:01:45.003441+00:00
[2024-11-23T03:01:45.017+0000] {processor.py:175} INFO - Processing /home/airflow/.local/lib/python3.7/site-packages/airflow/example_dags/example_task_group_decorator.py took 0.082 seconds
[2024-11-23T03:02:15.327+0000] {processor.py:153} INFO - Started process (PID=661) to work on /home/airflow/.local/lib/python3.7/site-packages/airflow/example_dags/example_task_group_decorator.py
[2024-11-23T03:02:15.331+0000] {processor.py:743} INFO - Processing file /home/airflow/.local/lib/python3.7/site-packages/airflow/example_dags/example_task_group_decorator.py for tasks to queue
[2024-11-23T03:02:15.332+0000] {logging_mixin.py:137} INFO - [2024-11-23T03:02:15.332+0000] {dagbag.py:538} INFO - Filling up the DagBag from /home/airflow/.local/lib/python3.7/site-packages/airflow/example_dags/example_task_group_decorator.py
[2024-11-23T03:02:15.354+0000] {processor.py:753} INFO - DAG(s) dict_keys(['example_task_group_decorator']) retrieved from /home/airflow/.local/lib/python3.7/site-packages/airflow/example_dags/example_task_group_decorator.py
[2024-11-23T03:02:15.377+0000] {logging_mixin.py:137} INFO - [2024-11-23T03:02:15.377+0000] {dag.py:2690} INFO - Sync 1 DAGs
[2024-11-23T03:02:15.400+0000] {logging_mixin.py:137} INFO - [2024-11-23T03:02:15.400+0000] {dag.py:3441} INFO - Setting next_dagrun for example_task_group_decorator to 2024-11-22T03:02:15.400176+00:00, run_after=2024-11-23T03:02:15.400176+00:00
[2024-11-23T03:02:15.419+0000] {processor.py:175} INFO - Processing /home/airflow/.local/lib/python3.7/site-packages/airflow/example_dags/example_task_group_decorator.py took 0.094 seconds
[2024-11-23T03:03:08.872+0000] {processor.py:153} INFO - Started process (PID=89) to work on /home/airflow/.local/lib/python3.7/site-packages/airflow/example_dags/example_task_group_decorator.py
[2024-11-23T03:03:08.874+0000] {processor.py:743} INFO - Processing file /home/airflow/.local/lib/python3.7/site-packages/airflow/example_dags/example_task_group_decorator.py for tasks to queue
[2024-11-23T03:03:08.878+0000] {logging_mixin.py:137} INFO - [2024-11-23T03:03:08.877+0000] {dagbag.py:538} INFO - Filling up the DagBag from /home/airflow/.local/lib/python3.7/site-packages/airflow/example_dags/example_task_group_decorator.py
[2024-11-23T03:03:08.931+0000] {processor.py:753} INFO - DAG(s) dict_keys(['example_task_group_decorator']) retrieved from /home/airflow/.local/lib/python3.7/site-packages/airflow/example_dags/example_task_group_decorator.py
[2024-11-23T03:03:08.980+0000] {logging_mixin.py:137} INFO - [2024-11-23T03:03:08.979+0000] {dag.py:2690} INFO - Sync 1 DAGs
[2024-11-23T03:03:09.039+0000] {logging_mixin.py:137} INFO - [2024-11-23T03:03:09.039+0000] {dag.py:3441} INFO - Setting next_dagrun for example_task_group_decorator to 2024-11-22T03:03:09.039161+00:00, run_after=2024-11-23T03:03:09.039161+00:00
[2024-11-23T03:03:09.099+0000] {processor.py:175} INFO - Processing /home/airflow/.local/lib/python3.7/site-packages/airflow/example_dags/example_task_group_decorator.py took 0.232 seconds
[2024-11-23T03:03:39.996+0000] {processor.py:153} INFO - Started process (PID=163) to work on /home/airflow/.local/lib/python3.7/site-packages/airflow/example_dags/example_task_group_decorator.py
[2024-11-23T03:03:39.998+0000] {processor.py:743} INFO - Processing file /home/airflow/.local/lib/python3.7/site-packages/airflow/example_dags/example_task_group_decorator.py for tasks to queue
[2024-11-23T03:03:39.999+0000] {logging_mixin.py:137} INFO - [2024-11-23T03:03:39.999+0000] {dagbag.py:538} INFO - Filling up the DagBag from /home/airflow/.local/lib/python3.7/site-packages/airflow/example_dags/example_task_group_decorator.py
[2024-11-23T03:03:40.026+0000] {processor.py:753} INFO - DAG(s) dict_keys(['example_task_group_decorator']) retrieved from /home/airflow/.local/lib/python3.7/site-packages/airflow/example_dags/example_task_group_decorator.py
[2024-11-23T03:03:40.047+0000] {logging_mixin.py:137} INFO - [2024-11-23T03:03:40.047+0000] {dag.py:2690} INFO - Sync 1 DAGs
[2024-11-23T03:03:40.066+0000] {logging_mixin.py:137} INFO - [2024-11-23T03:03:40.066+0000] {dag.py:3441} INFO - Setting next_dagrun for example_task_group_decorator to 2024-11-22T03:03:40.065931+00:00, run_after=2024-11-23T03:03:40.065931+00:00
[2024-11-23T03:03:40.084+0000] {processor.py:175} INFO - Processing /home/airflow/.local/lib/python3.7/site-packages/airflow/example_dags/example_task_group_decorator.py took 0.092 seconds
[2024-11-23T03:06:17.807+0000] {processor.py:153} INFO - Started process (PID=89) to work on /home/airflow/.local/lib/python3.7/site-packages/airflow/example_dags/example_task_group_decorator.py
[2024-11-23T03:06:17.808+0000] {processor.py:743} INFO - Processing file /home/airflow/.local/lib/python3.7/site-packages/airflow/example_dags/example_task_group_decorator.py for tasks to queue
[2024-11-23T03:06:17.809+0000] {logging_mixin.py:137} INFO - [2024-11-23T03:06:17.809+0000] {dagbag.py:538} INFO - Filling up the DagBag from /home/airflow/.local/lib/python3.7/site-packages/airflow/example_dags/example_task_group_decorator.py
[2024-11-23T03:06:17.863+0000] {processor.py:753} INFO - DAG(s) dict_keys(['example_task_group_decorator']) retrieved from /home/airflow/.local/lib/python3.7/site-packages/airflow/example_dags/example_task_group_decorator.py
[2024-11-23T03:06:17.880+0000] {logging_mixin.py:137} INFO - [2024-11-23T03:06:17.880+0000] {dag.py:2690} INFO - Sync 1 DAGs
[2024-11-23T03:06:17.909+0000] {logging_mixin.py:137} INFO - [2024-11-23T03:06:17.909+0000] {dag.py:3441} INFO - Setting next_dagrun for example_task_group_decorator to 2024-11-22T03:06:17.908830+00:00, run_after=2024-11-23T03:06:17.908830+00:00
[2024-11-23T03:06:17.942+0000] {processor.py:175} INFO - Processing /home/airflow/.local/lib/python3.7/site-packages/airflow/example_dags/example_task_group_decorator.py took 0.146 seconds
[2024-11-23T03:06:48.510+0000] {processor.py:153} INFO - Started process (PID=163) to work on /home/airflow/.local/lib/python3.7/site-packages/airflow/example_dags/example_task_group_decorator.py
[2024-11-23T03:06:48.517+0000] {processor.py:743} INFO - Processing file /home/airflow/.local/lib/python3.7/site-packages/airflow/example_dags/example_task_group_decorator.py for tasks to queue
[2024-11-23T03:06:48.522+0000] {logging_mixin.py:137} INFO - [2024-11-23T03:06:48.521+0000] {dagbag.py:538} INFO - Filling up the DagBag from /home/airflow/.local/lib/python3.7/site-packages/airflow/example_dags/example_task_group_decorator.py
[2024-11-23T03:06:48.614+0000] {processor.py:753} INFO - DAG(s) dict_keys(['example_task_group_decorator']) retrieved from /home/airflow/.local/lib/python3.7/site-packages/airflow/example_dags/example_task_group_decorator.py
[2024-11-23T03:06:48.786+0000] {logging_mixin.py:137} INFO - [2024-11-23T03:06:48.785+0000] {dag.py:2690} INFO - Sync 1 DAGs
[2024-11-23T03:06:48.828+0000] {logging_mixin.py:137} INFO - [2024-11-23T03:06:48.828+0000] {dag.py:3441} INFO - Setting next_dagrun for example_task_group_decorator to 2024-11-22T03:06:48.827563+00:00, run_after=2024-11-23T03:06:48.827563+00:00
[2024-11-23T03:06:48.855+0000] {processor.py:175} INFO - Processing /home/airflow/.local/lib/python3.7/site-packages/airflow/example_dags/example_task_group_decorator.py took 0.351 seconds
[2024-11-23T03:07:19.655+0000] {processor.py:153} INFO - Started process (PID=253) to work on /home/airflow/.local/lib/python3.7/site-packages/airflow/example_dags/example_task_group_decorator.py
[2024-11-23T03:07:19.659+0000] {processor.py:743} INFO - Processing file /home/airflow/.local/lib/python3.7/site-packages/airflow/example_dags/example_task_group_decorator.py for tasks to queue
[2024-11-23T03:07:19.660+0000] {logging_mixin.py:137} INFO - [2024-11-23T03:07:19.660+0000] {dagbag.py:538} INFO - Filling up the DagBag from /home/airflow/.local/lib/python3.7/site-packages/airflow/example_dags/example_task_group_decorator.py
[2024-11-23T03:07:19.681+0000] {processor.py:753} INFO - DAG(s) dict_keys(['example_task_group_decorator']) retrieved from /home/airflow/.local/lib/python3.7/site-packages/airflow/example_dags/example_task_group_decorator.py
[2024-11-23T03:07:19.707+0000] {logging_mixin.py:137} INFO - [2024-11-23T03:07:19.707+0000] {dag.py:2690} INFO - Sync 1 DAGs
[2024-11-23T03:07:19.723+0000] {logging_mixin.py:137} INFO - [2024-11-23T03:07:19.723+0000] {dag.py:3441} INFO - Setting next_dagrun for example_task_group_decorator to 2024-11-22T03:07:19.723527+00:00, run_after=2024-11-23T03:07:19.723527+00:00
[2024-11-23T03:07:19.739+0000] {processor.py:175} INFO - Processing /home/airflow/.local/lib/python3.7/site-packages/airflow/example_dags/example_task_group_decorator.py took 0.087 seconds
[2024-11-23T03:07:49.933+0000] {processor.py:153} INFO - Started process (PID=327) to work on /home/airflow/.local/lib/python3.7/site-packages/airflow/example_dags/example_task_group_decorator.py
[2024-11-23T03:07:49.934+0000] {processor.py:743} INFO - Processing file /home/airflow/.local/lib/python3.7/site-packages/airflow/example_dags/example_task_group_decorator.py for tasks to queue
[2024-11-23T03:07:49.934+0000] {logging_mixin.py:137} INFO - [2024-11-23T03:07:49.934+0000] {dagbag.py:538} INFO - Filling up the DagBag from /home/airflow/.local/lib/python3.7/site-packages/airflow/example_dags/example_task_group_decorator.py
[2024-11-23T03:07:49.952+0000] {processor.py:753} INFO - DAG(s) dict_keys(['example_task_group_decorator']) retrieved from /home/airflow/.local/lib/python3.7/site-packages/airflow/example_dags/example_task_group_decorator.py
[2024-11-23T03:07:49.970+0000] {logging_mixin.py:137} INFO - [2024-11-23T03:07:49.970+0000] {dag.py:2690} INFO - Sync 1 DAGs
[2024-11-23T03:07:49.991+0000] {logging_mixin.py:137} INFO - [2024-11-23T03:07:49.991+0000] {dag.py:3441} INFO - Setting next_dagrun for example_task_group_decorator to 2024-11-22T03:07:49.991074+00:00, run_after=2024-11-23T03:07:49.991074+00:00
[2024-11-23T03:07:50.008+0000] {processor.py:175} INFO - Processing /home/airflow/.local/lib/python3.7/site-packages/airflow/example_dags/example_task_group_decorator.py took 0.078 seconds
[2024-11-23T03:08:20.276+0000] {processor.py:153} INFO - Started process (PID=417) to work on /home/airflow/.local/lib/python3.7/site-packages/airflow/example_dags/example_task_group_decorator.py
[2024-11-23T03:08:20.281+0000] {processor.py:743} INFO - Processing file /home/airflow/.local/lib/python3.7/site-packages/airflow/example_dags/example_task_group_decorator.py for tasks to queue
[2024-11-23T03:08:20.282+0000] {logging_mixin.py:137} INFO - [2024-11-23T03:08:20.282+0000] {dagbag.py:538} INFO - Filling up the DagBag from /home/airflow/.local/lib/python3.7/site-packages/airflow/example_dags/example_task_group_decorator.py
[2024-11-23T03:08:20.300+0000] {processor.py:753} INFO - DAG(s) dict_keys(['example_task_group_decorator']) retrieved from /home/airflow/.local/lib/python3.7/site-packages/airflow/example_dags/example_task_group_decorator.py
[2024-11-23T03:08:20.318+0000] {logging_mixin.py:137} INFO - [2024-11-23T03:08:20.318+0000] {dag.py:2690} INFO - Sync 1 DAGs
[2024-11-23T03:08:20.335+0000] {logging_mixin.py:137} INFO - [2024-11-23T03:08:20.335+0000] {dag.py:3441} INFO - Setting next_dagrun for example_task_group_decorator to 2024-11-22T03:08:20.335343+00:00, run_after=2024-11-23T03:08:20.335343+00:00
[2024-11-23T03:08:20.350+0000] {processor.py:175} INFO - Processing /home/airflow/.local/lib/python3.7/site-packages/airflow/example_dags/example_task_group_decorator.py took 0.077 seconds
[2024-11-23T03:08:50.458+0000] {processor.py:153} INFO - Started process (PID=499) to work on /home/airflow/.local/lib/python3.7/site-packages/airflow/example_dags/example_task_group_decorator.py
[2024-11-23T03:08:50.459+0000] {processor.py:743} INFO - Processing file /home/airflow/.local/lib/python3.7/site-packages/airflow/example_dags/example_task_group_decorator.py for tasks to queue
[2024-11-23T03:08:50.461+0000] {logging_mixin.py:137} INFO - [2024-11-23T03:08:50.461+0000] {dagbag.py:538} INFO - Filling up the DagBag from /home/airflow/.local/lib/python3.7/site-packages/airflow/example_dags/example_task_group_decorator.py
[2024-11-23T03:08:50.482+0000] {processor.py:753} INFO - DAG(s) dict_keys(['example_task_group_decorator']) retrieved from /home/airflow/.local/lib/python3.7/site-packages/airflow/example_dags/example_task_group_decorator.py
[2024-11-23T03:08:50.503+0000] {logging_mixin.py:137} INFO - [2024-11-23T03:08:50.503+0000] {dag.py:2690} INFO - Sync 1 DAGs
[2024-11-23T03:08:50.522+0000] {logging_mixin.py:137} INFO - [2024-11-23T03:08:50.522+0000] {dag.py:3441} INFO - Setting next_dagrun for example_task_group_decorator to 2024-11-22T03:08:50.521920+00:00, run_after=2024-11-23T03:08:50.521920+00:00
[2024-11-23T03:08:50.540+0000] {processor.py:175} INFO - Processing /home/airflow/.local/lib/python3.7/site-packages/airflow/example_dags/example_task_group_decorator.py took 0.083 seconds
[2024-11-23T03:09:20.693+0000] {processor.py:153} INFO - Started process (PID=580) to work on /home/airflow/.local/lib/python3.7/site-packages/airflow/example_dags/example_task_group_decorator.py
[2024-11-23T03:09:20.694+0000] {processor.py:743} INFO - Processing file /home/airflow/.local/lib/python3.7/site-packages/airflow/example_dags/example_task_group_decorator.py for tasks to queue
[2024-11-23T03:09:20.695+0000] {logging_mixin.py:137} INFO - [2024-11-23T03:09:20.695+0000] {dagbag.py:538} INFO - Filling up the DagBag from /home/airflow/.local/lib/python3.7/site-packages/airflow/example_dags/example_task_group_decorator.py
[2024-11-23T03:09:20.714+0000] {processor.py:753} INFO - DAG(s) dict_keys(['example_task_group_decorator']) retrieved from /home/airflow/.local/lib/python3.7/site-packages/airflow/example_dags/example_task_group_decorator.py
[2024-11-23T03:09:20.734+0000] {logging_mixin.py:137} INFO - [2024-11-23T03:09:20.734+0000] {dag.py:2690} INFO - Sync 1 DAGs
[2024-11-23T03:09:20.753+0000] {logging_mixin.py:137} INFO - [2024-11-23T03:09:20.753+0000] {dag.py:3441} INFO - Setting next_dagrun for example_task_group_decorator to 2024-11-22T03:09:20.753639+00:00, run_after=2024-11-23T03:09:20.753639+00:00
[2024-11-23T03:09:20.771+0000] {processor.py:175} INFO - Processing /home/airflow/.local/lib/python3.7/site-packages/airflow/example_dags/example_task_group_decorator.py took 0.080 seconds
[2024-11-23T03:09:50.950+0000] {processor.py:153} INFO - Started process (PID=669) to work on /home/airflow/.local/lib/python3.7/site-packages/airflow/example_dags/example_task_group_decorator.py
[2024-11-23T03:09:50.955+0000] {processor.py:743} INFO - Processing file /home/airflow/.local/lib/python3.7/site-packages/airflow/example_dags/example_task_group_decorator.py for tasks to queue
[2024-11-23T03:09:50.956+0000] {logging_mixin.py:137} INFO - [2024-11-23T03:09:50.956+0000] {dagbag.py:538} INFO - Filling up the DagBag from /home/airflow/.local/lib/python3.7/site-packages/airflow/example_dags/example_task_group_decorator.py
[2024-11-23T03:09:50.985+0000] {processor.py:753} INFO - DAG(s) dict_keys(['example_task_group_decorator']) retrieved from /home/airflow/.local/lib/python3.7/site-packages/airflow/example_dags/example_task_group_decorator.py
[2024-11-23T03:09:51.009+0000] {logging_mixin.py:137} INFO - [2024-11-23T03:09:51.008+0000] {dag.py:2690} INFO - Sync 1 DAGs
[2024-11-23T03:09:51.027+0000] {logging_mixin.py:137} INFO - [2024-11-23T03:09:51.027+0000] {dag.py:3441} INFO - Setting next_dagrun for example_task_group_decorator to 2024-11-22T03:09:51.027452+00:00, run_after=2024-11-23T03:09:51.027452+00:00
[2024-11-23T03:09:51.047+0000] {processor.py:175} INFO - Processing /home/airflow/.local/lib/python3.7/site-packages/airflow/example_dags/example_task_group_decorator.py took 0.100 seconds
[2024-11-23T03:10:21.076+0000] {processor.py:153} INFO - Started process (PID=743) to work on /home/airflow/.local/lib/python3.7/site-packages/airflow/example_dags/example_task_group_decorator.py
[2024-11-23T03:10:21.082+0000] {processor.py:743} INFO - Processing file /home/airflow/.local/lib/python3.7/site-packages/airflow/example_dags/example_task_group_decorator.py for tasks to queue
[2024-11-23T03:10:21.084+0000] {logging_mixin.py:137} INFO - [2024-11-23T03:10:21.084+0000] {dagbag.py:538} INFO - Filling up the DagBag from /home/airflow/.local/lib/python3.7/site-packages/airflow/example_dags/example_task_group_decorator.py
[2024-11-23T03:10:21.105+0000] {processor.py:753} INFO - DAG(s) dict_keys(['example_task_group_decorator']) retrieved from /home/airflow/.local/lib/python3.7/site-packages/airflow/example_dags/example_task_group_decorator.py
[2024-11-23T03:10:21.129+0000] {logging_mixin.py:137} INFO - [2024-11-23T03:10:21.129+0000] {dag.py:2690} INFO - Sync 1 DAGs
[2024-11-23T03:10:21.149+0000] {logging_mixin.py:137} INFO - [2024-11-23T03:10:21.149+0000] {dag.py:3441} INFO - Setting next_dagrun for example_task_group_decorator to 2024-11-22T03:10:21.149469+00:00, run_after=2024-11-23T03:10:21.149469+00:00
[2024-11-23T03:10:21.168+0000] {processor.py:175} INFO - Processing /home/airflow/.local/lib/python3.7/site-packages/airflow/example_dags/example_task_group_decorator.py took 0.094 seconds
[2024-11-23T03:10:51.613+0000] {processor.py:153} INFO - Started process (PID=833) to work on /home/airflow/.local/lib/python3.7/site-packages/airflow/example_dags/example_task_group_decorator.py
[2024-11-23T03:10:51.618+0000] {processor.py:743} INFO - Processing file /home/airflow/.local/lib/python3.7/site-packages/airflow/example_dags/example_task_group_decorator.py for tasks to queue
[2024-11-23T03:10:51.621+0000] {logging_mixin.py:137} INFO - [2024-11-23T03:10:51.621+0000] {dagbag.py:538} INFO - Filling up the DagBag from /home/airflow/.local/lib/python3.7/site-packages/airflow/example_dags/example_task_group_decorator.py
[2024-11-23T03:10:51.642+0000] {processor.py:753} INFO - DAG(s) dict_keys(['example_task_group_decorator']) retrieved from /home/airflow/.local/lib/python3.7/site-packages/airflow/example_dags/example_task_group_decorator.py
[2024-11-23T03:10:51.666+0000] {logging_mixin.py:137} INFO - [2024-11-23T03:10:51.666+0000] {dag.py:2690} INFO - Sync 1 DAGs
[2024-11-23T03:10:51.684+0000] {logging_mixin.py:137} INFO - [2024-11-23T03:10:51.683+0000] {dag.py:3441} INFO - Setting next_dagrun for example_task_group_decorator to 2024-11-22T03:10:51.683739+00:00, run_after=2024-11-23T03:10:51.683739+00:00
[2024-11-23T03:10:51.695+0000] {processor.py:175} INFO - Processing /home/airflow/.local/lib/python3.7/site-packages/airflow/example_dags/example_task_group_decorator.py took 0.085 seconds
[2024-11-23T03:11:21.961+0000] {processor.py:153} INFO - Started process (PID=907) to work on /home/airflow/.local/lib/python3.7/site-packages/airflow/example_dags/example_task_group_decorator.py
[2024-11-23T03:11:21.968+0000] {processor.py:743} INFO - Processing file /home/airflow/.local/lib/python3.7/site-packages/airflow/example_dags/example_task_group_decorator.py for tasks to queue
[2024-11-23T03:11:21.969+0000] {logging_mixin.py:137} INFO - [2024-11-23T03:11:21.969+0000] {dagbag.py:538} INFO - Filling up the DagBag from /home/airflow/.local/lib/python3.7/site-packages/airflow/example_dags/example_task_group_decorator.py
[2024-11-23T03:11:21.990+0000] {processor.py:753} INFO - DAG(s) dict_keys(['example_task_group_decorator']) retrieved from /home/airflow/.local/lib/python3.7/site-packages/airflow/example_dags/example_task_group_decorator.py
[2024-11-23T03:11:22.015+0000] {logging_mixin.py:137} INFO - [2024-11-23T03:11:22.015+0000] {dag.py:2690} INFO - Sync 1 DAGs
[2024-11-23T03:11:22.033+0000] {logging_mixin.py:137} INFO - [2024-11-23T03:11:22.033+0000] {dag.py:3441} INFO - Setting next_dagrun for example_task_group_decorator to 2024-11-22T03:11:22.033043+00:00, run_after=2024-11-23T03:11:22.033043+00:00
[2024-11-23T03:11:22.045+0000] {processor.py:175} INFO - Processing /home/airflow/.local/lib/python3.7/site-packages/airflow/example_dags/example_task_group_decorator.py took 0.086 seconds
[2024-11-23T03:11:52.156+0000] {processor.py:153} INFO - Started process (PID=997) to work on /home/airflow/.local/lib/python3.7/site-packages/airflow/example_dags/example_task_group_decorator.py
[2024-11-23T03:11:52.158+0000] {processor.py:743} INFO - Processing file /home/airflow/.local/lib/python3.7/site-packages/airflow/example_dags/example_task_group_decorator.py for tasks to queue
[2024-11-23T03:11:52.158+0000] {logging_mixin.py:137} INFO - [2024-11-23T03:11:52.158+0000] {dagbag.py:538} INFO - Filling up the DagBag from /home/airflow/.local/lib/python3.7/site-packages/airflow/example_dags/example_task_group_decorator.py
[2024-11-23T03:11:52.183+0000] {processor.py:753} INFO - DAG(s) dict_keys(['example_task_group_decorator']) retrieved from /home/airflow/.local/lib/python3.7/site-packages/airflow/example_dags/example_task_group_decorator.py
[2024-11-23T03:11:52.207+0000] {logging_mixin.py:137} INFO - [2024-11-23T03:11:52.206+0000] {dag.py:2690} INFO - Sync 1 DAGs
[2024-11-23T03:11:52.232+0000] {logging_mixin.py:137} INFO - [2024-11-23T03:11:52.231+0000] {dag.py:3441} INFO - Setting next_dagrun for example_task_group_decorator to 2024-11-22T03:11:52.231827+00:00, run_after=2024-11-23T03:11:52.231827+00:00
[2024-11-23T03:11:52.254+0000] {processor.py:175} INFO - Processing /home/airflow/.local/lib/python3.7/site-packages/airflow/example_dags/example_task_group_decorator.py took 0.102 seconds
[2024-11-23T03:12:22.426+0000] {processor.py:153} INFO - Started process (PID=1071) to work on /home/airflow/.local/lib/python3.7/site-packages/airflow/example_dags/example_task_group_decorator.py
[2024-11-23T03:12:22.426+0000] {processor.py:743} INFO - Processing file /home/airflow/.local/lib/python3.7/site-packages/airflow/example_dags/example_task_group_decorator.py for tasks to queue
[2024-11-23T03:12:22.427+0000] {logging_mixin.py:137} INFO - [2024-11-23T03:12:22.427+0000] {dagbag.py:538} INFO - Filling up the DagBag from /home/airflow/.local/lib/python3.7/site-packages/airflow/example_dags/example_task_group_decorator.py
[2024-11-23T03:12:22.449+0000] {processor.py:753} INFO - DAG(s) dict_keys(['example_task_group_decorator']) retrieved from /home/airflow/.local/lib/python3.7/site-packages/airflow/example_dags/example_task_group_decorator.py
[2024-11-23T03:12:22.467+0000] {logging_mixin.py:137} INFO - [2024-11-23T03:12:22.467+0000] {dag.py:2690} INFO - Sync 1 DAGs
[2024-11-23T03:12:22.483+0000] {logging_mixin.py:137} INFO - [2024-11-23T03:12:22.483+0000] {dag.py:3441} INFO - Setting next_dagrun for example_task_group_decorator to 2024-11-22T03:12:22.483582+00:00, run_after=2024-11-23T03:12:22.483582+00:00
[2024-11-23T03:12:22.495+0000] {processor.py:175} INFO - Processing /home/airflow/.local/lib/python3.7/site-packages/airflow/example_dags/example_task_group_decorator.py took 0.072 seconds
[2024-11-23T03:12:52.917+0000] {processor.py:153} INFO - Started process (PID=1161) to work on /home/airflow/.local/lib/python3.7/site-packages/airflow/example_dags/example_task_group_decorator.py
[2024-11-23T03:12:52.922+0000] {processor.py:743} INFO - Processing file /home/airflow/.local/lib/python3.7/site-packages/airflow/example_dags/example_task_group_decorator.py for tasks to queue
[2024-11-23T03:12:52.924+0000] {logging_mixin.py:137} INFO - [2024-11-23T03:12:52.924+0000] {dagbag.py:538} INFO - Filling up the DagBag from /home/airflow/.local/lib/python3.7/site-packages/airflow/example_dags/example_task_group_decorator.py
[2024-11-23T03:12:52.951+0000] {processor.py:753} INFO - DAG(s) dict_keys(['example_task_group_decorator']) retrieved from /home/airflow/.local/lib/python3.7/site-packages/airflow/example_dags/example_task_group_decorator.py
[2024-11-23T03:12:52.972+0000] {logging_mixin.py:137} INFO - [2024-11-23T03:12:52.972+0000] {dag.py:2690} INFO - Sync 1 DAGs
[2024-11-23T03:12:52.995+0000] {logging_mixin.py:137} INFO - [2024-11-23T03:12:52.995+0000] {dag.py:3441} INFO - Setting next_dagrun for example_task_group_decorator to 2024-11-22T03:12:52.994976+00:00, run_after=2024-11-23T03:12:52.994976+00:00
[2024-11-23T03:12:53.008+0000] {processor.py:175} INFO - Processing /home/airflow/.local/lib/python3.7/site-packages/airflow/example_dags/example_task_group_decorator.py took 0.094 seconds
[2024-11-23T03:13:23.165+0000] {processor.py:153} INFO - Started process (PID=1251) to work on /home/airflow/.local/lib/python3.7/site-packages/airflow/example_dags/example_task_group_decorator.py
[2024-11-23T03:13:23.170+0000] {processor.py:743} INFO - Processing file /home/airflow/.local/lib/python3.7/site-packages/airflow/example_dags/example_task_group_decorator.py for tasks to queue
[2024-11-23T03:13:23.171+0000] {logging_mixin.py:137} INFO - [2024-11-23T03:13:23.171+0000] {dagbag.py:538} INFO - Filling up the DagBag from /home/airflow/.local/lib/python3.7/site-packages/airflow/example_dags/example_task_group_decorator.py
[2024-11-23T03:13:23.196+0000] {processor.py:753} INFO - DAG(s) dict_keys(['example_task_group_decorator']) retrieved from /home/airflow/.local/lib/python3.7/site-packages/airflow/example_dags/example_task_group_decorator.py
[2024-11-23T03:13:23.223+0000] {logging_mixin.py:137} INFO - [2024-11-23T03:13:23.223+0000] {dag.py:2690} INFO - Sync 1 DAGs
[2024-11-23T03:13:23.243+0000] {logging_mixin.py:137} INFO - [2024-11-23T03:13:23.243+0000] {dag.py:3441} INFO - Setting next_dagrun for example_task_group_decorator to 2024-11-22T03:13:23.243092+00:00, run_after=2024-11-23T03:13:23.243092+00:00
[2024-11-23T03:13:23.263+0000] {processor.py:175} INFO - Processing /home/airflow/.local/lib/python3.7/site-packages/airflow/example_dags/example_task_group_decorator.py took 0.106 seconds
[2024-11-23T03:13:53.317+0000] {processor.py:153} INFO - Started process (PID=1325) to work on /home/airflow/.local/lib/python3.7/site-packages/airflow/example_dags/example_task_group_decorator.py
[2024-11-23T03:13:53.318+0000] {processor.py:743} INFO - Processing file /home/airflow/.local/lib/python3.7/site-packages/airflow/example_dags/example_task_group_decorator.py for tasks to queue
[2024-11-23T03:13:53.320+0000] {logging_mixin.py:137} INFO - [2024-11-23T03:13:53.320+0000] {dagbag.py:538} INFO - Filling up the DagBag from /home/airflow/.local/lib/python3.7/site-packages/airflow/example_dags/example_task_group_decorator.py
[2024-11-23T03:13:53.342+0000] {processor.py:753} INFO - DAG(s) dict_keys(['example_task_group_decorator']) retrieved from /home/airflow/.local/lib/python3.7/site-packages/airflow/example_dags/example_task_group_decorator.py
[2024-11-23T03:13:53.361+0000] {logging_mixin.py:137} INFO - [2024-11-23T03:13:53.361+0000] {dag.py:2690} INFO - Sync 1 DAGs
[2024-11-23T03:13:53.382+0000] {logging_mixin.py:137} INFO - [2024-11-23T03:13:53.382+0000] {dag.py:3441} INFO - Setting next_dagrun for example_task_group_decorator to 2024-11-22T03:13:53.382352+00:00, run_after=2024-11-23T03:13:53.382352+00:00
[2024-11-23T03:13:53.397+0000] {processor.py:175} INFO - Processing /home/airflow/.local/lib/python3.7/site-packages/airflow/example_dags/example_task_group_decorator.py took 0.083 seconds
[2024-11-23T03:14:23.549+0000] {processor.py:153} INFO - Started process (PID=1415) to work on /home/airflow/.local/lib/python3.7/site-packages/airflow/example_dags/example_task_group_decorator.py
[2024-11-23T03:14:23.551+0000] {processor.py:743} INFO - Processing file /home/airflow/.local/lib/python3.7/site-packages/airflow/example_dags/example_task_group_decorator.py for tasks to queue
[2024-11-23T03:14:23.556+0000] {logging_mixin.py:137} INFO - [2024-11-23T03:14:23.555+0000] {dagbag.py:538} INFO - Filling up the DagBag from /home/airflow/.local/lib/python3.7/site-packages/airflow/example_dags/example_task_group_decorator.py
[2024-11-23T03:14:23.595+0000] {processor.py:753} INFO - DAG(s) dict_keys(['example_task_group_decorator']) retrieved from /home/airflow/.local/lib/python3.7/site-packages/airflow/example_dags/example_task_group_decorator.py
[2024-11-23T03:14:23.658+0000] {logging_mixin.py:137} INFO - [2024-11-23T03:14:23.657+0000] {dag.py:2690} INFO - Sync 1 DAGs
[2024-11-23T03:14:23.694+0000] {logging_mixin.py:137} INFO - [2024-11-23T03:14:23.694+0000] {dag.py:3441} INFO - Setting next_dagrun for example_task_group_decorator to 2024-11-22T03:14:23.694078+00:00, run_after=2024-11-23T03:14:23.694078+00:00
[2024-11-23T03:14:23.725+0000] {processor.py:175} INFO - Processing /home/airflow/.local/lib/python3.7/site-packages/airflow/example_dags/example_task_group_decorator.py took 0.180 seconds
[2024-11-23T03:14:53.964+0000] {processor.py:153} INFO - Started process (PID=1489) to work on /home/airflow/.local/lib/python3.7/site-packages/airflow/example_dags/example_task_group_decorator.py
[2024-11-23T03:14:53.967+0000] {processor.py:743} INFO - Processing file /home/airflow/.local/lib/python3.7/site-packages/airflow/example_dags/example_task_group_decorator.py for tasks to queue
[2024-11-23T03:14:53.970+0000] {logging_mixin.py:137} INFO - [2024-11-23T03:14:53.970+0000] {dagbag.py:538} INFO - Filling up the DagBag from /home/airflow/.local/lib/python3.7/site-packages/airflow/example_dags/example_task_group_decorator.py
[2024-11-23T03:14:53.994+0000] {processor.py:753} INFO - DAG(s) dict_keys(['example_task_group_decorator']) retrieved from /home/airflow/.local/lib/python3.7/site-packages/airflow/example_dags/example_task_group_decorator.py
[2024-11-23T03:14:54.017+0000] {logging_mixin.py:137} INFO - [2024-11-23T03:14:54.017+0000] {dag.py:2690} INFO - Sync 1 DAGs
[2024-11-23T03:14:54.036+0000] {logging_mixin.py:137} INFO - [2024-11-23T03:14:54.036+0000] {dag.py:3441} INFO - Setting next_dagrun for example_task_group_decorator to 2024-11-22T03:14:54.036187+00:00, run_after=2024-11-23T03:14:54.036187+00:00
[2024-11-23T03:14:54.051+0000] {processor.py:175} INFO - Processing /home/airflow/.local/lib/python3.7/site-packages/airflow/example_dags/example_task_group_decorator.py took 0.091 seconds
[2024-11-23T03:15:24.918+0000] {processor.py:153} INFO - Started process (PID=1579) to work on /home/airflow/.local/lib/python3.7/site-packages/airflow/example_dags/example_task_group_decorator.py
[2024-11-23T03:15:24.921+0000] {processor.py:743} INFO - Processing file /home/airflow/.local/lib/python3.7/site-packages/airflow/example_dags/example_task_group_decorator.py for tasks to queue
[2024-11-23T03:15:24.923+0000] {logging_mixin.py:137} INFO - [2024-11-23T03:15:24.923+0000] {dagbag.py:538} INFO - Filling up the DagBag from /home/airflow/.local/lib/python3.7/site-packages/airflow/example_dags/example_task_group_decorator.py
[2024-11-23T03:15:24.942+0000] {processor.py:753} INFO - DAG(s) dict_keys(['example_task_group_decorator']) retrieved from /home/airflow/.local/lib/python3.7/site-packages/airflow/example_dags/example_task_group_decorator.py
[2024-11-23T03:15:24.965+0000] {logging_mixin.py:137} INFO - [2024-11-23T03:15:24.965+0000] {dag.py:2690} INFO - Sync 1 DAGs
[2024-11-23T03:15:24.982+0000] {logging_mixin.py:137} INFO - [2024-11-23T03:15:24.982+0000] {dag.py:3441} INFO - Setting next_dagrun for example_task_group_decorator to 2024-11-22T03:15:24.982526+00:00, run_after=2024-11-23T03:15:24.982526+00:00
[2024-11-23T03:15:24.994+0000] {processor.py:175} INFO - Processing /home/airflow/.local/lib/python3.7/site-packages/airflow/example_dags/example_task_group_decorator.py took 0.079 seconds
[2024-11-23T03:15:55.076+0000] {processor.py:153} INFO - Started process (PID=1653) to work on /home/airflow/.local/lib/python3.7/site-packages/airflow/example_dags/example_task_group_decorator.py
[2024-11-23T03:15:55.081+0000] {processor.py:743} INFO - Processing file /home/airflow/.local/lib/python3.7/site-packages/airflow/example_dags/example_task_group_decorator.py for tasks to queue
[2024-11-23T03:15:55.082+0000] {logging_mixin.py:137} INFO - [2024-11-23T03:15:55.082+0000] {dagbag.py:538} INFO - Filling up the DagBag from /home/airflow/.local/lib/python3.7/site-packages/airflow/example_dags/example_task_group_decorator.py
[2024-11-23T03:15:55.102+0000] {processor.py:753} INFO - DAG(s) dict_keys(['example_task_group_decorator']) retrieved from /home/airflow/.local/lib/python3.7/site-packages/airflow/example_dags/example_task_group_decorator.py
[2024-11-23T03:15:55.128+0000] {logging_mixin.py:137} INFO - [2024-11-23T03:15:55.128+0000] {dag.py:2690} INFO - Sync 1 DAGs
[2024-11-23T03:15:55.147+0000] {logging_mixin.py:137} INFO - [2024-11-23T03:15:55.147+0000] {dag.py:3441} INFO - Setting next_dagrun for example_task_group_decorator to 2024-11-22T03:15:55.146960+00:00, run_after=2024-11-23T03:15:55.146960+00:00
[2024-11-23T03:15:55.158+0000] {processor.py:175} INFO - Processing /home/airflow/.local/lib/python3.7/site-packages/airflow/example_dags/example_task_group_decorator.py took 0.085 seconds
[2024-11-23T03:16:25.194+0000] {processor.py:153} INFO - Started process (PID=1743) to work on /home/airflow/.local/lib/python3.7/site-packages/airflow/example_dags/example_task_group_decorator.py
[2024-11-23T03:16:25.196+0000] {processor.py:743} INFO - Processing file /home/airflow/.local/lib/python3.7/site-packages/airflow/example_dags/example_task_group_decorator.py for tasks to queue
[2024-11-23T03:16:25.197+0000] {logging_mixin.py:137} INFO - [2024-11-23T03:16:25.197+0000] {dagbag.py:538} INFO - Filling up the DagBag from /home/airflow/.local/lib/python3.7/site-packages/airflow/example_dags/example_task_group_decorator.py
[2024-11-23T03:16:25.219+0000] {processor.py:753} INFO - DAG(s) dict_keys(['example_task_group_decorator']) retrieved from /home/airflow/.local/lib/python3.7/site-packages/airflow/example_dags/example_task_group_decorator.py
[2024-11-23T03:16:25.239+0000] {logging_mixin.py:137} INFO - [2024-11-23T03:16:25.239+0000] {dag.py:2690} INFO - Sync 1 DAGs
[2024-11-23T03:16:25.257+0000] {logging_mixin.py:137} INFO - [2024-11-23T03:16:25.257+0000] {dag.py:3441} INFO - Setting next_dagrun for example_task_group_decorator to 2024-11-22T03:16:25.257328+00:00, run_after=2024-11-23T03:16:25.257328+00:00
[2024-11-23T03:16:25.269+0000] {processor.py:175} INFO - Processing /home/airflow/.local/lib/python3.7/site-packages/airflow/example_dags/example_task_group_decorator.py took 0.078 seconds
[2024-11-23T03:16:55.466+0000] {processor.py:153} INFO - Started process (PID=1817) to work on /home/airflow/.local/lib/python3.7/site-packages/airflow/example_dags/example_task_group_decorator.py
[2024-11-23T03:16:55.467+0000] {processor.py:743} INFO - Processing file /home/airflow/.local/lib/python3.7/site-packages/airflow/example_dags/example_task_group_decorator.py for tasks to queue
[2024-11-23T03:16:55.468+0000] {logging_mixin.py:137} INFO - [2024-11-23T03:16:55.468+0000] {dagbag.py:538} INFO - Filling up the DagBag from /home/airflow/.local/lib/python3.7/site-packages/airflow/example_dags/example_task_group_decorator.py
[2024-11-23T03:16:55.486+0000] {processor.py:753} INFO - DAG(s) dict_keys(['example_task_group_decorator']) retrieved from /home/airflow/.local/lib/python3.7/site-packages/airflow/example_dags/example_task_group_decorator.py
[2024-11-23T03:16:55.502+0000] {logging_mixin.py:137} INFO - [2024-11-23T03:16:55.501+0000] {dag.py:2690} INFO - Sync 1 DAGs
[2024-11-23T03:16:55.520+0000] {logging_mixin.py:137} INFO - [2024-11-23T03:16:55.520+0000] {dag.py:3441} INFO - Setting next_dagrun for example_task_group_decorator to 2024-11-22T03:16:55.519920+00:00, run_after=2024-11-23T03:16:55.519920+00:00
[2024-11-23T03:16:55.531+0000] {processor.py:175} INFO - Processing /home/airflow/.local/lib/python3.7/site-packages/airflow/example_dags/example_task_group_decorator.py took 0.068 seconds
[2024-11-23T03:17:25.613+0000] {processor.py:153} INFO - Started process (PID=1907) to work on /home/airflow/.local/lib/python3.7/site-packages/airflow/example_dags/example_task_group_decorator.py
[2024-11-23T03:17:25.617+0000] {processor.py:743} INFO - Processing file /home/airflow/.local/lib/python3.7/site-packages/airflow/example_dags/example_task_group_decorator.py for tasks to queue
[2024-11-23T03:17:25.618+0000] {logging_mixin.py:137} INFO - [2024-11-23T03:17:25.618+0000] {dagbag.py:538} INFO - Filling up the DagBag from /home/airflow/.local/lib/python3.7/site-packages/airflow/example_dags/example_task_group_decorator.py
[2024-11-23T03:17:25.639+0000] {processor.py:753} INFO - DAG(s) dict_keys(['example_task_group_decorator']) retrieved from /home/airflow/.local/lib/python3.7/site-packages/airflow/example_dags/example_task_group_decorator.py
[2024-11-23T03:17:25.661+0000] {logging_mixin.py:137} INFO - [2024-11-23T03:17:25.661+0000] {dag.py:2690} INFO - Sync 1 DAGs
[2024-11-23T03:17:25.683+0000] {logging_mixin.py:137} INFO - [2024-11-23T03:17:25.683+0000] {dag.py:3441} INFO - Setting next_dagrun for example_task_group_decorator to 2024-11-22T03:17:25.682877+00:00, run_after=2024-11-23T03:17:25.682877+00:00
[2024-11-23T03:17:25.697+0000] {processor.py:175} INFO - Processing /home/airflow/.local/lib/python3.7/site-packages/airflow/example_dags/example_task_group_decorator.py took 0.087 seconds
[2024-11-23T03:17:55.768+0000] {processor.py:153} INFO - Started process (PID=1989) to work on /home/airflow/.local/lib/python3.7/site-packages/airflow/example_dags/example_task_group_decorator.py
[2024-11-23T03:17:55.769+0000] {processor.py:743} INFO - Processing file /home/airflow/.local/lib/python3.7/site-packages/airflow/example_dags/example_task_group_decorator.py for tasks to queue
[2024-11-23T03:17:55.769+0000] {logging_mixin.py:137} INFO - [2024-11-23T03:17:55.769+0000] {dagbag.py:538} INFO - Filling up the DagBag from /home/airflow/.local/lib/python3.7/site-packages/airflow/example_dags/example_task_group_decorator.py
[2024-11-23T03:17:55.790+0000] {processor.py:753} INFO - DAG(s) dict_keys(['example_task_group_decorator']) retrieved from /home/airflow/.local/lib/python3.7/site-packages/airflow/example_dags/example_task_group_decorator.py
[2024-11-23T03:17:55.812+0000] {logging_mixin.py:137} INFO - [2024-11-23T03:17:55.812+0000] {dag.py:2690} INFO - Sync 1 DAGs
[2024-11-23T03:17:55.834+0000] {logging_mixin.py:137} INFO - [2024-11-23T03:17:55.833+0000] {dag.py:3441} INFO - Setting next_dagrun for example_task_group_decorator to 2024-11-22T03:17:55.833836+00:00, run_after=2024-11-23T03:17:55.833836+00:00
[2024-11-23T03:17:55.854+0000] {processor.py:175} INFO - Processing /home/airflow/.local/lib/python3.7/site-packages/airflow/example_dags/example_task_group_decorator.py took 0.089 seconds
[2024-11-23T03:18:26.154+0000] {processor.py:153} INFO - Started process (PID=2069) to work on /home/airflow/.local/lib/python3.7/site-packages/airflow/example_dags/example_task_group_decorator.py
[2024-11-23T03:18:26.155+0000] {processor.py:743} INFO - Processing file /home/airflow/.local/lib/python3.7/site-packages/airflow/example_dags/example_task_group_decorator.py for tasks to queue
[2024-11-23T03:18:26.155+0000] {logging_mixin.py:137} INFO - [2024-11-23T03:18:26.155+0000] {dagbag.py:538} INFO - Filling up the DagBag from /home/airflow/.local/lib/python3.7/site-packages/airflow/example_dags/example_task_group_decorator.py
[2024-11-23T03:18:26.176+0000] {processor.py:753} INFO - DAG(s) dict_keys(['example_task_group_decorator']) retrieved from /home/airflow/.local/lib/python3.7/site-packages/airflow/example_dags/example_task_group_decorator.py
[2024-11-23T03:18:26.198+0000] {logging_mixin.py:137} INFO - [2024-11-23T03:18:26.198+0000] {dag.py:2690} INFO - Sync 1 DAGs
[2024-11-23T03:18:26.218+0000] {logging_mixin.py:137} INFO - [2024-11-23T03:18:26.218+0000] {dag.py:3441} INFO - Setting next_dagrun for example_task_group_decorator to 2024-11-22T03:18:26.218370+00:00, run_after=2024-11-23T03:18:26.218370+00:00
[2024-11-23T03:18:26.234+0000] {processor.py:175} INFO - Processing /home/airflow/.local/lib/python3.7/site-packages/airflow/example_dags/example_task_group_decorator.py took 0.083 seconds
[2024-11-23T03:18:56.347+0000] {processor.py:153} INFO - Started process (PID=2159) to work on /home/airflow/.local/lib/python3.7/site-packages/airflow/example_dags/example_task_group_decorator.py
[2024-11-23T03:18:56.349+0000] {processor.py:743} INFO - Processing file /home/airflow/.local/lib/python3.7/site-packages/airflow/example_dags/example_task_group_decorator.py for tasks to queue
[2024-11-23T03:18:56.349+0000] {logging_mixin.py:137} INFO - [2024-11-23T03:18:56.349+0000] {dagbag.py:538} INFO - Filling up the DagBag from /home/airflow/.local/lib/python3.7/site-packages/airflow/example_dags/example_task_group_decorator.py
[2024-11-23T03:18:56.371+0000] {processor.py:753} INFO - DAG(s) dict_keys(['example_task_group_decorator']) retrieved from /home/airflow/.local/lib/python3.7/site-packages/airflow/example_dags/example_task_group_decorator.py
[2024-11-23T03:18:56.393+0000] {logging_mixin.py:137} INFO - [2024-11-23T03:18:56.393+0000] {dag.py:2690} INFO - Sync 1 DAGs
[2024-11-23T03:18:56.415+0000] {logging_mixin.py:137} INFO - [2024-11-23T03:18:56.414+0000] {dag.py:3441} INFO - Setting next_dagrun for example_task_group_decorator to 2024-11-22T03:18:56.414709+00:00, run_after=2024-11-23T03:18:56.414709+00:00
[2024-11-23T03:18:56.431+0000] {processor.py:175} INFO - Processing /home/airflow/.local/lib/python3.7/site-packages/airflow/example_dags/example_task_group_decorator.py took 0.087 seconds
[2024-11-23T03:19:26.748+0000] {processor.py:153} INFO - Started process (PID=2232) to work on /home/airflow/.local/lib/python3.7/site-packages/airflow/example_dags/example_task_group_decorator.py
[2024-11-23T03:19:26.748+0000] {processor.py:743} INFO - Processing file /home/airflow/.local/lib/python3.7/site-packages/airflow/example_dags/example_task_group_decorator.py for tasks to queue
[2024-11-23T03:19:26.749+0000] {logging_mixin.py:137} INFO - [2024-11-23T03:19:26.749+0000] {dagbag.py:538} INFO - Filling up the DagBag from /home/airflow/.local/lib/python3.7/site-packages/airflow/example_dags/example_task_group_decorator.py
[2024-11-23T03:19:26.775+0000] {processor.py:753} INFO - DAG(s) dict_keys(['example_task_group_decorator']) retrieved from /home/airflow/.local/lib/python3.7/site-packages/airflow/example_dags/example_task_group_decorator.py
[2024-11-23T03:19:26.793+0000] {logging_mixin.py:137} INFO - [2024-11-23T03:19:26.793+0000] {dag.py:2690} INFO - Sync 1 DAGs
[2024-11-23T03:19:26.809+0000] {logging_mixin.py:137} INFO - [2024-11-23T03:19:26.809+0000] {dag.py:3441} INFO - Setting next_dagrun for example_task_group_decorator to 2024-11-22T03:19:26.809675+00:00, run_after=2024-11-23T03:19:26.809675+00:00
[2024-11-23T03:19:26.820+0000] {processor.py:175} INFO - Processing /home/airflow/.local/lib/python3.7/site-packages/airflow/example_dags/example_task_group_decorator.py took 0.076 seconds
[2024-11-23T03:19:57.178+0000] {processor.py:153} INFO - Started process (PID=2322) to work on /home/airflow/.local/lib/python3.7/site-packages/airflow/example_dags/example_task_group_decorator.py
[2024-11-23T03:19:57.179+0000] {processor.py:743} INFO - Processing file /home/airflow/.local/lib/python3.7/site-packages/airflow/example_dags/example_task_group_decorator.py for tasks to queue
[2024-11-23T03:19:57.180+0000] {logging_mixin.py:137} INFO - [2024-11-23T03:19:57.180+0000] {dagbag.py:538} INFO - Filling up the DagBag from /home/airflow/.local/lib/python3.7/site-packages/airflow/example_dags/example_task_group_decorator.py
[2024-11-23T03:19:57.206+0000] {processor.py:753} INFO - DAG(s) dict_keys(['example_task_group_decorator']) retrieved from /home/airflow/.local/lib/python3.7/site-packages/airflow/example_dags/example_task_group_decorator.py
[2024-11-23T03:19:57.231+0000] {logging_mixin.py:137} INFO - [2024-11-23T03:19:57.231+0000] {dag.py:2690} INFO - Sync 1 DAGs
[2024-11-23T03:19:57.259+0000] {logging_mixin.py:137} INFO - [2024-11-23T03:19:57.259+0000] {dag.py:3441} INFO - Setting next_dagrun for example_task_group_decorator to 2024-11-22T03:19:57.259396+00:00, run_after=2024-11-23T03:19:57.259396+00:00
[2024-11-23T03:19:57.283+0000] {processor.py:175} INFO - Processing /home/airflow/.local/lib/python3.7/site-packages/airflow/example_dags/example_task_group_decorator.py took 0.108 seconds
