[2024-11-23T02:53:03.871+0000] {processor.py:153} INFO - Started process (PID=83) to work on /home/airflow/.local/lib/python3.7/site-packages/airflow/example_dags/example_xcom.py
[2024-11-23T02:53:03.876+0000] {processor.py:743} INFO - Processing file /home/airflow/.local/lib/python3.7/site-packages/airflow/example_dags/example_xcom.py for tasks to queue
[2024-11-23T02:53:03.878+0000] {logging_mixin.py:137} INFO - [2024-11-23T02:53:03.878+0000] {dagbag.py:538} INFO - Filling up the DagBag from /home/airflow/.local/lib/python3.7/site-packages/airflow/example_dags/example_xcom.py
[2024-11-23T02:53:03.945+0000] {processor.py:753} INFO - DAG(s) dict_keys(['example_xcom']) retrieved from /home/airflow/.local/lib/python3.7/site-packages/airflow/example_dags/example_xcom.py
[2024-11-23T02:53:04.006+0000] {logging_mixin.py:137} INFO - [2024-11-23T02:53:04.006+0000] {dag.py:2690} INFO - Sync 1 DAGs
[2024-11-23T02:53:04.062+0000] {logging_mixin.py:137} INFO - [2024-11-23T02:53:04.062+0000] {dag.py:3441} INFO - Setting next_dagrun for example_xcom to 2021-01-01T00:00:00+00:00, run_after=2021-01-01T00:00:00+00:00
[2024-11-23T02:53:04.123+0000] {processor.py:175} INFO - Processing /home/airflow/.local/lib/python3.7/site-packages/airflow/example_dags/example_xcom.py took 0.260 seconds
[2024-11-23T02:53:34.154+0000] {processor.py:153} INFO - Started process (PID=157) to work on /home/airflow/.local/lib/python3.7/site-packages/airflow/example_dags/example_xcom.py
[2024-11-23T02:53:34.154+0000] {processor.py:743} INFO - Processing file /home/airflow/.local/lib/python3.7/site-packages/airflow/example_dags/example_xcom.py for tasks to queue
[2024-11-23T02:53:34.155+0000] {logging_mixin.py:137} INFO - [2024-11-23T02:53:34.155+0000] {dagbag.py:538} INFO - Filling up the DagBag from /home/airflow/.local/lib/python3.7/site-packages/airflow/example_dags/example_xcom.py
[2024-11-23T02:53:34.171+0000] {processor.py:753} INFO - DAG(s) dict_keys(['example_xcom']) retrieved from /home/airflow/.local/lib/python3.7/site-packages/airflow/example_dags/example_xcom.py
[2024-11-23T02:53:34.192+0000] {logging_mixin.py:137} INFO - [2024-11-23T02:53:34.192+0000] {dag.py:2690} INFO - Sync 1 DAGs
[2024-11-23T02:53:34.247+0000] {logging_mixin.py:137} INFO - [2024-11-23T02:53:34.247+0000] {dag.py:3441} INFO - Setting next_dagrun for example_xcom to 2021-01-01T00:00:00+00:00, run_after=2021-01-01T00:00:00+00:00
[2024-11-23T02:53:34.260+0000] {processor.py:175} INFO - Processing /home/airflow/.local/lib/python3.7/site-packages/airflow/example_dags/example_xcom.py took 0.109 seconds
[2024-11-23T02:54:04.979+0000] {processor.py:153} INFO - Started process (PID=240) to work on /home/airflow/.local/lib/python3.7/site-packages/airflow/example_dags/example_xcom.py
[2024-11-23T02:54:04.981+0000] {processor.py:743} INFO - Processing file /home/airflow/.local/lib/python3.7/site-packages/airflow/example_dags/example_xcom.py for tasks to queue
[2024-11-23T02:54:04.982+0000] {logging_mixin.py:137} INFO - [2024-11-23T02:54:04.982+0000] {dagbag.py:538} INFO - Filling up the DagBag from /home/airflow/.local/lib/python3.7/site-packages/airflow/example_dags/example_xcom.py
[2024-11-23T02:54:05.012+0000] {processor.py:753} INFO - DAG(s) dict_keys(['example_xcom']) retrieved from /home/airflow/.local/lib/python3.7/site-packages/airflow/example_dags/example_xcom.py
[2024-11-23T02:54:05.054+0000] {logging_mixin.py:137} INFO - [2024-11-23T02:54:05.054+0000] {dag.py:2690} INFO - Sync 1 DAGs
[2024-11-23T02:54:05.084+0000] {logging_mixin.py:137} INFO - [2024-11-23T02:54:05.084+0000] {dag.py:3441} INFO - Setting next_dagrun for example_xcom to 2021-01-01T00:00:00+00:00, run_after=2021-01-01T00:00:00+00:00
[2024-11-23T02:54:05.117+0000] {processor.py:175} INFO - Processing /home/airflow/.local/lib/python3.7/site-packages/airflow/example_dags/example_xcom.py took 0.141 seconds
[2024-11-23T02:54:36.004+0000] {processor.py:153} INFO - Started process (PID=321) to work on /home/airflow/.local/lib/python3.7/site-packages/airflow/example_dags/example_xcom.py
[2024-11-23T02:54:36.005+0000] {processor.py:743} INFO - Processing file /home/airflow/.local/lib/python3.7/site-packages/airflow/example_dags/example_xcom.py for tasks to queue
[2024-11-23T02:54:36.006+0000] {logging_mixin.py:137} INFO - [2024-11-23T02:54:36.006+0000] {dagbag.py:538} INFO - Filling up the DagBag from /home/airflow/.local/lib/python3.7/site-packages/airflow/example_dags/example_xcom.py
[2024-11-23T02:54:36.026+0000] {processor.py:753} INFO - DAG(s) dict_keys(['example_xcom']) retrieved from /home/airflow/.local/lib/python3.7/site-packages/airflow/example_dags/example_xcom.py
[2024-11-23T02:54:36.056+0000] {logging_mixin.py:137} INFO - [2024-11-23T02:54:36.056+0000] {dag.py:2690} INFO - Sync 1 DAGs
[2024-11-23T02:54:36.080+0000] {logging_mixin.py:137} INFO - [2024-11-23T02:54:36.079+0000] {dag.py:3441} INFO - Setting next_dagrun for example_xcom to 2021-01-01T00:00:00+00:00, run_after=2021-01-01T00:00:00+00:00
[2024-11-23T02:54:36.096+0000] {processor.py:175} INFO - Processing /home/airflow/.local/lib/python3.7/site-packages/airflow/example_dags/example_xcom.py took 0.094 seconds
[2024-11-23T02:55:31.124+0000] {processor.py:153} INFO - Started process (PID=76) to work on /home/airflow/.local/lib/python3.7/site-packages/airflow/example_dags/example_xcom.py
[2024-11-23T02:55:31.128+0000] {processor.py:743} INFO - Processing file /home/airflow/.local/lib/python3.7/site-packages/airflow/example_dags/example_xcom.py for tasks to queue
[2024-11-23T02:55:31.130+0000] {logging_mixin.py:137} INFO - [2024-11-23T02:55:31.129+0000] {dagbag.py:538} INFO - Filling up the DagBag from /home/airflow/.local/lib/python3.7/site-packages/airflow/example_dags/example_xcom.py
[2024-11-23T02:55:31.181+0000] {processor.py:753} INFO - DAG(s) dict_keys(['example_xcom']) retrieved from /home/airflow/.local/lib/python3.7/site-packages/airflow/example_dags/example_xcom.py
[2024-11-23T02:55:31.217+0000] {logging_mixin.py:137} INFO - [2024-11-23T02:55:31.216+0000] {dag.py:2690} INFO - Sync 1 DAGs
[2024-11-23T02:55:31.340+0000] {logging_mixin.py:137} INFO - [2024-11-23T02:55:31.340+0000] {dag.py:3441} INFO - Setting next_dagrun for example_xcom to 2021-01-01T00:00:00+00:00, run_after=2021-01-01T00:00:00+00:00
[2024-11-23T02:55:31.371+0000] {processor.py:175} INFO - Processing /home/airflow/.local/lib/python3.7/site-packages/airflow/example_dags/example_xcom.py took 0.252 seconds
[2024-11-23T02:56:03.628+0000] {processor.py:153} INFO - Started process (PID=157) to work on /home/airflow/.local/lib/python3.7/site-packages/airflow/example_dags/example_xcom.py
[2024-11-23T02:56:03.629+0000] {processor.py:743} INFO - Processing file /home/airflow/.local/lib/python3.7/site-packages/airflow/example_dags/example_xcom.py for tasks to queue
[2024-11-23T02:56:03.630+0000] {logging_mixin.py:137} INFO - [2024-11-23T02:56:03.630+0000] {dagbag.py:538} INFO - Filling up the DagBag from /home/airflow/.local/lib/python3.7/site-packages/airflow/example_dags/example_xcom.py
[2024-11-23T02:56:03.649+0000] {processor.py:753} INFO - DAG(s) dict_keys(['example_xcom']) retrieved from /home/airflow/.local/lib/python3.7/site-packages/airflow/example_dags/example_xcom.py
[2024-11-23T02:56:03.674+0000] {logging_mixin.py:137} INFO - [2024-11-23T02:56:03.674+0000] {dag.py:2690} INFO - Sync 1 DAGs
[2024-11-23T02:56:03.692+0000] {logging_mixin.py:137} INFO - [2024-11-23T02:56:03.692+0000] {dag.py:3441} INFO - Setting next_dagrun for example_xcom to 2021-01-01T00:00:00+00:00, run_after=2021-01-01T00:00:00+00:00
[2024-11-23T02:56:03.715+0000] {processor.py:175} INFO - Processing /home/airflow/.local/lib/python3.7/site-packages/airflow/example_dags/example_xcom.py took 0.090 seconds
[2024-11-23T02:56:34.170+0000] {processor.py:153} INFO - Started process (PID=247) to work on /home/airflow/.local/lib/python3.7/site-packages/airflow/example_dags/example_xcom.py
[2024-11-23T02:56:34.172+0000] {processor.py:743} INFO - Processing file /home/airflow/.local/lib/python3.7/site-packages/airflow/example_dags/example_xcom.py for tasks to queue
[2024-11-23T02:56:34.173+0000] {logging_mixin.py:137} INFO - [2024-11-23T02:56:34.173+0000] {dagbag.py:538} INFO - Filling up the DagBag from /home/airflow/.local/lib/python3.7/site-packages/airflow/example_dags/example_xcom.py
[2024-11-23T02:56:34.192+0000] {processor.py:753} INFO - DAG(s) dict_keys(['example_xcom']) retrieved from /home/airflow/.local/lib/python3.7/site-packages/airflow/example_dags/example_xcom.py
[2024-11-23T02:56:34.213+0000] {logging_mixin.py:137} INFO - [2024-11-23T02:56:34.213+0000] {dag.py:2690} INFO - Sync 1 DAGs
[2024-11-23T02:56:34.234+0000] {logging_mixin.py:137} INFO - [2024-11-23T02:56:34.234+0000] {dag.py:3441} INFO - Setting next_dagrun for example_xcom to 2021-01-01T00:00:00+00:00, run_after=2021-01-01T00:00:00+00:00
[2024-11-23T02:56:34.246+0000] {processor.py:175} INFO - Processing /home/airflow/.local/lib/python3.7/site-packages/airflow/example_dags/example_xcom.py took 0.078 seconds
[2024-11-23T02:57:05.034+0000] {processor.py:153} INFO - Started process (PID=321) to work on /home/airflow/.local/lib/python3.7/site-packages/airflow/example_dags/example_xcom.py
[2024-11-23T02:57:05.035+0000] {processor.py:743} INFO - Processing file /home/airflow/.local/lib/python3.7/site-packages/airflow/example_dags/example_xcom.py for tasks to queue
[2024-11-23T02:57:05.037+0000] {logging_mixin.py:137} INFO - [2024-11-23T02:57:05.037+0000] {dagbag.py:538} INFO - Filling up the DagBag from /home/airflow/.local/lib/python3.7/site-packages/airflow/example_dags/example_xcom.py
[2024-11-23T02:57:05.054+0000] {processor.py:753} INFO - DAG(s) dict_keys(['example_xcom']) retrieved from /home/airflow/.local/lib/python3.7/site-packages/airflow/example_dags/example_xcom.py
[2024-11-23T02:57:05.073+0000] {logging_mixin.py:137} INFO - [2024-11-23T02:57:05.073+0000] {dag.py:2690} INFO - Sync 1 DAGs
[2024-11-23T02:57:05.090+0000] {logging_mixin.py:137} INFO - [2024-11-23T02:57:05.090+0000] {dag.py:3441} INFO - Setting next_dagrun for example_xcom to 2021-01-01T00:00:00+00:00, run_after=2021-01-01T00:00:00+00:00
[2024-11-23T02:57:05.104+0000] {processor.py:175} INFO - Processing /home/airflow/.local/lib/python3.7/site-packages/airflow/example_dags/example_xcom.py took 0.072 seconds
[2024-11-23T02:57:36.014+0000] {processor.py:153} INFO - Started process (PID=411) to work on /home/airflow/.local/lib/python3.7/site-packages/airflow/example_dags/example_xcom.py
[2024-11-23T02:57:36.016+0000] {processor.py:743} INFO - Processing file /home/airflow/.local/lib/python3.7/site-packages/airflow/example_dags/example_xcom.py for tasks to queue
[2024-11-23T02:57:36.018+0000] {logging_mixin.py:137} INFO - [2024-11-23T02:57:36.018+0000] {dagbag.py:538} INFO - Filling up the DagBag from /home/airflow/.local/lib/python3.7/site-packages/airflow/example_dags/example_xcom.py
[2024-11-23T02:57:36.056+0000] {processor.py:753} INFO - DAG(s) dict_keys(['example_xcom']) retrieved from /home/airflow/.local/lib/python3.7/site-packages/airflow/example_dags/example_xcom.py
[2024-11-23T02:57:36.089+0000] {logging_mixin.py:137} INFO - [2024-11-23T02:57:36.088+0000] {dag.py:2690} INFO - Sync 1 DAGs
[2024-11-23T02:57:36.117+0000] {logging_mixin.py:137} INFO - [2024-11-23T02:57:36.117+0000] {dag.py:3441} INFO - Setting next_dagrun for example_xcom to 2021-01-01T00:00:00+00:00, run_after=2021-01-01T00:00:00+00:00
[2024-11-23T02:57:36.152+0000] {processor.py:175} INFO - Processing /home/airflow/.local/lib/python3.7/site-packages/airflow/example_dags/example_xcom.py took 0.146 seconds
[2024-11-23T02:58:41.034+0000] {processor.py:153} INFO - Started process (PID=82) to work on /home/airflow/.local/lib/python3.7/site-packages/airflow/example_dags/example_xcom.py
[2024-11-23T02:58:41.048+0000] {processor.py:743} INFO - Processing file /home/airflow/.local/lib/python3.7/site-packages/airflow/example_dags/example_xcom.py for tasks to queue
[2024-11-23T02:58:41.069+0000] {logging_mixin.py:137} INFO - [2024-11-23T02:58:41.063+0000] {dagbag.py:538} INFO - Filling up the DagBag from /home/airflow/.local/lib/python3.7/site-packages/airflow/example_dags/example_xcom.py
[2024-11-23T02:58:41.311+0000] {processor.py:753} INFO - DAG(s) dict_keys(['example_xcom']) retrieved from /home/airflow/.local/lib/python3.7/site-packages/airflow/example_dags/example_xcom.py
[2024-11-23T02:58:41.364+0000] {logging_mixin.py:137} INFO - [2024-11-23T02:58:41.363+0000] {dag.py:2690} INFO - Sync 1 DAGs
[2024-11-23T02:58:41.430+0000] {logging_mixin.py:137} INFO - [2024-11-23T02:58:41.430+0000] {dag.py:3441} INFO - Setting next_dagrun for example_xcom to 2021-01-01T00:00:00+00:00, run_after=2021-01-01T00:00:00+00:00
[2024-11-23T02:58:41.493+0000] {processor.py:175} INFO - Processing /home/airflow/.local/lib/python3.7/site-packages/airflow/example_dags/example_xcom.py took 0.465 seconds
[2024-11-23T02:59:11.832+0000] {processor.py:153} INFO - Started process (PID=156) to work on /home/airflow/.local/lib/python3.7/site-packages/airflow/example_dags/example_xcom.py
[2024-11-23T02:59:11.833+0000] {processor.py:743} INFO - Processing file /home/airflow/.local/lib/python3.7/site-packages/airflow/example_dags/example_xcom.py for tasks to queue
[2024-11-23T02:59:11.835+0000] {logging_mixin.py:137} INFO - [2024-11-23T02:59:11.835+0000] {dagbag.py:538} INFO - Filling up the DagBag from /home/airflow/.local/lib/python3.7/site-packages/airflow/example_dags/example_xcom.py
[2024-11-23T02:59:11.863+0000] {processor.py:753} INFO - DAG(s) dict_keys(['example_xcom']) retrieved from /home/airflow/.local/lib/python3.7/site-packages/airflow/example_dags/example_xcom.py
[2024-11-23T02:59:11.902+0000] {logging_mixin.py:137} INFO - [2024-11-23T02:59:11.902+0000] {dag.py:2690} INFO - Sync 1 DAGs
[2024-11-23T02:59:11.935+0000] {logging_mixin.py:137} INFO - [2024-11-23T02:59:11.935+0000] {dag.py:3441} INFO - Setting next_dagrun for example_xcom to 2021-01-01T00:00:00+00:00, run_after=2021-01-01T00:00:00+00:00
[2024-11-23T02:59:11.964+0000] {processor.py:175} INFO - Processing /home/airflow/.local/lib/python3.7/site-packages/airflow/example_dags/example_xcom.py took 0.135 seconds
[2024-11-23T02:59:42.749+0000] {processor.py:153} INFO - Started process (PID=246) to work on /home/airflow/.local/lib/python3.7/site-packages/airflow/example_dags/example_xcom.py
[2024-11-23T02:59:42.750+0000] {processor.py:743} INFO - Processing file /home/airflow/.local/lib/python3.7/site-packages/airflow/example_dags/example_xcom.py for tasks to queue
[2024-11-23T02:59:42.751+0000] {logging_mixin.py:137} INFO - [2024-11-23T02:59:42.751+0000] {dagbag.py:538} INFO - Filling up the DagBag from /home/airflow/.local/lib/python3.7/site-packages/airflow/example_dags/example_xcom.py
[2024-11-23T02:59:42.770+0000] {processor.py:753} INFO - DAG(s) dict_keys(['example_xcom']) retrieved from /home/airflow/.local/lib/python3.7/site-packages/airflow/example_dags/example_xcom.py
[2024-11-23T02:59:42.806+0000] {logging_mixin.py:137} INFO - [2024-11-23T02:59:42.806+0000] {dag.py:2690} INFO - Sync 1 DAGs
[2024-11-23T02:59:42.828+0000] {logging_mixin.py:137} INFO - [2024-11-23T02:59:42.828+0000] {dag.py:3441} INFO - Setting next_dagrun for example_xcom to 2021-01-01T00:00:00+00:00, run_after=2021-01-01T00:00:00+00:00
[2024-11-23T02:59:42.849+0000] {processor.py:175} INFO - Processing /home/airflow/.local/lib/python3.7/site-packages/airflow/example_dags/example_xcom.py took 0.102 seconds
[2024-11-23T03:00:13.159+0000] {processor.py:153} INFO - Started process (PID=320) to work on /home/airflow/.local/lib/python3.7/site-packages/airflow/example_dags/example_xcom.py
[2024-11-23T03:00:13.160+0000] {processor.py:743} INFO - Processing file /home/airflow/.local/lib/python3.7/site-packages/airflow/example_dags/example_xcom.py for tasks to queue
[2024-11-23T03:00:13.161+0000] {logging_mixin.py:137} INFO - [2024-11-23T03:00:13.161+0000] {dagbag.py:538} INFO - Filling up the DagBag from /home/airflow/.local/lib/python3.7/site-packages/airflow/example_dags/example_xcom.py
[2024-11-23T03:00:13.179+0000] {processor.py:753} INFO - DAG(s) dict_keys(['example_xcom']) retrieved from /home/airflow/.local/lib/python3.7/site-packages/airflow/example_dags/example_xcom.py
[2024-11-23T03:00:13.205+0000] {logging_mixin.py:137} INFO - [2024-11-23T03:00:13.205+0000] {dag.py:2690} INFO - Sync 1 DAGs
[2024-11-23T03:00:13.228+0000] {logging_mixin.py:137} INFO - [2024-11-23T03:00:13.227+0000] {dag.py:3441} INFO - Setting next_dagrun for example_xcom to 2021-01-01T00:00:00+00:00, run_after=2021-01-01T00:00:00+00:00
[2024-11-23T03:00:13.248+0000] {processor.py:175} INFO - Processing /home/airflow/.local/lib/python3.7/site-packages/airflow/example_dags/example_xcom.py took 0.093 seconds
[2024-11-23T03:00:44.133+0000] {processor.py:153} INFO - Started process (PID=410) to work on /home/airflow/.local/lib/python3.7/site-packages/airflow/example_dags/example_xcom.py
[2024-11-23T03:00:44.134+0000] {processor.py:743} INFO - Processing file /home/airflow/.local/lib/python3.7/site-packages/airflow/example_dags/example_xcom.py for tasks to queue
[2024-11-23T03:00:44.134+0000] {logging_mixin.py:137} INFO - [2024-11-23T03:00:44.134+0000] {dagbag.py:538} INFO - Filling up the DagBag from /home/airflow/.local/lib/python3.7/site-packages/airflow/example_dags/example_xcom.py
[2024-11-23T03:00:44.154+0000] {processor.py:753} INFO - DAG(s) dict_keys(['example_xcom']) retrieved from /home/airflow/.local/lib/python3.7/site-packages/airflow/example_dags/example_xcom.py
[2024-11-23T03:00:44.176+0000] {logging_mixin.py:137} INFO - [2024-11-23T03:00:44.176+0000] {dag.py:2690} INFO - Sync 1 DAGs
[2024-11-23T03:00:44.196+0000] {logging_mixin.py:137} INFO - [2024-11-23T03:00:44.195+0000] {dag.py:3441} INFO - Setting next_dagrun for example_xcom to 2021-01-01T00:00:00+00:00, run_after=2021-01-01T00:00:00+00:00
[2024-11-23T03:00:44.213+0000] {processor.py:175} INFO - Processing /home/airflow/.local/lib/python3.7/site-packages/airflow/example_dags/example_xcom.py took 0.083 seconds
[2024-11-23T03:01:14.391+0000] {processor.py:153} INFO - Started process (PID=484) to work on /home/airflow/.local/lib/python3.7/site-packages/airflow/example_dags/example_xcom.py
[2024-11-23T03:01:14.393+0000] {processor.py:743} INFO - Processing file /home/airflow/.local/lib/python3.7/site-packages/airflow/example_dags/example_xcom.py for tasks to queue
[2024-11-23T03:01:14.394+0000] {logging_mixin.py:137} INFO - [2024-11-23T03:01:14.394+0000] {dagbag.py:538} INFO - Filling up the DagBag from /home/airflow/.local/lib/python3.7/site-packages/airflow/example_dags/example_xcom.py
[2024-11-23T03:01:14.416+0000] {processor.py:753} INFO - DAG(s) dict_keys(['example_xcom']) retrieved from /home/airflow/.local/lib/python3.7/site-packages/airflow/example_dags/example_xcom.py
[2024-11-23T03:01:14.442+0000] {logging_mixin.py:137} INFO - [2024-11-23T03:01:14.442+0000] {dag.py:2690} INFO - Sync 1 DAGs
[2024-11-23T03:01:14.465+0000] {logging_mixin.py:137} INFO - [2024-11-23T03:01:14.465+0000] {dag.py:3441} INFO - Setting next_dagrun for example_xcom to 2021-01-01T00:00:00+00:00, run_after=2021-01-01T00:00:00+00:00
[2024-11-23T03:01:14.488+0000] {processor.py:175} INFO - Processing /home/airflow/.local/lib/python3.7/site-packages/airflow/example_dags/example_xcom.py took 0.101 seconds
[2024-11-23T03:01:44.583+0000] {processor.py:153} INFO - Started process (PID=574) to work on /home/airflow/.local/lib/python3.7/site-packages/airflow/example_dags/example_xcom.py
[2024-11-23T03:01:44.584+0000] {processor.py:743} INFO - Processing file /home/airflow/.local/lib/python3.7/site-packages/airflow/example_dags/example_xcom.py for tasks to queue
[2024-11-23T03:01:44.585+0000] {logging_mixin.py:137} INFO - [2024-11-23T03:01:44.585+0000] {dagbag.py:538} INFO - Filling up the DagBag from /home/airflow/.local/lib/python3.7/site-packages/airflow/example_dags/example_xcom.py
[2024-11-23T03:01:44.600+0000] {processor.py:753} INFO - DAG(s) dict_keys(['example_xcom']) retrieved from /home/airflow/.local/lib/python3.7/site-packages/airflow/example_dags/example_xcom.py
[2024-11-23T03:01:44.618+0000] {logging_mixin.py:137} INFO - [2024-11-23T03:01:44.618+0000] {dag.py:2690} INFO - Sync 1 DAGs
[2024-11-23T03:01:44.637+0000] {logging_mixin.py:137} INFO - [2024-11-23T03:01:44.637+0000] {dag.py:3441} INFO - Setting next_dagrun for example_xcom to 2021-01-01T00:00:00+00:00, run_after=2021-01-01T00:00:00+00:00
[2024-11-23T03:01:44.651+0000] {processor.py:175} INFO - Processing /home/airflow/.local/lib/python3.7/site-packages/airflow/example_dags/example_xcom.py took 0.069 seconds
[2024-11-23T03:02:15.015+0000] {processor.py:153} INFO - Started process (PID=648) to work on /home/airflow/.local/lib/python3.7/site-packages/airflow/example_dags/example_xcom.py
[2024-11-23T03:02:15.019+0000] {processor.py:743} INFO - Processing file /home/airflow/.local/lib/python3.7/site-packages/airflow/example_dags/example_xcom.py for tasks to queue
[2024-11-23T03:02:15.019+0000] {logging_mixin.py:137} INFO - [2024-11-23T03:02:15.019+0000] {dagbag.py:538} INFO - Filling up the DagBag from /home/airflow/.local/lib/python3.7/site-packages/airflow/example_dags/example_xcom.py
[2024-11-23T03:02:15.036+0000] {processor.py:753} INFO - DAG(s) dict_keys(['example_xcom']) retrieved from /home/airflow/.local/lib/python3.7/site-packages/airflow/example_dags/example_xcom.py
[2024-11-23T03:02:15.059+0000] {logging_mixin.py:137} INFO - [2024-11-23T03:02:15.059+0000] {dag.py:2690} INFO - Sync 1 DAGs
[2024-11-23T03:02:15.081+0000] {logging_mixin.py:137} INFO - [2024-11-23T03:02:15.080+0000] {dag.py:3441} INFO - Setting next_dagrun for example_xcom to 2021-01-01T00:00:00+00:00, run_after=2021-01-01T00:00:00+00:00
[2024-11-23T03:02:15.101+0000] {processor.py:175} INFO - Processing /home/airflow/.local/lib/python3.7/site-packages/airflow/example_dags/example_xcom.py took 0.089 seconds
[2024-11-23T03:03:07.961+0000] {processor.py:153} INFO - Started process (PID=75) to work on /home/airflow/.local/lib/python3.7/site-packages/airflow/example_dags/example_xcom.py
[2024-11-23T03:03:07.962+0000] {processor.py:743} INFO - Processing file /home/airflow/.local/lib/python3.7/site-packages/airflow/example_dags/example_xcom.py for tasks to queue
[2024-11-23T03:03:07.963+0000] {logging_mixin.py:137} INFO - [2024-11-23T03:03:07.963+0000] {dagbag.py:538} INFO - Filling up the DagBag from /home/airflow/.local/lib/python3.7/site-packages/airflow/example_dags/example_xcom.py
[2024-11-23T03:03:08.011+0000] {processor.py:753} INFO - DAG(s) dict_keys(['example_xcom']) retrieved from /home/airflow/.local/lib/python3.7/site-packages/airflow/example_dags/example_xcom.py
[2024-11-23T03:03:08.029+0000] {logging_mixin.py:137} INFO - [2024-11-23T03:03:08.029+0000] {dag.py:2690} INFO - Sync 1 DAGs
[2024-11-23T03:03:08.084+0000] {logging_mixin.py:137} INFO - [2024-11-23T03:03:08.084+0000] {dag.py:3441} INFO - Setting next_dagrun for example_xcom to 2021-01-01T00:00:00+00:00, run_after=2021-01-01T00:00:00+00:00
[2024-11-23T03:03:08.152+0000] {processor.py:175} INFO - Processing /home/airflow/.local/lib/python3.7/site-packages/airflow/example_dags/example_xcom.py took 0.198 seconds
[2024-11-23T03:03:38.545+0000] {processor.py:153} INFO - Started process (PID=156) to work on /home/airflow/.local/lib/python3.7/site-packages/airflow/example_dags/example_xcom.py
[2024-11-23T03:03:38.546+0000] {processor.py:743} INFO - Processing file /home/airflow/.local/lib/python3.7/site-packages/airflow/example_dags/example_xcom.py for tasks to queue
[2024-11-23T03:03:38.547+0000] {logging_mixin.py:137} INFO - [2024-11-23T03:03:38.547+0000] {dagbag.py:538} INFO - Filling up the DagBag from /home/airflow/.local/lib/python3.7/site-packages/airflow/example_dags/example_xcom.py
[2024-11-23T03:03:38.563+0000] {processor.py:753} INFO - DAG(s) dict_keys(['example_xcom']) retrieved from /home/airflow/.local/lib/python3.7/site-packages/airflow/example_dags/example_xcom.py
[2024-11-23T03:03:38.583+0000] {logging_mixin.py:137} INFO - [2024-11-23T03:03:38.583+0000] {dag.py:2690} INFO - Sync 1 DAGs
[2024-11-23T03:03:38.601+0000] {logging_mixin.py:137} INFO - [2024-11-23T03:03:38.601+0000] {dag.py:3441} INFO - Setting next_dagrun for example_xcom to 2021-01-01T00:00:00+00:00, run_after=2021-01-01T00:00:00+00:00
[2024-11-23T03:03:38.616+0000] {processor.py:175} INFO - Processing /home/airflow/.local/lib/python3.7/site-packages/airflow/example_dags/example_xcom.py took 0.073 seconds
[2024-11-23T03:06:16.852+0000] {processor.py:153} INFO - Started process (PID=82) to work on /home/airflow/.local/lib/python3.7/site-packages/airflow/example_dags/example_xcom.py
[2024-11-23T03:06:16.854+0000] {processor.py:743} INFO - Processing file /home/airflow/.local/lib/python3.7/site-packages/airflow/example_dags/example_xcom.py for tasks to queue
[2024-11-23T03:06:16.856+0000] {logging_mixin.py:137} INFO - [2024-11-23T03:06:16.856+0000] {dagbag.py:538} INFO - Filling up the DagBag from /home/airflow/.local/lib/python3.7/site-packages/airflow/example_dags/example_xcom.py
[2024-11-23T03:06:16.888+0000] {processor.py:753} INFO - DAG(s) dict_keys(['example_xcom']) retrieved from /home/airflow/.local/lib/python3.7/site-packages/airflow/example_dags/example_xcom.py
[2024-11-23T03:06:16.908+0000] {logging_mixin.py:137} INFO - [2024-11-23T03:06:16.908+0000] {dag.py:2690} INFO - Sync 1 DAGs
[2024-11-23T03:06:16.941+0000] {logging_mixin.py:137} INFO - [2024-11-23T03:06:16.941+0000] {dag.py:3441} INFO - Setting next_dagrun for example_xcom to 2021-01-01T00:00:00+00:00, run_after=2021-01-01T00:00:00+00:00
[2024-11-23T03:06:16.985+0000] {processor.py:175} INFO - Processing /home/airflow/.local/lib/python3.7/site-packages/airflow/example_dags/example_xcom.py took 0.137 seconds
[2024-11-23T03:06:47.424+0000] {processor.py:153} INFO - Started process (PID=156) to work on /home/airflow/.local/lib/python3.7/site-packages/airflow/example_dags/example_xcom.py
[2024-11-23T03:06:47.426+0000] {processor.py:743} INFO - Processing file /home/airflow/.local/lib/python3.7/site-packages/airflow/example_dags/example_xcom.py for tasks to queue
[2024-11-23T03:06:47.430+0000] {logging_mixin.py:137} INFO - [2024-11-23T03:06:47.430+0000] {dagbag.py:538} INFO - Filling up the DagBag from /home/airflow/.local/lib/python3.7/site-packages/airflow/example_dags/example_xcom.py
[2024-11-23T03:06:47.475+0000] {processor.py:753} INFO - DAG(s) dict_keys(['example_xcom']) retrieved from /home/airflow/.local/lib/python3.7/site-packages/airflow/example_dags/example_xcom.py
[2024-11-23T03:06:47.525+0000] {logging_mixin.py:137} INFO - [2024-11-23T03:06:47.525+0000] {dag.py:2690} INFO - Sync 1 DAGs
[2024-11-23T03:06:47.565+0000] {logging_mixin.py:137} INFO - [2024-11-23T03:06:47.564+0000] {dag.py:3441} INFO - Setting next_dagrun for example_xcom to 2021-01-01T00:00:00+00:00, run_after=2021-01-01T00:00:00+00:00
[2024-11-23T03:06:47.596+0000] {processor.py:175} INFO - Processing /home/airflow/.local/lib/python3.7/site-packages/airflow/example_dags/example_xcom.py took 0.177 seconds
[2024-11-23T03:07:18.348+0000] {processor.py:153} INFO - Started process (PID=246) to work on /home/airflow/.local/lib/python3.7/site-packages/airflow/example_dags/example_xcom.py
[2024-11-23T03:07:18.350+0000] {processor.py:743} INFO - Processing file /home/airflow/.local/lib/python3.7/site-packages/airflow/example_dags/example_xcom.py for tasks to queue
[2024-11-23T03:07:18.350+0000] {logging_mixin.py:137} INFO - [2024-11-23T03:07:18.350+0000] {dagbag.py:538} INFO - Filling up the DagBag from /home/airflow/.local/lib/python3.7/site-packages/airflow/example_dags/example_xcom.py
[2024-11-23T03:07:18.369+0000] {processor.py:753} INFO - DAG(s) dict_keys(['example_xcom']) retrieved from /home/airflow/.local/lib/python3.7/site-packages/airflow/example_dags/example_xcom.py
[2024-11-23T03:07:18.389+0000] {logging_mixin.py:137} INFO - [2024-11-23T03:07:18.389+0000] {dag.py:2690} INFO - Sync 1 DAGs
[2024-11-23T03:07:18.412+0000] {logging_mixin.py:137} INFO - [2024-11-23T03:07:18.412+0000] {dag.py:3441} INFO - Setting next_dagrun for example_xcom to 2021-01-01T00:00:00+00:00, run_after=2021-01-01T00:00:00+00:00
[2024-11-23T03:07:18.428+0000] {processor.py:175} INFO - Processing /home/airflow/.local/lib/python3.7/site-packages/airflow/example_dags/example_xcom.py took 0.083 seconds
[2024-11-23T03:07:48.611+0000] {processor.py:153} INFO - Started process (PID=320) to work on /home/airflow/.local/lib/python3.7/site-packages/airflow/example_dags/example_xcom.py
[2024-11-23T03:07:48.612+0000] {processor.py:743} INFO - Processing file /home/airflow/.local/lib/python3.7/site-packages/airflow/example_dags/example_xcom.py for tasks to queue
[2024-11-23T03:07:48.613+0000] {logging_mixin.py:137} INFO - [2024-11-23T03:07:48.613+0000] {dagbag.py:538} INFO - Filling up the DagBag from /home/airflow/.local/lib/python3.7/site-packages/airflow/example_dags/example_xcom.py
[2024-11-23T03:07:48.632+0000] {processor.py:753} INFO - DAG(s) dict_keys(['example_xcom']) retrieved from /home/airflow/.local/lib/python3.7/site-packages/airflow/example_dags/example_xcom.py
[2024-11-23T03:07:48.652+0000] {logging_mixin.py:137} INFO - [2024-11-23T03:07:48.652+0000] {dag.py:2690} INFO - Sync 1 DAGs
[2024-11-23T03:07:48.673+0000] {logging_mixin.py:137} INFO - [2024-11-23T03:07:48.672+0000] {dag.py:3441} INFO - Setting next_dagrun for example_xcom to 2021-01-01T00:00:00+00:00, run_after=2021-01-01T00:00:00+00:00
[2024-11-23T03:07:48.695+0000] {processor.py:175} INFO - Processing /home/airflow/.local/lib/python3.7/site-packages/airflow/example_dags/example_xcom.py took 0.087 seconds
[2024-11-23T03:08:18.969+0000] {processor.py:153} INFO - Started process (PID=410) to work on /home/airflow/.local/lib/python3.7/site-packages/airflow/example_dags/example_xcom.py
[2024-11-23T03:08:18.971+0000] {processor.py:743} INFO - Processing file /home/airflow/.local/lib/python3.7/site-packages/airflow/example_dags/example_xcom.py for tasks to queue
[2024-11-23T03:08:18.971+0000] {logging_mixin.py:137} INFO - [2024-11-23T03:08:18.971+0000] {dagbag.py:538} INFO - Filling up the DagBag from /home/airflow/.local/lib/python3.7/site-packages/airflow/example_dags/example_xcom.py
[2024-11-23T03:08:18.988+0000] {processor.py:753} INFO - DAG(s) dict_keys(['example_xcom']) retrieved from /home/airflow/.local/lib/python3.7/site-packages/airflow/example_dags/example_xcom.py
[2024-11-23T03:08:19.011+0000] {logging_mixin.py:137} INFO - [2024-11-23T03:08:19.011+0000] {dag.py:2690} INFO - Sync 1 DAGs
[2024-11-23T03:08:19.030+0000] {logging_mixin.py:137} INFO - [2024-11-23T03:08:19.030+0000] {dag.py:3441} INFO - Setting next_dagrun for example_xcom to 2021-01-01T00:00:00+00:00, run_after=2021-01-01T00:00:00+00:00
[2024-11-23T03:08:19.050+0000] {processor.py:175} INFO - Processing /home/airflow/.local/lib/python3.7/site-packages/airflow/example_dags/example_xcom.py took 0.083 seconds
[2024-11-23T03:08:49.160+0000] {processor.py:153} INFO - Started process (PID=483) to work on /home/airflow/.local/lib/python3.7/site-packages/airflow/example_dags/example_xcom.py
[2024-11-23T03:08:49.161+0000] {processor.py:743} INFO - Processing file /home/airflow/.local/lib/python3.7/site-packages/airflow/example_dags/example_xcom.py for tasks to queue
[2024-11-23T03:08:49.162+0000] {logging_mixin.py:137} INFO - [2024-11-23T03:08:49.162+0000] {dagbag.py:538} INFO - Filling up the DagBag from /home/airflow/.local/lib/python3.7/site-packages/airflow/example_dags/example_xcom.py
[2024-11-23T03:08:49.180+0000] {processor.py:753} INFO - DAG(s) dict_keys(['example_xcom']) retrieved from /home/airflow/.local/lib/python3.7/site-packages/airflow/example_dags/example_xcom.py
[2024-11-23T03:08:49.206+0000] {logging_mixin.py:137} INFO - [2024-11-23T03:08:49.206+0000] {dag.py:2690} INFO - Sync 1 DAGs
[2024-11-23T03:08:49.225+0000] {logging_mixin.py:137} INFO - [2024-11-23T03:08:49.225+0000] {dag.py:3441} INFO - Setting next_dagrun for example_xcom to 2021-01-01T00:00:00+00:00, run_after=2021-01-01T00:00:00+00:00
[2024-11-23T03:08:49.240+0000] {processor.py:175} INFO - Processing /home/airflow/.local/lib/python3.7/site-packages/airflow/example_dags/example_xcom.py took 0.082 seconds
[2024-11-23T03:09:19.407+0000] {processor.py:153} INFO - Started process (PID=573) to work on /home/airflow/.local/lib/python3.7/site-packages/airflow/example_dags/example_xcom.py
[2024-11-23T03:09:19.409+0000] {processor.py:743} INFO - Processing file /home/airflow/.local/lib/python3.7/site-packages/airflow/example_dags/example_xcom.py for tasks to queue
[2024-11-23T03:09:19.410+0000] {logging_mixin.py:137} INFO - [2024-11-23T03:09:19.410+0000] {dagbag.py:538} INFO - Filling up the DagBag from /home/airflow/.local/lib/python3.7/site-packages/airflow/example_dags/example_xcom.py
[2024-11-23T03:09:19.426+0000] {processor.py:753} INFO - DAG(s) dict_keys(['example_xcom']) retrieved from /home/airflow/.local/lib/python3.7/site-packages/airflow/example_dags/example_xcom.py
[2024-11-23T03:09:19.445+0000] {logging_mixin.py:137} INFO - [2024-11-23T03:09:19.445+0000] {dag.py:2690} INFO - Sync 1 DAGs
[2024-11-23T03:09:19.463+0000] {logging_mixin.py:137} INFO - [2024-11-23T03:09:19.463+0000] {dag.py:3441} INFO - Setting next_dagrun for example_xcom to 2021-01-01T00:00:00+00:00, run_after=2021-01-01T00:00:00+00:00
[2024-11-23T03:09:19.482+0000] {processor.py:175} INFO - Processing /home/airflow/.local/lib/python3.7/site-packages/airflow/example_dags/example_xcom.py took 0.077 seconds
[2024-11-23T03:09:49.541+0000] {processor.py:153} INFO - Started process (PID=655) to work on /home/airflow/.local/lib/python3.7/site-packages/airflow/example_dags/example_xcom.py
[2024-11-23T03:09:49.541+0000] {processor.py:743} INFO - Processing file /home/airflow/.local/lib/python3.7/site-packages/airflow/example_dags/example_xcom.py for tasks to queue
[2024-11-23T03:09:49.542+0000] {logging_mixin.py:137} INFO - [2024-11-23T03:09:49.542+0000] {dagbag.py:538} INFO - Filling up the DagBag from /home/airflow/.local/lib/python3.7/site-packages/airflow/example_dags/example_xcom.py
[2024-11-23T03:09:49.564+0000] {processor.py:753} INFO - DAG(s) dict_keys(['example_xcom']) retrieved from /home/airflow/.local/lib/python3.7/site-packages/airflow/example_dags/example_xcom.py
[2024-11-23T03:09:49.589+0000] {logging_mixin.py:137} INFO - [2024-11-23T03:09:49.589+0000] {dag.py:2690} INFO - Sync 1 DAGs
[2024-11-23T03:09:49.611+0000] {logging_mixin.py:137} INFO - [2024-11-23T03:09:49.611+0000] {dag.py:3441} INFO - Setting next_dagrun for example_xcom to 2021-01-01T00:00:00+00:00, run_after=2021-01-01T00:00:00+00:00
[2024-11-23T03:09:49.627+0000] {processor.py:175} INFO - Processing /home/airflow/.local/lib/python3.7/site-packages/airflow/example_dags/example_xcom.py took 0.089 seconds
[2024-11-23T03:10:19.768+0000] {processor.py:153} INFO - Started process (PID=736) to work on /home/airflow/.local/lib/python3.7/site-packages/airflow/example_dags/example_xcom.py
[2024-11-23T03:10:19.768+0000] {processor.py:743} INFO - Processing file /home/airflow/.local/lib/python3.7/site-packages/airflow/example_dags/example_xcom.py for tasks to queue
[2024-11-23T03:10:19.769+0000] {logging_mixin.py:137} INFO - [2024-11-23T03:10:19.769+0000] {dagbag.py:538} INFO - Filling up the DagBag from /home/airflow/.local/lib/python3.7/site-packages/airflow/example_dags/example_xcom.py
[2024-11-23T03:10:19.789+0000] {processor.py:753} INFO - DAG(s) dict_keys(['example_xcom']) retrieved from /home/airflow/.local/lib/python3.7/site-packages/airflow/example_dags/example_xcom.py
[2024-11-23T03:10:19.811+0000] {logging_mixin.py:137} INFO - [2024-11-23T03:10:19.811+0000] {dag.py:2690} INFO - Sync 1 DAGs
[2024-11-23T03:10:19.830+0000] {logging_mixin.py:137} INFO - [2024-11-23T03:10:19.830+0000] {dag.py:3441} INFO - Setting next_dagrun for example_xcom to 2021-01-01T00:00:00+00:00, run_after=2021-01-01T00:00:00+00:00
[2024-11-23T03:10:19.848+0000] {processor.py:175} INFO - Processing /home/airflow/.local/lib/python3.7/site-packages/airflow/example_dags/example_xcom.py took 0.084 seconds
[2024-11-23T03:10:50.255+0000] {processor.py:153} INFO - Started process (PID=826) to work on /home/airflow/.local/lib/python3.7/site-packages/airflow/example_dags/example_xcom.py
[2024-11-23T03:10:50.256+0000] {processor.py:743} INFO - Processing file /home/airflow/.local/lib/python3.7/site-packages/airflow/example_dags/example_xcom.py for tasks to queue
[2024-11-23T03:10:50.257+0000] {logging_mixin.py:137} INFO - [2024-11-23T03:10:50.257+0000] {dagbag.py:538} INFO - Filling up the DagBag from /home/airflow/.local/lib/python3.7/site-packages/airflow/example_dags/example_xcom.py
[2024-11-23T03:10:50.273+0000] {processor.py:753} INFO - DAG(s) dict_keys(['example_xcom']) retrieved from /home/airflow/.local/lib/python3.7/site-packages/airflow/example_dags/example_xcom.py
[2024-11-23T03:10:50.297+0000] {logging_mixin.py:137} INFO - [2024-11-23T03:10:50.297+0000] {dag.py:2690} INFO - Sync 1 DAGs
[2024-11-23T03:10:50.317+0000] {logging_mixin.py:137} INFO - [2024-11-23T03:10:50.317+0000] {dag.py:3441} INFO - Setting next_dagrun for example_xcom to 2021-01-01T00:00:00+00:00, run_after=2021-01-01T00:00:00+00:00
[2024-11-23T03:10:50.334+0000] {processor.py:175} INFO - Processing /home/airflow/.local/lib/python3.7/site-packages/airflow/example_dags/example_xcom.py took 0.082 seconds
[2024-11-23T03:11:20.611+0000] {processor.py:153} INFO - Started process (PID=900) to work on /home/airflow/.local/lib/python3.7/site-packages/airflow/example_dags/example_xcom.py
[2024-11-23T03:11:20.612+0000] {processor.py:743} INFO - Processing file /home/airflow/.local/lib/python3.7/site-packages/airflow/example_dags/example_xcom.py for tasks to queue
[2024-11-23T03:11:20.613+0000] {logging_mixin.py:137} INFO - [2024-11-23T03:11:20.613+0000] {dagbag.py:538} INFO - Filling up the DagBag from /home/airflow/.local/lib/python3.7/site-packages/airflow/example_dags/example_xcom.py
[2024-11-23T03:11:20.630+0000] {processor.py:753} INFO - DAG(s) dict_keys(['example_xcom']) retrieved from /home/airflow/.local/lib/python3.7/site-packages/airflow/example_dags/example_xcom.py
[2024-11-23T03:11:20.654+0000] {logging_mixin.py:137} INFO - [2024-11-23T03:11:20.654+0000] {dag.py:2690} INFO - Sync 1 DAGs
[2024-11-23T03:11:20.671+0000] {logging_mixin.py:137} INFO - [2024-11-23T03:11:20.671+0000] {dag.py:3441} INFO - Setting next_dagrun for example_xcom to 2021-01-01T00:00:00+00:00, run_after=2021-01-01T00:00:00+00:00
[2024-11-23T03:11:20.687+0000] {processor.py:175} INFO - Processing /home/airflow/.local/lib/python3.7/site-packages/airflow/example_dags/example_xcom.py took 0.078 seconds
[2024-11-23T03:11:50.857+0000] {processor.py:153} INFO - Started process (PID=990) to work on /home/airflow/.local/lib/python3.7/site-packages/airflow/example_dags/example_xcom.py
[2024-11-23T03:11:50.859+0000] {processor.py:743} INFO - Processing file /home/airflow/.local/lib/python3.7/site-packages/airflow/example_dags/example_xcom.py for tasks to queue
[2024-11-23T03:11:50.860+0000] {logging_mixin.py:137} INFO - [2024-11-23T03:11:50.860+0000] {dagbag.py:538} INFO - Filling up the DagBag from /home/airflow/.local/lib/python3.7/site-packages/airflow/example_dags/example_xcom.py
[2024-11-23T03:11:50.878+0000] {processor.py:753} INFO - DAG(s) dict_keys(['example_xcom']) retrieved from /home/airflow/.local/lib/python3.7/site-packages/airflow/example_dags/example_xcom.py
[2024-11-23T03:11:50.905+0000] {logging_mixin.py:137} INFO - [2024-11-23T03:11:50.904+0000] {dag.py:2690} INFO - Sync 1 DAGs
[2024-11-23T03:11:50.925+0000] {logging_mixin.py:137} INFO - [2024-11-23T03:11:50.924+0000] {dag.py:3441} INFO - Setting next_dagrun for example_xcom to 2021-01-01T00:00:00+00:00, run_after=2021-01-01T00:00:00+00:00
[2024-11-23T03:11:50.946+0000] {processor.py:175} INFO - Processing /home/airflow/.local/lib/python3.7/site-packages/airflow/example_dags/example_xcom.py took 0.092 seconds
[2024-11-23T03:12:21.111+0000] {processor.py:153} INFO - Started process (PID=1064) to work on /home/airflow/.local/lib/python3.7/site-packages/airflow/example_dags/example_xcom.py
[2024-11-23T03:12:21.112+0000] {processor.py:743} INFO - Processing file /home/airflow/.local/lib/python3.7/site-packages/airflow/example_dags/example_xcom.py for tasks to queue
[2024-11-23T03:12:21.113+0000] {logging_mixin.py:137} INFO - [2024-11-23T03:12:21.113+0000] {dagbag.py:538} INFO - Filling up the DagBag from /home/airflow/.local/lib/python3.7/site-packages/airflow/example_dags/example_xcom.py
[2024-11-23T03:12:21.132+0000] {processor.py:753} INFO - DAG(s) dict_keys(['example_xcom']) retrieved from /home/airflow/.local/lib/python3.7/site-packages/airflow/example_dags/example_xcom.py
[2024-11-23T03:12:21.156+0000] {logging_mixin.py:137} INFO - [2024-11-23T03:12:21.156+0000] {dag.py:2690} INFO - Sync 1 DAGs
[2024-11-23T03:12:21.176+0000] {logging_mixin.py:137} INFO - [2024-11-23T03:12:21.175+0000] {dag.py:3441} INFO - Setting next_dagrun for example_xcom to 2021-01-01T00:00:00+00:00, run_after=2021-01-01T00:00:00+00:00
[2024-11-23T03:12:21.192+0000] {processor.py:175} INFO - Processing /home/airflow/.local/lib/python3.7/site-packages/airflow/example_dags/example_xcom.py took 0.083 seconds
[2024-11-23T03:12:51.628+0000] {processor.py:153} INFO - Started process (PID=1154) to work on /home/airflow/.local/lib/python3.7/site-packages/airflow/example_dags/example_xcom.py
[2024-11-23T03:12:51.629+0000] {processor.py:743} INFO - Processing file /home/airflow/.local/lib/python3.7/site-packages/airflow/example_dags/example_xcom.py for tasks to queue
[2024-11-23T03:12:51.630+0000] {logging_mixin.py:137} INFO - [2024-11-23T03:12:51.630+0000] {dagbag.py:538} INFO - Filling up the DagBag from /home/airflow/.local/lib/python3.7/site-packages/airflow/example_dags/example_xcom.py
[2024-11-23T03:12:51.653+0000] {processor.py:753} INFO - DAG(s) dict_keys(['example_xcom']) retrieved from /home/airflow/.local/lib/python3.7/site-packages/airflow/example_dags/example_xcom.py
[2024-11-23T03:12:51.675+0000] {logging_mixin.py:137} INFO - [2024-11-23T03:12:51.675+0000] {dag.py:2690} INFO - Sync 1 DAGs
[2024-11-23T03:12:51.694+0000] {logging_mixin.py:137} INFO - [2024-11-23T03:12:51.694+0000] {dag.py:3441} INFO - Setting next_dagrun for example_xcom to 2021-01-01T00:00:00+00:00, run_after=2021-01-01T00:00:00+00:00
[2024-11-23T03:12:51.711+0000] {processor.py:175} INFO - Processing /home/airflow/.local/lib/python3.7/site-packages/airflow/example_dags/example_xcom.py took 0.087 seconds
[2024-11-23T03:13:21.828+0000] {processor.py:153} INFO - Started process (PID=1228) to work on /home/airflow/.local/lib/python3.7/site-packages/airflow/example_dags/example_xcom.py
[2024-11-23T03:13:21.830+0000] {processor.py:743} INFO - Processing file /home/airflow/.local/lib/python3.7/site-packages/airflow/example_dags/example_xcom.py for tasks to queue
[2024-11-23T03:13:21.831+0000] {logging_mixin.py:137} INFO - [2024-11-23T03:13:21.831+0000] {dagbag.py:538} INFO - Filling up the DagBag from /home/airflow/.local/lib/python3.7/site-packages/airflow/example_dags/example_xcom.py
[2024-11-23T03:13:21.849+0000] {processor.py:753} INFO - DAG(s) dict_keys(['example_xcom']) retrieved from /home/airflow/.local/lib/python3.7/site-packages/airflow/example_dags/example_xcom.py
[2024-11-23T03:13:21.871+0000] {logging_mixin.py:137} INFO - [2024-11-23T03:13:21.871+0000] {dag.py:2690} INFO - Sync 1 DAGs
[2024-11-23T03:13:21.889+0000] {logging_mixin.py:137} INFO - [2024-11-23T03:13:21.889+0000] {dag.py:3441} INFO - Setting next_dagrun for example_xcom to 2021-01-01T00:00:00+00:00, run_after=2021-01-01T00:00:00+00:00
[2024-11-23T03:13:21.902+0000] {processor.py:175} INFO - Processing /home/airflow/.local/lib/python3.7/site-packages/airflow/example_dags/example_xcom.py took 0.076 seconds
[2024-11-23T03:13:52.030+0000] {processor.py:153} INFO - Started process (PID=1318) to work on /home/airflow/.local/lib/python3.7/site-packages/airflow/example_dags/example_xcom.py
[2024-11-23T03:13:52.031+0000] {processor.py:743} INFO - Processing file /home/airflow/.local/lib/python3.7/site-packages/airflow/example_dags/example_xcom.py for tasks to queue
[2024-11-23T03:13:52.031+0000] {logging_mixin.py:137} INFO - [2024-11-23T03:13:52.031+0000] {dagbag.py:538} INFO - Filling up the DagBag from /home/airflow/.local/lib/python3.7/site-packages/airflow/example_dags/example_xcom.py
[2024-11-23T03:13:52.047+0000] {processor.py:753} INFO - DAG(s) dict_keys(['example_xcom']) retrieved from /home/airflow/.local/lib/python3.7/site-packages/airflow/example_dags/example_xcom.py
[2024-11-23T03:13:52.069+0000] {logging_mixin.py:137} INFO - [2024-11-23T03:13:52.069+0000] {dag.py:2690} INFO - Sync 1 DAGs
[2024-11-23T03:13:52.088+0000] {logging_mixin.py:137} INFO - [2024-11-23T03:13:52.088+0000] {dag.py:3441} INFO - Setting next_dagrun for example_xcom to 2021-01-01T00:00:00+00:00, run_after=2021-01-01T00:00:00+00:00
[2024-11-23T03:13:52.099+0000] {processor.py:175} INFO - Processing /home/airflow/.local/lib/python3.7/site-packages/airflow/example_dags/example_xcom.py took 0.072 seconds
[2024-11-23T03:14:22.196+0000] {processor.py:153} INFO - Started process (PID=1401) to work on /home/airflow/.local/lib/python3.7/site-packages/airflow/example_dags/example_xcom.py
[2024-11-23T03:14:22.197+0000] {processor.py:743} INFO - Processing file /home/airflow/.local/lib/python3.7/site-packages/airflow/example_dags/example_xcom.py for tasks to queue
[2024-11-23T03:14:22.198+0000] {logging_mixin.py:137} INFO - [2024-11-23T03:14:22.198+0000] {dagbag.py:538} INFO - Filling up the DagBag from /home/airflow/.local/lib/python3.7/site-packages/airflow/example_dags/example_xcom.py
[2024-11-23T03:14:22.215+0000] {processor.py:753} INFO - DAG(s) dict_keys(['example_xcom']) retrieved from /home/airflow/.local/lib/python3.7/site-packages/airflow/example_dags/example_xcom.py
[2024-11-23T03:14:22.237+0000] {logging_mixin.py:137} INFO - [2024-11-23T03:14:22.237+0000] {dag.py:2690} INFO - Sync 1 DAGs
[2024-11-23T03:14:22.255+0000] {logging_mixin.py:137} INFO - [2024-11-23T03:14:22.255+0000] {dag.py:3441} INFO - Setting next_dagrun for example_xcom to 2021-01-01T00:00:00+00:00, run_after=2021-01-01T00:00:00+00:00
[2024-11-23T03:14:22.276+0000] {processor.py:175} INFO - Processing /home/airflow/.local/lib/python3.7/site-packages/airflow/example_dags/example_xcom.py took 0.083 seconds
[2024-11-23T03:14:52.585+0000] {processor.py:153} INFO - Started process (PID=1482) to work on /home/airflow/.local/lib/python3.7/site-packages/airflow/example_dags/example_xcom.py
[2024-11-23T03:14:52.585+0000] {processor.py:743} INFO - Processing file /home/airflow/.local/lib/python3.7/site-packages/airflow/example_dags/example_xcom.py for tasks to queue
[2024-11-23T03:14:52.586+0000] {logging_mixin.py:137} INFO - [2024-11-23T03:14:52.586+0000] {dagbag.py:538} INFO - Filling up the DagBag from /home/airflow/.local/lib/python3.7/site-packages/airflow/example_dags/example_xcom.py
[2024-11-23T03:14:52.605+0000] {processor.py:753} INFO - DAG(s) dict_keys(['example_xcom']) retrieved from /home/airflow/.local/lib/python3.7/site-packages/airflow/example_dags/example_xcom.py
[2024-11-23T03:14:52.628+0000] {logging_mixin.py:137} INFO - [2024-11-23T03:14:52.628+0000] {dag.py:2690} INFO - Sync 1 DAGs
[2024-11-23T03:14:52.653+0000] {logging_mixin.py:137} INFO - [2024-11-23T03:14:52.653+0000] {dag.py:3441} INFO - Setting next_dagrun for example_xcom to 2021-01-01T00:00:00+00:00, run_after=2021-01-01T00:00:00+00:00
[2024-11-23T03:14:52.676+0000] {processor.py:175} INFO - Processing /home/airflow/.local/lib/python3.7/site-packages/airflow/example_dags/example_xcom.py took 0.094 seconds
[2024-11-23T03:15:23.483+0000] {processor.py:153} INFO - Started process (PID=1572) to work on /home/airflow/.local/lib/python3.7/site-packages/airflow/example_dags/example_xcom.py
[2024-11-23T03:15:23.485+0000] {processor.py:743} INFO - Processing file /home/airflow/.local/lib/python3.7/site-packages/airflow/example_dags/example_xcom.py for tasks to queue
[2024-11-23T03:15:23.487+0000] {logging_mixin.py:137} INFO - [2024-11-23T03:15:23.487+0000] {dagbag.py:538} INFO - Filling up the DagBag from /home/airflow/.local/lib/python3.7/site-packages/airflow/example_dags/example_xcom.py
[2024-11-23T03:15:23.507+0000] {processor.py:753} INFO - DAG(s) dict_keys(['example_xcom']) retrieved from /home/airflow/.local/lib/python3.7/site-packages/airflow/example_dags/example_xcom.py
[2024-11-23T03:15:23.536+0000] {logging_mixin.py:137} INFO - [2024-11-23T03:15:23.536+0000] {dag.py:2690} INFO - Sync 1 DAGs
[2024-11-23T03:15:23.562+0000] {logging_mixin.py:137} INFO - [2024-11-23T03:15:23.562+0000] {dag.py:3441} INFO - Setting next_dagrun for example_xcom to 2021-01-01T00:00:00+00:00, run_after=2021-01-01T00:00:00+00:00
[2024-11-23T03:15:23.592+0000] {processor.py:175} INFO - Processing /home/airflow/.local/lib/python3.7/site-packages/airflow/example_dags/example_xcom.py took 0.112 seconds
[2024-11-23T03:15:53.653+0000] {processor.py:153} INFO - Started process (PID=1646) to work on /home/airflow/.local/lib/python3.7/site-packages/airflow/example_dags/example_xcom.py
[2024-11-23T03:15:53.654+0000] {processor.py:743} INFO - Processing file /home/airflow/.local/lib/python3.7/site-packages/airflow/example_dags/example_xcom.py for tasks to queue
[2024-11-23T03:15:53.655+0000] {logging_mixin.py:137} INFO - [2024-11-23T03:15:53.655+0000] {dagbag.py:538} INFO - Filling up the DagBag from /home/airflow/.local/lib/python3.7/site-packages/airflow/example_dags/example_xcom.py
[2024-11-23T03:15:53.674+0000] {processor.py:753} INFO - DAG(s) dict_keys(['example_xcom']) retrieved from /home/airflow/.local/lib/python3.7/site-packages/airflow/example_dags/example_xcom.py
[2024-11-23T03:15:53.694+0000] {logging_mixin.py:137} INFO - [2024-11-23T03:15:53.694+0000] {dag.py:2690} INFO - Sync 1 DAGs
[2024-11-23T03:15:53.711+0000] {logging_mixin.py:137} INFO - [2024-11-23T03:15:53.710+0000] {dag.py:3441} INFO - Setting next_dagrun for example_xcom to 2021-01-01T00:00:00+00:00, run_after=2021-01-01T00:00:00+00:00
[2024-11-23T03:15:53.722+0000] {processor.py:175} INFO - Processing /home/airflow/.local/lib/python3.7/site-packages/airflow/example_dags/example_xcom.py took 0.072 seconds
[2024-11-23T03:16:23.874+0000] {processor.py:153} INFO - Started process (PID=1736) to work on /home/airflow/.local/lib/python3.7/site-packages/airflow/example_dags/example_xcom.py
[2024-11-23T03:16:23.875+0000] {processor.py:743} INFO - Processing file /home/airflow/.local/lib/python3.7/site-packages/airflow/example_dags/example_xcom.py for tasks to queue
[2024-11-23T03:16:23.876+0000] {logging_mixin.py:137} INFO - [2024-11-23T03:16:23.875+0000] {dagbag.py:538} INFO - Filling up the DagBag from /home/airflow/.local/lib/python3.7/site-packages/airflow/example_dags/example_xcom.py
[2024-11-23T03:16:23.891+0000] {processor.py:753} INFO - DAG(s) dict_keys(['example_xcom']) retrieved from /home/airflow/.local/lib/python3.7/site-packages/airflow/example_dags/example_xcom.py
[2024-11-23T03:16:23.909+0000] {logging_mixin.py:137} INFO - [2024-11-23T03:16:23.909+0000] {dag.py:2690} INFO - Sync 1 DAGs
[2024-11-23T03:16:23.926+0000] {logging_mixin.py:137} INFO - [2024-11-23T03:16:23.926+0000] {dag.py:3441} INFO - Setting next_dagrun for example_xcom to 2021-01-01T00:00:00+00:00, run_after=2021-01-01T00:00:00+00:00
[2024-11-23T03:16:23.938+0000] {processor.py:175} INFO - Processing /home/airflow/.local/lib/python3.7/site-packages/airflow/example_dags/example_xcom.py took 0.067 seconds
[2024-11-23T03:16:54.148+0000] {processor.py:153} INFO - Started process (PID=1810) to work on /home/airflow/.local/lib/python3.7/site-packages/airflow/example_dags/example_xcom.py
[2024-11-23T03:16:54.149+0000] {processor.py:743} INFO - Processing file /home/airflow/.local/lib/python3.7/site-packages/airflow/example_dags/example_xcom.py for tasks to queue
[2024-11-23T03:16:54.152+0000] {logging_mixin.py:137} INFO - [2024-11-23T03:16:54.152+0000] {dagbag.py:538} INFO - Filling up the DagBag from /home/airflow/.local/lib/python3.7/site-packages/airflow/example_dags/example_xcom.py
[2024-11-23T03:16:54.170+0000] {processor.py:753} INFO - DAG(s) dict_keys(['example_xcom']) retrieved from /home/airflow/.local/lib/python3.7/site-packages/airflow/example_dags/example_xcom.py
[2024-11-23T03:16:54.189+0000] {logging_mixin.py:137} INFO - [2024-11-23T03:16:54.189+0000] {dag.py:2690} INFO - Sync 1 DAGs
[2024-11-23T03:16:54.209+0000] {logging_mixin.py:137} INFO - [2024-11-23T03:16:54.208+0000] {dag.py:3441} INFO - Setting next_dagrun for example_xcom to 2021-01-01T00:00:00+00:00, run_after=2021-01-01T00:00:00+00:00
[2024-11-23T03:16:54.223+0000] {processor.py:175} INFO - Processing /home/airflow/.local/lib/python3.7/site-packages/airflow/example_dags/example_xcom.py took 0.078 seconds
[2024-11-23T03:17:24.342+0000] {processor.py:153} INFO - Started process (PID=1900) to work on /home/airflow/.local/lib/python3.7/site-packages/airflow/example_dags/example_xcom.py
[2024-11-23T03:17:24.343+0000] {processor.py:743} INFO - Processing file /home/airflow/.local/lib/python3.7/site-packages/airflow/example_dags/example_xcom.py for tasks to queue
[2024-11-23T03:17:24.344+0000] {logging_mixin.py:137} INFO - [2024-11-23T03:17:24.343+0000] {dagbag.py:538} INFO - Filling up the DagBag from /home/airflow/.local/lib/python3.7/site-packages/airflow/example_dags/example_xcom.py
[2024-11-23T03:17:24.360+0000] {processor.py:753} INFO - DAG(s) dict_keys(['example_xcom']) retrieved from /home/airflow/.local/lib/python3.7/site-packages/airflow/example_dags/example_xcom.py
[2024-11-23T03:17:24.378+0000] {logging_mixin.py:137} INFO - [2024-11-23T03:17:24.378+0000] {dag.py:2690} INFO - Sync 1 DAGs
[2024-11-23T03:17:24.395+0000] {logging_mixin.py:137} INFO - [2024-11-23T03:17:24.395+0000] {dag.py:3441} INFO - Setting next_dagrun for example_xcom to 2021-01-01T00:00:00+00:00, run_after=2021-01-01T00:00:00+00:00
[2024-11-23T03:17:24.407+0000] {processor.py:175} INFO - Processing /home/airflow/.local/lib/python3.7/site-packages/airflow/example_dags/example_xcom.py took 0.067 seconds
[2024-11-23T03:17:54.499+0000] {processor.py:153} INFO - Started process (PID=1973) to work on /home/airflow/.local/lib/python3.7/site-packages/airflow/example_dags/example_xcom.py
[2024-11-23T03:17:54.500+0000] {processor.py:743} INFO - Processing file /home/airflow/.local/lib/python3.7/site-packages/airflow/example_dags/example_xcom.py for tasks to queue
[2024-11-23T03:17:54.500+0000] {logging_mixin.py:137} INFO - [2024-11-23T03:17:54.500+0000] {dagbag.py:538} INFO - Filling up the DagBag from /home/airflow/.local/lib/python3.7/site-packages/airflow/example_dags/example_xcom.py
[2024-11-23T03:17:54.518+0000] {processor.py:753} INFO - DAG(s) dict_keys(['example_xcom']) retrieved from /home/airflow/.local/lib/python3.7/site-packages/airflow/example_dags/example_xcom.py
[2024-11-23T03:17:54.538+0000] {logging_mixin.py:137} INFO - [2024-11-23T03:17:54.538+0000] {dag.py:2690} INFO - Sync 1 DAGs
[2024-11-23T03:17:54.556+0000] {logging_mixin.py:137} INFO - [2024-11-23T03:17:54.556+0000] {dag.py:3441} INFO - Setting next_dagrun for example_xcom to 2021-01-01T00:00:00+00:00, run_after=2021-01-01T00:00:00+00:00
[2024-11-23T03:17:54.568+0000] {processor.py:175} INFO - Processing /home/airflow/.local/lib/python3.7/site-packages/airflow/example_dags/example_xcom.py took 0.071 seconds
[2024-11-23T03:18:24.859+0000] {processor.py:153} INFO - Started process (PID=2062) to work on /home/airflow/.local/lib/python3.7/site-packages/airflow/example_dags/example_xcom.py
[2024-11-23T03:18:24.860+0000] {processor.py:743} INFO - Processing file /home/airflow/.local/lib/python3.7/site-packages/airflow/example_dags/example_xcom.py for tasks to queue
[2024-11-23T03:18:24.860+0000] {logging_mixin.py:137} INFO - [2024-11-23T03:18:24.860+0000] {dagbag.py:538} INFO - Filling up the DagBag from /home/airflow/.local/lib/python3.7/site-packages/airflow/example_dags/example_xcom.py
[2024-11-23T03:18:24.877+0000] {processor.py:753} INFO - DAG(s) dict_keys(['example_xcom']) retrieved from /home/airflow/.local/lib/python3.7/site-packages/airflow/example_dags/example_xcom.py
[2024-11-23T03:18:24.897+0000] {logging_mixin.py:137} INFO - [2024-11-23T03:18:24.896+0000] {dag.py:2690} INFO - Sync 1 DAGs
[2024-11-23T03:18:24.913+0000] {logging_mixin.py:137} INFO - [2024-11-23T03:18:24.913+0000] {dag.py:3441} INFO - Setting next_dagrun for example_xcom to 2021-01-01T00:00:00+00:00, run_after=2021-01-01T00:00:00+00:00
[2024-11-23T03:18:24.925+0000] {processor.py:175} INFO - Processing /home/airflow/.local/lib/python3.7/site-packages/airflow/example_dags/example_xcom.py took 0.068 seconds
[2024-11-23T03:18:55.006+0000] {processor.py:153} INFO - Started process (PID=2145) to work on /home/airflow/.local/lib/python3.7/site-packages/airflow/example_dags/example_xcom.py
[2024-11-23T03:18:55.007+0000] {processor.py:743} INFO - Processing file /home/airflow/.local/lib/python3.7/site-packages/airflow/example_dags/example_xcom.py for tasks to queue
[2024-11-23T03:18:55.008+0000] {logging_mixin.py:137} INFO - [2024-11-23T03:18:55.008+0000] {dagbag.py:538} INFO - Filling up the DagBag from /home/airflow/.local/lib/python3.7/site-packages/airflow/example_dags/example_xcom.py
[2024-11-23T03:18:55.026+0000] {processor.py:753} INFO - DAG(s) dict_keys(['example_xcom']) retrieved from /home/airflow/.local/lib/python3.7/site-packages/airflow/example_dags/example_xcom.py
[2024-11-23T03:18:55.047+0000] {logging_mixin.py:137} INFO - [2024-11-23T03:18:55.046+0000] {dag.py:2690} INFO - Sync 1 DAGs
[2024-11-23T03:18:55.067+0000] {logging_mixin.py:137} INFO - [2024-11-23T03:18:55.067+0000] {dag.py:3441} INFO - Setting next_dagrun for example_xcom to 2021-01-01T00:00:00+00:00, run_after=2021-01-01T00:00:00+00:00
[2024-11-23T03:18:55.082+0000] {processor.py:175} INFO - Processing /home/airflow/.local/lib/python3.7/site-packages/airflow/example_dags/example_xcom.py took 0.079 seconds
[2024-11-23T03:19:25.413+0000] {processor.py:153} INFO - Started process (PID=2225) to work on /home/airflow/.local/lib/python3.7/site-packages/airflow/example_dags/example_xcom.py
[2024-11-23T03:19:25.414+0000] {processor.py:743} INFO - Processing file /home/airflow/.local/lib/python3.7/site-packages/airflow/example_dags/example_xcom.py for tasks to queue
[2024-11-23T03:19:25.414+0000] {logging_mixin.py:137} INFO - [2024-11-23T03:19:25.414+0000] {dagbag.py:538} INFO - Filling up the DagBag from /home/airflow/.local/lib/python3.7/site-packages/airflow/example_dags/example_xcom.py
[2024-11-23T03:19:25.432+0000] {processor.py:753} INFO - DAG(s) dict_keys(['example_xcom']) retrieved from /home/airflow/.local/lib/python3.7/site-packages/airflow/example_dags/example_xcom.py
[2024-11-23T03:19:25.452+0000] {logging_mixin.py:137} INFO - [2024-11-23T03:19:25.452+0000] {dag.py:2690} INFO - Sync 1 DAGs
[2024-11-23T03:19:25.477+0000] {logging_mixin.py:137} INFO - [2024-11-23T03:19:25.476+0000] {dag.py:3441} INFO - Setting next_dagrun for example_xcom to 2021-01-01T00:00:00+00:00, run_after=2021-01-01T00:00:00+00:00
[2024-11-23T03:19:25.491+0000] {processor.py:175} INFO - Processing /home/airflow/.local/lib/python3.7/site-packages/airflow/example_dags/example_xcom.py took 0.080 seconds
[2024-11-23T03:19:56.622+0000] {processor.py:153} INFO - Started process (PID=2315) to work on /home/airflow/.local/lib/python3.7/site-packages/airflow/example_dags/example_xcom.py
[2024-11-23T03:19:56.624+0000] {processor.py:743} INFO - Processing file /home/airflow/.local/lib/python3.7/site-packages/airflow/example_dags/example_xcom.py for tasks to queue
[2024-11-23T03:19:56.625+0000] {logging_mixin.py:137} INFO - [2024-11-23T03:19:56.625+0000] {dagbag.py:538} INFO - Filling up the DagBag from /home/airflow/.local/lib/python3.7/site-packages/airflow/example_dags/example_xcom.py
[2024-11-23T03:19:56.658+0000] {processor.py:753} INFO - DAG(s) dict_keys(['example_xcom']) retrieved from /home/airflow/.local/lib/python3.7/site-packages/airflow/example_dags/example_xcom.py
[2024-11-23T03:19:56.696+0000] {logging_mixin.py:137} INFO - [2024-11-23T03:19:56.696+0000] {dag.py:2690} INFO - Sync 1 DAGs
[2024-11-23T03:19:56.733+0000] {logging_mixin.py:137} INFO - [2024-11-23T03:19:56.733+0000] {dag.py:3441} INFO - Setting next_dagrun for example_xcom to 2021-01-01T00:00:00+00:00, run_after=2021-01-01T00:00:00+00:00
[2024-11-23T03:19:56.758+0000] {processor.py:175} INFO - Processing /home/airflow/.local/lib/python3.7/site-packages/airflow/example_dags/example_xcom.py took 0.140 seconds
