[2024-11-23T02:53:01.192+0000] {processor.py:153} INFO - Started process (PID=58) to work on /home/airflow/.local/lib/python3.7/site-packages/airflow/example_dags/example_branch_python_dop_operator_3.py
[2024-11-23T02:53:01.195+0000] {processor.py:743} INFO - Processing file /home/airflow/.local/lib/python3.7/site-packages/airflow/example_dags/example_branch_python_dop_operator_3.py for tasks to queue
[2024-11-23T02:53:01.196+0000] {logging_mixin.py:137} INFO - [2024-11-23T02:53:01.196+0000] {dagbag.py:538} INFO - Filling up the DagBag from /home/airflow/.local/lib/python3.7/site-packages/airflow/example_dags/example_branch_python_dop_operator_3.py
[2024-11-23T02:53:01.255+0000] {processor.py:753} INFO - DAG(s) dict_keys(['example_branch_dop_operator_v3']) retrieved from /home/airflow/.local/lib/python3.7/site-packages/airflow/example_dags/example_branch_python_dop_operator_3.py
[2024-11-23T02:53:01.327+0000] {logging_mixin.py:137} INFO - [2024-11-23T02:53:01.327+0000] {dag.py:2690} INFO - Sync 1 DAGs
[2024-11-23T02:53:01.440+0000] {logging_mixin.py:137} INFO - [2024-11-23T02:53:01.440+0000] {dag.py:3441} INFO - Setting next_dagrun for example_branch_dop_operator_v3 to 2024-11-23T02:52:00+00:00, run_after=2024-11-23T02:53:00+00:00
[2024-11-23T02:53:01.522+0000] {processor.py:175} INFO - Processing /home/airflow/.local/lib/python3.7/site-packages/airflow/example_dags/example_branch_python_dop_operator_3.py took 0.339 seconds
[2024-11-23T02:53:32.257+0000] {processor.py:153} INFO - Started process (PID=141) to work on /home/airflow/.local/lib/python3.7/site-packages/airflow/example_dags/example_branch_python_dop_operator_3.py
[2024-11-23T02:53:32.262+0000] {processor.py:743} INFO - Processing file /home/airflow/.local/lib/python3.7/site-packages/airflow/example_dags/example_branch_python_dop_operator_3.py for tasks to queue
[2024-11-23T02:53:32.263+0000] {logging_mixin.py:137} INFO - [2024-11-23T02:53:32.263+0000] {dagbag.py:538} INFO - Filling up the DagBag from /home/airflow/.local/lib/python3.7/site-packages/airflow/example_dags/example_branch_python_dop_operator_3.py
[2024-11-23T02:53:32.286+0000] {processor.py:753} INFO - DAG(s) dict_keys(['example_branch_dop_operator_v3']) retrieved from /home/airflow/.local/lib/python3.7/site-packages/airflow/example_dags/example_branch_python_dop_operator_3.py
[2024-11-23T02:53:32.327+0000] {logging_mixin.py:137} INFO - [2024-11-23T02:53:32.326+0000] {dag.py:2690} INFO - Sync 1 DAGs
[2024-11-23T02:53:32.378+0000] {logging_mixin.py:137} INFO - [2024-11-23T02:53:32.378+0000] {dag.py:3441} INFO - Setting next_dagrun for example_branch_dop_operator_v3 to 2024-11-23T02:52:00+00:00, run_after=2024-11-23T02:53:00+00:00
[2024-11-23T02:53:32.394+0000] {processor.py:175} INFO - Processing /home/airflow/.local/lib/python3.7/site-packages/airflow/example_dags/example_branch_python_dop_operator_3.py took 0.142 seconds
[2024-11-23T02:54:02.799+0000] {processor.py:153} INFO - Started process (PID=215) to work on /home/airflow/.local/lib/python3.7/site-packages/airflow/example_dags/example_branch_python_dop_operator_3.py
[2024-11-23T02:54:02.800+0000] {processor.py:743} INFO - Processing file /home/airflow/.local/lib/python3.7/site-packages/airflow/example_dags/example_branch_python_dop_operator_3.py for tasks to queue
[2024-11-23T02:54:02.801+0000] {logging_mixin.py:137} INFO - [2024-11-23T02:54:02.801+0000] {dagbag.py:538} INFO - Filling up the DagBag from /home/airflow/.local/lib/python3.7/site-packages/airflow/example_dags/example_branch_python_dop_operator_3.py
[2024-11-23T02:54:02.819+0000] {processor.py:753} INFO - DAG(s) dict_keys(['example_branch_dop_operator_v3']) retrieved from /home/airflow/.local/lib/python3.7/site-packages/airflow/example_dags/example_branch_python_dop_operator_3.py
[2024-11-23T02:54:02.853+0000] {logging_mixin.py:137} INFO - [2024-11-23T02:54:02.853+0000] {dag.py:2690} INFO - Sync 1 DAGs
[2024-11-23T02:54:02.965+0000] {logging_mixin.py:137} INFO - [2024-11-23T02:54:02.964+0000] {dag.py:3441} INFO - Setting next_dagrun for example_branch_dop_operator_v3 to 2024-11-23T02:53:00+00:00, run_after=2024-11-23T02:54:00+00:00
[2024-11-23T02:54:03.067+0000] {processor.py:175} INFO - Processing /home/airflow/.local/lib/python3.7/site-packages/airflow/example_dags/example_branch_python_dop_operator_3.py took 0.271 seconds
[2024-11-23T02:54:33.185+0000] {processor.py:153} INFO - Started process (PID=306) to work on /home/airflow/.local/lib/python3.7/site-packages/airflow/example_dags/example_branch_python_dop_operator_3.py
[2024-11-23T02:54:33.186+0000] {processor.py:743} INFO - Processing file /home/airflow/.local/lib/python3.7/site-packages/airflow/example_dags/example_branch_python_dop_operator_3.py for tasks to queue
[2024-11-23T02:54:33.187+0000] {logging_mixin.py:137} INFO - [2024-11-23T02:54:33.187+0000] {dagbag.py:538} INFO - Filling up the DagBag from /home/airflow/.local/lib/python3.7/site-packages/airflow/example_dags/example_branch_python_dop_operator_3.py
[2024-11-23T02:54:33.206+0000] {processor.py:753} INFO - DAG(s) dict_keys(['example_branch_dop_operator_v3']) retrieved from /home/airflow/.local/lib/python3.7/site-packages/airflow/example_dags/example_branch_python_dop_operator_3.py
[2024-11-23T02:54:33.228+0000] {logging_mixin.py:137} INFO - [2024-11-23T02:54:33.228+0000] {dag.py:2690} INFO - Sync 1 DAGs
[2024-11-23T02:54:33.251+0000] {logging_mixin.py:137} INFO - [2024-11-23T02:54:33.251+0000] {dag.py:3441} INFO - Setting next_dagrun for example_branch_dop_operator_v3 to 2024-11-23T02:53:00+00:00, run_after=2024-11-23T02:54:00+00:00
[2024-11-23T02:54:33.288+0000] {processor.py:175} INFO - Processing /home/airflow/.local/lib/python3.7/site-packages/airflow/example_dags/example_branch_python_dop_operator_3.py took 0.106 seconds
[2024-11-23T02:55:28.701+0000] {processor.py:153} INFO - Started process (PID=51) to work on /home/airflow/.local/lib/python3.7/site-packages/airflow/example_dags/example_branch_python_dop_operator_3.py
[2024-11-23T02:55:28.702+0000] {processor.py:743} INFO - Processing file /home/airflow/.local/lib/python3.7/site-packages/airflow/example_dags/example_branch_python_dop_operator_3.py for tasks to queue
[2024-11-23T02:55:28.703+0000] {logging_mixin.py:137} INFO - [2024-11-23T02:55:28.703+0000] {dagbag.py:538} INFO - Filling up the DagBag from /home/airflow/.local/lib/python3.7/site-packages/airflow/example_dags/example_branch_python_dop_operator_3.py
[2024-11-23T02:55:28.741+0000] {processor.py:753} INFO - DAG(s) dict_keys(['example_branch_dop_operator_v3']) retrieved from /home/airflow/.local/lib/python3.7/site-packages/airflow/example_dags/example_branch_python_dop_operator_3.py
[2024-11-23T02:55:28.769+0000] {logging_mixin.py:137} INFO - [2024-11-23T02:55:28.769+0000] {dag.py:2690} INFO - Sync 1 DAGs
[2024-11-23T02:55:28.879+0000] {logging_mixin.py:137} INFO - [2024-11-23T02:55:28.878+0000] {dag.py:3441} INFO - Setting next_dagrun for example_branch_dop_operator_v3 to 2024-11-23T02:54:00+00:00, run_after=2024-11-23T02:55:00+00:00
[2024-11-23T02:55:28.909+0000] {processor.py:175} INFO - Processing /home/airflow/.local/lib/python3.7/site-packages/airflow/example_dags/example_branch_python_dop_operator_3.py took 0.212 seconds
[2024-11-23T02:56:01.193+0000] {processor.py:153} INFO - Started process (PID=141) to work on /home/airflow/.local/lib/python3.7/site-packages/airflow/example_dags/example_branch_python_dop_operator_3.py
[2024-11-23T02:56:01.199+0000] {processor.py:743} INFO - Processing file /home/airflow/.local/lib/python3.7/site-packages/airflow/example_dags/example_branch_python_dop_operator_3.py for tasks to queue
[2024-11-23T02:56:01.296+0000] {logging_mixin.py:137} INFO - [2024-11-23T02:56:01.248+0000] {dagbag.py:538} INFO - Filling up the DagBag from /home/airflow/.local/lib/python3.7/site-packages/airflow/example_dags/example_branch_python_dop_operator_3.py
[2024-11-23T02:56:01.748+0000] {processor.py:753} INFO - DAG(s) dict_keys(['example_branch_dop_operator_v3']) retrieved from /home/airflow/.local/lib/python3.7/site-packages/airflow/example_dags/example_branch_python_dop_operator_3.py
[2024-11-23T02:56:02.198+0000] {logging_mixin.py:137} INFO - [2024-11-23T02:56:02.198+0000] {dag.py:2690} INFO - Sync 1 DAGs
[2024-11-23T02:56:02.291+0000] {logging_mixin.py:137} INFO - [2024-11-23T02:56:02.291+0000] {dag.py:3441} INFO - Setting next_dagrun for example_branch_dop_operator_v3 to 2024-11-23T02:55:00+00:00, run_after=2024-11-23T02:56:00+00:00
[2024-11-23T02:56:02.342+0000] {processor.py:175} INFO - Processing /home/airflow/.local/lib/python3.7/site-packages/airflow/example_dags/example_branch_python_dop_operator_3.py took 1.168 seconds
[2024-11-23T02:56:33.189+0000] {processor.py:153} INFO - Started process (PID=231) to work on /home/airflow/.local/lib/python3.7/site-packages/airflow/example_dags/example_branch_python_dop_operator_3.py
[2024-11-23T02:56:33.192+0000] {processor.py:743} INFO - Processing file /home/airflow/.local/lib/python3.7/site-packages/airflow/example_dags/example_branch_python_dop_operator_3.py for tasks to queue
[2024-11-23T02:56:33.199+0000] {logging_mixin.py:137} INFO - [2024-11-23T02:56:33.198+0000] {dagbag.py:538} INFO - Filling up the DagBag from /home/airflow/.local/lib/python3.7/site-packages/airflow/example_dags/example_branch_python_dop_operator_3.py
[2024-11-23T02:56:33.244+0000] {processor.py:753} INFO - DAG(s) dict_keys(['example_branch_dop_operator_v3']) retrieved from /home/airflow/.local/lib/python3.7/site-packages/airflow/example_dags/example_branch_python_dop_operator_3.py
[2024-11-23T02:56:33.272+0000] {logging_mixin.py:137} INFO - [2024-11-23T02:56:33.272+0000] {dag.py:2690} INFO - Sync 1 DAGs
[2024-11-23T02:56:33.310+0000] {logging_mixin.py:137} INFO - [2024-11-23T02:56:33.309+0000] {dag.py:3441} INFO - Setting next_dagrun for example_branch_dop_operator_v3 to 2024-11-23T02:55:00+00:00, run_after=2024-11-23T02:56:00+00:00
[2024-11-23T02:56:33.332+0000] {processor.py:175} INFO - Processing /home/airflow/.local/lib/python3.7/site-packages/airflow/example_dags/example_branch_python_dop_operator_3.py took 0.149 seconds
[2024-11-23T02:57:04.265+0000] {processor.py:153} INFO - Started process (PID=305) to work on /home/airflow/.local/lib/python3.7/site-packages/airflow/example_dags/example_branch_python_dop_operator_3.py
[2024-11-23T02:57:04.267+0000] {processor.py:743} INFO - Processing file /home/airflow/.local/lib/python3.7/site-packages/airflow/example_dags/example_branch_python_dop_operator_3.py for tasks to queue
[2024-11-23T02:57:04.268+0000] {logging_mixin.py:137} INFO - [2024-11-23T02:57:04.267+0000] {dagbag.py:538} INFO - Filling up the DagBag from /home/airflow/.local/lib/python3.7/site-packages/airflow/example_dags/example_branch_python_dop_operator_3.py
[2024-11-23T02:57:04.291+0000] {processor.py:753} INFO - DAG(s) dict_keys(['example_branch_dop_operator_v3']) retrieved from /home/airflow/.local/lib/python3.7/site-packages/airflow/example_dags/example_branch_python_dop_operator_3.py
[2024-11-23T02:57:04.316+0000] {logging_mixin.py:137} INFO - [2024-11-23T02:57:04.316+0000] {dag.py:2690} INFO - Sync 1 DAGs
[2024-11-23T02:57:04.343+0000] {logging_mixin.py:137} INFO - [2024-11-23T02:57:04.343+0000] {dag.py:3441} INFO - Setting next_dagrun for example_branch_dop_operator_v3 to 2024-11-23T02:56:00+00:00, run_after=2024-11-23T02:57:00+00:00
[2024-11-23T02:57:04.362+0000] {processor.py:175} INFO - Processing /home/airflow/.local/lib/python3.7/site-packages/airflow/example_dags/example_branch_python_dop_operator_3.py took 0.102 seconds
[2024-11-23T02:57:34.637+0000] {processor.py:153} INFO - Started process (PID=386) to work on /home/airflow/.local/lib/python3.7/site-packages/airflow/example_dags/example_branch_python_dop_operator_3.py
[2024-11-23T02:57:34.641+0000] {processor.py:743} INFO - Processing file /home/airflow/.local/lib/python3.7/site-packages/airflow/example_dags/example_branch_python_dop_operator_3.py for tasks to queue
[2024-11-23T02:57:34.643+0000] {logging_mixin.py:137} INFO - [2024-11-23T02:57:34.642+0000] {dagbag.py:538} INFO - Filling up the DagBag from /home/airflow/.local/lib/python3.7/site-packages/airflow/example_dags/example_branch_python_dop_operator_3.py
[2024-11-23T02:57:34.699+0000] {processor.py:753} INFO - DAG(s) dict_keys(['example_branch_dop_operator_v3']) retrieved from /home/airflow/.local/lib/python3.7/site-packages/airflow/example_dags/example_branch_python_dop_operator_3.py
[2024-11-23T02:57:34.786+0000] {logging_mixin.py:137} INFO - [2024-11-23T02:57:34.786+0000] {dag.py:2690} INFO - Sync 1 DAGs
[2024-11-23T02:57:34.878+0000] {logging_mixin.py:137} INFO - [2024-11-23T02:57:34.878+0000] {dag.py:3441} INFO - Setting next_dagrun for example_branch_dop_operator_v3 to 2024-11-23T02:56:00+00:00, run_after=2024-11-23T02:57:00+00:00
[2024-11-23T02:57:34.923+0000] {processor.py:175} INFO - Processing /home/airflow/.local/lib/python3.7/site-packages/airflow/example_dags/example_branch_python_dop_operator_3.py took 0.295 seconds
[2024-11-23T02:58:38.734+0000] {processor.py:153} INFO - Started process (PID=59) to work on /home/airflow/.local/lib/python3.7/site-packages/airflow/example_dags/example_branch_python_dop_operator_3.py
[2024-11-23T02:58:38.737+0000] {processor.py:743} INFO - Processing file /home/airflow/.local/lib/python3.7/site-packages/airflow/example_dags/example_branch_python_dop_operator_3.py for tasks to queue
[2024-11-23T02:58:38.741+0000] {logging_mixin.py:137} INFO - [2024-11-23T02:58:38.739+0000] {dagbag.py:538} INFO - Filling up the DagBag from /home/airflow/.local/lib/python3.7/site-packages/airflow/example_dags/example_branch_python_dop_operator_3.py
[2024-11-23T02:58:38.810+0000] {processor.py:753} INFO - DAG(s) dict_keys(['example_branch_dop_operator_v3']) retrieved from /home/airflow/.local/lib/python3.7/site-packages/airflow/example_dags/example_branch_python_dop_operator_3.py
[2024-11-23T02:58:38.836+0000] {logging_mixin.py:137} INFO - [2024-11-23T02:58:38.836+0000] {dag.py:2690} INFO - Sync 1 DAGs
[2024-11-23T02:58:38.901+0000] {logging_mixin.py:137} INFO - [2024-11-23T02:58:38.899+0000] {dag.py:3441} INFO - Setting next_dagrun for example_branch_dop_operator_v3 to 2024-11-23T02:57:00+00:00, run_after=2024-11-23T02:58:00+00:00
[2024-11-23T02:58:38.969+0000] {processor.py:175} INFO - Processing /home/airflow/.local/lib/python3.7/site-packages/airflow/example_dags/example_branch_python_dop_operator_3.py took 0.240 seconds
[2024-11-23T02:59:09.020+0000] {processor.py:153} INFO - Started process (PID=140) to work on /home/airflow/.local/lib/python3.7/site-packages/airflow/example_dags/example_branch_python_dop_operator_3.py
[2024-11-23T02:59:09.021+0000] {processor.py:743} INFO - Processing file /home/airflow/.local/lib/python3.7/site-packages/airflow/example_dags/example_branch_python_dop_operator_3.py for tasks to queue
[2024-11-23T02:59:09.023+0000] {logging_mixin.py:137} INFO - [2024-11-23T02:59:09.023+0000] {dagbag.py:538} INFO - Filling up the DagBag from /home/airflow/.local/lib/python3.7/site-packages/airflow/example_dags/example_branch_python_dop_operator_3.py
[2024-11-23T02:59:09.041+0000] {processor.py:753} INFO - DAG(s) dict_keys(['example_branch_dop_operator_v3']) retrieved from /home/airflow/.local/lib/python3.7/site-packages/airflow/example_dags/example_branch_python_dop_operator_3.py
[2024-11-23T02:59:09.058+0000] {logging_mixin.py:137} INFO - [2024-11-23T02:59:09.058+0000] {dag.py:2690} INFO - Sync 1 DAGs
[2024-11-23T02:59:09.077+0000] {logging_mixin.py:137} INFO - [2024-11-23T02:59:09.077+0000] {dag.py:3441} INFO - Setting next_dagrun for example_branch_dop_operator_v3 to 2024-11-23T02:58:00+00:00, run_after=2024-11-23T02:59:00+00:00
[2024-11-23T02:59:09.088+0000] {processor.py:175} INFO - Processing /home/airflow/.local/lib/python3.7/site-packages/airflow/example_dags/example_branch_python_dop_operator_3.py took 0.071 seconds
[2024-11-23T02:59:39.888+0000] {processor.py:153} INFO - Started process (PID=214) to work on /home/airflow/.local/lib/python3.7/site-packages/airflow/example_dags/example_branch_python_dop_operator_3.py
[2024-11-23T02:59:39.892+0000] {processor.py:743} INFO - Processing file /home/airflow/.local/lib/python3.7/site-packages/airflow/example_dags/example_branch_python_dop_operator_3.py for tasks to queue
[2024-11-23T02:59:39.893+0000] {logging_mixin.py:137} INFO - [2024-11-23T02:59:39.893+0000] {dagbag.py:538} INFO - Filling up the DagBag from /home/airflow/.local/lib/python3.7/site-packages/airflow/example_dags/example_branch_python_dop_operator_3.py
[2024-11-23T02:59:39.912+0000] {processor.py:753} INFO - DAG(s) dict_keys(['example_branch_dop_operator_v3']) retrieved from /home/airflow/.local/lib/python3.7/site-packages/airflow/example_dags/example_branch_python_dop_operator_3.py
[2024-11-23T02:59:39.940+0000] {logging_mixin.py:137} INFO - [2024-11-23T02:59:39.940+0000] {dag.py:2690} INFO - Sync 1 DAGs
[2024-11-23T02:59:39.967+0000] {logging_mixin.py:137} INFO - [2024-11-23T02:59:39.967+0000] {dag.py:3441} INFO - Setting next_dagrun for example_branch_dop_operator_v3 to 2024-11-23T02:58:00+00:00, run_after=2024-11-23T02:59:00+00:00
[2024-11-23T02:59:39.980+0000] {processor.py:175} INFO - Processing /home/airflow/.local/lib/python3.7/site-packages/airflow/example_dags/example_branch_python_dop_operator_3.py took 0.096 seconds
[2024-11-23T03:00:10.322+0000] {processor.py:153} INFO - Started process (PID=304) to work on /home/airflow/.local/lib/python3.7/site-packages/airflow/example_dags/example_branch_python_dop_operator_3.py
[2024-11-23T03:00:10.323+0000] {processor.py:743} INFO - Processing file /home/airflow/.local/lib/python3.7/site-packages/airflow/example_dags/example_branch_python_dop_operator_3.py for tasks to queue
[2024-11-23T03:00:10.325+0000] {logging_mixin.py:137} INFO - [2024-11-23T03:00:10.325+0000] {dagbag.py:538} INFO - Filling up the DagBag from /home/airflow/.local/lib/python3.7/site-packages/airflow/example_dags/example_branch_python_dop_operator_3.py
[2024-11-23T03:00:10.343+0000] {processor.py:753} INFO - DAG(s) dict_keys(['example_branch_dop_operator_v3']) retrieved from /home/airflow/.local/lib/python3.7/site-packages/airflow/example_dags/example_branch_python_dop_operator_3.py
[2024-11-23T03:00:10.366+0000] {logging_mixin.py:137} INFO - [2024-11-23T03:00:10.366+0000] {dag.py:2690} INFO - Sync 1 DAGs
[2024-11-23T03:00:10.388+0000] {logging_mixin.py:137} INFO - [2024-11-23T03:00:10.388+0000] {dag.py:3441} INFO - Setting next_dagrun for example_branch_dop_operator_v3 to 2024-11-23T02:59:00+00:00, run_after=2024-11-23T03:00:00+00:00
[2024-11-23T03:00:10.405+0000] {processor.py:175} INFO - Processing /home/airflow/.local/lib/python3.7/site-packages/airflow/example_dags/example_branch_python_dop_operator_3.py took 0.086 seconds
[2024-11-23T03:00:40.940+0000] {processor.py:153} INFO - Started process (PID=378) to work on /home/airflow/.local/lib/python3.7/site-packages/airflow/example_dags/example_branch_python_dop_operator_3.py
[2024-11-23T03:00:40.944+0000] {processor.py:743} INFO - Processing file /home/airflow/.local/lib/python3.7/site-packages/airflow/example_dags/example_branch_python_dop_operator_3.py for tasks to queue
[2024-11-23T03:00:40.945+0000] {logging_mixin.py:137} INFO - [2024-11-23T03:00:40.945+0000] {dagbag.py:538} INFO - Filling up the DagBag from /home/airflow/.local/lib/python3.7/site-packages/airflow/example_dags/example_branch_python_dop_operator_3.py
[2024-11-23T03:00:40.964+0000] {processor.py:753} INFO - DAG(s) dict_keys(['example_branch_dop_operator_v3']) retrieved from /home/airflow/.local/lib/python3.7/site-packages/airflow/example_dags/example_branch_python_dop_operator_3.py
[2024-11-23T03:00:40.989+0000] {logging_mixin.py:137} INFO - [2024-11-23T03:00:40.989+0000] {dag.py:2690} INFO - Sync 1 DAGs
[2024-11-23T03:00:41.011+0000] {logging_mixin.py:137} INFO - [2024-11-23T03:00:41.011+0000] {dag.py:3441} INFO - Setting next_dagrun for example_branch_dop_operator_v3 to 2024-11-23T02:59:00+00:00, run_after=2024-11-23T03:00:00+00:00
[2024-11-23T03:00:41.035+0000] {processor.py:175} INFO - Processing /home/airflow/.local/lib/python3.7/site-packages/airflow/example_dags/example_branch_python_dop_operator_3.py took 0.097 seconds
[2024-11-23T03:01:11.540+0000] {processor.py:153} INFO - Started process (PID=468) to work on /home/airflow/.local/lib/python3.7/site-packages/airflow/example_dags/example_branch_python_dop_operator_3.py
[2024-11-23T03:01:11.542+0000] {processor.py:743} INFO - Processing file /home/airflow/.local/lib/python3.7/site-packages/airflow/example_dags/example_branch_python_dop_operator_3.py for tasks to queue
[2024-11-23T03:01:11.543+0000] {logging_mixin.py:137} INFO - [2024-11-23T03:01:11.543+0000] {dagbag.py:538} INFO - Filling up the DagBag from /home/airflow/.local/lib/python3.7/site-packages/airflow/example_dags/example_branch_python_dop_operator_3.py
[2024-11-23T03:01:11.560+0000] {processor.py:753} INFO - DAG(s) dict_keys(['example_branch_dop_operator_v3']) retrieved from /home/airflow/.local/lib/python3.7/site-packages/airflow/example_dags/example_branch_python_dop_operator_3.py
[2024-11-23T03:01:11.583+0000] {logging_mixin.py:137} INFO - [2024-11-23T03:01:11.583+0000] {dag.py:2690} INFO - Sync 1 DAGs
[2024-11-23T03:01:11.612+0000] {logging_mixin.py:137} INFO - [2024-11-23T03:01:11.612+0000] {dag.py:3441} INFO - Setting next_dagrun for example_branch_dop_operator_v3 to 2024-11-23T03:00:00+00:00, run_after=2024-11-23T03:01:00+00:00
[2024-11-23T03:01:11.631+0000] {processor.py:175} INFO - Processing /home/airflow/.local/lib/python3.7/site-packages/airflow/example_dags/example_branch_python_dop_operator_3.py took 0.094 seconds
[2024-11-23T03:01:41.871+0000] {processor.py:153} INFO - Started process (PID=558) to work on /home/airflow/.local/lib/python3.7/site-packages/airflow/example_dags/example_branch_python_dop_operator_3.py
[2024-11-23T03:01:41.872+0000] {processor.py:743} INFO - Processing file /home/airflow/.local/lib/python3.7/site-packages/airflow/example_dags/example_branch_python_dop_operator_3.py for tasks to queue
[2024-11-23T03:01:41.873+0000] {logging_mixin.py:137} INFO - [2024-11-23T03:01:41.873+0000] {dagbag.py:538} INFO - Filling up the DagBag from /home/airflow/.local/lib/python3.7/site-packages/airflow/example_dags/example_branch_python_dop_operator_3.py
[2024-11-23T03:01:41.896+0000] {processor.py:753} INFO - DAG(s) dict_keys(['example_branch_dop_operator_v3']) retrieved from /home/airflow/.local/lib/python3.7/site-packages/airflow/example_dags/example_branch_python_dop_operator_3.py
[2024-11-23T03:01:41.923+0000] {logging_mixin.py:137} INFO - [2024-11-23T03:01:41.922+0000] {dag.py:2690} INFO - Sync 1 DAGs
[2024-11-23T03:01:41.948+0000] {logging_mixin.py:137} INFO - [2024-11-23T03:01:41.948+0000] {dag.py:3441} INFO - Setting next_dagrun for example_branch_dop_operator_v3 to 2024-11-23T03:00:00+00:00, run_after=2024-11-23T03:01:00+00:00
[2024-11-23T03:01:41.960+0000] {processor.py:175} INFO - Processing /home/airflow/.local/lib/python3.7/site-packages/airflow/example_dags/example_branch_python_dop_operator_3.py took 0.091 seconds
[2024-11-23T03:02:12.182+0000] {processor.py:153} INFO - Started process (PID=632) to work on /home/airflow/.local/lib/python3.7/site-packages/airflow/example_dags/example_branch_python_dop_operator_3.py
[2024-11-23T03:02:12.183+0000] {processor.py:743} INFO - Processing file /home/airflow/.local/lib/python3.7/site-packages/airflow/example_dags/example_branch_python_dop_operator_3.py for tasks to queue
[2024-11-23T03:02:12.183+0000] {logging_mixin.py:137} INFO - [2024-11-23T03:02:12.183+0000] {dagbag.py:538} INFO - Filling up the DagBag from /home/airflow/.local/lib/python3.7/site-packages/airflow/example_dags/example_branch_python_dop_operator_3.py
[2024-11-23T03:02:12.201+0000] {processor.py:753} INFO - DAG(s) dict_keys(['example_branch_dop_operator_v3']) retrieved from /home/airflow/.local/lib/python3.7/site-packages/airflow/example_dags/example_branch_python_dop_operator_3.py
[2024-11-23T03:02:12.219+0000] {logging_mixin.py:137} INFO - [2024-11-23T03:02:12.219+0000] {dag.py:2690} INFO - Sync 1 DAGs
[2024-11-23T03:02:12.238+0000] {logging_mixin.py:137} INFO - [2024-11-23T03:02:12.238+0000] {dag.py:3441} INFO - Setting next_dagrun for example_branch_dop_operator_v3 to 2024-11-23T03:01:00+00:00, run_after=2024-11-23T03:02:00+00:00
[2024-11-23T03:02:12.250+0000] {processor.py:175} INFO - Processing /home/airflow/.local/lib/python3.7/site-packages/airflow/example_dags/example_branch_python_dop_operator_3.py took 0.070 seconds
[2024-11-23T03:03:05.986+0000] {processor.py:153} INFO - Started process (PID=50) to work on /home/airflow/.local/lib/python3.7/site-packages/airflow/example_dags/example_branch_python_dop_operator_3.py
[2024-11-23T03:03:05.987+0000] {processor.py:743} INFO - Processing file /home/airflow/.local/lib/python3.7/site-packages/airflow/example_dags/example_branch_python_dop_operator_3.py for tasks to queue
[2024-11-23T03:03:05.988+0000] {logging_mixin.py:137} INFO - [2024-11-23T03:03:05.987+0000] {dagbag.py:538} INFO - Filling up the DagBag from /home/airflow/.local/lib/python3.7/site-packages/airflow/example_dags/example_branch_python_dop_operator_3.py
[2024-11-23T03:03:06.019+0000] {processor.py:753} INFO - DAG(s) dict_keys(['example_branch_dop_operator_v3']) retrieved from /home/airflow/.local/lib/python3.7/site-packages/airflow/example_dags/example_branch_python_dop_operator_3.py
[2024-11-23T03:03:06.035+0000] {logging_mixin.py:137} INFO - [2024-11-23T03:03:06.034+0000] {dag.py:2690} INFO - Sync 1 DAGs
[2024-11-23T03:03:06.074+0000] {logging_mixin.py:137} INFO - [2024-11-23T03:03:06.074+0000] {dag.py:3441} INFO - Setting next_dagrun for example_branch_dop_operator_v3 to 2024-11-23T03:02:00+00:00, run_after=2024-11-23T03:03:00+00:00
[2024-11-23T03:03:06.103+0000] {processor.py:175} INFO - Processing /home/airflow/.local/lib/python3.7/site-packages/airflow/example_dags/example_branch_python_dop_operator_3.py took 0.126 seconds
[2024-11-23T03:03:36.578+0000] {processor.py:153} INFO - Started process (PID=140) to work on /home/airflow/.local/lib/python3.7/site-packages/airflow/example_dags/example_branch_python_dop_operator_3.py
[2024-11-23T03:03:36.579+0000] {processor.py:743} INFO - Processing file /home/airflow/.local/lib/python3.7/site-packages/airflow/example_dags/example_branch_python_dop_operator_3.py for tasks to queue
[2024-11-23T03:03:36.580+0000] {logging_mixin.py:137} INFO - [2024-11-23T03:03:36.580+0000] {dagbag.py:538} INFO - Filling up the DagBag from /home/airflow/.local/lib/python3.7/site-packages/airflow/example_dags/example_branch_python_dop_operator_3.py
[2024-11-23T03:03:36.597+0000] {processor.py:753} INFO - DAG(s) dict_keys(['example_branch_dop_operator_v3']) retrieved from /home/airflow/.local/lib/python3.7/site-packages/airflow/example_dags/example_branch_python_dop_operator_3.py
[2024-11-23T03:03:36.626+0000] {logging_mixin.py:137} INFO - [2024-11-23T03:03:36.626+0000] {dag.py:2690} INFO - Sync 1 DAGs
[2024-11-23T03:03:36.650+0000] {logging_mixin.py:137} INFO - [2024-11-23T03:03:36.650+0000] {dag.py:3441} INFO - Setting next_dagrun for example_branch_dop_operator_v3 to 2024-11-23T03:02:00+00:00, run_after=2024-11-23T03:03:00+00:00
[2024-11-23T03:03:36.669+0000] {processor.py:175} INFO - Processing /home/airflow/.local/lib/python3.7/site-packages/airflow/example_dags/example_branch_python_dop_operator_3.py took 0.093 seconds
[2024-11-23T03:06:14.607+0000] {processor.py:153} INFO - Started process (PID=66) to work on /home/airflow/.local/lib/python3.7/site-packages/airflow/example_dags/example_branch_python_dop_operator_3.py
[2024-11-23T03:06:14.610+0000] {processor.py:743} INFO - Processing file /home/airflow/.local/lib/python3.7/site-packages/airflow/example_dags/example_branch_python_dop_operator_3.py for tasks to queue
[2024-11-23T03:06:14.614+0000] {logging_mixin.py:137} INFO - [2024-11-23T03:06:14.614+0000] {dagbag.py:538} INFO - Filling up the DagBag from /home/airflow/.local/lib/python3.7/site-packages/airflow/example_dags/example_branch_python_dop_operator_3.py
[2024-11-23T03:06:14.663+0000] {processor.py:753} INFO - DAG(s) dict_keys(['example_branch_dop_operator_v3']) retrieved from /home/airflow/.local/lib/python3.7/site-packages/airflow/example_dags/example_branch_python_dop_operator_3.py
[2024-11-23T03:06:14.688+0000] {logging_mixin.py:137} INFO - [2024-11-23T03:06:14.687+0000] {dag.py:2690} INFO - Sync 1 DAGs
[2024-11-23T03:06:14.731+0000] {logging_mixin.py:137} INFO - [2024-11-23T03:06:14.731+0000] {dag.py:3441} INFO - Setting next_dagrun for example_branch_dop_operator_v3 to 2024-11-23T03:05:00+00:00, run_after=2024-11-23T03:06:00+00:00
[2024-11-23T03:06:14.812+0000] {processor.py:175} INFO - Processing /home/airflow/.local/lib/python3.7/site-packages/airflow/example_dags/example_branch_python_dop_operator_3.py took 0.213 seconds
[2024-11-23T03:06:45.130+0000] {processor.py:153} INFO - Started process (PID=140) to work on /home/airflow/.local/lib/python3.7/site-packages/airflow/example_dags/example_branch_python_dop_operator_3.py
[2024-11-23T03:06:45.131+0000] {processor.py:743} INFO - Processing file /home/airflow/.local/lib/python3.7/site-packages/airflow/example_dags/example_branch_python_dop_operator_3.py for tasks to queue
[2024-11-23T03:06:45.131+0000] {logging_mixin.py:137} INFO - [2024-11-23T03:06:45.131+0000] {dagbag.py:538} INFO - Filling up the DagBag from /home/airflow/.local/lib/python3.7/site-packages/airflow/example_dags/example_branch_python_dop_operator_3.py
[2024-11-23T03:06:45.150+0000] {processor.py:753} INFO - DAG(s) dict_keys(['example_branch_dop_operator_v3']) retrieved from /home/airflow/.local/lib/python3.7/site-packages/airflow/example_dags/example_branch_python_dop_operator_3.py
[2024-11-23T03:06:45.175+0000] {logging_mixin.py:137} INFO - [2024-11-23T03:06:45.175+0000] {dag.py:2690} INFO - Sync 1 DAGs
[2024-11-23T03:06:45.196+0000] {logging_mixin.py:137} INFO - [2024-11-23T03:06:45.196+0000] {dag.py:3441} INFO - Setting next_dagrun for example_branch_dop_operator_v3 to 2024-11-23T03:05:00+00:00, run_after=2024-11-23T03:06:00+00:00
[2024-11-23T03:06:45.208+0000] {processor.py:175} INFO - Processing /home/airflow/.local/lib/python3.7/site-packages/airflow/example_dags/example_branch_python_dop_operator_3.py took 0.081 seconds
[2024-11-23T03:07:15.293+0000] {processor.py:153} INFO - Started process (PID=223) to work on /home/airflow/.local/lib/python3.7/site-packages/airflow/example_dags/example_branch_python_dop_operator_3.py
[2024-11-23T03:07:15.295+0000] {processor.py:743} INFO - Processing file /home/airflow/.local/lib/python3.7/site-packages/airflow/example_dags/example_branch_python_dop_operator_3.py for tasks to queue
[2024-11-23T03:07:15.295+0000] {logging_mixin.py:137} INFO - [2024-11-23T03:07:15.295+0000] {dagbag.py:538} INFO - Filling up the DagBag from /home/airflow/.local/lib/python3.7/site-packages/airflow/example_dags/example_branch_python_dop_operator_3.py
[2024-11-23T03:07:15.314+0000] {processor.py:753} INFO - DAG(s) dict_keys(['example_branch_dop_operator_v3']) retrieved from /home/airflow/.local/lib/python3.7/site-packages/airflow/example_dags/example_branch_python_dop_operator_3.py
[2024-11-23T03:07:15.334+0000] {logging_mixin.py:137} INFO - [2024-11-23T03:07:15.333+0000] {dag.py:2690} INFO - Sync 1 DAGs
[2024-11-23T03:07:15.358+0000] {logging_mixin.py:137} INFO - [2024-11-23T03:07:15.358+0000] {dag.py:3441} INFO - Setting next_dagrun for example_branch_dop_operator_v3 to 2024-11-23T03:06:00+00:00, run_after=2024-11-23T03:07:00+00:00
[2024-11-23T03:07:15.372+0000] {processor.py:175} INFO - Processing /home/airflow/.local/lib/python3.7/site-packages/airflow/example_dags/example_branch_python_dop_operator_3.py took 0.081 seconds
[2024-11-23T03:07:45.830+0000] {processor.py:153} INFO - Started process (PID=304) to work on /home/airflow/.local/lib/python3.7/site-packages/airflow/example_dags/example_branch_python_dop_operator_3.py
[2024-11-23T03:07:45.838+0000] {processor.py:743} INFO - Processing file /home/airflow/.local/lib/python3.7/site-packages/airflow/example_dags/example_branch_python_dop_operator_3.py for tasks to queue
[2024-11-23T03:07:45.839+0000] {logging_mixin.py:137} INFO - [2024-11-23T03:07:45.839+0000] {dagbag.py:538} INFO - Filling up the DagBag from /home/airflow/.local/lib/python3.7/site-packages/airflow/example_dags/example_branch_python_dop_operator_3.py
[2024-11-23T03:07:45.857+0000] {processor.py:753} INFO - DAG(s) dict_keys(['example_branch_dop_operator_v3']) retrieved from /home/airflow/.local/lib/python3.7/site-packages/airflow/example_dags/example_branch_python_dop_operator_3.py
[2024-11-23T03:07:45.880+0000] {logging_mixin.py:137} INFO - [2024-11-23T03:07:45.880+0000] {dag.py:2690} INFO - Sync 1 DAGs
[2024-11-23T03:07:45.903+0000] {logging_mixin.py:137} INFO - [2024-11-23T03:07:45.903+0000] {dag.py:3441} INFO - Setting next_dagrun for example_branch_dop_operator_v3 to 2024-11-23T03:06:00+00:00, run_after=2024-11-23T03:07:00+00:00
[2024-11-23T03:07:45.924+0000] {processor.py:175} INFO - Processing /home/airflow/.local/lib/python3.7/site-packages/airflow/example_dags/example_branch_python_dop_operator_3.py took 0.096 seconds
[2024-11-23T03:08:16.150+0000] {processor.py:153} INFO - Started process (PID=394) to work on /home/airflow/.local/lib/python3.7/site-packages/airflow/example_dags/example_branch_python_dop_operator_3.py
[2024-11-23T03:08:16.152+0000] {processor.py:743} INFO - Processing file /home/airflow/.local/lib/python3.7/site-packages/airflow/example_dags/example_branch_python_dop_operator_3.py for tasks to queue
[2024-11-23T03:08:16.153+0000] {logging_mixin.py:137} INFO - [2024-11-23T03:08:16.153+0000] {dagbag.py:538} INFO - Filling up the DagBag from /home/airflow/.local/lib/python3.7/site-packages/airflow/example_dags/example_branch_python_dop_operator_3.py
[2024-11-23T03:08:16.172+0000] {processor.py:753} INFO - DAG(s) dict_keys(['example_branch_dop_operator_v3']) retrieved from /home/airflow/.local/lib/python3.7/site-packages/airflow/example_dags/example_branch_python_dop_operator_3.py
[2024-11-23T03:08:16.201+0000] {logging_mixin.py:137} INFO - [2024-11-23T03:08:16.201+0000] {dag.py:2690} INFO - Sync 1 DAGs
[2024-11-23T03:08:16.225+0000] {logging_mixin.py:137} INFO - [2024-11-23T03:08:16.225+0000] {dag.py:3441} INFO - Setting next_dagrun for example_branch_dop_operator_v3 to 2024-11-23T03:07:00+00:00, run_after=2024-11-23T03:08:00+00:00
[2024-11-23T03:08:16.252+0000] {processor.py:175} INFO - Processing /home/airflow/.local/lib/python3.7/site-packages/airflow/example_dags/example_branch_python_dop_operator_3.py took 0.105 seconds
[2024-11-23T03:08:46.372+0000] {processor.py:153} INFO - Started process (PID=467) to work on /home/airflow/.local/lib/python3.7/site-packages/airflow/example_dags/example_branch_python_dop_operator_3.py
[2024-11-23T03:08:46.373+0000] {processor.py:743} INFO - Processing file /home/airflow/.local/lib/python3.7/site-packages/airflow/example_dags/example_branch_python_dop_operator_3.py for tasks to queue
[2024-11-23T03:08:46.375+0000] {logging_mixin.py:137} INFO - [2024-11-23T03:08:46.374+0000] {dagbag.py:538} INFO - Filling up the DagBag from /home/airflow/.local/lib/python3.7/site-packages/airflow/example_dags/example_branch_python_dop_operator_3.py
[2024-11-23T03:08:46.393+0000] {processor.py:753} INFO - DAG(s) dict_keys(['example_branch_dop_operator_v3']) retrieved from /home/airflow/.local/lib/python3.7/site-packages/airflow/example_dags/example_branch_python_dop_operator_3.py
[2024-11-23T03:08:46.411+0000] {logging_mixin.py:137} INFO - [2024-11-23T03:08:46.411+0000] {dag.py:2690} INFO - Sync 1 DAGs
[2024-11-23T03:08:46.431+0000] {logging_mixin.py:137} INFO - [2024-11-23T03:08:46.431+0000] {dag.py:3441} INFO - Setting next_dagrun for example_branch_dop_operator_v3 to 2024-11-23T03:07:00+00:00, run_after=2024-11-23T03:08:00+00:00
[2024-11-23T03:08:46.444+0000] {processor.py:175} INFO - Processing /home/airflow/.local/lib/python3.7/site-packages/airflow/example_dags/example_branch_python_dop_operator_3.py took 0.075 seconds
[2024-11-23T03:09:17.544+0000] {processor.py:153} INFO - Started process (PID=557) to work on /home/airflow/.local/lib/python3.7/site-packages/airflow/example_dags/example_branch_python_dop_operator_3.py
[2024-11-23T03:09:17.545+0000] {processor.py:743} INFO - Processing file /home/airflow/.local/lib/python3.7/site-packages/airflow/example_dags/example_branch_python_dop_operator_3.py for tasks to queue
[2024-11-23T03:09:17.546+0000] {logging_mixin.py:137} INFO - [2024-11-23T03:09:17.546+0000] {dagbag.py:538} INFO - Filling up the DagBag from /home/airflow/.local/lib/python3.7/site-packages/airflow/example_dags/example_branch_python_dop_operator_3.py
[2024-11-23T03:09:17.563+0000] {processor.py:753} INFO - DAG(s) dict_keys(['example_branch_dop_operator_v3']) retrieved from /home/airflow/.local/lib/python3.7/site-packages/airflow/example_dags/example_branch_python_dop_operator_3.py
[2024-11-23T03:09:17.580+0000] {logging_mixin.py:137} INFO - [2024-11-23T03:09:17.580+0000] {dag.py:2690} INFO - Sync 1 DAGs
[2024-11-23T03:09:17.600+0000] {logging_mixin.py:137} INFO - [2024-11-23T03:09:17.600+0000] {dag.py:3441} INFO - Setting next_dagrun for example_branch_dop_operator_v3 to 2024-11-23T03:08:00+00:00, run_after=2024-11-23T03:09:00+00:00
[2024-11-23T03:09:17.614+0000] {processor.py:175} INFO - Processing /home/airflow/.local/lib/python3.7/site-packages/airflow/example_dags/example_branch_python_dop_operator_3.py took 0.072 seconds
[2024-11-23T03:09:47.711+0000] {processor.py:153} INFO - Started process (PID=631) to work on /home/airflow/.local/lib/python3.7/site-packages/airflow/example_dags/example_branch_python_dop_operator_3.py
[2024-11-23T03:09:47.712+0000] {processor.py:743} INFO - Processing file /home/airflow/.local/lib/python3.7/site-packages/airflow/example_dags/example_branch_python_dop_operator_3.py for tasks to queue
[2024-11-23T03:09:47.713+0000] {logging_mixin.py:137} INFO - [2024-11-23T03:09:47.713+0000] {dagbag.py:538} INFO - Filling up the DagBag from /home/airflow/.local/lib/python3.7/site-packages/airflow/example_dags/example_branch_python_dop_operator_3.py
[2024-11-23T03:09:47.729+0000] {processor.py:753} INFO - DAG(s) dict_keys(['example_branch_dop_operator_v3']) retrieved from /home/airflow/.local/lib/python3.7/site-packages/airflow/example_dags/example_branch_python_dop_operator_3.py
[2024-11-23T03:09:47.750+0000] {logging_mixin.py:137} INFO - [2024-11-23T03:09:47.750+0000] {dag.py:2690} INFO - Sync 1 DAGs
[2024-11-23T03:09:47.771+0000] {logging_mixin.py:137} INFO - [2024-11-23T03:09:47.771+0000] {dag.py:3441} INFO - Setting next_dagrun for example_branch_dop_operator_v3 to 2024-11-23T03:08:00+00:00, run_after=2024-11-23T03:09:00+00:00
[2024-11-23T03:09:47.787+0000] {processor.py:175} INFO - Processing /home/airflow/.local/lib/python3.7/site-packages/airflow/example_dags/example_branch_python_dop_operator_3.py took 0.079 seconds
[2024-11-23T03:10:17.997+0000] {processor.py:153} INFO - Started process (PID=720) to work on /home/airflow/.local/lib/python3.7/site-packages/airflow/example_dags/example_branch_python_dop_operator_3.py
[2024-11-23T03:10:17.998+0000] {processor.py:743} INFO - Processing file /home/airflow/.local/lib/python3.7/site-packages/airflow/example_dags/example_branch_python_dop_operator_3.py for tasks to queue
[2024-11-23T03:10:17.999+0000] {logging_mixin.py:137} INFO - [2024-11-23T03:10:17.998+0000] {dagbag.py:538} INFO - Filling up the DagBag from /home/airflow/.local/lib/python3.7/site-packages/airflow/example_dags/example_branch_python_dop_operator_3.py
[2024-11-23T03:10:18.019+0000] {processor.py:753} INFO - DAG(s) dict_keys(['example_branch_dop_operator_v3']) retrieved from /home/airflow/.local/lib/python3.7/site-packages/airflow/example_dags/example_branch_python_dop_operator_3.py
[2024-11-23T03:10:18.045+0000] {logging_mixin.py:137} INFO - [2024-11-23T03:10:18.045+0000] {dag.py:2690} INFO - Sync 1 DAGs
[2024-11-23T03:10:18.068+0000] {logging_mixin.py:137} INFO - [2024-11-23T03:10:18.068+0000] {dag.py:3441} INFO - Setting next_dagrun for example_branch_dop_operator_v3 to 2024-11-23T03:09:00+00:00, run_after=2024-11-23T03:10:00+00:00
[2024-11-23T03:10:18.080+0000] {processor.py:175} INFO - Processing /home/airflow/.local/lib/python3.7/site-packages/airflow/example_dags/example_branch_python_dop_operator_3.py took 0.085 seconds
[2024-11-23T03:10:49.396+0000] {processor.py:153} INFO - Started process (PID=810) to work on /home/airflow/.local/lib/python3.7/site-packages/airflow/example_dags/example_branch_python_dop_operator_3.py
[2024-11-23T03:10:49.397+0000] {processor.py:743} INFO - Processing file /home/airflow/.local/lib/python3.7/site-packages/airflow/example_dags/example_branch_python_dop_operator_3.py for tasks to queue
[2024-11-23T03:10:49.397+0000] {logging_mixin.py:137} INFO - [2024-11-23T03:10:49.397+0000] {dagbag.py:538} INFO - Filling up the DagBag from /home/airflow/.local/lib/python3.7/site-packages/airflow/example_dags/example_branch_python_dop_operator_3.py
[2024-11-23T03:10:49.415+0000] {processor.py:753} INFO - DAG(s) dict_keys(['example_branch_dop_operator_v3']) retrieved from /home/airflow/.local/lib/python3.7/site-packages/airflow/example_dags/example_branch_python_dop_operator_3.py
[2024-11-23T03:10:49.435+0000] {logging_mixin.py:137} INFO - [2024-11-23T03:10:49.435+0000] {dag.py:2690} INFO - Sync 1 DAGs
[2024-11-23T03:10:49.457+0000] {logging_mixin.py:137} INFO - [2024-11-23T03:10:49.457+0000] {dag.py:3441} INFO - Setting next_dagrun for example_branch_dop_operator_v3 to 2024-11-23T03:09:00+00:00, run_after=2024-11-23T03:10:00+00:00
[2024-11-23T03:10:49.469+0000] {processor.py:175} INFO - Processing /home/airflow/.local/lib/python3.7/site-packages/airflow/example_dags/example_branch_python_dop_operator_3.py took 0.077 seconds
[2024-11-23T03:11:19.821+0000] {processor.py:153} INFO - Started process (PID=884) to work on /home/airflow/.local/lib/python3.7/site-packages/airflow/example_dags/example_branch_python_dop_operator_3.py
[2024-11-23T03:11:19.822+0000] {processor.py:743} INFO - Processing file /home/airflow/.local/lib/python3.7/site-packages/airflow/example_dags/example_branch_python_dop_operator_3.py for tasks to queue
[2024-11-23T03:11:19.822+0000] {logging_mixin.py:137} INFO - [2024-11-23T03:11:19.822+0000] {dagbag.py:538} INFO - Filling up the DagBag from /home/airflow/.local/lib/python3.7/site-packages/airflow/example_dags/example_branch_python_dop_operator_3.py
[2024-11-23T03:11:19.839+0000] {processor.py:753} INFO - DAG(s) dict_keys(['example_branch_dop_operator_v3']) retrieved from /home/airflow/.local/lib/python3.7/site-packages/airflow/example_dags/example_branch_python_dop_operator_3.py
[2024-11-23T03:11:19.854+0000] {logging_mixin.py:137} INFO - [2024-11-23T03:11:19.854+0000] {dag.py:2690} INFO - Sync 1 DAGs
[2024-11-23T03:11:19.875+0000] {logging_mixin.py:137} INFO - [2024-11-23T03:11:19.875+0000] {dag.py:3441} INFO - Setting next_dagrun for example_branch_dop_operator_v3 to 2024-11-23T03:10:00+00:00, run_after=2024-11-23T03:11:00+00:00
[2024-11-23T03:11:19.892+0000] {processor.py:175} INFO - Processing /home/airflow/.local/lib/python3.7/site-packages/airflow/example_dags/example_branch_python_dop_operator_3.py took 0.073 seconds
[2024-11-23T03:11:50.127+0000] {processor.py:153} INFO - Started process (PID=974) to work on /home/airflow/.local/lib/python3.7/site-packages/airflow/example_dags/example_branch_python_dop_operator_3.py
[2024-11-23T03:11:50.130+0000] {processor.py:743} INFO - Processing file /home/airflow/.local/lib/python3.7/site-packages/airflow/example_dags/example_branch_python_dop_operator_3.py for tasks to queue
[2024-11-23T03:11:50.131+0000] {logging_mixin.py:137} INFO - [2024-11-23T03:11:50.131+0000] {dagbag.py:538} INFO - Filling up the DagBag from /home/airflow/.local/lib/python3.7/site-packages/airflow/example_dags/example_branch_python_dop_operator_3.py
[2024-11-23T03:11:50.148+0000] {processor.py:753} INFO - DAG(s) dict_keys(['example_branch_dop_operator_v3']) retrieved from /home/airflow/.local/lib/python3.7/site-packages/airflow/example_dags/example_branch_python_dop_operator_3.py
[2024-11-23T03:11:50.173+0000] {logging_mixin.py:137} INFO - [2024-11-23T03:11:50.173+0000] {dag.py:2690} INFO - Sync 1 DAGs
[2024-11-23T03:11:50.192+0000] {logging_mixin.py:137} INFO - [2024-11-23T03:11:50.192+0000] {dag.py:3441} INFO - Setting next_dagrun for example_branch_dop_operator_v3 to 2024-11-23T03:10:00+00:00, run_after=2024-11-23T03:11:00+00:00
[2024-11-23T03:11:50.209+0000] {processor.py:175} INFO - Processing /home/airflow/.local/lib/python3.7/site-packages/airflow/example_dags/example_branch_python_dop_operator_3.py took 0.085 seconds
[2024-11-23T03:12:20.334+0000] {processor.py:153} INFO - Started process (PID=1048) to work on /home/airflow/.local/lib/python3.7/site-packages/airflow/example_dags/example_branch_python_dop_operator_3.py
[2024-11-23T03:12:20.335+0000] {processor.py:743} INFO - Processing file /home/airflow/.local/lib/python3.7/site-packages/airflow/example_dags/example_branch_python_dop_operator_3.py for tasks to queue
[2024-11-23T03:12:20.335+0000] {logging_mixin.py:137} INFO - [2024-11-23T03:12:20.335+0000] {dagbag.py:538} INFO - Filling up the DagBag from /home/airflow/.local/lib/python3.7/site-packages/airflow/example_dags/example_branch_python_dop_operator_3.py
[2024-11-23T03:12:20.351+0000] {processor.py:753} INFO - DAG(s) dict_keys(['example_branch_dop_operator_v3']) retrieved from /home/airflow/.local/lib/python3.7/site-packages/airflow/example_dags/example_branch_python_dop_operator_3.py
[2024-11-23T03:12:20.366+0000] {logging_mixin.py:137} INFO - [2024-11-23T03:12:20.366+0000] {dag.py:2690} INFO - Sync 1 DAGs
[2024-11-23T03:12:20.386+0000] {logging_mixin.py:137} INFO - [2024-11-23T03:12:20.386+0000] {dag.py:3441} INFO - Setting next_dagrun for example_branch_dop_operator_v3 to 2024-11-23T03:11:00+00:00, run_after=2024-11-23T03:12:00+00:00
[2024-11-23T03:12:20.397+0000] {processor.py:175} INFO - Processing /home/airflow/.local/lib/python3.7/site-packages/airflow/example_dags/example_branch_python_dop_operator_3.py took 0.065 seconds
[2024-11-23T03:12:50.563+0000] {processor.py:153} INFO - Started process (PID=1139) to work on /home/airflow/.local/lib/python3.7/site-packages/airflow/example_dags/example_branch_python_dop_operator_3.py
[2024-11-23T03:12:50.567+0000] {processor.py:743} INFO - Processing file /home/airflow/.local/lib/python3.7/site-packages/airflow/example_dags/example_branch_python_dop_operator_3.py for tasks to queue
[2024-11-23T03:12:50.570+0000] {logging_mixin.py:137} INFO - [2024-11-23T03:12:50.569+0000] {dagbag.py:538} INFO - Filling up the DagBag from /home/airflow/.local/lib/python3.7/site-packages/airflow/example_dags/example_branch_python_dop_operator_3.py
[2024-11-23T03:12:50.605+0000] {processor.py:753} INFO - DAG(s) dict_keys(['example_branch_dop_operator_v3']) retrieved from /home/airflow/.local/lib/python3.7/site-packages/airflow/example_dags/example_branch_python_dop_operator_3.py
[2024-11-23T03:12:50.642+0000] {logging_mixin.py:137} INFO - [2024-11-23T03:12:50.642+0000] {dag.py:2690} INFO - Sync 1 DAGs
[2024-11-23T03:12:50.664+0000] {logging_mixin.py:137} INFO - [2024-11-23T03:12:50.663+0000] {dag.py:3441} INFO - Setting next_dagrun for example_branch_dop_operator_v3 to 2024-11-23T03:11:00+00:00, run_after=2024-11-23T03:12:00+00:00
[2024-11-23T03:12:50.677+0000] {processor.py:175} INFO - Processing /home/airflow/.local/lib/python3.7/site-packages/airflow/example_dags/example_branch_python_dop_operator_3.py took 0.117 seconds
[2024-11-23T03:13:21.039+0000] {processor.py:153} INFO - Started process (PID=1212) to work on /home/airflow/.local/lib/python3.7/site-packages/airflow/example_dags/example_branch_python_dop_operator_3.py
[2024-11-23T03:13:21.040+0000] {processor.py:743} INFO - Processing file /home/airflow/.local/lib/python3.7/site-packages/airflow/example_dags/example_branch_python_dop_operator_3.py for tasks to queue
[2024-11-23T03:13:21.040+0000] {logging_mixin.py:137} INFO - [2024-11-23T03:13:21.040+0000] {dagbag.py:538} INFO - Filling up the DagBag from /home/airflow/.local/lib/python3.7/site-packages/airflow/example_dags/example_branch_python_dop_operator_3.py
[2024-11-23T03:13:21.061+0000] {processor.py:753} INFO - DAG(s) dict_keys(['example_branch_dop_operator_v3']) retrieved from /home/airflow/.local/lib/python3.7/site-packages/airflow/example_dags/example_branch_python_dop_operator_3.py
[2024-11-23T03:13:21.081+0000] {logging_mixin.py:137} INFO - [2024-11-23T03:13:21.081+0000] {dag.py:2690} INFO - Sync 1 DAGs
[2024-11-23T03:13:21.100+0000] {logging_mixin.py:137} INFO - [2024-11-23T03:13:21.099+0000] {dag.py:3441} INFO - Setting next_dagrun for example_branch_dop_operator_v3 to 2024-11-23T03:12:00+00:00, run_after=2024-11-23T03:13:00+00:00
[2024-11-23T03:13:21.116+0000] {processor.py:175} INFO - Processing /home/airflow/.local/lib/python3.7/site-packages/airflow/example_dags/example_branch_python_dop_operator_3.py took 0.080 seconds
[2024-11-23T03:13:51.279+0000] {processor.py:153} INFO - Started process (PID=1302) to work on /home/airflow/.local/lib/python3.7/site-packages/airflow/example_dags/example_branch_python_dop_operator_3.py
[2024-11-23T03:13:51.280+0000] {processor.py:743} INFO - Processing file /home/airflow/.local/lib/python3.7/site-packages/airflow/example_dags/example_branch_python_dop_operator_3.py for tasks to queue
[2024-11-23T03:13:51.281+0000] {logging_mixin.py:137} INFO - [2024-11-23T03:13:51.280+0000] {dagbag.py:538} INFO - Filling up the DagBag from /home/airflow/.local/lib/python3.7/site-packages/airflow/example_dags/example_branch_python_dop_operator_3.py
[2024-11-23T03:13:51.296+0000] {processor.py:753} INFO - DAG(s) dict_keys(['example_branch_dop_operator_v3']) retrieved from /home/airflow/.local/lib/python3.7/site-packages/airflow/example_dags/example_branch_python_dop_operator_3.py
[2024-11-23T03:13:51.314+0000] {logging_mixin.py:137} INFO - [2024-11-23T03:13:51.314+0000] {dag.py:2690} INFO - Sync 1 DAGs
[2024-11-23T03:13:51.334+0000] {logging_mixin.py:137} INFO - [2024-11-23T03:13:51.334+0000] {dag.py:3441} INFO - Setting next_dagrun for example_branch_dop_operator_v3 to 2024-11-23T03:12:00+00:00, run_after=2024-11-23T03:13:00+00:00
[2024-11-23T03:13:51.347+0000] {processor.py:175} INFO - Processing /home/airflow/.local/lib/python3.7/site-packages/airflow/example_dags/example_branch_python_dop_operator_3.py took 0.070 seconds
[2024-11-23T03:14:21.397+0000] {processor.py:153} INFO - Started process (PID=1376) to work on /home/airflow/.local/lib/python3.7/site-packages/airflow/example_dags/example_branch_python_dop_operator_3.py
[2024-11-23T03:14:21.398+0000] {processor.py:743} INFO - Processing file /home/airflow/.local/lib/python3.7/site-packages/airflow/example_dags/example_branch_python_dop_operator_3.py for tasks to queue
[2024-11-23T03:14:21.398+0000] {logging_mixin.py:137} INFO - [2024-11-23T03:14:21.398+0000] {dagbag.py:538} INFO - Filling up the DagBag from /home/airflow/.local/lib/python3.7/site-packages/airflow/example_dags/example_branch_python_dop_operator_3.py
[2024-11-23T03:14:21.415+0000] {processor.py:753} INFO - DAG(s) dict_keys(['example_branch_dop_operator_v3']) retrieved from /home/airflow/.local/lib/python3.7/site-packages/airflow/example_dags/example_branch_python_dop_operator_3.py
[2024-11-23T03:14:21.433+0000] {logging_mixin.py:137} INFO - [2024-11-23T03:14:21.433+0000] {dag.py:2690} INFO - Sync 1 DAGs
[2024-11-23T03:14:21.457+0000] {logging_mixin.py:137} INFO - [2024-11-23T03:14:21.457+0000] {dag.py:3441} INFO - Setting next_dagrun for example_branch_dop_operator_v3 to 2024-11-23T03:13:00+00:00, run_after=2024-11-23T03:14:00+00:00
[2024-11-23T03:14:21.471+0000] {processor.py:175} INFO - Processing /home/airflow/.local/lib/python3.7/site-packages/airflow/example_dags/example_branch_python_dop_operator_3.py took 0.076 seconds
[2024-11-23T03:14:51.824+0000] {processor.py:153} INFO - Started process (PID=1466) to work on /home/airflow/.local/lib/python3.7/site-packages/airflow/example_dags/example_branch_python_dop_operator_3.py
[2024-11-23T03:14:51.824+0000] {processor.py:743} INFO - Processing file /home/airflow/.local/lib/python3.7/site-packages/airflow/example_dags/example_branch_python_dop_operator_3.py for tasks to queue
[2024-11-23T03:14:51.825+0000] {logging_mixin.py:137} INFO - [2024-11-23T03:14:51.825+0000] {dagbag.py:538} INFO - Filling up the DagBag from /home/airflow/.local/lib/python3.7/site-packages/airflow/example_dags/example_branch_python_dop_operator_3.py
[2024-11-23T03:14:51.844+0000] {processor.py:753} INFO - DAG(s) dict_keys(['example_branch_dop_operator_v3']) retrieved from /home/airflow/.local/lib/python3.7/site-packages/airflow/example_dags/example_branch_python_dop_operator_3.py
[2024-11-23T03:14:51.861+0000] {logging_mixin.py:137} INFO - [2024-11-23T03:14:51.861+0000] {dag.py:2690} INFO - Sync 1 DAGs
[2024-11-23T03:14:51.884+0000] {logging_mixin.py:137} INFO - [2024-11-23T03:14:51.884+0000] {dag.py:3441} INFO - Setting next_dagrun for example_branch_dop_operator_v3 to 2024-11-23T03:13:00+00:00, run_after=2024-11-23T03:14:00+00:00
[2024-11-23T03:14:51.897+0000] {processor.py:175} INFO - Processing /home/airflow/.local/lib/python3.7/site-packages/airflow/example_dags/example_branch_python_dop_operator_3.py took 0.075 seconds
[2024-11-23T03:15:22.479+0000] {processor.py:153} INFO - Started process (PID=1549) to work on /home/airflow/.local/lib/python3.7/site-packages/airflow/example_dags/example_branch_python_dop_operator_3.py
[2024-11-23T03:15:22.481+0000] {processor.py:743} INFO - Processing file /home/airflow/.local/lib/python3.7/site-packages/airflow/example_dags/example_branch_python_dop_operator_3.py for tasks to queue
[2024-11-23T03:15:22.481+0000] {logging_mixin.py:137} INFO - [2024-11-23T03:15:22.481+0000] {dagbag.py:538} INFO - Filling up the DagBag from /home/airflow/.local/lib/python3.7/site-packages/airflow/example_dags/example_branch_python_dop_operator_3.py
[2024-11-23T03:15:22.511+0000] {processor.py:753} INFO - DAG(s) dict_keys(['example_branch_dop_operator_v3']) retrieved from /home/airflow/.local/lib/python3.7/site-packages/airflow/example_dags/example_branch_python_dop_operator_3.py
[2024-11-23T03:15:22.540+0000] {logging_mixin.py:137} INFO - [2024-11-23T03:15:22.540+0000] {dag.py:2690} INFO - Sync 1 DAGs
[2024-11-23T03:15:22.598+0000] {logging_mixin.py:137} INFO - [2024-11-23T03:15:22.596+0000] {dag.py:3441} INFO - Setting next_dagrun for example_branch_dop_operator_v3 to 2024-11-23T03:14:00+00:00, run_after=2024-11-23T03:15:00+00:00
[2024-11-23T03:15:22.624+0000] {processor.py:175} INFO - Processing /home/airflow/.local/lib/python3.7/site-packages/airflow/example_dags/example_branch_python_dop_operator_3.py took 0.148 seconds
[2024-11-23T03:15:52.890+0000] {processor.py:153} INFO - Started process (PID=1630) to work on /home/airflow/.local/lib/python3.7/site-packages/airflow/example_dags/example_branch_python_dop_operator_3.py
[2024-11-23T03:15:52.891+0000] {processor.py:743} INFO - Processing file /home/airflow/.local/lib/python3.7/site-packages/airflow/example_dags/example_branch_python_dop_operator_3.py for tasks to queue
[2024-11-23T03:15:52.892+0000] {logging_mixin.py:137} INFO - [2024-11-23T03:15:52.892+0000] {dagbag.py:538} INFO - Filling up the DagBag from /home/airflow/.local/lib/python3.7/site-packages/airflow/example_dags/example_branch_python_dop_operator_3.py
[2024-11-23T03:15:52.912+0000] {processor.py:753} INFO - DAG(s) dict_keys(['example_branch_dop_operator_v3']) retrieved from /home/airflow/.local/lib/python3.7/site-packages/airflow/example_dags/example_branch_python_dop_operator_3.py
[2024-11-23T03:15:52.938+0000] {logging_mixin.py:137} INFO - [2024-11-23T03:15:52.938+0000] {dag.py:2690} INFO - Sync 1 DAGs
[2024-11-23T03:15:52.961+0000] {logging_mixin.py:137} INFO - [2024-11-23T03:15:52.961+0000] {dag.py:3441} INFO - Setting next_dagrun for example_branch_dop_operator_v3 to 2024-11-23T03:14:00+00:00, run_after=2024-11-23T03:15:00+00:00
[2024-11-23T03:15:52.974+0000] {processor.py:175} INFO - Processing /home/airflow/.local/lib/python3.7/site-packages/airflow/example_dags/example_branch_python_dop_operator_3.py took 0.086 seconds
[2024-11-23T03:16:23.161+0000] {processor.py:153} INFO - Started process (PID=1720) to work on /home/airflow/.local/lib/python3.7/site-packages/airflow/example_dags/example_branch_python_dop_operator_3.py
[2024-11-23T03:16:23.162+0000] {processor.py:743} INFO - Processing file /home/airflow/.local/lib/python3.7/site-packages/airflow/example_dags/example_branch_python_dop_operator_3.py for tasks to queue
[2024-11-23T03:16:23.163+0000] {logging_mixin.py:137} INFO - [2024-11-23T03:16:23.163+0000] {dagbag.py:538} INFO - Filling up the DagBag from /home/airflow/.local/lib/python3.7/site-packages/airflow/example_dags/example_branch_python_dop_operator_3.py
[2024-11-23T03:16:23.182+0000] {processor.py:753} INFO - DAG(s) dict_keys(['example_branch_dop_operator_v3']) retrieved from /home/airflow/.local/lib/python3.7/site-packages/airflow/example_dags/example_branch_python_dop_operator_3.py
[2024-11-23T03:16:23.200+0000] {logging_mixin.py:137} INFO - [2024-11-23T03:16:23.200+0000] {dag.py:2690} INFO - Sync 1 DAGs
[2024-11-23T03:16:23.220+0000] {logging_mixin.py:137} INFO - [2024-11-23T03:16:23.220+0000] {dag.py:3441} INFO - Setting next_dagrun for example_branch_dop_operator_v3 to 2024-11-23T03:15:00+00:00, run_after=2024-11-23T03:16:00+00:00
[2024-11-23T03:16:23.231+0000] {processor.py:175} INFO - Processing /home/airflow/.local/lib/python3.7/site-packages/airflow/example_dags/example_branch_python_dop_operator_3.py took 0.073 seconds
[2024-11-23T03:16:53.329+0000] {processor.py:153} INFO - Started process (PID=1794) to work on /home/airflow/.local/lib/python3.7/site-packages/airflow/example_dags/example_branch_python_dop_operator_3.py
[2024-11-23T03:16:53.329+0000] {processor.py:743} INFO - Processing file /home/airflow/.local/lib/python3.7/site-packages/airflow/example_dags/example_branch_python_dop_operator_3.py for tasks to queue
[2024-11-23T03:16:53.330+0000] {logging_mixin.py:137} INFO - [2024-11-23T03:16:53.330+0000] {dagbag.py:538} INFO - Filling up the DagBag from /home/airflow/.local/lib/python3.7/site-packages/airflow/example_dags/example_branch_python_dop_operator_3.py
[2024-11-23T03:16:53.347+0000] {processor.py:753} INFO - DAG(s) dict_keys(['example_branch_dop_operator_v3']) retrieved from /home/airflow/.local/lib/python3.7/site-packages/airflow/example_dags/example_branch_python_dop_operator_3.py
[2024-11-23T03:16:53.366+0000] {logging_mixin.py:137} INFO - [2024-11-23T03:16:53.366+0000] {dag.py:2690} INFO - Sync 1 DAGs
[2024-11-23T03:16:53.386+0000] {logging_mixin.py:137} INFO - [2024-11-23T03:16:53.386+0000] {dag.py:3441} INFO - Setting next_dagrun for example_branch_dop_operator_v3 to 2024-11-23T03:15:00+00:00, run_after=2024-11-23T03:16:00+00:00
[2024-11-23T03:16:53.398+0000] {processor.py:175} INFO - Processing /home/airflow/.local/lib/python3.7/site-packages/airflow/example_dags/example_branch_python_dop_operator_3.py took 0.071 seconds
[2024-11-23T03:17:23.414+0000] {processor.py:153} INFO - Started process (PID=1884) to work on /home/airflow/.local/lib/python3.7/site-packages/airflow/example_dags/example_branch_python_dop_operator_3.py
[2024-11-23T03:17:23.415+0000] {processor.py:743} INFO - Processing file /home/airflow/.local/lib/python3.7/site-packages/airflow/example_dags/example_branch_python_dop_operator_3.py for tasks to queue
[2024-11-23T03:17:23.416+0000] {logging_mixin.py:137} INFO - [2024-11-23T03:17:23.415+0000] {dagbag.py:538} INFO - Filling up the DagBag from /home/airflow/.local/lib/python3.7/site-packages/airflow/example_dags/example_branch_python_dop_operator_3.py
[2024-11-23T03:17:23.431+0000] {processor.py:753} INFO - DAG(s) dict_keys(['example_branch_dop_operator_v3']) retrieved from /home/airflow/.local/lib/python3.7/site-packages/airflow/example_dags/example_branch_python_dop_operator_3.py
[2024-11-23T03:17:23.448+0000] {logging_mixin.py:137} INFO - [2024-11-23T03:17:23.448+0000] {dag.py:2690} INFO - Sync 1 DAGs
[2024-11-23T03:17:23.470+0000] {logging_mixin.py:137} INFO - [2024-11-23T03:17:23.470+0000] {dag.py:3441} INFO - Setting next_dagrun for example_branch_dop_operator_v3 to 2024-11-23T03:16:00+00:00, run_after=2024-11-23T03:17:00+00:00
[2024-11-23T03:17:23.481+0000] {processor.py:175} INFO - Processing /home/airflow/.local/lib/python3.7/site-packages/airflow/example_dags/example_branch_python_dop_operator_3.py took 0.070 seconds
[2024-11-23T03:17:53.640+0000] {processor.py:153} INFO - Started process (PID=1957) to work on /home/airflow/.local/lib/python3.7/site-packages/airflow/example_dags/example_branch_python_dop_operator_3.py
[2024-11-23T03:17:53.641+0000] {processor.py:743} INFO - Processing file /home/airflow/.local/lib/python3.7/site-packages/airflow/example_dags/example_branch_python_dop_operator_3.py for tasks to queue
[2024-11-23T03:17:53.642+0000] {logging_mixin.py:137} INFO - [2024-11-23T03:17:53.641+0000] {dagbag.py:538} INFO - Filling up the DagBag from /home/airflow/.local/lib/python3.7/site-packages/airflow/example_dags/example_branch_python_dop_operator_3.py
[2024-11-23T03:17:53.664+0000] {processor.py:753} INFO - DAG(s) dict_keys(['example_branch_dop_operator_v3']) retrieved from /home/airflow/.local/lib/python3.7/site-packages/airflow/example_dags/example_branch_python_dop_operator_3.py
[2024-11-23T03:17:53.702+0000] {logging_mixin.py:137} INFO - [2024-11-23T03:17:53.702+0000] {dag.py:2690} INFO - Sync 1 DAGs
[2024-11-23T03:17:53.724+0000] {logging_mixin.py:137} INFO - [2024-11-23T03:17:53.724+0000] {dag.py:3441} INFO - Setting next_dagrun for example_branch_dop_operator_v3 to 2024-11-23T03:16:00+00:00, run_after=2024-11-23T03:17:00+00:00
[2024-11-23T03:17:53.738+0000] {processor.py:175} INFO - Processing /home/airflow/.local/lib/python3.7/site-packages/airflow/example_dags/example_branch_python_dop_operator_3.py took 0.101 seconds
[2024-11-23T03:18:23.994+0000] {processor.py:153} INFO - Started process (PID=2046) to work on /home/airflow/.local/lib/python3.7/site-packages/airflow/example_dags/example_branch_python_dop_operator_3.py
[2024-11-23T03:18:23.995+0000] {processor.py:743} INFO - Processing file /home/airflow/.local/lib/python3.7/site-packages/airflow/example_dags/example_branch_python_dop_operator_3.py for tasks to queue
[2024-11-23T03:18:23.995+0000] {logging_mixin.py:137} INFO - [2024-11-23T03:18:23.995+0000] {dagbag.py:538} INFO - Filling up the DagBag from /home/airflow/.local/lib/python3.7/site-packages/airflow/example_dags/example_branch_python_dop_operator_3.py
[2024-11-23T03:18:24.011+0000] {processor.py:753} INFO - DAG(s) dict_keys(['example_branch_dop_operator_v3']) retrieved from /home/airflow/.local/lib/python3.7/site-packages/airflow/example_dags/example_branch_python_dop_operator_3.py
[2024-11-23T03:18:24.027+0000] {logging_mixin.py:137} INFO - [2024-11-23T03:18:24.027+0000] {dag.py:2690} INFO - Sync 1 DAGs
[2024-11-23T03:18:24.047+0000] {logging_mixin.py:137} INFO - [2024-11-23T03:18:24.047+0000] {dag.py:3441} INFO - Setting next_dagrun for example_branch_dop_operator_v3 to 2024-11-23T03:17:00+00:00, run_after=2024-11-23T03:18:00+00:00
[2024-11-23T03:18:24.060+0000] {processor.py:175} INFO - Processing /home/airflow/.local/lib/python3.7/site-packages/airflow/example_dags/example_branch_python_dop_operator_3.py took 0.068 seconds
[2024-11-23T03:18:54.216+0000] {processor.py:153} INFO - Started process (PID=2120) to work on /home/airflow/.local/lib/python3.7/site-packages/airflow/example_dags/example_branch_python_dop_operator_3.py
[2024-11-23T03:18:54.217+0000] {processor.py:743} INFO - Processing file /home/airflow/.local/lib/python3.7/site-packages/airflow/example_dags/example_branch_python_dop_operator_3.py for tasks to queue
[2024-11-23T03:18:54.217+0000] {logging_mixin.py:137} INFO - [2024-11-23T03:18:54.217+0000] {dagbag.py:538} INFO - Filling up the DagBag from /home/airflow/.local/lib/python3.7/site-packages/airflow/example_dags/example_branch_python_dop_operator_3.py
[2024-11-23T03:18:54.235+0000] {processor.py:753} INFO - DAG(s) dict_keys(['example_branch_dop_operator_v3']) retrieved from /home/airflow/.local/lib/python3.7/site-packages/airflow/example_dags/example_branch_python_dop_operator_3.py
[2024-11-23T03:18:54.252+0000] {logging_mixin.py:137} INFO - [2024-11-23T03:18:54.252+0000] {dag.py:2690} INFO - Sync 1 DAGs
[2024-11-23T03:18:54.271+0000] {logging_mixin.py:137} INFO - [2024-11-23T03:18:54.271+0000] {dag.py:3441} INFO - Setting next_dagrun for example_branch_dop_operator_v3 to 2024-11-23T03:17:00+00:00, run_after=2024-11-23T03:18:00+00:00
[2024-11-23T03:18:54.283+0000] {processor.py:175} INFO - Processing /home/airflow/.local/lib/python3.7/site-packages/airflow/example_dags/example_branch_python_dop_operator_3.py took 0.071 seconds
[2024-11-23T03:19:24.491+0000] {processor.py:153} INFO - Started process (PID=2209) to work on /home/airflow/.local/lib/python3.7/site-packages/airflow/example_dags/example_branch_python_dop_operator_3.py
[2024-11-23T03:19:24.494+0000] {processor.py:743} INFO - Processing file /home/airflow/.local/lib/python3.7/site-packages/airflow/example_dags/example_branch_python_dop_operator_3.py for tasks to queue
[2024-11-23T03:19:24.495+0000] {logging_mixin.py:137} INFO - [2024-11-23T03:19:24.495+0000] {dagbag.py:538} INFO - Filling up the DagBag from /home/airflow/.local/lib/python3.7/site-packages/airflow/example_dags/example_branch_python_dop_operator_3.py
[2024-11-23T03:19:24.520+0000] {processor.py:753} INFO - DAG(s) dict_keys(['example_branch_dop_operator_v3']) retrieved from /home/airflow/.local/lib/python3.7/site-packages/airflow/example_dags/example_branch_python_dop_operator_3.py
[2024-11-23T03:19:24.541+0000] {logging_mixin.py:137} INFO - [2024-11-23T03:19:24.541+0000] {dag.py:2690} INFO - Sync 1 DAGs
[2024-11-23T03:19:24.570+0000] {logging_mixin.py:137} INFO - [2024-11-23T03:19:24.570+0000] {dag.py:3441} INFO - Setting next_dagrun for example_branch_dop_operator_v3 to 2024-11-23T03:18:00+00:00, run_after=2024-11-23T03:19:00+00:00
[2024-11-23T03:19:24.587+0000] {processor.py:175} INFO - Processing /home/airflow/.local/lib/python3.7/site-packages/airflow/example_dags/example_branch_python_dop_operator_3.py took 0.101 seconds
[2024-11-23T03:19:55.418+0000] {processor.py:153} INFO - Started process (PID=2292) to work on /home/airflow/.local/lib/python3.7/site-packages/airflow/example_dags/example_branch_python_dop_operator_3.py
[2024-11-23T03:19:55.425+0000] {processor.py:743} INFO - Processing file /home/airflow/.local/lib/python3.7/site-packages/airflow/example_dags/example_branch_python_dop_operator_3.py for tasks to queue
[2024-11-23T03:19:55.426+0000] {logging_mixin.py:137} INFO - [2024-11-23T03:19:55.426+0000] {dagbag.py:538} INFO - Filling up the DagBag from /home/airflow/.local/lib/python3.7/site-packages/airflow/example_dags/example_branch_python_dop_operator_3.py
[2024-11-23T03:19:55.447+0000] {processor.py:753} INFO - DAG(s) dict_keys(['example_branch_dop_operator_v3']) retrieved from /home/airflow/.local/lib/python3.7/site-packages/airflow/example_dags/example_branch_python_dop_operator_3.py
[2024-11-23T03:19:55.469+0000] {logging_mixin.py:137} INFO - [2024-11-23T03:19:55.469+0000] {dag.py:2690} INFO - Sync 1 DAGs
[2024-11-23T03:19:55.495+0000] {logging_mixin.py:137} INFO - [2024-11-23T03:19:55.494+0000] {dag.py:3441} INFO - Setting next_dagrun for example_branch_dop_operator_v3 to 2024-11-23T03:18:00+00:00, run_after=2024-11-23T03:19:00+00:00
[2024-11-23T03:19:55.509+0000] {processor.py:175} INFO - Processing /home/airflow/.local/lib/python3.7/site-packages/airflow/example_dags/example_branch_python_dop_operator_3.py took 0.095 seconds
