[2024-11-23T02:53:00.107+0000] {processor.py:153} INFO - Started process (PID=42) to work on /home/airflow/.local/lib/python3.7/site-packages/airflow/example_dags/example_bash_operator.py
[2024-11-23T02:53:00.108+0000] {processor.py:743} INFO - Processing file /home/airflow/.local/lib/python3.7/site-packages/airflow/example_dags/example_bash_operator.py for tasks to queue
[2024-11-23T02:53:00.108+0000] {logging_mixin.py:137} INFO - [2024-11-23T02:53:00.108+0000] {dagbag.py:538} INFO - Filling up the DagBag from /home/airflow/.local/lib/python3.7/site-packages/airflow/example_dags/example_bash_operator.py
[2024-11-23T02:53:00.147+0000] {processor.py:753} INFO - DAG(s) dict_keys(['example_bash_operator']) retrieved from /home/airflow/.local/lib/python3.7/site-packages/airflow/example_dags/example_bash_operator.py
[2024-11-23T02:53:00.161+0000] {logging_mixin.py:137} INFO - [2024-11-23T02:53:00.161+0000] {dag.py:2690} INFO - Sync 1 DAGs
[2024-11-23T02:53:00.193+0000] {logging_mixin.py:137} INFO - [2024-11-23T02:53:00.193+0000] {dag.py:3441} INFO - Setting next_dagrun for example_bash_operator to 2024-11-22T00:00:00+00:00, run_after=2024-11-23T00:00:00+00:00
[2024-11-23T02:53:00.208+0000] {processor.py:175} INFO - Processing /home/airflow/.local/lib/python3.7/site-packages/airflow/example_dags/example_bash_operator.py took 0.105 seconds
[2024-11-23T02:53:30.868+0000] {processor.py:153} INFO - Started process (PID=132) to work on /home/airflow/.local/lib/python3.7/site-packages/airflow/example_dags/example_bash_operator.py
[2024-11-23T02:53:30.869+0000] {processor.py:743} INFO - Processing file /home/airflow/.local/lib/python3.7/site-packages/airflow/example_dags/example_bash_operator.py for tasks to queue
[2024-11-23T02:53:30.869+0000] {logging_mixin.py:137} INFO - [2024-11-23T02:53:30.869+0000] {dagbag.py:538} INFO - Filling up the DagBag from /home/airflow/.local/lib/python3.7/site-packages/airflow/example_dags/example_bash_operator.py
[2024-11-23T02:53:30.884+0000] {processor.py:753} INFO - DAG(s) dict_keys(['example_bash_operator']) retrieved from /home/airflow/.local/lib/python3.7/site-packages/airflow/example_dags/example_bash_operator.py
[2024-11-23T02:53:30.910+0000] {logging_mixin.py:137} INFO - [2024-11-23T02:53:30.910+0000] {dag.py:2690} INFO - Sync 1 DAGs
[2024-11-23T02:53:30.930+0000] {logging_mixin.py:137} INFO - [2024-11-23T02:53:30.930+0000] {dag.py:3441} INFO - Setting next_dagrun for example_bash_operator to 2024-11-22T00:00:00+00:00, run_after=2024-11-23T00:00:00+00:00
[2024-11-23T02:53:30.946+0000] {processor.py:175} INFO - Processing /home/airflow/.local/lib/python3.7/site-packages/airflow/example_dags/example_bash_operator.py took 0.080 seconds
[2024-11-23T02:54:01.278+0000] {processor.py:153} INFO - Started process (PID=206) to work on /home/airflow/.local/lib/python3.7/site-packages/airflow/example_dags/example_bash_operator.py
[2024-11-23T02:54:01.279+0000] {processor.py:743} INFO - Processing file /home/airflow/.local/lib/python3.7/site-packages/airflow/example_dags/example_bash_operator.py for tasks to queue
[2024-11-23T02:54:01.279+0000] {logging_mixin.py:137} INFO - [2024-11-23T02:54:01.279+0000] {dagbag.py:538} INFO - Filling up the DagBag from /home/airflow/.local/lib/python3.7/site-packages/airflow/example_dags/example_bash_operator.py
[2024-11-23T02:54:01.295+0000] {processor.py:753} INFO - DAG(s) dict_keys(['example_bash_operator']) retrieved from /home/airflow/.local/lib/python3.7/site-packages/airflow/example_dags/example_bash_operator.py
[2024-11-23T02:54:01.327+0000] {logging_mixin.py:137} INFO - [2024-11-23T02:54:01.327+0000] {dag.py:2690} INFO - Sync 1 DAGs
[2024-11-23T02:54:01.356+0000] {logging_mixin.py:137} INFO - [2024-11-23T02:54:01.356+0000] {dag.py:3441} INFO - Setting next_dagrun for example_bash_operator to 2024-11-22T00:00:00+00:00, run_after=2024-11-23T00:00:00+00:00
[2024-11-23T02:54:01.387+0000] {processor.py:175} INFO - Processing /home/airflow/.local/lib/python3.7/site-packages/airflow/example_dags/example_bash_operator.py took 0.111 seconds
[2024-11-23T02:54:31.535+0000] {processor.py:153} INFO - Started process (PID=296) to work on /home/airflow/.local/lib/python3.7/site-packages/airflow/example_dags/example_bash_operator.py
[2024-11-23T02:54:31.537+0000] {processor.py:743} INFO - Processing file /home/airflow/.local/lib/python3.7/site-packages/airflow/example_dags/example_bash_operator.py for tasks to queue
[2024-11-23T02:54:31.538+0000] {logging_mixin.py:137} INFO - [2024-11-23T02:54:31.538+0000] {dagbag.py:538} INFO - Filling up the DagBag from /home/airflow/.local/lib/python3.7/site-packages/airflow/example_dags/example_bash_operator.py
[2024-11-23T02:54:31.567+0000] {processor.py:753} INFO - DAG(s) dict_keys(['example_bash_operator']) retrieved from /home/airflow/.local/lib/python3.7/site-packages/airflow/example_dags/example_bash_operator.py
[2024-11-23T02:54:31.615+0000] {logging_mixin.py:137} INFO - [2024-11-23T02:54:31.615+0000] {dag.py:2690} INFO - Sync 1 DAGs
[2024-11-23T02:54:31.642+0000] {logging_mixin.py:137} INFO - [2024-11-23T02:54:31.641+0000] {dag.py:3441} INFO - Setting next_dagrun for example_bash_operator to 2024-11-22T00:00:00+00:00, run_after=2024-11-23T00:00:00+00:00
[2024-11-23T02:54:31.665+0000] {processor.py:175} INFO - Processing /home/airflow/.local/lib/python3.7/site-packages/airflow/example_dags/example_bash_operator.py took 0.133 seconds
[2024-11-23T02:55:27.710+0000] {processor.py:153} INFO - Started process (PID=42) to work on /home/airflow/.local/lib/python3.7/site-packages/airflow/example_dags/example_bash_operator.py
[2024-11-23T02:55:27.717+0000] {processor.py:743} INFO - Processing file /home/airflow/.local/lib/python3.7/site-packages/airflow/example_dags/example_bash_operator.py for tasks to queue
[2024-11-23T02:55:27.718+0000] {logging_mixin.py:137} INFO - [2024-11-23T02:55:27.718+0000] {dagbag.py:538} INFO - Filling up the DagBag from /home/airflow/.local/lib/python3.7/site-packages/airflow/example_dags/example_bash_operator.py
[2024-11-23T02:55:27.756+0000] {processor.py:753} INFO - DAG(s) dict_keys(['example_bash_operator']) retrieved from /home/airflow/.local/lib/python3.7/site-packages/airflow/example_dags/example_bash_operator.py
[2024-11-23T02:55:27.772+0000] {logging_mixin.py:137} INFO - [2024-11-23T02:55:27.771+0000] {dag.py:2690} INFO - Sync 1 DAGs
[2024-11-23T02:55:27.809+0000] {logging_mixin.py:137} INFO - [2024-11-23T02:55:27.809+0000] {dag.py:3441} INFO - Setting next_dagrun for example_bash_operator to 2024-11-22T00:00:00+00:00, run_after=2024-11-23T00:00:00+00:00
[2024-11-23T02:55:27.853+0000] {processor.py:175} INFO - Processing /home/airflow/.local/lib/python3.7/site-packages/airflow/example_dags/example_bash_operator.py took 0.148 seconds
[2024-11-23T02:55:58.383+0000] {processor.py:153} INFO - Started process (PID=132) to work on /home/airflow/.local/lib/python3.7/site-packages/airflow/example_dags/example_bash_operator.py
[2024-11-23T02:55:58.384+0000] {processor.py:743} INFO - Processing file /home/airflow/.local/lib/python3.7/site-packages/airflow/example_dags/example_bash_operator.py for tasks to queue
[2024-11-23T02:55:58.385+0000] {logging_mixin.py:137} INFO - [2024-11-23T02:55:58.385+0000] {dagbag.py:538} INFO - Filling up the DagBag from /home/airflow/.local/lib/python3.7/site-packages/airflow/example_dags/example_bash_operator.py
[2024-11-23T02:55:58.399+0000] {processor.py:753} INFO - DAG(s) dict_keys(['example_bash_operator']) retrieved from /home/airflow/.local/lib/python3.7/site-packages/airflow/example_dags/example_bash_operator.py
[2024-11-23T02:55:58.427+0000] {logging_mixin.py:137} INFO - [2024-11-23T02:55:58.427+0000] {dag.py:2690} INFO - Sync 1 DAGs
[2024-11-23T02:55:58.445+0000] {logging_mixin.py:137} INFO - [2024-11-23T02:55:58.445+0000] {dag.py:3441} INFO - Setting next_dagrun for example_bash_operator to 2024-11-22T00:00:00+00:00, run_after=2024-11-23T00:00:00+00:00
[2024-11-23T02:55:58.458+0000] {processor.py:175} INFO - Processing /home/airflow/.local/lib/python3.7/site-packages/airflow/example_dags/example_bash_operator.py took 0.077 seconds
[2024-11-23T02:56:28.687+0000] {processor.py:153} INFO - Started process (PID=206) to work on /home/airflow/.local/lib/python3.7/site-packages/airflow/example_dags/example_bash_operator.py
[2024-11-23T02:56:28.688+0000] {processor.py:743} INFO - Processing file /home/airflow/.local/lib/python3.7/site-packages/airflow/example_dags/example_bash_operator.py for tasks to queue
[2024-11-23T02:56:28.689+0000] {logging_mixin.py:137} INFO - [2024-11-23T02:56:28.689+0000] {dagbag.py:538} INFO - Filling up the DagBag from /home/airflow/.local/lib/python3.7/site-packages/airflow/example_dags/example_bash_operator.py
[2024-11-23T02:56:28.704+0000] {processor.py:753} INFO - DAG(s) dict_keys(['example_bash_operator']) retrieved from /home/airflow/.local/lib/python3.7/site-packages/airflow/example_dags/example_bash_operator.py
[2024-11-23T02:56:28.731+0000] {logging_mixin.py:137} INFO - [2024-11-23T02:56:28.731+0000] {dag.py:2690} INFO - Sync 1 DAGs
[2024-11-23T02:56:28.747+0000] {logging_mixin.py:137} INFO - [2024-11-23T02:56:28.747+0000] {dag.py:3441} INFO - Setting next_dagrun for example_bash_operator to 2024-11-22T00:00:00+00:00, run_after=2024-11-23T00:00:00+00:00
[2024-11-23T02:56:28.758+0000] {processor.py:175} INFO - Processing /home/airflow/.local/lib/python3.7/site-packages/airflow/example_dags/example_bash_operator.py took 0.074 seconds
[2024-11-23T02:56:59.224+0000] {processor.py:153} INFO - Started process (PID=296) to work on /home/airflow/.local/lib/python3.7/site-packages/airflow/example_dags/example_bash_operator.py
[2024-11-23T02:56:59.227+0000] {processor.py:743} INFO - Processing file /home/airflow/.local/lib/python3.7/site-packages/airflow/example_dags/example_bash_operator.py for tasks to queue
[2024-11-23T02:56:59.228+0000] {logging_mixin.py:137} INFO - [2024-11-23T02:56:59.228+0000] {dagbag.py:538} INFO - Filling up the DagBag from /home/airflow/.local/lib/python3.7/site-packages/airflow/example_dags/example_bash_operator.py
[2024-11-23T02:56:59.256+0000] {processor.py:753} INFO - DAG(s) dict_keys(['example_bash_operator']) retrieved from /home/airflow/.local/lib/python3.7/site-packages/airflow/example_dags/example_bash_operator.py
[2024-11-23T02:56:59.332+0000] {logging_mixin.py:137} INFO - [2024-11-23T02:56:59.332+0000] {dag.py:2690} INFO - Sync 1 DAGs
[2024-11-23T02:56:59.585+0000] {logging_mixin.py:137} INFO - [2024-11-23T02:56:59.584+0000] {dag.py:3441} INFO - Setting next_dagrun for example_bash_operator to 2024-11-22T00:00:00+00:00, run_after=2024-11-23T00:00:00+00:00
[2024-11-23T02:56:59.657+0000] {processor.py:175} INFO - Processing /home/airflow/.local/lib/python3.7/site-packages/airflow/example_dags/example_bash_operator.py took 0.438 seconds
[2024-11-23T02:57:30.030+0000] {processor.py:153} INFO - Started process (PID=370) to work on /home/airflow/.local/lib/python3.7/site-packages/airflow/example_dags/example_bash_operator.py
[2024-11-23T02:57:30.030+0000] {processor.py:743} INFO - Processing file /home/airflow/.local/lib/python3.7/site-packages/airflow/example_dags/example_bash_operator.py for tasks to queue
[2024-11-23T02:57:30.031+0000] {logging_mixin.py:137} INFO - [2024-11-23T02:57:30.031+0000] {dagbag.py:538} INFO - Filling up the DagBag from /home/airflow/.local/lib/python3.7/site-packages/airflow/example_dags/example_bash_operator.py
[2024-11-23T02:57:30.048+0000] {processor.py:753} INFO - DAG(s) dict_keys(['example_bash_operator']) retrieved from /home/airflow/.local/lib/python3.7/site-packages/airflow/example_dags/example_bash_operator.py
[2024-11-23T02:57:30.075+0000] {logging_mixin.py:137} INFO - [2024-11-23T02:57:30.075+0000] {dag.py:2690} INFO - Sync 1 DAGs
[2024-11-23T02:57:30.093+0000] {logging_mixin.py:137} INFO - [2024-11-23T02:57:30.093+0000] {dag.py:3441} INFO - Setting next_dagrun for example_bash_operator to 2024-11-22T00:00:00+00:00, run_after=2024-11-23T00:00:00+00:00
[2024-11-23T02:57:30.110+0000] {processor.py:175} INFO - Processing /home/airflow/.local/lib/python3.7/site-packages/airflow/example_dags/example_bash_operator.py took 0.083 seconds
[2024-11-23T02:58:37.869+0000] {processor.py:153} INFO - Started process (PID=42) to work on /home/airflow/.local/lib/python3.7/site-packages/airflow/example_dags/example_bash_operator.py
[2024-11-23T02:58:37.872+0000] {processor.py:743} INFO - Processing file /home/airflow/.local/lib/python3.7/site-packages/airflow/example_dags/example_bash_operator.py for tasks to queue
[2024-11-23T02:58:37.873+0000] {logging_mixin.py:137} INFO - [2024-11-23T02:58:37.873+0000] {dagbag.py:538} INFO - Filling up the DagBag from /home/airflow/.local/lib/python3.7/site-packages/airflow/example_dags/example_bash_operator.py
[2024-11-23T02:58:37.923+0000] {processor.py:753} INFO - DAG(s) dict_keys(['example_bash_operator']) retrieved from /home/airflow/.local/lib/python3.7/site-packages/airflow/example_dags/example_bash_operator.py
[2024-11-23T02:58:37.951+0000] {logging_mixin.py:137} INFO - [2024-11-23T02:58:37.951+0000] {dag.py:2690} INFO - Sync 1 DAGs
[2024-11-23T02:58:37.988+0000] {logging_mixin.py:137} INFO - [2024-11-23T02:58:37.988+0000] {dag.py:3441} INFO - Setting next_dagrun for example_bash_operator to 2024-11-22T00:00:00+00:00, run_after=2024-11-23T00:00:00+00:00
[2024-11-23T02:58:38.037+0000] {processor.py:175} INFO - Processing /home/airflow/.local/lib/python3.7/site-packages/airflow/example_dags/example_bash_operator.py took 0.179 seconds
[2024-11-23T02:59:08.468+0000] {processor.py:153} INFO - Started process (PID=131) to work on /home/airflow/.local/lib/python3.7/site-packages/airflow/example_dags/example_bash_operator.py
[2024-11-23T02:59:08.469+0000] {processor.py:743} INFO - Processing file /home/airflow/.local/lib/python3.7/site-packages/airflow/example_dags/example_bash_operator.py for tasks to queue
[2024-11-23T02:59:08.470+0000] {logging_mixin.py:137} INFO - [2024-11-23T02:59:08.470+0000] {dagbag.py:538} INFO - Filling up the DagBag from /home/airflow/.local/lib/python3.7/site-packages/airflow/example_dags/example_bash_operator.py
[2024-11-23T02:59:08.490+0000] {processor.py:753} INFO - DAG(s) dict_keys(['example_bash_operator']) retrieved from /home/airflow/.local/lib/python3.7/site-packages/airflow/example_dags/example_bash_operator.py
[2024-11-23T02:59:08.524+0000] {logging_mixin.py:137} INFO - [2024-11-23T02:59:08.524+0000] {dag.py:2690} INFO - Sync 1 DAGs
[2024-11-23T02:59:08.549+0000] {logging_mixin.py:137} INFO - [2024-11-23T02:59:08.549+0000] {dag.py:3441} INFO - Setting next_dagrun for example_bash_operator to 2024-11-22T00:00:00+00:00, run_after=2024-11-23T00:00:00+00:00
[2024-11-23T02:59:08.568+0000] {processor.py:175} INFO - Processing /home/airflow/.local/lib/python3.7/site-packages/airflow/example_dags/example_bash_operator.py took 0.106 seconds
[2024-11-23T02:59:39.483+0000] {processor.py:153} INFO - Started process (PID=205) to work on /home/airflow/.local/lib/python3.7/site-packages/airflow/example_dags/example_bash_operator.py
[2024-11-23T02:59:39.484+0000] {processor.py:743} INFO - Processing file /home/airflow/.local/lib/python3.7/site-packages/airflow/example_dags/example_bash_operator.py for tasks to queue
[2024-11-23T02:59:39.484+0000] {logging_mixin.py:137} INFO - [2024-11-23T02:59:39.484+0000] {dagbag.py:538} INFO - Filling up the DagBag from /home/airflow/.local/lib/python3.7/site-packages/airflow/example_dags/example_bash_operator.py
[2024-11-23T02:59:39.500+0000] {processor.py:753} INFO - DAG(s) dict_keys(['example_bash_operator']) retrieved from /home/airflow/.local/lib/python3.7/site-packages/airflow/example_dags/example_bash_operator.py
[2024-11-23T02:59:39.530+0000] {logging_mixin.py:137} INFO - [2024-11-23T02:59:39.530+0000] {dag.py:2690} INFO - Sync 1 DAGs
[2024-11-23T02:59:39.552+0000] {logging_mixin.py:137} INFO - [2024-11-23T02:59:39.552+0000] {dag.py:3441} INFO - Setting next_dagrun for example_bash_operator to 2024-11-22T00:00:00+00:00, run_after=2024-11-23T00:00:00+00:00
[2024-11-23T02:59:39.573+0000] {processor.py:175} INFO - Processing /home/airflow/.local/lib/python3.7/site-packages/airflow/example_dags/example_bash_operator.py took 0.092 seconds
[2024-11-23T03:00:09.867+0000] {processor.py:153} INFO - Started process (PID=295) to work on /home/airflow/.local/lib/python3.7/site-packages/airflow/example_dags/example_bash_operator.py
[2024-11-23T03:00:09.868+0000] {processor.py:743} INFO - Processing file /home/airflow/.local/lib/python3.7/site-packages/airflow/example_dags/example_bash_operator.py for tasks to queue
[2024-11-23T03:00:09.869+0000] {logging_mixin.py:137} INFO - [2024-11-23T03:00:09.869+0000] {dagbag.py:538} INFO - Filling up the DagBag from /home/airflow/.local/lib/python3.7/site-packages/airflow/example_dags/example_bash_operator.py
[2024-11-23T03:00:09.883+0000] {processor.py:753} INFO - DAG(s) dict_keys(['example_bash_operator']) retrieved from /home/airflow/.local/lib/python3.7/site-packages/airflow/example_dags/example_bash_operator.py
[2024-11-23T03:00:09.912+0000] {logging_mixin.py:137} INFO - [2024-11-23T03:00:09.912+0000] {dag.py:2690} INFO - Sync 1 DAGs
[2024-11-23T03:00:09.930+0000] {logging_mixin.py:137} INFO - [2024-11-23T03:00:09.929+0000] {dag.py:3441} INFO - Setting next_dagrun for example_bash_operator to 2024-11-22T00:00:00+00:00, run_after=2024-11-23T00:00:00+00:00
[2024-11-23T03:00:09.942+0000] {processor.py:175} INFO - Processing /home/airflow/.local/lib/python3.7/site-packages/airflow/example_dags/example_bash_operator.py took 0.077 seconds
[2024-11-23T03:00:40.303+0000] {processor.py:153} INFO - Started process (PID=369) to work on /home/airflow/.local/lib/python3.7/site-packages/airflow/example_dags/example_bash_operator.py
[2024-11-23T03:00:40.304+0000] {processor.py:743} INFO - Processing file /home/airflow/.local/lib/python3.7/site-packages/airflow/example_dags/example_bash_operator.py for tasks to queue
[2024-11-23T03:00:40.305+0000] {logging_mixin.py:137} INFO - [2024-11-23T03:00:40.305+0000] {dagbag.py:538} INFO - Filling up the DagBag from /home/airflow/.local/lib/python3.7/site-packages/airflow/example_dags/example_bash_operator.py
[2024-11-23T03:00:40.323+0000] {processor.py:753} INFO - DAG(s) dict_keys(['example_bash_operator']) retrieved from /home/airflow/.local/lib/python3.7/site-packages/airflow/example_dags/example_bash_operator.py
[2024-11-23T03:00:40.350+0000] {logging_mixin.py:137} INFO - [2024-11-23T03:00:40.350+0000] {dag.py:2690} INFO - Sync 1 DAGs
[2024-11-23T03:00:40.426+0000] {logging_mixin.py:137} INFO - [2024-11-23T03:00:40.425+0000] {dag.py:3441} INFO - Setting next_dagrun for example_bash_operator to 2024-11-22T00:00:00+00:00, run_after=2024-11-23T00:00:00+00:00
[2024-11-23T03:00:40.443+0000] {processor.py:175} INFO - Processing /home/airflow/.local/lib/python3.7/site-packages/airflow/example_dags/example_bash_operator.py took 0.143 seconds
[2024-11-23T03:01:11.143+0000] {processor.py:153} INFO - Started process (PID=459) to work on /home/airflow/.local/lib/python3.7/site-packages/airflow/example_dags/example_bash_operator.py
[2024-11-23T03:01:11.144+0000] {processor.py:743} INFO - Processing file /home/airflow/.local/lib/python3.7/site-packages/airflow/example_dags/example_bash_operator.py for tasks to queue
[2024-11-23T03:01:11.145+0000] {logging_mixin.py:137} INFO - [2024-11-23T03:01:11.145+0000] {dagbag.py:538} INFO - Filling up the DagBag from /home/airflow/.local/lib/python3.7/site-packages/airflow/example_dags/example_bash_operator.py
[2024-11-23T03:01:11.163+0000] {processor.py:753} INFO - DAG(s) dict_keys(['example_bash_operator']) retrieved from /home/airflow/.local/lib/python3.7/site-packages/airflow/example_dags/example_bash_operator.py
[2024-11-23T03:01:11.193+0000] {logging_mixin.py:137} INFO - [2024-11-23T03:01:11.193+0000] {dag.py:2690} INFO - Sync 1 DAGs
[2024-11-23T03:01:11.221+0000] {logging_mixin.py:137} INFO - [2024-11-23T03:01:11.221+0000] {dag.py:3441} INFO - Setting next_dagrun for example_bash_operator to 2024-11-22T00:00:00+00:00, run_after=2024-11-23T00:00:00+00:00
[2024-11-23T03:01:11.235+0000] {processor.py:175} INFO - Processing /home/airflow/.local/lib/python3.7/site-packages/airflow/example_dags/example_bash_operator.py took 0.093 seconds
[2024-11-23T03:01:41.402+0000] {processor.py:153} INFO - Started process (PID=549) to work on /home/airflow/.local/lib/python3.7/site-packages/airflow/example_dags/example_bash_operator.py
[2024-11-23T03:01:41.403+0000] {processor.py:743} INFO - Processing file /home/airflow/.local/lib/python3.7/site-packages/airflow/example_dags/example_bash_operator.py for tasks to queue
[2024-11-23T03:01:41.403+0000] {logging_mixin.py:137} INFO - [2024-11-23T03:01:41.403+0000] {dagbag.py:538} INFO - Filling up the DagBag from /home/airflow/.local/lib/python3.7/site-packages/airflow/example_dags/example_bash_operator.py
[2024-11-23T03:01:41.422+0000] {processor.py:753} INFO - DAG(s) dict_keys(['example_bash_operator']) retrieved from /home/airflow/.local/lib/python3.7/site-packages/airflow/example_dags/example_bash_operator.py
[2024-11-23T03:01:41.452+0000] {logging_mixin.py:137} INFO - [2024-11-23T03:01:41.452+0000] {dag.py:2690} INFO - Sync 1 DAGs
[2024-11-23T03:01:41.476+0000] {logging_mixin.py:137} INFO - [2024-11-23T03:01:41.475+0000] {dag.py:3441} INFO - Setting next_dagrun for example_bash_operator to 2024-11-22T00:00:00+00:00, run_after=2024-11-23T00:00:00+00:00
[2024-11-23T03:01:41.496+0000] {processor.py:175} INFO - Processing /home/airflow/.local/lib/python3.7/site-packages/airflow/example_dags/example_bash_operator.py took 0.096 seconds
[2024-11-23T03:02:11.601+0000] {processor.py:153} INFO - Started process (PID=623) to work on /home/airflow/.local/lib/python3.7/site-packages/airflow/example_dags/example_bash_operator.py
[2024-11-23T03:02:11.601+0000] {processor.py:743} INFO - Processing file /home/airflow/.local/lib/python3.7/site-packages/airflow/example_dags/example_bash_operator.py for tasks to queue
[2024-11-23T03:02:11.602+0000] {logging_mixin.py:137} INFO - [2024-11-23T03:02:11.602+0000] {dagbag.py:538} INFO - Filling up the DagBag from /home/airflow/.local/lib/python3.7/site-packages/airflow/example_dags/example_bash_operator.py
[2024-11-23T03:02:11.618+0000] {processor.py:753} INFO - DAG(s) dict_keys(['example_bash_operator']) retrieved from /home/airflow/.local/lib/python3.7/site-packages/airflow/example_dags/example_bash_operator.py
[2024-11-23T03:02:11.645+0000] {logging_mixin.py:137} INFO - [2024-11-23T03:02:11.645+0000] {dag.py:2690} INFO - Sync 1 DAGs
[2024-11-23T03:02:11.663+0000] {logging_mixin.py:137} INFO - [2024-11-23T03:02:11.663+0000] {dag.py:3441} INFO - Setting next_dagrun for example_bash_operator to 2024-11-22T00:00:00+00:00, run_after=2024-11-23T00:00:00+00:00
[2024-11-23T03:02:11.674+0000] {processor.py:175} INFO - Processing /home/airflow/.local/lib/python3.7/site-packages/airflow/example_dags/example_bash_operator.py took 0.076 seconds
[2024-11-23T03:03:05.359+0000] {processor.py:153} INFO - Started process (PID=41) to work on /home/airflow/.local/lib/python3.7/site-packages/airflow/example_dags/example_bash_operator.py
[2024-11-23T03:03:05.360+0000] {processor.py:743} INFO - Processing file /home/airflow/.local/lib/python3.7/site-packages/airflow/example_dags/example_bash_operator.py for tasks to queue
[2024-11-23T03:03:05.361+0000] {logging_mixin.py:137} INFO - [2024-11-23T03:03:05.361+0000] {dagbag.py:538} INFO - Filling up the DagBag from /home/airflow/.local/lib/python3.7/site-packages/airflow/example_dags/example_bash_operator.py
[2024-11-23T03:03:05.388+0000] {processor.py:753} INFO - DAG(s) dict_keys(['example_bash_operator']) retrieved from /home/airflow/.local/lib/python3.7/site-packages/airflow/example_dags/example_bash_operator.py
[2024-11-23T03:03:05.400+0000] {logging_mixin.py:137} INFO - [2024-11-23T03:03:05.400+0000] {dag.py:2690} INFO - Sync 1 DAGs
[2024-11-23T03:03:05.430+0000] {logging_mixin.py:137} INFO - [2024-11-23T03:03:05.430+0000] {dag.py:3441} INFO - Setting next_dagrun for example_bash_operator to 2024-11-22T00:00:00+00:00, run_after=2024-11-23T00:00:00+00:00
[2024-11-23T03:03:05.455+0000] {processor.py:175} INFO - Processing /home/airflow/.local/lib/python3.7/site-packages/airflow/example_dags/example_bash_operator.py took 0.099 seconds
[2024-11-23T03:03:35.851+0000] {processor.py:153} INFO - Started process (PID=131) to work on /home/airflow/.local/lib/python3.7/site-packages/airflow/example_dags/example_bash_operator.py
[2024-11-23T03:03:35.852+0000] {processor.py:743} INFO - Processing file /home/airflow/.local/lib/python3.7/site-packages/airflow/example_dags/example_bash_operator.py for tasks to queue
[2024-11-23T03:03:35.852+0000] {logging_mixin.py:137} INFO - [2024-11-23T03:03:35.852+0000] {dagbag.py:538} INFO - Filling up the DagBag from /home/airflow/.local/lib/python3.7/site-packages/airflow/example_dags/example_bash_operator.py
[2024-11-23T03:03:35.875+0000] {processor.py:753} INFO - DAG(s) dict_keys(['example_bash_operator']) retrieved from /home/airflow/.local/lib/python3.7/site-packages/airflow/example_dags/example_bash_operator.py
[2024-11-23T03:03:35.911+0000] {logging_mixin.py:137} INFO - [2024-11-23T03:03:35.911+0000] {dag.py:2690} INFO - Sync 1 DAGs
[2024-11-23T03:03:35.944+0000] {logging_mixin.py:137} INFO - [2024-11-23T03:03:35.944+0000] {dag.py:3441} INFO - Setting next_dagrun for example_bash_operator to 2024-11-22T00:00:00+00:00, run_after=2024-11-23T00:00:00+00:00
[2024-11-23T03:03:35.987+0000] {processor.py:175} INFO - Processing /home/airflow/.local/lib/python3.7/site-packages/airflow/example_dags/example_bash_operator.py took 0.142 seconds
[2024-11-23T03:06:13.069+0000] {processor.py:153} INFO - Started process (PID=50) to work on /home/airflow/.local/lib/python3.7/site-packages/airflow/example_dags/example_bash_operator.py
[2024-11-23T03:06:13.070+0000] {processor.py:743} INFO - Processing file /home/airflow/.local/lib/python3.7/site-packages/airflow/example_dags/example_bash_operator.py for tasks to queue
[2024-11-23T03:06:13.073+0000] {logging_mixin.py:137} INFO - [2024-11-23T03:06:13.073+0000] {dagbag.py:538} INFO - Filling up the DagBag from /home/airflow/.local/lib/python3.7/site-packages/airflow/example_dags/example_bash_operator.py
[2024-11-23T03:06:13.126+0000] {processor.py:753} INFO - DAG(s) dict_keys(['example_bash_operator']) retrieved from /home/airflow/.local/lib/python3.7/site-packages/airflow/example_dags/example_bash_operator.py
[2024-11-23T03:06:13.151+0000] {logging_mixin.py:137} INFO - [2024-11-23T03:06:13.150+0000] {dag.py:2690} INFO - Sync 1 DAGs
[2024-11-23T03:06:13.215+0000] {logging_mixin.py:137} INFO - [2024-11-23T03:06:13.215+0000] {dag.py:3441} INFO - Setting next_dagrun for example_bash_operator to 2024-11-22T00:00:00+00:00, run_after=2024-11-23T00:00:00+00:00
[2024-11-23T03:06:13.286+0000] {processor.py:175} INFO - Processing /home/airflow/.local/lib/python3.7/site-packages/airflow/example_dags/example_bash_operator.py took 0.222 seconds
[2024-11-23T03:06:43.720+0000] {processor.py:153} INFO - Started process (PID=131) to work on /home/airflow/.local/lib/python3.7/site-packages/airflow/example_dags/example_bash_operator.py
[2024-11-23T03:06:43.721+0000] {processor.py:743} INFO - Processing file /home/airflow/.local/lib/python3.7/site-packages/airflow/example_dags/example_bash_operator.py for tasks to queue
[2024-11-23T03:06:43.722+0000] {logging_mixin.py:137} INFO - [2024-11-23T03:06:43.721+0000] {dagbag.py:538} INFO - Filling up the DagBag from /home/airflow/.local/lib/python3.7/site-packages/airflow/example_dags/example_bash_operator.py
[2024-11-23T03:06:43.738+0000] {processor.py:753} INFO - DAG(s) dict_keys(['example_bash_operator']) retrieved from /home/airflow/.local/lib/python3.7/site-packages/airflow/example_dags/example_bash_operator.py
[2024-11-23T03:06:43.767+0000] {logging_mixin.py:137} INFO - [2024-11-23T03:06:43.767+0000] {dag.py:2690} INFO - Sync 1 DAGs
[2024-11-23T03:06:43.791+0000] {logging_mixin.py:137} INFO - [2024-11-23T03:06:43.791+0000] {dag.py:3441} INFO - Setting next_dagrun for example_bash_operator to 2024-11-22T00:00:00+00:00, run_after=2024-11-23T00:00:00+00:00
[2024-11-23T03:06:43.808+0000] {processor.py:175} INFO - Processing /home/airflow/.local/lib/python3.7/site-packages/airflow/example_dags/example_bash_operator.py took 0.091 seconds
[2024-11-23T03:07:14.541+0000] {processor.py:153} INFO - Started process (PID=205) to work on /home/airflow/.local/lib/python3.7/site-packages/airflow/example_dags/example_bash_operator.py
[2024-11-23T03:07:14.542+0000] {processor.py:743} INFO - Processing file /home/airflow/.local/lib/python3.7/site-packages/airflow/example_dags/example_bash_operator.py for tasks to queue
[2024-11-23T03:07:14.542+0000] {logging_mixin.py:137} INFO - [2024-11-23T03:07:14.542+0000] {dagbag.py:538} INFO - Filling up the DagBag from /home/airflow/.local/lib/python3.7/site-packages/airflow/example_dags/example_bash_operator.py
[2024-11-23T03:07:14.562+0000] {processor.py:753} INFO - DAG(s) dict_keys(['example_bash_operator']) retrieved from /home/airflow/.local/lib/python3.7/site-packages/airflow/example_dags/example_bash_operator.py
[2024-11-23T03:07:14.587+0000] {logging_mixin.py:137} INFO - [2024-11-23T03:07:14.587+0000] {dag.py:2690} INFO - Sync 1 DAGs
[2024-11-23T03:07:14.611+0000] {logging_mixin.py:137} INFO - [2024-11-23T03:07:14.610+0000] {dag.py:3441} INFO - Setting next_dagrun for example_bash_operator to 2024-11-22T00:00:00+00:00, run_after=2024-11-23T00:00:00+00:00
[2024-11-23T03:07:14.623+0000] {processor.py:175} INFO - Processing /home/airflow/.local/lib/python3.7/site-packages/airflow/example_dags/example_bash_operator.py took 0.086 seconds
[2024-11-23T03:07:45.415+0000] {processor.py:153} INFO - Started process (PID=295) to work on /home/airflow/.local/lib/python3.7/site-packages/airflow/example_dags/example_bash_operator.py
[2024-11-23T03:07:45.415+0000] {processor.py:743} INFO - Processing file /home/airflow/.local/lib/python3.7/site-packages/airflow/example_dags/example_bash_operator.py for tasks to queue
[2024-11-23T03:07:45.416+0000] {logging_mixin.py:137} INFO - [2024-11-23T03:07:45.416+0000] {dagbag.py:538} INFO - Filling up the DagBag from /home/airflow/.local/lib/python3.7/site-packages/airflow/example_dags/example_bash_operator.py
[2024-11-23T03:07:45.438+0000] {processor.py:753} INFO - DAG(s) dict_keys(['example_bash_operator']) retrieved from /home/airflow/.local/lib/python3.7/site-packages/airflow/example_dags/example_bash_operator.py
[2024-11-23T03:07:45.474+0000] {logging_mixin.py:137} INFO - [2024-11-23T03:07:45.473+0000] {dag.py:2690} INFO - Sync 1 DAGs
[2024-11-23T03:07:45.495+0000] {logging_mixin.py:137} INFO - [2024-11-23T03:07:45.495+0000] {dag.py:3441} INFO - Setting next_dagrun for example_bash_operator to 2024-11-22T00:00:00+00:00, run_after=2024-11-23T00:00:00+00:00
[2024-11-23T03:07:45.514+0000] {processor.py:175} INFO - Processing /home/airflow/.local/lib/python3.7/site-packages/airflow/example_dags/example_bash_operator.py took 0.101 seconds
[2024-11-23T03:08:15.692+0000] {processor.py:153} INFO - Started process (PID=385) to work on /home/airflow/.local/lib/python3.7/site-packages/airflow/example_dags/example_bash_operator.py
[2024-11-23T03:08:15.693+0000] {processor.py:743} INFO - Processing file /home/airflow/.local/lib/python3.7/site-packages/airflow/example_dags/example_bash_operator.py for tasks to queue
[2024-11-23T03:08:15.695+0000] {logging_mixin.py:137} INFO - [2024-11-23T03:08:15.695+0000] {dagbag.py:538} INFO - Filling up the DagBag from /home/airflow/.local/lib/python3.7/site-packages/airflow/example_dags/example_bash_operator.py
[2024-11-23T03:08:15.713+0000] {processor.py:753} INFO - DAG(s) dict_keys(['example_bash_operator']) retrieved from /home/airflow/.local/lib/python3.7/site-packages/airflow/example_dags/example_bash_operator.py
[2024-11-23T03:08:15.747+0000] {logging_mixin.py:137} INFO - [2024-11-23T03:08:15.747+0000] {dag.py:2690} INFO - Sync 1 DAGs
[2024-11-23T03:08:15.772+0000] {logging_mixin.py:137} INFO - [2024-11-23T03:08:15.771+0000] {dag.py:3441} INFO - Setting next_dagrun for example_bash_operator to 2024-11-22T00:00:00+00:00, run_after=2024-11-23T00:00:00+00:00
[2024-11-23T03:08:15.788+0000] {processor.py:175} INFO - Processing /home/airflow/.local/lib/python3.7/site-packages/airflow/example_dags/example_bash_operator.py took 0.098 seconds
[2024-11-23T03:08:45.987+0000] {processor.py:153} INFO - Started process (PID=458) to work on /home/airflow/.local/lib/python3.7/site-packages/airflow/example_dags/example_bash_operator.py
[2024-11-23T03:08:45.988+0000] {processor.py:743} INFO - Processing file /home/airflow/.local/lib/python3.7/site-packages/airflow/example_dags/example_bash_operator.py for tasks to queue
[2024-11-23T03:08:45.988+0000] {logging_mixin.py:137} INFO - [2024-11-23T03:08:45.988+0000] {dagbag.py:538} INFO - Filling up the DagBag from /home/airflow/.local/lib/python3.7/site-packages/airflow/example_dags/example_bash_operator.py
[2024-11-23T03:08:46.004+0000] {processor.py:753} INFO - DAG(s) dict_keys(['example_bash_operator']) retrieved from /home/airflow/.local/lib/python3.7/site-packages/airflow/example_dags/example_bash_operator.py
[2024-11-23T03:08:46.034+0000] {logging_mixin.py:137} INFO - [2024-11-23T03:08:46.033+0000] {dag.py:2690} INFO - Sync 1 DAGs
[2024-11-23T03:08:46.053+0000] {logging_mixin.py:137} INFO - [2024-11-23T03:08:46.053+0000] {dag.py:3441} INFO - Setting next_dagrun for example_bash_operator to 2024-11-22T00:00:00+00:00, run_after=2024-11-23T00:00:00+00:00
[2024-11-23T03:08:46.069+0000] {processor.py:175} INFO - Processing /home/airflow/.local/lib/python3.7/site-packages/airflow/example_dags/example_bash_operator.py took 0.085 seconds
[2024-11-23T03:09:17.117+0000] {processor.py:153} INFO - Started process (PID=548) to work on /home/airflow/.local/lib/python3.7/site-packages/airflow/example_dags/example_bash_operator.py
[2024-11-23T03:09:17.117+0000] {processor.py:743} INFO - Processing file /home/airflow/.local/lib/python3.7/site-packages/airflow/example_dags/example_bash_operator.py for tasks to queue
[2024-11-23T03:09:17.118+0000] {logging_mixin.py:137} INFO - [2024-11-23T03:09:17.118+0000] {dagbag.py:538} INFO - Filling up the DagBag from /home/airflow/.local/lib/python3.7/site-packages/airflow/example_dags/example_bash_operator.py
[2024-11-23T03:09:17.133+0000] {processor.py:753} INFO - DAG(s) dict_keys(['example_bash_operator']) retrieved from /home/airflow/.local/lib/python3.7/site-packages/airflow/example_dags/example_bash_operator.py
[2024-11-23T03:09:17.156+0000] {logging_mixin.py:137} INFO - [2024-11-23T03:09:17.156+0000] {dag.py:2690} INFO - Sync 1 DAGs
[2024-11-23T03:09:17.172+0000] {logging_mixin.py:137} INFO - [2024-11-23T03:09:17.172+0000] {dag.py:3441} INFO - Setting next_dagrun for example_bash_operator to 2024-11-22T00:00:00+00:00, run_after=2024-11-23T00:00:00+00:00
[2024-11-23T03:09:17.183+0000] {processor.py:175} INFO - Processing /home/airflow/.local/lib/python3.7/site-packages/airflow/example_dags/example_bash_operator.py took 0.069 seconds
[2024-11-23T03:09:47.341+0000] {processor.py:153} INFO - Started process (PID=622) to work on /home/airflow/.local/lib/python3.7/site-packages/airflow/example_dags/example_bash_operator.py
[2024-11-23T03:09:47.342+0000] {processor.py:743} INFO - Processing file /home/airflow/.local/lib/python3.7/site-packages/airflow/example_dags/example_bash_operator.py for tasks to queue
[2024-11-23T03:09:47.342+0000] {logging_mixin.py:137} INFO - [2024-11-23T03:09:47.342+0000] {dagbag.py:538} INFO - Filling up the DagBag from /home/airflow/.local/lib/python3.7/site-packages/airflow/example_dags/example_bash_operator.py
[2024-11-23T03:09:47.360+0000] {processor.py:753} INFO - DAG(s) dict_keys(['example_bash_operator']) retrieved from /home/airflow/.local/lib/python3.7/site-packages/airflow/example_dags/example_bash_operator.py
[2024-11-23T03:09:47.390+0000] {logging_mixin.py:137} INFO - [2024-11-23T03:09:47.390+0000] {dag.py:2690} INFO - Sync 1 DAGs
[2024-11-23T03:09:47.412+0000] {logging_mixin.py:137} INFO - [2024-11-23T03:09:47.412+0000] {dag.py:3441} INFO - Setting next_dagrun for example_bash_operator to 2024-11-22T00:00:00+00:00, run_after=2024-11-23T00:00:00+00:00
[2024-11-23T03:09:47.429+0000] {processor.py:175} INFO - Processing /home/airflow/.local/lib/python3.7/site-packages/airflow/example_dags/example_bash_operator.py took 0.090 seconds
[2024-11-23T03:10:17.596+0000] {processor.py:153} INFO - Started process (PID=711) to work on /home/airflow/.local/lib/python3.7/site-packages/airflow/example_dags/example_bash_operator.py
[2024-11-23T03:10:17.598+0000] {processor.py:743} INFO - Processing file /home/airflow/.local/lib/python3.7/site-packages/airflow/example_dags/example_bash_operator.py for tasks to queue
[2024-11-23T03:10:17.599+0000] {logging_mixin.py:137} INFO - [2024-11-23T03:10:17.599+0000] {dagbag.py:538} INFO - Filling up the DagBag from /home/airflow/.local/lib/python3.7/site-packages/airflow/example_dags/example_bash_operator.py
[2024-11-23T03:10:17.619+0000] {processor.py:753} INFO - DAG(s) dict_keys(['example_bash_operator']) retrieved from /home/airflow/.local/lib/python3.7/site-packages/airflow/example_dags/example_bash_operator.py
[2024-11-23T03:10:17.647+0000] {logging_mixin.py:137} INFO - [2024-11-23T03:10:17.647+0000] {dag.py:2690} INFO - Sync 1 DAGs
[2024-11-23T03:10:17.669+0000] {logging_mixin.py:137} INFO - [2024-11-23T03:10:17.669+0000] {dag.py:3441} INFO - Setting next_dagrun for example_bash_operator to 2024-11-22T00:00:00+00:00, run_after=2024-11-23T00:00:00+00:00
[2024-11-23T03:10:17.687+0000] {processor.py:175} INFO - Processing /home/airflow/.local/lib/python3.7/site-packages/airflow/example_dags/example_bash_operator.py took 0.093 seconds
[2024-11-23T03:10:48.790+0000] {processor.py:153} INFO - Started process (PID=801) to work on /home/airflow/.local/lib/python3.7/site-packages/airflow/example_dags/example_bash_operator.py
[2024-11-23T03:10:48.792+0000] {processor.py:743} INFO - Processing file /home/airflow/.local/lib/python3.7/site-packages/airflow/example_dags/example_bash_operator.py for tasks to queue
[2024-11-23T03:10:48.792+0000] {logging_mixin.py:137} INFO - [2024-11-23T03:10:48.792+0000] {dagbag.py:538} INFO - Filling up the DagBag from /home/airflow/.local/lib/python3.7/site-packages/airflow/example_dags/example_bash_operator.py
[2024-11-23T03:10:48.815+0000] {processor.py:753} INFO - DAG(s) dict_keys(['example_bash_operator']) retrieved from /home/airflow/.local/lib/python3.7/site-packages/airflow/example_dags/example_bash_operator.py
[2024-11-23T03:10:48.852+0000] {logging_mixin.py:137} INFO - [2024-11-23T03:10:48.852+0000] {dag.py:2690} INFO - Sync 1 DAGs
[2024-11-23T03:10:48.886+0000] {logging_mixin.py:137} INFO - [2024-11-23T03:10:48.885+0000] {dag.py:3441} INFO - Setting next_dagrun for example_bash_operator to 2024-11-22T00:00:00+00:00, run_after=2024-11-23T00:00:00+00:00
[2024-11-23T03:10:48.906+0000] {processor.py:175} INFO - Processing /home/airflow/.local/lib/python3.7/site-packages/airflow/example_dags/example_bash_operator.py took 0.120 seconds
[2024-11-23T03:11:19.368+0000] {processor.py:153} INFO - Started process (PID=875) to work on /home/airflow/.local/lib/python3.7/site-packages/airflow/example_dags/example_bash_operator.py
[2024-11-23T03:11:19.369+0000] {processor.py:743} INFO - Processing file /home/airflow/.local/lib/python3.7/site-packages/airflow/example_dags/example_bash_operator.py for tasks to queue
[2024-11-23T03:11:19.369+0000] {logging_mixin.py:137} INFO - [2024-11-23T03:11:19.369+0000] {dagbag.py:538} INFO - Filling up the DagBag from /home/airflow/.local/lib/python3.7/site-packages/airflow/example_dags/example_bash_operator.py
[2024-11-23T03:11:19.387+0000] {processor.py:753} INFO - DAG(s) dict_keys(['example_bash_operator']) retrieved from /home/airflow/.local/lib/python3.7/site-packages/airflow/example_dags/example_bash_operator.py
[2024-11-23T03:11:19.416+0000] {logging_mixin.py:137} INFO - [2024-11-23T03:11:19.416+0000] {dag.py:2690} INFO - Sync 1 DAGs
[2024-11-23T03:11:19.437+0000] {logging_mixin.py:137} INFO - [2024-11-23T03:11:19.437+0000] {dag.py:3441} INFO - Setting next_dagrun for example_bash_operator to 2024-11-22T00:00:00+00:00, run_after=2024-11-23T00:00:00+00:00
[2024-11-23T03:11:19.456+0000] {processor.py:175} INFO - Processing /home/airflow/.local/lib/python3.7/site-packages/airflow/example_dags/example_bash_operator.py took 0.092 seconds
[2024-11-23T03:11:49.622+0000] {processor.py:153} INFO - Started process (PID=965) to work on /home/airflow/.local/lib/python3.7/site-packages/airflow/example_dags/example_bash_operator.py
[2024-11-23T03:11:49.623+0000] {processor.py:743} INFO - Processing file /home/airflow/.local/lib/python3.7/site-packages/airflow/example_dags/example_bash_operator.py for tasks to queue
[2024-11-23T03:11:49.623+0000] {logging_mixin.py:137} INFO - [2024-11-23T03:11:49.623+0000] {dagbag.py:538} INFO - Filling up the DagBag from /home/airflow/.local/lib/python3.7/site-packages/airflow/example_dags/example_bash_operator.py
[2024-11-23T03:11:49.637+0000] {processor.py:753} INFO - DAG(s) dict_keys(['example_bash_operator']) retrieved from /home/airflow/.local/lib/python3.7/site-packages/airflow/example_dags/example_bash_operator.py
[2024-11-23T03:11:49.663+0000] {logging_mixin.py:137} INFO - [2024-11-23T03:11:49.663+0000] {dag.py:2690} INFO - Sync 1 DAGs
[2024-11-23T03:11:49.682+0000] {logging_mixin.py:137} INFO - [2024-11-23T03:11:49.682+0000] {dag.py:3441} INFO - Setting next_dagrun for example_bash_operator to 2024-11-22T00:00:00+00:00, run_after=2024-11-23T00:00:00+00:00
[2024-11-23T03:11:49.696+0000] {processor.py:175} INFO - Processing /home/airflow/.local/lib/python3.7/site-packages/airflow/example_dags/example_bash_operator.py took 0.076 seconds
[2024-11-23T03:12:19.918+0000] {processor.py:153} INFO - Started process (PID=1039) to work on /home/airflow/.local/lib/python3.7/site-packages/airflow/example_dags/example_bash_operator.py
[2024-11-23T03:12:19.918+0000] {processor.py:743} INFO - Processing file /home/airflow/.local/lib/python3.7/site-packages/airflow/example_dags/example_bash_operator.py for tasks to queue
[2024-11-23T03:12:19.919+0000] {logging_mixin.py:137} INFO - [2024-11-23T03:12:19.919+0000] {dagbag.py:538} INFO - Filling up the DagBag from /home/airflow/.local/lib/python3.7/site-packages/airflow/example_dags/example_bash_operator.py
[2024-11-23T03:12:19.935+0000] {processor.py:753} INFO - DAG(s) dict_keys(['example_bash_operator']) retrieved from /home/airflow/.local/lib/python3.7/site-packages/airflow/example_dags/example_bash_operator.py
[2024-11-23T03:12:19.964+0000] {logging_mixin.py:137} INFO - [2024-11-23T03:12:19.963+0000] {dag.py:2690} INFO - Sync 1 DAGs
[2024-11-23T03:12:19.984+0000] {logging_mixin.py:137} INFO - [2024-11-23T03:12:19.983+0000] {dag.py:3441} INFO - Setting next_dagrun for example_bash_operator to 2024-11-22T00:00:00+00:00, run_after=2024-11-23T00:00:00+00:00
[2024-11-23T03:12:19.998+0000] {processor.py:175} INFO - Processing /home/airflow/.local/lib/python3.7/site-packages/airflow/example_dags/example_bash_operator.py took 0.082 seconds
[2024-11-23T03:12:50.019+0000] {processor.py:153} INFO - Started process (PID=1129) to work on /home/airflow/.local/lib/python3.7/site-packages/airflow/example_dags/example_bash_operator.py
[2024-11-23T03:12:50.021+0000] {processor.py:743} INFO - Processing file /home/airflow/.local/lib/python3.7/site-packages/airflow/example_dags/example_bash_operator.py for tasks to queue
[2024-11-23T03:12:50.023+0000] {logging_mixin.py:137} INFO - [2024-11-23T03:12:50.023+0000] {dagbag.py:538} INFO - Filling up the DagBag from /home/airflow/.local/lib/python3.7/site-packages/airflow/example_dags/example_bash_operator.py
[2024-11-23T03:12:50.039+0000] {processor.py:753} INFO - DAG(s) dict_keys(['example_bash_operator']) retrieved from /home/airflow/.local/lib/python3.7/site-packages/airflow/example_dags/example_bash_operator.py
[2024-11-23T03:12:50.074+0000] {logging_mixin.py:137} INFO - [2024-11-23T03:12:50.074+0000] {dag.py:2690} INFO - Sync 1 DAGs
[2024-11-23T03:12:50.100+0000] {logging_mixin.py:137} INFO - [2024-11-23T03:12:50.099+0000] {dag.py:3441} INFO - Setting next_dagrun for example_bash_operator to 2024-11-22T00:00:00+00:00, run_after=2024-11-23T00:00:00+00:00
[2024-11-23T03:12:50.118+0000] {processor.py:175} INFO - Processing /home/airflow/.local/lib/python3.7/site-packages/airflow/example_dags/example_bash_operator.py took 0.102 seconds
[2024-11-23T03:13:20.574+0000] {processor.py:153} INFO - Started process (PID=1203) to work on /home/airflow/.local/lib/python3.7/site-packages/airflow/example_dags/example_bash_operator.py
[2024-11-23T03:13:20.575+0000] {processor.py:743} INFO - Processing file /home/airflow/.local/lib/python3.7/site-packages/airflow/example_dags/example_bash_operator.py for tasks to queue
[2024-11-23T03:13:20.576+0000] {logging_mixin.py:137} INFO - [2024-11-23T03:13:20.576+0000] {dagbag.py:538} INFO - Filling up the DagBag from /home/airflow/.local/lib/python3.7/site-packages/airflow/example_dags/example_bash_operator.py
[2024-11-23T03:13:20.593+0000] {processor.py:753} INFO - DAG(s) dict_keys(['example_bash_operator']) retrieved from /home/airflow/.local/lib/python3.7/site-packages/airflow/example_dags/example_bash_operator.py
[2024-11-23T03:13:20.619+0000] {logging_mixin.py:137} INFO - [2024-11-23T03:13:20.619+0000] {dag.py:2690} INFO - Sync 1 DAGs
[2024-11-23T03:13:20.644+0000] {logging_mixin.py:137} INFO - [2024-11-23T03:13:20.643+0000] {dag.py:3441} INFO - Setting next_dagrun for example_bash_operator to 2024-11-22T00:00:00+00:00, run_after=2024-11-23T00:00:00+00:00
[2024-11-23T03:13:20.661+0000] {processor.py:175} INFO - Processing /home/airflow/.local/lib/python3.7/site-packages/airflow/example_dags/example_bash_operator.py took 0.090 seconds
[2024-11-23T03:13:50.824+0000] {processor.py:153} INFO - Started process (PID=1293) to work on /home/airflow/.local/lib/python3.7/site-packages/airflow/example_dags/example_bash_operator.py
[2024-11-23T03:13:50.824+0000] {processor.py:743} INFO - Processing file /home/airflow/.local/lib/python3.7/site-packages/airflow/example_dags/example_bash_operator.py for tasks to queue
[2024-11-23T03:13:50.825+0000] {logging_mixin.py:137} INFO - [2024-11-23T03:13:50.825+0000] {dagbag.py:538} INFO - Filling up the DagBag from /home/airflow/.local/lib/python3.7/site-packages/airflow/example_dags/example_bash_operator.py
[2024-11-23T03:13:50.841+0000] {processor.py:753} INFO - DAG(s) dict_keys(['example_bash_operator']) retrieved from /home/airflow/.local/lib/python3.7/site-packages/airflow/example_dags/example_bash_operator.py
[2024-11-23T03:13:50.870+0000] {logging_mixin.py:137} INFO - [2024-11-23T03:13:50.870+0000] {dag.py:2690} INFO - Sync 1 DAGs
[2024-11-23T03:13:50.891+0000] {logging_mixin.py:137} INFO - [2024-11-23T03:13:50.891+0000] {dag.py:3441} INFO - Setting next_dagrun for example_bash_operator to 2024-11-22T00:00:00+00:00, run_after=2024-11-23T00:00:00+00:00
[2024-11-23T03:13:50.912+0000] {processor.py:175} INFO - Processing /home/airflow/.local/lib/python3.7/site-packages/airflow/example_dags/example_bash_operator.py took 0.090 seconds
[2024-11-23T03:14:20.942+0000] {processor.py:153} INFO - Started process (PID=1367) to work on /home/airflow/.local/lib/python3.7/site-packages/airflow/example_dags/example_bash_operator.py
[2024-11-23T03:14:20.943+0000] {processor.py:743} INFO - Processing file /home/airflow/.local/lib/python3.7/site-packages/airflow/example_dags/example_bash_operator.py for tasks to queue
[2024-11-23T03:14:20.944+0000] {logging_mixin.py:137} INFO - [2024-11-23T03:14:20.943+0000] {dagbag.py:538} INFO - Filling up the DagBag from /home/airflow/.local/lib/python3.7/site-packages/airflow/example_dags/example_bash_operator.py
[2024-11-23T03:14:20.963+0000] {processor.py:753} INFO - DAG(s) dict_keys(['example_bash_operator']) retrieved from /home/airflow/.local/lib/python3.7/site-packages/airflow/example_dags/example_bash_operator.py
[2024-11-23T03:14:20.998+0000] {logging_mixin.py:137} INFO - [2024-11-23T03:14:20.997+0000] {dag.py:2690} INFO - Sync 1 DAGs
[2024-11-23T03:14:21.022+0000] {logging_mixin.py:137} INFO - [2024-11-23T03:14:21.022+0000] {dag.py:3441} INFO - Setting next_dagrun for example_bash_operator to 2024-11-22T00:00:00+00:00, run_after=2024-11-23T00:00:00+00:00
[2024-11-23T03:14:21.040+0000] {processor.py:175} INFO - Processing /home/airflow/.local/lib/python3.7/site-packages/airflow/example_dags/example_bash_operator.py took 0.100 seconds
[2024-11-23T03:14:51.371+0000] {processor.py:153} INFO - Started process (PID=1457) to work on /home/airflow/.local/lib/python3.7/site-packages/airflow/example_dags/example_bash_operator.py
[2024-11-23T03:14:51.372+0000] {processor.py:743} INFO - Processing file /home/airflow/.local/lib/python3.7/site-packages/airflow/example_dags/example_bash_operator.py for tasks to queue
[2024-11-23T03:14:51.373+0000] {logging_mixin.py:137} INFO - [2024-11-23T03:14:51.373+0000] {dagbag.py:538} INFO - Filling up the DagBag from /home/airflow/.local/lib/python3.7/site-packages/airflow/example_dags/example_bash_operator.py
[2024-11-23T03:14:51.393+0000] {processor.py:753} INFO - DAG(s) dict_keys(['example_bash_operator']) retrieved from /home/airflow/.local/lib/python3.7/site-packages/airflow/example_dags/example_bash_operator.py
[2024-11-23T03:14:51.421+0000] {logging_mixin.py:137} INFO - [2024-11-23T03:14:51.421+0000] {dag.py:2690} INFO - Sync 1 DAGs
[2024-11-23T03:14:51.442+0000] {logging_mixin.py:137} INFO - [2024-11-23T03:14:51.442+0000] {dag.py:3441} INFO - Setting next_dagrun for example_bash_operator to 2024-11-22T00:00:00+00:00, run_after=2024-11-23T00:00:00+00:00
[2024-11-23T03:14:51.458+0000] {processor.py:175} INFO - Processing /home/airflow/.local/lib/python3.7/site-packages/airflow/example_dags/example_bash_operator.py took 0.091 seconds
[2024-11-23T03:15:21.737+0000] {processor.py:153} INFO - Started process (PID=1538) to work on /home/airflow/.local/lib/python3.7/site-packages/airflow/example_dags/example_bash_operator.py
[2024-11-23T03:15:21.738+0000] {processor.py:743} INFO - Processing file /home/airflow/.local/lib/python3.7/site-packages/airflow/example_dags/example_bash_operator.py for tasks to queue
[2024-11-23T03:15:21.739+0000] {logging_mixin.py:137} INFO - [2024-11-23T03:15:21.739+0000] {dagbag.py:538} INFO - Filling up the DagBag from /home/airflow/.local/lib/python3.7/site-packages/airflow/example_dags/example_bash_operator.py
[2024-11-23T03:15:21.760+0000] {processor.py:753} INFO - DAG(s) dict_keys(['example_bash_operator']) retrieved from /home/airflow/.local/lib/python3.7/site-packages/airflow/example_dags/example_bash_operator.py
[2024-11-23T03:15:21.794+0000] {logging_mixin.py:137} INFO - [2024-11-23T03:15:21.794+0000] {dag.py:2690} INFO - Sync 1 DAGs
[2024-11-23T03:15:21.815+0000] {logging_mixin.py:137} INFO - [2024-11-23T03:15:21.815+0000] {dag.py:3441} INFO - Setting next_dagrun for example_bash_operator to 2024-11-22T00:00:00+00:00, run_after=2024-11-23T00:00:00+00:00
[2024-11-23T03:15:21.830+0000] {processor.py:175} INFO - Processing /home/airflow/.local/lib/python3.7/site-packages/airflow/example_dags/example_bash_operator.py took 0.097 seconds
[2024-11-23T03:15:52.459+0000] {processor.py:153} INFO - Started process (PID=1621) to work on /home/airflow/.local/lib/python3.7/site-packages/airflow/example_dags/example_bash_operator.py
[2024-11-23T03:15:52.459+0000] {processor.py:743} INFO - Processing file /home/airflow/.local/lib/python3.7/site-packages/airflow/example_dags/example_bash_operator.py for tasks to queue
[2024-11-23T03:15:52.460+0000] {logging_mixin.py:137} INFO - [2024-11-23T03:15:52.460+0000] {dagbag.py:538} INFO - Filling up the DagBag from /home/airflow/.local/lib/python3.7/site-packages/airflow/example_dags/example_bash_operator.py
[2024-11-23T03:15:52.478+0000] {processor.py:753} INFO - DAG(s) dict_keys(['example_bash_operator']) retrieved from /home/airflow/.local/lib/python3.7/site-packages/airflow/example_dags/example_bash_operator.py
[2024-11-23T03:15:52.506+0000] {logging_mixin.py:137} INFO - [2024-11-23T03:15:52.506+0000] {dag.py:2690} INFO - Sync 1 DAGs
[2024-11-23T03:15:52.527+0000] {logging_mixin.py:137} INFO - [2024-11-23T03:15:52.527+0000] {dag.py:3441} INFO - Setting next_dagrun for example_bash_operator to 2024-11-22T00:00:00+00:00, run_after=2024-11-23T00:00:00+00:00
[2024-11-23T03:15:52.546+0000] {processor.py:175} INFO - Processing /home/airflow/.local/lib/python3.7/site-packages/airflow/example_dags/example_bash_operator.py took 0.090 seconds
[2024-11-23T03:16:22.671+0000] {processor.py:153} INFO - Started process (PID=1711) to work on /home/airflow/.local/lib/python3.7/site-packages/airflow/example_dags/example_bash_operator.py
[2024-11-23T03:16:22.674+0000] {processor.py:743} INFO - Processing file /home/airflow/.local/lib/python3.7/site-packages/airflow/example_dags/example_bash_operator.py for tasks to queue
[2024-11-23T03:16:22.675+0000] {logging_mixin.py:137} INFO - [2024-11-23T03:16:22.675+0000] {dagbag.py:538} INFO - Filling up the DagBag from /home/airflow/.local/lib/python3.7/site-packages/airflow/example_dags/example_bash_operator.py
[2024-11-23T03:16:22.693+0000] {processor.py:753} INFO - DAG(s) dict_keys(['example_bash_operator']) retrieved from /home/airflow/.local/lib/python3.7/site-packages/airflow/example_dags/example_bash_operator.py
[2024-11-23T03:16:22.719+0000] {logging_mixin.py:137} INFO - [2024-11-23T03:16:22.719+0000] {dag.py:2690} INFO - Sync 1 DAGs
[2024-11-23T03:16:22.737+0000] {logging_mixin.py:137} INFO - [2024-11-23T03:16:22.737+0000] {dag.py:3441} INFO - Setting next_dagrun for example_bash_operator to 2024-11-22T00:00:00+00:00, run_after=2024-11-23T00:00:00+00:00
[2024-11-23T03:16:22.748+0000] {processor.py:175} INFO - Processing /home/airflow/.local/lib/python3.7/site-packages/airflow/example_dags/example_bash_operator.py took 0.079 seconds
[2024-11-23T03:16:52.776+0000] {processor.py:153} INFO - Started process (PID=1785) to work on /home/airflow/.local/lib/python3.7/site-packages/airflow/example_dags/example_bash_operator.py
[2024-11-23T03:16:52.777+0000] {processor.py:743} INFO - Processing file /home/airflow/.local/lib/python3.7/site-packages/airflow/example_dags/example_bash_operator.py for tasks to queue
[2024-11-23T03:16:52.778+0000] {logging_mixin.py:137} INFO - [2024-11-23T03:16:52.778+0000] {dagbag.py:538} INFO - Filling up the DagBag from /home/airflow/.local/lib/python3.7/site-packages/airflow/example_dags/example_bash_operator.py
[2024-11-23T03:16:52.796+0000] {processor.py:753} INFO - DAG(s) dict_keys(['example_bash_operator']) retrieved from /home/airflow/.local/lib/python3.7/site-packages/airflow/example_dags/example_bash_operator.py
[2024-11-23T03:16:52.821+0000] {logging_mixin.py:137} INFO - [2024-11-23T03:16:52.821+0000] {dag.py:2690} INFO - Sync 1 DAGs
[2024-11-23T03:16:52.841+0000] {logging_mixin.py:137} INFO - [2024-11-23T03:16:52.840+0000] {dag.py:3441} INFO - Setting next_dagrun for example_bash_operator to 2024-11-22T00:00:00+00:00, run_after=2024-11-23T00:00:00+00:00
[2024-11-23T03:16:52.853+0000] {processor.py:175} INFO - Processing /home/airflow/.local/lib/python3.7/site-packages/airflow/example_dags/example_bash_operator.py took 0.080 seconds
[2024-11-23T03:17:22.970+0000] {processor.py:153} INFO - Started process (PID=1875) to work on /home/airflow/.local/lib/python3.7/site-packages/airflow/example_dags/example_bash_operator.py
[2024-11-23T03:17:22.974+0000] {processor.py:743} INFO - Processing file /home/airflow/.local/lib/python3.7/site-packages/airflow/example_dags/example_bash_operator.py for tasks to queue
[2024-11-23T03:17:22.975+0000] {logging_mixin.py:137} INFO - [2024-11-23T03:17:22.975+0000] {dagbag.py:538} INFO - Filling up the DagBag from /home/airflow/.local/lib/python3.7/site-packages/airflow/example_dags/example_bash_operator.py
[2024-11-23T03:17:22.992+0000] {processor.py:753} INFO - DAG(s) dict_keys(['example_bash_operator']) retrieved from /home/airflow/.local/lib/python3.7/site-packages/airflow/example_dags/example_bash_operator.py
[2024-11-23T03:17:23.025+0000] {logging_mixin.py:137} INFO - [2024-11-23T03:17:23.025+0000] {dag.py:2690} INFO - Sync 1 DAGs
[2024-11-23T03:17:23.047+0000] {logging_mixin.py:137} INFO - [2024-11-23T03:17:23.046+0000] {dag.py:3441} INFO - Setting next_dagrun for example_bash_operator to 2024-11-22T00:00:00+00:00, run_after=2024-11-23T00:00:00+00:00
[2024-11-23T03:17:23.059+0000] {processor.py:175} INFO - Processing /home/airflow/.local/lib/python3.7/site-packages/airflow/example_dags/example_bash_operator.py took 0.092 seconds
[2024-11-23T03:17:53.206+0000] {processor.py:153} INFO - Started process (PID=1948) to work on /home/airflow/.local/lib/python3.7/site-packages/airflow/example_dags/example_bash_operator.py
[2024-11-23T03:17:53.207+0000] {processor.py:743} INFO - Processing file /home/airflow/.local/lib/python3.7/site-packages/airflow/example_dags/example_bash_operator.py for tasks to queue
[2024-11-23T03:17:53.208+0000] {logging_mixin.py:137} INFO - [2024-11-23T03:17:53.208+0000] {dagbag.py:538} INFO - Filling up the DagBag from /home/airflow/.local/lib/python3.7/site-packages/airflow/example_dags/example_bash_operator.py
[2024-11-23T03:17:53.227+0000] {processor.py:753} INFO - DAG(s) dict_keys(['example_bash_operator']) retrieved from /home/airflow/.local/lib/python3.7/site-packages/airflow/example_dags/example_bash_operator.py
[2024-11-23T03:17:53.252+0000] {logging_mixin.py:137} INFO - [2024-11-23T03:17:53.252+0000] {dag.py:2690} INFO - Sync 1 DAGs
[2024-11-23T03:17:53.271+0000] {logging_mixin.py:137} INFO - [2024-11-23T03:17:53.271+0000] {dag.py:3441} INFO - Setting next_dagrun for example_bash_operator to 2024-11-22T00:00:00+00:00, run_after=2024-11-23T00:00:00+00:00
[2024-11-23T03:17:53.283+0000] {processor.py:175} INFO - Processing /home/airflow/.local/lib/python3.7/site-packages/airflow/example_dags/example_bash_operator.py took 0.079 seconds
[2024-11-23T03:18:23.482+0000] {processor.py:153} INFO - Started process (PID=2037) to work on /home/airflow/.local/lib/python3.7/site-packages/airflow/example_dags/example_bash_operator.py
[2024-11-23T03:18:23.485+0000] {processor.py:743} INFO - Processing file /home/airflow/.local/lib/python3.7/site-packages/airflow/example_dags/example_bash_operator.py for tasks to queue
[2024-11-23T03:18:23.486+0000] {logging_mixin.py:137} INFO - [2024-11-23T03:18:23.486+0000] {dagbag.py:538} INFO - Filling up the DagBag from /home/airflow/.local/lib/python3.7/site-packages/airflow/example_dags/example_bash_operator.py
[2024-11-23T03:18:23.508+0000] {processor.py:753} INFO - DAG(s) dict_keys(['example_bash_operator']) retrieved from /home/airflow/.local/lib/python3.7/site-packages/airflow/example_dags/example_bash_operator.py
[2024-11-23T03:18:23.542+0000] {logging_mixin.py:137} INFO - [2024-11-23T03:18:23.542+0000] {dag.py:2690} INFO - Sync 1 DAGs
[2024-11-23T03:18:23.563+0000] {logging_mixin.py:137} INFO - [2024-11-23T03:18:23.563+0000] {dag.py:3441} INFO - Setting next_dagrun for example_bash_operator to 2024-11-22T00:00:00+00:00, run_after=2024-11-23T00:00:00+00:00
[2024-11-23T03:18:23.576+0000] {processor.py:175} INFO - Processing /home/airflow/.local/lib/python3.7/site-packages/airflow/example_dags/example_bash_operator.py took 0.097 seconds
[2024-11-23T03:18:53.771+0000] {processor.py:153} INFO - Started process (PID=2111) to work on /home/airflow/.local/lib/python3.7/site-packages/airflow/example_dags/example_bash_operator.py
[2024-11-23T03:18:53.773+0000] {processor.py:743} INFO - Processing file /home/airflow/.local/lib/python3.7/site-packages/airflow/example_dags/example_bash_operator.py for tasks to queue
[2024-11-23T03:18:53.774+0000] {logging_mixin.py:137} INFO - [2024-11-23T03:18:53.774+0000] {dagbag.py:538} INFO - Filling up the DagBag from /home/airflow/.local/lib/python3.7/site-packages/airflow/example_dags/example_bash_operator.py
[2024-11-23T03:18:53.795+0000] {processor.py:753} INFO - DAG(s) dict_keys(['example_bash_operator']) retrieved from /home/airflow/.local/lib/python3.7/site-packages/airflow/example_dags/example_bash_operator.py
[2024-11-23T03:18:53.822+0000] {logging_mixin.py:137} INFO - [2024-11-23T03:18:53.822+0000] {dag.py:2690} INFO - Sync 1 DAGs
[2024-11-23T03:18:53.842+0000] {logging_mixin.py:137} INFO - [2024-11-23T03:18:53.842+0000] {dag.py:3441} INFO - Setting next_dagrun for example_bash_operator to 2024-11-22T00:00:00+00:00, run_after=2024-11-23T00:00:00+00:00
[2024-11-23T03:18:53.854+0000] {processor.py:175} INFO - Processing /home/airflow/.local/lib/python3.7/site-packages/airflow/example_dags/example_bash_operator.py took 0.086 seconds
[2024-11-23T03:19:24.025+0000] {processor.py:153} INFO - Started process (PID=2200) to work on /home/airflow/.local/lib/python3.7/site-packages/airflow/example_dags/example_bash_operator.py
[2024-11-23T03:19:24.026+0000] {processor.py:743} INFO - Processing file /home/airflow/.local/lib/python3.7/site-packages/airflow/example_dags/example_bash_operator.py for tasks to queue
[2024-11-23T03:19:24.026+0000] {logging_mixin.py:137} INFO - [2024-11-23T03:19:24.026+0000] {dagbag.py:538} INFO - Filling up the DagBag from /home/airflow/.local/lib/python3.7/site-packages/airflow/example_dags/example_bash_operator.py
[2024-11-23T03:19:24.050+0000] {processor.py:753} INFO - DAG(s) dict_keys(['example_bash_operator']) retrieved from /home/airflow/.local/lib/python3.7/site-packages/airflow/example_dags/example_bash_operator.py
[2024-11-23T03:19:24.078+0000] {logging_mixin.py:137} INFO - [2024-11-23T03:19:24.078+0000] {dag.py:2690} INFO - Sync 1 DAGs
[2024-11-23T03:19:24.099+0000] {logging_mixin.py:137} INFO - [2024-11-23T03:19:24.099+0000] {dag.py:3441} INFO - Setting next_dagrun for example_bash_operator to 2024-11-22T00:00:00+00:00, run_after=2024-11-23T00:00:00+00:00
[2024-11-23T03:19:24.111+0000] {processor.py:175} INFO - Processing /home/airflow/.local/lib/python3.7/site-packages/airflow/example_dags/example_bash_operator.py took 0.090 seconds
[2024-11-23T03:19:54.703+0000] {processor.py:153} INFO - Started process (PID=2274) to work on /home/airflow/.local/lib/python3.7/site-packages/airflow/example_dags/example_bash_operator.py
[2024-11-23T03:19:54.704+0000] {processor.py:743} INFO - Processing file /home/airflow/.local/lib/python3.7/site-packages/airflow/example_dags/example_bash_operator.py for tasks to queue
[2024-11-23T03:19:54.705+0000] {logging_mixin.py:137} INFO - [2024-11-23T03:19:54.705+0000] {dagbag.py:538} INFO - Filling up the DagBag from /home/airflow/.local/lib/python3.7/site-packages/airflow/example_dags/example_bash_operator.py
[2024-11-23T03:19:54.719+0000] {processor.py:753} INFO - DAG(s) dict_keys(['example_bash_operator']) retrieved from /home/airflow/.local/lib/python3.7/site-packages/airflow/example_dags/example_bash_operator.py
[2024-11-23T03:19:54.746+0000] {logging_mixin.py:137} INFO - [2024-11-23T03:19:54.746+0000] {dag.py:2690} INFO - Sync 1 DAGs
[2024-11-23T03:19:54.775+0000] {logging_mixin.py:137} INFO - [2024-11-23T03:19:54.775+0000] {dag.py:3441} INFO - Setting next_dagrun for example_bash_operator to 2024-11-22T00:00:00+00:00, run_after=2024-11-23T00:00:00+00:00
[2024-11-23T03:19:54.795+0000] {processor.py:175} INFO - Processing /home/airflow/.local/lib/python3.7/site-packages/airflow/example_dags/example_bash_operator.py took 0.097 seconds
