[2024-11-23T02:53:00.344+0000] {processor.py:153} INFO - Started process (PID=45) to work on /home/airflow/.local/lib/python3.7/site-packages/airflow/example_dags/example_external_task_marker_dag.py
[2024-11-23T02:53:00.345+0000] {processor.py:743} INFO - Processing file /home/airflow/.local/lib/python3.7/site-packages/airflow/example_dags/example_external_task_marker_dag.py for tasks to queue
[2024-11-23T02:53:00.346+0000] {logging_mixin.py:137} INFO - [2024-11-23T02:53:00.346+0000] {dagbag.py:538} INFO - Filling up the DagBag from /home/airflow/.local/lib/python3.7/site-packages/airflow/example_dags/example_external_task_marker_dag.py
[2024-11-23T02:53:00.363+0000] {processor.py:753} INFO - DAG(s) dict_keys(['example_external_task_marker_parent', 'example_external_task_marker_child']) retrieved from /home/airflow/.local/lib/python3.7/site-packages/airflow/example_dags/example_external_task_marker_dag.py
[2024-11-23T02:53:00.376+0000] {logging_mixin.py:137} INFO - [2024-11-23T02:53:00.376+0000] {dag.py:2690} INFO - Sync 2 DAGs
[2024-11-23T02:53:00.401+0000] {logging_mixin.py:137} INFO - [2024-11-23T02:53:00.401+0000] {dag.py:3441} INFO - Setting next_dagrun for example_external_task_marker_child to None, run_after=None
[2024-11-23T02:53:00.404+0000] {logging_mixin.py:137} INFO - [2024-11-23T02:53:00.404+0000] {dag.py:3441} INFO - Setting next_dagrun for example_external_task_marker_parent to None, run_after=None
[2024-11-23T02:53:00.418+0000] {processor.py:175} INFO - Processing /home/airflow/.local/lib/python3.7/site-packages/airflow/example_dags/example_external_task_marker_dag.py took 0.078 seconds
[2024-11-23T02:53:30.968+0000] {processor.py:153} INFO - Started process (PID=135) to work on /home/airflow/.local/lib/python3.7/site-packages/airflow/example_dags/example_external_task_marker_dag.py
[2024-11-23T02:53:30.969+0000] {processor.py:743} INFO - Processing file /home/airflow/.local/lib/python3.7/site-packages/airflow/example_dags/example_external_task_marker_dag.py for tasks to queue
[2024-11-23T02:53:30.970+0000] {logging_mixin.py:137} INFO - [2024-11-23T02:53:30.970+0000] {dagbag.py:538} INFO - Filling up the DagBag from /home/airflow/.local/lib/python3.7/site-packages/airflow/example_dags/example_external_task_marker_dag.py
[2024-11-23T02:53:30.980+0000] {processor.py:753} INFO - DAG(s) dict_keys(['example_external_task_marker_parent', 'example_external_task_marker_child']) retrieved from /home/airflow/.local/lib/python3.7/site-packages/airflow/example_dags/example_external_task_marker_dag.py
[2024-11-23T02:53:31.001+0000] {logging_mixin.py:137} INFO - [2024-11-23T02:53:31.001+0000] {dag.py:2690} INFO - Sync 2 DAGs
[2024-11-23T02:53:31.018+0000] {logging_mixin.py:137} INFO - [2024-11-23T02:53:31.017+0000] {dag.py:3441} INFO - Setting next_dagrun for example_external_task_marker_child to None, run_after=None
[2024-11-23T02:53:31.022+0000] {logging_mixin.py:137} INFO - [2024-11-23T02:53:31.022+0000] {dag.py:3441} INFO - Setting next_dagrun for example_external_task_marker_parent to None, run_after=None
[2024-11-23T02:53:31.037+0000] {processor.py:175} INFO - Processing /home/airflow/.local/lib/python3.7/site-packages/airflow/example_dags/example_external_task_marker_dag.py took 0.071 seconds
[2024-11-23T02:54:01.445+0000] {processor.py:153} INFO - Started process (PID=209) to work on /home/airflow/.local/lib/python3.7/site-packages/airflow/example_dags/example_external_task_marker_dag.py
[2024-11-23T02:54:01.447+0000] {processor.py:743} INFO - Processing file /home/airflow/.local/lib/python3.7/site-packages/airflow/example_dags/example_external_task_marker_dag.py for tasks to queue
[2024-11-23T02:54:01.453+0000] {logging_mixin.py:137} INFO - [2024-11-23T02:54:01.453+0000] {dagbag.py:538} INFO - Filling up the DagBag from /home/airflow/.local/lib/python3.7/site-packages/airflow/example_dags/example_external_task_marker_dag.py
[2024-11-23T02:54:01.465+0000] {processor.py:753} INFO - DAG(s) dict_keys(['example_external_task_marker_parent', 'example_external_task_marker_child']) retrieved from /home/airflow/.local/lib/python3.7/site-packages/airflow/example_dags/example_external_task_marker_dag.py
[2024-11-23T02:54:01.497+0000] {logging_mixin.py:137} INFO - [2024-11-23T02:54:01.497+0000] {dag.py:2690} INFO - Sync 2 DAGs
[2024-11-23T02:54:01.524+0000] {logging_mixin.py:137} INFO - [2024-11-23T02:54:01.524+0000] {dag.py:3441} INFO - Setting next_dagrun for example_external_task_marker_child to None, run_after=None
[2024-11-23T02:54:01.532+0000] {logging_mixin.py:137} INFO - [2024-11-23T02:54:01.532+0000] {dag.py:3441} INFO - Setting next_dagrun for example_external_task_marker_parent to None, run_after=None
[2024-11-23T02:54:01.554+0000] {processor.py:175} INFO - Processing /home/airflow/.local/lib/python3.7/site-packages/airflow/example_dags/example_external_task_marker_dag.py took 0.116 seconds
[2024-11-23T02:54:31.701+0000] {processor.py:153} INFO - Started process (PID=299) to work on /home/airflow/.local/lib/python3.7/site-packages/airflow/example_dags/example_external_task_marker_dag.py
[2024-11-23T02:54:31.702+0000] {processor.py:743} INFO - Processing file /home/airflow/.local/lib/python3.7/site-packages/airflow/example_dags/example_external_task_marker_dag.py for tasks to queue
[2024-11-23T02:54:31.702+0000] {logging_mixin.py:137} INFO - [2024-11-23T02:54:31.702+0000] {dagbag.py:538} INFO - Filling up the DagBag from /home/airflow/.local/lib/python3.7/site-packages/airflow/example_dags/example_external_task_marker_dag.py
[2024-11-23T02:54:31.712+0000] {processor.py:753} INFO - DAG(s) dict_keys(['example_external_task_marker_parent', 'example_external_task_marker_child']) retrieved from /home/airflow/.local/lib/python3.7/site-packages/airflow/example_dags/example_external_task_marker_dag.py
[2024-11-23T02:54:31.733+0000] {logging_mixin.py:137} INFO - [2024-11-23T02:54:31.732+0000] {dag.py:2690} INFO - Sync 2 DAGs
[2024-11-23T02:54:31.754+0000] {logging_mixin.py:137} INFO - [2024-11-23T02:54:31.754+0000] {dag.py:3441} INFO - Setting next_dagrun for example_external_task_marker_child to None, run_after=None
[2024-11-23T02:54:31.758+0000] {logging_mixin.py:137} INFO - [2024-11-23T02:54:31.757+0000] {dag.py:3441} INFO - Setting next_dagrun for example_external_task_marker_parent to None, run_after=None
[2024-11-23T02:54:31.770+0000] {processor.py:175} INFO - Processing /home/airflow/.local/lib/python3.7/site-packages/airflow/example_dags/example_external_task_marker_dag.py took 0.072 seconds
[2024-11-23T02:55:27.958+0000] {processor.py:153} INFO - Started process (PID=45) to work on /home/airflow/.local/lib/python3.7/site-packages/airflow/example_dags/example_external_task_marker_dag.py
[2024-11-23T02:55:27.963+0000] {processor.py:743} INFO - Processing file /home/airflow/.local/lib/python3.7/site-packages/airflow/example_dags/example_external_task_marker_dag.py for tasks to queue
[2024-11-23T02:55:27.966+0000] {logging_mixin.py:137} INFO - [2024-11-23T02:55:27.966+0000] {dagbag.py:538} INFO - Filling up the DagBag from /home/airflow/.local/lib/python3.7/site-packages/airflow/example_dags/example_external_task_marker_dag.py
[2024-11-23T02:55:27.989+0000] {processor.py:753} INFO - DAG(s) dict_keys(['example_external_task_marker_child', 'example_external_task_marker_parent']) retrieved from /home/airflow/.local/lib/python3.7/site-packages/airflow/example_dags/example_external_task_marker_dag.py
[2024-11-23T02:55:28.013+0000] {logging_mixin.py:137} INFO - [2024-11-23T02:55:28.013+0000] {dag.py:2690} INFO - Sync 2 DAGs
[2024-11-23T02:55:28.043+0000] {logging_mixin.py:137} INFO - [2024-11-23T02:55:28.043+0000] {dag.py:3441} INFO - Setting next_dagrun for example_external_task_marker_child to None, run_after=None
[2024-11-23T02:55:28.050+0000] {logging_mixin.py:137} INFO - [2024-11-23T02:55:28.049+0000] {dag.py:3441} INFO - Setting next_dagrun for example_external_task_marker_parent to None, run_after=None
[2024-11-23T02:55:28.086+0000] {processor.py:175} INFO - Processing /home/airflow/.local/lib/python3.7/site-packages/airflow/example_dags/example_external_task_marker_dag.py took 0.133 seconds
[2024-11-23T02:55:58.555+0000] {processor.py:153} INFO - Started process (PID=135) to work on /home/airflow/.local/lib/python3.7/site-packages/airflow/example_dags/example_external_task_marker_dag.py
[2024-11-23T02:55:58.556+0000] {processor.py:743} INFO - Processing file /home/airflow/.local/lib/python3.7/site-packages/airflow/example_dags/example_external_task_marker_dag.py for tasks to queue
[2024-11-23T02:55:58.557+0000] {logging_mixin.py:137} INFO - [2024-11-23T02:55:58.557+0000] {dagbag.py:538} INFO - Filling up the DagBag from /home/airflow/.local/lib/python3.7/site-packages/airflow/example_dags/example_external_task_marker_dag.py
[2024-11-23T02:55:58.566+0000] {processor.py:753} INFO - DAG(s) dict_keys(['example_external_task_marker_child', 'example_external_task_marker_parent']) retrieved from /home/airflow/.local/lib/python3.7/site-packages/airflow/example_dags/example_external_task_marker_dag.py
[2024-11-23T02:55:58.615+0000] {logging_mixin.py:137} INFO - [2024-11-23T02:55:58.615+0000] {dag.py:2690} INFO - Sync 2 DAGs
[2024-11-23T02:55:58.633+0000] {logging_mixin.py:137} INFO - [2024-11-23T02:55:58.633+0000] {dag.py:3441} INFO - Setting next_dagrun for example_external_task_marker_child to None, run_after=None
[2024-11-23T02:55:58.637+0000] {logging_mixin.py:137} INFO - [2024-11-23T02:55:58.637+0000] {dag.py:3441} INFO - Setting next_dagrun for example_external_task_marker_parent to None, run_after=None
[2024-11-23T02:55:58.656+0000] {processor.py:175} INFO - Processing /home/airflow/.local/lib/python3.7/site-packages/airflow/example_dags/example_external_task_marker_dag.py took 0.103 seconds
[2024-11-23T02:56:28.862+0000] {processor.py:153} INFO - Started process (PID=209) to work on /home/airflow/.local/lib/python3.7/site-packages/airflow/example_dags/example_external_task_marker_dag.py
[2024-11-23T02:56:28.863+0000] {processor.py:743} INFO - Processing file /home/airflow/.local/lib/python3.7/site-packages/airflow/example_dags/example_external_task_marker_dag.py for tasks to queue
[2024-11-23T02:56:28.864+0000] {logging_mixin.py:137} INFO - [2024-11-23T02:56:28.863+0000] {dagbag.py:538} INFO - Filling up the DagBag from /home/airflow/.local/lib/python3.7/site-packages/airflow/example_dags/example_external_task_marker_dag.py
[2024-11-23T02:56:28.874+0000] {processor.py:753} INFO - DAG(s) dict_keys(['example_external_task_marker_child', 'example_external_task_marker_parent']) retrieved from /home/airflow/.local/lib/python3.7/site-packages/airflow/example_dags/example_external_task_marker_dag.py
[2024-11-23T02:56:28.901+0000] {logging_mixin.py:137} INFO - [2024-11-23T02:56:28.901+0000] {dag.py:2690} INFO - Sync 2 DAGs
[2024-11-23T02:56:28.921+0000] {logging_mixin.py:137} INFO - [2024-11-23T02:56:28.921+0000] {dag.py:3441} INFO - Setting next_dagrun for example_external_task_marker_child to None, run_after=None
[2024-11-23T02:56:28.924+0000] {logging_mixin.py:137} INFO - [2024-11-23T02:56:28.924+0000] {dag.py:3441} INFO - Setting next_dagrun for example_external_task_marker_parent to None, run_after=None
[2024-11-23T02:56:28.941+0000] {processor.py:175} INFO - Processing /home/airflow/.local/lib/python3.7/site-packages/airflow/example_dags/example_external_task_marker_dag.py took 0.081 seconds
[2024-11-23T02:56:59.749+0000] {processor.py:153} INFO - Started process (PID=299) to work on /home/airflow/.local/lib/python3.7/site-packages/airflow/example_dags/example_external_task_marker_dag.py
[2024-11-23T02:56:59.753+0000] {processor.py:743} INFO - Processing file /home/airflow/.local/lib/python3.7/site-packages/airflow/example_dags/example_external_task_marker_dag.py for tasks to queue
[2024-11-23T02:56:59.754+0000] {logging_mixin.py:137} INFO - [2024-11-23T02:56:59.754+0000] {dagbag.py:538} INFO - Filling up the DagBag from /home/airflow/.local/lib/python3.7/site-packages/airflow/example_dags/example_external_task_marker_dag.py
[2024-11-23T02:56:59.770+0000] {processor.py:753} INFO - DAG(s) dict_keys(['example_external_task_marker_parent', 'example_external_task_marker_child']) retrieved from /home/airflow/.local/lib/python3.7/site-packages/airflow/example_dags/example_external_task_marker_dag.py
[2024-11-23T02:56:59.817+0000] {logging_mixin.py:137} INFO - [2024-11-23T02:56:59.817+0000] {dag.py:2690} INFO - Sync 2 DAGs
[2024-11-23T02:56:59.848+0000] {logging_mixin.py:137} INFO - [2024-11-23T02:56:59.848+0000] {dag.py:3441} INFO - Setting next_dagrun for example_external_task_marker_child to None, run_after=None
[2024-11-23T02:56:59.851+0000] {logging_mixin.py:137} INFO - [2024-11-23T02:56:59.851+0000] {dag.py:3441} INFO - Setting next_dagrun for example_external_task_marker_parent to None, run_after=None
[2024-11-23T02:56:59.869+0000] {processor.py:175} INFO - Processing /home/airflow/.local/lib/python3.7/site-packages/airflow/example_dags/example_external_task_marker_dag.py took 0.127 seconds
[2024-11-23T02:57:30.217+0000] {processor.py:153} INFO - Started process (PID=373) to work on /home/airflow/.local/lib/python3.7/site-packages/airflow/example_dags/example_external_task_marker_dag.py
[2024-11-23T02:57:30.222+0000] {processor.py:743} INFO - Processing file /home/airflow/.local/lib/python3.7/site-packages/airflow/example_dags/example_external_task_marker_dag.py for tasks to queue
[2024-11-23T02:57:30.224+0000] {logging_mixin.py:137} INFO - [2024-11-23T02:57:30.224+0000] {dagbag.py:538} INFO - Filling up the DagBag from /home/airflow/.local/lib/python3.7/site-packages/airflow/example_dags/example_external_task_marker_dag.py
[2024-11-23T02:57:30.233+0000] {processor.py:753} INFO - DAG(s) dict_keys(['example_external_task_marker_parent', 'example_external_task_marker_child']) retrieved from /home/airflow/.local/lib/python3.7/site-packages/airflow/example_dags/example_external_task_marker_dag.py
[2024-11-23T02:57:30.258+0000] {logging_mixin.py:137} INFO - [2024-11-23T02:57:30.258+0000] {dag.py:2690} INFO - Sync 2 DAGs
[2024-11-23T02:57:30.276+0000] {logging_mixin.py:137} INFO - [2024-11-23T02:57:30.276+0000] {dag.py:3441} INFO - Setting next_dagrun for example_external_task_marker_child to None, run_after=None
[2024-11-23T02:57:30.278+0000] {logging_mixin.py:137} INFO - [2024-11-23T02:57:30.278+0000] {dag.py:3441} INFO - Setting next_dagrun for example_external_task_marker_parent to None, run_after=None
[2024-11-23T02:57:30.292+0000] {processor.py:175} INFO - Processing /home/airflow/.local/lib/python3.7/site-packages/airflow/example_dags/example_external_task_marker_dag.py took 0.078 seconds
[2024-11-23T02:58:38.110+0000] {processor.py:153} INFO - Started process (PID=45) to work on /home/airflow/.local/lib/python3.7/site-packages/airflow/example_dags/example_external_task_marker_dag.py
[2024-11-23T02:58:38.111+0000] {processor.py:743} INFO - Processing file /home/airflow/.local/lib/python3.7/site-packages/airflow/example_dags/example_external_task_marker_dag.py for tasks to queue
[2024-11-23T02:58:38.112+0000] {logging_mixin.py:137} INFO - [2024-11-23T02:58:38.112+0000] {dagbag.py:538} INFO - Filling up the DagBag from /home/airflow/.local/lib/python3.7/site-packages/airflow/example_dags/example_external_task_marker_dag.py
[2024-11-23T02:58:38.136+0000] {processor.py:753} INFO - DAG(s) dict_keys(['example_external_task_marker_child', 'example_external_task_marker_parent']) retrieved from /home/airflow/.local/lib/python3.7/site-packages/airflow/example_dags/example_external_task_marker_dag.py
[2024-11-23T02:58:38.158+0000] {logging_mixin.py:137} INFO - [2024-11-23T02:58:38.158+0000] {dag.py:2690} INFO - Sync 2 DAGs
[2024-11-23T02:58:38.187+0000] {logging_mixin.py:137} INFO - [2024-11-23T02:58:38.186+0000] {dag.py:3441} INFO - Setting next_dagrun for example_external_task_marker_child to None, run_after=None
[2024-11-23T02:58:38.190+0000] {logging_mixin.py:137} INFO - [2024-11-23T02:58:38.190+0000] {dag.py:3441} INFO - Setting next_dagrun for example_external_task_marker_parent to None, run_after=None
[2024-11-23T02:58:38.217+0000] {processor.py:175} INFO - Processing /home/airflow/.local/lib/python3.7/site-packages/airflow/example_dags/example_external_task_marker_dag.py took 0.110 seconds
[2024-11-23T02:59:08.691+0000] {processor.py:153} INFO - Started process (PID=134) to work on /home/airflow/.local/lib/python3.7/site-packages/airflow/example_dags/example_external_task_marker_dag.py
[2024-11-23T02:59:08.694+0000] {processor.py:743} INFO - Processing file /home/airflow/.local/lib/python3.7/site-packages/airflow/example_dags/example_external_task_marker_dag.py for tasks to queue
[2024-11-23T02:59:08.695+0000] {logging_mixin.py:137} INFO - [2024-11-23T02:59:08.695+0000] {dagbag.py:538} INFO - Filling up the DagBag from /home/airflow/.local/lib/python3.7/site-packages/airflow/example_dags/example_external_task_marker_dag.py
[2024-11-23T02:59:08.706+0000] {processor.py:753} INFO - DAG(s) dict_keys(['example_external_task_marker_child', 'example_external_task_marker_parent']) retrieved from /home/airflow/.local/lib/python3.7/site-packages/airflow/example_dags/example_external_task_marker_dag.py
[2024-11-23T02:59:08.739+0000] {logging_mixin.py:137} INFO - [2024-11-23T02:59:08.739+0000] {dag.py:2690} INFO - Sync 2 DAGs
[2024-11-23T02:59:08.759+0000] {logging_mixin.py:137} INFO - [2024-11-23T02:59:08.759+0000] {dag.py:3441} INFO - Setting next_dagrun for example_external_task_marker_child to None, run_after=None
[2024-11-23T02:59:08.762+0000] {logging_mixin.py:137} INFO - [2024-11-23T02:59:08.762+0000] {dag.py:3441} INFO - Setting next_dagrun for example_external_task_marker_parent to None, run_after=None
[2024-11-23T02:59:08.774+0000] {processor.py:175} INFO - Processing /home/airflow/.local/lib/python3.7/site-packages/airflow/example_dags/example_external_task_marker_dag.py took 0.085 seconds
[2024-11-23T02:59:39.606+0000] {processor.py:153} INFO - Started process (PID=208) to work on /home/airflow/.local/lib/python3.7/site-packages/airflow/example_dags/example_external_task_marker_dag.py
[2024-11-23T02:59:39.606+0000] {processor.py:743} INFO - Processing file /home/airflow/.local/lib/python3.7/site-packages/airflow/example_dags/example_external_task_marker_dag.py for tasks to queue
[2024-11-23T02:59:39.607+0000] {logging_mixin.py:137} INFO - [2024-11-23T02:59:39.607+0000] {dagbag.py:538} INFO - Filling up the DagBag from /home/airflow/.local/lib/python3.7/site-packages/airflow/example_dags/example_external_task_marker_dag.py
[2024-11-23T02:59:39.617+0000] {processor.py:753} INFO - DAG(s) dict_keys(['example_external_task_marker_child', 'example_external_task_marker_parent']) retrieved from /home/airflow/.local/lib/python3.7/site-packages/airflow/example_dags/example_external_task_marker_dag.py
[2024-11-23T02:59:39.635+0000] {logging_mixin.py:137} INFO - [2024-11-23T02:59:39.635+0000] {dag.py:2690} INFO - Sync 2 DAGs
[2024-11-23T02:59:39.658+0000] {logging_mixin.py:137} INFO - [2024-11-23T02:59:39.658+0000] {dag.py:3441} INFO - Setting next_dagrun for example_external_task_marker_child to None, run_after=None
[2024-11-23T02:59:39.660+0000] {logging_mixin.py:137} INFO - [2024-11-23T02:59:39.660+0000] {dag.py:3441} INFO - Setting next_dagrun for example_external_task_marker_parent to None, run_after=None
[2024-11-23T02:59:39.671+0000] {processor.py:175} INFO - Processing /home/airflow/.local/lib/python3.7/site-packages/airflow/example_dags/example_external_task_marker_dag.py took 0.068 seconds
[2024-11-23T03:00:10.054+0000] {processor.py:153} INFO - Started process (PID=298) to work on /home/airflow/.local/lib/python3.7/site-packages/airflow/example_dags/example_external_task_marker_dag.py
[2024-11-23T03:00:10.054+0000] {processor.py:743} INFO - Processing file /home/airflow/.local/lib/python3.7/site-packages/airflow/example_dags/example_external_task_marker_dag.py for tasks to queue
[2024-11-23T03:00:10.056+0000] {logging_mixin.py:137} INFO - [2024-11-23T03:00:10.055+0000] {dagbag.py:538} INFO - Filling up the DagBag from /home/airflow/.local/lib/python3.7/site-packages/airflow/example_dags/example_external_task_marker_dag.py
[2024-11-23T03:00:10.065+0000] {processor.py:753} INFO - DAG(s) dict_keys(['example_external_task_marker_child', 'example_external_task_marker_parent']) retrieved from /home/airflow/.local/lib/python3.7/site-packages/airflow/example_dags/example_external_task_marker_dag.py
[2024-11-23T03:00:10.089+0000] {logging_mixin.py:137} INFO - [2024-11-23T03:00:10.089+0000] {dag.py:2690} INFO - Sync 2 DAGs
[2024-11-23T03:00:10.109+0000] {logging_mixin.py:137} INFO - [2024-11-23T03:00:10.108+0000] {dag.py:3441} INFO - Setting next_dagrun for example_external_task_marker_child to None, run_after=None
[2024-11-23T03:00:10.112+0000] {logging_mixin.py:137} INFO - [2024-11-23T03:00:10.112+0000] {dag.py:3441} INFO - Setting next_dagrun for example_external_task_marker_parent to None, run_after=None
[2024-11-23T03:00:10.125+0000] {processor.py:175} INFO - Processing /home/airflow/.local/lib/python3.7/site-packages/airflow/example_dags/example_external_task_marker_dag.py took 0.073 seconds
[2024-11-23T03:00:40.640+0000] {processor.py:153} INFO - Started process (PID=372) to work on /home/airflow/.local/lib/python3.7/site-packages/airflow/example_dags/example_external_task_marker_dag.py
[2024-11-23T03:00:40.642+0000] {processor.py:743} INFO - Processing file /home/airflow/.local/lib/python3.7/site-packages/airflow/example_dags/example_external_task_marker_dag.py for tasks to queue
[2024-11-23T03:00:40.643+0000] {logging_mixin.py:137} INFO - [2024-11-23T03:00:40.643+0000] {dagbag.py:538} INFO - Filling up the DagBag from /home/airflow/.local/lib/python3.7/site-packages/airflow/example_dags/example_external_task_marker_dag.py
[2024-11-23T03:00:40.661+0000] {processor.py:753} INFO - DAG(s) dict_keys(['example_external_task_marker_parent', 'example_external_task_marker_child']) retrieved from /home/airflow/.local/lib/python3.7/site-packages/airflow/example_dags/example_external_task_marker_dag.py
[2024-11-23T03:00:40.691+0000] {logging_mixin.py:137} INFO - [2024-11-23T03:00:40.691+0000] {dag.py:2690} INFO - Sync 2 DAGs
[2024-11-23T03:00:40.720+0000] {logging_mixin.py:137} INFO - [2024-11-23T03:00:40.720+0000] {dag.py:3441} INFO - Setting next_dagrun for example_external_task_marker_child to None, run_after=None
[2024-11-23T03:00:40.724+0000] {logging_mixin.py:137} INFO - [2024-11-23T03:00:40.723+0000] {dag.py:3441} INFO - Setting next_dagrun for example_external_task_marker_parent to None, run_after=None
[2024-11-23T03:00:40.742+0000] {processor.py:175} INFO - Processing /home/airflow/.local/lib/python3.7/site-packages/airflow/example_dags/example_external_task_marker_dag.py took 0.106 seconds
[2024-11-23T03:01:11.260+0000] {processor.py:153} INFO - Started process (PID=462) to work on /home/airflow/.local/lib/python3.7/site-packages/airflow/example_dags/example_external_task_marker_dag.py
[2024-11-23T03:01:11.260+0000] {processor.py:743} INFO - Processing file /home/airflow/.local/lib/python3.7/site-packages/airflow/example_dags/example_external_task_marker_dag.py for tasks to queue
[2024-11-23T03:01:11.262+0000] {logging_mixin.py:137} INFO - [2024-11-23T03:01:11.261+0000] {dagbag.py:538} INFO - Filling up the DagBag from /home/airflow/.local/lib/python3.7/site-packages/airflow/example_dags/example_external_task_marker_dag.py
[2024-11-23T03:01:11.272+0000] {processor.py:753} INFO - DAG(s) dict_keys(['example_external_task_marker_parent', 'example_external_task_marker_child']) retrieved from /home/airflow/.local/lib/python3.7/site-packages/airflow/example_dags/example_external_task_marker_dag.py
[2024-11-23T03:01:11.302+0000] {logging_mixin.py:137} INFO - [2024-11-23T03:01:11.302+0000] {dag.py:2690} INFO - Sync 2 DAGs
[2024-11-23T03:01:11.321+0000] {logging_mixin.py:137} INFO - [2024-11-23T03:01:11.321+0000] {dag.py:3441} INFO - Setting next_dagrun for example_external_task_marker_child to None, run_after=None
[2024-11-23T03:01:11.327+0000] {logging_mixin.py:137} INFO - [2024-11-23T03:01:11.327+0000] {dag.py:3441} INFO - Setting next_dagrun for example_external_task_marker_parent to None, run_after=None
[2024-11-23T03:01:11.338+0000] {processor.py:175} INFO - Processing /home/airflow/.local/lib/python3.7/site-packages/airflow/example_dags/example_external_task_marker_dag.py took 0.081 seconds
[2024-11-23T03:01:41.535+0000] {processor.py:153} INFO - Started process (PID=552) to work on /home/airflow/.local/lib/python3.7/site-packages/airflow/example_dags/example_external_task_marker_dag.py
[2024-11-23T03:01:41.536+0000] {processor.py:743} INFO - Processing file /home/airflow/.local/lib/python3.7/site-packages/airflow/example_dags/example_external_task_marker_dag.py for tasks to queue
[2024-11-23T03:01:41.536+0000] {logging_mixin.py:137} INFO - [2024-11-23T03:01:41.536+0000] {dagbag.py:538} INFO - Filling up the DagBag from /home/airflow/.local/lib/python3.7/site-packages/airflow/example_dags/example_external_task_marker_dag.py
[2024-11-23T03:01:41.550+0000] {processor.py:753} INFO - DAG(s) dict_keys(['example_external_task_marker_parent', 'example_external_task_marker_child']) retrieved from /home/airflow/.local/lib/python3.7/site-packages/airflow/example_dags/example_external_task_marker_dag.py
[2024-11-23T03:01:41.577+0000] {logging_mixin.py:137} INFO - [2024-11-23T03:01:41.577+0000] {dag.py:2690} INFO - Sync 2 DAGs
[2024-11-23T03:01:41.596+0000] {logging_mixin.py:137} INFO - [2024-11-23T03:01:41.596+0000] {dag.py:3441} INFO - Setting next_dagrun for example_external_task_marker_child to None, run_after=None
[2024-11-23T03:01:41.603+0000] {logging_mixin.py:137} INFO - [2024-11-23T03:01:41.603+0000] {dag.py:3441} INFO - Setting next_dagrun for example_external_task_marker_parent to None, run_after=None
[2024-11-23T03:01:41.616+0000] {processor.py:175} INFO - Processing /home/airflow/.local/lib/python3.7/site-packages/airflow/example_dags/example_external_task_marker_dag.py took 0.085 seconds
[2024-11-23T03:02:11.778+0000] {processor.py:153} INFO - Started process (PID=626) to work on /home/airflow/.local/lib/python3.7/site-packages/airflow/example_dags/example_external_task_marker_dag.py
[2024-11-23T03:02:11.778+0000] {processor.py:743} INFO - Processing file /home/airflow/.local/lib/python3.7/site-packages/airflow/example_dags/example_external_task_marker_dag.py for tasks to queue
[2024-11-23T03:02:11.779+0000] {logging_mixin.py:137} INFO - [2024-11-23T03:02:11.779+0000] {dagbag.py:538} INFO - Filling up the DagBag from /home/airflow/.local/lib/python3.7/site-packages/airflow/example_dags/example_external_task_marker_dag.py
[2024-11-23T03:02:11.790+0000] {processor.py:753} INFO - DAG(s) dict_keys(['example_external_task_marker_parent', 'example_external_task_marker_child']) retrieved from /home/airflow/.local/lib/python3.7/site-packages/airflow/example_dags/example_external_task_marker_dag.py
[2024-11-23T03:02:11.813+0000] {logging_mixin.py:137} INFO - [2024-11-23T03:02:11.813+0000] {dag.py:2690} INFO - Sync 2 DAGs
[2024-11-23T03:02:11.832+0000] {logging_mixin.py:137} INFO - [2024-11-23T03:02:11.832+0000] {dag.py:3441} INFO - Setting next_dagrun for example_external_task_marker_child to None, run_after=None
[2024-11-23T03:02:11.834+0000] {logging_mixin.py:137} INFO - [2024-11-23T03:02:11.834+0000] {dag.py:3441} INFO - Setting next_dagrun for example_external_task_marker_parent to None, run_after=None
[2024-11-23T03:02:11.849+0000] {processor.py:175} INFO - Processing /home/airflow/.local/lib/python3.7/site-packages/airflow/example_dags/example_external_task_marker_dag.py took 0.074 seconds
[2024-11-23T03:03:05.495+0000] {processor.py:153} INFO - Started process (PID=44) to work on /home/airflow/.local/lib/python3.7/site-packages/airflow/example_dags/example_external_task_marker_dag.py
[2024-11-23T03:03:05.498+0000] {processor.py:743} INFO - Processing file /home/airflow/.local/lib/python3.7/site-packages/airflow/example_dags/example_external_task_marker_dag.py for tasks to queue
[2024-11-23T03:03:05.498+0000] {logging_mixin.py:137} INFO - [2024-11-23T03:03:05.498+0000] {dagbag.py:538} INFO - Filling up the DagBag from /home/airflow/.local/lib/python3.7/site-packages/airflow/example_dags/example_external_task_marker_dag.py
[2024-11-23T03:03:05.513+0000] {processor.py:753} INFO - DAG(s) dict_keys(['example_external_task_marker_parent', 'example_external_task_marker_child']) retrieved from /home/airflow/.local/lib/python3.7/site-packages/airflow/example_dags/example_external_task_marker_dag.py
[2024-11-23T03:03:05.525+0000] {logging_mixin.py:137} INFO - [2024-11-23T03:03:05.525+0000] {dag.py:2690} INFO - Sync 2 DAGs
[2024-11-23T03:03:05.549+0000] {logging_mixin.py:137} INFO - [2024-11-23T03:03:05.548+0000] {dag.py:3441} INFO - Setting next_dagrun for example_external_task_marker_child to None, run_after=None
[2024-11-23T03:03:05.553+0000] {logging_mixin.py:137} INFO - [2024-11-23T03:03:05.553+0000] {dag.py:3441} INFO - Setting next_dagrun for example_external_task_marker_parent to None, run_after=None
[2024-11-23T03:03:05.573+0000] {processor.py:175} INFO - Processing /home/airflow/.local/lib/python3.7/site-packages/airflow/example_dags/example_external_task_marker_dag.py took 0.080 seconds
[2024-11-23T03:03:36.040+0000] {processor.py:153} INFO - Started process (PID=134) to work on /home/airflow/.local/lib/python3.7/site-packages/airflow/example_dags/example_external_task_marker_dag.py
[2024-11-23T03:03:36.042+0000] {processor.py:743} INFO - Processing file /home/airflow/.local/lib/python3.7/site-packages/airflow/example_dags/example_external_task_marker_dag.py for tasks to queue
[2024-11-23T03:03:36.042+0000] {logging_mixin.py:137} INFO - [2024-11-23T03:03:36.042+0000] {dagbag.py:538} INFO - Filling up the DagBag from /home/airflow/.local/lib/python3.7/site-packages/airflow/example_dags/example_external_task_marker_dag.py
[2024-11-23T03:03:36.062+0000] {processor.py:753} INFO - DAG(s) dict_keys(['example_external_task_marker_child', 'example_external_task_marker_parent']) retrieved from /home/airflow/.local/lib/python3.7/site-packages/airflow/example_dags/example_external_task_marker_dag.py
[2024-11-23T03:03:36.109+0000] {logging_mixin.py:137} INFO - [2024-11-23T03:03:36.108+0000] {dag.py:2690} INFO - Sync 2 DAGs
[2024-11-23T03:03:36.176+0000] {logging_mixin.py:137} INFO - [2024-11-23T03:03:36.176+0000] {dag.py:3441} INFO - Setting next_dagrun for example_external_task_marker_child to None, run_after=None
[2024-11-23T03:03:36.189+0000] {logging_mixin.py:137} INFO - [2024-11-23T03:03:36.188+0000] {dag.py:3441} INFO - Setting next_dagrun for example_external_task_marker_parent to None, run_after=None
[2024-11-23T03:03:36.236+0000] {processor.py:175} INFO - Processing /home/airflow/.local/lib/python3.7/site-packages/airflow/example_dags/example_external_task_marker_dag.py took 0.199 seconds
[2024-11-23T03:06:13.372+0000] {processor.py:153} INFO - Started process (PID=53) to work on /home/airflow/.local/lib/python3.7/site-packages/airflow/example_dags/example_external_task_marker_dag.py
[2024-11-23T03:06:13.374+0000] {processor.py:743} INFO - Processing file /home/airflow/.local/lib/python3.7/site-packages/airflow/example_dags/example_external_task_marker_dag.py for tasks to queue
[2024-11-23T03:06:13.375+0000] {logging_mixin.py:137} INFO - [2024-11-23T03:06:13.375+0000] {dagbag.py:538} INFO - Filling up the DagBag from /home/airflow/.local/lib/python3.7/site-packages/airflow/example_dags/example_external_task_marker_dag.py
[2024-11-23T03:06:13.406+0000] {processor.py:753} INFO - DAG(s) dict_keys(['example_external_task_marker_parent', 'example_external_task_marker_child']) retrieved from /home/airflow/.local/lib/python3.7/site-packages/airflow/example_dags/example_external_task_marker_dag.py
[2024-11-23T03:06:13.449+0000] {logging_mixin.py:137} INFO - [2024-11-23T03:06:13.448+0000] {dag.py:2690} INFO - Sync 2 DAGs
[2024-11-23T03:06:13.513+0000] {logging_mixin.py:137} INFO - [2024-11-23T03:06:13.513+0000] {dag.py:3441} INFO - Setting next_dagrun for example_external_task_marker_child to None, run_after=None
[2024-11-23T03:06:13.520+0000] {logging_mixin.py:137} INFO - [2024-11-23T03:06:13.519+0000] {dag.py:3441} INFO - Setting next_dagrun for example_external_task_marker_parent to None, run_after=None
[2024-11-23T03:06:13.599+0000] {processor.py:175} INFO - Processing /home/airflow/.local/lib/python3.7/site-packages/airflow/example_dags/example_external_task_marker_dag.py took 0.232 seconds
[2024-11-23T03:06:43.836+0000] {processor.py:153} INFO - Started process (PID=134) to work on /home/airflow/.local/lib/python3.7/site-packages/airflow/example_dags/example_external_task_marker_dag.py
[2024-11-23T03:06:43.839+0000] {processor.py:743} INFO - Processing file /home/airflow/.local/lib/python3.7/site-packages/airflow/example_dags/example_external_task_marker_dag.py for tasks to queue
[2024-11-23T03:06:43.839+0000] {logging_mixin.py:137} INFO - [2024-11-23T03:06:43.839+0000] {dagbag.py:538} INFO - Filling up the DagBag from /home/airflow/.local/lib/python3.7/site-packages/airflow/example_dags/example_external_task_marker_dag.py
[2024-11-23T03:06:43.850+0000] {processor.py:753} INFO - DAG(s) dict_keys(['example_external_task_marker_child', 'example_external_task_marker_parent']) retrieved from /home/airflow/.local/lib/python3.7/site-packages/airflow/example_dags/example_external_task_marker_dag.py
[2024-11-23T03:06:43.877+0000] {logging_mixin.py:137} INFO - [2024-11-23T03:06:43.877+0000] {dag.py:2690} INFO - Sync 2 DAGs
[2024-11-23T03:06:43.895+0000] {logging_mixin.py:137} INFO - [2024-11-23T03:06:43.895+0000] {dag.py:3441} INFO - Setting next_dagrun for example_external_task_marker_child to None, run_after=None
[2024-11-23T03:06:43.899+0000] {logging_mixin.py:137} INFO - [2024-11-23T03:06:43.899+0000] {dag.py:3441} INFO - Setting next_dagrun for example_external_task_marker_parent to None, run_after=None
[2024-11-23T03:06:43.913+0000] {processor.py:175} INFO - Processing /home/airflow/.local/lib/python3.7/site-packages/airflow/example_dags/example_external_task_marker_dag.py took 0.079 seconds
[2024-11-23T03:07:14.813+0000] {processor.py:153} INFO - Started process (PID=208) to work on /home/airflow/.local/lib/python3.7/site-packages/airflow/example_dags/example_external_task_marker_dag.py
[2024-11-23T03:07:14.814+0000] {processor.py:743} INFO - Processing file /home/airflow/.local/lib/python3.7/site-packages/airflow/example_dags/example_external_task_marker_dag.py for tasks to queue
[2024-11-23T03:07:14.814+0000] {logging_mixin.py:137} INFO - [2024-11-23T03:07:14.814+0000] {dagbag.py:538} INFO - Filling up the DagBag from /home/airflow/.local/lib/python3.7/site-packages/airflow/example_dags/example_external_task_marker_dag.py
[2024-11-23T03:07:14.824+0000] {processor.py:753} INFO - DAG(s) dict_keys(['example_external_task_marker_parent', 'example_external_task_marker_child']) retrieved from /home/airflow/.local/lib/python3.7/site-packages/airflow/example_dags/example_external_task_marker_dag.py
[2024-11-23T03:07:14.845+0000] {logging_mixin.py:137} INFO - [2024-11-23T03:07:14.845+0000] {dag.py:2690} INFO - Sync 2 DAGs
[2024-11-23T03:07:14.864+0000] {logging_mixin.py:137} INFO - [2024-11-23T03:07:14.864+0000] {dag.py:3441} INFO - Setting next_dagrun for example_external_task_marker_child to None, run_after=None
[2024-11-23T03:07:14.866+0000] {logging_mixin.py:137} INFO - [2024-11-23T03:07:14.866+0000] {dag.py:3441} INFO - Setting next_dagrun for example_external_task_marker_parent to None, run_after=None
[2024-11-23T03:07:14.877+0000] {processor.py:175} INFO - Processing /home/airflow/.local/lib/python3.7/site-packages/airflow/example_dags/example_external_task_marker_dag.py took 0.067 seconds
[2024-11-23T03:07:45.543+0000] {processor.py:153} INFO - Started process (PID=298) to work on /home/airflow/.local/lib/python3.7/site-packages/airflow/example_dags/example_external_task_marker_dag.py
[2024-11-23T03:07:45.545+0000] {processor.py:743} INFO - Processing file /home/airflow/.local/lib/python3.7/site-packages/airflow/example_dags/example_external_task_marker_dag.py for tasks to queue
[2024-11-23T03:07:45.546+0000] {logging_mixin.py:137} INFO - [2024-11-23T03:07:45.545+0000] {dagbag.py:538} INFO - Filling up the DagBag from /home/airflow/.local/lib/python3.7/site-packages/airflow/example_dags/example_external_task_marker_dag.py
[2024-11-23T03:07:45.558+0000] {processor.py:753} INFO - DAG(s) dict_keys(['example_external_task_marker_parent', 'example_external_task_marker_child']) retrieved from /home/airflow/.local/lib/python3.7/site-packages/airflow/example_dags/example_external_task_marker_dag.py
[2024-11-23T03:07:45.580+0000] {logging_mixin.py:137} INFO - [2024-11-23T03:07:45.580+0000] {dag.py:2690} INFO - Sync 2 DAGs
[2024-11-23T03:07:45.603+0000] {logging_mixin.py:137} INFO - [2024-11-23T03:07:45.603+0000] {dag.py:3441} INFO - Setting next_dagrun for example_external_task_marker_child to None, run_after=None
[2024-11-23T03:07:45.605+0000] {logging_mixin.py:137} INFO - [2024-11-23T03:07:45.605+0000] {dag.py:3441} INFO - Setting next_dagrun for example_external_task_marker_parent to None, run_after=None
[2024-11-23T03:07:45.618+0000] {processor.py:175} INFO - Processing /home/airflow/.local/lib/python3.7/site-packages/airflow/example_dags/example_external_task_marker_dag.py took 0.077 seconds
[2024-11-23T03:08:15.853+0000] {processor.py:153} INFO - Started process (PID=388) to work on /home/airflow/.local/lib/python3.7/site-packages/airflow/example_dags/example_external_task_marker_dag.py
[2024-11-23T03:08:15.854+0000] {processor.py:743} INFO - Processing file /home/airflow/.local/lib/python3.7/site-packages/airflow/example_dags/example_external_task_marker_dag.py for tasks to queue
[2024-11-23T03:08:15.854+0000] {logging_mixin.py:137} INFO - [2024-11-23T03:08:15.854+0000] {dagbag.py:538} INFO - Filling up the DagBag from /home/airflow/.local/lib/python3.7/site-packages/airflow/example_dags/example_external_task_marker_dag.py
[2024-11-23T03:08:15.865+0000] {processor.py:753} INFO - DAG(s) dict_keys(['example_external_task_marker_parent', 'example_external_task_marker_child']) retrieved from /home/airflow/.local/lib/python3.7/site-packages/airflow/example_dags/example_external_task_marker_dag.py
[2024-11-23T03:08:15.893+0000] {logging_mixin.py:137} INFO - [2024-11-23T03:08:15.893+0000] {dag.py:2690} INFO - Sync 2 DAGs
[2024-11-23T03:08:15.912+0000] {logging_mixin.py:137} INFO - [2024-11-23T03:08:15.912+0000] {dag.py:3441} INFO - Setting next_dagrun for example_external_task_marker_child to None, run_after=None
[2024-11-23T03:08:15.914+0000] {logging_mixin.py:137} INFO - [2024-11-23T03:08:15.914+0000] {dag.py:3441} INFO - Setting next_dagrun for example_external_task_marker_parent to None, run_after=None
[2024-11-23T03:08:15.928+0000] {processor.py:175} INFO - Processing /home/airflow/.local/lib/python3.7/site-packages/airflow/example_dags/example_external_task_marker_dag.py took 0.077 seconds
[2024-11-23T03:08:46.098+0000] {processor.py:153} INFO - Started process (PID=461) to work on /home/airflow/.local/lib/python3.7/site-packages/airflow/example_dags/example_external_task_marker_dag.py
[2024-11-23T03:08:46.101+0000] {processor.py:743} INFO - Processing file /home/airflow/.local/lib/python3.7/site-packages/airflow/example_dags/example_external_task_marker_dag.py for tasks to queue
[2024-11-23T03:08:46.101+0000] {logging_mixin.py:137} INFO - [2024-11-23T03:08:46.101+0000] {dagbag.py:538} INFO - Filling up the DagBag from /home/airflow/.local/lib/python3.7/site-packages/airflow/example_dags/example_external_task_marker_dag.py
[2024-11-23T03:08:46.112+0000] {processor.py:753} INFO - DAG(s) dict_keys(['example_external_task_marker_parent', 'example_external_task_marker_child']) retrieved from /home/airflow/.local/lib/python3.7/site-packages/airflow/example_dags/example_external_task_marker_dag.py
[2024-11-23T03:08:46.140+0000] {logging_mixin.py:137} INFO - [2024-11-23T03:08:46.140+0000] {dag.py:2690} INFO - Sync 2 DAGs
[2024-11-23T03:08:46.157+0000] {logging_mixin.py:137} INFO - [2024-11-23T03:08:46.157+0000] {dag.py:3441} INFO - Setting next_dagrun for example_external_task_marker_child to None, run_after=None
[2024-11-23T03:08:46.160+0000] {logging_mixin.py:137} INFO - [2024-11-23T03:08:46.160+0000] {dag.py:3441} INFO - Setting next_dagrun for example_external_task_marker_parent to None, run_after=None
[2024-11-23T03:08:46.172+0000] {processor.py:175} INFO - Processing /home/airflow/.local/lib/python3.7/site-packages/airflow/example_dags/example_external_task_marker_dag.py took 0.076 seconds
[2024-11-23T03:09:17.277+0000] {processor.py:153} INFO - Started process (PID=551) to work on /home/airflow/.local/lib/python3.7/site-packages/airflow/example_dags/example_external_task_marker_dag.py
[2024-11-23T03:09:17.278+0000] {processor.py:743} INFO - Processing file /home/airflow/.local/lib/python3.7/site-packages/airflow/example_dags/example_external_task_marker_dag.py for tasks to queue
[2024-11-23T03:09:17.279+0000] {logging_mixin.py:137} INFO - [2024-11-23T03:09:17.278+0000] {dagbag.py:538} INFO - Filling up the DagBag from /home/airflow/.local/lib/python3.7/site-packages/airflow/example_dags/example_external_task_marker_dag.py
[2024-11-23T03:09:17.291+0000] {processor.py:753} INFO - DAG(s) dict_keys(['example_external_task_marker_parent', 'example_external_task_marker_child']) retrieved from /home/airflow/.local/lib/python3.7/site-packages/airflow/example_dags/example_external_task_marker_dag.py
[2024-11-23T03:09:17.310+0000] {logging_mixin.py:137} INFO - [2024-11-23T03:09:17.310+0000] {dag.py:2690} INFO - Sync 2 DAGs
[2024-11-23T03:09:17.332+0000] {logging_mixin.py:137} INFO - [2024-11-23T03:09:17.332+0000] {dag.py:3441} INFO - Setting next_dagrun for example_external_task_marker_child to None, run_after=None
[2024-11-23T03:09:17.334+0000] {logging_mixin.py:137} INFO - [2024-11-23T03:09:17.334+0000] {dag.py:3441} INFO - Setting next_dagrun for example_external_task_marker_parent to None, run_after=None
[2024-11-23T03:09:17.354+0000] {processor.py:175} INFO - Processing /home/airflow/.local/lib/python3.7/site-packages/airflow/example_dags/example_external_task_marker_dag.py took 0.079 seconds
[2024-11-23T03:09:47.457+0000] {processor.py:153} INFO - Started process (PID=625) to work on /home/airflow/.local/lib/python3.7/site-packages/airflow/example_dags/example_external_task_marker_dag.py
[2024-11-23T03:09:47.458+0000] {processor.py:743} INFO - Processing file /home/airflow/.local/lib/python3.7/site-packages/airflow/example_dags/example_external_task_marker_dag.py for tasks to queue
[2024-11-23T03:09:47.460+0000] {logging_mixin.py:137} INFO - [2024-11-23T03:09:47.460+0000] {dagbag.py:538} INFO - Filling up the DagBag from /home/airflow/.local/lib/python3.7/site-packages/airflow/example_dags/example_external_task_marker_dag.py
[2024-11-23T03:09:47.469+0000] {processor.py:753} INFO - DAG(s) dict_keys(['example_external_task_marker_child', 'example_external_task_marker_parent']) retrieved from /home/airflow/.local/lib/python3.7/site-packages/airflow/example_dags/example_external_task_marker_dag.py
[2024-11-23T03:09:47.487+0000] {logging_mixin.py:137} INFO - [2024-11-23T03:09:47.487+0000] {dag.py:2690} INFO - Sync 2 DAGs
[2024-11-23T03:09:47.503+0000] {logging_mixin.py:137} INFO - [2024-11-23T03:09:47.503+0000] {dag.py:3441} INFO - Setting next_dagrun for example_external_task_marker_child to None, run_after=None
[2024-11-23T03:09:47.506+0000] {logging_mixin.py:137} INFO - [2024-11-23T03:09:47.506+0000] {dag.py:3441} INFO - Setting next_dagrun for example_external_task_marker_parent to None, run_after=None
[2024-11-23T03:09:47.517+0000] {processor.py:175} INFO - Processing /home/airflow/.local/lib/python3.7/site-packages/airflow/example_dags/example_external_task_marker_dag.py took 0.062 seconds
[2024-11-23T03:10:17.722+0000] {processor.py:153} INFO - Started process (PID=714) to work on /home/airflow/.local/lib/python3.7/site-packages/airflow/example_dags/example_external_task_marker_dag.py
[2024-11-23T03:10:17.722+0000] {processor.py:743} INFO - Processing file /home/airflow/.local/lib/python3.7/site-packages/airflow/example_dags/example_external_task_marker_dag.py for tasks to queue
[2024-11-23T03:10:17.723+0000] {logging_mixin.py:137} INFO - [2024-11-23T03:10:17.723+0000] {dagbag.py:538} INFO - Filling up the DagBag from /home/airflow/.local/lib/python3.7/site-packages/airflow/example_dags/example_external_task_marker_dag.py
[2024-11-23T03:10:17.735+0000] {processor.py:753} INFO - DAG(s) dict_keys(['example_external_task_marker_parent', 'example_external_task_marker_child']) retrieved from /home/airflow/.local/lib/python3.7/site-packages/airflow/example_dags/example_external_task_marker_dag.py
[2024-11-23T03:10:17.762+0000] {logging_mixin.py:137} INFO - [2024-11-23T03:10:17.762+0000] {dag.py:2690} INFO - Sync 2 DAGs
[2024-11-23T03:10:17.784+0000] {logging_mixin.py:137} INFO - [2024-11-23T03:10:17.784+0000] {dag.py:3441} INFO - Setting next_dagrun for example_external_task_marker_child to None, run_after=None
[2024-11-23T03:10:17.787+0000] {logging_mixin.py:137} INFO - [2024-11-23T03:10:17.787+0000] {dag.py:3441} INFO - Setting next_dagrun for example_external_task_marker_parent to None, run_after=None
[2024-11-23T03:10:17.799+0000] {processor.py:175} INFO - Processing /home/airflow/.local/lib/python3.7/site-packages/airflow/example_dags/example_external_task_marker_dag.py took 0.080 seconds
[2024-11-23T03:10:48.960+0000] {processor.py:153} INFO - Started process (PID=804) to work on /home/airflow/.local/lib/python3.7/site-packages/airflow/example_dags/example_external_task_marker_dag.py
[2024-11-23T03:10:48.962+0000] {processor.py:743} INFO - Processing file /home/airflow/.local/lib/python3.7/site-packages/airflow/example_dags/example_external_task_marker_dag.py for tasks to queue
[2024-11-23T03:10:48.963+0000] {logging_mixin.py:137} INFO - [2024-11-23T03:10:48.963+0000] {dagbag.py:538} INFO - Filling up the DagBag from /home/airflow/.local/lib/python3.7/site-packages/airflow/example_dags/example_external_task_marker_dag.py
[2024-11-23T03:10:48.976+0000] {processor.py:753} INFO - DAG(s) dict_keys(['example_external_task_marker_parent', 'example_external_task_marker_child']) retrieved from /home/airflow/.local/lib/python3.7/site-packages/airflow/example_dags/example_external_task_marker_dag.py
[2024-11-23T03:10:49.014+0000] {logging_mixin.py:137} INFO - [2024-11-23T03:10:49.014+0000] {dag.py:2690} INFO - Sync 2 DAGs
[2024-11-23T03:10:49.040+0000] {logging_mixin.py:137} INFO - [2024-11-23T03:10:49.040+0000] {dag.py:3441} INFO - Setting next_dagrun for example_external_task_marker_child to None, run_after=None
[2024-11-23T03:10:49.044+0000] {logging_mixin.py:137} INFO - [2024-11-23T03:10:49.044+0000] {dag.py:3441} INFO - Setting next_dagrun for example_external_task_marker_parent to None, run_after=None
[2024-11-23T03:10:49.064+0000] {processor.py:175} INFO - Processing /home/airflow/.local/lib/python3.7/site-packages/airflow/example_dags/example_external_task_marker_dag.py took 0.112 seconds
[2024-11-23T03:11:19.487+0000] {processor.py:153} INFO - Started process (PID=878) to work on /home/airflow/.local/lib/python3.7/site-packages/airflow/example_dags/example_external_task_marker_dag.py
[2024-11-23T03:11:19.489+0000] {processor.py:743} INFO - Processing file /home/airflow/.local/lib/python3.7/site-packages/airflow/example_dags/example_external_task_marker_dag.py for tasks to queue
[2024-11-23T03:11:19.490+0000] {logging_mixin.py:137} INFO - [2024-11-23T03:11:19.490+0000] {dagbag.py:538} INFO - Filling up the DagBag from /home/airflow/.local/lib/python3.7/site-packages/airflow/example_dags/example_external_task_marker_dag.py
[2024-11-23T03:11:19.501+0000] {processor.py:753} INFO - DAG(s) dict_keys(['example_external_task_marker_parent', 'example_external_task_marker_child']) retrieved from /home/airflow/.local/lib/python3.7/site-packages/airflow/example_dags/example_external_task_marker_dag.py
[2024-11-23T03:11:19.526+0000] {logging_mixin.py:137} INFO - [2024-11-23T03:11:19.526+0000] {dag.py:2690} INFO - Sync 2 DAGs
[2024-11-23T03:11:19.544+0000] {logging_mixin.py:137} INFO - [2024-11-23T03:11:19.544+0000] {dag.py:3441} INFO - Setting next_dagrun for example_external_task_marker_child to None, run_after=None
[2024-11-23T03:11:19.546+0000] {logging_mixin.py:137} INFO - [2024-11-23T03:11:19.546+0000] {dag.py:3441} INFO - Setting next_dagrun for example_external_task_marker_parent to None, run_after=None
[2024-11-23T03:11:19.559+0000] {processor.py:175} INFO - Processing /home/airflow/.local/lib/python3.7/site-packages/airflow/example_dags/example_external_task_marker_dag.py took 0.074 seconds
[2024-11-23T03:11:49.795+0000] {processor.py:153} INFO - Started process (PID=968) to work on /home/airflow/.local/lib/python3.7/site-packages/airflow/example_dags/example_external_task_marker_dag.py
[2024-11-23T03:11:49.796+0000] {processor.py:743} INFO - Processing file /home/airflow/.local/lib/python3.7/site-packages/airflow/example_dags/example_external_task_marker_dag.py for tasks to queue
[2024-11-23T03:11:49.798+0000] {logging_mixin.py:137} INFO - [2024-11-23T03:11:49.798+0000] {dagbag.py:538} INFO - Filling up the DagBag from /home/airflow/.local/lib/python3.7/site-packages/airflow/example_dags/example_external_task_marker_dag.py
[2024-11-23T03:11:49.806+0000] {processor.py:753} INFO - DAG(s) dict_keys(['example_external_task_marker_child', 'example_external_task_marker_parent']) retrieved from /home/airflow/.local/lib/python3.7/site-packages/airflow/example_dags/example_external_task_marker_dag.py
[2024-11-23T03:11:49.826+0000] {logging_mixin.py:137} INFO - [2024-11-23T03:11:49.825+0000] {dag.py:2690} INFO - Sync 2 DAGs
[2024-11-23T03:11:49.846+0000] {logging_mixin.py:137} INFO - [2024-11-23T03:11:49.846+0000] {dag.py:3441} INFO - Setting next_dagrun for example_external_task_marker_child to None, run_after=None
[2024-11-23T03:11:49.848+0000] {logging_mixin.py:137} INFO - [2024-11-23T03:11:49.848+0000] {dag.py:3441} INFO - Setting next_dagrun for example_external_task_marker_parent to None, run_after=None
[2024-11-23T03:11:49.862+0000] {processor.py:175} INFO - Processing /home/airflow/.local/lib/python3.7/site-packages/airflow/example_dags/example_external_task_marker_dag.py took 0.069 seconds
[2024-11-23T03:12:20.022+0000] {processor.py:153} INFO - Started process (PID=1042) to work on /home/airflow/.local/lib/python3.7/site-packages/airflow/example_dags/example_external_task_marker_dag.py
[2024-11-23T03:12:20.023+0000] {processor.py:743} INFO - Processing file /home/airflow/.local/lib/python3.7/site-packages/airflow/example_dags/example_external_task_marker_dag.py for tasks to queue
[2024-11-23T03:12:20.024+0000] {logging_mixin.py:137} INFO - [2024-11-23T03:12:20.024+0000] {dagbag.py:538} INFO - Filling up the DagBag from /home/airflow/.local/lib/python3.7/site-packages/airflow/example_dags/example_external_task_marker_dag.py
[2024-11-23T03:12:20.034+0000] {processor.py:753} INFO - DAG(s) dict_keys(['example_external_task_marker_child', 'example_external_task_marker_parent']) retrieved from /home/airflow/.local/lib/python3.7/site-packages/airflow/example_dags/example_external_task_marker_dag.py
[2024-11-23T03:12:20.055+0000] {logging_mixin.py:137} INFO - [2024-11-23T03:12:20.055+0000] {dag.py:2690} INFO - Sync 2 DAGs
[2024-11-23T03:12:20.072+0000] {logging_mixin.py:137} INFO - [2024-11-23T03:12:20.072+0000] {dag.py:3441} INFO - Setting next_dagrun for example_external_task_marker_child to None, run_after=None
[2024-11-23T03:12:20.074+0000] {logging_mixin.py:137} INFO - [2024-11-23T03:12:20.074+0000] {dag.py:3441} INFO - Setting next_dagrun for example_external_task_marker_parent to None, run_after=None
[2024-11-23T03:12:20.084+0000] {processor.py:175} INFO - Processing /home/airflow/.local/lib/python3.7/site-packages/airflow/example_dags/example_external_task_marker_dag.py took 0.065 seconds
[2024-11-23T03:12:50.166+0000] {processor.py:153} INFO - Started process (PID=1132) to work on /home/airflow/.local/lib/python3.7/site-packages/airflow/example_dags/example_external_task_marker_dag.py
[2024-11-23T03:12:50.167+0000] {processor.py:743} INFO - Processing file /home/airflow/.local/lib/python3.7/site-packages/airflow/example_dags/example_external_task_marker_dag.py for tasks to queue
[2024-11-23T03:12:50.168+0000] {logging_mixin.py:137} INFO - [2024-11-23T03:12:50.168+0000] {dagbag.py:538} INFO - Filling up the DagBag from /home/airflow/.local/lib/python3.7/site-packages/airflow/example_dags/example_external_task_marker_dag.py
[2024-11-23T03:12:50.177+0000] {processor.py:753} INFO - DAG(s) dict_keys(['example_external_task_marker_child', 'example_external_task_marker_parent']) retrieved from /home/airflow/.local/lib/python3.7/site-packages/airflow/example_dags/example_external_task_marker_dag.py
[2024-11-23T03:12:50.198+0000] {logging_mixin.py:137} INFO - [2024-11-23T03:12:50.197+0000] {dag.py:2690} INFO - Sync 2 DAGs
[2024-11-23T03:12:50.216+0000] {logging_mixin.py:137} INFO - [2024-11-23T03:12:50.216+0000] {dag.py:3441} INFO - Setting next_dagrun for example_external_task_marker_child to None, run_after=None
[2024-11-23T03:12:50.219+0000] {logging_mixin.py:137} INFO - [2024-11-23T03:12:50.219+0000] {dag.py:3441} INFO - Setting next_dagrun for example_external_task_marker_parent to None, run_after=None
[2024-11-23T03:12:50.231+0000] {processor.py:175} INFO - Processing /home/airflow/.local/lib/python3.7/site-packages/airflow/example_dags/example_external_task_marker_dag.py took 0.068 seconds
[2024-11-23T03:13:20.684+0000] {processor.py:153} INFO - Started process (PID=1206) to work on /home/airflow/.local/lib/python3.7/site-packages/airflow/example_dags/example_external_task_marker_dag.py
[2024-11-23T03:13:20.686+0000] {processor.py:743} INFO - Processing file /home/airflow/.local/lib/python3.7/site-packages/airflow/example_dags/example_external_task_marker_dag.py for tasks to queue
[2024-11-23T03:13:20.687+0000] {logging_mixin.py:137} INFO - [2024-11-23T03:13:20.687+0000] {dagbag.py:538} INFO - Filling up the DagBag from /home/airflow/.local/lib/python3.7/site-packages/airflow/example_dags/example_external_task_marker_dag.py
[2024-11-23T03:13:20.697+0000] {processor.py:753} INFO - DAG(s) dict_keys(['example_external_task_marker_parent', 'example_external_task_marker_child']) retrieved from /home/airflow/.local/lib/python3.7/site-packages/airflow/example_dags/example_external_task_marker_dag.py
[2024-11-23T03:13:20.724+0000] {logging_mixin.py:137} INFO - [2024-11-23T03:13:20.724+0000] {dag.py:2690} INFO - Sync 2 DAGs
[2024-11-23T03:13:20.745+0000] {logging_mixin.py:137} INFO - [2024-11-23T03:13:20.745+0000] {dag.py:3441} INFO - Setting next_dagrun for example_external_task_marker_child to None, run_after=None
[2024-11-23T03:13:20.747+0000] {logging_mixin.py:137} INFO - [2024-11-23T03:13:20.747+0000] {dag.py:3441} INFO - Setting next_dagrun for example_external_task_marker_parent to None, run_after=None
[2024-11-23T03:13:20.758+0000] {processor.py:175} INFO - Processing /home/airflow/.local/lib/python3.7/site-packages/airflow/example_dags/example_external_task_marker_dag.py took 0.077 seconds
[2024-11-23T03:13:50.950+0000] {processor.py:153} INFO - Started process (PID=1296) to work on /home/airflow/.local/lib/python3.7/site-packages/airflow/example_dags/example_external_task_marker_dag.py
[2024-11-23T03:13:50.950+0000] {processor.py:743} INFO - Processing file /home/airflow/.local/lib/python3.7/site-packages/airflow/example_dags/example_external_task_marker_dag.py for tasks to queue
[2024-11-23T03:13:50.951+0000] {logging_mixin.py:137} INFO - [2024-11-23T03:13:50.951+0000] {dagbag.py:538} INFO - Filling up the DagBag from /home/airflow/.local/lib/python3.7/site-packages/airflow/example_dags/example_external_task_marker_dag.py
[2024-11-23T03:13:50.961+0000] {processor.py:753} INFO - DAG(s) dict_keys(['example_external_task_marker_child', 'example_external_task_marker_parent']) retrieved from /home/airflow/.local/lib/python3.7/site-packages/airflow/example_dags/example_external_task_marker_dag.py
[2024-11-23T03:13:50.983+0000] {logging_mixin.py:137} INFO - [2024-11-23T03:13:50.983+0000] {dag.py:2690} INFO - Sync 2 DAGs
[2024-11-23T03:13:51.004+0000] {logging_mixin.py:137} INFO - [2024-11-23T03:13:51.004+0000] {dag.py:3441} INFO - Setting next_dagrun for example_external_task_marker_child to None, run_after=None
[2024-11-23T03:13:51.007+0000] {logging_mixin.py:137} INFO - [2024-11-23T03:13:51.007+0000] {dag.py:3441} INFO - Setting next_dagrun for example_external_task_marker_parent to None, run_after=None
[2024-11-23T03:13:51.018+0000] {processor.py:175} INFO - Processing /home/airflow/.local/lib/python3.7/site-packages/airflow/example_dags/example_external_task_marker_dag.py took 0.071 seconds
[2024-11-23T03:14:21.072+0000] {processor.py:153} INFO - Started process (PID=1370) to work on /home/airflow/.local/lib/python3.7/site-packages/airflow/example_dags/example_external_task_marker_dag.py
[2024-11-23T03:14:21.073+0000] {processor.py:743} INFO - Processing file /home/airflow/.local/lib/python3.7/site-packages/airflow/example_dags/example_external_task_marker_dag.py for tasks to queue
[2024-11-23T03:14:21.074+0000] {logging_mixin.py:137} INFO - [2024-11-23T03:14:21.074+0000] {dagbag.py:538} INFO - Filling up the DagBag from /home/airflow/.local/lib/python3.7/site-packages/airflow/example_dags/example_external_task_marker_dag.py
[2024-11-23T03:14:21.085+0000] {processor.py:753} INFO - DAG(s) dict_keys(['example_external_task_marker_parent', 'example_external_task_marker_child']) retrieved from /home/airflow/.local/lib/python3.7/site-packages/airflow/example_dags/example_external_task_marker_dag.py
[2024-11-23T03:14:21.107+0000] {logging_mixin.py:137} INFO - [2024-11-23T03:14:21.107+0000] {dag.py:2690} INFO - Sync 2 DAGs
[2024-11-23T03:14:21.124+0000] {logging_mixin.py:137} INFO - [2024-11-23T03:14:21.124+0000] {dag.py:3441} INFO - Setting next_dagrun for example_external_task_marker_child to None, run_after=None
[2024-11-23T03:14:21.130+0000] {logging_mixin.py:137} INFO - [2024-11-23T03:14:21.130+0000] {dag.py:3441} INFO - Setting next_dagrun for example_external_task_marker_parent to None, run_after=None
[2024-11-23T03:14:21.140+0000] {processor.py:175} INFO - Processing /home/airflow/.local/lib/python3.7/site-packages/airflow/example_dags/example_external_task_marker_dag.py took 0.070 seconds
[2024-11-23T03:14:51.494+0000] {processor.py:153} INFO - Started process (PID=1460) to work on /home/airflow/.local/lib/python3.7/site-packages/airflow/example_dags/example_external_task_marker_dag.py
[2024-11-23T03:14:51.495+0000] {processor.py:743} INFO - Processing file /home/airflow/.local/lib/python3.7/site-packages/airflow/example_dags/example_external_task_marker_dag.py for tasks to queue
[2024-11-23T03:14:51.495+0000] {logging_mixin.py:137} INFO - [2024-11-23T03:14:51.495+0000] {dagbag.py:538} INFO - Filling up the DagBag from /home/airflow/.local/lib/python3.7/site-packages/airflow/example_dags/example_external_task_marker_dag.py
[2024-11-23T03:14:51.505+0000] {processor.py:753} INFO - DAG(s) dict_keys(['example_external_task_marker_parent', 'example_external_task_marker_child']) retrieved from /home/airflow/.local/lib/python3.7/site-packages/airflow/example_dags/example_external_task_marker_dag.py
[2024-11-23T03:14:51.529+0000] {logging_mixin.py:137} INFO - [2024-11-23T03:14:51.529+0000] {dag.py:2690} INFO - Sync 2 DAGs
[2024-11-23T03:14:51.552+0000] {logging_mixin.py:137} INFO - [2024-11-23T03:14:51.552+0000] {dag.py:3441} INFO - Setting next_dagrun for example_external_task_marker_child to None, run_after=None
[2024-11-23T03:14:51.554+0000] {logging_mixin.py:137} INFO - [2024-11-23T03:14:51.554+0000] {dag.py:3441} INFO - Setting next_dagrun for example_external_task_marker_parent to None, run_after=None
[2024-11-23T03:14:51.567+0000] {processor.py:175} INFO - Processing /home/airflow/.local/lib/python3.7/site-packages/airflow/example_dags/example_external_task_marker_dag.py took 0.076 seconds
[2024-11-23T03:15:21.966+0000] {processor.py:153} INFO - Started process (PID=1543) to work on /home/airflow/.local/lib/python3.7/site-packages/airflow/example_dags/example_external_task_marker_dag.py
[2024-11-23T03:15:21.970+0000] {processor.py:743} INFO - Processing file /home/airflow/.local/lib/python3.7/site-packages/airflow/example_dags/example_external_task_marker_dag.py for tasks to queue
[2024-11-23T03:15:21.971+0000] {logging_mixin.py:137} INFO - [2024-11-23T03:15:21.971+0000] {dagbag.py:538} INFO - Filling up the DagBag from /home/airflow/.local/lib/python3.7/site-packages/airflow/example_dags/example_external_task_marker_dag.py
[2024-11-23T03:15:21.985+0000] {processor.py:753} INFO - DAG(s) dict_keys(['example_external_task_marker_child', 'example_external_task_marker_parent']) retrieved from /home/airflow/.local/lib/python3.7/site-packages/airflow/example_dags/example_external_task_marker_dag.py
[2024-11-23T03:15:22.030+0000] {logging_mixin.py:137} INFO - [2024-11-23T03:15:22.030+0000] {dag.py:2690} INFO - Sync 2 DAGs
[2024-11-23T03:15:22.055+0000] {logging_mixin.py:137} INFO - [2024-11-23T03:15:22.054+0000] {dag.py:3441} INFO - Setting next_dagrun for example_external_task_marker_child to None, run_after=None
[2024-11-23T03:15:22.059+0000] {logging_mixin.py:137} INFO - [2024-11-23T03:15:22.059+0000] {dag.py:3441} INFO - Setting next_dagrun for example_external_task_marker_parent to None, run_after=None
[2024-11-23T03:15:22.083+0000] {processor.py:175} INFO - Processing /home/airflow/.local/lib/python3.7/site-packages/airflow/example_dags/example_external_task_marker_dag.py took 0.124 seconds
[2024-11-23T03:15:52.592+0000] {processor.py:153} INFO - Started process (PID=1624) to work on /home/airflow/.local/lib/python3.7/site-packages/airflow/example_dags/example_external_task_marker_dag.py
[2024-11-23T03:15:52.594+0000] {processor.py:743} INFO - Processing file /home/airflow/.local/lib/python3.7/site-packages/airflow/example_dags/example_external_task_marker_dag.py for tasks to queue
[2024-11-23T03:15:52.594+0000] {logging_mixin.py:137} INFO - [2024-11-23T03:15:52.594+0000] {dagbag.py:538} INFO - Filling up the DagBag from /home/airflow/.local/lib/python3.7/site-packages/airflow/example_dags/example_external_task_marker_dag.py
[2024-11-23T03:15:52.605+0000] {processor.py:753} INFO - DAG(s) dict_keys(['example_external_task_marker_child', 'example_external_task_marker_parent']) retrieved from /home/airflow/.local/lib/python3.7/site-packages/airflow/example_dags/example_external_task_marker_dag.py
[2024-11-23T03:15:52.626+0000] {logging_mixin.py:137} INFO - [2024-11-23T03:15:52.626+0000] {dag.py:2690} INFO - Sync 2 DAGs
[2024-11-23T03:15:52.646+0000] {logging_mixin.py:137} INFO - [2024-11-23T03:15:52.646+0000] {dag.py:3441} INFO - Setting next_dagrun for example_external_task_marker_child to None, run_after=None
[2024-11-23T03:15:52.652+0000] {logging_mixin.py:137} INFO - [2024-11-23T03:15:52.651+0000] {dag.py:3441} INFO - Setting next_dagrun for example_external_task_marker_parent to None, run_after=None
[2024-11-23T03:15:52.664+0000] {processor.py:175} INFO - Processing /home/airflow/.local/lib/python3.7/site-packages/airflow/example_dags/example_external_task_marker_dag.py took 0.075 seconds
[2024-11-23T03:16:22.794+0000] {processor.py:153} INFO - Started process (PID=1714) to work on /home/airflow/.local/lib/python3.7/site-packages/airflow/example_dags/example_external_task_marker_dag.py
[2024-11-23T03:16:22.795+0000] {processor.py:743} INFO - Processing file /home/airflow/.local/lib/python3.7/site-packages/airflow/example_dags/example_external_task_marker_dag.py for tasks to queue
[2024-11-23T03:16:22.795+0000] {logging_mixin.py:137} INFO - [2024-11-23T03:16:22.795+0000] {dagbag.py:538} INFO - Filling up the DagBag from /home/airflow/.local/lib/python3.7/site-packages/airflow/example_dags/example_external_task_marker_dag.py
[2024-11-23T03:16:22.810+0000] {processor.py:753} INFO - DAG(s) dict_keys(['example_external_task_marker_parent', 'example_external_task_marker_child']) retrieved from /home/airflow/.local/lib/python3.7/site-packages/airflow/example_dags/example_external_task_marker_dag.py
[2024-11-23T03:16:22.851+0000] {logging_mixin.py:137} INFO - [2024-11-23T03:16:22.851+0000] {dag.py:2690} INFO - Sync 2 DAGs
[2024-11-23T03:16:22.872+0000] {logging_mixin.py:137} INFO - [2024-11-23T03:16:22.872+0000] {dag.py:3441} INFO - Setting next_dagrun for example_external_task_marker_child to None, run_after=None
[2024-11-23T03:16:22.875+0000] {logging_mixin.py:137} INFO - [2024-11-23T03:16:22.875+0000] {dag.py:3441} INFO - Setting next_dagrun for example_external_task_marker_parent to None, run_after=None
[2024-11-23T03:16:22.887+0000] {processor.py:175} INFO - Processing /home/airflow/.local/lib/python3.7/site-packages/airflow/example_dags/example_external_task_marker_dag.py took 0.097 seconds
[2024-11-23T03:16:52.965+0000] {processor.py:153} INFO - Started process (PID=1788) to work on /home/airflow/.local/lib/python3.7/site-packages/airflow/example_dags/example_external_task_marker_dag.py
[2024-11-23T03:16:52.966+0000] {processor.py:743} INFO - Processing file /home/airflow/.local/lib/python3.7/site-packages/airflow/example_dags/example_external_task_marker_dag.py for tasks to queue
[2024-11-23T03:16:52.966+0000] {logging_mixin.py:137} INFO - [2024-11-23T03:16:52.966+0000] {dagbag.py:538} INFO - Filling up the DagBag from /home/airflow/.local/lib/python3.7/site-packages/airflow/example_dags/example_external_task_marker_dag.py
[2024-11-23T03:16:52.975+0000] {processor.py:753} INFO - DAG(s) dict_keys(['example_external_task_marker_child', 'example_external_task_marker_parent']) retrieved from /home/airflow/.local/lib/python3.7/site-packages/airflow/example_dags/example_external_task_marker_dag.py
[2024-11-23T03:16:52.997+0000] {logging_mixin.py:137} INFO - [2024-11-23T03:16:52.997+0000] {dag.py:2690} INFO - Sync 2 DAGs
[2024-11-23T03:16:53.015+0000] {logging_mixin.py:137} INFO - [2024-11-23T03:16:53.014+0000] {dag.py:3441} INFO - Setting next_dagrun for example_external_task_marker_child to None, run_after=None
[2024-11-23T03:16:53.017+0000] {logging_mixin.py:137} INFO - [2024-11-23T03:16:53.017+0000] {dag.py:3441} INFO - Setting next_dagrun for example_external_task_marker_parent to None, run_after=None
[2024-11-23T03:16:53.027+0000] {processor.py:175} INFO - Processing /home/airflow/.local/lib/python3.7/site-packages/airflow/example_dags/example_external_task_marker_dag.py took 0.064 seconds
[2024-11-23T03:17:23.103+0000] {processor.py:153} INFO - Started process (PID=1878) to work on /home/airflow/.local/lib/python3.7/site-packages/airflow/example_dags/example_external_task_marker_dag.py
[2024-11-23T03:17:23.104+0000] {processor.py:743} INFO - Processing file /home/airflow/.local/lib/python3.7/site-packages/airflow/example_dags/example_external_task_marker_dag.py for tasks to queue
[2024-11-23T03:17:23.106+0000] {logging_mixin.py:137} INFO - [2024-11-23T03:17:23.106+0000] {dagbag.py:538} INFO - Filling up the DagBag from /home/airflow/.local/lib/python3.7/site-packages/airflow/example_dags/example_external_task_marker_dag.py
[2024-11-23T03:17:23.120+0000] {processor.py:753} INFO - DAG(s) dict_keys(['example_external_task_marker_child', 'example_external_task_marker_parent']) retrieved from /home/airflow/.local/lib/python3.7/site-packages/airflow/example_dags/example_external_task_marker_dag.py
[2024-11-23T03:17:23.147+0000] {logging_mixin.py:137} INFO - [2024-11-23T03:17:23.147+0000] {dag.py:2690} INFO - Sync 2 DAGs
[2024-11-23T03:17:23.168+0000] {logging_mixin.py:137} INFO - [2024-11-23T03:17:23.168+0000] {dag.py:3441} INFO - Setting next_dagrun for example_external_task_marker_child to None, run_after=None
[2024-11-23T03:17:23.172+0000] {logging_mixin.py:137} INFO - [2024-11-23T03:17:23.172+0000] {dag.py:3441} INFO - Setting next_dagrun for example_external_task_marker_parent to None, run_after=None
[2024-11-23T03:17:23.184+0000] {processor.py:175} INFO - Processing /home/airflow/.local/lib/python3.7/site-packages/airflow/example_dags/example_external_task_marker_dag.py took 0.084 seconds
[2024-11-23T03:17:53.312+0000] {processor.py:153} INFO - Started process (PID=1951) to work on /home/airflow/.local/lib/python3.7/site-packages/airflow/example_dags/example_external_task_marker_dag.py
[2024-11-23T03:17:53.313+0000] {processor.py:743} INFO - Processing file /home/airflow/.local/lib/python3.7/site-packages/airflow/example_dags/example_external_task_marker_dag.py for tasks to queue
[2024-11-23T03:17:53.313+0000] {logging_mixin.py:137} INFO - [2024-11-23T03:17:53.313+0000] {dagbag.py:538} INFO - Filling up the DagBag from /home/airflow/.local/lib/python3.7/site-packages/airflow/example_dags/example_external_task_marker_dag.py
[2024-11-23T03:17:53.323+0000] {processor.py:753} INFO - DAG(s) dict_keys(['example_external_task_marker_child', 'example_external_task_marker_parent']) retrieved from /home/airflow/.local/lib/python3.7/site-packages/airflow/example_dags/example_external_task_marker_dag.py
[2024-11-23T03:17:53.341+0000] {logging_mixin.py:137} INFO - [2024-11-23T03:17:53.341+0000] {dag.py:2690} INFO - Sync 2 DAGs
[2024-11-23T03:17:53.359+0000] {logging_mixin.py:137} INFO - [2024-11-23T03:17:53.359+0000] {dag.py:3441} INFO - Setting next_dagrun for example_external_task_marker_child to None, run_after=None
[2024-11-23T03:17:53.362+0000] {logging_mixin.py:137} INFO - [2024-11-23T03:17:53.362+0000] {dag.py:3441} INFO - Setting next_dagrun for example_external_task_marker_parent to None, run_after=None
[2024-11-23T03:17:53.372+0000] {processor.py:175} INFO - Processing /home/airflow/.local/lib/python3.7/site-packages/airflow/example_dags/example_external_task_marker_dag.py took 0.063 seconds
[2024-11-23T03:18:23.619+0000] {processor.py:153} INFO - Started process (PID=2040) to work on /home/airflow/.local/lib/python3.7/site-packages/airflow/example_dags/example_external_task_marker_dag.py
[2024-11-23T03:18:23.624+0000] {processor.py:743} INFO - Processing file /home/airflow/.local/lib/python3.7/site-packages/airflow/example_dags/example_external_task_marker_dag.py for tasks to queue
[2024-11-23T03:18:23.625+0000] {logging_mixin.py:137} INFO - [2024-11-23T03:18:23.625+0000] {dagbag.py:538} INFO - Filling up the DagBag from /home/airflow/.local/lib/python3.7/site-packages/airflow/example_dags/example_external_task_marker_dag.py
[2024-11-23T03:18:23.641+0000] {processor.py:753} INFO - DAG(s) dict_keys(['example_external_task_marker_child', 'example_external_task_marker_parent']) retrieved from /home/airflow/.local/lib/python3.7/site-packages/airflow/example_dags/example_external_task_marker_dag.py
[2024-11-23T03:18:23.675+0000] {logging_mixin.py:137} INFO - [2024-11-23T03:18:23.674+0000] {dag.py:2690} INFO - Sync 2 DAGs
[2024-11-23T03:18:23.703+0000] {logging_mixin.py:137} INFO - [2024-11-23T03:18:23.703+0000] {dag.py:3441} INFO - Setting next_dagrun for example_external_task_marker_child to None, run_after=None
[2024-11-23T03:18:23.720+0000] {logging_mixin.py:137} INFO - [2024-11-23T03:18:23.720+0000] {dag.py:3441} INFO - Setting next_dagrun for example_external_task_marker_parent to None, run_after=None
[2024-11-23T03:18:23.740+0000] {processor.py:175} INFO - Processing /home/airflow/.local/lib/python3.7/site-packages/airflow/example_dags/example_external_task_marker_dag.py took 0.124 seconds
[2024-11-23T03:18:53.889+0000] {processor.py:153} INFO - Started process (PID=2114) to work on /home/airflow/.local/lib/python3.7/site-packages/airflow/example_dags/example_external_task_marker_dag.py
[2024-11-23T03:18:53.890+0000] {processor.py:743} INFO - Processing file /home/airflow/.local/lib/python3.7/site-packages/airflow/example_dags/example_external_task_marker_dag.py for tasks to queue
[2024-11-23T03:18:53.891+0000] {logging_mixin.py:137} INFO - [2024-11-23T03:18:53.891+0000] {dagbag.py:538} INFO - Filling up the DagBag from /home/airflow/.local/lib/python3.7/site-packages/airflow/example_dags/example_external_task_marker_dag.py
[2024-11-23T03:18:53.902+0000] {processor.py:753} INFO - DAG(s) dict_keys(['example_external_task_marker_parent', 'example_external_task_marker_child']) retrieved from /home/airflow/.local/lib/python3.7/site-packages/airflow/example_dags/example_external_task_marker_dag.py
[2024-11-23T03:18:53.922+0000] {logging_mixin.py:137} INFO - [2024-11-23T03:18:53.922+0000] {dag.py:2690} INFO - Sync 2 DAGs
[2024-11-23T03:18:53.942+0000] {logging_mixin.py:137} INFO - [2024-11-23T03:18:53.941+0000] {dag.py:3441} INFO - Setting next_dagrun for example_external_task_marker_child to None, run_after=None
[2024-11-23T03:18:53.945+0000] {logging_mixin.py:137} INFO - [2024-11-23T03:18:53.945+0000] {dag.py:3441} INFO - Setting next_dagrun for example_external_task_marker_parent to None, run_after=None
[2024-11-23T03:18:53.956+0000] {processor.py:175} INFO - Processing /home/airflow/.local/lib/python3.7/site-packages/airflow/example_dags/example_external_task_marker_dag.py took 0.070 seconds
[2024-11-23T03:19:24.146+0000] {processor.py:153} INFO - Started process (PID=2203) to work on /home/airflow/.local/lib/python3.7/site-packages/airflow/example_dags/example_external_task_marker_dag.py
[2024-11-23T03:19:24.147+0000] {processor.py:743} INFO - Processing file /home/airflow/.local/lib/python3.7/site-packages/airflow/example_dags/example_external_task_marker_dag.py for tasks to queue
[2024-11-23T03:19:24.149+0000] {logging_mixin.py:137} INFO - [2024-11-23T03:19:24.149+0000] {dagbag.py:538} INFO - Filling up the DagBag from /home/airflow/.local/lib/python3.7/site-packages/airflow/example_dags/example_external_task_marker_dag.py
[2024-11-23T03:19:24.162+0000] {processor.py:753} INFO - DAG(s) dict_keys(['example_external_task_marker_parent', 'example_external_task_marker_child']) retrieved from /home/airflow/.local/lib/python3.7/site-packages/airflow/example_dags/example_external_task_marker_dag.py
[2024-11-23T03:19:24.186+0000] {logging_mixin.py:137} INFO - [2024-11-23T03:19:24.186+0000] {dag.py:2690} INFO - Sync 2 DAGs
[2024-11-23T03:19:24.207+0000] {logging_mixin.py:137} INFO - [2024-11-23T03:19:24.207+0000] {dag.py:3441} INFO - Setting next_dagrun for example_external_task_marker_child to None, run_after=None
[2024-11-23T03:19:24.211+0000] {logging_mixin.py:137} INFO - [2024-11-23T03:19:24.211+0000] {dag.py:3441} INFO - Setting next_dagrun for example_external_task_marker_parent to None, run_after=None
[2024-11-23T03:19:24.224+0000] {processor.py:175} INFO - Processing /home/airflow/.local/lib/python3.7/site-packages/airflow/example_dags/example_external_task_marker_dag.py took 0.081 seconds
[2024-11-23T03:19:54.977+0000] {processor.py:153} INFO - Started process (PID=2284) to work on /home/airflow/.local/lib/python3.7/site-packages/airflow/example_dags/example_external_task_marker_dag.py
[2024-11-23T03:19:54.979+0000] {processor.py:743} INFO - Processing file /home/airflow/.local/lib/python3.7/site-packages/airflow/example_dags/example_external_task_marker_dag.py for tasks to queue
[2024-11-23T03:19:54.980+0000] {logging_mixin.py:137} INFO - [2024-11-23T03:19:54.980+0000] {dagbag.py:538} INFO - Filling up the DagBag from /home/airflow/.local/lib/python3.7/site-packages/airflow/example_dags/example_external_task_marker_dag.py
[2024-11-23T03:19:55.002+0000] {processor.py:753} INFO - DAG(s) dict_keys(['example_external_task_marker_child', 'example_external_task_marker_parent']) retrieved from /home/airflow/.local/lib/python3.7/site-packages/airflow/example_dags/example_external_task_marker_dag.py
[2024-11-23T03:19:55.048+0000] {logging_mixin.py:137} INFO - [2024-11-23T03:19:55.048+0000] {dag.py:2690} INFO - Sync 2 DAGs
[2024-11-23T03:19:55.100+0000] {logging_mixin.py:137} INFO - [2024-11-23T03:19:55.100+0000] {dag.py:3441} INFO - Setting next_dagrun for example_external_task_marker_child to None, run_after=None
[2024-11-23T03:19:55.108+0000] {logging_mixin.py:137} INFO - [2024-11-23T03:19:55.108+0000] {dag.py:3441} INFO - Setting next_dagrun for example_external_task_marker_parent to None, run_after=None
[2024-11-23T03:19:55.144+0000] {processor.py:175} INFO - Processing /home/airflow/.local/lib/python3.7/site-packages/airflow/example_dags/example_external_task_marker_dag.py took 0.173 seconds
