[2024-11-23T02:53:01.548+0000] {processor.py:153} INFO - Started process (PID=62) to work on /home/airflow/.local/lib/python3.7/site-packages/airflow/example_dags/example_task_group.py
[2024-11-23T02:53:01.551+0000] {processor.py:743} INFO - Processing file /home/airflow/.local/lib/python3.7/site-packages/airflow/example_dags/example_task_group.py for tasks to queue
[2024-11-23T02:53:01.554+0000] {logging_mixin.py:137} INFO - [2024-11-23T02:53:01.554+0000] {dagbag.py:538} INFO - Filling up the DagBag from /home/airflow/.local/lib/python3.7/site-packages/airflow/example_dags/example_task_group.py
[2024-11-23T02:53:01.676+0000] {processor.py:753} INFO - DAG(s) dict_keys(['example_task_group']) retrieved from /home/airflow/.local/lib/python3.7/site-packages/airflow/example_dags/example_task_group.py
[2024-11-23T02:53:01.729+0000] {logging_mixin.py:137} INFO - [2024-11-23T02:53:01.729+0000] {dag.py:2690} INFO - Sync 1 DAGs
[2024-11-23T02:53:01.834+0000] {logging_mixin.py:137} INFO - [2024-11-23T02:53:01.833+0000] {dag.py:3441} INFO - Setting next_dagrun for example_task_group to 2024-11-22T02:53:01.830892+00:00, run_after=2024-11-23T02:53:01.830892+00:00
[2024-11-23T02:53:01.892+0000] {processor.py:175} INFO - Processing /home/airflow/.local/lib/python3.7/site-packages/airflow/example_dags/example_task_group.py took 0.347 seconds
[2024-11-23T02:53:32.404+0000] {processor.py:153} INFO - Started process (PID=143) to work on /home/airflow/.local/lib/python3.7/site-packages/airflow/example_dags/example_task_group.py
[2024-11-23T02:53:32.405+0000] {processor.py:743} INFO - Processing file /home/airflow/.local/lib/python3.7/site-packages/airflow/example_dags/example_task_group.py for tasks to queue
[2024-11-23T02:53:32.405+0000] {logging_mixin.py:137} INFO - [2024-11-23T02:53:32.405+0000] {dagbag.py:538} INFO - Filling up the DagBag from /home/airflow/.local/lib/python3.7/site-packages/airflow/example_dags/example_task_group.py
[2024-11-23T02:53:32.419+0000] {processor.py:753} INFO - DAG(s) dict_keys(['example_task_group']) retrieved from /home/airflow/.local/lib/python3.7/site-packages/airflow/example_dags/example_task_group.py
[2024-11-23T02:53:32.443+0000] {logging_mixin.py:137} INFO - [2024-11-23T02:53:32.443+0000] {dag.py:2690} INFO - Sync 1 DAGs
[2024-11-23T02:53:32.462+0000] {logging_mixin.py:137} INFO - [2024-11-23T02:53:32.462+0000] {dag.py:3441} INFO - Setting next_dagrun for example_task_group to 2024-11-22T02:53:32.462591+00:00, run_after=2024-11-23T02:53:32.462591+00:00
[2024-11-23T02:53:32.490+0000] {processor.py:175} INFO - Processing /home/airflow/.local/lib/python3.7/site-packages/airflow/example_dags/example_task_group.py took 0.089 seconds
[2024-11-23T02:54:03.111+0000] {processor.py:153} INFO - Started process (PID=217) to work on /home/airflow/.local/lib/python3.7/site-packages/airflow/example_dags/example_task_group.py
[2024-11-23T02:54:03.113+0000] {processor.py:743} INFO - Processing file /home/airflow/.local/lib/python3.7/site-packages/airflow/example_dags/example_task_group.py for tasks to queue
[2024-11-23T02:54:03.118+0000] {logging_mixin.py:137} INFO - [2024-11-23T02:54:03.118+0000] {dagbag.py:538} INFO - Filling up the DagBag from /home/airflow/.local/lib/python3.7/site-packages/airflow/example_dags/example_task_group.py
[2024-11-23T02:54:03.188+0000] {processor.py:753} INFO - DAG(s) dict_keys(['example_task_group']) retrieved from /home/airflow/.local/lib/python3.7/site-packages/airflow/example_dags/example_task_group.py
[2024-11-23T02:54:03.269+0000] {logging_mixin.py:137} INFO - [2024-11-23T02:54:03.269+0000] {dag.py:2690} INFO - Sync 1 DAGs
[2024-11-23T02:54:03.319+0000] {logging_mixin.py:137} INFO - [2024-11-23T02:54:03.318+0000] {dag.py:3441} INFO - Setting next_dagrun for example_task_group to 2024-11-22T02:54:03.318539+00:00, run_after=2024-11-23T02:54:03.318539+00:00
[2024-11-23T02:54:03.351+0000] {processor.py:175} INFO - Processing /home/airflow/.local/lib/python3.7/site-packages/airflow/example_dags/example_task_group.py took 0.254 seconds
[2024-11-23T02:54:34.212+0000] {processor.py:153} INFO - Started process (PID=307) to work on /home/airflow/.local/lib/python3.7/site-packages/airflow/example_dags/example_task_group.py
[2024-11-23T02:54:34.214+0000] {processor.py:743} INFO - Processing file /home/airflow/.local/lib/python3.7/site-packages/airflow/example_dags/example_task_group.py for tasks to queue
[2024-11-23T02:54:34.215+0000] {logging_mixin.py:137} INFO - [2024-11-23T02:54:34.215+0000] {dagbag.py:538} INFO - Filling up the DagBag from /home/airflow/.local/lib/python3.7/site-packages/airflow/example_dags/example_task_group.py
[2024-11-23T02:54:34.232+0000] {processor.py:753} INFO - DAG(s) dict_keys(['example_task_group']) retrieved from /home/airflow/.local/lib/python3.7/site-packages/airflow/example_dags/example_task_group.py
[2024-11-23T02:54:34.259+0000] {logging_mixin.py:137} INFO - [2024-11-23T02:54:34.259+0000] {dag.py:2690} INFO - Sync 1 DAGs
[2024-11-23T02:54:34.277+0000] {logging_mixin.py:137} INFO - [2024-11-23T02:54:34.277+0000] {dag.py:3441} INFO - Setting next_dagrun for example_task_group to 2024-11-22T02:54:34.277133+00:00, run_after=2024-11-23T02:54:34.277133+00:00
[2024-11-23T02:54:34.293+0000] {processor.py:175} INFO - Processing /home/airflow/.local/lib/python3.7/site-packages/airflow/example_dags/example_task_group.py took 0.085 seconds
[2024-11-23T02:55:28.944+0000] {processor.py:153} INFO - Started process (PID=53) to work on /home/airflow/.local/lib/python3.7/site-packages/airflow/example_dags/example_task_group.py
[2024-11-23T02:55:28.945+0000] {processor.py:743} INFO - Processing file /home/airflow/.local/lib/python3.7/site-packages/airflow/example_dags/example_task_group.py for tasks to queue
[2024-11-23T02:55:28.946+0000] {logging_mixin.py:137} INFO - [2024-11-23T02:55:28.946+0000] {dagbag.py:538} INFO - Filling up the DagBag from /home/airflow/.local/lib/python3.7/site-packages/airflow/example_dags/example_task_group.py
[2024-11-23T02:55:28.967+0000] {processor.py:753} INFO - DAG(s) dict_keys(['example_task_group']) retrieved from /home/airflow/.local/lib/python3.7/site-packages/airflow/example_dags/example_task_group.py
[2024-11-23T02:55:28.984+0000] {logging_mixin.py:137} INFO - [2024-11-23T02:55:28.984+0000] {dag.py:2690} INFO - Sync 1 DAGs
[2024-11-23T02:55:29.086+0000] {logging_mixin.py:137} INFO - [2024-11-23T02:55:29.085+0000] {dag.py:3441} INFO - Setting next_dagrun for example_task_group to 2024-11-22T02:55:29.085422+00:00, run_after=2024-11-23T02:55:29.085422+00:00
[2024-11-23T02:55:29.132+0000] {processor.py:175} INFO - Processing /home/airflow/.local/lib/python3.7/site-packages/airflow/example_dags/example_task_group.py took 0.196 seconds
[2024-11-23T02:56:02.375+0000] {processor.py:153} INFO - Started process (PID=143) to work on /home/airflow/.local/lib/python3.7/site-packages/airflow/example_dags/example_task_group.py
[2024-11-23T02:56:02.377+0000] {processor.py:743} INFO - Processing file /home/airflow/.local/lib/python3.7/site-packages/airflow/example_dags/example_task_group.py for tasks to queue
[2024-11-23T02:56:02.378+0000] {logging_mixin.py:137} INFO - [2024-11-23T02:56:02.378+0000] {dagbag.py:538} INFO - Filling up the DagBag from /home/airflow/.local/lib/python3.7/site-packages/airflow/example_dags/example_task_group.py
[2024-11-23T02:56:02.406+0000] {processor.py:753} INFO - DAG(s) dict_keys(['example_task_group']) retrieved from /home/airflow/.local/lib/python3.7/site-packages/airflow/example_dags/example_task_group.py
[2024-11-23T02:56:02.450+0000] {logging_mixin.py:137} INFO - [2024-11-23T02:56:02.450+0000] {dag.py:2690} INFO - Sync 1 DAGs
[2024-11-23T02:56:02.481+0000] {logging_mixin.py:137} INFO - [2024-11-23T02:56:02.481+0000] {dag.py:3441} INFO - Setting next_dagrun for example_task_group to 2024-11-22T02:56:02.481151+00:00, run_after=2024-11-23T02:56:02.481151+00:00
[2024-11-23T02:56:02.500+0000] {processor.py:175} INFO - Processing /home/airflow/.local/lib/python3.7/site-packages/airflow/example_dags/example_task_group.py took 0.129 seconds
[2024-11-23T02:56:33.332+0000] {processor.py:153} INFO - Started process (PID=233) to work on /home/airflow/.local/lib/python3.7/site-packages/airflow/example_dags/example_task_group.py
[2024-11-23T02:56:33.338+0000] {processor.py:743} INFO - Processing file /home/airflow/.local/lib/python3.7/site-packages/airflow/example_dags/example_task_group.py for tasks to queue
[2024-11-23T02:56:33.339+0000] {logging_mixin.py:137} INFO - [2024-11-23T02:56:33.339+0000] {dagbag.py:538} INFO - Filling up the DagBag from /home/airflow/.local/lib/python3.7/site-packages/airflow/example_dags/example_task_group.py
[2024-11-23T02:56:33.352+0000] {processor.py:753} INFO - DAG(s) dict_keys(['example_task_group']) retrieved from /home/airflow/.local/lib/python3.7/site-packages/airflow/example_dags/example_task_group.py
[2024-11-23T02:56:33.400+0000] {logging_mixin.py:137} INFO - [2024-11-23T02:56:33.400+0000] {dag.py:2690} INFO - Sync 1 DAGs
[2024-11-23T02:56:33.425+0000] {logging_mixin.py:137} INFO - [2024-11-23T02:56:33.425+0000] {dag.py:3441} INFO - Setting next_dagrun for example_task_group to 2024-11-22T02:56:33.425198+00:00, run_after=2024-11-23T02:56:33.425198+00:00
[2024-11-23T02:56:33.443+0000] {processor.py:175} INFO - Processing /home/airflow/.local/lib/python3.7/site-packages/airflow/example_dags/example_task_group.py took 0.114 seconds
[2024-11-23T02:57:04.372+0000] {processor.py:153} INFO - Started process (PID=307) to work on /home/airflow/.local/lib/python3.7/site-packages/airflow/example_dags/example_task_group.py
[2024-11-23T02:57:04.373+0000] {processor.py:743} INFO - Processing file /home/airflow/.local/lib/python3.7/site-packages/airflow/example_dags/example_task_group.py for tasks to queue
[2024-11-23T02:57:04.374+0000] {logging_mixin.py:137} INFO - [2024-11-23T02:57:04.374+0000] {dagbag.py:538} INFO - Filling up the DagBag from /home/airflow/.local/lib/python3.7/site-packages/airflow/example_dags/example_task_group.py
[2024-11-23T02:57:04.389+0000] {processor.py:753} INFO - DAG(s) dict_keys(['example_task_group']) retrieved from /home/airflow/.local/lib/python3.7/site-packages/airflow/example_dags/example_task_group.py
[2024-11-23T02:57:04.413+0000] {logging_mixin.py:137} INFO - [2024-11-23T02:57:04.413+0000] {dag.py:2690} INFO - Sync 1 DAGs
[2024-11-23T02:57:04.432+0000] {logging_mixin.py:137} INFO - [2024-11-23T02:57:04.431+0000] {dag.py:3441} INFO - Setting next_dagrun for example_task_group to 2024-11-22T02:57:04.431782+00:00, run_after=2024-11-23T02:57:04.431782+00:00
[2024-11-23T02:57:04.452+0000] {processor.py:175} INFO - Processing /home/airflow/.local/lib/python3.7/site-packages/airflow/example_dags/example_task_group.py took 0.083 seconds
[2024-11-23T02:57:34.937+0000] {processor.py:153} INFO - Started process (PID=390) to work on /home/airflow/.local/lib/python3.7/site-packages/airflow/example_dags/example_task_group.py
[2024-11-23T02:57:34.938+0000] {processor.py:743} INFO - Processing file /home/airflow/.local/lib/python3.7/site-packages/airflow/example_dags/example_task_group.py for tasks to queue
[2024-11-23T02:57:34.939+0000] {logging_mixin.py:137} INFO - [2024-11-23T02:57:34.939+0000] {dagbag.py:538} INFO - Filling up the DagBag from /home/airflow/.local/lib/python3.7/site-packages/airflow/example_dags/example_task_group.py
[2024-11-23T02:57:34.959+0000] {processor.py:753} INFO - DAG(s) dict_keys(['example_task_group']) retrieved from /home/airflow/.local/lib/python3.7/site-packages/airflow/example_dags/example_task_group.py
[2024-11-23T02:57:34.986+0000] {logging_mixin.py:137} INFO - [2024-11-23T02:57:34.986+0000] {dag.py:2690} INFO - Sync 1 DAGs
[2024-11-23T02:57:35.016+0000] {logging_mixin.py:137} INFO - [2024-11-23T02:57:35.016+0000] {dag.py:3441} INFO - Setting next_dagrun for example_task_group to 2024-11-22T02:57:35.015706+00:00, run_after=2024-11-23T02:57:35.015706+00:00
[2024-11-23T02:57:35.039+0000] {processor.py:175} INFO - Processing /home/airflow/.local/lib/python3.7/site-packages/airflow/example_dags/example_task_group.py took 0.105 seconds
[2024-11-23T02:58:39.042+0000] {processor.py:153} INFO - Started process (PID=61) to work on /home/airflow/.local/lib/python3.7/site-packages/airflow/example_dags/example_task_group.py
[2024-11-23T02:58:39.052+0000] {processor.py:743} INFO - Processing file /home/airflow/.local/lib/python3.7/site-packages/airflow/example_dags/example_task_group.py for tasks to queue
[2024-11-23T02:58:39.055+0000] {logging_mixin.py:137} INFO - [2024-11-23T02:58:39.054+0000] {dagbag.py:538} INFO - Filling up the DagBag from /home/airflow/.local/lib/python3.7/site-packages/airflow/example_dags/example_task_group.py
[2024-11-23T02:58:39.087+0000] {processor.py:753} INFO - DAG(s) dict_keys(['example_task_group']) retrieved from /home/airflow/.local/lib/python3.7/site-packages/airflow/example_dags/example_task_group.py
[2024-11-23T02:58:39.117+0000] {logging_mixin.py:137} INFO - [2024-11-23T02:58:39.117+0000] {dag.py:2690} INFO - Sync 1 DAGs
[2024-11-23T02:58:39.166+0000] {logging_mixin.py:137} INFO - [2024-11-23T02:58:39.165+0000] {dag.py:3441} INFO - Setting next_dagrun for example_task_group to 2024-11-22T02:58:39.164369+00:00, run_after=2024-11-23T02:58:39.164369+00:00
[2024-11-23T02:58:39.210+0000] {processor.py:175} INFO - Processing /home/airflow/.local/lib/python3.7/site-packages/airflow/example_dags/example_task_group.py took 0.177 seconds
[2024-11-23T02:59:10.113+0000] {processor.py:153} INFO - Started process (PID=142) to work on /home/airflow/.local/lib/python3.7/site-packages/airflow/example_dags/example_task_group.py
[2024-11-23T02:59:10.114+0000] {processor.py:743} INFO - Processing file /home/airflow/.local/lib/python3.7/site-packages/airflow/example_dags/example_task_group.py for tasks to queue
[2024-11-23T02:59:10.115+0000] {logging_mixin.py:137} INFO - [2024-11-23T02:59:10.115+0000] {dagbag.py:538} INFO - Filling up the DagBag from /home/airflow/.local/lib/python3.7/site-packages/airflow/example_dags/example_task_group.py
[2024-11-23T02:59:10.129+0000] {processor.py:753} INFO - DAG(s) dict_keys(['example_task_group']) retrieved from /home/airflow/.local/lib/python3.7/site-packages/airflow/example_dags/example_task_group.py
[2024-11-23T02:59:10.153+0000] {logging_mixin.py:137} INFO - [2024-11-23T02:59:10.153+0000] {dag.py:2690} INFO - Sync 1 DAGs
[2024-11-23T02:59:10.179+0000] {logging_mixin.py:137} INFO - [2024-11-23T02:59:10.179+0000] {dag.py:3441} INFO - Setting next_dagrun for example_task_group to 2024-11-22T02:59:10.179312+00:00, run_after=2024-11-23T02:59:10.179312+00:00
[2024-11-23T02:59:10.203+0000] {processor.py:175} INFO - Processing /home/airflow/.local/lib/python3.7/site-packages/airflow/example_dags/example_task_group.py took 0.093 seconds
[2024-11-23T02:59:41.018+0000] {processor.py:153} INFO - Started process (PID=216) to work on /home/airflow/.local/lib/python3.7/site-packages/airflow/example_dags/example_task_group.py
[2024-11-23T02:59:41.018+0000] {processor.py:743} INFO - Processing file /home/airflow/.local/lib/python3.7/site-packages/airflow/example_dags/example_task_group.py for tasks to queue
[2024-11-23T02:59:41.019+0000] {logging_mixin.py:137} INFO - [2024-11-23T02:59:41.019+0000] {dagbag.py:538} INFO - Filling up the DagBag from /home/airflow/.local/lib/python3.7/site-packages/airflow/example_dags/example_task_group.py
[2024-11-23T02:59:41.030+0000] {processor.py:753} INFO - DAG(s) dict_keys(['example_task_group']) retrieved from /home/airflow/.local/lib/python3.7/site-packages/airflow/example_dags/example_task_group.py
[2024-11-23T02:59:41.052+0000] {logging_mixin.py:137} INFO - [2024-11-23T02:59:41.051+0000] {dag.py:2690} INFO - Sync 1 DAGs
[2024-11-23T02:59:41.079+0000] {logging_mixin.py:137} INFO - [2024-11-23T02:59:41.079+0000] {dag.py:3441} INFO - Setting next_dagrun for example_task_group to 2024-11-22T02:59:41.078888+00:00, run_after=2024-11-23T02:59:41.078888+00:00
[2024-11-23T02:59:41.095+0000] {processor.py:175} INFO - Processing /home/airflow/.local/lib/python3.7/site-packages/airflow/example_dags/example_task_group.py took 0.081 seconds
[2024-11-23T03:00:11.364+0000] {processor.py:153} INFO - Started process (PID=306) to work on /home/airflow/.local/lib/python3.7/site-packages/airflow/example_dags/example_task_group.py
[2024-11-23T03:00:11.368+0000] {processor.py:743} INFO - Processing file /home/airflow/.local/lib/python3.7/site-packages/airflow/example_dags/example_task_group.py for tasks to queue
[2024-11-23T03:00:11.370+0000] {logging_mixin.py:137} INFO - [2024-11-23T03:00:11.370+0000] {dagbag.py:538} INFO - Filling up the DagBag from /home/airflow/.local/lib/python3.7/site-packages/airflow/example_dags/example_task_group.py
[2024-11-23T03:00:11.383+0000] {processor.py:753} INFO - DAG(s) dict_keys(['example_task_group']) retrieved from /home/airflow/.local/lib/python3.7/site-packages/airflow/example_dags/example_task_group.py
[2024-11-23T03:00:11.406+0000] {logging_mixin.py:137} INFO - [2024-11-23T03:00:11.406+0000] {dag.py:2690} INFO - Sync 1 DAGs
[2024-11-23T03:00:11.425+0000] {logging_mixin.py:137} INFO - [2024-11-23T03:00:11.425+0000] {dag.py:3441} INFO - Setting next_dagrun for example_task_group to 2024-11-22T03:00:11.425530+00:00, run_after=2024-11-23T03:00:11.425530+00:00
[2024-11-23T03:00:11.441+0000] {processor.py:175} INFO - Processing /home/airflow/.local/lib/python3.7/site-packages/airflow/example_dags/example_task_group.py took 0.082 seconds
[2024-11-23T03:00:42.064+0000] {processor.py:153} INFO - Started process (PID=396) to work on /home/airflow/.local/lib/python3.7/site-packages/airflow/example_dags/example_task_group.py
[2024-11-23T03:00:42.066+0000] {processor.py:743} INFO - Processing file /home/airflow/.local/lib/python3.7/site-packages/airflow/example_dags/example_task_group.py for tasks to queue
[2024-11-23T03:00:42.067+0000] {logging_mixin.py:137} INFO - [2024-11-23T03:00:42.067+0000] {dagbag.py:538} INFO - Filling up the DagBag from /home/airflow/.local/lib/python3.7/site-packages/airflow/example_dags/example_task_group.py
[2024-11-23T03:00:42.082+0000] {processor.py:753} INFO - DAG(s) dict_keys(['example_task_group']) retrieved from /home/airflow/.local/lib/python3.7/site-packages/airflow/example_dags/example_task_group.py
[2024-11-23T03:00:42.112+0000] {logging_mixin.py:137} INFO - [2024-11-23T03:00:42.111+0000] {dag.py:2690} INFO - Sync 1 DAGs
[2024-11-23T03:00:42.134+0000] {logging_mixin.py:137} INFO - [2024-11-23T03:00:42.134+0000] {dag.py:3441} INFO - Setting next_dagrun for example_task_group to 2024-11-22T03:00:42.134319+00:00, run_after=2024-11-23T03:00:42.134319+00:00
[2024-11-23T03:00:42.161+0000] {processor.py:175} INFO - Processing /home/airflow/.local/lib/python3.7/site-packages/airflow/example_dags/example_task_group.py took 0.101 seconds
[2024-11-23T03:01:12.672+0000] {processor.py:153} INFO - Started process (PID=470) to work on /home/airflow/.local/lib/python3.7/site-packages/airflow/example_dags/example_task_group.py
[2024-11-23T03:01:12.673+0000] {processor.py:743} INFO - Processing file /home/airflow/.local/lib/python3.7/site-packages/airflow/example_dags/example_task_group.py for tasks to queue
[2024-11-23T03:01:12.673+0000] {logging_mixin.py:137} INFO - [2024-11-23T03:01:12.673+0000] {dagbag.py:538} INFO - Filling up the DagBag from /home/airflow/.local/lib/python3.7/site-packages/airflow/example_dags/example_task_group.py
[2024-11-23T03:01:12.689+0000] {processor.py:753} INFO - DAG(s) dict_keys(['example_task_group']) retrieved from /home/airflow/.local/lib/python3.7/site-packages/airflow/example_dags/example_task_group.py
[2024-11-23T03:01:12.710+0000] {logging_mixin.py:137} INFO - [2024-11-23T03:01:12.710+0000] {dag.py:2690} INFO - Sync 1 DAGs
[2024-11-23T03:01:12.730+0000] {logging_mixin.py:137} INFO - [2024-11-23T03:01:12.730+0000] {dag.py:3441} INFO - Setting next_dagrun for example_task_group to 2024-11-22T03:01:12.730145+00:00, run_after=2024-11-23T03:01:12.730145+00:00
[2024-11-23T03:01:12.747+0000] {processor.py:175} INFO - Processing /home/airflow/.local/lib/python3.7/site-packages/airflow/example_dags/example_task_group.py took 0.080 seconds
[2024-11-23T03:01:43.000+0000] {processor.py:153} INFO - Started process (PID=560) to work on /home/airflow/.local/lib/python3.7/site-packages/airflow/example_dags/example_task_group.py
[2024-11-23T03:01:43.004+0000] {processor.py:743} INFO - Processing file /home/airflow/.local/lib/python3.7/site-packages/airflow/example_dags/example_task_group.py for tasks to queue
[2024-11-23T03:01:43.005+0000] {logging_mixin.py:137} INFO - [2024-11-23T03:01:43.005+0000] {dagbag.py:538} INFO - Filling up the DagBag from /home/airflow/.local/lib/python3.7/site-packages/airflow/example_dags/example_task_group.py
[2024-11-23T03:01:43.016+0000] {processor.py:753} INFO - DAG(s) dict_keys(['example_task_group']) retrieved from /home/airflow/.local/lib/python3.7/site-packages/airflow/example_dags/example_task_group.py
[2024-11-23T03:01:43.036+0000] {logging_mixin.py:137} INFO - [2024-11-23T03:01:43.036+0000] {dag.py:2690} INFO - Sync 1 DAGs
[2024-11-23T03:01:43.053+0000] {logging_mixin.py:137} INFO - [2024-11-23T03:01:43.053+0000] {dag.py:3441} INFO - Setting next_dagrun for example_task_group to 2024-11-22T03:01:43.053014+00:00, run_after=2024-11-23T03:01:43.053014+00:00
[2024-11-23T03:01:43.067+0000] {processor.py:175} INFO - Processing /home/airflow/.local/lib/python3.7/site-packages/airflow/example_dags/example_task_group.py took 0.070 seconds
[2024-11-23T03:02:13.296+0000] {processor.py:153} INFO - Started process (PID=634) to work on /home/airflow/.local/lib/python3.7/site-packages/airflow/example_dags/example_task_group.py
[2024-11-23T03:02:13.297+0000] {processor.py:743} INFO - Processing file /home/airflow/.local/lib/python3.7/site-packages/airflow/example_dags/example_task_group.py for tasks to queue
[2024-11-23T03:02:13.298+0000] {logging_mixin.py:137} INFO - [2024-11-23T03:02:13.298+0000] {dagbag.py:538} INFO - Filling up the DagBag from /home/airflow/.local/lib/python3.7/site-packages/airflow/example_dags/example_task_group.py
[2024-11-23T03:02:13.314+0000] {processor.py:753} INFO - DAG(s) dict_keys(['example_task_group']) retrieved from /home/airflow/.local/lib/python3.7/site-packages/airflow/example_dags/example_task_group.py
[2024-11-23T03:02:13.338+0000] {logging_mixin.py:137} INFO - [2024-11-23T03:02:13.338+0000] {dag.py:2690} INFO - Sync 1 DAGs
[2024-11-23T03:02:13.364+0000] {logging_mixin.py:137} INFO - [2024-11-23T03:02:13.364+0000] {dag.py:3441} INFO - Setting next_dagrun for example_task_group to 2024-11-22T03:02:13.364202+00:00, run_after=2024-11-23T03:02:13.364202+00:00
[2024-11-23T03:02:13.385+0000] {processor.py:175} INFO - Processing /home/airflow/.local/lib/python3.7/site-packages/airflow/example_dags/example_task_group.py took 0.094 seconds
[2024-11-23T03:03:06.121+0000] {processor.py:153} INFO - Started process (PID=52) to work on /home/airflow/.local/lib/python3.7/site-packages/airflow/example_dags/example_task_group.py
[2024-11-23T03:03:06.122+0000] {processor.py:743} INFO - Processing file /home/airflow/.local/lib/python3.7/site-packages/airflow/example_dags/example_task_group.py for tasks to queue
[2024-11-23T03:03:06.123+0000] {logging_mixin.py:137} INFO - [2024-11-23T03:03:06.123+0000] {dagbag.py:538} INFO - Filling up the DagBag from /home/airflow/.local/lib/python3.7/site-packages/airflow/example_dags/example_task_group.py
[2024-11-23T03:03:06.144+0000] {processor.py:753} INFO - DAG(s) dict_keys(['example_task_group']) retrieved from /home/airflow/.local/lib/python3.7/site-packages/airflow/example_dags/example_task_group.py
[2024-11-23T03:03:06.167+0000] {logging_mixin.py:137} INFO - [2024-11-23T03:03:06.167+0000] {dag.py:2690} INFO - Sync 1 DAGs
[2024-11-23T03:03:06.206+0000] {logging_mixin.py:137} INFO - [2024-11-23T03:03:06.205+0000] {dag.py:3441} INFO - Setting next_dagrun for example_task_group to 2024-11-22T03:03:06.205363+00:00, run_after=2024-11-23T03:03:06.205363+00:00
[2024-11-23T03:03:06.238+0000] {processor.py:175} INFO - Processing /home/airflow/.local/lib/python3.7/site-packages/airflow/example_dags/example_task_group.py took 0.120 seconds
[2024-11-23T03:03:36.679+0000] {processor.py:153} INFO - Started process (PID=142) to work on /home/airflow/.local/lib/python3.7/site-packages/airflow/example_dags/example_task_group.py
[2024-11-23T03:03:36.680+0000] {processor.py:743} INFO - Processing file /home/airflow/.local/lib/python3.7/site-packages/airflow/example_dags/example_task_group.py for tasks to queue
[2024-11-23T03:03:36.680+0000] {logging_mixin.py:137} INFO - [2024-11-23T03:03:36.680+0000] {dagbag.py:538} INFO - Filling up the DagBag from /home/airflow/.local/lib/python3.7/site-packages/airflow/example_dags/example_task_group.py
[2024-11-23T03:03:36.691+0000] {processor.py:753} INFO - DAG(s) dict_keys(['example_task_group']) retrieved from /home/airflow/.local/lib/python3.7/site-packages/airflow/example_dags/example_task_group.py
[2024-11-23T03:03:36.708+0000] {logging_mixin.py:137} INFO - [2024-11-23T03:03:36.707+0000] {dag.py:2690} INFO - Sync 1 DAGs
[2024-11-23T03:03:36.728+0000] {logging_mixin.py:137} INFO - [2024-11-23T03:03:36.728+0000] {dag.py:3441} INFO - Setting next_dagrun for example_task_group to 2024-11-22T03:03:36.728545+00:00, run_after=2024-11-23T03:03:36.728545+00:00
[2024-11-23T03:03:36.744+0000] {processor.py:175} INFO - Processing /home/airflow/.local/lib/python3.7/site-packages/airflow/example_dags/example_task_group.py took 0.067 seconds
[2024-11-23T03:06:14.810+0000] {processor.py:153} INFO - Started process (PID=68) to work on /home/airflow/.local/lib/python3.7/site-packages/airflow/example_dags/example_task_group.py
[2024-11-23T03:06:14.813+0000] {processor.py:743} INFO - Processing file /home/airflow/.local/lib/python3.7/site-packages/airflow/example_dags/example_task_group.py for tasks to queue
[2024-11-23T03:06:14.816+0000] {logging_mixin.py:137} INFO - [2024-11-23T03:06:14.816+0000] {dagbag.py:538} INFO - Filling up the DagBag from /home/airflow/.local/lib/python3.7/site-packages/airflow/example_dags/example_task_group.py
[2024-11-23T03:06:14.861+0000] {processor.py:753} INFO - DAG(s) dict_keys(['example_task_group']) retrieved from /home/airflow/.local/lib/python3.7/site-packages/airflow/example_dags/example_task_group.py
[2024-11-23T03:06:14.900+0000] {logging_mixin.py:137} INFO - [2024-11-23T03:06:14.900+0000] {dag.py:2690} INFO - Sync 1 DAGs
[2024-11-23T03:06:14.996+0000] {logging_mixin.py:137} INFO - [2024-11-23T03:06:14.996+0000] {dag.py:3441} INFO - Setting next_dagrun for example_task_group to 2024-11-22T03:06:14.996273+00:00, run_after=2024-11-23T03:06:14.996273+00:00
[2024-11-23T03:06:15.055+0000] {processor.py:175} INFO - Processing /home/airflow/.local/lib/python3.7/site-packages/airflow/example_dags/example_task_group.py took 0.253 seconds
[2024-11-23T03:06:45.212+0000] {processor.py:153} INFO - Started process (PID=142) to work on /home/airflow/.local/lib/python3.7/site-packages/airflow/example_dags/example_task_group.py
[2024-11-23T03:06:45.213+0000] {processor.py:743} INFO - Processing file /home/airflow/.local/lib/python3.7/site-packages/airflow/example_dags/example_task_group.py for tasks to queue
[2024-11-23T03:06:45.214+0000] {logging_mixin.py:137} INFO - [2024-11-23T03:06:45.214+0000] {dagbag.py:538} INFO - Filling up the DagBag from /home/airflow/.local/lib/python3.7/site-packages/airflow/example_dags/example_task_group.py
[2024-11-23T03:06:45.227+0000] {processor.py:753} INFO - DAG(s) dict_keys(['example_task_group']) retrieved from /home/airflow/.local/lib/python3.7/site-packages/airflow/example_dags/example_task_group.py
[2024-11-23T03:06:45.245+0000] {logging_mixin.py:137} INFO - [2024-11-23T03:06:45.245+0000] {dag.py:2690} INFO - Sync 1 DAGs
[2024-11-23T03:06:45.266+0000] {logging_mixin.py:137} INFO - [2024-11-23T03:06:45.266+0000] {dag.py:3441} INFO - Setting next_dagrun for example_task_group to 2024-11-22T03:06:45.266470+00:00, run_after=2024-11-23T03:06:45.266470+00:00
[2024-11-23T03:06:45.286+0000] {processor.py:175} INFO - Processing /home/airflow/.local/lib/python3.7/site-packages/airflow/example_dags/example_task_group.py took 0.077 seconds
[2024-11-23T03:07:15.489+0000] {processor.py:153} INFO - Started process (PID=225) to work on /home/airflow/.local/lib/python3.7/site-packages/airflow/example_dags/example_task_group.py
[2024-11-23T03:07:15.490+0000] {processor.py:743} INFO - Processing file /home/airflow/.local/lib/python3.7/site-packages/airflow/example_dags/example_task_group.py for tasks to queue
[2024-11-23T03:07:15.491+0000] {logging_mixin.py:137} INFO - [2024-11-23T03:07:15.491+0000] {dagbag.py:538} INFO - Filling up the DagBag from /home/airflow/.local/lib/python3.7/site-packages/airflow/example_dags/example_task_group.py
[2024-11-23T03:07:15.504+0000] {processor.py:753} INFO - DAG(s) dict_keys(['example_task_group']) retrieved from /home/airflow/.local/lib/python3.7/site-packages/airflow/example_dags/example_task_group.py
[2024-11-23T03:07:15.531+0000] {logging_mixin.py:137} INFO - [2024-11-23T03:07:15.531+0000] {dag.py:2690} INFO - Sync 1 DAGs
[2024-11-23T03:07:15.563+0000] {logging_mixin.py:137} INFO - [2024-11-23T03:07:15.562+0000] {dag.py:3441} INFO - Setting next_dagrun for example_task_group to 2024-11-22T03:07:15.562491+00:00, run_after=2024-11-23T03:07:15.562491+00:00
[2024-11-23T03:07:15.590+0000] {processor.py:175} INFO - Processing /home/airflow/.local/lib/python3.7/site-packages/airflow/example_dags/example_task_group.py took 0.105 seconds
[2024-11-23T03:07:45.941+0000] {processor.py:153} INFO - Started process (PID=306) to work on /home/airflow/.local/lib/python3.7/site-packages/airflow/example_dags/example_task_group.py
[2024-11-23T03:07:45.941+0000] {processor.py:743} INFO - Processing file /home/airflow/.local/lib/python3.7/site-packages/airflow/example_dags/example_task_group.py for tasks to queue
[2024-11-23T03:07:45.942+0000] {logging_mixin.py:137} INFO - [2024-11-23T03:07:45.942+0000] {dagbag.py:538} INFO - Filling up the DagBag from /home/airflow/.local/lib/python3.7/site-packages/airflow/example_dags/example_task_group.py
[2024-11-23T03:07:45.954+0000] {processor.py:753} INFO - DAG(s) dict_keys(['example_task_group']) retrieved from /home/airflow/.local/lib/python3.7/site-packages/airflow/example_dags/example_task_group.py
[2024-11-23T03:07:45.977+0000] {logging_mixin.py:137} INFO - [2024-11-23T03:07:45.976+0000] {dag.py:2690} INFO - Sync 1 DAGs
[2024-11-23T03:07:45.994+0000] {logging_mixin.py:137} INFO - [2024-11-23T03:07:45.994+0000] {dag.py:3441} INFO - Setting next_dagrun for example_task_group to 2024-11-22T03:07:45.994065+00:00, run_after=2024-11-23T03:07:45.994065+00:00
[2024-11-23T03:07:46.007+0000] {processor.py:175} INFO - Processing /home/airflow/.local/lib/python3.7/site-packages/airflow/example_dags/example_task_group.py took 0.068 seconds
[2024-11-23T03:08:16.277+0000] {processor.py:153} INFO - Started process (PID=396) to work on /home/airflow/.local/lib/python3.7/site-packages/airflow/example_dags/example_task_group.py
[2024-11-23T03:08:16.278+0000] {processor.py:743} INFO - Processing file /home/airflow/.local/lib/python3.7/site-packages/airflow/example_dags/example_task_group.py for tasks to queue
[2024-11-23T03:08:16.280+0000] {logging_mixin.py:137} INFO - [2024-11-23T03:08:16.280+0000] {dagbag.py:538} INFO - Filling up the DagBag from /home/airflow/.local/lib/python3.7/site-packages/airflow/example_dags/example_task_group.py
[2024-11-23T03:08:16.295+0000] {processor.py:753} INFO - DAG(s) dict_keys(['example_task_group']) retrieved from /home/airflow/.local/lib/python3.7/site-packages/airflow/example_dags/example_task_group.py
[2024-11-23T03:08:16.316+0000] {logging_mixin.py:137} INFO - [2024-11-23T03:08:16.316+0000] {dag.py:2690} INFO - Sync 1 DAGs
[2024-11-23T03:08:16.338+0000] {logging_mixin.py:137} INFO - [2024-11-23T03:08:16.338+0000] {dag.py:3441} INFO - Setting next_dagrun for example_task_group to 2024-11-22T03:08:16.338123+00:00, run_after=2024-11-23T03:08:16.338123+00:00
[2024-11-23T03:08:16.356+0000] {processor.py:175} INFO - Processing /home/airflow/.local/lib/python3.7/site-packages/airflow/example_dags/example_task_group.py took 0.082 seconds
[2024-11-23T03:08:46.461+0000] {processor.py:153} INFO - Started process (PID=469) to work on /home/airflow/.local/lib/python3.7/site-packages/airflow/example_dags/example_task_group.py
[2024-11-23T03:08:46.462+0000] {processor.py:743} INFO - Processing file /home/airflow/.local/lib/python3.7/site-packages/airflow/example_dags/example_task_group.py for tasks to queue
[2024-11-23T03:08:46.462+0000] {logging_mixin.py:137} INFO - [2024-11-23T03:08:46.462+0000] {dagbag.py:538} INFO - Filling up the DagBag from /home/airflow/.local/lib/python3.7/site-packages/airflow/example_dags/example_task_group.py
[2024-11-23T03:08:46.473+0000] {processor.py:753} INFO - DAG(s) dict_keys(['example_task_group']) retrieved from /home/airflow/.local/lib/python3.7/site-packages/airflow/example_dags/example_task_group.py
[2024-11-23T03:08:46.490+0000] {logging_mixin.py:137} INFO - [2024-11-23T03:08:46.490+0000] {dag.py:2690} INFO - Sync 1 DAGs
[2024-11-23T03:08:46.507+0000] {logging_mixin.py:137} INFO - [2024-11-23T03:08:46.507+0000] {dag.py:3441} INFO - Setting next_dagrun for example_task_group to 2024-11-22T03:08:46.507538+00:00, run_after=2024-11-23T03:08:46.507538+00:00
[2024-11-23T03:08:46.521+0000] {processor.py:175} INFO - Processing /home/airflow/.local/lib/python3.7/site-packages/airflow/example_dags/example_task_group.py took 0.062 seconds
[2024-11-23T03:09:17.629+0000] {processor.py:153} INFO - Started process (PID=559) to work on /home/airflow/.local/lib/python3.7/site-packages/airflow/example_dags/example_task_group.py
[2024-11-23T03:09:17.629+0000] {processor.py:743} INFO - Processing file /home/airflow/.local/lib/python3.7/site-packages/airflow/example_dags/example_task_group.py for tasks to queue
[2024-11-23T03:09:17.630+0000] {logging_mixin.py:137} INFO - [2024-11-23T03:09:17.630+0000] {dagbag.py:538} INFO - Filling up the DagBag from /home/airflow/.local/lib/python3.7/site-packages/airflow/example_dags/example_task_group.py
[2024-11-23T03:09:17.642+0000] {processor.py:753} INFO - DAG(s) dict_keys(['example_task_group']) retrieved from /home/airflow/.local/lib/python3.7/site-packages/airflow/example_dags/example_task_group.py
[2024-11-23T03:09:17.664+0000] {logging_mixin.py:137} INFO - [2024-11-23T03:09:17.664+0000] {dag.py:2690} INFO - Sync 1 DAGs
[2024-11-23T03:09:17.685+0000] {logging_mixin.py:137} INFO - [2024-11-23T03:09:17.685+0000] {dag.py:3441} INFO - Setting next_dagrun for example_task_group to 2024-11-22T03:09:17.685320+00:00, run_after=2024-11-23T03:09:17.685320+00:00
[2024-11-23T03:09:17.704+0000] {processor.py:175} INFO - Processing /home/airflow/.local/lib/python3.7/site-packages/airflow/example_dags/example_task_group.py took 0.077 seconds
[2024-11-23T03:09:47.806+0000] {processor.py:153} INFO - Started process (PID=633) to work on /home/airflow/.local/lib/python3.7/site-packages/airflow/example_dags/example_task_group.py
[2024-11-23T03:09:47.808+0000] {processor.py:743} INFO - Processing file /home/airflow/.local/lib/python3.7/site-packages/airflow/example_dags/example_task_group.py for tasks to queue
[2024-11-23T03:09:47.808+0000] {logging_mixin.py:137} INFO - [2024-11-23T03:09:47.808+0000] {dagbag.py:538} INFO - Filling up the DagBag from /home/airflow/.local/lib/python3.7/site-packages/airflow/example_dags/example_task_group.py
[2024-11-23T03:09:47.821+0000] {processor.py:753} INFO - DAG(s) dict_keys(['example_task_group']) retrieved from /home/airflow/.local/lib/python3.7/site-packages/airflow/example_dags/example_task_group.py
[2024-11-23T03:09:47.839+0000] {logging_mixin.py:137} INFO - [2024-11-23T03:09:47.839+0000] {dag.py:2690} INFO - Sync 1 DAGs
[2024-11-23T03:09:47.860+0000] {logging_mixin.py:137} INFO - [2024-11-23T03:09:47.859+0000] {dag.py:3441} INFO - Setting next_dagrun for example_task_group to 2024-11-22T03:09:47.859766+00:00, run_after=2024-11-23T03:09:47.859766+00:00
[2024-11-23T03:09:47.877+0000] {processor.py:175} INFO - Processing /home/airflow/.local/lib/python3.7/site-packages/airflow/example_dags/example_task_group.py took 0.073 seconds
[2024-11-23T03:10:18.098+0000] {processor.py:153} INFO - Started process (PID=722) to work on /home/airflow/.local/lib/python3.7/site-packages/airflow/example_dags/example_task_group.py
[2024-11-23T03:10:18.100+0000] {processor.py:743} INFO - Processing file /home/airflow/.local/lib/python3.7/site-packages/airflow/example_dags/example_task_group.py for tasks to queue
[2024-11-23T03:10:18.100+0000] {logging_mixin.py:137} INFO - [2024-11-23T03:10:18.100+0000] {dagbag.py:538} INFO - Filling up the DagBag from /home/airflow/.local/lib/python3.7/site-packages/airflow/example_dags/example_task_group.py
[2024-11-23T03:10:18.114+0000] {processor.py:753} INFO - DAG(s) dict_keys(['example_task_group']) retrieved from /home/airflow/.local/lib/python3.7/site-packages/airflow/example_dags/example_task_group.py
[2024-11-23T03:10:18.135+0000] {logging_mixin.py:137} INFO - [2024-11-23T03:10:18.135+0000] {dag.py:2690} INFO - Sync 1 DAGs
[2024-11-23T03:10:18.154+0000] {logging_mixin.py:137} INFO - [2024-11-23T03:10:18.154+0000] {dag.py:3441} INFO - Setting next_dagrun for example_task_group to 2024-11-22T03:10:18.154062+00:00, run_after=2024-11-23T03:10:18.154062+00:00
[2024-11-23T03:10:18.166+0000] {processor.py:175} INFO - Processing /home/airflow/.local/lib/python3.7/site-packages/airflow/example_dags/example_task_group.py took 0.072 seconds
[2024-11-23T03:10:49.489+0000] {processor.py:153} INFO - Started process (PID=812) to work on /home/airflow/.local/lib/python3.7/site-packages/airflow/example_dags/example_task_group.py
[2024-11-23T03:10:49.490+0000] {processor.py:743} INFO - Processing file /home/airflow/.local/lib/python3.7/site-packages/airflow/example_dags/example_task_group.py for tasks to queue
[2024-11-23T03:10:49.491+0000] {logging_mixin.py:137} INFO - [2024-11-23T03:10:49.491+0000] {dagbag.py:538} INFO - Filling up the DagBag from /home/airflow/.local/lib/python3.7/site-packages/airflow/example_dags/example_task_group.py
[2024-11-23T03:10:49.504+0000] {processor.py:753} INFO - DAG(s) dict_keys(['example_task_group']) retrieved from /home/airflow/.local/lib/python3.7/site-packages/airflow/example_dags/example_task_group.py
[2024-11-23T03:10:49.535+0000] {logging_mixin.py:137} INFO - [2024-11-23T03:10:49.535+0000] {dag.py:2690} INFO - Sync 1 DAGs
[2024-11-23T03:10:49.559+0000] {logging_mixin.py:137} INFO - [2024-11-23T03:10:49.559+0000] {dag.py:3441} INFO - Setting next_dagrun for example_task_group to 2024-11-22T03:10:49.559442+00:00, run_after=2024-11-23T03:10:49.559442+00:00
[2024-11-23T03:10:49.586+0000] {processor.py:175} INFO - Processing /home/airflow/.local/lib/python3.7/site-packages/airflow/example_dags/example_task_group.py took 0.100 seconds
[2024-11-23T03:11:19.900+0000] {processor.py:153} INFO - Started process (PID=886) to work on /home/airflow/.local/lib/python3.7/site-packages/airflow/example_dags/example_task_group.py
[2024-11-23T03:11:19.901+0000] {processor.py:743} INFO - Processing file /home/airflow/.local/lib/python3.7/site-packages/airflow/example_dags/example_task_group.py for tasks to queue
[2024-11-23T03:11:19.902+0000] {logging_mixin.py:137} INFO - [2024-11-23T03:11:19.902+0000] {dagbag.py:538} INFO - Filling up the DagBag from /home/airflow/.local/lib/python3.7/site-packages/airflow/example_dags/example_task_group.py
[2024-11-23T03:11:19.915+0000] {processor.py:753} INFO - DAG(s) dict_keys(['example_task_group']) retrieved from /home/airflow/.local/lib/python3.7/site-packages/airflow/example_dags/example_task_group.py
[2024-11-23T03:11:19.934+0000] {logging_mixin.py:137} INFO - [2024-11-23T03:11:19.934+0000] {dag.py:2690} INFO - Sync 1 DAGs
[2024-11-23T03:11:19.954+0000] {logging_mixin.py:137} INFO - [2024-11-23T03:11:19.954+0000] {dag.py:3441} INFO - Setting next_dagrun for example_task_group to 2024-11-22T03:11:19.954534+00:00, run_after=2024-11-23T03:11:19.954534+00:00
[2024-11-23T03:11:19.970+0000] {processor.py:175} INFO - Processing /home/airflow/.local/lib/python3.7/site-packages/airflow/example_dags/example_task_group.py took 0.072 seconds
[2024-11-23T03:11:50.223+0000] {processor.py:153} INFO - Started process (PID=976) to work on /home/airflow/.local/lib/python3.7/site-packages/airflow/example_dags/example_task_group.py
[2024-11-23T03:11:50.223+0000] {processor.py:743} INFO - Processing file /home/airflow/.local/lib/python3.7/site-packages/airflow/example_dags/example_task_group.py for tasks to queue
[2024-11-23T03:11:50.224+0000] {logging_mixin.py:137} INFO - [2024-11-23T03:11:50.224+0000] {dagbag.py:538} INFO - Filling up the DagBag from /home/airflow/.local/lib/python3.7/site-packages/airflow/example_dags/example_task_group.py
[2024-11-23T03:11:50.235+0000] {processor.py:753} INFO - DAG(s) dict_keys(['example_task_group']) retrieved from /home/airflow/.local/lib/python3.7/site-packages/airflow/example_dags/example_task_group.py
[2024-11-23T03:11:50.256+0000] {logging_mixin.py:137} INFO - [2024-11-23T03:11:50.255+0000] {dag.py:2690} INFO - Sync 1 DAGs
[2024-11-23T03:11:50.273+0000] {logging_mixin.py:137} INFO - [2024-11-23T03:11:50.273+0000] {dag.py:3441} INFO - Setting next_dagrun for example_task_group to 2024-11-22T03:11:50.273317+00:00, run_after=2024-11-23T03:11:50.273317+00:00
[2024-11-23T03:11:50.286+0000] {processor.py:175} INFO - Processing /home/airflow/.local/lib/python3.7/site-packages/airflow/example_dags/example_task_group.py took 0.065 seconds
[2024-11-23T03:12:20.409+0000] {processor.py:153} INFO - Started process (PID=1050) to work on /home/airflow/.local/lib/python3.7/site-packages/airflow/example_dags/example_task_group.py
[2024-11-23T03:12:20.409+0000] {processor.py:743} INFO - Processing file /home/airflow/.local/lib/python3.7/site-packages/airflow/example_dags/example_task_group.py for tasks to queue
[2024-11-23T03:12:20.410+0000] {logging_mixin.py:137} INFO - [2024-11-23T03:12:20.410+0000] {dagbag.py:538} INFO - Filling up the DagBag from /home/airflow/.local/lib/python3.7/site-packages/airflow/example_dags/example_task_group.py
[2024-11-23T03:12:20.421+0000] {processor.py:753} INFO - DAG(s) dict_keys(['example_task_group']) retrieved from /home/airflow/.local/lib/python3.7/site-packages/airflow/example_dags/example_task_group.py
[2024-11-23T03:12:20.437+0000] {logging_mixin.py:137} INFO - [2024-11-23T03:12:20.437+0000] {dag.py:2690} INFO - Sync 1 DAGs
[2024-11-23T03:12:20.454+0000] {logging_mixin.py:137} INFO - [2024-11-23T03:12:20.454+0000] {dag.py:3441} INFO - Setting next_dagrun for example_task_group to 2024-11-22T03:12:20.454335+00:00, run_after=2024-11-23T03:12:20.454335+00:00
[2024-11-23T03:12:20.465+0000] {processor.py:175} INFO - Processing /home/airflow/.local/lib/python3.7/site-packages/airflow/example_dags/example_task_group.py took 0.059 seconds
[2024-11-23T03:12:50.563+0000] {processor.py:153} INFO - Started process (PID=1140) to work on /home/airflow/.local/lib/python3.7/site-packages/airflow/example_dags/example_task_group.py
[2024-11-23T03:12:50.567+0000] {processor.py:743} INFO - Processing file /home/airflow/.local/lib/python3.7/site-packages/airflow/example_dags/example_task_group.py for tasks to queue
[2024-11-23T03:12:50.570+0000] {logging_mixin.py:137} INFO - [2024-11-23T03:12:50.570+0000] {dagbag.py:538} INFO - Filling up the DagBag from /home/airflow/.local/lib/python3.7/site-packages/airflow/example_dags/example_task_group.py
[2024-11-23T03:12:50.596+0000] {processor.py:753} INFO - DAG(s) dict_keys(['example_task_group']) retrieved from /home/airflow/.local/lib/python3.7/site-packages/airflow/example_dags/example_task_group.py
[2024-11-23T03:12:50.637+0000] {logging_mixin.py:137} INFO - [2024-11-23T03:12:50.637+0000] {dag.py:2690} INFO - Sync 1 DAGs
[2024-11-23T03:12:50.657+0000] {logging_mixin.py:137} INFO - [2024-11-23T03:12:50.657+0000] {dag.py:3441} INFO - Setting next_dagrun for example_task_group to 2024-11-22T03:12:50.657583+00:00, run_after=2024-11-23T03:12:50.657583+00:00
[2024-11-23T03:12:50.672+0000] {processor.py:175} INFO - Processing /home/airflow/.local/lib/python3.7/site-packages/airflow/example_dags/example_task_group.py took 0.112 seconds
[2024-11-23T03:13:21.134+0000] {processor.py:153} INFO - Started process (PID=1214) to work on /home/airflow/.local/lib/python3.7/site-packages/airflow/example_dags/example_task_group.py
[2024-11-23T03:13:21.135+0000] {processor.py:743} INFO - Processing file /home/airflow/.local/lib/python3.7/site-packages/airflow/example_dags/example_task_group.py for tasks to queue
[2024-11-23T03:13:21.137+0000] {logging_mixin.py:137} INFO - [2024-11-23T03:13:21.137+0000] {dagbag.py:538} INFO - Filling up the DagBag from /home/airflow/.local/lib/python3.7/site-packages/airflow/example_dags/example_task_group.py
[2024-11-23T03:13:21.150+0000] {processor.py:753} INFO - DAG(s) dict_keys(['example_task_group']) retrieved from /home/airflow/.local/lib/python3.7/site-packages/airflow/example_dags/example_task_group.py
[2024-11-23T03:13:21.168+0000] {logging_mixin.py:137} INFO - [2024-11-23T03:13:21.168+0000] {dag.py:2690} INFO - Sync 1 DAGs
[2024-11-23T03:13:21.186+0000] {logging_mixin.py:137} INFO - [2024-11-23T03:13:21.186+0000] {dag.py:3441} INFO - Setting next_dagrun for example_task_group to 2024-11-22T03:13:21.185875+00:00, run_after=2024-11-23T03:13:21.185875+00:00
[2024-11-23T03:13:21.198+0000] {processor.py:175} INFO - Processing /home/airflow/.local/lib/python3.7/site-packages/airflow/example_dags/example_task_group.py took 0.067 seconds
[2024-11-23T03:13:51.358+0000] {processor.py:153} INFO - Started process (PID=1304) to work on /home/airflow/.local/lib/python3.7/site-packages/airflow/example_dags/example_task_group.py
[2024-11-23T03:13:51.360+0000] {processor.py:743} INFO - Processing file /home/airflow/.local/lib/python3.7/site-packages/airflow/example_dags/example_task_group.py for tasks to queue
[2024-11-23T03:13:51.360+0000] {logging_mixin.py:137} INFO - [2024-11-23T03:13:51.360+0000] {dagbag.py:538} INFO - Filling up the DagBag from /home/airflow/.local/lib/python3.7/site-packages/airflow/example_dags/example_task_group.py
[2024-11-23T03:13:51.372+0000] {processor.py:753} INFO - DAG(s) dict_keys(['example_task_group']) retrieved from /home/airflow/.local/lib/python3.7/site-packages/airflow/example_dags/example_task_group.py
[2024-11-23T03:13:51.391+0000] {logging_mixin.py:137} INFO - [2024-11-23T03:13:51.391+0000] {dag.py:2690} INFO - Sync 1 DAGs
[2024-11-23T03:13:51.410+0000] {logging_mixin.py:137} INFO - [2024-11-23T03:13:51.410+0000] {dag.py:3441} INFO - Setting next_dagrun for example_task_group to 2024-11-22T03:13:51.410186+00:00, run_after=2024-11-23T03:13:51.410186+00:00
[2024-11-23T03:13:51.429+0000] {processor.py:175} INFO - Processing /home/airflow/.local/lib/python3.7/site-packages/airflow/example_dags/example_task_group.py took 0.074 seconds
[2024-11-23T03:14:21.479+0000] {processor.py:153} INFO - Started process (PID=1378) to work on /home/airflow/.local/lib/python3.7/site-packages/airflow/example_dags/example_task_group.py
[2024-11-23T03:14:21.480+0000] {processor.py:743} INFO - Processing file /home/airflow/.local/lib/python3.7/site-packages/airflow/example_dags/example_task_group.py for tasks to queue
[2024-11-23T03:14:21.480+0000] {logging_mixin.py:137} INFO - [2024-11-23T03:14:21.480+0000] {dagbag.py:538} INFO - Filling up the DagBag from /home/airflow/.local/lib/python3.7/site-packages/airflow/example_dags/example_task_group.py
[2024-11-23T03:14:21.492+0000] {processor.py:753} INFO - DAG(s) dict_keys(['example_task_group']) retrieved from /home/airflow/.local/lib/python3.7/site-packages/airflow/example_dags/example_task_group.py
[2024-11-23T03:14:21.510+0000] {logging_mixin.py:137} INFO - [2024-11-23T03:14:21.510+0000] {dag.py:2690} INFO - Sync 1 DAGs
[2024-11-23T03:14:21.528+0000] {logging_mixin.py:137} INFO - [2024-11-23T03:14:21.528+0000] {dag.py:3441} INFO - Setting next_dagrun for example_task_group to 2024-11-22T03:14:21.527850+00:00, run_after=2024-11-23T03:14:21.527850+00:00
[2024-11-23T03:14:21.541+0000] {processor.py:175} INFO - Processing /home/airflow/.local/lib/python3.7/site-packages/airflow/example_dags/example_task_group.py took 0.064 seconds
[2024-11-23T03:14:51.906+0000] {processor.py:153} INFO - Started process (PID=1468) to work on /home/airflow/.local/lib/python3.7/site-packages/airflow/example_dags/example_task_group.py
[2024-11-23T03:14:51.907+0000] {processor.py:743} INFO - Processing file /home/airflow/.local/lib/python3.7/site-packages/airflow/example_dags/example_task_group.py for tasks to queue
[2024-11-23T03:14:51.907+0000] {logging_mixin.py:137} INFO - [2024-11-23T03:14:51.907+0000] {dagbag.py:538} INFO - Filling up the DagBag from /home/airflow/.local/lib/python3.7/site-packages/airflow/example_dags/example_task_group.py
[2024-11-23T03:14:51.918+0000] {processor.py:753} INFO - DAG(s) dict_keys(['example_task_group']) retrieved from /home/airflow/.local/lib/python3.7/site-packages/airflow/example_dags/example_task_group.py
[2024-11-23T03:14:51.936+0000] {logging_mixin.py:137} INFO - [2024-11-23T03:14:51.936+0000] {dag.py:2690} INFO - Sync 1 DAGs
[2024-11-23T03:14:51.953+0000] {logging_mixin.py:137} INFO - [2024-11-23T03:14:51.953+0000] {dag.py:3441} INFO - Setting next_dagrun for example_task_group to 2024-11-22T03:14:51.952931+00:00, run_after=2024-11-23T03:14:51.952931+00:00
[2024-11-23T03:14:51.964+0000] {processor.py:175} INFO - Processing /home/airflow/.local/lib/python3.7/site-packages/airflow/example_dags/example_task_group.py took 0.060 seconds
[2024-11-23T03:15:22.643+0000] {processor.py:153} INFO - Started process (PID=1558) to work on /home/airflow/.local/lib/python3.7/site-packages/airflow/example_dags/example_task_group.py
[2024-11-23T03:15:22.644+0000] {processor.py:743} INFO - Processing file /home/airflow/.local/lib/python3.7/site-packages/airflow/example_dags/example_task_group.py for tasks to queue
[2024-11-23T03:15:22.645+0000] {logging_mixin.py:137} INFO - [2024-11-23T03:15:22.644+0000] {dagbag.py:538} INFO - Filling up the DagBag from /home/airflow/.local/lib/python3.7/site-packages/airflow/example_dags/example_task_group.py
[2024-11-23T03:15:22.658+0000] {processor.py:753} INFO - DAG(s) dict_keys(['example_task_group']) retrieved from /home/airflow/.local/lib/python3.7/site-packages/airflow/example_dags/example_task_group.py
[2024-11-23T03:15:22.679+0000] {logging_mixin.py:137} INFO - [2024-11-23T03:15:22.679+0000] {dag.py:2690} INFO - Sync 1 DAGs
[2024-11-23T03:15:22.700+0000] {logging_mixin.py:137} INFO - [2024-11-23T03:15:22.700+0000] {dag.py:3441} INFO - Setting next_dagrun for example_task_group to 2024-11-22T03:15:22.700511+00:00, run_after=2024-11-23T03:15:22.700511+00:00
[2024-11-23T03:15:22.715+0000] {processor.py:175} INFO - Processing /home/airflow/.local/lib/python3.7/site-packages/airflow/example_dags/example_task_group.py took 0.075 seconds
[2024-11-23T03:15:52.998+0000] {processor.py:153} INFO - Started process (PID=1632) to work on /home/airflow/.local/lib/python3.7/site-packages/airflow/example_dags/example_task_group.py
[2024-11-23T03:15:52.999+0000] {processor.py:743} INFO - Processing file /home/airflow/.local/lib/python3.7/site-packages/airflow/example_dags/example_task_group.py for tasks to queue
[2024-11-23T03:15:53.000+0000] {logging_mixin.py:137} INFO - [2024-11-23T03:15:53.000+0000] {dagbag.py:538} INFO - Filling up the DagBag from /home/airflow/.local/lib/python3.7/site-packages/airflow/example_dags/example_task_group.py
[2024-11-23T03:15:53.010+0000] {processor.py:753} INFO - DAG(s) dict_keys(['example_task_group']) retrieved from /home/airflow/.local/lib/python3.7/site-packages/airflow/example_dags/example_task_group.py
[2024-11-23T03:15:53.030+0000] {logging_mixin.py:137} INFO - [2024-11-23T03:15:53.030+0000] {dag.py:2690} INFO - Sync 1 DAGs
[2024-11-23T03:15:53.057+0000] {logging_mixin.py:137} INFO - [2024-11-23T03:15:53.057+0000] {dag.py:3441} INFO - Setting next_dagrun for example_task_group to 2024-11-22T03:15:53.057579+00:00, run_after=2024-11-23T03:15:53.057579+00:00
[2024-11-23T03:15:53.081+0000] {processor.py:175} INFO - Processing /home/airflow/.local/lib/python3.7/site-packages/airflow/example_dags/example_task_group.py took 0.086 seconds
[2024-11-23T03:16:23.246+0000] {processor.py:153} INFO - Started process (PID=1722) to work on /home/airflow/.local/lib/python3.7/site-packages/airflow/example_dags/example_task_group.py
[2024-11-23T03:16:23.246+0000] {processor.py:743} INFO - Processing file /home/airflow/.local/lib/python3.7/site-packages/airflow/example_dags/example_task_group.py for tasks to queue
[2024-11-23T03:16:23.247+0000] {logging_mixin.py:137} INFO - [2024-11-23T03:16:23.246+0000] {dagbag.py:538} INFO - Filling up the DagBag from /home/airflow/.local/lib/python3.7/site-packages/airflow/example_dags/example_task_group.py
[2024-11-23T03:16:23.257+0000] {processor.py:753} INFO - DAG(s) dict_keys(['example_task_group']) retrieved from /home/airflow/.local/lib/python3.7/site-packages/airflow/example_dags/example_task_group.py
[2024-11-23T03:16:23.274+0000] {logging_mixin.py:137} INFO - [2024-11-23T03:16:23.274+0000] {dag.py:2690} INFO - Sync 1 DAGs
[2024-11-23T03:16:23.292+0000] {logging_mixin.py:137} INFO - [2024-11-23T03:16:23.292+0000] {dag.py:3441} INFO - Setting next_dagrun for example_task_group to 2024-11-22T03:16:23.291855+00:00, run_after=2024-11-23T03:16:23.291855+00:00
[2024-11-23T03:16:23.303+0000] {processor.py:175} INFO - Processing /home/airflow/.local/lib/python3.7/site-packages/airflow/example_dags/example_task_group.py took 0.060 seconds
[2024-11-23T03:16:53.414+0000] {processor.py:153} INFO - Started process (PID=1796) to work on /home/airflow/.local/lib/python3.7/site-packages/airflow/example_dags/example_task_group.py
[2024-11-23T03:16:53.417+0000] {processor.py:743} INFO - Processing file /home/airflow/.local/lib/python3.7/site-packages/airflow/example_dags/example_task_group.py for tasks to queue
[2024-11-23T03:16:53.418+0000] {logging_mixin.py:137} INFO - [2024-11-23T03:16:53.418+0000] {dagbag.py:538} INFO - Filling up the DagBag from /home/airflow/.local/lib/python3.7/site-packages/airflow/example_dags/example_task_group.py
[2024-11-23T03:16:53.431+0000] {processor.py:753} INFO - DAG(s) dict_keys(['example_task_group']) retrieved from /home/airflow/.local/lib/python3.7/site-packages/airflow/example_dags/example_task_group.py
[2024-11-23T03:16:53.452+0000] {logging_mixin.py:137} INFO - [2024-11-23T03:16:53.452+0000] {dag.py:2690} INFO - Sync 1 DAGs
[2024-11-23T03:16:53.474+0000] {logging_mixin.py:137} INFO - [2024-11-23T03:16:53.474+0000] {dag.py:3441} INFO - Setting next_dagrun for example_task_group to 2024-11-22T03:16:53.474255+00:00, run_after=2024-11-23T03:16:53.474255+00:00
[2024-11-23T03:16:53.491+0000] {processor.py:175} INFO - Processing /home/airflow/.local/lib/python3.7/site-packages/airflow/example_dags/example_task_group.py took 0.079 seconds
[2024-11-23T03:17:23.565+0000] {processor.py:153} INFO - Started process (PID=1886) to work on /home/airflow/.local/lib/python3.7/site-packages/airflow/example_dags/example_task_group.py
[2024-11-23T03:17:23.565+0000] {processor.py:743} INFO - Processing file /home/airflow/.local/lib/python3.7/site-packages/airflow/example_dags/example_task_group.py for tasks to queue
[2024-11-23T03:17:23.566+0000] {logging_mixin.py:137} INFO - [2024-11-23T03:17:23.566+0000] {dagbag.py:538} INFO - Filling up the DagBag from /home/airflow/.local/lib/python3.7/site-packages/airflow/example_dags/example_task_group.py
[2024-11-23T03:17:23.576+0000] {processor.py:753} INFO - DAG(s) dict_keys(['example_task_group']) retrieved from /home/airflow/.local/lib/python3.7/site-packages/airflow/example_dags/example_task_group.py
[2024-11-23T03:17:23.596+0000] {logging_mixin.py:137} INFO - [2024-11-23T03:17:23.595+0000] {dag.py:2690} INFO - Sync 1 DAGs
[2024-11-23T03:17:23.616+0000] {logging_mixin.py:137} INFO - [2024-11-23T03:17:23.616+0000] {dag.py:3441} INFO - Setting next_dagrun for example_task_group to 2024-11-22T03:17:23.616067+00:00, run_after=2024-11-23T03:17:23.616067+00:00
[2024-11-23T03:17:23.639+0000] {processor.py:175} INFO - Processing /home/airflow/.local/lib/python3.7/site-packages/airflow/example_dags/example_task_group.py took 0.078 seconds
[2024-11-23T03:17:53.753+0000] {processor.py:153} INFO - Started process (PID=1959) to work on /home/airflow/.local/lib/python3.7/site-packages/airflow/example_dags/example_task_group.py
[2024-11-23T03:17:53.754+0000] {processor.py:743} INFO - Processing file /home/airflow/.local/lib/python3.7/site-packages/airflow/example_dags/example_task_group.py for tasks to queue
[2024-11-23T03:17:53.754+0000] {logging_mixin.py:137} INFO - [2024-11-23T03:17:53.754+0000] {dagbag.py:538} INFO - Filling up the DagBag from /home/airflow/.local/lib/python3.7/site-packages/airflow/example_dags/example_task_group.py
[2024-11-23T03:17:53.765+0000] {processor.py:753} INFO - DAG(s) dict_keys(['example_task_group']) retrieved from /home/airflow/.local/lib/python3.7/site-packages/airflow/example_dags/example_task_group.py
[2024-11-23T03:17:53.782+0000] {logging_mixin.py:137} INFO - [2024-11-23T03:17:53.781+0000] {dag.py:2690} INFO - Sync 1 DAGs
[2024-11-23T03:17:53.799+0000] {logging_mixin.py:137} INFO - [2024-11-23T03:17:53.799+0000] {dag.py:3441} INFO - Setting next_dagrun for example_task_group to 2024-11-22T03:17:53.798988+00:00, run_after=2024-11-23T03:17:53.798988+00:00
[2024-11-23T03:17:53.810+0000] {processor.py:175} INFO - Processing /home/airflow/.local/lib/python3.7/site-packages/airflow/example_dags/example_task_group.py took 0.059 seconds
[2024-11-23T03:18:24.074+0000] {processor.py:153} INFO - Started process (PID=2048) to work on /home/airflow/.local/lib/python3.7/site-packages/airflow/example_dags/example_task_group.py
[2024-11-23T03:18:24.075+0000] {processor.py:743} INFO - Processing file /home/airflow/.local/lib/python3.7/site-packages/airflow/example_dags/example_task_group.py for tasks to queue
[2024-11-23T03:18:24.075+0000] {logging_mixin.py:137} INFO - [2024-11-23T03:18:24.075+0000] {dagbag.py:538} INFO - Filling up the DagBag from /home/airflow/.local/lib/python3.7/site-packages/airflow/example_dags/example_task_group.py
[2024-11-23T03:18:24.086+0000] {processor.py:753} INFO - DAG(s) dict_keys(['example_task_group']) retrieved from /home/airflow/.local/lib/python3.7/site-packages/airflow/example_dags/example_task_group.py
[2024-11-23T03:18:24.104+0000] {logging_mixin.py:137} INFO - [2024-11-23T03:18:24.103+0000] {dag.py:2690} INFO - Sync 1 DAGs
[2024-11-23T03:18:24.121+0000] {logging_mixin.py:137} INFO - [2024-11-23T03:18:24.121+0000] {dag.py:3441} INFO - Setting next_dagrun for example_task_group to 2024-11-22T03:18:24.120946+00:00, run_after=2024-11-23T03:18:24.120946+00:00
[2024-11-23T03:18:24.140+0000] {processor.py:175} INFO - Processing /home/airflow/.local/lib/python3.7/site-packages/airflow/example_dags/example_task_group.py took 0.068 seconds
[2024-11-23T03:18:54.296+0000] {processor.py:153} INFO - Started process (PID=2122) to work on /home/airflow/.local/lib/python3.7/site-packages/airflow/example_dags/example_task_group.py
[2024-11-23T03:18:54.297+0000] {processor.py:743} INFO - Processing file /home/airflow/.local/lib/python3.7/site-packages/airflow/example_dags/example_task_group.py for tasks to queue
[2024-11-23T03:18:54.297+0000] {logging_mixin.py:137} INFO - [2024-11-23T03:18:54.297+0000] {dagbag.py:538} INFO - Filling up the DagBag from /home/airflow/.local/lib/python3.7/site-packages/airflow/example_dags/example_task_group.py
[2024-11-23T03:18:54.309+0000] {processor.py:753} INFO - DAG(s) dict_keys(['example_task_group']) retrieved from /home/airflow/.local/lib/python3.7/site-packages/airflow/example_dags/example_task_group.py
[2024-11-23T03:18:54.326+0000] {logging_mixin.py:137} INFO - [2024-11-23T03:18:54.326+0000] {dag.py:2690} INFO - Sync 1 DAGs
[2024-11-23T03:18:54.343+0000] {logging_mixin.py:137} INFO - [2024-11-23T03:18:54.343+0000] {dag.py:3441} INFO - Setting next_dagrun for example_task_group to 2024-11-22T03:18:54.342960+00:00, run_after=2024-11-23T03:18:54.342960+00:00
[2024-11-23T03:18:54.354+0000] {processor.py:175} INFO - Processing /home/airflow/.local/lib/python3.7/site-packages/airflow/example_dags/example_task_group.py took 0.061 seconds
[2024-11-23T03:19:24.607+0000] {processor.py:153} INFO - Started process (PID=2211) to work on /home/airflow/.local/lib/python3.7/site-packages/airflow/example_dags/example_task_group.py
[2024-11-23T03:19:24.609+0000] {processor.py:743} INFO - Processing file /home/airflow/.local/lib/python3.7/site-packages/airflow/example_dags/example_task_group.py for tasks to queue
[2024-11-23T03:19:24.609+0000] {logging_mixin.py:137} INFO - [2024-11-23T03:19:24.609+0000] {dagbag.py:538} INFO - Filling up the DagBag from /home/airflow/.local/lib/python3.7/site-packages/airflow/example_dags/example_task_group.py
[2024-11-23T03:19:24.620+0000] {processor.py:753} INFO - DAG(s) dict_keys(['example_task_group']) retrieved from /home/airflow/.local/lib/python3.7/site-packages/airflow/example_dags/example_task_group.py
[2024-11-23T03:19:24.639+0000] {logging_mixin.py:137} INFO - [2024-11-23T03:19:24.639+0000] {dag.py:2690} INFO - Sync 1 DAGs
[2024-11-23T03:19:24.659+0000] {logging_mixin.py:137} INFO - [2024-11-23T03:19:24.659+0000] {dag.py:3441} INFO - Setting next_dagrun for example_task_group to 2024-11-22T03:19:24.659023+00:00, run_after=2024-11-23T03:19:24.659023+00:00
[2024-11-23T03:19:24.672+0000] {processor.py:175} INFO - Processing /home/airflow/.local/lib/python3.7/site-packages/airflow/example_dags/example_task_group.py took 0.067 seconds
[2024-11-23T03:19:55.532+0000] {processor.py:153} INFO - Started process (PID=2294) to work on /home/airflow/.local/lib/python3.7/site-packages/airflow/example_dags/example_task_group.py
[2024-11-23T03:19:55.537+0000] {processor.py:743} INFO - Processing file /home/airflow/.local/lib/python3.7/site-packages/airflow/example_dags/example_task_group.py for tasks to queue
[2024-11-23T03:19:55.541+0000] {logging_mixin.py:137} INFO - [2024-11-23T03:19:55.540+0000] {dagbag.py:538} INFO - Filling up the DagBag from /home/airflow/.local/lib/python3.7/site-packages/airflow/example_dags/example_task_group.py
[2024-11-23T03:19:55.555+0000] {processor.py:753} INFO - DAG(s) dict_keys(['example_task_group']) retrieved from /home/airflow/.local/lib/python3.7/site-packages/airflow/example_dags/example_task_group.py
[2024-11-23T03:19:55.580+0000] {logging_mixin.py:137} INFO - [2024-11-23T03:19:55.580+0000] {dag.py:2690} INFO - Sync 1 DAGs
[2024-11-23T03:19:55.610+0000] {logging_mixin.py:137} INFO - [2024-11-23T03:19:55.609+0000] {dag.py:3441} INFO - Setting next_dagrun for example_task_group to 2024-11-22T03:19:55.609729+00:00, run_after=2024-11-23T03:19:55.609729+00:00
[2024-11-23T03:19:55.627+0000] {processor.py:175} INFO - Processing /home/airflow/.local/lib/python3.7/site-packages/airflow/example_dags/example_task_group.py took 0.101 seconds
