[2024-11-23T02:53:04.659+0000] {processor.py:153} INFO - Started process (PID=89) to work on /home/airflow/.local/lib/python3.7/site-packages/airflow/example_dags/example_short_circuit_decorator.py
[2024-11-23T02:53:04.670+0000] {processor.py:743} INFO - Processing file /home/airflow/.local/lib/python3.7/site-packages/airflow/example_dags/example_short_circuit_decorator.py for tasks to queue
[2024-11-23T02:53:04.676+0000] {logging_mixin.py:137} INFO - [2024-11-23T02:53:04.676+0000] {dagbag.py:538} INFO - Filling up the DagBag from /home/airflow/.local/lib/python3.7/site-packages/airflow/example_dags/example_short_circuit_decorator.py
[2024-11-23T02:53:04.761+0000] {processor.py:753} INFO - DAG(s) dict_keys(['example_short_circuit_decorator']) retrieved from /home/airflow/.local/lib/python3.7/site-packages/airflow/example_dags/example_short_circuit_decorator.py
[2024-11-23T02:53:04.793+0000] {logging_mixin.py:137} INFO - [2024-11-23T02:53:04.793+0000] {dag.py:2690} INFO - Sync 1 DAGs
[2024-11-23T02:53:04.847+0000] {logging_mixin.py:137} INFO - [2024-11-23T02:53:04.846+0000] {dag.py:3441} INFO - Setting next_dagrun for example_short_circuit_decorator to 2024-11-22T02:53:04.845817+00:00, run_after=2024-11-23T02:53:04.845817+00:00
[2024-11-23T02:53:04.908+0000] {processor.py:175} INFO - Processing /home/airflow/.local/lib/python3.7/site-packages/airflow/example_dags/example_short_circuit_decorator.py took 0.256 seconds
[2024-11-23T02:53:35.546+0000] {processor.py:153} INFO - Started process (PID=163) to work on /home/airflow/.local/lib/python3.7/site-packages/airflow/example_dags/example_short_circuit_decorator.py
[2024-11-23T02:53:35.550+0000] {processor.py:743} INFO - Processing file /home/airflow/.local/lib/python3.7/site-packages/airflow/example_dags/example_short_circuit_decorator.py for tasks to queue
[2024-11-23T02:53:35.552+0000] {logging_mixin.py:137} INFO - [2024-11-23T02:53:35.551+0000] {dagbag.py:538} INFO - Filling up the DagBag from /home/airflow/.local/lib/python3.7/site-packages/airflow/example_dags/example_short_circuit_decorator.py
[2024-11-23T02:53:35.569+0000] {processor.py:753} INFO - DAG(s) dict_keys(['example_short_circuit_decorator']) retrieved from /home/airflow/.local/lib/python3.7/site-packages/airflow/example_dags/example_short_circuit_decorator.py
[2024-11-23T02:53:35.590+0000] {logging_mixin.py:137} INFO - [2024-11-23T02:53:35.589+0000] {dag.py:2690} INFO - Sync 1 DAGs
[2024-11-23T02:53:35.610+0000] {logging_mixin.py:137} INFO - [2024-11-23T02:53:35.610+0000] {dag.py:3441} INFO - Setting next_dagrun for example_short_circuit_decorator to 2024-11-22T02:53:35.610322+00:00, run_after=2024-11-23T02:53:35.610322+00:00
[2024-11-23T02:53:35.625+0000] {processor.py:175} INFO - Processing /home/airflow/.local/lib/python3.7/site-packages/airflow/example_dags/example_short_circuit_decorator.py took 0.081 seconds
[2024-11-23T02:54:06.602+0000] {processor.py:153} INFO - Started process (PID=253) to work on /home/airflow/.local/lib/python3.7/site-packages/airflow/example_dags/example_short_circuit_decorator.py
[2024-11-23T02:54:06.603+0000] {processor.py:743} INFO - Processing file /home/airflow/.local/lib/python3.7/site-packages/airflow/example_dags/example_short_circuit_decorator.py for tasks to queue
[2024-11-23T02:54:06.604+0000] {logging_mixin.py:137} INFO - [2024-11-23T02:54:06.604+0000] {dagbag.py:538} INFO - Filling up the DagBag from /home/airflow/.local/lib/python3.7/site-packages/airflow/example_dags/example_short_circuit_decorator.py
[2024-11-23T02:54:06.628+0000] {processor.py:753} INFO - DAG(s) dict_keys(['example_short_circuit_decorator']) retrieved from /home/airflow/.local/lib/python3.7/site-packages/airflow/example_dags/example_short_circuit_decorator.py
[2024-11-23T02:54:06.658+0000] {logging_mixin.py:137} INFO - [2024-11-23T02:54:06.657+0000] {dag.py:2690} INFO - Sync 1 DAGs
[2024-11-23T02:54:06.687+0000] {logging_mixin.py:137} INFO - [2024-11-23T02:54:06.687+0000] {dag.py:3441} INFO - Setting next_dagrun for example_short_circuit_decorator to 2024-11-22T02:54:06.687545+00:00, run_after=2024-11-23T02:54:06.687545+00:00
[2024-11-23T02:54:06.713+0000] {processor.py:175} INFO - Processing /home/airflow/.local/lib/python3.7/site-packages/airflow/example_dags/example_short_circuit_decorator.py took 0.115 seconds
[2024-11-23T02:54:37.317+0000] {processor.py:153} INFO - Started process (PID=327) to work on /home/airflow/.local/lib/python3.7/site-packages/airflow/example_dags/example_short_circuit_decorator.py
[2024-11-23T02:54:37.318+0000] {processor.py:743} INFO - Processing file /home/airflow/.local/lib/python3.7/site-packages/airflow/example_dags/example_short_circuit_decorator.py for tasks to queue
[2024-11-23T02:54:37.319+0000] {logging_mixin.py:137} INFO - [2024-11-23T02:54:37.319+0000] {dagbag.py:538} INFO - Filling up the DagBag from /home/airflow/.local/lib/python3.7/site-packages/airflow/example_dags/example_short_circuit_decorator.py
[2024-11-23T02:54:37.337+0000] {processor.py:753} INFO - DAG(s) dict_keys(['example_short_circuit_decorator']) retrieved from /home/airflow/.local/lib/python3.7/site-packages/airflow/example_dags/example_short_circuit_decorator.py
[2024-11-23T02:54:37.363+0000] {logging_mixin.py:137} INFO - [2024-11-23T02:54:37.363+0000] {dag.py:2690} INFO - Sync 1 DAGs
[2024-11-23T02:54:37.384+0000] {logging_mixin.py:137} INFO - [2024-11-23T02:54:37.384+0000] {dag.py:3441} INFO - Setting next_dagrun for example_short_circuit_decorator to 2024-11-22T02:54:37.383755+00:00, run_after=2024-11-23T02:54:37.383755+00:00
[2024-11-23T02:54:37.405+0000] {processor.py:175} INFO - Processing /home/airflow/.local/lib/python3.7/site-packages/airflow/example_dags/example_short_circuit_decorator.py took 0.091 seconds
[2024-11-23T02:55:32.209+0000] {processor.py:153} INFO - Started process (PID=89) to work on /home/airflow/.local/lib/python3.7/site-packages/airflow/example_dags/example_short_circuit_decorator.py
[2024-11-23T02:55:32.214+0000] {processor.py:743} INFO - Processing file /home/airflow/.local/lib/python3.7/site-packages/airflow/example_dags/example_short_circuit_decorator.py for tasks to queue
[2024-11-23T02:55:32.216+0000] {logging_mixin.py:137} INFO - [2024-11-23T02:55:32.216+0000] {dagbag.py:538} INFO - Filling up the DagBag from /home/airflow/.local/lib/python3.7/site-packages/airflow/example_dags/example_short_circuit_decorator.py
[2024-11-23T02:55:32.289+0000] {processor.py:753} INFO - DAG(s) dict_keys(['example_short_circuit_decorator']) retrieved from /home/airflow/.local/lib/python3.7/site-packages/airflow/example_dags/example_short_circuit_decorator.py
[2024-11-23T02:55:32.336+0000] {logging_mixin.py:137} INFO - [2024-11-23T02:55:32.336+0000] {dag.py:2690} INFO - Sync 1 DAGs
[2024-11-23T02:55:32.410+0000] {logging_mixin.py:137} INFO - [2024-11-23T02:55:32.409+0000] {dag.py:3441} INFO - Setting next_dagrun for example_short_circuit_decorator to 2024-11-22T02:55:32.409545+00:00, run_after=2024-11-23T02:55:32.409545+00:00
[2024-11-23T02:55:32.452+0000] {processor.py:175} INFO - Processing /home/airflow/.local/lib/python3.7/site-packages/airflow/example_dags/example_short_circuit_decorator.py took 0.249 seconds
[2024-11-23T02:56:03.995+0000] {processor.py:153} INFO - Started process (PID=163) to work on /home/airflow/.local/lib/python3.7/site-packages/airflow/example_dags/example_short_circuit_decorator.py
[2024-11-23T02:56:03.998+0000] {processor.py:743} INFO - Processing file /home/airflow/.local/lib/python3.7/site-packages/airflow/example_dags/example_short_circuit_decorator.py for tasks to queue
[2024-11-23T02:56:03.999+0000] {logging_mixin.py:137} INFO - [2024-11-23T02:56:03.999+0000] {dagbag.py:538} INFO - Filling up the DagBag from /home/airflow/.local/lib/python3.7/site-packages/airflow/example_dags/example_short_circuit_decorator.py
[2024-11-23T02:56:04.018+0000] {processor.py:753} INFO - DAG(s) dict_keys(['example_short_circuit_decorator']) retrieved from /home/airflow/.local/lib/python3.7/site-packages/airflow/example_dags/example_short_circuit_decorator.py
[2024-11-23T02:56:04.041+0000] {logging_mixin.py:137} INFO - [2024-11-23T02:56:04.041+0000] {dag.py:2690} INFO - Sync 1 DAGs
[2024-11-23T02:56:04.064+0000] {logging_mixin.py:137} INFO - [2024-11-23T02:56:04.064+0000] {dag.py:3441} INFO - Setting next_dagrun for example_short_circuit_decorator to 2024-11-22T02:56:04.064365+00:00, run_after=2024-11-23T02:56:04.064365+00:00
[2024-11-23T02:56:04.083+0000] {processor.py:175} INFO - Processing /home/airflow/.local/lib/python3.7/site-packages/airflow/example_dags/example_short_circuit_decorator.py took 0.091 seconds
[2024-11-23T02:56:34.454+0000] {processor.py:153} INFO - Started process (PID=253) to work on /home/airflow/.local/lib/python3.7/site-packages/airflow/example_dags/example_short_circuit_decorator.py
[2024-11-23T02:56:34.455+0000] {processor.py:743} INFO - Processing file /home/airflow/.local/lib/python3.7/site-packages/airflow/example_dags/example_short_circuit_decorator.py for tasks to queue
[2024-11-23T02:56:34.457+0000] {logging_mixin.py:137} INFO - [2024-11-23T02:56:34.457+0000] {dagbag.py:538} INFO - Filling up the DagBag from /home/airflow/.local/lib/python3.7/site-packages/airflow/example_dags/example_short_circuit_decorator.py
[2024-11-23T02:56:34.479+0000] {processor.py:753} INFO - DAG(s) dict_keys(['example_short_circuit_decorator']) retrieved from /home/airflow/.local/lib/python3.7/site-packages/airflow/example_dags/example_short_circuit_decorator.py
[2024-11-23T02:56:34.499+0000] {logging_mixin.py:137} INFO - [2024-11-23T02:56:34.499+0000] {dag.py:2690} INFO - Sync 1 DAGs
[2024-11-23T02:56:34.521+0000] {logging_mixin.py:137} INFO - [2024-11-23T02:56:34.521+0000] {dag.py:3441} INFO - Setting next_dagrun for example_short_circuit_decorator to 2024-11-22T02:56:34.521474+00:00, run_after=2024-11-23T02:56:34.521474+00:00
[2024-11-23T02:56:34.533+0000] {processor.py:175} INFO - Processing /home/airflow/.local/lib/python3.7/site-packages/airflow/example_dags/example_short_circuit_decorator.py took 0.081 seconds
[2024-11-23T02:57:05.321+0000] {processor.py:153} INFO - Started process (PID=327) to work on /home/airflow/.local/lib/python3.7/site-packages/airflow/example_dags/example_short_circuit_decorator.py
[2024-11-23T02:57:05.322+0000] {processor.py:743} INFO - Processing file /home/airflow/.local/lib/python3.7/site-packages/airflow/example_dags/example_short_circuit_decorator.py for tasks to queue
[2024-11-23T02:57:05.323+0000] {logging_mixin.py:137} INFO - [2024-11-23T02:57:05.323+0000] {dagbag.py:538} INFO - Filling up the DagBag from /home/airflow/.local/lib/python3.7/site-packages/airflow/example_dags/example_short_circuit_decorator.py
[2024-11-23T02:57:05.341+0000] {processor.py:753} INFO - DAG(s) dict_keys(['example_short_circuit_decorator']) retrieved from /home/airflow/.local/lib/python3.7/site-packages/airflow/example_dags/example_short_circuit_decorator.py
[2024-11-23T02:57:05.363+0000] {logging_mixin.py:137} INFO - [2024-11-23T02:57:05.363+0000] {dag.py:2690} INFO - Sync 1 DAGs
[2024-11-23T02:57:05.381+0000] {logging_mixin.py:137} INFO - [2024-11-23T02:57:05.381+0000] {dag.py:3441} INFO - Setting next_dagrun for example_short_circuit_decorator to 2024-11-22T02:57:05.381413+00:00, run_after=2024-11-23T02:57:05.381413+00:00
[2024-11-23T02:57:05.402+0000] {processor.py:175} INFO - Processing /home/airflow/.local/lib/python3.7/site-packages/airflow/example_dags/example_short_circuit_decorator.py took 0.083 seconds
[2024-11-23T02:57:36.469+0000] {processor.py:153} INFO - Started process (PID=417) to work on /home/airflow/.local/lib/python3.7/site-packages/airflow/example_dags/example_short_circuit_decorator.py
[2024-11-23T02:57:36.470+0000] {processor.py:743} INFO - Processing file /home/airflow/.local/lib/python3.7/site-packages/airflow/example_dags/example_short_circuit_decorator.py for tasks to queue
[2024-11-23T02:57:36.470+0000] {logging_mixin.py:137} INFO - [2024-11-23T02:57:36.470+0000] {dagbag.py:538} INFO - Filling up the DagBag from /home/airflow/.local/lib/python3.7/site-packages/airflow/example_dags/example_short_circuit_decorator.py
[2024-11-23T02:57:36.495+0000] {processor.py:753} INFO - DAG(s) dict_keys(['example_short_circuit_decorator']) retrieved from /home/airflow/.local/lib/python3.7/site-packages/airflow/example_dags/example_short_circuit_decorator.py
[2024-11-23T02:57:36.537+0000] {logging_mixin.py:137} INFO - [2024-11-23T02:57:36.537+0000] {dag.py:2690} INFO - Sync 1 DAGs
[2024-11-23T02:57:36.575+0000] {logging_mixin.py:137} INFO - [2024-11-23T02:57:36.575+0000] {dag.py:3441} INFO - Setting next_dagrun for example_short_circuit_decorator to 2024-11-22T02:57:36.574858+00:00, run_after=2024-11-23T02:57:36.574858+00:00
[2024-11-23T02:57:36.606+0000] {processor.py:175} INFO - Processing /home/airflow/.local/lib/python3.7/site-packages/airflow/example_dags/example_short_circuit_decorator.py took 0.141 seconds
[2024-11-23T02:58:42.064+0000] {processor.py:153} INFO - Started process (PID=88) to work on /home/airflow/.local/lib/python3.7/site-packages/airflow/example_dags/example_short_circuit_decorator.py
[2024-11-23T02:58:42.066+0000] {processor.py:743} INFO - Processing file /home/airflow/.local/lib/python3.7/site-packages/airflow/example_dags/example_short_circuit_decorator.py for tasks to queue
[2024-11-23T02:58:42.069+0000] {logging_mixin.py:137} INFO - [2024-11-23T02:58:42.069+0000] {dagbag.py:538} INFO - Filling up the DagBag from /home/airflow/.local/lib/python3.7/site-packages/airflow/example_dags/example_short_circuit_decorator.py
[2024-11-23T02:58:42.312+0000] {processor.py:753} INFO - DAG(s) dict_keys(['example_short_circuit_decorator']) retrieved from /home/airflow/.local/lib/python3.7/site-packages/airflow/example_dags/example_short_circuit_decorator.py
[2024-11-23T02:58:42.387+0000] {logging_mixin.py:137} INFO - [2024-11-23T02:58:42.387+0000] {dag.py:2690} INFO - Sync 1 DAGs
[2024-11-23T02:58:42.440+0000] {logging_mixin.py:137} INFO - [2024-11-23T02:58:42.440+0000] {dag.py:3441} INFO - Setting next_dagrun for example_short_circuit_decorator to 2024-11-22T02:58:42.439691+00:00, run_after=2024-11-23T02:58:42.439691+00:00
[2024-11-23T02:58:42.490+0000] {processor.py:175} INFO - Processing /home/airflow/.local/lib/python3.7/site-packages/airflow/example_dags/example_short_circuit_decorator.py took 0.436 seconds
[2024-11-23T02:59:12.770+0000] {processor.py:153} INFO - Started process (PID=162) to work on /home/airflow/.local/lib/python3.7/site-packages/airflow/example_dags/example_short_circuit_decorator.py
[2024-11-23T02:59:12.773+0000] {processor.py:743} INFO - Processing file /home/airflow/.local/lib/python3.7/site-packages/airflow/example_dags/example_short_circuit_decorator.py for tasks to queue
[2024-11-23T02:59:12.774+0000] {logging_mixin.py:137} INFO - [2024-11-23T02:59:12.774+0000] {dagbag.py:538} INFO - Filling up the DagBag from /home/airflow/.local/lib/python3.7/site-packages/airflow/example_dags/example_short_circuit_decorator.py
[2024-11-23T02:59:12.795+0000] {processor.py:753} INFO - DAG(s) dict_keys(['example_short_circuit_decorator']) retrieved from /home/airflow/.local/lib/python3.7/site-packages/airflow/example_dags/example_short_circuit_decorator.py
[2024-11-23T02:59:12.821+0000] {logging_mixin.py:137} INFO - [2024-11-23T02:59:12.821+0000] {dag.py:2690} INFO - Sync 1 DAGs
[2024-11-23T02:59:12.843+0000] {logging_mixin.py:137} INFO - [2024-11-23T02:59:12.843+0000] {dag.py:3441} INFO - Setting next_dagrun for example_short_circuit_decorator to 2024-11-22T02:59:12.843189+00:00, run_after=2024-11-23T02:59:12.843189+00:00
[2024-11-23T02:59:12.866+0000] {processor.py:175} INFO - Processing /home/airflow/.local/lib/python3.7/site-packages/airflow/example_dags/example_short_circuit_decorator.py took 0.099 seconds
[2024-11-23T02:59:43.131+0000] {processor.py:153} INFO - Started process (PID=252) to work on /home/airflow/.local/lib/python3.7/site-packages/airflow/example_dags/example_short_circuit_decorator.py
[2024-11-23T02:59:43.132+0000] {processor.py:743} INFO - Processing file /home/airflow/.local/lib/python3.7/site-packages/airflow/example_dags/example_short_circuit_decorator.py for tasks to queue
[2024-11-23T02:59:43.133+0000] {logging_mixin.py:137} INFO - [2024-11-23T02:59:43.133+0000] {dagbag.py:538} INFO - Filling up the DagBag from /home/airflow/.local/lib/python3.7/site-packages/airflow/example_dags/example_short_circuit_decorator.py
[2024-11-23T02:59:43.153+0000] {processor.py:753} INFO - DAG(s) dict_keys(['example_short_circuit_decorator']) retrieved from /home/airflow/.local/lib/python3.7/site-packages/airflow/example_dags/example_short_circuit_decorator.py
[2024-11-23T02:59:43.182+0000] {logging_mixin.py:137} INFO - [2024-11-23T02:59:43.182+0000] {dag.py:2690} INFO - Sync 1 DAGs
[2024-11-23T02:59:43.209+0000] {logging_mixin.py:137} INFO - [2024-11-23T02:59:43.209+0000] {dag.py:3441} INFO - Setting next_dagrun for example_short_circuit_decorator to 2024-11-22T02:59:43.209072+00:00, run_after=2024-11-23T02:59:43.209072+00:00
[2024-11-23T02:59:43.235+0000] {processor.py:175} INFO - Processing /home/airflow/.local/lib/python3.7/site-packages/airflow/example_dags/example_short_circuit_decorator.py took 0.107 seconds
[2024-11-23T03:00:13.488+0000] {processor.py:153} INFO - Started process (PID=326) to work on /home/airflow/.local/lib/python3.7/site-packages/airflow/example_dags/example_short_circuit_decorator.py
[2024-11-23T03:00:13.489+0000] {processor.py:743} INFO - Processing file /home/airflow/.local/lib/python3.7/site-packages/airflow/example_dags/example_short_circuit_decorator.py for tasks to queue
[2024-11-23T03:00:13.489+0000] {logging_mixin.py:137} INFO - [2024-11-23T03:00:13.489+0000] {dagbag.py:538} INFO - Filling up the DagBag from /home/airflow/.local/lib/python3.7/site-packages/airflow/example_dags/example_short_circuit_decorator.py
[2024-11-23T03:00:13.508+0000] {processor.py:753} INFO - DAG(s) dict_keys(['example_short_circuit_decorator']) retrieved from /home/airflow/.local/lib/python3.7/site-packages/airflow/example_dags/example_short_circuit_decorator.py
[2024-11-23T03:00:13.532+0000] {logging_mixin.py:137} INFO - [2024-11-23T03:00:13.532+0000] {dag.py:2690} INFO - Sync 1 DAGs
[2024-11-23T03:00:13.557+0000] {logging_mixin.py:137} INFO - [2024-11-23T03:00:13.557+0000] {dag.py:3441} INFO - Setting next_dagrun for example_short_circuit_decorator to 2024-11-22T03:00:13.557336+00:00, run_after=2024-11-23T03:00:13.557336+00:00
[2024-11-23T03:00:13.575+0000] {processor.py:175} INFO - Processing /home/airflow/.local/lib/python3.7/site-packages/airflow/example_dags/example_short_circuit_decorator.py took 0.090 seconds
[2024-11-23T03:00:44.430+0000] {processor.py:153} INFO - Started process (PID=416) to work on /home/airflow/.local/lib/python3.7/site-packages/airflow/example_dags/example_short_circuit_decorator.py
[2024-11-23T03:00:44.431+0000] {processor.py:743} INFO - Processing file /home/airflow/.local/lib/python3.7/site-packages/airflow/example_dags/example_short_circuit_decorator.py for tasks to queue
[2024-11-23T03:00:44.431+0000] {logging_mixin.py:137} INFO - [2024-11-23T03:00:44.431+0000] {dagbag.py:538} INFO - Filling up the DagBag from /home/airflow/.local/lib/python3.7/site-packages/airflow/example_dags/example_short_circuit_decorator.py
[2024-11-23T03:00:44.449+0000] {processor.py:753} INFO - DAG(s) dict_keys(['example_short_circuit_decorator']) retrieved from /home/airflow/.local/lib/python3.7/site-packages/airflow/example_dags/example_short_circuit_decorator.py
[2024-11-23T03:00:44.469+0000] {logging_mixin.py:137} INFO - [2024-11-23T03:00:44.469+0000] {dag.py:2690} INFO - Sync 1 DAGs
[2024-11-23T03:00:44.487+0000] {logging_mixin.py:137} INFO - [2024-11-23T03:00:44.487+0000] {dag.py:3441} INFO - Setting next_dagrun for example_short_circuit_decorator to 2024-11-22T03:00:44.487675+00:00, run_after=2024-11-23T03:00:44.487675+00:00
[2024-11-23T03:00:44.509+0000] {processor.py:175} INFO - Processing /home/airflow/.local/lib/python3.7/site-packages/airflow/example_dags/example_short_circuit_decorator.py took 0.082 seconds
[2024-11-23T03:01:14.724+0000] {processor.py:153} INFO - Started process (PID=490) to work on /home/airflow/.local/lib/python3.7/site-packages/airflow/example_dags/example_short_circuit_decorator.py
[2024-11-23T03:01:14.725+0000] {processor.py:743} INFO - Processing file /home/airflow/.local/lib/python3.7/site-packages/airflow/example_dags/example_short_circuit_decorator.py for tasks to queue
[2024-11-23T03:01:14.726+0000] {logging_mixin.py:137} INFO - [2024-11-23T03:01:14.726+0000] {dagbag.py:538} INFO - Filling up the DagBag from /home/airflow/.local/lib/python3.7/site-packages/airflow/example_dags/example_short_circuit_decorator.py
[2024-11-23T03:01:14.749+0000] {processor.py:753} INFO - DAG(s) dict_keys(['example_short_circuit_decorator']) retrieved from /home/airflow/.local/lib/python3.7/site-packages/airflow/example_dags/example_short_circuit_decorator.py
[2024-11-23T03:01:14.769+0000] {logging_mixin.py:137} INFO - [2024-11-23T03:01:14.769+0000] {dag.py:2690} INFO - Sync 1 DAGs
[2024-11-23T03:01:14.789+0000] {logging_mixin.py:137} INFO - [2024-11-23T03:01:14.789+0000] {dag.py:3441} INFO - Setting next_dagrun for example_short_circuit_decorator to 2024-11-22T03:01:14.789585+00:00, run_after=2024-11-23T03:01:14.789585+00:00
[2024-11-23T03:01:14.814+0000] {processor.py:175} INFO - Processing /home/airflow/.local/lib/python3.7/site-packages/airflow/example_dags/example_short_circuit_decorator.py took 0.092 seconds
[2024-11-23T03:01:44.891+0000] {processor.py:153} INFO - Started process (PID=580) to work on /home/airflow/.local/lib/python3.7/site-packages/airflow/example_dags/example_short_circuit_decorator.py
[2024-11-23T03:01:44.893+0000] {processor.py:743} INFO - Processing file /home/airflow/.local/lib/python3.7/site-packages/airflow/example_dags/example_short_circuit_decorator.py for tasks to queue
[2024-11-23T03:01:44.897+0000] {logging_mixin.py:137} INFO - [2024-11-23T03:01:44.897+0000] {dagbag.py:538} INFO - Filling up the DagBag from /home/airflow/.local/lib/python3.7/site-packages/airflow/example_dags/example_short_circuit_decorator.py
[2024-11-23T03:01:44.915+0000] {processor.py:753} INFO - DAG(s) dict_keys(['example_short_circuit_decorator']) retrieved from /home/airflow/.local/lib/python3.7/site-packages/airflow/example_dags/example_short_circuit_decorator.py
[2024-11-23T03:01:44.937+0000] {logging_mixin.py:137} INFO - [2024-11-23T03:01:44.936+0000] {dag.py:2690} INFO - Sync 1 DAGs
[2024-11-23T03:01:44.953+0000] {logging_mixin.py:137} INFO - [2024-11-23T03:01:44.953+0000] {dag.py:3441} INFO - Setting next_dagrun for example_short_circuit_decorator to 2024-11-22T03:01:44.953417+00:00, run_after=2024-11-23T03:01:44.953417+00:00
[2024-11-23T03:01:44.966+0000] {processor.py:175} INFO - Processing /home/airflow/.local/lib/python3.7/site-packages/airflow/example_dags/example_short_circuit_decorator.py took 0.078 seconds
[2024-11-23T03:02:15.309+0000] {processor.py:153} INFO - Started process (PID=654) to work on /home/airflow/.local/lib/python3.7/site-packages/airflow/example_dags/example_short_circuit_decorator.py
[2024-11-23T03:02:15.311+0000] {processor.py:743} INFO - Processing file /home/airflow/.local/lib/python3.7/site-packages/airflow/example_dags/example_short_circuit_decorator.py for tasks to queue
[2024-11-23T03:02:15.312+0000] {logging_mixin.py:137} INFO - [2024-11-23T03:02:15.312+0000] {dagbag.py:538} INFO - Filling up the DagBag from /home/airflow/.local/lib/python3.7/site-packages/airflow/example_dags/example_short_circuit_decorator.py
[2024-11-23T03:02:15.334+0000] {processor.py:753} INFO - DAG(s) dict_keys(['example_short_circuit_decorator']) retrieved from /home/airflow/.local/lib/python3.7/site-packages/airflow/example_dags/example_short_circuit_decorator.py
[2024-11-23T03:02:15.355+0000] {logging_mixin.py:137} INFO - [2024-11-23T03:02:15.355+0000] {dag.py:2690} INFO - Sync 1 DAGs
[2024-11-23T03:02:15.375+0000] {logging_mixin.py:137} INFO - [2024-11-23T03:02:15.375+0000] {dag.py:3441} INFO - Setting next_dagrun for example_short_circuit_decorator to 2024-11-22T03:02:15.375315+00:00, run_after=2024-11-23T03:02:15.375315+00:00
[2024-11-23T03:02:15.394+0000] {processor.py:175} INFO - Processing /home/airflow/.local/lib/python3.7/site-packages/airflow/example_dags/example_short_circuit_decorator.py took 0.088 seconds
[2024-11-23T03:03:08.706+0000] {processor.py:153} INFO - Started process (PID=88) to work on /home/airflow/.local/lib/python3.7/site-packages/airflow/example_dags/example_short_circuit_decorator.py
[2024-11-23T03:03:08.710+0000] {processor.py:743} INFO - Processing file /home/airflow/.local/lib/python3.7/site-packages/airflow/example_dags/example_short_circuit_decorator.py for tasks to queue
[2024-11-23T03:03:08.713+0000] {logging_mixin.py:137} INFO - [2024-11-23T03:03:08.713+0000] {dagbag.py:538} INFO - Filling up the DagBag from /home/airflow/.local/lib/python3.7/site-packages/airflow/example_dags/example_short_circuit_decorator.py
[2024-11-23T03:03:08.788+0000] {processor.py:753} INFO - DAG(s) dict_keys(['example_short_circuit_decorator']) retrieved from /home/airflow/.local/lib/python3.7/site-packages/airflow/example_dags/example_short_circuit_decorator.py
[2024-11-23T03:03:08.815+0000] {logging_mixin.py:137} INFO - [2024-11-23T03:03:08.815+0000] {dag.py:2690} INFO - Sync 1 DAGs
[2024-11-23T03:03:08.883+0000] {logging_mixin.py:137} INFO - [2024-11-23T03:03:08.882+0000] {dag.py:3441} INFO - Setting next_dagrun for example_short_circuit_decorator to 2024-11-22T03:03:08.882622+00:00, run_after=2024-11-23T03:03:08.882622+00:00
[2024-11-23T03:03:08.928+0000] {processor.py:175} INFO - Processing /home/airflow/.local/lib/python3.7/site-packages/airflow/example_dags/example_short_circuit_decorator.py took 0.229 seconds
[2024-11-23T03:03:38.970+0000] {processor.py:153} INFO - Started process (PID=162) to work on /home/airflow/.local/lib/python3.7/site-packages/airflow/example_dags/example_short_circuit_decorator.py
[2024-11-23T03:03:38.972+0000] {processor.py:743} INFO - Processing file /home/airflow/.local/lib/python3.7/site-packages/airflow/example_dags/example_short_circuit_decorator.py for tasks to queue
[2024-11-23T03:03:38.972+0000] {logging_mixin.py:137} INFO - [2024-11-23T03:03:38.972+0000] {dagbag.py:538} INFO - Filling up the DagBag from /home/airflow/.local/lib/python3.7/site-packages/airflow/example_dags/example_short_circuit_decorator.py
[2024-11-23T03:03:38.993+0000] {processor.py:753} INFO - DAG(s) dict_keys(['example_short_circuit_decorator']) retrieved from /home/airflow/.local/lib/python3.7/site-packages/airflow/example_dags/example_short_circuit_decorator.py
[2024-11-23T03:03:39.012+0000] {logging_mixin.py:137} INFO - [2024-11-23T03:03:39.011+0000] {dag.py:2690} INFO - Sync 1 DAGs
[2024-11-23T03:03:39.032+0000] {logging_mixin.py:137} INFO - [2024-11-23T03:03:39.032+0000] {dag.py:3441} INFO - Setting next_dagrun for example_short_circuit_decorator to 2024-11-22T03:03:39.031963+00:00, run_after=2024-11-23T03:03:39.031963+00:00
[2024-11-23T03:03:39.043+0000] {processor.py:175} INFO - Processing /home/airflow/.local/lib/python3.7/site-packages/airflow/example_dags/example_short_circuit_decorator.py took 0.076 seconds
[2024-11-23T03:06:17.685+0000] {processor.py:153} INFO - Started process (PID=88) to work on /home/airflow/.local/lib/python3.7/site-packages/airflow/example_dags/example_short_circuit_decorator.py
[2024-11-23T03:06:17.716+0000] {processor.py:743} INFO - Processing file /home/airflow/.local/lib/python3.7/site-packages/airflow/example_dags/example_short_circuit_decorator.py for tasks to queue
[2024-11-23T03:06:17.734+0000] {logging_mixin.py:137} INFO - [2024-11-23T03:06:17.732+0000] {dagbag.py:538} INFO - Filling up the DagBag from /home/airflow/.local/lib/python3.7/site-packages/airflow/example_dags/example_short_circuit_decorator.py
[2024-11-23T03:06:17.824+0000] {processor.py:753} INFO - DAG(s) dict_keys(['example_short_circuit_decorator']) retrieved from /home/airflow/.local/lib/python3.7/site-packages/airflow/example_dags/example_short_circuit_decorator.py
[2024-11-23T03:06:17.851+0000] {logging_mixin.py:137} INFO - [2024-11-23T03:06:17.851+0000] {dag.py:2690} INFO - Sync 1 DAGs
[2024-11-23T03:06:17.881+0000] {logging_mixin.py:137} INFO - [2024-11-23T03:06:17.881+0000] {dag.py:3441} INFO - Setting next_dagrun for example_short_circuit_decorator to 2024-11-22T03:06:17.881584+00:00, run_after=2024-11-23T03:06:17.881584+00:00
[2024-11-23T03:06:17.909+0000] {processor.py:175} INFO - Processing /home/airflow/.local/lib/python3.7/site-packages/airflow/example_dags/example_short_circuit_decorator.py took 0.258 seconds
[2024-11-23T03:06:48.399+0000] {processor.py:153} INFO - Started process (PID=162) to work on /home/airflow/.local/lib/python3.7/site-packages/airflow/example_dags/example_short_circuit_decorator.py
[2024-11-23T03:06:48.402+0000] {processor.py:743} INFO - Processing file /home/airflow/.local/lib/python3.7/site-packages/airflow/example_dags/example_short_circuit_decorator.py for tasks to queue
[2024-11-23T03:06:48.403+0000] {logging_mixin.py:137} INFO - [2024-11-23T03:06:48.403+0000] {dagbag.py:538} INFO - Filling up the DagBag from /home/airflow/.local/lib/python3.7/site-packages/airflow/example_dags/example_short_circuit_decorator.py
[2024-11-23T03:06:48.448+0000] {processor.py:753} INFO - DAG(s) dict_keys(['example_short_circuit_decorator']) retrieved from /home/airflow/.local/lib/python3.7/site-packages/airflow/example_dags/example_short_circuit_decorator.py
[2024-11-23T03:06:48.506+0000] {logging_mixin.py:137} INFO - [2024-11-23T03:06:48.506+0000] {dag.py:2690} INFO - Sync 1 DAGs
[2024-11-23T03:06:48.576+0000] {logging_mixin.py:137} INFO - [2024-11-23T03:06:48.576+0000] {dag.py:3441} INFO - Setting next_dagrun for example_short_circuit_decorator to 2024-11-22T03:06:48.575784+00:00, run_after=2024-11-23T03:06:48.575784+00:00
[2024-11-23T03:06:48.720+0000] {processor.py:175} INFO - Processing /home/airflow/.local/lib/python3.7/site-packages/airflow/example_dags/example_short_circuit_decorator.py took 0.327 seconds
[2024-11-23T03:07:19.652+0000] {processor.py:153} INFO - Started process (PID=252) to work on /home/airflow/.local/lib/python3.7/site-packages/airflow/example_dags/example_short_circuit_decorator.py
[2024-11-23T03:07:19.654+0000] {processor.py:743} INFO - Processing file /home/airflow/.local/lib/python3.7/site-packages/airflow/example_dags/example_short_circuit_decorator.py for tasks to queue
[2024-11-23T03:07:19.655+0000] {logging_mixin.py:137} INFO - [2024-11-23T03:07:19.655+0000] {dagbag.py:538} INFO - Filling up the DagBag from /home/airflow/.local/lib/python3.7/site-packages/airflow/example_dags/example_short_circuit_decorator.py
[2024-11-23T03:07:19.674+0000] {processor.py:753} INFO - DAG(s) dict_keys(['example_short_circuit_decorator']) retrieved from /home/airflow/.local/lib/python3.7/site-packages/airflow/example_dags/example_short_circuit_decorator.py
[2024-11-23T03:07:19.697+0000] {logging_mixin.py:137} INFO - [2024-11-23T03:07:19.697+0000] {dag.py:2690} INFO - Sync 1 DAGs
[2024-11-23T03:07:19.715+0000] {logging_mixin.py:137} INFO - [2024-11-23T03:07:19.714+0000] {dag.py:3441} INFO - Setting next_dagrun for example_short_circuit_decorator to 2024-11-22T03:07:19.714805+00:00, run_after=2024-11-23T03:07:19.714805+00:00
[2024-11-23T03:07:19.730+0000] {processor.py:175} INFO - Processing /home/airflow/.local/lib/python3.7/site-packages/airflow/example_dags/example_short_circuit_decorator.py took 0.081 seconds
[2024-11-23T03:07:49.927+0000] {processor.py:153} INFO - Started process (PID=326) to work on /home/airflow/.local/lib/python3.7/site-packages/airflow/example_dags/example_short_circuit_decorator.py
[2024-11-23T03:07:49.928+0000] {processor.py:743} INFO - Processing file /home/airflow/.local/lib/python3.7/site-packages/airflow/example_dags/example_short_circuit_decorator.py for tasks to queue
[2024-11-23T03:07:49.929+0000] {logging_mixin.py:137} INFO - [2024-11-23T03:07:49.929+0000] {dagbag.py:538} INFO - Filling up the DagBag from /home/airflow/.local/lib/python3.7/site-packages/airflow/example_dags/example_short_circuit_decorator.py
[2024-11-23T03:07:49.949+0000] {processor.py:753} INFO - DAG(s) dict_keys(['example_short_circuit_decorator']) retrieved from /home/airflow/.local/lib/python3.7/site-packages/airflow/example_dags/example_short_circuit_decorator.py
[2024-11-23T03:07:49.969+0000] {logging_mixin.py:137} INFO - [2024-11-23T03:07:49.969+0000] {dag.py:2690} INFO - Sync 1 DAGs
[2024-11-23T03:07:49.986+0000] {logging_mixin.py:137} INFO - [2024-11-23T03:07:49.986+0000] {dag.py:3441} INFO - Setting next_dagrun for example_short_circuit_decorator to 2024-11-22T03:07:49.985832+00:00, run_after=2024-11-23T03:07:49.985832+00:00
[2024-11-23T03:07:50.003+0000] {processor.py:175} INFO - Processing /home/airflow/.local/lib/python3.7/site-packages/airflow/example_dags/example_short_circuit_decorator.py took 0.080 seconds
[2024-11-23T03:08:20.271+0000] {processor.py:153} INFO - Started process (PID=416) to work on /home/airflow/.local/lib/python3.7/site-packages/airflow/example_dags/example_short_circuit_decorator.py
[2024-11-23T03:08:20.272+0000] {processor.py:743} INFO - Processing file /home/airflow/.local/lib/python3.7/site-packages/airflow/example_dags/example_short_circuit_decorator.py for tasks to queue
[2024-11-23T03:08:20.273+0000] {logging_mixin.py:137} INFO - [2024-11-23T03:08:20.272+0000] {dagbag.py:538} INFO - Filling up the DagBag from /home/airflow/.local/lib/python3.7/site-packages/airflow/example_dags/example_short_circuit_decorator.py
[2024-11-23T03:08:20.291+0000] {processor.py:753} INFO - DAG(s) dict_keys(['example_short_circuit_decorator']) retrieved from /home/airflow/.local/lib/python3.7/site-packages/airflow/example_dags/example_short_circuit_decorator.py
[2024-11-23T03:08:20.307+0000] {logging_mixin.py:137} INFO - [2024-11-23T03:08:20.307+0000] {dag.py:2690} INFO - Sync 1 DAGs
[2024-11-23T03:08:20.326+0000] {logging_mixin.py:137} INFO - [2024-11-23T03:08:20.326+0000] {dag.py:3441} INFO - Setting next_dagrun for example_short_circuit_decorator to 2024-11-22T03:08:20.326380+00:00, run_after=2024-11-23T03:08:20.326380+00:00
[2024-11-23T03:08:20.339+0000] {processor.py:175} INFO - Processing /home/airflow/.local/lib/python3.7/site-packages/airflow/example_dags/example_short_circuit_decorator.py took 0.072 seconds
[2024-11-23T03:08:50.456+0000] {processor.py:153} INFO - Started process (PID=498) to work on /home/airflow/.local/lib/python3.7/site-packages/airflow/example_dags/example_short_circuit_decorator.py
[2024-11-23T03:08:50.458+0000] {processor.py:743} INFO - Processing file /home/airflow/.local/lib/python3.7/site-packages/airflow/example_dags/example_short_circuit_decorator.py for tasks to queue
[2024-11-23T03:08:50.459+0000] {logging_mixin.py:137} INFO - [2024-11-23T03:08:50.459+0000] {dagbag.py:538} INFO - Filling up the DagBag from /home/airflow/.local/lib/python3.7/site-packages/airflow/example_dags/example_short_circuit_decorator.py
[2024-11-23T03:08:50.479+0000] {processor.py:753} INFO - DAG(s) dict_keys(['example_short_circuit_decorator']) retrieved from /home/airflow/.local/lib/python3.7/site-packages/airflow/example_dags/example_short_circuit_decorator.py
[2024-11-23T03:08:50.501+0000] {logging_mixin.py:137} INFO - [2024-11-23T03:08:50.501+0000] {dag.py:2690} INFO - Sync 1 DAGs
[2024-11-23T03:08:50.521+0000] {logging_mixin.py:137} INFO - [2024-11-23T03:08:50.521+0000] {dag.py:3441} INFO - Setting next_dagrun for example_short_circuit_decorator to 2024-11-22T03:08:50.521570+00:00, run_after=2024-11-23T03:08:50.521570+00:00
[2024-11-23T03:08:50.539+0000] {processor.py:175} INFO - Processing /home/airflow/.local/lib/python3.7/site-packages/airflow/example_dags/example_short_circuit_decorator.py took 0.086 seconds
[2024-11-23T03:09:20.694+0000] {processor.py:153} INFO - Started process (PID=579) to work on /home/airflow/.local/lib/python3.7/site-packages/airflow/example_dags/example_short_circuit_decorator.py
[2024-11-23T03:09:20.695+0000] {processor.py:743} INFO - Processing file /home/airflow/.local/lib/python3.7/site-packages/airflow/example_dags/example_short_circuit_decorator.py for tasks to queue
[2024-11-23T03:09:20.695+0000] {logging_mixin.py:137} INFO - [2024-11-23T03:09:20.695+0000] {dagbag.py:538} INFO - Filling up the DagBag from /home/airflow/.local/lib/python3.7/site-packages/airflow/example_dags/example_short_circuit_decorator.py
[2024-11-23T03:09:20.713+0000] {processor.py:753} INFO - DAG(s) dict_keys(['example_short_circuit_decorator']) retrieved from /home/airflow/.local/lib/python3.7/site-packages/airflow/example_dags/example_short_circuit_decorator.py
[2024-11-23T03:09:20.734+0000] {logging_mixin.py:137} INFO - [2024-11-23T03:09:20.734+0000] {dag.py:2690} INFO - Sync 1 DAGs
[2024-11-23T03:09:20.751+0000] {logging_mixin.py:137} INFO - [2024-11-23T03:09:20.751+0000] {dag.py:3441} INFO - Setting next_dagrun for example_short_circuit_decorator to 2024-11-22T03:09:20.750987+00:00, run_after=2024-11-23T03:09:20.750987+00:00
[2024-11-23T03:09:20.768+0000] {processor.py:175} INFO - Processing /home/airflow/.local/lib/python3.7/site-packages/airflow/example_dags/example_short_circuit_decorator.py took 0.079 seconds
[2024-11-23T03:09:50.947+0000] {processor.py:153} INFO - Started process (PID=668) to work on /home/airflow/.local/lib/python3.7/site-packages/airflow/example_dags/example_short_circuit_decorator.py
[2024-11-23T03:09:50.948+0000] {processor.py:743} INFO - Processing file /home/airflow/.local/lib/python3.7/site-packages/airflow/example_dags/example_short_circuit_decorator.py for tasks to queue
[2024-11-23T03:09:50.949+0000] {logging_mixin.py:137} INFO - [2024-11-23T03:09:50.949+0000] {dagbag.py:538} INFO - Filling up the DagBag from /home/airflow/.local/lib/python3.7/site-packages/airflow/example_dags/example_short_circuit_decorator.py
[2024-11-23T03:09:50.977+0000] {processor.py:753} INFO - DAG(s) dict_keys(['example_short_circuit_decorator']) retrieved from /home/airflow/.local/lib/python3.7/site-packages/airflow/example_dags/example_short_circuit_decorator.py
[2024-11-23T03:09:51.002+0000] {logging_mixin.py:137} INFO - [2024-11-23T03:09:51.002+0000] {dag.py:2690} INFO - Sync 1 DAGs
[2024-11-23T03:09:51.023+0000] {logging_mixin.py:137} INFO - [2024-11-23T03:09:51.023+0000] {dag.py:3441} INFO - Setting next_dagrun for example_short_circuit_decorator to 2024-11-22T03:09:51.023289+00:00, run_after=2024-11-23T03:09:51.023289+00:00
[2024-11-23T03:09:51.045+0000] {processor.py:175} INFO - Processing /home/airflow/.local/lib/python3.7/site-packages/airflow/example_dags/example_short_circuit_decorator.py took 0.101 seconds
[2024-11-23T03:10:21.074+0000] {processor.py:153} INFO - Started process (PID=742) to work on /home/airflow/.local/lib/python3.7/site-packages/airflow/example_dags/example_short_circuit_decorator.py
[2024-11-23T03:10:21.075+0000] {processor.py:743} INFO - Processing file /home/airflow/.local/lib/python3.7/site-packages/airflow/example_dags/example_short_circuit_decorator.py for tasks to queue
[2024-11-23T03:10:21.075+0000] {logging_mixin.py:137} INFO - [2024-11-23T03:10:21.075+0000] {dagbag.py:538} INFO - Filling up the DagBag from /home/airflow/.local/lib/python3.7/site-packages/airflow/example_dags/example_short_circuit_decorator.py
[2024-11-23T03:10:21.097+0000] {processor.py:753} INFO - DAG(s) dict_keys(['example_short_circuit_decorator']) retrieved from /home/airflow/.local/lib/python3.7/site-packages/airflow/example_dags/example_short_circuit_decorator.py
[2024-11-23T03:10:21.124+0000] {logging_mixin.py:137} INFO - [2024-11-23T03:10:21.124+0000] {dag.py:2690} INFO - Sync 1 DAGs
[2024-11-23T03:10:21.149+0000] {logging_mixin.py:137} INFO - [2024-11-23T03:10:21.149+0000] {dag.py:3441} INFO - Setting next_dagrun for example_short_circuit_decorator to 2024-11-22T03:10:21.148799+00:00, run_after=2024-11-23T03:10:21.148799+00:00
[2024-11-23T03:10:21.167+0000] {processor.py:175} INFO - Processing /home/airflow/.local/lib/python3.7/site-packages/airflow/example_dags/example_short_circuit_decorator.py took 0.096 seconds
[2024-11-23T03:10:51.607+0000] {processor.py:153} INFO - Started process (PID=832) to work on /home/airflow/.local/lib/python3.7/site-packages/airflow/example_dags/example_short_circuit_decorator.py
[2024-11-23T03:10:51.609+0000] {processor.py:743} INFO - Processing file /home/airflow/.local/lib/python3.7/site-packages/airflow/example_dags/example_short_circuit_decorator.py for tasks to queue
[2024-11-23T03:10:51.610+0000] {logging_mixin.py:137} INFO - [2024-11-23T03:10:51.610+0000] {dagbag.py:538} INFO - Filling up the DagBag from /home/airflow/.local/lib/python3.7/site-packages/airflow/example_dags/example_short_circuit_decorator.py
[2024-11-23T03:10:51.629+0000] {processor.py:753} INFO - DAG(s) dict_keys(['example_short_circuit_decorator']) retrieved from /home/airflow/.local/lib/python3.7/site-packages/airflow/example_dags/example_short_circuit_decorator.py
[2024-11-23T03:10:51.647+0000] {logging_mixin.py:137} INFO - [2024-11-23T03:10:51.647+0000] {dag.py:2690} INFO - Sync 1 DAGs
[2024-11-23T03:10:51.665+0000] {logging_mixin.py:137} INFO - [2024-11-23T03:10:51.665+0000] {dag.py:3441} INFO - Setting next_dagrun for example_short_circuit_decorator to 2024-11-22T03:10:51.665620+00:00, run_after=2024-11-23T03:10:51.665620+00:00
[2024-11-23T03:10:51.678+0000] {processor.py:175} INFO - Processing /home/airflow/.local/lib/python3.7/site-packages/airflow/example_dags/example_short_circuit_decorator.py took 0.074 seconds
[2024-11-23T03:11:21.956+0000] {processor.py:153} INFO - Started process (PID=906) to work on /home/airflow/.local/lib/python3.7/site-packages/airflow/example_dags/example_short_circuit_decorator.py
[2024-11-23T03:11:21.958+0000] {processor.py:743} INFO - Processing file /home/airflow/.local/lib/python3.7/site-packages/airflow/example_dags/example_short_circuit_decorator.py for tasks to queue
[2024-11-23T03:11:21.959+0000] {logging_mixin.py:137} INFO - [2024-11-23T03:11:21.959+0000] {dagbag.py:538} INFO - Filling up the DagBag from /home/airflow/.local/lib/python3.7/site-packages/airflow/example_dags/example_short_circuit_decorator.py
[2024-11-23T03:11:21.978+0000] {processor.py:753} INFO - DAG(s) dict_keys(['example_short_circuit_decorator']) retrieved from /home/airflow/.local/lib/python3.7/site-packages/airflow/example_dags/example_short_circuit_decorator.py
[2024-11-23T03:11:21.997+0000] {logging_mixin.py:137} INFO - [2024-11-23T03:11:21.997+0000] {dag.py:2690} INFO - Sync 1 DAGs
[2024-11-23T03:11:22.014+0000] {logging_mixin.py:137} INFO - [2024-11-23T03:11:22.013+0000] {dag.py:3441} INFO - Setting next_dagrun for example_short_circuit_decorator to 2024-11-22T03:11:22.013793+00:00, run_after=2024-11-23T03:11:22.013793+00:00
[2024-11-23T03:11:22.028+0000] {processor.py:175} INFO - Processing /home/airflow/.local/lib/python3.7/site-packages/airflow/example_dags/example_short_circuit_decorator.py took 0.076 seconds
[2024-11-23T03:11:52.148+0000] {processor.py:153} INFO - Started process (PID=996) to work on /home/airflow/.local/lib/python3.7/site-packages/airflow/example_dags/example_short_circuit_decorator.py
[2024-11-23T03:11:52.150+0000] {processor.py:743} INFO - Processing file /home/airflow/.local/lib/python3.7/site-packages/airflow/example_dags/example_short_circuit_decorator.py for tasks to queue
[2024-11-23T03:11:52.150+0000] {logging_mixin.py:137} INFO - [2024-11-23T03:11:52.150+0000] {dagbag.py:538} INFO - Filling up the DagBag from /home/airflow/.local/lib/python3.7/site-packages/airflow/example_dags/example_short_circuit_decorator.py
[2024-11-23T03:11:52.177+0000] {processor.py:753} INFO - DAG(s) dict_keys(['example_short_circuit_decorator']) retrieved from /home/airflow/.local/lib/python3.7/site-packages/airflow/example_dags/example_short_circuit_decorator.py
[2024-11-23T03:11:52.206+0000] {logging_mixin.py:137} INFO - [2024-11-23T03:11:52.206+0000] {dag.py:2690} INFO - Sync 1 DAGs
[2024-11-23T03:11:52.230+0000] {logging_mixin.py:137} INFO - [2024-11-23T03:11:52.230+0000] {dag.py:3441} INFO - Setting next_dagrun for example_short_circuit_decorator to 2024-11-22T03:11:52.230317+00:00, run_after=2024-11-23T03:11:52.230317+00:00
[2024-11-23T03:11:52.252+0000] {processor.py:175} INFO - Processing /home/airflow/.local/lib/python3.7/site-packages/airflow/example_dags/example_short_circuit_decorator.py took 0.108 seconds
[2024-11-23T03:12:22.410+0000] {processor.py:153} INFO - Started process (PID=1070) to work on /home/airflow/.local/lib/python3.7/site-packages/airflow/example_dags/example_short_circuit_decorator.py
[2024-11-23T03:12:22.411+0000] {processor.py:743} INFO - Processing file /home/airflow/.local/lib/python3.7/site-packages/airflow/example_dags/example_short_circuit_decorator.py for tasks to queue
[2024-11-23T03:12:22.412+0000] {logging_mixin.py:137} INFO - [2024-11-23T03:12:22.412+0000] {dagbag.py:538} INFO - Filling up the DagBag from /home/airflow/.local/lib/python3.7/site-packages/airflow/example_dags/example_short_circuit_decorator.py
[2024-11-23T03:12:22.432+0000] {processor.py:753} INFO - DAG(s) dict_keys(['example_short_circuit_decorator']) retrieved from /home/airflow/.local/lib/python3.7/site-packages/airflow/example_dags/example_short_circuit_decorator.py
[2024-11-23T03:12:22.452+0000] {logging_mixin.py:137} INFO - [2024-11-23T03:12:22.452+0000] {dag.py:2690} INFO - Sync 1 DAGs
[2024-11-23T03:12:22.469+0000] {logging_mixin.py:137} INFO - [2024-11-23T03:12:22.469+0000] {dag.py:3441} INFO - Setting next_dagrun for example_short_circuit_decorator to 2024-11-22T03:12:22.469705+00:00, run_after=2024-11-23T03:12:22.469705+00:00
[2024-11-23T03:12:22.485+0000] {processor.py:175} INFO - Processing /home/airflow/.local/lib/python3.7/site-packages/airflow/example_dags/example_short_circuit_decorator.py took 0.078 seconds
[2024-11-23T03:12:52.915+0000] {processor.py:153} INFO - Started process (PID=1160) to work on /home/airflow/.local/lib/python3.7/site-packages/airflow/example_dags/example_short_circuit_decorator.py
[2024-11-23T03:12:52.916+0000] {processor.py:743} INFO - Processing file /home/airflow/.local/lib/python3.7/site-packages/airflow/example_dags/example_short_circuit_decorator.py for tasks to queue
[2024-11-23T03:12:52.916+0000] {logging_mixin.py:137} INFO - [2024-11-23T03:12:52.916+0000] {dagbag.py:538} INFO - Filling up the DagBag from /home/airflow/.local/lib/python3.7/site-packages/airflow/example_dags/example_short_circuit_decorator.py
[2024-11-23T03:12:52.943+0000] {processor.py:753} INFO - DAG(s) dict_keys(['example_short_circuit_decorator']) retrieved from /home/airflow/.local/lib/python3.7/site-packages/airflow/example_dags/example_short_circuit_decorator.py
[2024-11-23T03:12:52.968+0000] {logging_mixin.py:137} INFO - [2024-11-23T03:12:52.967+0000] {dag.py:2690} INFO - Sync 1 DAGs
[2024-11-23T03:12:52.989+0000] {logging_mixin.py:137} INFO - [2024-11-23T03:12:52.989+0000] {dag.py:3441} INFO - Setting next_dagrun for example_short_circuit_decorator to 2024-11-22T03:12:52.988820+00:00, run_after=2024-11-23T03:12:52.988820+00:00
[2024-11-23T03:12:53.002+0000] {processor.py:175} INFO - Processing /home/airflow/.local/lib/python3.7/site-packages/airflow/example_dags/example_short_circuit_decorator.py took 0.091 seconds
[2024-11-23T03:13:23.156+0000] {processor.py:153} INFO - Started process (PID=1250) to work on /home/airflow/.local/lib/python3.7/site-packages/airflow/example_dags/example_short_circuit_decorator.py
[2024-11-23T03:13:23.164+0000] {processor.py:743} INFO - Processing file /home/airflow/.local/lib/python3.7/site-packages/airflow/example_dags/example_short_circuit_decorator.py for tasks to queue
[2024-11-23T03:13:23.164+0000] {logging_mixin.py:137} INFO - [2024-11-23T03:13:23.164+0000] {dagbag.py:538} INFO - Filling up the DagBag from /home/airflow/.local/lib/python3.7/site-packages/airflow/example_dags/example_short_circuit_decorator.py
[2024-11-23T03:13:23.187+0000] {processor.py:753} INFO - DAG(s) dict_keys(['example_short_circuit_decorator']) retrieved from /home/airflow/.local/lib/python3.7/site-packages/airflow/example_dags/example_short_circuit_decorator.py
[2024-11-23T03:13:23.212+0000] {logging_mixin.py:137} INFO - [2024-11-23T03:13:23.212+0000] {dag.py:2690} INFO - Sync 1 DAGs
[2024-11-23T03:13:23.234+0000] {logging_mixin.py:137} INFO - [2024-11-23T03:13:23.233+0000] {dag.py:3441} INFO - Setting next_dagrun for example_short_circuit_decorator to 2024-11-22T03:13:23.233633+00:00, run_after=2024-11-23T03:13:23.233633+00:00
[2024-11-23T03:13:23.252+0000] {processor.py:175} INFO - Processing /home/airflow/.local/lib/python3.7/site-packages/airflow/example_dags/example_short_circuit_decorator.py took 0.107 seconds
[2024-11-23T03:13:53.316+0000] {processor.py:153} INFO - Started process (PID=1324) to work on /home/airflow/.local/lib/python3.7/site-packages/airflow/example_dags/example_short_circuit_decorator.py
[2024-11-23T03:13:53.317+0000] {processor.py:743} INFO - Processing file /home/airflow/.local/lib/python3.7/site-packages/airflow/example_dags/example_short_circuit_decorator.py for tasks to queue
[2024-11-23T03:13:53.318+0000] {logging_mixin.py:137} INFO - [2024-11-23T03:13:53.318+0000] {dagbag.py:538} INFO - Filling up the DagBag from /home/airflow/.local/lib/python3.7/site-packages/airflow/example_dags/example_short_circuit_decorator.py
[2024-11-23T03:13:53.340+0000] {processor.py:753} INFO - DAG(s) dict_keys(['example_short_circuit_decorator']) retrieved from /home/airflow/.local/lib/python3.7/site-packages/airflow/example_dags/example_short_circuit_decorator.py
[2024-11-23T03:13:53.360+0000] {logging_mixin.py:137} INFO - [2024-11-23T03:13:53.359+0000] {dag.py:2690} INFO - Sync 1 DAGs
[2024-11-23T03:13:53.377+0000] {logging_mixin.py:137} INFO - [2024-11-23T03:13:53.377+0000] {dag.py:3441} INFO - Setting next_dagrun for example_short_circuit_decorator to 2024-11-22T03:13:53.377580+00:00, run_after=2024-11-23T03:13:53.377580+00:00
[2024-11-23T03:13:53.393+0000] {processor.py:175} INFO - Processing /home/airflow/.local/lib/python3.7/site-packages/airflow/example_dags/example_short_circuit_decorator.py took 0.083 seconds
[2024-11-23T03:14:23.538+0000] {processor.py:153} INFO - Started process (PID=1414) to work on /home/airflow/.local/lib/python3.7/site-packages/airflow/example_dags/example_short_circuit_decorator.py
[2024-11-23T03:14:23.539+0000] {processor.py:743} INFO - Processing file /home/airflow/.local/lib/python3.7/site-packages/airflow/example_dags/example_short_circuit_decorator.py for tasks to queue
[2024-11-23T03:14:23.541+0000] {logging_mixin.py:137} INFO - [2024-11-23T03:14:23.541+0000] {dagbag.py:538} INFO - Filling up the DagBag from /home/airflow/.local/lib/python3.7/site-packages/airflow/example_dags/example_short_circuit_decorator.py
[2024-11-23T03:14:23.582+0000] {processor.py:753} INFO - DAG(s) dict_keys(['example_short_circuit_decorator']) retrieved from /home/airflow/.local/lib/python3.7/site-packages/airflow/example_dags/example_short_circuit_decorator.py
[2024-11-23T03:14:23.644+0000] {logging_mixin.py:137} INFO - [2024-11-23T03:14:23.644+0000] {dag.py:2690} INFO - Sync 1 DAGs
[2024-11-23T03:14:23.682+0000] {logging_mixin.py:137} INFO - [2024-11-23T03:14:23.682+0000] {dag.py:3441} INFO - Setting next_dagrun for example_short_circuit_decorator to 2024-11-22T03:14:23.682096+00:00, run_after=2024-11-23T03:14:23.682096+00:00
[2024-11-23T03:14:23.715+0000] {processor.py:175} INFO - Processing /home/airflow/.local/lib/python3.7/site-packages/airflow/example_dags/example_short_circuit_decorator.py took 0.182 seconds
[2024-11-23T03:14:53.958+0000] {processor.py:153} INFO - Started process (PID=1488) to work on /home/airflow/.local/lib/python3.7/site-packages/airflow/example_dags/example_short_circuit_decorator.py
[2024-11-23T03:14:53.959+0000] {processor.py:743} INFO - Processing file /home/airflow/.local/lib/python3.7/site-packages/airflow/example_dags/example_short_circuit_decorator.py for tasks to queue
[2024-11-23T03:14:53.959+0000] {logging_mixin.py:137} INFO - [2024-11-23T03:14:53.959+0000] {dagbag.py:538} INFO - Filling up the DagBag from /home/airflow/.local/lib/python3.7/site-packages/airflow/example_dags/example_short_circuit_decorator.py
[2024-11-23T03:14:53.983+0000] {processor.py:753} INFO - DAG(s) dict_keys(['example_short_circuit_decorator']) retrieved from /home/airflow/.local/lib/python3.7/site-packages/airflow/example_dags/example_short_circuit_decorator.py
[2024-11-23T03:14:54.001+0000] {logging_mixin.py:137} INFO - [2024-11-23T03:14:54.001+0000] {dag.py:2690} INFO - Sync 1 DAGs
[2024-11-23T03:14:54.020+0000] {logging_mixin.py:137} INFO - [2024-11-23T03:14:54.020+0000] {dag.py:3441} INFO - Setting next_dagrun for example_short_circuit_decorator to 2024-11-22T03:14:54.020121+00:00, run_after=2024-11-23T03:14:54.020121+00:00
[2024-11-23T03:14:54.033+0000] {processor.py:175} INFO - Processing /home/airflow/.local/lib/python3.7/site-packages/airflow/example_dags/example_short_circuit_decorator.py took 0.080 seconds
[2024-11-23T03:15:24.913+0000] {processor.py:153} INFO - Started process (PID=1578) to work on /home/airflow/.local/lib/python3.7/site-packages/airflow/example_dags/example_short_circuit_decorator.py
[2024-11-23T03:15:24.914+0000] {processor.py:743} INFO - Processing file /home/airflow/.local/lib/python3.7/site-packages/airflow/example_dags/example_short_circuit_decorator.py for tasks to queue
[2024-11-23T03:15:24.914+0000] {logging_mixin.py:137} INFO - [2024-11-23T03:15:24.914+0000] {dagbag.py:538} INFO - Filling up the DagBag from /home/airflow/.local/lib/python3.7/site-packages/airflow/example_dags/example_short_circuit_decorator.py
[2024-11-23T03:15:24.932+0000] {processor.py:753} INFO - DAG(s) dict_keys(['example_short_circuit_decorator']) retrieved from /home/airflow/.local/lib/python3.7/site-packages/airflow/example_dags/example_short_circuit_decorator.py
[2024-11-23T03:15:24.948+0000] {logging_mixin.py:137} INFO - [2024-11-23T03:15:24.948+0000] {dag.py:2690} INFO - Sync 1 DAGs
[2024-11-23T03:15:24.966+0000] {logging_mixin.py:137} INFO - [2024-11-23T03:15:24.966+0000] {dag.py:3441} INFO - Setting next_dagrun for example_short_circuit_decorator to 2024-11-22T03:15:24.966342+00:00, run_after=2024-11-23T03:15:24.966342+00:00
[2024-11-23T03:15:24.979+0000] {processor.py:175} INFO - Processing /home/airflow/.local/lib/python3.7/site-packages/airflow/example_dags/example_short_circuit_decorator.py took 0.069 seconds
[2024-11-23T03:15:55.070+0000] {processor.py:153} INFO - Started process (PID=1652) to work on /home/airflow/.local/lib/python3.7/site-packages/airflow/example_dags/example_short_circuit_decorator.py
[2024-11-23T03:15:55.072+0000] {processor.py:743} INFO - Processing file /home/airflow/.local/lib/python3.7/site-packages/airflow/example_dags/example_short_circuit_decorator.py for tasks to queue
[2024-11-23T03:15:55.073+0000] {logging_mixin.py:137} INFO - [2024-11-23T03:15:55.072+0000] {dagbag.py:538} INFO - Filling up the DagBag from /home/airflow/.local/lib/python3.7/site-packages/airflow/example_dags/example_short_circuit_decorator.py
[2024-11-23T03:15:55.091+0000] {processor.py:753} INFO - DAG(s) dict_keys(['example_short_circuit_decorator']) retrieved from /home/airflow/.local/lib/python3.7/site-packages/airflow/example_dags/example_short_circuit_decorator.py
[2024-11-23T03:15:55.110+0000] {logging_mixin.py:137} INFO - [2024-11-23T03:15:55.110+0000] {dag.py:2690} INFO - Sync 1 DAGs
[2024-11-23T03:15:55.130+0000] {logging_mixin.py:137} INFO - [2024-11-23T03:15:55.130+0000] {dag.py:3441} INFO - Setting next_dagrun for example_short_circuit_decorator to 2024-11-22T03:15:55.130529+00:00, run_after=2024-11-23T03:15:55.130529+00:00
[2024-11-23T03:15:55.145+0000] {processor.py:175} INFO - Processing /home/airflow/.local/lib/python3.7/site-packages/airflow/example_dags/example_short_circuit_decorator.py took 0.079 seconds
[2024-11-23T03:16:25.190+0000] {processor.py:153} INFO - Started process (PID=1742) to work on /home/airflow/.local/lib/python3.7/site-packages/airflow/example_dags/example_short_circuit_decorator.py
[2024-11-23T03:16:25.191+0000] {processor.py:743} INFO - Processing file /home/airflow/.local/lib/python3.7/site-packages/airflow/example_dags/example_short_circuit_decorator.py for tasks to queue
[2024-11-23T03:16:25.192+0000] {logging_mixin.py:137} INFO - [2024-11-23T03:16:25.191+0000] {dagbag.py:538} INFO - Filling up the DagBag from /home/airflow/.local/lib/python3.7/site-packages/airflow/example_dags/example_short_circuit_decorator.py
[2024-11-23T03:16:25.215+0000] {processor.py:753} INFO - DAG(s) dict_keys(['example_short_circuit_decorator']) retrieved from /home/airflow/.local/lib/python3.7/site-packages/airflow/example_dags/example_short_circuit_decorator.py
[2024-11-23T03:16:25.233+0000] {logging_mixin.py:137} INFO - [2024-11-23T03:16:25.233+0000] {dag.py:2690} INFO - Sync 1 DAGs
[2024-11-23T03:16:25.250+0000] {logging_mixin.py:137} INFO - [2024-11-23T03:16:25.250+0000] {dag.py:3441} INFO - Setting next_dagrun for example_short_circuit_decorator to 2024-11-22T03:16:25.250660+00:00, run_after=2024-11-23T03:16:25.250660+00:00
[2024-11-23T03:16:25.262+0000] {processor.py:175} INFO - Processing /home/airflow/.local/lib/python3.7/site-packages/airflow/example_dags/example_short_circuit_decorator.py took 0.076 seconds
[2024-11-23T03:16:55.465+0000] {processor.py:153} INFO - Started process (PID=1816) to work on /home/airflow/.local/lib/python3.7/site-packages/airflow/example_dags/example_short_circuit_decorator.py
[2024-11-23T03:16:55.466+0000] {processor.py:743} INFO - Processing file /home/airflow/.local/lib/python3.7/site-packages/airflow/example_dags/example_short_circuit_decorator.py for tasks to queue
[2024-11-23T03:16:55.467+0000] {logging_mixin.py:137} INFO - [2024-11-23T03:16:55.467+0000] {dagbag.py:538} INFO - Filling up the DagBag from /home/airflow/.local/lib/python3.7/site-packages/airflow/example_dags/example_short_circuit_decorator.py
[2024-11-23T03:16:55.484+0000] {processor.py:753} INFO - DAG(s) dict_keys(['example_short_circuit_decorator']) retrieved from /home/airflow/.local/lib/python3.7/site-packages/airflow/example_dags/example_short_circuit_decorator.py
[2024-11-23T03:16:55.501+0000] {logging_mixin.py:137} INFO - [2024-11-23T03:16:55.500+0000] {dag.py:2690} INFO - Sync 1 DAGs
[2024-11-23T03:16:55.517+0000] {logging_mixin.py:137} INFO - [2024-11-23T03:16:55.517+0000] {dag.py:3441} INFO - Setting next_dagrun for example_short_circuit_decorator to 2024-11-22T03:16:55.517137+00:00, run_after=2024-11-23T03:16:55.517137+00:00
[2024-11-23T03:16:55.530+0000] {processor.py:175} INFO - Processing /home/airflow/.local/lib/python3.7/site-packages/airflow/example_dags/example_short_circuit_decorator.py took 0.068 seconds
[2024-11-23T03:17:25.609+0000] {processor.py:153} INFO - Started process (PID=1906) to work on /home/airflow/.local/lib/python3.7/site-packages/airflow/example_dags/example_short_circuit_decorator.py
[2024-11-23T03:17:25.610+0000] {processor.py:743} INFO - Processing file /home/airflow/.local/lib/python3.7/site-packages/airflow/example_dags/example_short_circuit_decorator.py for tasks to queue
[2024-11-23T03:17:25.611+0000] {logging_mixin.py:137} INFO - [2024-11-23T03:17:25.610+0000] {dagbag.py:538} INFO - Filling up the DagBag from /home/airflow/.local/lib/python3.7/site-packages/airflow/example_dags/example_short_circuit_decorator.py
[2024-11-23T03:17:25.632+0000] {processor.py:753} INFO - DAG(s) dict_keys(['example_short_circuit_decorator']) retrieved from /home/airflow/.local/lib/python3.7/site-packages/airflow/example_dags/example_short_circuit_decorator.py
[2024-11-23T03:17:25.652+0000] {logging_mixin.py:137} INFO - [2024-11-23T03:17:25.652+0000] {dag.py:2690} INFO - Sync 1 DAGs
[2024-11-23T03:17:25.671+0000] {logging_mixin.py:137} INFO - [2024-11-23T03:17:25.671+0000] {dag.py:3441} INFO - Setting next_dagrun for example_short_circuit_decorator to 2024-11-22T03:17:25.671113+00:00, run_after=2024-11-23T03:17:25.671113+00:00
[2024-11-23T03:17:25.684+0000] {processor.py:175} INFO - Processing /home/airflow/.local/lib/python3.7/site-packages/airflow/example_dags/example_short_circuit_decorator.py took 0.079 seconds
[2024-11-23T03:17:55.764+0000] {processor.py:153} INFO - Started process (PID=1988) to work on /home/airflow/.local/lib/python3.7/site-packages/airflow/example_dags/example_short_circuit_decorator.py
[2024-11-23T03:17:55.766+0000] {processor.py:743} INFO - Processing file /home/airflow/.local/lib/python3.7/site-packages/airflow/example_dags/example_short_circuit_decorator.py for tasks to queue
[2024-11-23T03:17:55.767+0000] {logging_mixin.py:137} INFO - [2024-11-23T03:17:55.766+0000] {dagbag.py:538} INFO - Filling up the DagBag from /home/airflow/.local/lib/python3.7/site-packages/airflow/example_dags/example_short_circuit_decorator.py
[2024-11-23T03:17:55.788+0000] {processor.py:753} INFO - DAG(s) dict_keys(['example_short_circuit_decorator']) retrieved from /home/airflow/.local/lib/python3.7/site-packages/airflow/example_dags/example_short_circuit_decorator.py
[2024-11-23T03:17:55.811+0000] {logging_mixin.py:137} INFO - [2024-11-23T03:17:55.811+0000] {dag.py:2690} INFO - Sync 1 DAGs
[2024-11-23T03:17:55.830+0000] {logging_mixin.py:137} INFO - [2024-11-23T03:17:55.830+0000] {dag.py:3441} INFO - Setting next_dagrun for example_short_circuit_decorator to 2024-11-22T03:17:55.830309+00:00, run_after=2024-11-23T03:17:55.830309+00:00
[2024-11-23T03:17:55.844+0000] {processor.py:175} INFO - Processing /home/airflow/.local/lib/python3.7/site-packages/airflow/example_dags/example_short_circuit_decorator.py took 0.085 seconds
[2024-11-23T03:18:26.148+0000] {processor.py:153} INFO - Started process (PID=2068) to work on /home/airflow/.local/lib/python3.7/site-packages/airflow/example_dags/example_short_circuit_decorator.py
[2024-11-23T03:18:26.150+0000] {processor.py:743} INFO - Processing file /home/airflow/.local/lib/python3.7/site-packages/airflow/example_dags/example_short_circuit_decorator.py for tasks to queue
[2024-11-23T03:18:26.151+0000] {logging_mixin.py:137} INFO - [2024-11-23T03:18:26.151+0000] {dagbag.py:538} INFO - Filling up the DagBag from /home/airflow/.local/lib/python3.7/site-packages/airflow/example_dags/example_short_circuit_decorator.py
[2024-11-23T03:18:26.170+0000] {processor.py:753} INFO - DAG(s) dict_keys(['example_short_circuit_decorator']) retrieved from /home/airflow/.local/lib/python3.7/site-packages/airflow/example_dags/example_short_circuit_decorator.py
[2024-11-23T03:18:26.190+0000] {logging_mixin.py:137} INFO - [2024-11-23T03:18:26.190+0000] {dag.py:2690} INFO - Sync 1 DAGs
[2024-11-23T03:18:26.212+0000] {logging_mixin.py:137} INFO - [2024-11-23T03:18:26.212+0000] {dag.py:3441} INFO - Setting next_dagrun for example_short_circuit_decorator to 2024-11-22T03:18:26.212116+00:00, run_after=2024-11-23T03:18:26.212116+00:00
[2024-11-23T03:18:26.226+0000] {processor.py:175} INFO - Processing /home/airflow/.local/lib/python3.7/site-packages/airflow/example_dags/example_short_circuit_decorator.py took 0.081 seconds
[2024-11-23T03:18:56.347+0000] {processor.py:153} INFO - Started process (PID=2158) to work on /home/airflow/.local/lib/python3.7/site-packages/airflow/example_dags/example_short_circuit_decorator.py
[2024-11-23T03:18:56.349+0000] {processor.py:743} INFO - Processing file /home/airflow/.local/lib/python3.7/site-packages/airflow/example_dags/example_short_circuit_decorator.py for tasks to queue
[2024-11-23T03:18:56.349+0000] {logging_mixin.py:137} INFO - [2024-11-23T03:18:56.349+0000] {dagbag.py:538} INFO - Filling up the DagBag from /home/airflow/.local/lib/python3.7/site-packages/airflow/example_dags/example_short_circuit_decorator.py
[2024-11-23T03:18:56.369+0000] {processor.py:753} INFO - DAG(s) dict_keys(['example_short_circuit_decorator']) retrieved from /home/airflow/.local/lib/python3.7/site-packages/airflow/example_dags/example_short_circuit_decorator.py
[2024-11-23T03:18:56.393+0000] {logging_mixin.py:137} INFO - [2024-11-23T03:18:56.393+0000] {dag.py:2690} INFO - Sync 1 DAGs
[2024-11-23T03:18:56.413+0000] {logging_mixin.py:137} INFO - [2024-11-23T03:18:56.413+0000] {dag.py:3441} INFO - Setting next_dagrun for example_short_circuit_decorator to 2024-11-22T03:18:56.413472+00:00, run_after=2024-11-23T03:18:56.413472+00:00
[2024-11-23T03:18:56.430+0000] {processor.py:175} INFO - Processing /home/airflow/.local/lib/python3.7/site-packages/airflow/example_dags/example_short_circuit_decorator.py took 0.086 seconds
[2024-11-23T03:19:26.744+0000] {processor.py:153} INFO - Started process (PID=2231) to work on /home/airflow/.local/lib/python3.7/site-packages/airflow/example_dags/example_short_circuit_decorator.py
[2024-11-23T03:19:26.748+0000] {processor.py:743} INFO - Processing file /home/airflow/.local/lib/python3.7/site-packages/airflow/example_dags/example_short_circuit_decorator.py for tasks to queue
[2024-11-23T03:19:26.749+0000] {logging_mixin.py:137} INFO - [2024-11-23T03:19:26.749+0000] {dagbag.py:538} INFO - Filling up the DagBag from /home/airflow/.local/lib/python3.7/site-packages/airflow/example_dags/example_short_circuit_decorator.py
[2024-11-23T03:19:26.769+0000] {processor.py:753} INFO - DAG(s) dict_keys(['example_short_circuit_decorator']) retrieved from /home/airflow/.local/lib/python3.7/site-packages/airflow/example_dags/example_short_circuit_decorator.py
[2024-11-23T03:19:26.789+0000] {logging_mixin.py:137} INFO - [2024-11-23T03:19:26.789+0000] {dag.py:2690} INFO - Sync 1 DAGs
[2024-11-23T03:19:26.809+0000] {logging_mixin.py:137} INFO - [2024-11-23T03:19:26.809+0000] {dag.py:3441} INFO - Setting next_dagrun for example_short_circuit_decorator to 2024-11-22T03:19:26.808840+00:00, run_after=2024-11-23T03:19:26.808840+00:00
[2024-11-23T03:19:26.820+0000] {processor.py:175} INFO - Processing /home/airflow/.local/lib/python3.7/site-packages/airflow/example_dags/example_short_circuit_decorator.py took 0.081 seconds
[2024-11-23T03:19:57.134+0000] {processor.py:153} INFO - Started process (PID=2321) to work on /home/airflow/.local/lib/python3.7/site-packages/airflow/example_dags/example_short_circuit_decorator.py
[2024-11-23T03:19:57.135+0000] {processor.py:743} INFO - Processing file /home/airflow/.local/lib/python3.7/site-packages/airflow/example_dags/example_short_circuit_decorator.py for tasks to queue
[2024-11-23T03:19:57.137+0000] {logging_mixin.py:137} INFO - [2024-11-23T03:19:57.136+0000] {dagbag.py:538} INFO - Filling up the DagBag from /home/airflow/.local/lib/python3.7/site-packages/airflow/example_dags/example_short_circuit_decorator.py
[2024-11-23T03:19:57.157+0000] {processor.py:753} INFO - DAG(s) dict_keys(['example_short_circuit_decorator']) retrieved from /home/airflow/.local/lib/python3.7/site-packages/airflow/example_dags/example_short_circuit_decorator.py
[2024-11-23T03:19:57.180+0000] {logging_mixin.py:137} INFO - [2024-11-23T03:19:57.180+0000] {dag.py:2690} INFO - Sync 1 DAGs
[2024-11-23T03:19:57.208+0000] {logging_mixin.py:137} INFO - [2024-11-23T03:19:57.208+0000] {dag.py:3441} INFO - Setting next_dagrun for example_short_circuit_decorator to 2024-11-22T03:19:57.207928+00:00, run_after=2024-11-23T03:19:57.207928+00:00
[2024-11-23T03:19:57.226+0000] {processor.py:175} INFO - Processing /home/airflow/.local/lib/python3.7/site-packages/airflow/example_dags/example_short_circuit_decorator.py took 0.096 seconds
