[2024-11-23T02:53:04.629+0000] {processor.py:153} INFO - Started process (PID=88) to work on /home/airflow/.local/lib/python3.7/site-packages/airflow/example_dags/tutorial.py
[2024-11-23T02:53:04.631+0000] {processor.py:743} INFO - Processing file /home/airflow/.local/lib/python3.7/site-packages/airflow/example_dags/tutorial.py for tasks to queue
[2024-11-23T02:53:04.633+0000] {logging_mixin.py:137} INFO - [2024-11-23T02:53:04.633+0000] {dagbag.py:538} INFO - Filling up the DagBag from /home/airflow/.local/lib/python3.7/site-packages/airflow/example_dags/tutorial.py
[2024-11-23T02:53:04.663+0000] {processor.py:753} INFO - DAG(s) dict_keys(['tutorial']) retrieved from /home/airflow/.local/lib/python3.7/site-packages/airflow/example_dags/tutorial.py
[2024-11-23T02:53:04.722+0000] {logging_mixin.py:137} INFO - [2024-11-23T02:53:04.722+0000] {dag.py:2690} INFO - Sync 1 DAGs
[2024-11-23T02:53:04.784+0000] {logging_mixin.py:137} INFO - [2024-11-23T02:53:04.784+0000] {dag.py:3441} INFO - Setting next_dagrun for tutorial to 2024-11-22T02:53:04.783332+00:00, run_after=2024-11-23T02:53:04.783332+00:00
[2024-11-23T02:53:04.829+0000] {processor.py:175} INFO - Processing /home/airflow/.local/lib/python3.7/site-packages/airflow/example_dags/tutorial.py took 0.206 seconds
[2024-11-23T02:53:35.512+0000] {processor.py:153} INFO - Started process (PID=162) to work on /home/airflow/.local/lib/python3.7/site-packages/airflow/example_dags/tutorial.py
[2024-11-23T02:53:35.512+0000] {processor.py:743} INFO - Processing file /home/airflow/.local/lib/python3.7/site-packages/airflow/example_dags/tutorial.py for tasks to queue
[2024-11-23T02:53:35.513+0000] {logging_mixin.py:137} INFO - [2024-11-23T02:53:35.513+0000] {dagbag.py:538} INFO - Filling up the DagBag from /home/airflow/.local/lib/python3.7/site-packages/airflow/example_dags/tutorial.py
[2024-11-23T02:53:35.524+0000] {processor.py:753} INFO - DAG(s) dict_keys(['tutorial']) retrieved from /home/airflow/.local/lib/python3.7/site-packages/airflow/example_dags/tutorial.py
[2024-11-23T02:53:35.546+0000] {logging_mixin.py:137} INFO - [2024-11-23T02:53:35.545+0000] {dag.py:2690} INFO - Sync 1 DAGs
[2024-11-23T02:53:35.564+0000] {logging_mixin.py:137} INFO - [2024-11-23T02:53:35.564+0000] {dag.py:3441} INFO - Setting next_dagrun for tutorial to 2024-11-22T02:53:35.564302+00:00, run_after=2024-11-23T02:53:35.564302+00:00
[2024-11-23T02:53:35.578+0000] {processor.py:175} INFO - Processing /home/airflow/.local/lib/python3.7/site-packages/airflow/example_dags/tutorial.py took 0.069 seconds
[2024-11-23T02:54:06.477+0000] {processor.py:153} INFO - Started process (PID=252) to work on /home/airflow/.local/lib/python3.7/site-packages/airflow/example_dags/tutorial.py
[2024-11-23T02:54:06.478+0000] {processor.py:743} INFO - Processing file /home/airflow/.local/lib/python3.7/site-packages/airflow/example_dags/tutorial.py for tasks to queue
[2024-11-23T02:54:06.479+0000] {logging_mixin.py:137} INFO - [2024-11-23T02:54:06.479+0000] {dagbag.py:538} INFO - Filling up the DagBag from /home/airflow/.local/lib/python3.7/site-packages/airflow/example_dags/tutorial.py
[2024-11-23T02:54:06.493+0000] {processor.py:753} INFO - DAG(s) dict_keys(['tutorial']) retrieved from /home/airflow/.local/lib/python3.7/site-packages/airflow/example_dags/tutorial.py
[2024-11-23T02:54:06.522+0000] {logging_mixin.py:137} INFO - [2024-11-23T02:54:06.521+0000] {dag.py:2690} INFO - Sync 1 DAGs
[2024-11-23T02:54:06.553+0000] {logging_mixin.py:137} INFO - [2024-11-23T02:54:06.553+0000] {dag.py:3441} INFO - Setting next_dagrun for tutorial to 2024-11-22T02:54:06.553194+00:00, run_after=2024-11-23T02:54:06.553194+00:00
[2024-11-23T02:54:06.578+0000] {processor.py:175} INFO - Processing /home/airflow/.local/lib/python3.7/site-packages/airflow/example_dags/tutorial.py took 0.105 seconds
[2024-11-23T02:54:37.246+0000] {processor.py:153} INFO - Started process (PID=326) to work on /home/airflow/.local/lib/python3.7/site-packages/airflow/example_dags/tutorial.py
[2024-11-23T02:54:37.247+0000] {processor.py:743} INFO - Processing file /home/airflow/.local/lib/python3.7/site-packages/airflow/example_dags/tutorial.py for tasks to queue
[2024-11-23T02:54:37.248+0000] {logging_mixin.py:137} INFO - [2024-11-23T02:54:37.248+0000] {dagbag.py:538} INFO - Filling up the DagBag from /home/airflow/.local/lib/python3.7/site-packages/airflow/example_dags/tutorial.py
[2024-11-23T02:54:37.257+0000] {processor.py:753} INFO - DAG(s) dict_keys(['tutorial']) retrieved from /home/airflow/.local/lib/python3.7/site-packages/airflow/example_dags/tutorial.py
[2024-11-23T02:54:37.275+0000] {logging_mixin.py:137} INFO - [2024-11-23T02:54:37.275+0000] {dag.py:2690} INFO - Sync 1 DAGs
[2024-11-23T02:54:37.291+0000] {logging_mixin.py:137} INFO - [2024-11-23T02:54:37.291+0000] {dag.py:3441} INFO - Setting next_dagrun for tutorial to 2024-11-22T02:54:37.291624+00:00, run_after=2024-11-23T02:54:37.291624+00:00
[2024-11-23T02:54:37.303+0000] {processor.py:175} INFO - Processing /home/airflow/.local/lib/python3.7/site-packages/airflow/example_dags/tutorial.py took 0.059 seconds
[2024-11-23T02:55:31.905+0000] {processor.py:153} INFO - Started process (PID=88) to work on /home/airflow/.local/lib/python3.7/site-packages/airflow/example_dags/tutorial.py
[2024-11-23T02:55:31.909+0000] {processor.py:743} INFO - Processing file /home/airflow/.local/lib/python3.7/site-packages/airflow/example_dags/tutorial.py for tasks to queue
[2024-11-23T02:55:31.914+0000] {logging_mixin.py:137} INFO - [2024-11-23T02:55:31.914+0000] {dagbag.py:538} INFO - Filling up the DagBag from /home/airflow/.local/lib/python3.7/site-packages/airflow/example_dags/tutorial.py
[2024-11-23T02:55:31.964+0000] {processor.py:753} INFO - DAG(s) dict_keys(['tutorial']) retrieved from /home/airflow/.local/lib/python3.7/site-packages/airflow/example_dags/tutorial.py
[2024-11-23T02:55:32.047+0000] {logging_mixin.py:137} INFO - [2024-11-23T02:55:32.047+0000] {dag.py:2690} INFO - Sync 1 DAGs
[2024-11-23T02:55:32.094+0000] {logging_mixin.py:137} INFO - [2024-11-23T02:55:32.094+0000] {dag.py:3441} INFO - Setting next_dagrun for tutorial to 2024-11-22T02:55:32.093995+00:00, run_after=2024-11-23T02:55:32.093995+00:00
[2024-11-23T02:55:32.146+0000] {processor.py:175} INFO - Processing /home/airflow/.local/lib/python3.7/site-packages/airflow/example_dags/tutorial.py took 0.246 seconds
[2024-11-23T02:56:03.938+0000] {processor.py:153} INFO - Started process (PID=162) to work on /home/airflow/.local/lib/python3.7/site-packages/airflow/example_dags/tutorial.py
[2024-11-23T02:56:03.939+0000] {processor.py:743} INFO - Processing file /home/airflow/.local/lib/python3.7/site-packages/airflow/example_dags/tutorial.py for tasks to queue
[2024-11-23T02:56:03.941+0000] {logging_mixin.py:137} INFO - [2024-11-23T02:56:03.941+0000] {dagbag.py:538} INFO - Filling up the DagBag from /home/airflow/.local/lib/python3.7/site-packages/airflow/example_dags/tutorial.py
[2024-11-23T02:56:03.952+0000] {processor.py:753} INFO - DAG(s) dict_keys(['tutorial']) retrieved from /home/airflow/.local/lib/python3.7/site-packages/airflow/example_dags/tutorial.py
[2024-11-23T02:56:03.979+0000] {logging_mixin.py:137} INFO - [2024-11-23T02:56:03.979+0000] {dag.py:2690} INFO - Sync 1 DAGs
[2024-11-23T02:56:04.000+0000] {logging_mixin.py:137} INFO - [2024-11-23T02:56:04.000+0000] {dag.py:3441} INFO - Setting next_dagrun for tutorial to 2024-11-22T02:56:04.000347+00:00, run_after=2024-11-23T02:56:04.000347+00:00
[2024-11-23T02:56:04.015+0000] {processor.py:175} INFO - Processing /home/airflow/.local/lib/python3.7/site-packages/airflow/example_dags/tutorial.py took 0.079 seconds
[2024-11-23T02:56:34.446+0000] {processor.py:153} INFO - Started process (PID=252) to work on /home/airflow/.local/lib/python3.7/site-packages/airflow/example_dags/tutorial.py
[2024-11-23T02:56:34.447+0000] {processor.py:743} INFO - Processing file /home/airflow/.local/lib/python3.7/site-packages/airflow/example_dags/tutorial.py for tasks to queue
[2024-11-23T02:56:34.447+0000] {logging_mixin.py:137} INFO - [2024-11-23T02:56:34.447+0000] {dagbag.py:538} INFO - Filling up the DagBag from /home/airflow/.local/lib/python3.7/site-packages/airflow/example_dags/tutorial.py
[2024-11-23T02:56:34.457+0000] {processor.py:753} INFO - DAG(s) dict_keys(['tutorial']) retrieved from /home/airflow/.local/lib/python3.7/site-packages/airflow/example_dags/tutorial.py
[2024-11-23T02:56:34.481+0000] {logging_mixin.py:137} INFO - [2024-11-23T02:56:34.481+0000] {dag.py:2690} INFO - Sync 1 DAGs
[2024-11-23T02:56:34.503+0000] {logging_mixin.py:137} INFO - [2024-11-23T02:56:34.503+0000] {dag.py:3441} INFO - Setting next_dagrun for tutorial to 2024-11-22T02:56:34.503375+00:00, run_after=2024-11-23T02:56:34.503375+00:00
[2024-11-23T02:56:34.519+0000] {processor.py:175} INFO - Processing /home/airflow/.local/lib/python3.7/site-packages/airflow/example_dags/tutorial.py took 0.075 seconds
[2024-11-23T02:57:05.260+0000] {processor.py:153} INFO - Started process (PID=326) to work on /home/airflow/.local/lib/python3.7/site-packages/airflow/example_dags/tutorial.py
[2024-11-23T02:57:05.261+0000] {processor.py:743} INFO - Processing file /home/airflow/.local/lib/python3.7/site-packages/airflow/example_dags/tutorial.py for tasks to queue
[2024-11-23T02:57:05.262+0000] {logging_mixin.py:137} INFO - [2024-11-23T02:57:05.262+0000] {dagbag.py:538} INFO - Filling up the DagBag from /home/airflow/.local/lib/python3.7/site-packages/airflow/example_dags/tutorial.py
[2024-11-23T02:57:05.273+0000] {processor.py:753} INFO - DAG(s) dict_keys(['tutorial']) retrieved from /home/airflow/.local/lib/python3.7/site-packages/airflow/example_dags/tutorial.py
[2024-11-23T02:57:05.293+0000] {logging_mixin.py:137} INFO - [2024-11-23T02:57:05.293+0000] {dag.py:2690} INFO - Sync 1 DAGs
[2024-11-23T02:57:05.313+0000] {logging_mixin.py:137} INFO - [2024-11-23T02:57:05.313+0000] {dag.py:3441} INFO - Setting next_dagrun for tutorial to 2024-11-22T02:57:05.313102+00:00, run_after=2024-11-23T02:57:05.313102+00:00
[2024-11-23T02:57:05.325+0000] {processor.py:175} INFO - Processing /home/airflow/.local/lib/python3.7/site-packages/airflow/example_dags/tutorial.py took 0.068 seconds
[2024-11-23T02:57:36.452+0000] {processor.py:153} INFO - Started process (PID=416) to work on /home/airflow/.local/lib/python3.7/site-packages/airflow/example_dags/tutorial.py
[2024-11-23T02:57:36.453+0000] {processor.py:743} INFO - Processing file /home/airflow/.local/lib/python3.7/site-packages/airflow/example_dags/tutorial.py for tasks to queue
[2024-11-23T02:57:36.454+0000] {logging_mixin.py:137} INFO - [2024-11-23T02:57:36.454+0000] {dagbag.py:538} INFO - Filling up the DagBag from /home/airflow/.local/lib/python3.7/site-packages/airflow/example_dags/tutorial.py
[2024-11-23T02:57:36.467+0000] {processor.py:753} INFO - DAG(s) dict_keys(['tutorial']) retrieved from /home/airflow/.local/lib/python3.7/site-packages/airflow/example_dags/tutorial.py
[2024-11-23T02:57:36.492+0000] {logging_mixin.py:137} INFO - [2024-11-23T02:57:36.492+0000] {dag.py:2690} INFO - Sync 1 DAGs
[2024-11-23T02:57:36.524+0000] {logging_mixin.py:137} INFO - [2024-11-23T02:57:36.523+0000] {dag.py:3441} INFO - Setting next_dagrun for tutorial to 2024-11-22T02:57:36.523613+00:00, run_after=2024-11-23T02:57:36.523613+00:00
[2024-11-23T02:57:36.555+0000] {processor.py:175} INFO - Processing /home/airflow/.local/lib/python3.7/site-packages/airflow/example_dags/tutorial.py took 0.106 seconds
[2024-11-23T02:58:41.898+0000] {processor.py:153} INFO - Started process (PID=87) to work on /home/airflow/.local/lib/python3.7/site-packages/airflow/example_dags/tutorial.py
[2024-11-23T02:58:41.904+0000] {processor.py:743} INFO - Processing file /home/airflow/.local/lib/python3.7/site-packages/airflow/example_dags/tutorial.py for tasks to queue
[2024-11-23T02:58:41.908+0000] {logging_mixin.py:137} INFO - [2024-11-23T02:58:41.908+0000] {dagbag.py:538} INFO - Filling up the DagBag from /home/airflow/.local/lib/python3.7/site-packages/airflow/example_dags/tutorial.py
[2024-11-23T02:58:41.936+0000] {processor.py:753} INFO - DAG(s) dict_keys(['tutorial']) retrieved from /home/airflow/.local/lib/python3.7/site-packages/airflow/example_dags/tutorial.py
[2024-11-23T02:58:41.969+0000] {logging_mixin.py:137} INFO - [2024-11-23T02:58:41.969+0000] {dag.py:2690} INFO - Sync 1 DAGs
[2024-11-23T02:58:42.019+0000] {logging_mixin.py:137} INFO - [2024-11-23T02:58:42.018+0000] {dag.py:3441} INFO - Setting next_dagrun for tutorial to 2024-11-22T02:58:42.018446+00:00, run_after=2024-11-23T02:58:42.018446+00:00
[2024-11-23T02:58:42.081+0000] {processor.py:175} INFO - Processing /home/airflow/.local/lib/python3.7/site-packages/airflow/example_dags/tutorial.py took 0.190 seconds
[2024-11-23T02:59:12.656+0000] {processor.py:153} INFO - Started process (PID=161) to work on /home/airflow/.local/lib/python3.7/site-packages/airflow/example_dags/tutorial.py
[2024-11-23T02:59:12.657+0000] {processor.py:743} INFO - Processing file /home/airflow/.local/lib/python3.7/site-packages/airflow/example_dags/tutorial.py for tasks to queue
[2024-11-23T02:59:12.658+0000] {logging_mixin.py:137} INFO - [2024-11-23T02:59:12.658+0000] {dagbag.py:538} INFO - Filling up the DagBag from /home/airflow/.local/lib/python3.7/site-packages/airflow/example_dags/tutorial.py
[2024-11-23T02:59:12.671+0000] {processor.py:753} INFO - DAG(s) dict_keys(['tutorial']) retrieved from /home/airflow/.local/lib/python3.7/site-packages/airflow/example_dags/tutorial.py
[2024-11-23T02:59:12.697+0000] {logging_mixin.py:137} INFO - [2024-11-23T02:59:12.697+0000] {dag.py:2690} INFO - Sync 1 DAGs
[2024-11-23T02:59:12.725+0000] {logging_mixin.py:137} INFO - [2024-11-23T02:59:12.725+0000] {dag.py:3441} INFO - Setting next_dagrun for tutorial to 2024-11-22T02:59:12.725305+00:00, run_after=2024-11-23T02:59:12.725305+00:00
[2024-11-23T02:59:12.752+0000] {processor.py:175} INFO - Processing /home/airflow/.local/lib/python3.7/site-packages/airflow/example_dags/tutorial.py took 0.098 seconds
[2024-11-23T02:59:43.099+0000] {processor.py:153} INFO - Started process (PID=251) to work on /home/airflow/.local/lib/python3.7/site-packages/airflow/example_dags/tutorial.py
[2024-11-23T02:59:43.100+0000] {processor.py:743} INFO - Processing file /home/airflow/.local/lib/python3.7/site-packages/airflow/example_dags/tutorial.py for tasks to queue
[2024-11-23T02:59:43.101+0000] {logging_mixin.py:137} INFO - [2024-11-23T02:59:43.101+0000] {dagbag.py:538} INFO - Filling up the DagBag from /home/airflow/.local/lib/python3.7/site-packages/airflow/example_dags/tutorial.py
[2024-11-23T02:59:43.111+0000] {processor.py:753} INFO - DAG(s) dict_keys(['tutorial']) retrieved from /home/airflow/.local/lib/python3.7/site-packages/airflow/example_dags/tutorial.py
[2024-11-23T02:59:43.133+0000] {logging_mixin.py:137} INFO - [2024-11-23T02:59:43.133+0000] {dag.py:2690} INFO - Sync 1 DAGs
[2024-11-23T02:59:43.153+0000] {logging_mixin.py:137} INFO - [2024-11-23T02:59:43.153+0000] {dag.py:3441} INFO - Setting next_dagrun for tutorial to 2024-11-22T02:59:43.152861+00:00, run_after=2024-11-23T02:59:43.152861+00:00
[2024-11-23T02:59:43.174+0000] {processor.py:175} INFO - Processing /home/airflow/.local/lib/python3.7/site-packages/airflow/example_dags/tutorial.py took 0.078 seconds
[2024-11-23T03:00:13.470+0000] {processor.py:153} INFO - Started process (PID=325) to work on /home/airflow/.local/lib/python3.7/site-packages/airflow/example_dags/tutorial.py
[2024-11-23T03:00:13.473+0000] {processor.py:743} INFO - Processing file /home/airflow/.local/lib/python3.7/site-packages/airflow/example_dags/tutorial.py for tasks to queue
[2024-11-23T03:00:13.474+0000] {logging_mixin.py:137} INFO - [2024-11-23T03:00:13.474+0000] {dagbag.py:538} INFO - Filling up the DagBag from /home/airflow/.local/lib/python3.7/site-packages/airflow/example_dags/tutorial.py
[2024-11-23T03:00:13.484+0000] {processor.py:753} INFO - DAG(s) dict_keys(['tutorial']) retrieved from /home/airflow/.local/lib/python3.7/site-packages/airflow/example_dags/tutorial.py
[2024-11-23T03:00:13.503+0000] {logging_mixin.py:137} INFO - [2024-11-23T03:00:13.503+0000] {dag.py:2690} INFO - Sync 1 DAGs
[2024-11-23T03:00:13.528+0000] {logging_mixin.py:137} INFO - [2024-11-23T03:00:13.528+0000] {dag.py:3441} INFO - Setting next_dagrun for tutorial to 2024-11-22T03:00:13.528287+00:00, run_after=2024-11-23T03:00:13.528287+00:00
[2024-11-23T03:00:13.547+0000] {processor.py:175} INFO - Processing /home/airflow/.local/lib/python3.7/site-packages/airflow/example_dags/tutorial.py took 0.079 seconds
[2024-11-23T03:00:44.382+0000] {processor.py:153} INFO - Started process (PID=415) to work on /home/airflow/.local/lib/python3.7/site-packages/airflow/example_dags/tutorial.py
[2024-11-23T03:00:44.384+0000] {processor.py:743} INFO - Processing file /home/airflow/.local/lib/python3.7/site-packages/airflow/example_dags/tutorial.py for tasks to queue
[2024-11-23T03:00:44.385+0000] {logging_mixin.py:137} INFO - [2024-11-23T03:00:44.385+0000] {dagbag.py:538} INFO - Filling up the DagBag from /home/airflow/.local/lib/python3.7/site-packages/airflow/example_dags/tutorial.py
[2024-11-23T03:00:44.395+0000] {processor.py:753} INFO - DAG(s) dict_keys(['tutorial']) retrieved from /home/airflow/.local/lib/python3.7/site-packages/airflow/example_dags/tutorial.py
[2024-11-23T03:00:44.416+0000] {logging_mixin.py:137} INFO - [2024-11-23T03:00:44.416+0000] {dag.py:2690} INFO - Sync 1 DAGs
[2024-11-23T03:00:44.436+0000] {logging_mixin.py:137} INFO - [2024-11-23T03:00:44.436+0000] {dag.py:3441} INFO - Setting next_dagrun for tutorial to 2024-11-22T03:00:44.436433+00:00, run_after=2024-11-23T03:00:44.436433+00:00
[2024-11-23T03:00:44.448+0000] {processor.py:175} INFO - Processing /home/airflow/.local/lib/python3.7/site-packages/airflow/example_dags/tutorial.py took 0.068 seconds
[2024-11-23T03:01:14.685+0000] {processor.py:153} INFO - Started process (PID=489) to work on /home/airflow/.local/lib/python3.7/site-packages/airflow/example_dags/tutorial.py
[2024-11-23T03:01:14.685+0000] {processor.py:743} INFO - Processing file /home/airflow/.local/lib/python3.7/site-packages/airflow/example_dags/tutorial.py for tasks to queue
[2024-11-23T03:01:14.686+0000] {logging_mixin.py:137} INFO - [2024-11-23T03:01:14.686+0000] {dagbag.py:538} INFO - Filling up the DagBag from /home/airflow/.local/lib/python3.7/site-packages/airflow/example_dags/tutorial.py
[2024-11-23T03:01:14.698+0000] {processor.py:753} INFO - DAG(s) dict_keys(['tutorial']) retrieved from /home/airflow/.local/lib/python3.7/site-packages/airflow/example_dags/tutorial.py
[2024-11-23T03:01:14.720+0000] {logging_mixin.py:137} INFO - [2024-11-23T03:01:14.720+0000] {dag.py:2690} INFO - Sync 1 DAGs
[2024-11-23T03:01:14.742+0000] {logging_mixin.py:137} INFO - [2024-11-23T03:01:14.742+0000] {dag.py:3441} INFO - Setting next_dagrun for tutorial to 2024-11-22T03:01:14.742313+00:00, run_after=2024-11-23T03:01:14.742313+00:00
[2024-11-23T03:01:14.759+0000] {processor.py:175} INFO - Processing /home/airflow/.local/lib/python3.7/site-packages/airflow/example_dags/tutorial.py took 0.077 seconds
[2024-11-23T03:01:44.855+0000] {processor.py:153} INFO - Started process (PID=579) to work on /home/airflow/.local/lib/python3.7/site-packages/airflow/example_dags/tutorial.py
[2024-11-23T03:01:44.856+0000] {processor.py:743} INFO - Processing file /home/airflow/.local/lib/python3.7/site-packages/airflow/example_dags/tutorial.py for tasks to queue
[2024-11-23T03:01:44.857+0000] {logging_mixin.py:137} INFO - [2024-11-23T03:01:44.857+0000] {dagbag.py:538} INFO - Filling up the DagBag from /home/airflow/.local/lib/python3.7/site-packages/airflow/example_dags/tutorial.py
[2024-11-23T03:01:44.868+0000] {processor.py:753} INFO - DAG(s) dict_keys(['tutorial']) retrieved from /home/airflow/.local/lib/python3.7/site-packages/airflow/example_dags/tutorial.py
[2024-11-23T03:01:44.889+0000] {logging_mixin.py:137} INFO - [2024-11-23T03:01:44.889+0000] {dag.py:2690} INFO - Sync 1 DAGs
[2024-11-23T03:01:44.906+0000] {logging_mixin.py:137} INFO - [2024-11-23T03:01:44.906+0000] {dag.py:3441} INFO - Setting next_dagrun for tutorial to 2024-11-22T03:01:44.905984+00:00, run_after=2024-11-23T03:01:44.905984+00:00
[2024-11-23T03:01:44.920+0000] {processor.py:175} INFO - Processing /home/airflow/.local/lib/python3.7/site-packages/airflow/example_dags/tutorial.py took 0.067 seconds
[2024-11-23T03:02:15.245+0000] {processor.py:153} INFO - Started process (PID=653) to work on /home/airflow/.local/lib/python3.7/site-packages/airflow/example_dags/tutorial.py
[2024-11-23T03:02:15.246+0000] {processor.py:743} INFO - Processing file /home/airflow/.local/lib/python3.7/site-packages/airflow/example_dags/tutorial.py for tasks to queue
[2024-11-23T03:02:15.246+0000] {logging_mixin.py:137} INFO - [2024-11-23T03:02:15.246+0000] {dagbag.py:538} INFO - Filling up the DagBag from /home/airflow/.local/lib/python3.7/site-packages/airflow/example_dags/tutorial.py
[2024-11-23T03:02:15.256+0000] {processor.py:753} INFO - DAG(s) dict_keys(['tutorial']) retrieved from /home/airflow/.local/lib/python3.7/site-packages/airflow/example_dags/tutorial.py
[2024-11-23T03:02:15.272+0000] {logging_mixin.py:137} INFO - [2024-11-23T03:02:15.272+0000] {dag.py:2690} INFO - Sync 1 DAGs
[2024-11-23T03:02:15.287+0000] {logging_mixin.py:137} INFO - [2024-11-23T03:02:15.287+0000] {dag.py:3441} INFO - Setting next_dagrun for tutorial to 2024-11-22T03:02:15.287427+00:00, run_after=2024-11-23T03:02:15.287427+00:00
[2024-11-23T03:02:15.303+0000] {processor.py:175} INFO - Processing /home/airflow/.local/lib/python3.7/site-packages/airflow/example_dags/tutorial.py took 0.060 seconds
[2024-11-23T03:03:08.624+0000] {processor.py:153} INFO - Started process (PID=87) to work on /home/airflow/.local/lib/python3.7/site-packages/airflow/example_dags/tutorial.py
[2024-11-23T03:03:08.628+0000] {processor.py:743} INFO - Processing file /home/airflow/.local/lib/python3.7/site-packages/airflow/example_dags/tutorial.py for tasks to queue
[2024-11-23T03:03:08.631+0000] {logging_mixin.py:137} INFO - [2024-11-23T03:03:08.630+0000] {dagbag.py:538} INFO - Filling up the DagBag from /home/airflow/.local/lib/python3.7/site-packages/airflow/example_dags/tutorial.py
[2024-11-23T03:03:08.666+0000] {processor.py:753} INFO - DAG(s) dict_keys(['tutorial']) retrieved from /home/airflow/.local/lib/python3.7/site-packages/airflow/example_dags/tutorial.py
[2024-11-23T03:03:08.694+0000] {logging_mixin.py:137} INFO - [2024-11-23T03:03:08.694+0000] {dag.py:2690} INFO - Sync 1 DAGs
[2024-11-23T03:03:08.752+0000] {logging_mixin.py:137} INFO - [2024-11-23T03:03:08.752+0000] {dag.py:3441} INFO - Setting next_dagrun for tutorial to 2024-11-22T03:03:08.752167+00:00, run_after=2024-11-23T03:03:08.752167+00:00
[2024-11-23T03:03:08.826+0000] {processor.py:175} INFO - Processing /home/airflow/.local/lib/python3.7/site-packages/airflow/example_dags/tutorial.py took 0.209 seconds
[2024-11-23T03:03:38.884+0000] {processor.py:153} INFO - Started process (PID=161) to work on /home/airflow/.local/lib/python3.7/site-packages/airflow/example_dags/tutorial.py
[2024-11-23T03:03:38.885+0000] {processor.py:743} INFO - Processing file /home/airflow/.local/lib/python3.7/site-packages/airflow/example_dags/tutorial.py for tasks to queue
[2024-11-23T03:03:38.886+0000] {logging_mixin.py:137} INFO - [2024-11-23T03:03:38.886+0000] {dagbag.py:538} INFO - Filling up the DagBag from /home/airflow/.local/lib/python3.7/site-packages/airflow/example_dags/tutorial.py
[2024-11-23T03:03:38.895+0000] {processor.py:753} INFO - DAG(s) dict_keys(['tutorial']) retrieved from /home/airflow/.local/lib/python3.7/site-packages/airflow/example_dags/tutorial.py
[2024-11-23T03:03:38.916+0000] {logging_mixin.py:137} INFO - [2024-11-23T03:03:38.916+0000] {dag.py:2690} INFO - Sync 1 DAGs
[2024-11-23T03:03:38.937+0000] {logging_mixin.py:137} INFO - [2024-11-23T03:03:38.936+0000] {dag.py:3441} INFO - Setting next_dagrun for tutorial to 2024-11-22T03:03:38.936736+00:00, run_after=2024-11-23T03:03:38.936736+00:00
[2024-11-23T03:03:38.950+0000] {processor.py:175} INFO - Processing /home/airflow/.local/lib/python3.7/site-packages/airflow/example_dags/tutorial.py took 0.068 seconds
[2024-11-23T03:06:17.233+0000] {processor.py:153} INFO - Started process (PID=87) to work on /home/airflow/.local/lib/python3.7/site-packages/airflow/example_dags/tutorial.py
[2024-11-23T03:06:17.234+0000] {processor.py:743} INFO - Processing file /home/airflow/.local/lib/python3.7/site-packages/airflow/example_dags/tutorial.py for tasks to queue
[2024-11-23T03:06:17.236+0000] {logging_mixin.py:137} INFO - [2024-11-23T03:06:17.236+0000] {dagbag.py:538} INFO - Filling up the DagBag from /home/airflow/.local/lib/python3.7/site-packages/airflow/example_dags/tutorial.py
[2024-11-23T03:06:17.255+0000] {processor.py:753} INFO - DAG(s) dict_keys(['tutorial']) retrieved from /home/airflow/.local/lib/python3.7/site-packages/airflow/example_dags/tutorial.py
[2024-11-23T03:06:17.287+0000] {logging_mixin.py:137} INFO - [2024-11-23T03:06:17.287+0000] {dag.py:2690} INFO - Sync 1 DAGs
[2024-11-23T03:06:17.480+0000] {logging_mixin.py:137} INFO - [2024-11-23T03:06:17.472+0000] {dag.py:3441} INFO - Setting next_dagrun for tutorial to 2024-11-22T03:06:17.468754+00:00, run_after=2024-11-23T03:06:17.468754+00:00
[2024-11-23T03:06:17.740+0000] {processor.py:175} INFO - Processing /home/airflow/.local/lib/python3.7/site-packages/airflow/example_dags/tutorial.py took 0.511 seconds
[2024-11-23T03:06:48.313+0000] {processor.py:153} INFO - Started process (PID=161) to work on /home/airflow/.local/lib/python3.7/site-packages/airflow/example_dags/tutorial.py
[2024-11-23T03:06:48.314+0000] {processor.py:743} INFO - Processing file /home/airflow/.local/lib/python3.7/site-packages/airflow/example_dags/tutorial.py for tasks to queue
[2024-11-23T03:06:48.316+0000] {logging_mixin.py:137} INFO - [2024-11-23T03:06:48.315+0000] {dagbag.py:538} INFO - Filling up the DagBag from /home/airflow/.local/lib/python3.7/site-packages/airflow/example_dags/tutorial.py
[2024-11-23T03:06:48.336+0000] {processor.py:753} INFO - DAG(s) dict_keys(['tutorial']) retrieved from /home/airflow/.local/lib/python3.7/site-packages/airflow/example_dags/tutorial.py
[2024-11-23T03:06:48.377+0000] {logging_mixin.py:137} INFO - [2024-11-23T03:06:48.377+0000] {dag.py:2690} INFO - Sync 1 DAGs
[2024-11-23T03:06:48.422+0000] {logging_mixin.py:137} INFO - [2024-11-23T03:06:48.421+0000] {dag.py:3441} INFO - Setting next_dagrun for tutorial to 2024-11-22T03:06:48.421323+00:00, run_after=2024-11-23T03:06:48.421323+00:00
[2024-11-23T03:06:48.462+0000] {processor.py:175} INFO - Processing /home/airflow/.local/lib/python3.7/site-packages/airflow/example_dags/tutorial.py took 0.155 seconds
[2024-11-23T03:07:18.576+0000] {processor.py:153} INFO - Started process (PID=251) to work on /home/airflow/.local/lib/python3.7/site-packages/airflow/example_dags/tutorial.py
[2024-11-23T03:07:18.577+0000] {processor.py:743} INFO - Processing file /home/airflow/.local/lib/python3.7/site-packages/airflow/example_dags/tutorial.py for tasks to queue
[2024-11-23T03:07:18.579+0000] {logging_mixin.py:137} INFO - [2024-11-23T03:07:18.578+0000] {dagbag.py:538} INFO - Filling up the DagBag from /home/airflow/.local/lib/python3.7/site-packages/airflow/example_dags/tutorial.py
[2024-11-23T03:07:18.589+0000] {processor.py:753} INFO - DAG(s) dict_keys(['tutorial']) retrieved from /home/airflow/.local/lib/python3.7/site-packages/airflow/example_dags/tutorial.py
[2024-11-23T03:07:18.607+0000] {logging_mixin.py:137} INFO - [2024-11-23T03:07:18.607+0000] {dag.py:2690} INFO - Sync 1 DAGs
[2024-11-23T03:07:18.626+0000] {logging_mixin.py:137} INFO - [2024-11-23T03:07:18.626+0000] {dag.py:3441} INFO - Setting next_dagrun for tutorial to 2024-11-22T03:07:18.625867+00:00, run_after=2024-11-23T03:07:18.625867+00:00
[2024-11-23T03:07:18.636+0000] {processor.py:175} INFO - Processing /home/airflow/.local/lib/python3.7/site-packages/airflow/example_dags/tutorial.py took 0.062 seconds
[2024-11-23T03:07:48.830+0000] {processor.py:153} INFO - Started process (PID=325) to work on /home/airflow/.local/lib/python3.7/site-packages/airflow/example_dags/tutorial.py
[2024-11-23T03:07:48.830+0000] {processor.py:743} INFO - Processing file /home/airflow/.local/lib/python3.7/site-packages/airflow/example_dags/tutorial.py for tasks to queue
[2024-11-23T03:07:48.831+0000] {logging_mixin.py:137} INFO - [2024-11-23T03:07:48.831+0000] {dagbag.py:538} INFO - Filling up the DagBag from /home/airflow/.local/lib/python3.7/site-packages/airflow/example_dags/tutorial.py
[2024-11-23T03:07:48.842+0000] {processor.py:753} INFO - DAG(s) dict_keys(['tutorial']) retrieved from /home/airflow/.local/lib/python3.7/site-packages/airflow/example_dags/tutorial.py
[2024-11-23T03:07:48.866+0000] {logging_mixin.py:137} INFO - [2024-11-23T03:07:48.866+0000] {dag.py:2690} INFO - Sync 1 DAGs
[2024-11-23T03:07:48.884+0000] {logging_mixin.py:137} INFO - [2024-11-23T03:07:48.884+0000] {dag.py:3441} INFO - Setting next_dagrun for tutorial to 2024-11-22T03:07:48.883964+00:00, run_after=2024-11-23T03:07:48.883964+00:00
[2024-11-23T03:07:48.898+0000] {processor.py:175} INFO - Processing /home/airflow/.local/lib/python3.7/site-packages/airflow/example_dags/tutorial.py took 0.071 seconds
[2024-11-23T03:08:19.205+0000] {processor.py:153} INFO - Started process (PID=415) to work on /home/airflow/.local/lib/python3.7/site-packages/airflow/example_dags/tutorial.py
[2024-11-23T03:08:19.209+0000] {processor.py:743} INFO - Processing file /home/airflow/.local/lib/python3.7/site-packages/airflow/example_dags/tutorial.py for tasks to queue
[2024-11-23T03:08:19.210+0000] {logging_mixin.py:137} INFO - [2024-11-23T03:08:19.210+0000] {dagbag.py:538} INFO - Filling up the DagBag from /home/airflow/.local/lib/python3.7/site-packages/airflow/example_dags/tutorial.py
[2024-11-23T03:08:19.221+0000] {processor.py:753} INFO - DAG(s) dict_keys(['tutorial']) retrieved from /home/airflow/.local/lib/python3.7/site-packages/airflow/example_dags/tutorial.py
[2024-11-23T03:08:19.240+0000] {logging_mixin.py:137} INFO - [2024-11-23T03:08:19.240+0000] {dag.py:2690} INFO - Sync 1 DAGs
[2024-11-23T03:08:19.257+0000] {logging_mixin.py:137} INFO - [2024-11-23T03:08:19.257+0000] {dag.py:3441} INFO - Setting next_dagrun for tutorial to 2024-11-22T03:08:19.257482+00:00, run_after=2024-11-23T03:08:19.257482+00:00
[2024-11-23T03:08:19.269+0000] {processor.py:175} INFO - Processing /home/airflow/.local/lib/python3.7/site-packages/airflow/example_dags/tutorial.py took 0.066 seconds
[2024-11-23T03:08:49.384+0000] {processor.py:153} INFO - Started process (PID=488) to work on /home/airflow/.local/lib/python3.7/site-packages/airflow/example_dags/tutorial.py
[2024-11-23T03:08:49.385+0000] {processor.py:743} INFO - Processing file /home/airflow/.local/lib/python3.7/site-packages/airflow/example_dags/tutorial.py for tasks to queue
[2024-11-23T03:08:49.385+0000] {logging_mixin.py:137} INFO - [2024-11-23T03:08:49.385+0000] {dagbag.py:538} INFO - Filling up the DagBag from /home/airflow/.local/lib/python3.7/site-packages/airflow/example_dags/tutorial.py
[2024-11-23T03:08:49.397+0000] {processor.py:753} INFO - DAG(s) dict_keys(['tutorial']) retrieved from /home/airflow/.local/lib/python3.7/site-packages/airflow/example_dags/tutorial.py
[2024-11-23T03:08:49.415+0000] {logging_mixin.py:137} INFO - [2024-11-23T03:08:49.415+0000] {dag.py:2690} INFO - Sync 1 DAGs
[2024-11-23T03:08:49.435+0000] {logging_mixin.py:137} INFO - [2024-11-23T03:08:49.434+0000] {dag.py:3441} INFO - Setting next_dagrun for tutorial to 2024-11-22T03:08:49.434680+00:00, run_after=2024-11-23T03:08:49.434680+00:00
[2024-11-23T03:08:49.450+0000] {processor.py:175} INFO - Processing /home/airflow/.local/lib/python3.7/site-packages/airflow/example_dags/tutorial.py took 0.069 seconds
[2024-11-23T03:09:19.628+0000] {processor.py:153} INFO - Started process (PID=578) to work on /home/airflow/.local/lib/python3.7/site-packages/airflow/example_dags/tutorial.py
[2024-11-23T03:09:19.629+0000] {processor.py:743} INFO - Processing file /home/airflow/.local/lib/python3.7/site-packages/airflow/example_dags/tutorial.py for tasks to queue
[2024-11-23T03:09:19.629+0000] {logging_mixin.py:137} INFO - [2024-11-23T03:09:19.629+0000] {dagbag.py:538} INFO - Filling up the DagBag from /home/airflow/.local/lib/python3.7/site-packages/airflow/example_dags/tutorial.py
[2024-11-23T03:09:19.640+0000] {processor.py:753} INFO - DAG(s) dict_keys(['tutorial']) retrieved from /home/airflow/.local/lib/python3.7/site-packages/airflow/example_dags/tutorial.py
[2024-11-23T03:09:19.659+0000] {logging_mixin.py:137} INFO - [2024-11-23T03:09:19.659+0000] {dag.py:2690} INFO - Sync 1 DAGs
[2024-11-23T03:09:19.678+0000] {logging_mixin.py:137} INFO - [2024-11-23T03:09:19.677+0000] {dag.py:3441} INFO - Setting next_dagrun for tutorial to 2024-11-22T03:09:19.677757+00:00, run_after=2024-11-23T03:09:19.677757+00:00
[2024-11-23T03:09:19.689+0000] {processor.py:175} INFO - Processing /home/airflow/.local/lib/python3.7/site-packages/airflow/example_dags/tutorial.py took 0.063 seconds
[2024-11-23T03:09:49.871+0000] {processor.py:153} INFO - Started process (PID=667) to work on /home/airflow/.local/lib/python3.7/site-packages/airflow/example_dags/tutorial.py
[2024-11-23T03:09:49.873+0000] {processor.py:743} INFO - Processing file /home/airflow/.local/lib/python3.7/site-packages/airflow/example_dags/tutorial.py for tasks to queue
[2024-11-23T03:09:49.876+0000] {logging_mixin.py:137} INFO - [2024-11-23T03:09:49.876+0000] {dagbag.py:538} INFO - Filling up the DagBag from /home/airflow/.local/lib/python3.7/site-packages/airflow/example_dags/tutorial.py
[2024-11-23T03:09:49.890+0000] {processor.py:753} INFO - DAG(s) dict_keys(['tutorial']) retrieved from /home/airflow/.local/lib/python3.7/site-packages/airflow/example_dags/tutorial.py
[2024-11-23T03:09:49.916+0000] {logging_mixin.py:137} INFO - [2024-11-23T03:09:49.916+0000] {dag.py:2690} INFO - Sync 1 DAGs
[2024-11-23T03:09:49.937+0000] {logging_mixin.py:137} INFO - [2024-11-23T03:09:49.936+0000] {dag.py:3441} INFO - Setting next_dagrun for tutorial to 2024-11-22T03:09:49.936712+00:00, run_after=2024-11-23T03:09:49.936712+00:00
[2024-11-23T03:09:49.949+0000] {processor.py:175} INFO - Processing /home/airflow/.local/lib/python3.7/site-packages/airflow/example_dags/tutorial.py took 0.080 seconds
[2024-11-23T03:10:20.024+0000] {processor.py:153} INFO - Started process (PID=741) to work on /home/airflow/.local/lib/python3.7/site-packages/airflow/example_dags/tutorial.py
[2024-11-23T03:10:20.026+0000] {processor.py:743} INFO - Processing file /home/airflow/.local/lib/python3.7/site-packages/airflow/example_dags/tutorial.py for tasks to queue
[2024-11-23T03:10:20.026+0000] {logging_mixin.py:137} INFO - [2024-11-23T03:10:20.026+0000] {dagbag.py:538} INFO - Filling up the DagBag from /home/airflow/.local/lib/python3.7/site-packages/airflow/example_dags/tutorial.py
[2024-11-23T03:10:20.036+0000] {processor.py:753} INFO - DAG(s) dict_keys(['tutorial']) retrieved from /home/airflow/.local/lib/python3.7/site-packages/airflow/example_dags/tutorial.py
[2024-11-23T03:10:20.058+0000] {logging_mixin.py:137} INFO - [2024-11-23T03:10:20.058+0000] {dag.py:2690} INFO - Sync 1 DAGs
[2024-11-23T03:10:20.075+0000] {logging_mixin.py:137} INFO - [2024-11-23T03:10:20.075+0000] {dag.py:3441} INFO - Setting next_dagrun for tutorial to 2024-11-22T03:10:20.075080+00:00, run_after=2024-11-23T03:10:20.075080+00:00
[2024-11-23T03:10:20.088+0000] {processor.py:175} INFO - Processing /home/airflow/.local/lib/python3.7/site-packages/airflow/example_dags/tutorial.py took 0.066 seconds
[2024-11-23T03:10:50.581+0000] {processor.py:153} INFO - Started process (PID=831) to work on /home/airflow/.local/lib/python3.7/site-packages/airflow/example_dags/tutorial.py
[2024-11-23T03:10:50.582+0000] {processor.py:743} INFO - Processing file /home/airflow/.local/lib/python3.7/site-packages/airflow/example_dags/tutorial.py for tasks to queue
[2024-11-23T03:10:50.582+0000] {logging_mixin.py:137} INFO - [2024-11-23T03:10:50.582+0000] {dagbag.py:538} INFO - Filling up the DagBag from /home/airflow/.local/lib/python3.7/site-packages/airflow/example_dags/tutorial.py
[2024-11-23T03:10:50.592+0000] {processor.py:753} INFO - DAG(s) dict_keys(['tutorial']) retrieved from /home/airflow/.local/lib/python3.7/site-packages/airflow/example_dags/tutorial.py
[2024-11-23T03:10:50.608+0000] {logging_mixin.py:137} INFO - [2024-11-23T03:10:50.608+0000] {dag.py:2690} INFO - Sync 1 DAGs
[2024-11-23T03:10:50.624+0000] {logging_mixin.py:137} INFO - [2024-11-23T03:10:50.624+0000] {dag.py:3441} INFO - Setting next_dagrun for tutorial to 2024-11-22T03:10:50.624474+00:00, run_after=2024-11-23T03:10:50.624474+00:00
[2024-11-23T03:10:50.635+0000] {processor.py:175} INFO - Processing /home/airflow/.local/lib/python3.7/site-packages/airflow/example_dags/tutorial.py took 0.056 seconds
[2024-11-23T03:11:20.904+0000] {processor.py:153} INFO - Started process (PID=905) to work on /home/airflow/.local/lib/python3.7/site-packages/airflow/example_dags/tutorial.py
[2024-11-23T03:11:20.905+0000] {processor.py:743} INFO - Processing file /home/airflow/.local/lib/python3.7/site-packages/airflow/example_dags/tutorial.py for tasks to queue
[2024-11-23T03:11:20.906+0000] {logging_mixin.py:137} INFO - [2024-11-23T03:11:20.906+0000] {dagbag.py:538} INFO - Filling up the DagBag from /home/airflow/.local/lib/python3.7/site-packages/airflow/example_dags/tutorial.py
[2024-11-23T03:11:20.927+0000] {processor.py:753} INFO - DAG(s) dict_keys(['tutorial']) retrieved from /home/airflow/.local/lib/python3.7/site-packages/airflow/example_dags/tutorial.py
[2024-11-23T03:11:20.947+0000] {logging_mixin.py:137} INFO - [2024-11-23T03:11:20.947+0000] {dag.py:2690} INFO - Sync 1 DAGs
[2024-11-23T03:11:20.964+0000] {logging_mixin.py:137} INFO - [2024-11-23T03:11:20.964+0000] {dag.py:3441} INFO - Setting next_dagrun for tutorial to 2024-11-22T03:11:20.964237+00:00, run_after=2024-11-23T03:11:20.964237+00:00
[2024-11-23T03:11:20.976+0000] {processor.py:175} INFO - Processing /home/airflow/.local/lib/python3.7/site-packages/airflow/example_dags/tutorial.py took 0.074 seconds
[2024-11-23T03:11:51.131+0000] {processor.py:153} INFO - Started process (PID=995) to work on /home/airflow/.local/lib/python3.7/site-packages/airflow/example_dags/tutorial.py
[2024-11-23T03:11:51.134+0000] {processor.py:743} INFO - Processing file /home/airflow/.local/lib/python3.7/site-packages/airflow/example_dags/tutorial.py for tasks to queue
[2024-11-23T03:11:51.135+0000] {logging_mixin.py:137} INFO - [2024-11-23T03:11:51.135+0000] {dagbag.py:538} INFO - Filling up the DagBag from /home/airflow/.local/lib/python3.7/site-packages/airflow/example_dags/tutorial.py
[2024-11-23T03:11:51.145+0000] {processor.py:753} INFO - DAG(s) dict_keys(['tutorial']) retrieved from /home/airflow/.local/lib/python3.7/site-packages/airflow/example_dags/tutorial.py
[2024-11-23T03:11:51.166+0000] {logging_mixin.py:137} INFO - [2024-11-23T03:11:51.166+0000] {dag.py:2690} INFO - Sync 1 DAGs
[2024-11-23T03:11:51.183+0000] {logging_mixin.py:137} INFO - [2024-11-23T03:11:51.183+0000] {dag.py:3441} INFO - Setting next_dagrun for tutorial to 2024-11-22T03:11:51.182898+00:00, run_after=2024-11-23T03:11:51.182898+00:00
[2024-11-23T03:11:51.198+0000] {processor.py:175} INFO - Processing /home/airflow/.local/lib/python3.7/site-packages/airflow/example_dags/tutorial.py took 0.070 seconds
[2024-11-23T03:12:21.384+0000] {processor.py:153} INFO - Started process (PID=1069) to work on /home/airflow/.local/lib/python3.7/site-packages/airflow/example_dags/tutorial.py
[2024-11-23T03:12:21.384+0000] {processor.py:743} INFO - Processing file /home/airflow/.local/lib/python3.7/site-packages/airflow/example_dags/tutorial.py for tasks to queue
[2024-11-23T03:12:21.386+0000] {logging_mixin.py:137} INFO - [2024-11-23T03:12:21.385+0000] {dagbag.py:538} INFO - Filling up the DagBag from /home/airflow/.local/lib/python3.7/site-packages/airflow/example_dags/tutorial.py
[2024-11-23T03:12:21.396+0000] {processor.py:753} INFO - DAG(s) dict_keys(['tutorial']) retrieved from /home/airflow/.local/lib/python3.7/site-packages/airflow/example_dags/tutorial.py
[2024-11-23T03:12:21.418+0000] {logging_mixin.py:137} INFO - [2024-11-23T03:12:21.418+0000] {dag.py:2690} INFO - Sync 1 DAGs
[2024-11-23T03:12:21.435+0000] {logging_mixin.py:137} INFO - [2024-11-23T03:12:21.435+0000] {dag.py:3441} INFO - Setting next_dagrun for tutorial to 2024-11-22T03:12:21.435343+00:00, run_after=2024-11-23T03:12:21.435343+00:00
[2024-11-23T03:12:21.451+0000] {processor.py:175} INFO - Processing /home/airflow/.local/lib/python3.7/site-packages/airflow/example_dags/tutorial.py took 0.070 seconds
[2024-11-23T03:12:51.887+0000] {processor.py:153} INFO - Started process (PID=1159) to work on /home/airflow/.local/lib/python3.7/site-packages/airflow/example_dags/tutorial.py
[2024-11-23T03:12:51.887+0000] {processor.py:743} INFO - Processing file /home/airflow/.local/lib/python3.7/site-packages/airflow/example_dags/tutorial.py for tasks to queue
[2024-11-23T03:12:51.888+0000] {logging_mixin.py:137} INFO - [2024-11-23T03:12:51.888+0000] {dagbag.py:538} INFO - Filling up the DagBag from /home/airflow/.local/lib/python3.7/site-packages/airflow/example_dags/tutorial.py
[2024-11-23T03:12:51.897+0000] {processor.py:753} INFO - DAG(s) dict_keys(['tutorial']) retrieved from /home/airflow/.local/lib/python3.7/site-packages/airflow/example_dags/tutorial.py
[2024-11-23T03:12:51.914+0000] {logging_mixin.py:137} INFO - [2024-11-23T03:12:51.914+0000] {dag.py:2690} INFO - Sync 1 DAGs
[2024-11-23T03:12:51.930+0000] {logging_mixin.py:137} INFO - [2024-11-23T03:12:51.930+0000] {dag.py:3441} INFO - Setting next_dagrun for tutorial to 2024-11-22T03:12:51.930205+00:00, run_after=2024-11-23T03:12:51.930205+00:00
[2024-11-23T03:12:51.945+0000] {processor.py:175} INFO - Processing /home/airflow/.local/lib/python3.7/site-packages/airflow/example_dags/tutorial.py took 0.060 seconds
[2024-11-23T03:13:22.068+0000] {processor.py:153} INFO - Started process (PID=1233) to work on /home/airflow/.local/lib/python3.7/site-packages/airflow/example_dags/tutorial.py
[2024-11-23T03:13:22.068+0000] {processor.py:743} INFO - Processing file /home/airflow/.local/lib/python3.7/site-packages/airflow/example_dags/tutorial.py for tasks to queue
[2024-11-23T03:13:22.069+0000] {logging_mixin.py:137} INFO - [2024-11-23T03:13:22.069+0000] {dagbag.py:538} INFO - Filling up the DagBag from /home/airflow/.local/lib/python3.7/site-packages/airflow/example_dags/tutorial.py
[2024-11-23T03:13:22.079+0000] {processor.py:753} INFO - DAG(s) dict_keys(['tutorial']) retrieved from /home/airflow/.local/lib/python3.7/site-packages/airflow/example_dags/tutorial.py
[2024-11-23T03:13:22.098+0000] {logging_mixin.py:137} INFO - [2024-11-23T03:13:22.098+0000] {dag.py:2690} INFO - Sync 1 DAGs
[2024-11-23T03:13:22.114+0000] {logging_mixin.py:137} INFO - [2024-11-23T03:13:22.114+0000] {dag.py:3441} INFO - Setting next_dagrun for tutorial to 2024-11-22T03:13:22.114486+00:00, run_after=2024-11-23T03:13:22.114486+00:00
[2024-11-23T03:13:22.125+0000] {processor.py:175} INFO - Processing /home/airflow/.local/lib/python3.7/site-packages/airflow/example_dags/tutorial.py took 0.060 seconds
[2024-11-23T03:13:52.228+0000] {processor.py:153} INFO - Started process (PID=1323) to work on /home/airflow/.local/lib/python3.7/site-packages/airflow/example_dags/tutorial.py
[2024-11-23T03:13:52.228+0000] {processor.py:743} INFO - Processing file /home/airflow/.local/lib/python3.7/site-packages/airflow/example_dags/tutorial.py for tasks to queue
[2024-11-23T03:13:52.229+0000] {logging_mixin.py:137} INFO - [2024-11-23T03:13:52.229+0000] {dagbag.py:538} INFO - Filling up the DagBag from /home/airflow/.local/lib/python3.7/site-packages/airflow/example_dags/tutorial.py
[2024-11-23T03:13:52.238+0000] {processor.py:753} INFO - DAG(s) dict_keys(['tutorial']) retrieved from /home/airflow/.local/lib/python3.7/site-packages/airflow/example_dags/tutorial.py
[2024-11-23T03:13:52.255+0000] {logging_mixin.py:137} INFO - [2024-11-23T03:13:52.254+0000] {dag.py:2690} INFO - Sync 1 DAGs
[2024-11-23T03:13:52.272+0000] {logging_mixin.py:137} INFO - [2024-11-23T03:13:52.272+0000] {dag.py:3441} INFO - Setting next_dagrun for tutorial to 2024-11-22T03:13:52.271912+00:00, run_after=2024-11-23T03:13:52.271912+00:00
[2024-11-23T03:13:52.284+0000] {processor.py:175} INFO - Processing /home/airflow/.local/lib/python3.7/site-packages/airflow/example_dags/tutorial.py took 0.059 seconds
[2024-11-23T03:14:22.488+0000] {processor.py:153} INFO - Started process (PID=1406) to work on /home/airflow/.local/lib/python3.7/site-packages/airflow/example_dags/tutorial.py
[2024-11-23T03:14:22.489+0000] {processor.py:743} INFO - Processing file /home/airflow/.local/lib/python3.7/site-packages/airflow/example_dags/tutorial.py for tasks to queue
[2024-11-23T03:14:22.491+0000] {logging_mixin.py:137} INFO - [2024-11-23T03:14:22.490+0000] {dagbag.py:538} INFO - Filling up the DagBag from /home/airflow/.local/lib/python3.7/site-packages/airflow/example_dags/tutorial.py
[2024-11-23T03:14:22.503+0000] {processor.py:753} INFO - DAG(s) dict_keys(['tutorial']) retrieved from /home/airflow/.local/lib/python3.7/site-packages/airflow/example_dags/tutorial.py
[2024-11-23T03:14:22.525+0000] {logging_mixin.py:137} INFO - [2024-11-23T03:14:22.525+0000] {dag.py:2690} INFO - Sync 1 DAGs
[2024-11-23T03:14:22.544+0000] {logging_mixin.py:137} INFO - [2024-11-23T03:14:22.544+0000] {dag.py:3441} INFO - Setting next_dagrun for tutorial to 2024-11-22T03:14:22.544495+00:00, run_after=2024-11-23T03:14:22.544495+00:00
[2024-11-23T03:14:22.558+0000] {processor.py:175} INFO - Processing /home/airflow/.local/lib/python3.7/site-packages/airflow/example_dags/tutorial.py took 0.073 seconds
[2024-11-23T03:14:52.908+0000] {processor.py:153} INFO - Started process (PID=1487) to work on /home/airflow/.local/lib/python3.7/site-packages/airflow/example_dags/tutorial.py
[2024-11-23T03:14:52.909+0000] {processor.py:743} INFO - Processing file /home/airflow/.local/lib/python3.7/site-packages/airflow/example_dags/tutorial.py for tasks to queue
[2024-11-23T03:14:52.909+0000] {logging_mixin.py:137} INFO - [2024-11-23T03:14:52.909+0000] {dagbag.py:538} INFO - Filling up the DagBag from /home/airflow/.local/lib/python3.7/site-packages/airflow/example_dags/tutorial.py
[2024-11-23T03:14:52.920+0000] {processor.py:753} INFO - DAG(s) dict_keys(['tutorial']) retrieved from /home/airflow/.local/lib/python3.7/site-packages/airflow/example_dags/tutorial.py
[2024-11-23T03:14:52.937+0000] {logging_mixin.py:137} INFO - [2024-11-23T03:14:52.937+0000] {dag.py:2690} INFO - Sync 1 DAGs
[2024-11-23T03:14:52.953+0000] {logging_mixin.py:137} INFO - [2024-11-23T03:14:52.953+0000] {dag.py:3441} INFO - Setting next_dagrun for tutorial to 2024-11-22T03:14:52.953016+00:00, run_after=2024-11-23T03:14:52.953016+00:00
[2024-11-23T03:14:52.964+0000] {processor.py:175} INFO - Processing /home/airflow/.local/lib/python3.7/site-packages/airflow/example_dags/tutorial.py took 0.058 seconds
[2024-11-23T03:15:23.866+0000] {processor.py:153} INFO - Started process (PID=1577) to work on /home/airflow/.local/lib/python3.7/site-packages/airflow/example_dags/tutorial.py
[2024-11-23T03:15:23.868+0000] {processor.py:743} INFO - Processing file /home/airflow/.local/lib/python3.7/site-packages/airflow/example_dags/tutorial.py for tasks to queue
[2024-11-23T03:15:23.868+0000] {logging_mixin.py:137} INFO - [2024-11-23T03:15:23.868+0000] {dagbag.py:538} INFO - Filling up the DagBag from /home/airflow/.local/lib/python3.7/site-packages/airflow/example_dags/tutorial.py
[2024-11-23T03:15:23.880+0000] {processor.py:753} INFO - DAG(s) dict_keys(['tutorial']) retrieved from /home/airflow/.local/lib/python3.7/site-packages/airflow/example_dags/tutorial.py
[2024-11-23T03:15:23.897+0000] {logging_mixin.py:137} INFO - [2024-11-23T03:15:23.897+0000] {dag.py:2690} INFO - Sync 1 DAGs
[2024-11-23T03:15:23.913+0000] {logging_mixin.py:137} INFO - [2024-11-23T03:15:23.913+0000] {dag.py:3441} INFO - Setting next_dagrun for tutorial to 2024-11-22T03:15:23.913342+00:00, run_after=2024-11-23T03:15:23.913342+00:00
[2024-11-23T03:15:23.924+0000] {processor.py:175} INFO - Processing /home/airflow/.local/lib/python3.7/site-packages/airflow/example_dags/tutorial.py took 0.060 seconds
[2024-11-23T03:15:53.968+0000] {processor.py:153} INFO - Started process (PID=1651) to work on /home/airflow/.local/lib/python3.7/site-packages/airflow/example_dags/tutorial.py
[2024-11-23T03:15:53.970+0000] {processor.py:743} INFO - Processing file /home/airflow/.local/lib/python3.7/site-packages/airflow/example_dags/tutorial.py for tasks to queue
[2024-11-23T03:15:53.971+0000] {logging_mixin.py:137} INFO - [2024-11-23T03:15:53.971+0000] {dagbag.py:538} INFO - Filling up the DagBag from /home/airflow/.local/lib/python3.7/site-packages/airflow/example_dags/tutorial.py
[2024-11-23T03:15:53.981+0000] {processor.py:753} INFO - DAG(s) dict_keys(['tutorial']) retrieved from /home/airflow/.local/lib/python3.7/site-packages/airflow/example_dags/tutorial.py
[2024-11-23T03:15:54.004+0000] {logging_mixin.py:137} INFO - [2024-11-23T03:15:54.004+0000] {dag.py:2690} INFO - Sync 1 DAGs
[2024-11-23T03:15:54.021+0000] {logging_mixin.py:137} INFO - [2024-11-23T03:15:54.021+0000] {dag.py:3441} INFO - Setting next_dagrun for tutorial to 2024-11-22T03:15:54.021619+00:00, run_after=2024-11-23T03:15:54.021619+00:00
[2024-11-23T03:15:54.036+0000] {processor.py:175} INFO - Processing /home/airflow/.local/lib/python3.7/site-packages/airflow/example_dags/tutorial.py took 0.071 seconds
[2024-11-23T03:16:24.093+0000] {processor.py:153} INFO - Started process (PID=1741) to work on /home/airflow/.local/lib/python3.7/site-packages/airflow/example_dags/tutorial.py
[2024-11-23T03:16:24.096+0000] {processor.py:743} INFO - Processing file /home/airflow/.local/lib/python3.7/site-packages/airflow/example_dags/tutorial.py for tasks to queue
[2024-11-23T03:16:24.096+0000] {logging_mixin.py:137} INFO - [2024-11-23T03:16:24.096+0000] {dagbag.py:538} INFO - Filling up the DagBag from /home/airflow/.local/lib/python3.7/site-packages/airflow/example_dags/tutorial.py
[2024-11-23T03:16:24.106+0000] {processor.py:753} INFO - DAG(s) dict_keys(['tutorial']) retrieved from /home/airflow/.local/lib/python3.7/site-packages/airflow/example_dags/tutorial.py
[2024-11-23T03:16:24.123+0000] {logging_mixin.py:137} INFO - [2024-11-23T03:16:24.123+0000] {dag.py:2690} INFO - Sync 1 DAGs
[2024-11-23T03:16:24.142+0000] {logging_mixin.py:137} INFO - [2024-11-23T03:16:24.142+0000] {dag.py:3441} INFO - Setting next_dagrun for tutorial to 2024-11-22T03:16:24.142107+00:00, run_after=2024-11-23T03:16:24.142107+00:00
[2024-11-23T03:16:24.153+0000] {processor.py:175} INFO - Processing /home/airflow/.local/lib/python3.7/site-packages/airflow/example_dags/tutorial.py took 0.063 seconds
[2024-11-23T03:16:54.398+0000] {processor.py:153} INFO - Started process (PID=1815) to work on /home/airflow/.local/lib/python3.7/site-packages/airflow/example_dags/tutorial.py
[2024-11-23T03:16:54.400+0000] {processor.py:743} INFO - Processing file /home/airflow/.local/lib/python3.7/site-packages/airflow/example_dags/tutorial.py for tasks to queue
[2024-11-23T03:16:54.401+0000] {logging_mixin.py:137} INFO - [2024-11-23T03:16:54.401+0000] {dagbag.py:538} INFO - Filling up the DagBag from /home/airflow/.local/lib/python3.7/site-packages/airflow/example_dags/tutorial.py
[2024-11-23T03:16:54.413+0000] {processor.py:753} INFO - DAG(s) dict_keys(['tutorial']) retrieved from /home/airflow/.local/lib/python3.7/site-packages/airflow/example_dags/tutorial.py
[2024-11-23T03:16:54.433+0000] {logging_mixin.py:137} INFO - [2024-11-23T03:16:54.433+0000] {dag.py:2690} INFO - Sync 1 DAGs
[2024-11-23T03:16:54.452+0000] {logging_mixin.py:137} INFO - [2024-11-23T03:16:54.452+0000] {dag.py:3441} INFO - Setting next_dagrun for tutorial to 2024-11-22T03:16:54.451761+00:00, run_after=2024-11-23T03:16:54.451761+00:00
[2024-11-23T03:16:54.464+0000] {processor.py:175} INFO - Processing /home/airflow/.local/lib/python3.7/site-packages/airflow/example_dags/tutorial.py took 0.069 seconds
[2024-11-23T03:17:24.519+0000] {processor.py:153} INFO - Started process (PID=1905) to work on /home/airflow/.local/lib/python3.7/site-packages/airflow/example_dags/tutorial.py
[2024-11-23T03:17:24.520+0000] {processor.py:743} INFO - Processing file /home/airflow/.local/lib/python3.7/site-packages/airflow/example_dags/tutorial.py for tasks to queue
[2024-11-23T03:17:24.520+0000] {logging_mixin.py:137} INFO - [2024-11-23T03:17:24.520+0000] {dagbag.py:538} INFO - Filling up the DagBag from /home/airflow/.local/lib/python3.7/site-packages/airflow/example_dags/tutorial.py
[2024-11-23T03:17:24.530+0000] {processor.py:753} INFO - DAG(s) dict_keys(['tutorial']) retrieved from /home/airflow/.local/lib/python3.7/site-packages/airflow/example_dags/tutorial.py
[2024-11-23T03:17:24.545+0000] {logging_mixin.py:137} INFO - [2024-11-23T03:17:24.545+0000] {dag.py:2690} INFO - Sync 1 DAGs
[2024-11-23T03:17:24.562+0000] {logging_mixin.py:137} INFO - [2024-11-23T03:17:24.562+0000] {dag.py:3441} INFO - Setting next_dagrun for tutorial to 2024-11-22T03:17:24.562310+00:00, run_after=2024-11-23T03:17:24.562310+00:00
[2024-11-23T03:17:24.572+0000] {processor.py:175} INFO - Processing /home/airflow/.local/lib/python3.7/site-packages/airflow/example_dags/tutorial.py took 0.056 seconds
[2024-11-23T03:17:54.682+0000] {processor.py:153} INFO - Started process (PID=1978) to work on /home/airflow/.local/lib/python3.7/site-packages/airflow/example_dags/tutorial.py
[2024-11-23T03:17:54.682+0000] {processor.py:743} INFO - Processing file /home/airflow/.local/lib/python3.7/site-packages/airflow/example_dags/tutorial.py for tasks to queue
[2024-11-23T03:17:54.683+0000] {logging_mixin.py:137} INFO - [2024-11-23T03:17:54.682+0000] {dagbag.py:538} INFO - Filling up the DagBag from /home/airflow/.local/lib/python3.7/site-packages/airflow/example_dags/tutorial.py
[2024-11-23T03:17:54.696+0000] {processor.py:753} INFO - DAG(s) dict_keys(['tutorial']) retrieved from /home/airflow/.local/lib/python3.7/site-packages/airflow/example_dags/tutorial.py
[2024-11-23T03:17:54.716+0000] {logging_mixin.py:137} INFO - [2024-11-23T03:17:54.716+0000] {dag.py:2690} INFO - Sync 1 DAGs
[2024-11-23T03:17:54.736+0000] {logging_mixin.py:137} INFO - [2024-11-23T03:17:54.736+0000] {dag.py:3441} INFO - Setting next_dagrun for tutorial to 2024-11-22T03:17:54.736493+00:00, run_after=2024-11-23T03:17:54.736493+00:00
[2024-11-23T03:17:54.752+0000] {processor.py:175} INFO - Processing /home/airflow/.local/lib/python3.7/site-packages/airflow/example_dags/tutorial.py took 0.072 seconds
[2024-11-23T03:18:25.113+0000] {processor.py:153} INFO - Started process (PID=2067) to work on /home/airflow/.local/lib/python3.7/site-packages/airflow/example_dags/tutorial.py
[2024-11-23T03:18:25.114+0000] {processor.py:743} INFO - Processing file /home/airflow/.local/lib/python3.7/site-packages/airflow/example_dags/tutorial.py for tasks to queue
[2024-11-23T03:18:25.115+0000] {logging_mixin.py:137} INFO - [2024-11-23T03:18:25.114+0000] {dagbag.py:538} INFO - Filling up the DagBag from /home/airflow/.local/lib/python3.7/site-packages/airflow/example_dags/tutorial.py
[2024-11-23T03:18:25.125+0000] {processor.py:753} INFO - DAG(s) dict_keys(['tutorial']) retrieved from /home/airflow/.local/lib/python3.7/site-packages/airflow/example_dags/tutorial.py
[2024-11-23T03:18:25.142+0000] {logging_mixin.py:137} INFO - [2024-11-23T03:18:25.142+0000] {dag.py:2690} INFO - Sync 1 DAGs
[2024-11-23T03:18:25.158+0000] {logging_mixin.py:137} INFO - [2024-11-23T03:18:25.158+0000] {dag.py:3441} INFO - Setting next_dagrun for tutorial to 2024-11-22T03:18:25.158177+00:00, run_after=2024-11-23T03:18:25.158177+00:00
[2024-11-23T03:18:25.169+0000] {processor.py:175} INFO - Processing /home/airflow/.local/lib/python3.7/site-packages/airflow/example_dags/tutorial.py took 0.058 seconds
[2024-11-23T03:18:55.307+0000] {processor.py:153} INFO - Started process (PID=2150) to work on /home/airflow/.local/lib/python3.7/site-packages/airflow/example_dags/tutorial.py
[2024-11-23T03:18:55.308+0000] {processor.py:743} INFO - Processing file /home/airflow/.local/lib/python3.7/site-packages/airflow/example_dags/tutorial.py for tasks to queue
[2024-11-23T03:18:55.309+0000] {logging_mixin.py:137} INFO - [2024-11-23T03:18:55.309+0000] {dagbag.py:538} INFO - Filling up the DagBag from /home/airflow/.local/lib/python3.7/site-packages/airflow/example_dags/tutorial.py
[2024-11-23T03:18:55.324+0000] {processor.py:753} INFO - DAG(s) dict_keys(['tutorial']) retrieved from /home/airflow/.local/lib/python3.7/site-packages/airflow/example_dags/tutorial.py
[2024-11-23T03:18:55.342+0000] {logging_mixin.py:137} INFO - [2024-11-23T03:18:55.341+0000] {dag.py:2690} INFO - Sync 1 DAGs
[2024-11-23T03:18:55.359+0000] {logging_mixin.py:137} INFO - [2024-11-23T03:18:55.359+0000] {dag.py:3441} INFO - Setting next_dagrun for tutorial to 2024-11-22T03:18:55.359542+00:00, run_after=2024-11-23T03:18:55.359542+00:00
[2024-11-23T03:18:55.372+0000] {processor.py:175} INFO - Processing /home/airflow/.local/lib/python3.7/site-packages/airflow/example_dags/tutorial.py took 0.067 seconds
[2024-11-23T03:19:25.689+0000] {processor.py:153} INFO - Started process (PID=2230) to work on /home/airflow/.local/lib/python3.7/site-packages/airflow/example_dags/tutorial.py
[2024-11-23T03:19:25.691+0000] {processor.py:743} INFO - Processing file /home/airflow/.local/lib/python3.7/site-packages/airflow/example_dags/tutorial.py for tasks to queue
[2024-11-23T03:19:25.693+0000] {logging_mixin.py:137} INFO - [2024-11-23T03:19:25.693+0000] {dagbag.py:538} INFO - Filling up the DagBag from /home/airflow/.local/lib/python3.7/site-packages/airflow/example_dags/tutorial.py
[2024-11-23T03:19:25.705+0000] {processor.py:753} INFO - DAG(s) dict_keys(['tutorial']) retrieved from /home/airflow/.local/lib/python3.7/site-packages/airflow/example_dags/tutorial.py
[2024-11-23T03:19:25.727+0000] {logging_mixin.py:137} INFO - [2024-11-23T03:19:25.727+0000] {dag.py:2690} INFO - Sync 1 DAGs
[2024-11-23T03:19:25.746+0000] {logging_mixin.py:137} INFO - [2024-11-23T03:19:25.746+0000] {dag.py:3441} INFO - Setting next_dagrun for tutorial to 2024-11-22T03:19:25.745935+00:00, run_after=2024-11-23T03:19:25.745935+00:00
[2024-11-23T03:19:25.760+0000] {processor.py:175} INFO - Processing /home/airflow/.local/lib/python3.7/site-packages/airflow/example_dags/tutorial.py took 0.073 seconds
[2024-11-23T03:19:57.076+0000] {processor.py:153} INFO - Started process (PID=2320) to work on /home/airflow/.local/lib/python3.7/site-packages/airflow/example_dags/tutorial.py
[2024-11-23T03:19:57.077+0000] {processor.py:743} INFO - Processing file /home/airflow/.local/lib/python3.7/site-packages/airflow/example_dags/tutorial.py for tasks to queue
[2024-11-23T03:19:57.077+0000] {logging_mixin.py:137} INFO - [2024-11-23T03:19:57.077+0000] {dagbag.py:538} INFO - Filling up the DagBag from /home/airflow/.local/lib/python3.7/site-packages/airflow/example_dags/tutorial.py
[2024-11-23T03:19:57.090+0000] {processor.py:753} INFO - DAG(s) dict_keys(['tutorial']) retrieved from /home/airflow/.local/lib/python3.7/site-packages/airflow/example_dags/tutorial.py
[2024-11-23T03:19:57.117+0000] {logging_mixin.py:137} INFO - [2024-11-23T03:19:57.117+0000] {dag.py:2690} INFO - Sync 1 DAGs
[2024-11-23T03:19:57.144+0000] {logging_mixin.py:137} INFO - [2024-11-23T03:19:57.144+0000] {dag.py:3441} INFO - Setting next_dagrun for tutorial to 2024-11-22T03:19:57.144174+00:00, run_after=2024-11-23T03:19:57.144174+00:00
[2024-11-23T03:19:57.160+0000] {processor.py:175} INFO - Processing /home/airflow/.local/lib/python3.7/site-packages/airflow/example_dags/tutorial.py took 0.087 seconds
