[2024-11-23T02:53:02.929+0000] {processor.py:153} INFO - Started process (PID=71) to work on /home/airflow/.local/lib/python3.7/site-packages/airflow/example_dags/tutorial_dag.py
[2024-11-23T02:53:02.932+0000] {processor.py:743} INFO - Processing file /home/airflow/.local/lib/python3.7/site-packages/airflow/example_dags/tutorial_dag.py for tasks to queue
[2024-11-23T02:53:02.933+0000] {logging_mixin.py:137} INFO - [2024-11-23T02:53:02.933+0000] {dagbag.py:538} INFO - Filling up the DagBag from /home/airflow/.local/lib/python3.7/site-packages/airflow/example_dags/tutorial_dag.py
[2024-11-23T02:53:02.977+0000] {processor.py:753} INFO - DAG(s) dict_keys(['tutorial_dag']) retrieved from /home/airflow/.local/lib/python3.7/site-packages/airflow/example_dags/tutorial_dag.py
[2024-11-23T02:53:03.022+0000] {logging_mixin.py:137} INFO - [2024-11-23T02:53:03.021+0000] {dag.py:2690} INFO - Sync 1 DAGs
[2024-11-23T02:53:03.075+0000] {logging_mixin.py:137} INFO - [2024-11-23T02:53:03.075+0000] {dag.py:3441} INFO - Setting next_dagrun for tutorial_dag to None, run_after=None
[2024-11-23T02:53:03.212+0000] {processor.py:175} INFO - Processing /home/airflow/.local/lib/python3.7/site-packages/airflow/example_dags/tutorial_dag.py took 0.293 seconds
[2024-11-23T02:53:33.909+0000] {processor.py:153} INFO - Started process (PID=152) to work on /home/airflow/.local/lib/python3.7/site-packages/airflow/example_dags/tutorial_dag.py
[2024-11-23T02:53:33.914+0000] {processor.py:743} INFO - Processing file /home/airflow/.local/lib/python3.7/site-packages/airflow/example_dags/tutorial_dag.py for tasks to queue
[2024-11-23T02:53:33.915+0000] {logging_mixin.py:137} INFO - [2024-11-23T02:53:33.915+0000] {dagbag.py:538} INFO - Filling up the DagBag from /home/airflow/.local/lib/python3.7/site-packages/airflow/example_dags/tutorial_dag.py
[2024-11-23T02:53:33.924+0000] {processor.py:753} INFO - DAG(s) dict_keys(['tutorial_dag']) retrieved from /home/airflow/.local/lib/python3.7/site-packages/airflow/example_dags/tutorial_dag.py
[2024-11-23T02:53:33.946+0000] {logging_mixin.py:137} INFO - [2024-11-23T02:53:33.946+0000] {dag.py:2690} INFO - Sync 1 DAGs
[2024-11-23T02:53:33.966+0000] {logging_mixin.py:137} INFO - [2024-11-23T02:53:33.966+0000] {dag.py:3441} INFO - Setting next_dagrun for tutorial_dag to None, run_after=None
[2024-11-23T02:53:33.980+0000] {processor.py:175} INFO - Processing /home/airflow/.local/lib/python3.7/site-packages/airflow/example_dags/tutorial_dag.py took 0.073 seconds
[2024-11-23T02:54:04.554+0000] {processor.py:153} INFO - Started process (PID=233) to work on /home/airflow/.local/lib/python3.7/site-packages/airflow/example_dags/tutorial_dag.py
[2024-11-23T02:54:04.563+0000] {processor.py:743} INFO - Processing file /home/airflow/.local/lib/python3.7/site-packages/airflow/example_dags/tutorial_dag.py for tasks to queue
[2024-11-23T02:54:04.568+0000] {logging_mixin.py:137} INFO - [2024-11-23T02:54:04.568+0000] {dagbag.py:538} INFO - Filling up the DagBag from /home/airflow/.local/lib/python3.7/site-packages/airflow/example_dags/tutorial_dag.py
[2024-11-23T02:54:04.632+0000] {processor.py:753} INFO - DAG(s) dict_keys(['tutorial_dag']) retrieved from /home/airflow/.local/lib/python3.7/site-packages/airflow/example_dags/tutorial_dag.py
[2024-11-23T02:54:04.670+0000] {logging_mixin.py:137} INFO - [2024-11-23T02:54:04.670+0000] {dag.py:2690} INFO - Sync 1 DAGs
[2024-11-23T02:54:04.704+0000] {logging_mixin.py:137} INFO - [2024-11-23T02:54:04.704+0000] {dag.py:3441} INFO - Setting next_dagrun for tutorial_dag to None, run_after=None
[2024-11-23T02:54:04.736+0000] {processor.py:175} INFO - Processing /home/airflow/.local/lib/python3.7/site-packages/airflow/example_dags/tutorial_dag.py took 0.191 seconds
[2024-11-23T02:54:35.621+0000] {processor.py:153} INFO - Started process (PID=316) to work on /home/airflow/.local/lib/python3.7/site-packages/airflow/example_dags/tutorial_dag.py
[2024-11-23T02:54:35.627+0000] {processor.py:743} INFO - Processing file /home/airflow/.local/lib/python3.7/site-packages/airflow/example_dags/tutorial_dag.py for tasks to queue
[2024-11-23T02:54:35.631+0000] {logging_mixin.py:137} INFO - [2024-11-23T02:54:35.631+0000] {dagbag.py:538} INFO - Filling up the DagBag from /home/airflow/.local/lib/python3.7/site-packages/airflow/example_dags/tutorial_dag.py
[2024-11-23T02:54:35.643+0000] {processor.py:753} INFO - DAG(s) dict_keys(['tutorial_dag']) retrieved from /home/airflow/.local/lib/python3.7/site-packages/airflow/example_dags/tutorial_dag.py
[2024-11-23T02:54:35.666+0000] {logging_mixin.py:137} INFO - [2024-11-23T02:54:35.666+0000] {dag.py:2690} INFO - Sync 1 DAGs
[2024-11-23T02:54:35.687+0000] {logging_mixin.py:137} INFO - [2024-11-23T02:54:35.687+0000] {dag.py:3441} INFO - Setting next_dagrun for tutorial_dag to None, run_after=None
[2024-11-23T02:54:35.703+0000] {processor.py:175} INFO - Processing /home/airflow/.local/lib/python3.7/site-packages/airflow/example_dags/tutorial_dag.py took 0.085 seconds
[2024-11-23T02:55:30.077+0000] {processor.py:153} INFO - Started process (PID=71) to work on /home/airflow/.local/lib/python3.7/site-packages/airflow/example_dags/tutorial_dag.py
[2024-11-23T02:55:30.081+0000] {processor.py:743} INFO - Processing file /home/airflow/.local/lib/python3.7/site-packages/airflow/example_dags/tutorial_dag.py for tasks to queue
[2024-11-23T02:55:30.083+0000] {logging_mixin.py:137} INFO - [2024-11-23T02:55:30.083+0000] {dagbag.py:538} INFO - Filling up the DagBag from /home/airflow/.local/lib/python3.7/site-packages/airflow/example_dags/tutorial_dag.py
[2024-11-23T02:55:30.105+0000] {processor.py:753} INFO - DAG(s) dict_keys(['tutorial_dag']) retrieved from /home/airflow/.local/lib/python3.7/site-packages/airflow/example_dags/tutorial_dag.py
[2024-11-23T02:55:30.185+0000] {logging_mixin.py:137} INFO - [2024-11-23T02:55:30.185+0000] {dag.py:2690} INFO - Sync 1 DAGs
[2024-11-23T02:55:30.248+0000] {logging_mixin.py:137} INFO - [2024-11-23T02:55:30.247+0000] {dag.py:3441} INFO - Setting next_dagrun for tutorial_dag to None, run_after=None
[2024-11-23T02:55:30.304+0000] {processor.py:175} INFO - Processing /home/airflow/.local/lib/python3.7/site-packages/airflow/example_dags/tutorial_dag.py took 0.232 seconds
[2024-11-23T02:56:03.078+0000] {processor.py:153} INFO - Started process (PID=152) to work on /home/airflow/.local/lib/python3.7/site-packages/airflow/example_dags/tutorial_dag.py
[2024-11-23T02:56:03.083+0000] {processor.py:743} INFO - Processing file /home/airflow/.local/lib/python3.7/site-packages/airflow/example_dags/tutorial_dag.py for tasks to queue
[2024-11-23T02:56:03.086+0000] {logging_mixin.py:137} INFO - [2024-11-23T02:56:03.086+0000] {dagbag.py:538} INFO - Filling up the DagBag from /home/airflow/.local/lib/python3.7/site-packages/airflow/example_dags/tutorial_dag.py
[2024-11-23T02:56:03.111+0000] {processor.py:753} INFO - DAG(s) dict_keys(['tutorial_dag']) retrieved from /home/airflow/.local/lib/python3.7/site-packages/airflow/example_dags/tutorial_dag.py
[2024-11-23T02:56:03.142+0000] {logging_mixin.py:137} INFO - [2024-11-23T02:56:03.142+0000] {dag.py:2690} INFO - Sync 1 DAGs
[2024-11-23T02:56:03.170+0000] {logging_mixin.py:137} INFO - [2024-11-23T02:56:03.169+0000] {dag.py:3441} INFO - Setting next_dagrun for tutorial_dag to None, run_after=None
[2024-11-23T02:56:03.188+0000] {processor.py:175} INFO - Processing /home/airflow/.local/lib/python3.7/site-packages/airflow/example_dags/tutorial_dag.py took 0.116 seconds
[2024-11-23T02:56:33.906+0000] {processor.py:153} INFO - Started process (PID=242) to work on /home/airflow/.local/lib/python3.7/site-packages/airflow/example_dags/tutorial_dag.py
[2024-11-23T02:56:33.907+0000] {processor.py:743} INFO - Processing file /home/airflow/.local/lib/python3.7/site-packages/airflow/example_dags/tutorial_dag.py for tasks to queue
[2024-11-23T02:56:33.908+0000] {logging_mixin.py:137} INFO - [2024-11-23T02:56:33.908+0000] {dagbag.py:538} INFO - Filling up the DagBag from /home/airflow/.local/lib/python3.7/site-packages/airflow/example_dags/tutorial_dag.py
[2024-11-23T02:56:33.919+0000] {processor.py:753} INFO - DAG(s) dict_keys(['tutorial_dag']) retrieved from /home/airflow/.local/lib/python3.7/site-packages/airflow/example_dags/tutorial_dag.py
[2024-11-23T02:56:33.942+0000] {logging_mixin.py:137} INFO - [2024-11-23T02:56:33.942+0000] {dag.py:2690} INFO - Sync 1 DAGs
[2024-11-23T02:56:33.963+0000] {logging_mixin.py:137} INFO - [2024-11-23T02:56:33.963+0000] {dag.py:3441} INFO - Setting next_dagrun for tutorial_dag to None, run_after=None
[2024-11-23T02:56:33.987+0000] {processor.py:175} INFO - Processing /home/airflow/.local/lib/python3.7/site-packages/airflow/example_dags/tutorial_dag.py took 0.083 seconds
[2024-11-23T02:57:04.750+0000] {processor.py:153} INFO - Started process (PID=316) to work on /home/airflow/.local/lib/python3.7/site-packages/airflow/example_dags/tutorial_dag.py
[2024-11-23T02:57:04.752+0000] {processor.py:743} INFO - Processing file /home/airflow/.local/lib/python3.7/site-packages/airflow/example_dags/tutorial_dag.py for tasks to queue
[2024-11-23T02:57:04.754+0000] {logging_mixin.py:137} INFO - [2024-11-23T02:57:04.754+0000] {dagbag.py:538} INFO - Filling up the DagBag from /home/airflow/.local/lib/python3.7/site-packages/airflow/example_dags/tutorial_dag.py
[2024-11-23T02:57:04.764+0000] {processor.py:753} INFO - DAG(s) dict_keys(['tutorial_dag']) retrieved from /home/airflow/.local/lib/python3.7/site-packages/airflow/example_dags/tutorial_dag.py
[2024-11-23T02:57:04.784+0000] {logging_mixin.py:137} INFO - [2024-11-23T02:57:04.784+0000] {dag.py:2690} INFO - Sync 1 DAGs
[2024-11-23T02:57:04.807+0000] {logging_mixin.py:137} INFO - [2024-11-23T02:57:04.807+0000] {dag.py:3441} INFO - Setting next_dagrun for tutorial_dag to None, run_after=None
[2024-11-23T02:57:04.821+0000] {processor.py:175} INFO - Processing /home/airflow/.local/lib/python3.7/site-packages/airflow/example_dags/tutorial_dag.py took 0.074 seconds
[2024-11-23T02:57:35.516+0000] {processor.py:153} INFO - Started process (PID=399) to work on /home/airflow/.local/lib/python3.7/site-packages/airflow/example_dags/tutorial_dag.py
[2024-11-23T02:57:35.518+0000] {processor.py:743} INFO - Processing file /home/airflow/.local/lib/python3.7/site-packages/airflow/example_dags/tutorial_dag.py for tasks to queue
[2024-11-23T02:57:35.519+0000] {logging_mixin.py:137} INFO - [2024-11-23T02:57:35.519+0000] {dagbag.py:538} INFO - Filling up the DagBag from /home/airflow/.local/lib/python3.7/site-packages/airflow/example_dags/tutorial_dag.py
[2024-11-23T02:57:35.530+0000] {processor.py:753} INFO - DAG(s) dict_keys(['tutorial_dag']) retrieved from /home/airflow/.local/lib/python3.7/site-packages/airflow/example_dags/tutorial_dag.py
[2024-11-23T02:57:35.559+0000] {logging_mixin.py:137} INFO - [2024-11-23T02:57:35.558+0000] {dag.py:2690} INFO - Sync 1 DAGs
[2024-11-23T02:57:35.601+0000] {logging_mixin.py:137} INFO - [2024-11-23T02:57:35.601+0000] {dag.py:3441} INFO - Setting next_dagrun for tutorial_dag to None, run_after=None
[2024-11-23T02:57:35.641+0000] {processor.py:175} INFO - Processing /home/airflow/.local/lib/python3.7/site-packages/airflow/example_dags/tutorial_dag.py took 0.128 seconds
[2024-11-23T02:58:40.086+0000] {processor.py:153} INFO - Started process (PID=70) to work on /home/airflow/.local/lib/python3.7/site-packages/airflow/example_dags/tutorial_dag.py
[2024-11-23T02:58:40.087+0000] {processor.py:743} INFO - Processing file /home/airflow/.local/lib/python3.7/site-packages/airflow/example_dags/tutorial_dag.py for tasks to queue
[2024-11-23T02:58:40.089+0000] {logging_mixin.py:137} INFO - [2024-11-23T02:58:40.088+0000] {dagbag.py:538} INFO - Filling up the DagBag from /home/airflow/.local/lib/python3.7/site-packages/airflow/example_dags/tutorial_dag.py
[2024-11-23T02:58:40.113+0000] {processor.py:753} INFO - DAG(s) dict_keys(['tutorial_dag']) retrieved from /home/airflow/.local/lib/python3.7/site-packages/airflow/example_dags/tutorial_dag.py
[2024-11-23T02:58:40.196+0000] {logging_mixin.py:137} INFO - [2024-11-23T02:58:40.196+0000] {dag.py:2690} INFO - Sync 1 DAGs
[2024-11-23T02:58:40.295+0000] {logging_mixin.py:137} INFO - [2024-11-23T02:58:40.295+0000] {dag.py:3441} INFO - Setting next_dagrun for tutorial_dag to None, run_after=None
[2024-11-23T02:58:40.349+0000] {processor.py:175} INFO - Processing /home/airflow/.local/lib/python3.7/site-packages/airflow/example_dags/tutorial_dag.py took 0.268 seconds
[2024-11-23T02:59:11.106+0000] {processor.py:153} INFO - Started process (PID=151) to work on /home/airflow/.local/lib/python3.7/site-packages/airflow/example_dags/tutorial_dag.py
[2024-11-23T02:59:11.108+0000] {processor.py:743} INFO - Processing file /home/airflow/.local/lib/python3.7/site-packages/airflow/example_dags/tutorial_dag.py for tasks to queue
[2024-11-23T02:59:11.108+0000] {logging_mixin.py:137} INFO - [2024-11-23T02:59:11.108+0000] {dagbag.py:538} INFO - Filling up the DagBag from /home/airflow/.local/lib/python3.7/site-packages/airflow/example_dags/tutorial_dag.py
[2024-11-23T02:59:11.124+0000] {processor.py:753} INFO - DAG(s) dict_keys(['tutorial_dag']) retrieved from /home/airflow/.local/lib/python3.7/site-packages/airflow/example_dags/tutorial_dag.py
[2024-11-23T02:59:11.165+0000] {logging_mixin.py:137} INFO - [2024-11-23T02:59:11.165+0000] {dag.py:2690} INFO - Sync 1 DAGs
[2024-11-23T02:59:11.204+0000] {logging_mixin.py:137} INFO - [2024-11-23T02:59:11.204+0000] {dag.py:3441} INFO - Setting next_dagrun for tutorial_dag to None, run_after=None
[2024-11-23T02:59:11.234+0000] {processor.py:175} INFO - Processing /home/airflow/.local/lib/python3.7/site-packages/airflow/example_dags/tutorial_dag.py took 0.133 seconds
[2024-11-23T02:59:41.495+0000] {processor.py:153} INFO - Started process (PID=225) to work on /home/airflow/.local/lib/python3.7/site-packages/airflow/example_dags/tutorial_dag.py
[2024-11-23T02:59:41.496+0000] {processor.py:743} INFO - Processing file /home/airflow/.local/lib/python3.7/site-packages/airflow/example_dags/tutorial_dag.py for tasks to queue
[2024-11-23T02:59:41.497+0000] {logging_mixin.py:137} INFO - [2024-11-23T02:59:41.497+0000] {dagbag.py:538} INFO - Filling up the DagBag from /home/airflow/.local/lib/python3.7/site-packages/airflow/example_dags/tutorial_dag.py
[2024-11-23T02:59:41.506+0000] {processor.py:753} INFO - DAG(s) dict_keys(['tutorial_dag']) retrieved from /home/airflow/.local/lib/python3.7/site-packages/airflow/example_dags/tutorial_dag.py
[2024-11-23T02:59:41.523+0000] {logging_mixin.py:137} INFO - [2024-11-23T02:59:41.523+0000] {dag.py:2690} INFO - Sync 1 DAGs
[2024-11-23T02:59:41.544+0000] {logging_mixin.py:137} INFO - [2024-11-23T02:59:41.544+0000] {dag.py:3441} INFO - Setting next_dagrun for tutorial_dag to None, run_after=None
[2024-11-23T02:59:41.556+0000] {processor.py:175} INFO - Processing /home/airflow/.local/lib/python3.7/site-packages/airflow/example_dags/tutorial_dag.py took 0.064 seconds
[2024-11-23T03:00:11.955+0000] {processor.py:153} INFO - Started process (PID=315) to work on /home/airflow/.local/lib/python3.7/site-packages/airflow/example_dags/tutorial_dag.py
[2024-11-23T03:00:11.957+0000] {processor.py:743} INFO - Processing file /home/airflow/.local/lib/python3.7/site-packages/airflow/example_dags/tutorial_dag.py for tasks to queue
[2024-11-23T03:00:11.958+0000] {logging_mixin.py:137} INFO - [2024-11-23T03:00:11.958+0000] {dagbag.py:538} INFO - Filling up the DagBag from /home/airflow/.local/lib/python3.7/site-packages/airflow/example_dags/tutorial_dag.py
[2024-11-23T03:00:11.993+0000] {processor.py:753} INFO - DAG(s) dict_keys(['tutorial_dag']) retrieved from /home/airflow/.local/lib/python3.7/site-packages/airflow/example_dags/tutorial_dag.py
[2024-11-23T03:00:12.019+0000] {logging_mixin.py:137} INFO - [2024-11-23T03:00:12.019+0000] {dag.py:2690} INFO - Sync 1 DAGs
[2024-11-23T03:00:12.036+0000] {logging_mixin.py:137} INFO - [2024-11-23T03:00:12.036+0000] {dag.py:3441} INFO - Setting next_dagrun for tutorial_dag to None, run_after=None
[2024-11-23T03:00:12.047+0000] {processor.py:175} INFO - Processing /home/airflow/.local/lib/python3.7/site-packages/airflow/example_dags/tutorial_dag.py took 0.099 seconds
[2024-11-23T03:00:42.745+0000] {processor.py:153} INFO - Started process (PID=405) to work on /home/airflow/.local/lib/python3.7/site-packages/airflow/example_dags/tutorial_dag.py
[2024-11-23T03:00:42.747+0000] {processor.py:743} INFO - Processing file /home/airflow/.local/lib/python3.7/site-packages/airflow/example_dags/tutorial_dag.py for tasks to queue
[2024-11-23T03:00:42.749+0000] {logging_mixin.py:137} INFO - [2024-11-23T03:00:42.748+0000] {dagbag.py:538} INFO - Filling up the DagBag from /home/airflow/.local/lib/python3.7/site-packages/airflow/example_dags/tutorial_dag.py
[2024-11-23T03:00:42.766+0000] {processor.py:753} INFO - DAG(s) dict_keys(['tutorial_dag']) retrieved from /home/airflow/.local/lib/python3.7/site-packages/airflow/example_dags/tutorial_dag.py
[2024-11-23T03:00:42.798+0000] {logging_mixin.py:137} INFO - [2024-11-23T03:00:42.798+0000] {dag.py:2690} INFO - Sync 1 DAGs
[2024-11-23T03:00:42.862+0000] {logging_mixin.py:137} INFO - [2024-11-23T03:00:42.861+0000] {dag.py:3441} INFO - Setting next_dagrun for tutorial_dag to None, run_after=None
[2024-11-23T03:00:42.888+0000] {processor.py:175} INFO - Processing /home/airflow/.local/lib/python3.7/site-packages/airflow/example_dags/tutorial_dag.py took 0.147 seconds
[2024-11-23T03:01:13.146+0000] {processor.py:153} INFO - Started process (PID=479) to work on /home/airflow/.local/lib/python3.7/site-packages/airflow/example_dags/tutorial_dag.py
[2024-11-23T03:01:13.147+0000] {processor.py:743} INFO - Processing file /home/airflow/.local/lib/python3.7/site-packages/airflow/example_dags/tutorial_dag.py for tasks to queue
[2024-11-23T03:01:13.147+0000] {logging_mixin.py:137} INFO - [2024-11-23T03:01:13.147+0000] {dagbag.py:538} INFO - Filling up the DagBag from /home/airflow/.local/lib/python3.7/site-packages/airflow/example_dags/tutorial_dag.py
[2024-11-23T03:01:13.156+0000] {processor.py:753} INFO - DAG(s) dict_keys(['tutorial_dag']) retrieved from /home/airflow/.local/lib/python3.7/site-packages/airflow/example_dags/tutorial_dag.py
[2024-11-23T03:01:13.172+0000] {logging_mixin.py:137} INFO - [2024-11-23T03:01:13.172+0000] {dag.py:2690} INFO - Sync 1 DAGs
[2024-11-23T03:01:13.188+0000] {logging_mixin.py:137} INFO - [2024-11-23T03:01:13.188+0000] {dag.py:3441} INFO - Setting next_dagrun for tutorial_dag to None, run_after=None
[2024-11-23T03:01:13.199+0000] {processor.py:175} INFO - Processing /home/airflow/.local/lib/python3.7/site-packages/airflow/example_dags/tutorial_dag.py took 0.055 seconds
[2024-11-23T03:01:43.409+0000] {processor.py:153} INFO - Started process (PID=569) to work on /home/airflow/.local/lib/python3.7/site-packages/airflow/example_dags/tutorial_dag.py
[2024-11-23T03:01:43.410+0000] {processor.py:743} INFO - Processing file /home/airflow/.local/lib/python3.7/site-packages/airflow/example_dags/tutorial_dag.py for tasks to queue
[2024-11-23T03:01:43.413+0000] {logging_mixin.py:137} INFO - [2024-11-23T03:01:43.413+0000] {dagbag.py:538} INFO - Filling up the DagBag from /home/airflow/.local/lib/python3.7/site-packages/airflow/example_dags/tutorial_dag.py
[2024-11-23T03:01:43.421+0000] {processor.py:753} INFO - DAG(s) dict_keys(['tutorial_dag']) retrieved from /home/airflow/.local/lib/python3.7/site-packages/airflow/example_dags/tutorial_dag.py
[2024-11-23T03:01:43.440+0000] {logging_mixin.py:137} INFO - [2024-11-23T03:01:43.440+0000] {dag.py:2690} INFO - Sync 1 DAGs
[2024-11-23T03:01:43.461+0000] {logging_mixin.py:137} INFO - [2024-11-23T03:01:43.461+0000] {dag.py:3441} INFO - Setting next_dagrun for tutorial_dag to None, run_after=None
[2024-11-23T03:01:43.476+0000] {processor.py:175} INFO - Processing /home/airflow/.local/lib/python3.7/site-packages/airflow/example_dags/tutorial_dag.py took 0.069 seconds
[2024-11-23T03:02:13.770+0000] {processor.py:153} INFO - Started process (PID=643) to work on /home/airflow/.local/lib/python3.7/site-packages/airflow/example_dags/tutorial_dag.py
[2024-11-23T03:02:13.774+0000] {processor.py:743} INFO - Processing file /home/airflow/.local/lib/python3.7/site-packages/airflow/example_dags/tutorial_dag.py for tasks to queue
[2024-11-23T03:02:13.776+0000] {logging_mixin.py:137} INFO - [2024-11-23T03:02:13.776+0000] {dagbag.py:538} INFO - Filling up the DagBag from /home/airflow/.local/lib/python3.7/site-packages/airflow/example_dags/tutorial_dag.py
[2024-11-23T03:02:13.786+0000] {processor.py:753} INFO - DAG(s) dict_keys(['tutorial_dag']) retrieved from /home/airflow/.local/lib/python3.7/site-packages/airflow/example_dags/tutorial_dag.py
[2024-11-23T03:02:13.810+0000] {logging_mixin.py:137} INFO - [2024-11-23T03:02:13.810+0000] {dag.py:2690} INFO - Sync 1 DAGs
[2024-11-23T03:02:13.828+0000] {logging_mixin.py:137} INFO - [2024-11-23T03:02:13.828+0000] {dag.py:3441} INFO - Setting next_dagrun for tutorial_dag to None, run_after=None
[2024-11-23T03:02:13.841+0000] {processor.py:175} INFO - Processing /home/airflow/.local/lib/python3.7/site-packages/airflow/example_dags/tutorial_dag.py took 0.073 seconds
[2024-11-23T03:03:07.273+0000] {processor.py:153} INFO - Started process (PID=70) to work on /home/airflow/.local/lib/python3.7/site-packages/airflow/example_dags/tutorial_dag.py
[2024-11-23T03:03:07.279+0000] {processor.py:743} INFO - Processing file /home/airflow/.local/lib/python3.7/site-packages/airflow/example_dags/tutorial_dag.py for tasks to queue
[2024-11-23T03:03:07.282+0000] {logging_mixin.py:137} INFO - [2024-11-23T03:03:07.282+0000] {dagbag.py:538} INFO - Filling up the DagBag from /home/airflow/.local/lib/python3.7/site-packages/airflow/example_dags/tutorial_dag.py
[2024-11-23T03:03:07.303+0000] {processor.py:753} INFO - DAG(s) dict_keys(['tutorial_dag']) retrieved from /home/airflow/.local/lib/python3.7/site-packages/airflow/example_dags/tutorial_dag.py
[2024-11-23T03:03:07.347+0000] {logging_mixin.py:137} INFO - [2024-11-23T03:03:07.346+0000] {dag.py:2690} INFO - Sync 1 DAGs
[2024-11-23T03:03:07.408+0000] {logging_mixin.py:137} INFO - [2024-11-23T03:03:07.408+0000] {dag.py:3441} INFO - Setting next_dagrun for tutorial_dag to None, run_after=None
[2024-11-23T03:03:07.454+0000] {processor.py:175} INFO - Processing /home/airflow/.local/lib/python3.7/site-packages/airflow/example_dags/tutorial_dag.py took 0.187 seconds
[2024-11-23T03:03:38.172+0000] {processor.py:153} INFO - Started process (PID=151) to work on /home/airflow/.local/lib/python3.7/site-packages/airflow/example_dags/tutorial_dag.py
[2024-11-23T03:03:38.174+0000] {processor.py:743} INFO - Processing file /home/airflow/.local/lib/python3.7/site-packages/airflow/example_dags/tutorial_dag.py for tasks to queue
[2024-11-23T03:03:38.174+0000] {logging_mixin.py:137} INFO - [2024-11-23T03:03:38.174+0000] {dagbag.py:538} INFO - Filling up the DagBag from /home/airflow/.local/lib/python3.7/site-packages/airflow/example_dags/tutorial_dag.py
[2024-11-23T03:03:38.184+0000] {processor.py:753} INFO - DAG(s) dict_keys(['tutorial_dag']) retrieved from /home/airflow/.local/lib/python3.7/site-packages/airflow/example_dags/tutorial_dag.py
[2024-11-23T03:03:38.204+0000] {logging_mixin.py:137} INFO - [2024-11-23T03:03:38.204+0000] {dag.py:2690} INFO - Sync 1 DAGs
[2024-11-23T03:03:38.224+0000] {logging_mixin.py:137} INFO - [2024-11-23T03:03:38.223+0000] {dag.py:3441} INFO - Setting next_dagrun for tutorial_dag to None, run_after=None
[2024-11-23T03:03:38.240+0000] {processor.py:175} INFO - Processing /home/airflow/.local/lib/python3.7/site-packages/airflow/example_dags/tutorial_dag.py took 0.070 seconds
[2024-11-23T03:06:16.049+0000] {processor.py:153} INFO - Started process (PID=77) to work on /home/airflow/.local/lib/python3.7/site-packages/airflow/example_dags/tutorial_dag.py
[2024-11-23T03:06:16.053+0000] {processor.py:743} INFO - Processing file /home/airflow/.local/lib/python3.7/site-packages/airflow/example_dags/tutorial_dag.py for tasks to queue
[2024-11-23T03:06:16.056+0000] {logging_mixin.py:137} INFO - [2024-11-23T03:06:16.056+0000] {dagbag.py:538} INFO - Filling up the DagBag from /home/airflow/.local/lib/python3.7/site-packages/airflow/example_dags/tutorial_dag.py
[2024-11-23T03:06:16.084+0000] {processor.py:753} INFO - DAG(s) dict_keys(['tutorial_dag']) retrieved from /home/airflow/.local/lib/python3.7/site-packages/airflow/example_dags/tutorial_dag.py
[2024-11-23T03:06:16.119+0000] {logging_mixin.py:137} INFO - [2024-11-23T03:06:16.119+0000] {dag.py:2690} INFO - Sync 1 DAGs
[2024-11-23T03:06:16.163+0000] {logging_mixin.py:137} INFO - [2024-11-23T03:06:16.163+0000] {dag.py:3441} INFO - Setting next_dagrun for tutorial_dag to None, run_after=None
[2024-11-23T03:06:16.203+0000] {processor.py:175} INFO - Processing /home/airflow/.local/lib/python3.7/site-packages/airflow/example_dags/tutorial_dag.py took 0.162 seconds
[2024-11-23T03:06:46.679+0000] {processor.py:153} INFO - Started process (PID=151) to work on /home/airflow/.local/lib/python3.7/site-packages/airflow/example_dags/tutorial_dag.py
[2024-11-23T03:06:46.688+0000] {processor.py:743} INFO - Processing file /home/airflow/.local/lib/python3.7/site-packages/airflow/example_dags/tutorial_dag.py for tasks to queue
[2024-11-23T03:06:46.689+0000] {logging_mixin.py:137} INFO - [2024-11-23T03:06:46.688+0000] {dagbag.py:538} INFO - Filling up the DagBag from /home/airflow/.local/lib/python3.7/site-packages/airflow/example_dags/tutorial_dag.py
[2024-11-23T03:06:46.701+0000] {processor.py:753} INFO - DAG(s) dict_keys(['tutorial_dag']) retrieved from /home/airflow/.local/lib/python3.7/site-packages/airflow/example_dags/tutorial_dag.py
[2024-11-23T03:06:46.730+0000] {logging_mixin.py:137} INFO - [2024-11-23T03:06:46.729+0000] {dag.py:2690} INFO - Sync 1 DAGs
[2024-11-23T03:06:46.752+0000] {logging_mixin.py:137} INFO - [2024-11-23T03:06:46.752+0000] {dag.py:3441} INFO - Setting next_dagrun for tutorial_dag to None, run_after=None
[2024-11-23T03:06:46.769+0000] {processor.py:175} INFO - Processing /home/airflow/.local/lib/python3.7/site-packages/airflow/example_dags/tutorial_dag.py took 0.094 seconds
[2024-11-23T03:07:17.049+0000] {processor.py:153} INFO - Started process (PID=241) to work on /home/airflow/.local/lib/python3.7/site-packages/airflow/example_dags/tutorial_dag.py
[2024-11-23T03:07:17.050+0000] {processor.py:743} INFO - Processing file /home/airflow/.local/lib/python3.7/site-packages/airflow/example_dags/tutorial_dag.py for tasks to queue
[2024-11-23T03:07:17.051+0000] {logging_mixin.py:137} INFO - [2024-11-23T03:07:17.051+0000] {dagbag.py:538} INFO - Filling up the DagBag from /home/airflow/.local/lib/python3.7/site-packages/airflow/example_dags/tutorial_dag.py
[2024-11-23T03:07:17.064+0000] {processor.py:753} INFO - DAG(s) dict_keys(['tutorial_dag']) retrieved from /home/airflow/.local/lib/python3.7/site-packages/airflow/example_dags/tutorial_dag.py
[2024-11-23T03:07:17.110+0000] {logging_mixin.py:137} INFO - [2024-11-23T03:07:17.109+0000] {dag.py:2690} INFO - Sync 1 DAGs
[2024-11-23T03:07:17.141+0000] {logging_mixin.py:137} INFO - [2024-11-23T03:07:17.141+0000] {dag.py:3441} INFO - Setting next_dagrun for tutorial_dag to None, run_after=None
[2024-11-23T03:07:17.169+0000] {processor.py:175} INFO - Processing /home/airflow/.local/lib/python3.7/site-packages/airflow/example_dags/tutorial_dag.py took 0.123 seconds
[2024-11-23T03:07:47.407+0000] {processor.py:153} INFO - Started process (PID=315) to work on /home/airflow/.local/lib/python3.7/site-packages/airflow/example_dags/tutorial_dag.py
[2024-11-23T03:07:47.408+0000] {processor.py:743} INFO - Processing file /home/airflow/.local/lib/python3.7/site-packages/airflow/example_dags/tutorial_dag.py for tasks to queue
[2024-11-23T03:07:47.408+0000] {logging_mixin.py:137} INFO - [2024-11-23T03:07:47.408+0000] {dagbag.py:538} INFO - Filling up the DagBag from /home/airflow/.local/lib/python3.7/site-packages/airflow/example_dags/tutorial_dag.py
[2024-11-23T03:07:47.417+0000] {processor.py:753} INFO - DAG(s) dict_keys(['tutorial_dag']) retrieved from /home/airflow/.local/lib/python3.7/site-packages/airflow/example_dags/tutorial_dag.py
[2024-11-23T03:07:47.437+0000] {logging_mixin.py:137} INFO - [2024-11-23T03:07:47.437+0000] {dag.py:2690} INFO - Sync 1 DAGs
[2024-11-23T03:07:47.455+0000] {logging_mixin.py:137} INFO - [2024-11-23T03:07:47.455+0000] {dag.py:3441} INFO - Setting next_dagrun for tutorial_dag to None, run_after=None
[2024-11-23T03:07:47.474+0000] {processor.py:175} INFO - Processing /home/airflow/.local/lib/python3.7/site-packages/airflow/example_dags/tutorial_dag.py took 0.069 seconds
[2024-11-23T03:08:17.746+0000] {processor.py:153} INFO - Started process (PID=405) to work on /home/airflow/.local/lib/python3.7/site-packages/airflow/example_dags/tutorial_dag.py
[2024-11-23T03:08:17.747+0000] {processor.py:743} INFO - Processing file /home/airflow/.local/lib/python3.7/site-packages/airflow/example_dags/tutorial_dag.py for tasks to queue
[2024-11-23T03:08:17.747+0000] {logging_mixin.py:137} INFO - [2024-11-23T03:08:17.747+0000] {dagbag.py:538} INFO - Filling up the DagBag from /home/airflow/.local/lib/python3.7/site-packages/airflow/example_dags/tutorial_dag.py
[2024-11-23T03:08:17.759+0000] {processor.py:753} INFO - DAG(s) dict_keys(['tutorial_dag']) retrieved from /home/airflow/.local/lib/python3.7/site-packages/airflow/example_dags/tutorial_dag.py
[2024-11-23T03:08:17.780+0000] {logging_mixin.py:137} INFO - [2024-11-23T03:08:17.779+0000] {dag.py:2690} INFO - Sync 1 DAGs
[2024-11-23T03:08:17.799+0000] {logging_mixin.py:137} INFO - [2024-11-23T03:08:17.799+0000] {dag.py:3441} INFO - Setting next_dagrun for tutorial_dag to None, run_after=None
[2024-11-23T03:08:17.822+0000] {processor.py:175} INFO - Processing /home/airflow/.local/lib/python3.7/site-packages/airflow/example_dags/tutorial_dag.py took 0.079 seconds
[2024-11-23T03:08:47.848+0000] {processor.py:153} INFO - Started process (PID=478) to work on /home/airflow/.local/lib/python3.7/site-packages/airflow/example_dags/tutorial_dag.py
[2024-11-23T03:08:47.849+0000] {processor.py:743} INFO - Processing file /home/airflow/.local/lib/python3.7/site-packages/airflow/example_dags/tutorial_dag.py for tasks to queue
[2024-11-23T03:08:47.850+0000] {logging_mixin.py:137} INFO - [2024-11-23T03:08:47.850+0000] {dagbag.py:538} INFO - Filling up the DagBag from /home/airflow/.local/lib/python3.7/site-packages/airflow/example_dags/tutorial_dag.py
[2024-11-23T03:08:47.860+0000] {processor.py:753} INFO - DAG(s) dict_keys(['tutorial_dag']) retrieved from /home/airflow/.local/lib/python3.7/site-packages/airflow/example_dags/tutorial_dag.py
[2024-11-23T03:08:47.878+0000] {logging_mixin.py:137} INFO - [2024-11-23T03:08:47.878+0000] {dag.py:2690} INFO - Sync 1 DAGs
[2024-11-23T03:08:47.895+0000] {logging_mixin.py:137} INFO - [2024-11-23T03:08:47.895+0000] {dag.py:3441} INFO - Setting next_dagrun for tutorial_dag to None, run_after=None
[2024-11-23T03:08:47.908+0000] {processor.py:175} INFO - Processing /home/airflow/.local/lib/python3.7/site-packages/airflow/example_dags/tutorial_dag.py took 0.062 seconds
[2024-11-23T03:09:18.143+0000] {processor.py:153} INFO - Started process (PID=568) to work on /home/airflow/.local/lib/python3.7/site-packages/airflow/example_dags/tutorial_dag.py
[2024-11-23T03:09:18.146+0000] {processor.py:743} INFO - Processing file /home/airflow/.local/lib/python3.7/site-packages/airflow/example_dags/tutorial_dag.py for tasks to queue
[2024-11-23T03:09:18.147+0000] {logging_mixin.py:137} INFO - [2024-11-23T03:09:18.147+0000] {dagbag.py:538} INFO - Filling up the DagBag from /home/airflow/.local/lib/python3.7/site-packages/airflow/example_dags/tutorial_dag.py
[2024-11-23T03:09:18.155+0000] {processor.py:753} INFO - DAG(s) dict_keys(['tutorial_dag']) retrieved from /home/airflow/.local/lib/python3.7/site-packages/airflow/example_dags/tutorial_dag.py
[2024-11-23T03:09:18.174+0000] {logging_mixin.py:137} INFO - [2024-11-23T03:09:18.174+0000] {dag.py:2690} INFO - Sync 1 DAGs
[2024-11-23T03:09:18.194+0000] {logging_mixin.py:137} INFO - [2024-11-23T03:09:18.194+0000] {dag.py:3441} INFO - Setting next_dagrun for tutorial_dag to None, run_after=None
[2024-11-23T03:09:18.210+0000] {processor.py:175} INFO - Processing /home/airflow/.local/lib/python3.7/site-packages/airflow/example_dags/tutorial_dag.py took 0.070 seconds
[2024-11-23T03:09:48.314+0000] {processor.py:153} INFO - Started process (PID=642) to work on /home/airflow/.local/lib/python3.7/site-packages/airflow/example_dags/tutorial_dag.py
[2024-11-23T03:09:48.314+0000] {processor.py:743} INFO - Processing file /home/airflow/.local/lib/python3.7/site-packages/airflow/example_dags/tutorial_dag.py for tasks to queue
[2024-11-23T03:09:48.315+0000] {logging_mixin.py:137} INFO - [2024-11-23T03:09:48.315+0000] {dagbag.py:538} INFO - Filling up the DagBag from /home/airflow/.local/lib/python3.7/site-packages/airflow/example_dags/tutorial_dag.py
[2024-11-23T03:09:48.324+0000] {processor.py:753} INFO - DAG(s) dict_keys(['tutorial_dag']) retrieved from /home/airflow/.local/lib/python3.7/site-packages/airflow/example_dags/tutorial_dag.py
[2024-11-23T03:09:48.344+0000] {logging_mixin.py:137} INFO - [2024-11-23T03:09:48.344+0000] {dag.py:2690} INFO - Sync 1 DAGs
[2024-11-23T03:09:48.363+0000] {logging_mixin.py:137} INFO - [2024-11-23T03:09:48.363+0000] {dag.py:3441} INFO - Setting next_dagrun for tutorial_dag to None, run_after=None
[2024-11-23T03:09:48.376+0000] {processor.py:175} INFO - Processing /home/airflow/.local/lib/python3.7/site-packages/airflow/example_dags/tutorial_dag.py took 0.065 seconds
[2024-11-23T03:10:18.542+0000] {processor.py:153} INFO - Started process (PID=731) to work on /home/airflow/.local/lib/python3.7/site-packages/airflow/example_dags/tutorial_dag.py
[2024-11-23T03:10:18.542+0000] {processor.py:743} INFO - Processing file /home/airflow/.local/lib/python3.7/site-packages/airflow/example_dags/tutorial_dag.py for tasks to queue
[2024-11-23T03:10:18.544+0000] {logging_mixin.py:137} INFO - [2024-11-23T03:10:18.544+0000] {dagbag.py:538} INFO - Filling up the DagBag from /home/airflow/.local/lib/python3.7/site-packages/airflow/example_dags/tutorial_dag.py
[2024-11-23T03:10:18.555+0000] {processor.py:753} INFO - DAG(s) dict_keys(['tutorial_dag']) retrieved from /home/airflow/.local/lib/python3.7/site-packages/airflow/example_dags/tutorial_dag.py
[2024-11-23T03:10:18.577+0000] {logging_mixin.py:137} INFO - [2024-11-23T03:10:18.577+0000] {dag.py:2690} INFO - Sync 1 DAGs
[2024-11-23T03:10:18.596+0000] {logging_mixin.py:137} INFO - [2024-11-23T03:10:18.595+0000] {dag.py:3441} INFO - Setting next_dagrun for tutorial_dag to None, run_after=None
[2024-11-23T03:10:18.614+0000] {processor.py:175} INFO - Processing /home/airflow/.local/lib/python3.7/site-packages/airflow/example_dags/tutorial_dag.py took 0.074 seconds
[2024-11-23T03:10:50.022+0000] {processor.py:153} INFO - Started process (PID=821) to work on /home/airflow/.local/lib/python3.7/site-packages/airflow/example_dags/tutorial_dag.py
[2024-11-23T03:10:50.023+0000] {processor.py:743} INFO - Processing file /home/airflow/.local/lib/python3.7/site-packages/airflow/example_dags/tutorial_dag.py for tasks to queue
[2024-11-23T03:10:50.023+0000] {logging_mixin.py:137} INFO - [2024-11-23T03:10:50.023+0000] {dagbag.py:538} INFO - Filling up the DagBag from /home/airflow/.local/lib/python3.7/site-packages/airflow/example_dags/tutorial_dag.py
[2024-11-23T03:10:50.032+0000] {processor.py:753} INFO - DAG(s) dict_keys(['tutorial_dag']) retrieved from /home/airflow/.local/lib/python3.7/site-packages/airflow/example_dags/tutorial_dag.py
[2024-11-23T03:10:50.050+0000] {logging_mixin.py:137} INFO - [2024-11-23T03:10:50.050+0000] {dag.py:2690} INFO - Sync 1 DAGs
[2024-11-23T03:10:50.068+0000] {logging_mixin.py:137} INFO - [2024-11-23T03:10:50.068+0000] {dag.py:3441} INFO - Setting next_dagrun for tutorial_dag to None, run_after=None
[2024-11-23T03:10:50.083+0000] {processor.py:175} INFO - Processing /home/airflow/.local/lib/python3.7/site-packages/airflow/example_dags/tutorial_dag.py took 0.064 seconds
[2024-11-23T03:11:20.327+0000] {processor.py:153} INFO - Started process (PID=895) to work on /home/airflow/.local/lib/python3.7/site-packages/airflow/example_dags/tutorial_dag.py
[2024-11-23T03:11:20.329+0000] {processor.py:743} INFO - Processing file /home/airflow/.local/lib/python3.7/site-packages/airflow/example_dags/tutorial_dag.py for tasks to queue
[2024-11-23T03:11:20.330+0000] {logging_mixin.py:137} INFO - [2024-11-23T03:11:20.330+0000] {dagbag.py:538} INFO - Filling up the DagBag from /home/airflow/.local/lib/python3.7/site-packages/airflow/example_dags/tutorial_dag.py
[2024-11-23T03:11:20.341+0000] {processor.py:753} INFO - DAG(s) dict_keys(['tutorial_dag']) retrieved from /home/airflow/.local/lib/python3.7/site-packages/airflow/example_dags/tutorial_dag.py
[2024-11-23T03:11:20.363+0000] {logging_mixin.py:137} INFO - [2024-11-23T03:11:20.363+0000] {dag.py:2690} INFO - Sync 1 DAGs
[2024-11-23T03:11:20.388+0000] {logging_mixin.py:137} INFO - [2024-11-23T03:11:20.388+0000] {dag.py:3441} INFO - Setting next_dagrun for tutorial_dag to None, run_after=None
[2024-11-23T03:11:20.407+0000] {processor.py:175} INFO - Processing /home/airflow/.local/lib/python3.7/site-packages/airflow/example_dags/tutorial_dag.py took 0.082 seconds
[2024-11-23T03:11:50.587+0000] {processor.py:153} INFO - Started process (PID=985) to work on /home/airflow/.local/lib/python3.7/site-packages/airflow/example_dags/tutorial_dag.py
[2024-11-23T03:11:50.589+0000] {processor.py:743} INFO - Processing file /home/airflow/.local/lib/python3.7/site-packages/airflow/example_dags/tutorial_dag.py for tasks to queue
[2024-11-23T03:11:50.590+0000] {logging_mixin.py:137} INFO - [2024-11-23T03:11:50.590+0000] {dagbag.py:538} INFO - Filling up the DagBag from /home/airflow/.local/lib/python3.7/site-packages/airflow/example_dags/tutorial_dag.py
[2024-11-23T03:11:50.600+0000] {processor.py:753} INFO - DAG(s) dict_keys(['tutorial_dag']) retrieved from /home/airflow/.local/lib/python3.7/site-packages/airflow/example_dags/tutorial_dag.py
[2024-11-23T03:11:50.622+0000] {logging_mixin.py:137} INFO - [2024-11-23T03:11:50.622+0000] {dag.py:2690} INFO - Sync 1 DAGs
[2024-11-23T03:11:50.641+0000] {logging_mixin.py:137} INFO - [2024-11-23T03:11:50.640+0000] {dag.py:3441} INFO - Setting next_dagrun for tutorial_dag to None, run_after=None
[2024-11-23T03:11:50.659+0000] {processor.py:175} INFO - Processing /home/airflow/.local/lib/python3.7/site-packages/airflow/example_dags/tutorial_dag.py took 0.075 seconds
[2024-11-23T03:12:20.881+0000] {processor.py:153} INFO - Started process (PID=1059) to work on /home/airflow/.local/lib/python3.7/site-packages/airflow/example_dags/tutorial_dag.py
[2024-11-23T03:12:20.882+0000] {processor.py:743} INFO - Processing file /home/airflow/.local/lib/python3.7/site-packages/airflow/example_dags/tutorial_dag.py for tasks to queue
[2024-11-23T03:12:20.882+0000] {logging_mixin.py:137} INFO - [2024-11-23T03:12:20.882+0000] {dagbag.py:538} INFO - Filling up the DagBag from /home/airflow/.local/lib/python3.7/site-packages/airflow/example_dags/tutorial_dag.py
[2024-11-23T03:12:20.891+0000] {processor.py:753} INFO - DAG(s) dict_keys(['tutorial_dag']) retrieved from /home/airflow/.local/lib/python3.7/site-packages/airflow/example_dags/tutorial_dag.py
[2024-11-23T03:12:20.910+0000] {logging_mixin.py:137} INFO - [2024-11-23T03:12:20.910+0000] {dag.py:2690} INFO - Sync 1 DAGs
[2024-11-23T03:12:20.933+0000] {logging_mixin.py:137} INFO - [2024-11-23T03:12:20.932+0000] {dag.py:3441} INFO - Setting next_dagrun for tutorial_dag to None, run_after=None
[2024-11-23T03:12:20.944+0000] {processor.py:175} INFO - Processing /home/airflow/.local/lib/python3.7/site-packages/airflow/example_dags/tutorial_dag.py took 0.067 seconds
[2024-11-23T03:12:51.332+0000] {processor.py:153} INFO - Started process (PID=1149) to work on /home/airflow/.local/lib/python3.7/site-packages/airflow/example_dags/tutorial_dag.py
[2024-11-23T03:12:51.333+0000] {processor.py:743} INFO - Processing file /home/airflow/.local/lib/python3.7/site-packages/airflow/example_dags/tutorial_dag.py for tasks to queue
[2024-11-23T03:12:51.333+0000] {logging_mixin.py:137} INFO - [2024-11-23T03:12:51.333+0000] {dagbag.py:538} INFO - Filling up the DagBag from /home/airflow/.local/lib/python3.7/site-packages/airflow/example_dags/tutorial_dag.py
[2024-11-23T03:12:51.344+0000] {processor.py:753} INFO - DAG(s) dict_keys(['tutorial_dag']) retrieved from /home/airflow/.local/lib/python3.7/site-packages/airflow/example_dags/tutorial_dag.py
[2024-11-23T03:12:51.364+0000] {logging_mixin.py:137} INFO - [2024-11-23T03:12:51.364+0000] {dag.py:2690} INFO - Sync 1 DAGs
[2024-11-23T03:12:51.383+0000] {logging_mixin.py:137} INFO - [2024-11-23T03:12:51.382+0000] {dag.py:3441} INFO - Setting next_dagrun for tutorial_dag to None, run_after=None
[2024-11-23T03:12:51.398+0000] {processor.py:175} INFO - Processing /home/airflow/.local/lib/python3.7/site-packages/airflow/example_dags/tutorial_dag.py took 0.069 seconds
[2024-11-23T03:13:21.543+0000] {processor.py:153} INFO - Started process (PID=1223) to work on /home/airflow/.local/lib/python3.7/site-packages/airflow/example_dags/tutorial_dag.py
[2024-11-23T03:13:21.544+0000] {processor.py:743} INFO - Processing file /home/airflow/.local/lib/python3.7/site-packages/airflow/example_dags/tutorial_dag.py for tasks to queue
[2024-11-23T03:13:21.545+0000] {logging_mixin.py:137} INFO - [2024-11-23T03:13:21.545+0000] {dagbag.py:538} INFO - Filling up the DagBag from /home/airflow/.local/lib/python3.7/site-packages/airflow/example_dags/tutorial_dag.py
[2024-11-23T03:13:21.555+0000] {processor.py:753} INFO - DAG(s) dict_keys(['tutorial_dag']) retrieved from /home/airflow/.local/lib/python3.7/site-packages/airflow/example_dags/tutorial_dag.py
[2024-11-23T03:13:21.577+0000] {logging_mixin.py:137} INFO - [2024-11-23T03:13:21.577+0000] {dag.py:2690} INFO - Sync 1 DAGs
[2024-11-23T03:13:21.594+0000] {logging_mixin.py:137} INFO - [2024-11-23T03:13:21.594+0000] {dag.py:3441} INFO - Setting next_dagrun for tutorial_dag to None, run_after=None
[2024-11-23T03:13:21.607+0000] {processor.py:175} INFO - Processing /home/airflow/.local/lib/python3.7/site-packages/airflow/example_dags/tutorial_dag.py took 0.066 seconds
[2024-11-23T03:13:51.789+0000] {processor.py:153} INFO - Started process (PID=1313) to work on /home/airflow/.local/lib/python3.7/site-packages/airflow/example_dags/tutorial_dag.py
[2024-11-23T03:13:51.790+0000] {processor.py:743} INFO - Processing file /home/airflow/.local/lib/python3.7/site-packages/airflow/example_dags/tutorial_dag.py for tasks to queue
[2024-11-23T03:13:51.790+0000] {logging_mixin.py:137} INFO - [2024-11-23T03:13:51.790+0000] {dagbag.py:538} INFO - Filling up the DagBag from /home/airflow/.local/lib/python3.7/site-packages/airflow/example_dags/tutorial_dag.py
[2024-11-23T03:13:51.799+0000] {processor.py:753} INFO - DAG(s) dict_keys(['tutorial_dag']) retrieved from /home/airflow/.local/lib/python3.7/site-packages/airflow/example_dags/tutorial_dag.py
[2024-11-23T03:13:51.823+0000] {logging_mixin.py:137} INFO - [2024-11-23T03:13:51.823+0000] {dag.py:2690} INFO - Sync 1 DAGs
[2024-11-23T03:13:51.840+0000] {logging_mixin.py:137} INFO - [2024-11-23T03:13:51.840+0000] {dag.py:3441} INFO - Setting next_dagrun for tutorial_dag to None, run_after=None
[2024-11-23T03:13:51.856+0000] {processor.py:175} INFO - Processing /home/airflow/.local/lib/python3.7/site-packages/airflow/example_dags/tutorial_dag.py took 0.069 seconds
[2024-11-23T03:14:21.925+0000] {processor.py:153} INFO - Started process (PID=1394) to work on /home/airflow/.local/lib/python3.7/site-packages/airflow/example_dags/tutorial_dag.py
[2024-11-23T03:14:21.926+0000] {processor.py:743} INFO - Processing file /home/airflow/.local/lib/python3.7/site-packages/airflow/example_dags/tutorial_dag.py for tasks to queue
[2024-11-23T03:14:21.927+0000] {logging_mixin.py:137} INFO - [2024-11-23T03:14:21.926+0000] {dagbag.py:538} INFO - Filling up the DagBag from /home/airflow/.local/lib/python3.7/site-packages/airflow/example_dags/tutorial_dag.py
[2024-11-23T03:14:21.937+0000] {processor.py:753} INFO - DAG(s) dict_keys(['tutorial_dag']) retrieved from /home/airflow/.local/lib/python3.7/site-packages/airflow/example_dags/tutorial_dag.py
[2024-11-23T03:14:21.957+0000] {logging_mixin.py:137} INFO - [2024-11-23T03:14:21.957+0000] {dag.py:2690} INFO - Sync 1 DAGs
[2024-11-23T03:14:21.977+0000] {logging_mixin.py:137} INFO - [2024-11-23T03:14:21.977+0000] {dag.py:3441} INFO - Setting next_dagrun for tutorial_dag to None, run_after=None
[2024-11-23T03:14:21.995+0000] {processor.py:175} INFO - Processing /home/airflow/.local/lib/python3.7/site-packages/airflow/example_dags/tutorial_dag.py took 0.072 seconds
[2024-11-23T03:14:52.374+0000] {processor.py:153} INFO - Started process (PID=1477) to work on /home/airflow/.local/lib/python3.7/site-packages/airflow/example_dags/tutorial_dag.py
[2024-11-23T03:14:52.375+0000] {processor.py:743} INFO - Processing file /home/airflow/.local/lib/python3.7/site-packages/airflow/example_dags/tutorial_dag.py for tasks to queue
[2024-11-23T03:14:52.376+0000] {logging_mixin.py:137} INFO - [2024-11-23T03:14:52.376+0000] {dagbag.py:538} INFO - Filling up the DagBag from /home/airflow/.local/lib/python3.7/site-packages/airflow/example_dags/tutorial_dag.py
[2024-11-23T03:14:52.385+0000] {processor.py:753} INFO - DAG(s) dict_keys(['tutorial_dag']) retrieved from /home/airflow/.local/lib/python3.7/site-packages/airflow/example_dags/tutorial_dag.py
[2024-11-23T03:14:52.404+0000] {logging_mixin.py:137} INFO - [2024-11-23T03:14:52.404+0000] {dag.py:2690} INFO - Sync 1 DAGs
[2024-11-23T03:14:52.423+0000] {logging_mixin.py:137} INFO - [2024-11-23T03:14:52.422+0000] {dag.py:3441} INFO - Setting next_dagrun for tutorial_dag to None, run_after=None
[2024-11-23T03:14:52.438+0000] {processor.py:175} INFO - Processing /home/airflow/.local/lib/python3.7/site-packages/airflow/example_dags/tutorial_dag.py took 0.067 seconds
[2024-11-23T03:15:23.217+0000] {processor.py:153} INFO - Started process (PID=1567) to work on /home/airflow/.local/lib/python3.7/site-packages/airflow/example_dags/tutorial_dag.py
[2024-11-23T03:15:23.218+0000] {processor.py:743} INFO - Processing file /home/airflow/.local/lib/python3.7/site-packages/airflow/example_dags/tutorial_dag.py for tasks to queue
[2024-11-23T03:15:23.219+0000] {logging_mixin.py:137} INFO - [2024-11-23T03:15:23.219+0000] {dagbag.py:538} INFO - Filling up the DagBag from /home/airflow/.local/lib/python3.7/site-packages/airflow/example_dags/tutorial_dag.py
[2024-11-23T03:15:23.232+0000] {processor.py:753} INFO - DAG(s) dict_keys(['tutorial_dag']) retrieved from /home/airflow/.local/lib/python3.7/site-packages/airflow/example_dags/tutorial_dag.py
[2024-11-23T03:15:23.258+0000] {logging_mixin.py:137} INFO - [2024-11-23T03:15:23.258+0000] {dag.py:2690} INFO - Sync 1 DAGs
[2024-11-23T03:15:23.279+0000] {logging_mixin.py:137} INFO - [2024-11-23T03:15:23.279+0000] {dag.py:3441} INFO - Setting next_dagrun for tutorial_dag to None, run_after=None
[2024-11-23T03:15:23.297+0000] {processor.py:175} INFO - Processing /home/airflow/.local/lib/python3.7/site-packages/airflow/example_dags/tutorial_dag.py took 0.083 seconds
[2024-11-23T03:15:53.411+0000] {processor.py:153} INFO - Started process (PID=1641) to work on /home/airflow/.local/lib/python3.7/site-packages/airflow/example_dags/tutorial_dag.py
[2024-11-23T03:15:53.412+0000] {processor.py:743} INFO - Processing file /home/airflow/.local/lib/python3.7/site-packages/airflow/example_dags/tutorial_dag.py for tasks to queue
[2024-11-23T03:15:53.413+0000] {logging_mixin.py:137} INFO - [2024-11-23T03:15:53.413+0000] {dagbag.py:538} INFO - Filling up the DagBag from /home/airflow/.local/lib/python3.7/site-packages/airflow/example_dags/tutorial_dag.py
[2024-11-23T03:15:53.422+0000] {processor.py:753} INFO - DAG(s) dict_keys(['tutorial_dag']) retrieved from /home/airflow/.local/lib/python3.7/site-packages/airflow/example_dags/tutorial_dag.py
[2024-11-23T03:15:53.445+0000] {logging_mixin.py:137} INFO - [2024-11-23T03:15:53.444+0000] {dag.py:2690} INFO - Sync 1 DAGs
[2024-11-23T03:15:53.464+0000] {logging_mixin.py:137} INFO - [2024-11-23T03:15:53.464+0000] {dag.py:3441} INFO - Setting next_dagrun for tutorial_dag to None, run_after=None
[2024-11-23T03:15:53.478+0000] {processor.py:175} INFO - Processing /home/airflow/.local/lib/python3.7/site-packages/airflow/example_dags/tutorial_dag.py took 0.069 seconds
[2024-11-23T03:16:23.657+0000] {processor.py:153} INFO - Started process (PID=1731) to work on /home/airflow/.local/lib/python3.7/site-packages/airflow/example_dags/tutorial_dag.py
[2024-11-23T03:16:23.658+0000] {processor.py:743} INFO - Processing file /home/airflow/.local/lib/python3.7/site-packages/airflow/example_dags/tutorial_dag.py for tasks to queue
[2024-11-23T03:16:23.658+0000] {logging_mixin.py:137} INFO - [2024-11-23T03:16:23.658+0000] {dagbag.py:538} INFO - Filling up the DagBag from /home/airflow/.local/lib/python3.7/site-packages/airflow/example_dags/tutorial_dag.py
[2024-11-23T03:16:23.668+0000] {processor.py:753} INFO - DAG(s) dict_keys(['tutorial_dag']) retrieved from /home/airflow/.local/lib/python3.7/site-packages/airflow/example_dags/tutorial_dag.py
[2024-11-23T03:16:23.686+0000] {logging_mixin.py:137} INFO - [2024-11-23T03:16:23.686+0000] {dag.py:2690} INFO - Sync 1 DAGs
[2024-11-23T03:16:23.707+0000] {logging_mixin.py:137} INFO - [2024-11-23T03:16:23.707+0000] {dag.py:3441} INFO - Setting next_dagrun for tutorial_dag to None, run_after=None
[2024-11-23T03:16:23.719+0000] {processor.py:175} INFO - Processing /home/airflow/.local/lib/python3.7/site-packages/airflow/example_dags/tutorial_dag.py took 0.064 seconds
[2024-11-23T03:16:53.897+0000] {processor.py:153} INFO - Started process (PID=1805) to work on /home/airflow/.local/lib/python3.7/site-packages/airflow/example_dags/tutorial_dag.py
[2024-11-23T03:16:53.897+0000] {processor.py:743} INFO - Processing file /home/airflow/.local/lib/python3.7/site-packages/airflow/example_dags/tutorial_dag.py for tasks to queue
[2024-11-23T03:16:53.898+0000] {logging_mixin.py:137} INFO - [2024-11-23T03:16:53.898+0000] {dagbag.py:538} INFO - Filling up the DagBag from /home/airflow/.local/lib/python3.7/site-packages/airflow/example_dags/tutorial_dag.py
[2024-11-23T03:16:53.907+0000] {processor.py:753} INFO - DAG(s) dict_keys(['tutorial_dag']) retrieved from /home/airflow/.local/lib/python3.7/site-packages/airflow/example_dags/tutorial_dag.py
[2024-11-23T03:16:53.925+0000] {logging_mixin.py:137} INFO - [2024-11-23T03:16:53.925+0000] {dag.py:2690} INFO - Sync 1 DAGs
[2024-11-23T03:16:53.944+0000] {logging_mixin.py:137} INFO - [2024-11-23T03:16:53.944+0000] {dag.py:3441} INFO - Setting next_dagrun for tutorial_dag to None, run_after=None
[2024-11-23T03:16:53.955+0000] {processor.py:175} INFO - Processing /home/airflow/.local/lib/python3.7/site-packages/airflow/example_dags/tutorial_dag.py took 0.062 seconds
[2024-11-23T03:17:24.025+0000] {processor.py:153} INFO - Started process (PID=1895) to work on /home/airflow/.local/lib/python3.7/site-packages/airflow/example_dags/tutorial_dag.py
[2024-11-23T03:17:24.025+0000] {processor.py:743} INFO - Processing file /home/airflow/.local/lib/python3.7/site-packages/airflow/example_dags/tutorial_dag.py for tasks to queue
[2024-11-23T03:17:24.026+0000] {logging_mixin.py:137} INFO - [2024-11-23T03:17:24.026+0000] {dagbag.py:538} INFO - Filling up the DagBag from /home/airflow/.local/lib/python3.7/site-packages/airflow/example_dags/tutorial_dag.py
[2024-11-23T03:17:24.034+0000] {processor.py:753} INFO - DAG(s) dict_keys(['tutorial_dag']) retrieved from /home/airflow/.local/lib/python3.7/site-packages/airflow/example_dags/tutorial_dag.py
[2024-11-23T03:17:24.052+0000] {logging_mixin.py:137} INFO - [2024-11-23T03:17:24.052+0000] {dag.py:2690} INFO - Sync 1 DAGs
[2024-11-23T03:17:24.069+0000] {logging_mixin.py:137} INFO - [2024-11-23T03:17:24.069+0000] {dag.py:3441} INFO - Setting next_dagrun for tutorial_dag to None, run_after=None
[2024-11-23T03:17:24.083+0000] {processor.py:175} INFO - Processing /home/airflow/.local/lib/python3.7/site-packages/airflow/example_dags/tutorial_dag.py took 0.061 seconds
[2024-11-23T03:17:54.152+0000] {processor.py:153} INFO - Started process (PID=1968) to work on /home/airflow/.local/lib/python3.7/site-packages/airflow/example_dags/tutorial_dag.py
[2024-11-23T03:17:54.153+0000] {processor.py:743} INFO - Processing file /home/airflow/.local/lib/python3.7/site-packages/airflow/example_dags/tutorial_dag.py for tasks to queue
[2024-11-23T03:17:54.153+0000] {logging_mixin.py:137} INFO - [2024-11-23T03:17:54.153+0000] {dagbag.py:538} INFO - Filling up the DagBag from /home/airflow/.local/lib/python3.7/site-packages/airflow/example_dags/tutorial_dag.py
[2024-11-23T03:17:54.165+0000] {processor.py:753} INFO - DAG(s) dict_keys(['tutorial_dag']) retrieved from /home/airflow/.local/lib/python3.7/site-packages/airflow/example_dags/tutorial_dag.py
[2024-11-23T03:17:54.193+0000] {logging_mixin.py:137} INFO - [2024-11-23T03:17:54.192+0000] {dag.py:2690} INFO - Sync 1 DAGs
[2024-11-23T03:17:54.216+0000] {logging_mixin.py:137} INFO - [2024-11-23T03:17:54.216+0000] {dag.py:3441} INFO - Setting next_dagrun for tutorial_dag to None, run_after=None
[2024-11-23T03:17:54.230+0000] {processor.py:175} INFO - Processing /home/airflow/.local/lib/python3.7/site-packages/airflow/example_dags/tutorial_dag.py took 0.085 seconds
[2024-11-23T03:18:24.691+0000] {processor.py:153} INFO - Started process (PID=2057) to work on /home/airflow/.local/lib/python3.7/site-packages/airflow/example_dags/tutorial_dag.py
[2024-11-23T03:18:24.692+0000] {processor.py:743} INFO - Processing file /home/airflow/.local/lib/python3.7/site-packages/airflow/example_dags/tutorial_dag.py for tasks to queue
[2024-11-23T03:18:24.692+0000] {logging_mixin.py:137} INFO - [2024-11-23T03:18:24.692+0000] {dagbag.py:538} INFO - Filling up the DagBag from /home/airflow/.local/lib/python3.7/site-packages/airflow/example_dags/tutorial_dag.py
[2024-11-23T03:18:24.702+0000] {processor.py:753} INFO - DAG(s) dict_keys(['tutorial_dag']) retrieved from /home/airflow/.local/lib/python3.7/site-packages/airflow/example_dags/tutorial_dag.py
[2024-11-23T03:18:24.721+0000] {logging_mixin.py:137} INFO - [2024-11-23T03:18:24.721+0000] {dag.py:2690} INFO - Sync 1 DAGs
[2024-11-23T03:18:24.737+0000] {logging_mixin.py:137} INFO - [2024-11-23T03:18:24.737+0000] {dag.py:3441} INFO - Setting next_dagrun for tutorial_dag to None, run_after=None
[2024-11-23T03:18:24.751+0000] {processor.py:175} INFO - Processing /home/airflow/.local/lib/python3.7/site-packages/airflow/example_dags/tutorial_dag.py took 0.062 seconds
[2024-11-23T03:18:54.796+0000] {processor.py:153} INFO - Started process (PID=2138) to work on /home/airflow/.local/lib/python3.7/site-packages/airflow/example_dags/tutorial_dag.py
[2024-11-23T03:18:54.796+0000] {processor.py:743} INFO - Processing file /home/airflow/.local/lib/python3.7/site-packages/airflow/example_dags/tutorial_dag.py for tasks to queue
[2024-11-23T03:18:54.797+0000] {logging_mixin.py:137} INFO - [2024-11-23T03:18:54.797+0000] {dagbag.py:538} INFO - Filling up the DagBag from /home/airflow/.local/lib/python3.7/site-packages/airflow/example_dags/tutorial_dag.py
[2024-11-23T03:18:54.806+0000] {processor.py:753} INFO - DAG(s) dict_keys(['tutorial_dag']) retrieved from /home/airflow/.local/lib/python3.7/site-packages/airflow/example_dags/tutorial_dag.py
[2024-11-23T03:18:54.826+0000] {logging_mixin.py:137} INFO - [2024-11-23T03:18:54.826+0000] {dag.py:2690} INFO - Sync 1 DAGs
[2024-11-23T03:18:54.846+0000] {logging_mixin.py:137} INFO - [2024-11-23T03:18:54.845+0000] {dag.py:3441} INFO - Setting next_dagrun for tutorial_dag to None, run_after=None
[2024-11-23T03:18:54.866+0000] {processor.py:175} INFO - Processing /home/airflow/.local/lib/python3.7/site-packages/airflow/example_dags/tutorial_dag.py took 0.073 seconds
[2024-11-23T03:19:25.191+0000] {processor.py:153} INFO - Started process (PID=2220) to work on /home/airflow/.local/lib/python3.7/site-packages/airflow/example_dags/tutorial_dag.py
[2024-11-23T03:19:25.192+0000] {processor.py:743} INFO - Processing file /home/airflow/.local/lib/python3.7/site-packages/airflow/example_dags/tutorial_dag.py for tasks to queue
[2024-11-23T03:19:25.192+0000] {logging_mixin.py:137} INFO - [2024-11-23T03:19:25.192+0000] {dagbag.py:538} INFO - Filling up the DagBag from /home/airflow/.local/lib/python3.7/site-packages/airflow/example_dags/tutorial_dag.py
[2024-11-23T03:19:25.203+0000] {processor.py:753} INFO - DAG(s) dict_keys(['tutorial_dag']) retrieved from /home/airflow/.local/lib/python3.7/site-packages/airflow/example_dags/tutorial_dag.py
[2024-11-23T03:19:25.226+0000] {logging_mixin.py:137} INFO - [2024-11-23T03:19:25.226+0000] {dag.py:2690} INFO - Sync 1 DAGs
[2024-11-23T03:19:25.243+0000] {logging_mixin.py:137} INFO - [2024-11-23T03:19:25.243+0000] {dag.py:3441} INFO - Setting next_dagrun for tutorial_dag to None, run_after=None
[2024-11-23T03:19:25.255+0000] {processor.py:175} INFO - Processing /home/airflow/.local/lib/python3.7/site-packages/airflow/example_dags/tutorial_dag.py took 0.067 seconds
[2024-11-23T03:19:56.215+0000] {processor.py:153} INFO - Started process (PID=2310) to work on /home/airflow/.local/lib/python3.7/site-packages/airflow/example_dags/tutorial_dag.py
[2024-11-23T03:19:56.216+0000] {processor.py:743} INFO - Processing file /home/airflow/.local/lib/python3.7/site-packages/airflow/example_dags/tutorial_dag.py for tasks to queue
[2024-11-23T03:19:56.217+0000] {logging_mixin.py:137} INFO - [2024-11-23T03:19:56.217+0000] {dagbag.py:538} INFO - Filling up the DagBag from /home/airflow/.local/lib/python3.7/site-packages/airflow/example_dags/tutorial_dag.py
[2024-11-23T03:19:56.234+0000] {processor.py:753} INFO - DAG(s) dict_keys(['tutorial_dag']) retrieved from /home/airflow/.local/lib/python3.7/site-packages/airflow/example_dags/tutorial_dag.py
[2024-11-23T03:19:56.263+0000] {logging_mixin.py:137} INFO - [2024-11-23T03:19:56.263+0000] {dag.py:2690} INFO - Sync 1 DAGs
[2024-11-23T03:19:56.288+0000] {logging_mixin.py:137} INFO - [2024-11-23T03:19:56.288+0000] {dag.py:3441} INFO - Setting next_dagrun for tutorial_dag to None, run_after=None
[2024-11-23T03:19:56.303+0000] {processor.py:175} INFO - Processing /home/airflow/.local/lib/python3.7/site-packages/airflow/example_dags/tutorial_dag.py took 0.093 seconds
