[2024-11-22T08:50:19.311+0000] {processor.py:153} INFO - Started process (PID=55) to work on /opt/airflow/dags/spotify_playlist_dag.py
[2024-11-22T08:50:19.314+0000] {processor.py:743} INFO - Processing file /opt/airflow/dags/spotify_playlist_dag.py for tasks to queue
[2024-11-22T08:50:19.316+0000] {logging_mixin.py:137} INFO - [2024-11-22T08:50:19.316+0000] {dagbag.py:538} INFO - Filling up the DagBag from /opt/airflow/dags/spotify_playlist_dag.py
[2024-11-22T08:50:19.359+0000] {logging_mixin.py:137} INFO - [2024-11-22T08:50:19.357+0000] {dagbag.py:343} ERROR - Failed to import: /opt/airflow/dags/spotify_playlist_dag.py
Traceback (most recent call last):
  File "/home/airflow/.local/lib/python3.7/site-packages/airflow/models/dagbag.py", line 339, in parse
    loader.exec_module(new_module)
  File "<frozen importlib._bootstrap_external>", line 728, in exec_module
  File "<frozen importlib._bootstrap>", line 219, in _call_with_frames_removed
  File "/opt/airflow/dags/spotify_playlist_dag.py", line 2, in <module>
    import spotipy
ModuleNotFoundError: No module named 'spotipy'
[2024-11-22T08:50:19.360+0000] {processor.py:755} WARNING - No viable dags retrieved from /opt/airflow/dags/spotify_playlist_dag.py
[2024-11-22T08:50:19.465+0000] {processor.py:175} INFO - Processing /opt/airflow/dags/spotify_playlist_dag.py took 0.161 seconds
[2024-11-22T08:50:50.105+0000] {processor.py:153} INFO - Started process (PID=122) to work on /opt/airflow/dags/spotify_playlist_dag.py
[2024-11-22T08:50:50.107+0000] {processor.py:743} INFO - Processing file /opt/airflow/dags/spotify_playlist_dag.py for tasks to queue
[2024-11-22T08:50:50.109+0000] {logging_mixin.py:137} INFO - [2024-11-22T08:50:50.109+0000] {dagbag.py:538} INFO - Filling up the DagBag from /opt/airflow/dags/spotify_playlist_dag.py
[2024-11-22T08:50:50.122+0000] {logging_mixin.py:137} INFO - [2024-11-22T08:50:50.120+0000] {dagbag.py:343} ERROR - Failed to import: /opt/airflow/dags/spotify_playlist_dag.py
Traceback (most recent call last):
  File "/home/airflow/.local/lib/python3.7/site-packages/airflow/models/dagbag.py", line 339, in parse
    loader.exec_module(new_module)
  File "<frozen importlib._bootstrap_external>", line 728, in exec_module
  File "<frozen importlib._bootstrap>", line 219, in _call_with_frames_removed
  File "/opt/airflow/dags/spotify_playlist_dag.py", line 2, in <module>
    import spotipy
ModuleNotFoundError: No module named 'spotipy'
[2024-11-22T08:50:50.123+0000] {processor.py:755} WARNING - No viable dags retrieved from /opt/airflow/dags/spotify_playlist_dag.py
[2024-11-22T08:50:50.169+0000] {processor.py:175} INFO - Processing /opt/airflow/dags/spotify_playlist_dag.py took 0.074 seconds
[2024-11-22T08:51:21.063+0000] {processor.py:153} INFO - Started process (PID=196) to work on /opt/airflow/dags/spotify_playlist_dag.py
[2024-11-22T08:51:21.070+0000] {processor.py:743} INFO - Processing file /opt/airflow/dags/spotify_playlist_dag.py for tasks to queue
[2024-11-22T08:51:21.074+0000] {logging_mixin.py:137} INFO - [2024-11-22T08:51:21.073+0000] {dagbag.py:538} INFO - Filling up the DagBag from /opt/airflow/dags/spotify_playlist_dag.py
[2024-11-22T08:51:21.176+0000] {logging_mixin.py:137} INFO - [2024-11-22T08:51:21.173+0000] {dagbag.py:343} ERROR - Failed to import: /opt/airflow/dags/spotify_playlist_dag.py
Traceback (most recent call last):
  File "/home/airflow/.local/lib/python3.7/site-packages/airflow/models/dagbag.py", line 339, in parse
    loader.exec_module(new_module)
  File "<frozen importlib._bootstrap_external>", line 728, in exec_module
  File "<frozen importlib._bootstrap>", line 219, in _call_with_frames_removed
  File "/opt/airflow/dags/spotify_playlist_dag.py", line 2, in <module>
    import spotipy
ModuleNotFoundError: No module named 'spotipy'
[2024-11-22T08:51:21.177+0000] {processor.py:755} WARNING - No viable dags retrieved from /opt/airflow/dags/spotify_playlist_dag.py
[2024-11-22T08:51:21.499+0000] {processor.py:175} INFO - Processing /opt/airflow/dags/spotify_playlist_dag.py took 0.449 seconds
[2024-11-22T08:51:52.441+0000] {processor.py:153} INFO - Started process (PID=277) to work on /opt/airflow/dags/spotify_playlist_dag.py
[2024-11-22T08:51:52.443+0000] {processor.py:743} INFO - Processing file /opt/airflow/dags/spotify_playlist_dag.py for tasks to queue
[2024-11-22T08:51:52.444+0000] {logging_mixin.py:137} INFO - [2024-11-22T08:51:52.443+0000] {dagbag.py:538} INFO - Filling up the DagBag from /opt/airflow/dags/spotify_playlist_dag.py
[2024-11-22T08:51:52.448+0000] {logging_mixin.py:137} INFO - [2024-11-22T08:51:52.447+0000] {dagbag.py:343} ERROR - Failed to import: /opt/airflow/dags/spotify_playlist_dag.py
Traceback (most recent call last):
  File "/home/airflow/.local/lib/python3.7/site-packages/airflow/models/dagbag.py", line 339, in parse
    loader.exec_module(new_module)
  File "<frozen importlib._bootstrap_external>", line 728, in exec_module
  File "<frozen importlib._bootstrap>", line 219, in _call_with_frames_removed
  File "/opt/airflow/dags/spotify_playlist_dag.py", line 2, in <module>
    import spotipy
ModuleNotFoundError: No module named 'spotipy'
[2024-11-22T08:51:52.449+0000] {processor.py:755} WARNING - No viable dags retrieved from /opt/airflow/dags/spotify_playlist_dag.py
[2024-11-22T08:51:52.464+0000] {processor.py:175} INFO - Processing /opt/airflow/dags/spotify_playlist_dag.py took 0.030 seconds
[2024-11-22T08:52:22.946+0000] {processor.py:153} INFO - Started process (PID=367) to work on /opt/airflow/dags/spotify_playlist_dag.py
[2024-11-22T08:52:22.948+0000] {processor.py:743} INFO - Processing file /opt/airflow/dags/spotify_playlist_dag.py for tasks to queue
[2024-11-22T08:52:22.948+0000] {logging_mixin.py:137} INFO - [2024-11-22T08:52:22.948+0000] {dagbag.py:538} INFO - Filling up the DagBag from /opt/airflow/dags/spotify_playlist_dag.py
[2024-11-22T08:52:22.951+0000] {logging_mixin.py:137} INFO - [2024-11-22T08:52:22.950+0000] {dagbag.py:343} ERROR - Failed to import: /opt/airflow/dags/spotify_playlist_dag.py
Traceback (most recent call last):
  File "/home/airflow/.local/lib/python3.7/site-packages/airflow/models/dagbag.py", line 339, in parse
    loader.exec_module(new_module)
  File "<frozen importlib._bootstrap_external>", line 728, in exec_module
  File "<frozen importlib._bootstrap>", line 219, in _call_with_frames_removed
  File "/opt/airflow/dags/spotify_playlist_dag.py", line 2, in <module>
    import spotipy
ModuleNotFoundError: No module named 'spotipy'
[2024-11-22T08:52:22.952+0000] {processor.py:755} WARNING - No viable dags retrieved from /opt/airflow/dags/spotify_playlist_dag.py
[2024-11-22T08:52:22.966+0000] {processor.py:175} INFO - Processing /opt/airflow/dags/spotify_playlist_dag.py took 0.022 seconds
[2024-11-22T08:52:53.139+0000] {processor.py:153} INFO - Started process (PID=441) to work on /opt/airflow/dags/spotify_playlist_dag.py
[2024-11-22T08:52:53.141+0000] {processor.py:743} INFO - Processing file /opt/airflow/dags/spotify_playlist_dag.py for tasks to queue
[2024-11-22T08:52:53.141+0000] {logging_mixin.py:137} INFO - [2024-11-22T08:52:53.141+0000] {dagbag.py:538} INFO - Filling up the DagBag from /opt/airflow/dags/spotify_playlist_dag.py
[2024-11-22T08:52:53.143+0000] {logging_mixin.py:137} INFO - [2024-11-22T08:52:53.143+0000] {dagbag.py:343} ERROR - Failed to import: /opt/airflow/dags/spotify_playlist_dag.py
Traceback (most recent call last):
  File "/home/airflow/.local/lib/python3.7/site-packages/airflow/models/dagbag.py", line 339, in parse
    loader.exec_module(new_module)
  File "<frozen importlib._bootstrap_external>", line 728, in exec_module
  File "<frozen importlib._bootstrap>", line 219, in _call_with_frames_removed
  File "/opt/airflow/dags/spotify_playlist_dag.py", line 2, in <module>
    import spotipy
ModuleNotFoundError: No module named 'spotipy'
[2024-11-22T08:52:53.144+0000] {processor.py:755} WARNING - No viable dags retrieved from /opt/airflow/dags/spotify_playlist_dag.py
[2024-11-22T08:52:53.156+0000] {processor.py:175} INFO - Processing /opt/airflow/dags/spotify_playlist_dag.py took 0.021 seconds
[2024-11-22T08:53:23.226+0000] {processor.py:153} INFO - Started process (PID=531) to work on /opt/airflow/dags/spotify_playlist_dag.py
[2024-11-22T08:53:23.229+0000] {processor.py:743} INFO - Processing file /opt/airflow/dags/spotify_playlist_dag.py for tasks to queue
[2024-11-22T08:53:23.230+0000] {logging_mixin.py:137} INFO - [2024-11-22T08:53:23.229+0000] {dagbag.py:538} INFO - Filling up the DagBag from /opt/airflow/dags/spotify_playlist_dag.py
[2024-11-22T08:53:23.232+0000] {logging_mixin.py:137} INFO - [2024-11-22T08:53:23.232+0000] {dagbag.py:343} ERROR - Failed to import: /opt/airflow/dags/spotify_playlist_dag.py
Traceback (most recent call last):
  File "/home/airflow/.local/lib/python3.7/site-packages/airflow/models/dagbag.py", line 339, in parse
    loader.exec_module(new_module)
  File "<frozen importlib._bootstrap_external>", line 728, in exec_module
  File "<frozen importlib._bootstrap>", line 219, in _call_with_frames_removed
  File "/opt/airflow/dags/spotify_playlist_dag.py", line 2, in <module>
    import spotipy
ModuleNotFoundError: No module named 'spotipy'
[2024-11-22T08:53:23.232+0000] {processor.py:755} WARNING - No viable dags retrieved from /opt/airflow/dags/spotify_playlist_dag.py
[2024-11-22T08:53:23.245+0000] {processor.py:175} INFO - Processing /opt/airflow/dags/spotify_playlist_dag.py took 0.026 seconds
[2024-11-22T08:53:53.861+0000] {processor.py:153} INFO - Started process (PID=619) to work on /opt/airflow/dags/spotify_playlist_dag.py
[2024-11-22T08:53:53.863+0000] {processor.py:743} INFO - Processing file /opt/airflow/dags/spotify_playlist_dag.py for tasks to queue
[2024-11-22T08:53:53.863+0000] {logging_mixin.py:137} INFO - [2024-11-22T08:53:53.863+0000] {dagbag.py:538} INFO - Filling up the DagBag from /opt/airflow/dags/spotify_playlist_dag.py
[2024-11-22T08:53:53.865+0000] {logging_mixin.py:137} INFO - [2024-11-22T08:53:53.865+0000] {dagbag.py:343} ERROR - Failed to import: /opt/airflow/dags/spotify_playlist_dag.py
Traceback (most recent call last):
  File "/home/airflow/.local/lib/python3.7/site-packages/airflow/models/dagbag.py", line 339, in parse
    loader.exec_module(new_module)
  File "<frozen importlib._bootstrap_external>", line 728, in exec_module
  File "<frozen importlib._bootstrap>", line 219, in _call_with_frames_removed
  File "/opt/airflow/dags/spotify_playlist_dag.py", line 2, in <module>
    import spotipy
ModuleNotFoundError: No module named 'spotipy'
[2024-11-22T08:53:53.866+0000] {processor.py:755} WARNING - No viable dags retrieved from /opt/airflow/dags/spotify_playlist_dag.py
[2024-11-22T08:53:53.874+0000] {processor.py:175} INFO - Processing /opt/airflow/dags/spotify_playlist_dag.py took 0.016 seconds
[2024-11-22T08:54:23.928+0000] {processor.py:153} INFO - Started process (PID=693) to work on /opt/airflow/dags/spotify_playlist_dag.py
[2024-11-22T08:54:23.929+0000] {processor.py:743} INFO - Processing file /opt/airflow/dags/spotify_playlist_dag.py for tasks to queue
[2024-11-22T08:54:23.930+0000] {logging_mixin.py:137} INFO - [2024-11-22T08:54:23.930+0000] {dagbag.py:538} INFO - Filling up the DagBag from /opt/airflow/dags/spotify_playlist_dag.py
[2024-11-22T08:54:23.932+0000] {logging_mixin.py:137} INFO - [2024-11-22T08:54:23.932+0000] {dagbag.py:343} ERROR - Failed to import: /opt/airflow/dags/spotify_playlist_dag.py
Traceback (most recent call last):
  File "/home/airflow/.local/lib/python3.7/site-packages/airflow/models/dagbag.py", line 339, in parse
    loader.exec_module(new_module)
  File "<frozen importlib._bootstrap_external>", line 728, in exec_module
  File "<frozen importlib._bootstrap>", line 219, in _call_with_frames_removed
  File "/opt/airflow/dags/spotify_playlist_dag.py", line 2, in <module>
    import spotipy
ModuleNotFoundError: No module named 'spotipy'
[2024-11-22T08:54:23.932+0000] {processor.py:755} WARNING - No viable dags retrieved from /opt/airflow/dags/spotify_playlist_dag.py
[2024-11-22T08:54:23.944+0000] {processor.py:175} INFO - Processing /opt/airflow/dags/spotify_playlist_dag.py took 0.018 seconds
[2024-11-22T08:54:54.833+0000] {processor.py:153} INFO - Started process (PID=782) to work on /opt/airflow/dags/spotify_playlist_dag.py
[2024-11-22T08:54:54.834+0000] {processor.py:743} INFO - Processing file /opt/airflow/dags/spotify_playlist_dag.py for tasks to queue
[2024-11-22T08:54:54.834+0000] {logging_mixin.py:137} INFO - [2024-11-22T08:54:54.834+0000] {dagbag.py:538} INFO - Filling up the DagBag from /opt/airflow/dags/spotify_playlist_dag.py
[2024-11-22T08:54:54.836+0000] {logging_mixin.py:137} INFO - [2024-11-22T08:54:54.836+0000] {dagbag.py:343} ERROR - Failed to import: /opt/airflow/dags/spotify_playlist_dag.py
Traceback (most recent call last):
  File "/home/airflow/.local/lib/python3.7/site-packages/airflow/models/dagbag.py", line 339, in parse
    loader.exec_module(new_module)
  File "<frozen importlib._bootstrap_external>", line 728, in exec_module
  File "<frozen importlib._bootstrap>", line 219, in _call_with_frames_removed
  File "/opt/airflow/dags/spotify_playlist_dag.py", line 2, in <module>
    import spotipy
ModuleNotFoundError: No module named 'spotipy'
[2024-11-22T08:54:54.836+0000] {processor.py:755} WARNING - No viable dags retrieved from /opt/airflow/dags/spotify_playlist_dag.py
[2024-11-22T08:54:54.845+0000] {processor.py:175} INFO - Processing /opt/airflow/dags/spotify_playlist_dag.py took 0.015 seconds
[2024-11-22T08:55:25.532+0000] {processor.py:153} INFO - Started process (PID=872) to work on /opt/airflow/dags/spotify_playlist_dag.py
[2024-11-22T08:55:25.533+0000] {processor.py:743} INFO - Processing file /opt/airflow/dags/spotify_playlist_dag.py for tasks to queue
[2024-11-22T08:55:25.533+0000] {logging_mixin.py:137} INFO - [2024-11-22T08:55:25.533+0000] {dagbag.py:538} INFO - Filling up the DagBag from /opt/airflow/dags/spotify_playlist_dag.py
[2024-11-22T08:55:25.535+0000] {logging_mixin.py:137} INFO - [2024-11-22T08:55:25.535+0000] {dagbag.py:343} ERROR - Failed to import: /opt/airflow/dags/spotify_playlist_dag.py
Traceback (most recent call last):
  File "/home/airflow/.local/lib/python3.7/site-packages/airflow/models/dagbag.py", line 339, in parse
    loader.exec_module(new_module)
  File "<frozen importlib._bootstrap_external>", line 728, in exec_module
  File "<frozen importlib._bootstrap>", line 219, in _call_with_frames_removed
  File "/opt/airflow/dags/spotify_playlist_dag.py", line 2, in <module>
    import spotipy
ModuleNotFoundError: No module named 'spotipy'
[2024-11-22T08:55:25.535+0000] {processor.py:755} WARNING - No viable dags retrieved from /opt/airflow/dags/spotify_playlist_dag.py
[2024-11-22T08:55:25.545+0000] {processor.py:175} INFO - Processing /opt/airflow/dags/spotify_playlist_dag.py took 0.015 seconds
[2024-11-22T08:55:56.174+0000] {processor.py:153} INFO - Started process (PID=952) to work on /opt/airflow/dags/spotify_playlist_dag.py
[2024-11-22T08:55:56.176+0000] {processor.py:743} INFO - Processing file /opt/airflow/dags/spotify_playlist_dag.py for tasks to queue
[2024-11-22T08:55:56.176+0000] {logging_mixin.py:137} INFO - [2024-11-22T08:55:56.176+0000] {dagbag.py:538} INFO - Filling up the DagBag from /opt/airflow/dags/spotify_playlist_dag.py
[2024-11-22T08:55:56.178+0000] {logging_mixin.py:137} INFO - [2024-11-22T08:55:56.177+0000] {dagbag.py:343} ERROR - Failed to import: /opt/airflow/dags/spotify_playlist_dag.py
Traceback (most recent call last):
  File "/home/airflow/.local/lib/python3.7/site-packages/airflow/models/dagbag.py", line 339, in parse
    loader.exec_module(new_module)
  File "<frozen importlib._bootstrap_external>", line 728, in exec_module
  File "<frozen importlib._bootstrap>", line 219, in _call_with_frames_removed
  File "/opt/airflow/dags/spotify_playlist_dag.py", line 2, in <module>
    import spotipy
ModuleNotFoundError: No module named 'spotipy'
[2024-11-22T08:55:56.178+0000] {processor.py:755} WARNING - No viable dags retrieved from /opt/airflow/dags/spotify_playlist_dag.py
[2024-11-22T08:55:56.188+0000] {processor.py:175} INFO - Processing /opt/airflow/dags/spotify_playlist_dag.py took 0.015 seconds
[2024-11-22T08:56:27.197+0000] {processor.py:153} INFO - Started process (PID=1036) to work on /opt/airflow/dags/spotify_playlist_dag.py
[2024-11-22T08:56:27.198+0000] {processor.py:743} INFO - Processing file /opt/airflow/dags/spotify_playlist_dag.py for tasks to queue
[2024-11-22T08:56:27.199+0000] {logging_mixin.py:137} INFO - [2024-11-22T08:56:27.199+0000] {dagbag.py:538} INFO - Filling up the DagBag from /opt/airflow/dags/spotify_playlist_dag.py
[2024-11-22T08:56:27.201+0000] {logging_mixin.py:137} INFO - [2024-11-22T08:56:27.200+0000] {dagbag.py:343} ERROR - Failed to import: /opt/airflow/dags/spotify_playlist_dag.py
Traceback (most recent call last):
  File "/home/airflow/.local/lib/python3.7/site-packages/airflow/models/dagbag.py", line 339, in parse
    loader.exec_module(new_module)
  File "<frozen importlib._bootstrap_external>", line 728, in exec_module
  File "<frozen importlib._bootstrap>", line 219, in _call_with_frames_removed
  File "/opt/airflow/dags/spotify_playlist_dag.py", line 2, in <module>
    import spotipy
ModuleNotFoundError: No module named 'spotipy'
[2024-11-22T08:56:27.201+0000] {processor.py:755} WARNING - No viable dags retrieved from /opt/airflow/dags/spotify_playlist_dag.py
[2024-11-22T08:56:27.215+0000] {processor.py:175} INFO - Processing /opt/airflow/dags/spotify_playlist_dag.py took 0.021 seconds
[2024-11-22T08:56:58.071+0000] {processor.py:153} INFO - Started process (PID=1126) to work on /opt/airflow/dags/spotify_playlist_dag.py
[2024-11-22T08:56:58.076+0000] {processor.py:743} INFO - Processing file /opt/airflow/dags/spotify_playlist_dag.py for tasks to queue
[2024-11-22T08:56:58.077+0000] {logging_mixin.py:137} INFO - [2024-11-22T08:56:58.077+0000] {dagbag.py:538} INFO - Filling up the DagBag from /opt/airflow/dags/spotify_playlist_dag.py
[2024-11-22T08:56:58.092+0000] {logging_mixin.py:137} INFO - [2024-11-22T08:56:58.086+0000] {dagbag.py:343} ERROR - Failed to import: /opt/airflow/dags/spotify_playlist_dag.py
Traceback (most recent call last):
  File "/home/airflow/.local/lib/python3.7/site-packages/airflow/models/dagbag.py", line 339, in parse
    loader.exec_module(new_module)
  File "<frozen importlib._bootstrap_external>", line 728, in exec_module
  File "<frozen importlib._bootstrap>", line 219, in _call_with_frames_removed
  File "/opt/airflow/dags/spotify_playlist_dag.py", line 2, in <module>
    import spotipy
ModuleNotFoundError: No module named 'spotipy'
[2024-11-22T08:56:58.097+0000] {processor.py:755} WARNING - No viable dags retrieved from /opt/airflow/dags/spotify_playlist_dag.py
[2024-11-22T08:56:58.133+0000] {processor.py:175} INFO - Processing /opt/airflow/dags/spotify_playlist_dag.py took 0.067 seconds
[2024-11-22T08:57:28.874+0000] {processor.py:153} INFO - Started process (PID=1216) to work on /opt/airflow/dags/spotify_playlist_dag.py
[2024-11-22T08:57:28.875+0000] {processor.py:743} INFO - Processing file /opt/airflow/dags/spotify_playlist_dag.py for tasks to queue
[2024-11-22T08:57:28.875+0000] {logging_mixin.py:137} INFO - [2024-11-22T08:57:28.875+0000] {dagbag.py:538} INFO - Filling up the DagBag from /opt/airflow/dags/spotify_playlist_dag.py
[2024-11-22T08:57:28.877+0000] {logging_mixin.py:137} INFO - [2024-11-22T08:57:28.876+0000] {dagbag.py:343} ERROR - Failed to import: /opt/airflow/dags/spotify_playlist_dag.py
Traceback (most recent call last):
  File "/home/airflow/.local/lib/python3.7/site-packages/airflow/models/dagbag.py", line 339, in parse
    loader.exec_module(new_module)
  File "<frozen importlib._bootstrap_external>", line 728, in exec_module
  File "<frozen importlib._bootstrap>", line 219, in _call_with_frames_removed
  File "/opt/airflow/dags/spotify_playlist_dag.py", line 2, in <module>
    import spotipy
ModuleNotFoundError: No module named 'spotipy'
[2024-11-22T08:57:28.877+0000] {processor.py:755} WARNING - No viable dags retrieved from /opt/airflow/dags/spotify_playlist_dag.py
[2024-11-22T08:57:28.887+0000] {processor.py:175} INFO - Processing /opt/airflow/dags/spotify_playlist_dag.py took 0.015 seconds
[2024-11-22T08:57:59.524+0000] {processor.py:153} INFO - Started process (PID=1290) to work on /opt/airflow/dags/spotify_playlist_dag.py
[2024-11-22T08:57:59.525+0000] {processor.py:743} INFO - Processing file /opt/airflow/dags/spotify_playlist_dag.py for tasks to queue
[2024-11-22T08:57:59.525+0000] {logging_mixin.py:137} INFO - [2024-11-22T08:57:59.525+0000] {dagbag.py:538} INFO - Filling up the DagBag from /opt/airflow/dags/spotify_playlist_dag.py
[2024-11-22T08:57:59.527+0000] {logging_mixin.py:137} INFO - [2024-11-22T08:57:59.527+0000] {dagbag.py:343} ERROR - Failed to import: /opt/airflow/dags/spotify_playlist_dag.py
Traceback (most recent call last):
  File "/home/airflow/.local/lib/python3.7/site-packages/airflow/models/dagbag.py", line 339, in parse
    loader.exec_module(new_module)
  File "<frozen importlib._bootstrap_external>", line 728, in exec_module
  File "<frozen importlib._bootstrap>", line 219, in _call_with_frames_removed
  File "/opt/airflow/dags/spotify_playlist_dag.py", line 2, in <module>
    import spotipy
ModuleNotFoundError: No module named 'spotipy'
[2024-11-22T08:57:59.528+0000] {processor.py:755} WARNING - No viable dags retrieved from /opt/airflow/dags/spotify_playlist_dag.py
[2024-11-22T08:57:59.536+0000] {processor.py:175} INFO - Processing /opt/airflow/dags/spotify_playlist_dag.py took 0.015 seconds
[2024-11-22T08:58:30.103+0000] {processor.py:153} INFO - Started process (PID=1379) to work on /opt/airflow/dags/spotify_playlist_dag.py
[2024-11-22T08:58:30.104+0000] {processor.py:743} INFO - Processing file /opt/airflow/dags/spotify_playlist_dag.py for tasks to queue
[2024-11-22T08:58:30.104+0000] {logging_mixin.py:137} INFO - [2024-11-22T08:58:30.104+0000] {dagbag.py:538} INFO - Filling up the DagBag from /opt/airflow/dags/spotify_playlist_dag.py
[2024-11-22T08:58:30.106+0000] {logging_mixin.py:137} INFO - [2024-11-22T08:58:30.106+0000] {dagbag.py:343} ERROR - Failed to import: /opt/airflow/dags/spotify_playlist_dag.py
Traceback (most recent call last):
  File "/home/airflow/.local/lib/python3.7/site-packages/airflow/models/dagbag.py", line 339, in parse
    loader.exec_module(new_module)
  File "<frozen importlib._bootstrap_external>", line 728, in exec_module
  File "<frozen importlib._bootstrap>", line 219, in _call_with_frames_removed
  File "/opt/airflow/dags/spotify_playlist_dag.py", line 2, in <module>
    import spotipy
ModuleNotFoundError: No module named 'spotipy'
[2024-11-22T08:58:30.107+0000] {processor.py:755} WARNING - No viable dags retrieved from /opt/airflow/dags/spotify_playlist_dag.py
[2024-11-22T08:58:30.117+0000] {processor.py:175} INFO - Processing /opt/airflow/dags/spotify_playlist_dag.py took 0.016 seconds
[2024-11-22T08:59:00.960+0000] {processor.py:153} INFO - Started process (PID=1469) to work on /opt/airflow/dags/spotify_playlist_dag.py
[2024-11-22T08:59:00.961+0000] {processor.py:743} INFO - Processing file /opt/airflow/dags/spotify_playlist_dag.py for tasks to queue
[2024-11-22T08:59:00.961+0000] {logging_mixin.py:137} INFO - [2024-11-22T08:59:00.961+0000] {dagbag.py:538} INFO - Filling up the DagBag from /opt/airflow/dags/spotify_playlist_dag.py
[2024-11-22T08:59:00.963+0000] {logging_mixin.py:137} INFO - [2024-11-22T08:59:00.962+0000] {dagbag.py:343} ERROR - Failed to import: /opt/airflow/dags/spotify_playlist_dag.py
Traceback (most recent call last):
  File "/home/airflow/.local/lib/python3.7/site-packages/airflow/models/dagbag.py", line 339, in parse
    loader.exec_module(new_module)
  File "<frozen importlib._bootstrap_external>", line 728, in exec_module
  File "<frozen importlib._bootstrap>", line 219, in _call_with_frames_removed
  File "/opt/airflow/dags/spotify_playlist_dag.py", line 2, in <module>
    import spotipy
ModuleNotFoundError: No module named 'spotipy'
[2024-11-22T08:59:00.963+0000] {processor.py:755} WARNING - No viable dags retrieved from /opt/airflow/dags/spotify_playlist_dag.py
[2024-11-22T08:59:00.972+0000] {processor.py:175} INFO - Processing /opt/airflow/dags/spotify_playlist_dag.py took 0.014 seconds
[2024-11-22T08:59:31.809+0000] {processor.py:153} INFO - Started process (PID=1559) to work on /opt/airflow/dags/spotify_playlist_dag.py
[2024-11-22T08:59:31.809+0000] {processor.py:743} INFO - Processing file /opt/airflow/dags/spotify_playlist_dag.py for tasks to queue
[2024-11-22T08:59:31.810+0000] {logging_mixin.py:137} INFO - [2024-11-22T08:59:31.810+0000] {dagbag.py:538} INFO - Filling up the DagBag from /opt/airflow/dags/spotify_playlist_dag.py
[2024-11-22T08:59:31.817+0000] {logging_mixin.py:137} INFO - [2024-11-22T08:59:31.816+0000] {dagbag.py:343} ERROR - Failed to import: /opt/airflow/dags/spotify_playlist_dag.py
Traceback (most recent call last):
  File "/home/airflow/.local/lib/python3.7/site-packages/airflow/models/dagbag.py", line 339, in parse
    loader.exec_module(new_module)
  File "<frozen importlib._bootstrap_external>", line 728, in exec_module
  File "<frozen importlib._bootstrap>", line 219, in _call_with_frames_removed
  File "/opt/airflow/dags/spotify_playlist_dag.py", line 2, in <module>
    import spotipy
ModuleNotFoundError: No module named 'spotipy'
[2024-11-22T08:59:31.817+0000] {processor.py:755} WARNING - No viable dags retrieved from /opt/airflow/dags/spotify_playlist_dag.py
[2024-11-22T08:59:31.830+0000] {processor.py:175} INFO - Processing /opt/airflow/dags/spotify_playlist_dag.py took 0.024 seconds
[2024-11-22T09:00:01.856+0000] {processor.py:153} INFO - Started process (PID=1633) to work on /opt/airflow/dags/spotify_playlist_dag.py
[2024-11-22T09:00:01.857+0000] {processor.py:743} INFO - Processing file /opt/airflow/dags/spotify_playlist_dag.py for tasks to queue
[2024-11-22T09:00:01.857+0000] {logging_mixin.py:137} INFO - [2024-11-22T09:00:01.857+0000] {dagbag.py:538} INFO - Filling up the DagBag from /opt/airflow/dags/spotify_playlist_dag.py
[2024-11-22T09:00:01.859+0000] {logging_mixin.py:137} INFO - [2024-11-22T09:00:01.859+0000] {dagbag.py:343} ERROR - Failed to import: /opt/airflow/dags/spotify_playlist_dag.py
Traceback (most recent call last):
  File "/home/airflow/.local/lib/python3.7/site-packages/airflow/models/dagbag.py", line 339, in parse
    loader.exec_module(new_module)
  File "<frozen importlib._bootstrap_external>", line 728, in exec_module
  File "<frozen importlib._bootstrap>", line 219, in _call_with_frames_removed
  File "/opt/airflow/dags/spotify_playlist_dag.py", line 2, in <module>
    import spotipy
ModuleNotFoundError: No module named 'spotipy'
[2024-11-22T09:00:01.859+0000] {processor.py:755} WARNING - No viable dags retrieved from /opt/airflow/dags/spotify_playlist_dag.py
[2024-11-22T09:00:01.869+0000] {processor.py:175} INFO - Processing /opt/airflow/dags/spotify_playlist_dag.py took 0.015 seconds
[2024-11-22T09:00:32.282+0000] {processor.py:153} INFO - Started process (PID=1722) to work on /opt/airflow/dags/spotify_playlist_dag.py
[2024-11-22T09:00:32.283+0000] {processor.py:743} INFO - Processing file /opt/airflow/dags/spotify_playlist_dag.py for tasks to queue
[2024-11-22T09:00:32.283+0000] {logging_mixin.py:137} INFO - [2024-11-22T09:00:32.283+0000] {dagbag.py:538} INFO - Filling up the DagBag from /opt/airflow/dags/spotify_playlist_dag.py
[2024-11-22T09:00:32.286+0000] {logging_mixin.py:137} INFO - [2024-11-22T09:00:32.286+0000] {dagbag.py:343} ERROR - Failed to import: /opt/airflow/dags/spotify_playlist_dag.py
Traceback (most recent call last):
  File "/home/airflow/.local/lib/python3.7/site-packages/airflow/models/dagbag.py", line 339, in parse
    loader.exec_module(new_module)
  File "<frozen importlib._bootstrap_external>", line 728, in exec_module
  File "<frozen importlib._bootstrap>", line 219, in _call_with_frames_removed
  File "/opt/airflow/dags/spotify_playlist_dag.py", line 2, in <module>
    import spotipy
ModuleNotFoundError: No module named 'spotipy'
[2024-11-22T09:00:32.288+0000] {processor.py:755} WARNING - No viable dags retrieved from /opt/airflow/dags/spotify_playlist_dag.py
[2024-11-22T09:00:32.299+0000] {processor.py:175} INFO - Processing /opt/airflow/dags/spotify_playlist_dag.py took 0.019 seconds
[2024-11-22T09:01:19.207+0000] {processor.py:153} INFO - Started process (PID=39) to work on /opt/airflow/dags/spotify_playlist_dag.py
[2024-11-22T09:01:19.208+0000] {processor.py:743} INFO - Processing file /opt/airflow/dags/spotify_playlist_dag.py for tasks to queue
[2024-11-22T09:01:19.209+0000] {logging_mixin.py:137} INFO - [2024-11-22T09:01:19.209+0000] {dagbag.py:538} INFO - Filling up the DagBag from /opt/airflow/dags/spotify_playlist_dag.py
[2024-11-22T09:01:19.211+0000] {logging_mixin.py:137} INFO - [2024-11-22T09:01:19.210+0000] {dagbag.py:343} ERROR - Failed to import: /opt/airflow/dags/spotify_playlist_dag.py
Traceback (most recent call last):
  File "/home/airflow/.local/lib/python3.7/site-packages/airflow/models/dagbag.py", line 339, in parse
    loader.exec_module(new_module)
  File "<frozen importlib._bootstrap_external>", line 728, in exec_module
  File "<frozen importlib._bootstrap>", line 219, in _call_with_frames_removed
  File "/opt/airflow/dags/spotify_playlist_dag.py", line 2, in <module>
    import spotipy
ModuleNotFoundError: No module named 'spotipy'
[2024-11-22T09:01:19.211+0000] {processor.py:755} WARNING - No viable dags retrieved from /opt/airflow/dags/spotify_playlist_dag.py
[2024-11-22T09:01:19.223+0000] {processor.py:175} INFO - Processing /opt/airflow/dags/spotify_playlist_dag.py took 0.019 seconds
[2024-11-22T09:01:50.029+0000] {processor.py:153} INFO - Started process (PID=129) to work on /opt/airflow/dags/spotify_playlist_dag.py
[2024-11-22T09:01:50.029+0000] {processor.py:743} INFO - Processing file /opt/airflow/dags/spotify_playlist_dag.py for tasks to queue
[2024-11-22T09:01:50.030+0000] {logging_mixin.py:137} INFO - [2024-11-22T09:01:50.030+0000] {dagbag.py:538} INFO - Filling up the DagBag from /opt/airflow/dags/spotify_playlist_dag.py
[2024-11-22T09:01:50.032+0000] {logging_mixin.py:137} INFO - [2024-11-22T09:01:50.031+0000] {dagbag.py:343} ERROR - Failed to import: /opt/airflow/dags/spotify_playlist_dag.py
Traceback (most recent call last):
  File "/home/airflow/.local/lib/python3.7/site-packages/airflow/models/dagbag.py", line 339, in parse
    loader.exec_module(new_module)
  File "<frozen importlib._bootstrap_external>", line 728, in exec_module
  File "<frozen importlib._bootstrap>", line 219, in _call_with_frames_removed
  File "/opt/airflow/dags/spotify_playlist_dag.py", line 2, in <module>
    import spotipy
ModuleNotFoundError: No module named 'spotipy'
[2024-11-22T09:01:50.033+0000] {processor.py:755} WARNING - No viable dags retrieved from /opt/airflow/dags/spotify_playlist_dag.py
[2024-11-22T09:01:50.045+0000] {processor.py:175} INFO - Processing /opt/airflow/dags/spotify_playlist_dag.py took 0.018 seconds
[2024-11-22T09:02:20.763+0000] {processor.py:153} INFO - Started process (PID=203) to work on /opt/airflow/dags/spotify_playlist_dag.py
[2024-11-22T09:02:20.764+0000] {processor.py:743} INFO - Processing file /opt/airflow/dags/spotify_playlist_dag.py for tasks to queue
[2024-11-22T09:02:20.764+0000] {logging_mixin.py:137} INFO - [2024-11-22T09:02:20.764+0000] {dagbag.py:538} INFO - Filling up the DagBag from /opt/airflow/dags/spotify_playlist_dag.py
[2024-11-22T09:02:20.768+0000] {logging_mixin.py:137} INFO - [2024-11-22T09:02:20.766+0000] {dagbag.py:343} ERROR - Failed to import: /opt/airflow/dags/spotify_playlist_dag.py
Traceback (most recent call last):
  File "/home/airflow/.local/lib/python3.7/site-packages/airflow/models/dagbag.py", line 339, in parse
    loader.exec_module(new_module)
  File "<frozen importlib._bootstrap_external>", line 728, in exec_module
  File "<frozen importlib._bootstrap>", line 219, in _call_with_frames_removed
  File "/opt/airflow/dags/spotify_playlist_dag.py", line 2, in <module>
    import spotipy
ModuleNotFoundError: No module named 'spotipy'
[2024-11-22T09:02:20.768+0000] {processor.py:755} WARNING - No viable dags retrieved from /opt/airflow/dags/spotify_playlist_dag.py
[2024-11-22T09:02:20.789+0000] {processor.py:175} INFO - Processing /opt/airflow/dags/spotify_playlist_dag.py took 0.029 seconds
[2024-11-22T09:02:51.496+0000] {processor.py:153} INFO - Started process (PID=293) to work on /opt/airflow/dags/spotify_playlist_dag.py
[2024-11-22T09:02:51.497+0000] {processor.py:743} INFO - Processing file /opt/airflow/dags/spotify_playlist_dag.py for tasks to queue
[2024-11-22T09:02:51.498+0000] {logging_mixin.py:137} INFO - [2024-11-22T09:02:51.497+0000] {dagbag.py:538} INFO - Filling up the DagBag from /opt/airflow/dags/spotify_playlist_dag.py
[2024-11-22T09:02:51.499+0000] {logging_mixin.py:137} INFO - [2024-11-22T09:02:51.499+0000] {dagbag.py:343} ERROR - Failed to import: /opt/airflow/dags/spotify_playlist_dag.py
Traceback (most recent call last):
  File "/home/airflow/.local/lib/python3.7/site-packages/airflow/models/dagbag.py", line 339, in parse
    loader.exec_module(new_module)
  File "<frozen importlib._bootstrap_external>", line 728, in exec_module
  File "<frozen importlib._bootstrap>", line 219, in _call_with_frames_removed
  File "/opt/airflow/dags/spotify_playlist_dag.py", line 2, in <module>
    import spotipy
ModuleNotFoundError: No module named 'spotipy'
[2024-11-22T09:02:51.500+0000] {processor.py:755} WARNING - No viable dags retrieved from /opt/airflow/dags/spotify_playlist_dag.py
[2024-11-22T09:02:51.510+0000] {processor.py:175} INFO - Processing /opt/airflow/dags/spotify_playlist_dag.py took 0.015 seconds
[2024-11-22T09:03:21.995+0000] {processor.py:153} INFO - Started process (PID=383) to work on /opt/airflow/dags/spotify_playlist_dag.py
[2024-11-22T09:03:21.995+0000] {processor.py:743} INFO - Processing file /opt/airflow/dags/spotify_playlist_dag.py for tasks to queue
[2024-11-22T09:03:21.996+0000] {logging_mixin.py:137} INFO - [2024-11-22T09:03:21.996+0000] {dagbag.py:538} INFO - Filling up the DagBag from /opt/airflow/dags/spotify_playlist_dag.py
[2024-11-22T09:03:21.998+0000] {logging_mixin.py:137} INFO - [2024-11-22T09:03:21.997+0000] {dagbag.py:343} ERROR - Failed to import: /opt/airflow/dags/spotify_playlist_dag.py
Traceback (most recent call last):
  File "/home/airflow/.local/lib/python3.7/site-packages/airflow/models/dagbag.py", line 339, in parse
    loader.exec_module(new_module)
  File "<frozen importlib._bootstrap_external>", line 728, in exec_module
  File "<frozen importlib._bootstrap>", line 219, in _call_with_frames_removed
  File "/opt/airflow/dags/spotify_playlist_dag.py", line 2, in <module>
    import spotipy
ModuleNotFoundError: No module named 'spotipy'
[2024-11-22T09:03:21.999+0000] {processor.py:755} WARNING - No viable dags retrieved from /opt/airflow/dags/spotify_playlist_dag.py
[2024-11-22T09:03:22.014+0000] {processor.py:175} INFO - Processing /opt/airflow/dags/spotify_playlist_dag.py took 0.022 seconds
[2024-11-22T09:03:52.458+0000] {processor.py:153} INFO - Started process (PID=473) to work on /opt/airflow/dags/spotify_playlist_dag.py
[2024-11-22T09:03:52.458+0000] {processor.py:743} INFO - Processing file /opt/airflow/dags/spotify_playlist_dag.py for tasks to queue
[2024-11-22T09:03:52.458+0000] {logging_mixin.py:137} INFO - [2024-11-22T09:03:52.458+0000] {dagbag.py:538} INFO - Filling up the DagBag from /opt/airflow/dags/spotify_playlist_dag.py
[2024-11-22T09:03:52.461+0000] {logging_mixin.py:137} INFO - [2024-11-22T09:03:52.460+0000] {dagbag.py:343} ERROR - Failed to import: /opt/airflow/dags/spotify_playlist_dag.py
Traceback (most recent call last):
  File "/home/airflow/.local/lib/python3.7/site-packages/airflow/models/dagbag.py", line 339, in parse
    loader.exec_module(new_module)
  File "<frozen importlib._bootstrap_external>", line 728, in exec_module
  File "<frozen importlib._bootstrap>", line 219, in _call_with_frames_removed
  File "/opt/airflow/dags/spotify_playlist_dag.py", line 2, in <module>
    import spotipy
ModuleNotFoundError: No module named 'spotipy'
[2024-11-22T09:03:52.461+0000] {processor.py:755} WARNING - No viable dags retrieved from /opt/airflow/dags/spotify_playlist_dag.py
[2024-11-22T09:03:52.473+0000] {processor.py:175} INFO - Processing /opt/airflow/dags/spotify_playlist_dag.py took 0.018 seconds
[2024-11-22T09:04:23.008+0000] {processor.py:153} INFO - Started process (PID=547) to work on /opt/airflow/dags/spotify_playlist_dag.py
[2024-11-22T09:04:23.009+0000] {processor.py:743} INFO - Processing file /opt/airflow/dags/spotify_playlist_dag.py for tasks to queue
[2024-11-22T09:04:23.009+0000] {logging_mixin.py:137} INFO - [2024-11-22T09:04:23.009+0000] {dagbag.py:538} INFO - Filling up the DagBag from /opt/airflow/dags/spotify_playlist_dag.py
[2024-11-22T09:04:23.010+0000] {logging_mixin.py:137} INFO - [2024-11-22T09:04:23.010+0000] {dagbag.py:343} ERROR - Failed to import: /opt/airflow/dags/spotify_playlist_dag.py
Traceback (most recent call last):
  File "/home/airflow/.local/lib/python3.7/site-packages/airflow/models/dagbag.py", line 339, in parse
    loader.exec_module(new_module)
  File "<frozen importlib._bootstrap_external>", line 728, in exec_module
  File "<frozen importlib._bootstrap>", line 219, in _call_with_frames_removed
  File "/opt/airflow/dags/spotify_playlist_dag.py", line 2, in <module>
    import spotipy
ModuleNotFoundError: No module named 'spotipy'
[2024-11-22T09:04:23.011+0000] {processor.py:755} WARNING - No viable dags retrieved from /opt/airflow/dags/spotify_playlist_dag.py
[2024-11-22T09:04:23.019+0000] {processor.py:175} INFO - Processing /opt/airflow/dags/spotify_playlist_dag.py took 0.013 seconds
[2024-11-22T09:04:53.755+0000] {processor.py:153} INFO - Started process (PID=636) to work on /opt/airflow/dags/spotify_playlist_dag.py
[2024-11-22T09:04:53.756+0000] {processor.py:743} INFO - Processing file /opt/airflow/dags/spotify_playlist_dag.py for tasks to queue
[2024-11-22T09:04:53.756+0000] {logging_mixin.py:137} INFO - [2024-11-22T09:04:53.756+0000] {dagbag.py:538} INFO - Filling up the DagBag from /opt/airflow/dags/spotify_playlist_dag.py
[2024-11-22T09:04:53.758+0000] {logging_mixin.py:137} INFO - [2024-11-22T09:04:53.758+0000] {dagbag.py:343} ERROR - Failed to import: /opt/airflow/dags/spotify_playlist_dag.py
Traceback (most recent call last):
  File "/home/airflow/.local/lib/python3.7/site-packages/airflow/models/dagbag.py", line 339, in parse
    loader.exec_module(new_module)
  File "<frozen importlib._bootstrap_external>", line 728, in exec_module
  File "<frozen importlib._bootstrap>", line 219, in _call_with_frames_removed
  File "/opt/airflow/dags/spotify_playlist_dag.py", line 2, in <module>
    import spotipy
ModuleNotFoundError: No module named 'spotipy'
[2024-11-22T09:04:53.758+0000] {processor.py:755} WARNING - No viable dags retrieved from /opt/airflow/dags/spotify_playlist_dag.py
[2024-11-22T09:04:53.769+0000] {processor.py:175} INFO - Processing /opt/airflow/dags/spotify_playlist_dag.py took 0.016 seconds
[2024-11-22T09:05:24.447+0000] {processor.py:153} INFO - Started process (PID=726) to work on /opt/airflow/dags/spotify_playlist_dag.py
[2024-11-22T09:05:24.448+0000] {processor.py:743} INFO - Processing file /opt/airflow/dags/spotify_playlist_dag.py for tasks to queue
[2024-11-22T09:05:24.448+0000] {logging_mixin.py:137} INFO - [2024-11-22T09:05:24.448+0000] {dagbag.py:538} INFO - Filling up the DagBag from /opt/airflow/dags/spotify_playlist_dag.py
[2024-11-22T09:05:24.451+0000] {logging_mixin.py:137} INFO - [2024-11-22T09:05:24.450+0000] {dagbag.py:343} ERROR - Failed to import: /opt/airflow/dags/spotify_playlist_dag.py
Traceback (most recent call last):
  File "/home/airflow/.local/lib/python3.7/site-packages/airflow/models/dagbag.py", line 339, in parse
    loader.exec_module(new_module)
  File "<frozen importlib._bootstrap_external>", line 728, in exec_module
  File "<frozen importlib._bootstrap>", line 219, in _call_with_frames_removed
  File "/opt/airflow/dags/spotify_playlist_dag.py", line 2, in <module>
    import spotipy
ModuleNotFoundError: No module named 'spotipy'
[2024-11-22T09:05:24.451+0000] {processor.py:755} WARNING - No viable dags retrieved from /opt/airflow/dags/spotify_playlist_dag.py
[2024-11-22T09:05:24.461+0000] {processor.py:175} INFO - Processing /opt/airflow/dags/spotify_playlist_dag.py took 0.018 seconds
[2024-11-22T09:05:55.342+0000] {processor.py:153} INFO - Started process (PID=800) to work on /opt/airflow/dags/spotify_playlist_dag.py
[2024-11-22T09:05:55.342+0000] {processor.py:743} INFO - Processing file /opt/airflow/dags/spotify_playlist_dag.py for tasks to queue
[2024-11-22T09:05:55.343+0000] {logging_mixin.py:137} INFO - [2024-11-22T09:05:55.343+0000] {dagbag.py:538} INFO - Filling up the DagBag from /opt/airflow/dags/spotify_playlist_dag.py
[2024-11-22T09:05:55.345+0000] {logging_mixin.py:137} INFO - [2024-11-22T09:05:55.345+0000] {dagbag.py:343} ERROR - Failed to import: /opt/airflow/dags/spotify_playlist_dag.py
Traceback (most recent call last):
  File "/home/airflow/.local/lib/python3.7/site-packages/airflow/models/dagbag.py", line 339, in parse
    loader.exec_module(new_module)
  File "<frozen importlib._bootstrap_external>", line 728, in exec_module
  File "<frozen importlib._bootstrap>", line 219, in _call_with_frames_removed
  File "/opt/airflow/dags/spotify_playlist_dag.py", line 2, in <module>
    import spotipy
ModuleNotFoundError: No module named 'spotipy'
[2024-11-22T09:05:55.346+0000] {processor.py:755} WARNING - No viable dags retrieved from /opt/airflow/dags/spotify_playlist_dag.py
[2024-11-22T09:05:55.362+0000] {processor.py:175} INFO - Processing /opt/airflow/dags/spotify_playlist_dag.py took 0.026 seconds
[2024-11-22T09:06:25.771+0000] {processor.py:153} INFO - Started process (PID=890) to work on /opt/airflow/dags/spotify_playlist_dag.py
[2024-11-22T09:06:25.772+0000] {processor.py:743} INFO - Processing file /opt/airflow/dags/spotify_playlist_dag.py for tasks to queue
[2024-11-22T09:06:25.772+0000] {logging_mixin.py:137} INFO - [2024-11-22T09:06:25.772+0000] {dagbag.py:538} INFO - Filling up the DagBag from /opt/airflow/dags/spotify_playlist_dag.py
[2024-11-22T09:06:25.774+0000] {logging_mixin.py:137} INFO - [2024-11-22T09:06:25.774+0000] {dagbag.py:343} ERROR - Failed to import: /opt/airflow/dags/spotify_playlist_dag.py
Traceback (most recent call last):
  File "/home/airflow/.local/lib/python3.7/site-packages/airflow/models/dagbag.py", line 339, in parse
    loader.exec_module(new_module)
  File "<frozen importlib._bootstrap_external>", line 728, in exec_module
  File "<frozen importlib._bootstrap>", line 219, in _call_with_frames_removed
  File "/opt/airflow/dags/spotify_playlist_dag.py", line 2, in <module>
    import spotipy
ModuleNotFoundError: No module named 'spotipy'
[2024-11-22T09:06:25.774+0000] {processor.py:755} WARNING - No viable dags retrieved from /opt/airflow/dags/spotify_playlist_dag.py
[2024-11-22T09:06:25.786+0000] {processor.py:175} INFO - Processing /opt/airflow/dags/spotify_playlist_dag.py took 0.016 seconds
[2024-11-22T09:06:56.508+0000] {processor.py:153} INFO - Started process (PID=980) to work on /opt/airflow/dags/spotify_playlist_dag.py
[2024-11-22T09:06:56.509+0000] {processor.py:743} INFO - Processing file /opt/airflow/dags/spotify_playlist_dag.py for tasks to queue
[2024-11-22T09:06:56.509+0000] {logging_mixin.py:137} INFO - [2024-11-22T09:06:56.509+0000] {dagbag.py:538} INFO - Filling up the DagBag from /opt/airflow/dags/spotify_playlist_dag.py
[2024-11-22T09:06:56.512+0000] {logging_mixin.py:137} INFO - [2024-11-22T09:06:56.512+0000] {dagbag.py:343} ERROR - Failed to import: /opt/airflow/dags/spotify_playlist_dag.py
Traceback (most recent call last):
  File "/home/airflow/.local/lib/python3.7/site-packages/airflow/models/dagbag.py", line 339, in parse
    loader.exec_module(new_module)
  File "<frozen importlib._bootstrap_external>", line 728, in exec_module
  File "<frozen importlib._bootstrap>", line 219, in _call_with_frames_removed
  File "/opt/airflow/dags/spotify_playlist_dag.py", line 2, in <module>
    import spotipy
ModuleNotFoundError: No module named 'spotipy'
[2024-11-22T09:06:56.513+0000] {processor.py:755} WARNING - No viable dags retrieved from /opt/airflow/dags/spotify_playlist_dag.py
[2024-11-22T09:06:56.523+0000] {processor.py:175} INFO - Processing /opt/airflow/dags/spotify_playlist_dag.py took 0.018 seconds
[2024-11-22T09:07:27.296+0000] {processor.py:153} INFO - Started process (PID=1070) to work on /opt/airflow/dags/spotify_playlist_dag.py
[2024-11-22T09:07:27.297+0000] {processor.py:743} INFO - Processing file /opt/airflow/dags/spotify_playlist_dag.py for tasks to queue
[2024-11-22T09:07:27.298+0000] {logging_mixin.py:137} INFO - [2024-11-22T09:07:27.298+0000] {dagbag.py:538} INFO - Filling up the DagBag from /opt/airflow/dags/spotify_playlist_dag.py
[2024-11-22T09:07:27.327+0000] {logging_mixin.py:137} INFO - [2024-11-22T09:07:27.324+0000] {dagbag.py:343} ERROR - Failed to import: /opt/airflow/dags/spotify_playlist_dag.py
Traceback (most recent call last):
  File "/home/airflow/.local/lib/python3.7/site-packages/airflow/models/dagbag.py", line 339, in parse
    loader.exec_module(new_module)
  File "<frozen importlib._bootstrap_external>", line 728, in exec_module
  File "<frozen importlib._bootstrap>", line 219, in _call_with_frames_removed
  File "/opt/airflow/dags/spotify_playlist_dag.py", line 2, in <module>
    import spotipy
ModuleNotFoundError: No module named 'spotipy'
[2024-11-22T09:07:27.327+0000] {processor.py:755} WARNING - No viable dags retrieved from /opt/airflow/dags/spotify_playlist_dag.py
[2024-11-22T09:07:27.344+0000] {processor.py:175} INFO - Processing /opt/airflow/dags/spotify_playlist_dag.py took 0.052 seconds
[2024-11-22T09:07:58.211+0000] {processor.py:153} INFO - Started process (PID=1144) to work on /opt/airflow/dags/spotify_playlist_dag.py
[2024-11-22T09:07:58.212+0000] {processor.py:743} INFO - Processing file /opt/airflow/dags/spotify_playlist_dag.py for tasks to queue
[2024-11-22T09:07:58.212+0000] {logging_mixin.py:137} INFO - [2024-11-22T09:07:58.212+0000] {dagbag.py:538} INFO - Filling up the DagBag from /opt/airflow/dags/spotify_playlist_dag.py
[2024-11-22T09:07:58.214+0000] {logging_mixin.py:137} INFO - [2024-11-22T09:07:58.214+0000] {dagbag.py:343} ERROR - Failed to import: /opt/airflow/dags/spotify_playlist_dag.py
Traceback (most recent call last):
  File "/home/airflow/.local/lib/python3.7/site-packages/airflow/models/dagbag.py", line 339, in parse
    loader.exec_module(new_module)
  File "<frozen importlib._bootstrap_external>", line 728, in exec_module
  File "<frozen importlib._bootstrap>", line 219, in _call_with_frames_removed
  File "/opt/airflow/dags/spotify_playlist_dag.py", line 2, in <module>
    import spotipy
ModuleNotFoundError: No module named 'spotipy'
[2024-11-22T09:07:58.215+0000] {processor.py:755} WARNING - No viable dags retrieved from /opt/airflow/dags/spotify_playlist_dag.py
[2024-11-22T09:07:58.225+0000] {processor.py:175} INFO - Processing /opt/airflow/dags/spotify_playlist_dag.py took 0.016 seconds
[2024-11-22T09:08:29.065+0000] {processor.py:153} INFO - Started process (PID=1233) to work on /opt/airflow/dags/spotify_playlist_dag.py
[2024-11-22T09:08:29.066+0000] {processor.py:743} INFO - Processing file /opt/airflow/dags/spotify_playlist_dag.py for tasks to queue
[2024-11-22T09:08:29.066+0000] {logging_mixin.py:137} INFO - [2024-11-22T09:08:29.066+0000] {dagbag.py:538} INFO - Filling up the DagBag from /opt/airflow/dags/spotify_playlist_dag.py
[2024-11-22T09:08:29.068+0000] {logging_mixin.py:137} INFO - [2024-11-22T09:08:29.067+0000] {dagbag.py:343} ERROR - Failed to import: /opt/airflow/dags/spotify_playlist_dag.py
Traceback (most recent call last):
  File "/home/airflow/.local/lib/python3.7/site-packages/airflow/models/dagbag.py", line 339, in parse
    loader.exec_module(new_module)
  File "<frozen importlib._bootstrap_external>", line 728, in exec_module
  File "<frozen importlib._bootstrap>", line 219, in _call_with_frames_removed
  File "/opt/airflow/dags/spotify_playlist_dag.py", line 2, in <module>
    import spotipy
ModuleNotFoundError: No module named 'spotipy'
[2024-11-22T09:08:29.068+0000] {processor.py:755} WARNING - No viable dags retrieved from /opt/airflow/dags/spotify_playlist_dag.py
[2024-11-22T09:08:29.078+0000] {processor.py:175} INFO - Processing /opt/airflow/dags/spotify_playlist_dag.py took 0.015 seconds
[2024-11-22T09:09:00.076+0000] {processor.py:153} INFO - Started process (PID=1322) to work on /opt/airflow/dags/spotify_playlist_dag.py
[2024-11-22T09:09:00.079+0000] {processor.py:743} INFO - Processing file /opt/airflow/dags/spotify_playlist_dag.py for tasks to queue
[2024-11-22T09:09:00.079+0000] {logging_mixin.py:137} INFO - [2024-11-22T09:09:00.079+0000] {dagbag.py:538} INFO - Filling up the DagBag from /opt/airflow/dags/spotify_playlist_dag.py
[2024-11-22T09:09:00.082+0000] {logging_mixin.py:137} INFO - [2024-11-22T09:09:00.081+0000] {dagbag.py:343} ERROR - Failed to import: /opt/airflow/dags/spotify_playlist_dag.py
Traceback (most recent call last):
  File "/home/airflow/.local/lib/python3.7/site-packages/airflow/models/dagbag.py", line 339, in parse
    loader.exec_module(new_module)
  File "<frozen importlib._bootstrap_external>", line 728, in exec_module
  File "<frozen importlib._bootstrap>", line 219, in _call_with_frames_removed
  File "/opt/airflow/dags/spotify_playlist_dag.py", line 2, in <module>
    import spotipy
ModuleNotFoundError: No module named 'spotipy'
[2024-11-22T09:09:00.082+0000] {processor.py:755} WARNING - No viable dags retrieved from /opt/airflow/dags/spotify_playlist_dag.py
[2024-11-22T09:09:00.095+0000] {processor.py:175} INFO - Processing /opt/airflow/dags/spotify_playlist_dag.py took 0.022 seconds
[2024-11-22T09:09:30.842+0000] {processor.py:153} INFO - Started process (PID=1405) to work on /opt/airflow/dags/spotify_playlist_dag.py
[2024-11-22T09:09:30.843+0000] {processor.py:743} INFO - Processing file /opt/airflow/dags/spotify_playlist_dag.py for tasks to queue
[2024-11-22T09:09:30.843+0000] {logging_mixin.py:137} INFO - [2024-11-22T09:09:30.843+0000] {dagbag.py:538} INFO - Filling up the DagBag from /opt/airflow/dags/spotify_playlist_dag.py
[2024-11-22T09:09:30.845+0000] {logging_mixin.py:137} INFO - [2024-11-22T09:09:30.845+0000] {dagbag.py:343} ERROR - Failed to import: /opt/airflow/dags/spotify_playlist_dag.py
Traceback (most recent call last):
  File "/home/airflow/.local/lib/python3.7/site-packages/airflow/models/dagbag.py", line 339, in parse
    loader.exec_module(new_module)
  File "<frozen importlib._bootstrap_external>", line 728, in exec_module
  File "<frozen importlib._bootstrap>", line 219, in _call_with_frames_removed
  File "/opt/airflow/dags/spotify_playlist_dag.py", line 2, in <module>
    import spotipy
ModuleNotFoundError: No module named 'spotipy'
[2024-11-22T09:09:30.846+0000] {processor.py:755} WARNING - No viable dags retrieved from /opt/airflow/dags/spotify_playlist_dag.py
[2024-11-22T09:09:30.858+0000] {processor.py:175} INFO - Processing /opt/airflow/dags/spotify_playlist_dag.py took 0.019 seconds
