[2024-11-22T08:50:18.984+0000] {processor.py:153} INFO - Started process (PID=54) to work on /opt/airflow/dags/spotify_recommend_dag.py
[2024-11-22T08:50:18.985+0000] {processor.py:743} INFO - Processing file /opt/airflow/dags/spotify_recommend_dag.py for tasks to queue
[2024-11-22T08:50:18.986+0000] {logging_mixin.py:137} INFO - [2024-11-22T08:50:18.985+0000] {dagbag.py:538} INFO - Filling up the DagBag from /opt/airflow/dags/spotify_recommend_dag.py
[2024-11-22T08:50:19.012+0000] {logging_mixin.py:137} INFO - [2024-11-22T08:50:19.010+0000] {dagbag.py:343} ERROR - Failed to import: /opt/airflow/dags/spotify_recommend_dag.py
Traceback (most recent call last):
  File "/home/airflow/.local/lib/python3.7/site-packages/airflow/models/dagbag.py", line 339, in parse
    loader.exec_module(new_module)
  File "<frozen importlib._bootstrap_external>", line 728, in exec_module
  File "<frozen importlib._bootstrap>", line 219, in _call_with_frames_removed
  File "/opt/airflow/dags/spotify_recommend_dag.py", line 2, in <module>
    import spotipy
ModuleNotFoundError: No module named 'spotipy'
[2024-11-22T08:50:19.013+0000] {processor.py:755} WARNING - No viable dags retrieved from /opt/airflow/dags/spotify_recommend_dag.py
[2024-11-22T08:50:19.235+0000] {processor.py:175} INFO - Processing /opt/airflow/dags/spotify_recommend_dag.py took 0.267 seconds
[2024-11-22T08:50:49.836+0000] {processor.py:153} INFO - Started process (PID=121) to work on /opt/airflow/dags/spotify_recommend_dag.py
[2024-11-22T08:50:49.847+0000] {processor.py:743} INFO - Processing file /opt/airflow/dags/spotify_recommend_dag.py for tasks to queue
[2024-11-22T08:50:49.850+0000] {logging_mixin.py:137} INFO - [2024-11-22T08:50:49.850+0000] {dagbag.py:538} INFO - Filling up the DagBag from /opt/airflow/dags/spotify_recommend_dag.py
[2024-11-22T08:50:49.914+0000] {logging_mixin.py:137} INFO - [2024-11-22T08:50:49.910+0000] {dagbag.py:343} ERROR - Failed to import: /opt/airflow/dags/spotify_recommend_dag.py
Traceback (most recent call last):
  File "/home/airflow/.local/lib/python3.7/site-packages/airflow/models/dagbag.py", line 339, in parse
    loader.exec_module(new_module)
  File "<frozen importlib._bootstrap_external>", line 728, in exec_module
  File "<frozen importlib._bootstrap>", line 219, in _call_with_frames_removed
  File "/opt/airflow/dags/spotify_recommend_dag.py", line 2, in <module>
    import spotipy
ModuleNotFoundError: No module named 'spotipy'
[2024-11-22T08:50:49.916+0000] {processor.py:755} WARNING - No viable dags retrieved from /opt/airflow/dags/spotify_recommend_dag.py
[2024-11-22T08:50:50.054+0000] {processor.py:175} INFO - Processing /opt/airflow/dags/spotify_recommend_dag.py took 0.248 seconds
[2024-11-22T08:51:20.784+0000] {processor.py:153} INFO - Started process (PID=195) to work on /opt/airflow/dags/spotify_recommend_dag.py
[2024-11-22T08:51:20.789+0000] {processor.py:743} INFO - Processing file /opt/airflow/dags/spotify_recommend_dag.py for tasks to queue
[2024-11-22T08:51:20.791+0000] {logging_mixin.py:137} INFO - [2024-11-22T08:51:20.791+0000] {dagbag.py:538} INFO - Filling up the DagBag from /opt/airflow/dags/spotify_recommend_dag.py
[2024-11-22T08:51:20.820+0000] {logging_mixin.py:137} INFO - [2024-11-22T08:51:20.808+0000] {dagbag.py:343} ERROR - Failed to import: /opt/airflow/dags/spotify_recommend_dag.py
Traceback (most recent call last):
  File "/home/airflow/.local/lib/python3.7/site-packages/airflow/models/dagbag.py", line 339, in parse
    loader.exec_module(new_module)
  File "<frozen importlib._bootstrap_external>", line 728, in exec_module
  File "<frozen importlib._bootstrap>", line 219, in _call_with_frames_removed
  File "/opt/airflow/dags/spotify_recommend_dag.py", line 2, in <module>
    import spotipy
ModuleNotFoundError: No module named 'spotipy'
[2024-11-22T08:51:20.830+0000] {processor.py:755} WARNING - No viable dags retrieved from /opt/airflow/dags/spotify_recommend_dag.py
[2024-11-22T08:51:20.962+0000] {processor.py:175} INFO - Processing /opt/airflow/dags/spotify_recommend_dag.py took 0.189 seconds
[2024-11-22T08:51:51.408+0000] {processor.py:153} INFO - Started process (PID=276) to work on /opt/airflow/dags/spotify_recommend_dag.py
[2024-11-22T08:51:51.410+0000] {processor.py:743} INFO - Processing file /opt/airflow/dags/spotify_recommend_dag.py for tasks to queue
[2024-11-22T08:51:51.412+0000] {logging_mixin.py:137} INFO - [2024-11-22T08:51:51.412+0000] {dagbag.py:538} INFO - Filling up the DagBag from /opt/airflow/dags/spotify_recommend_dag.py
[2024-11-22T08:51:51.424+0000] {logging_mixin.py:137} INFO - [2024-11-22T08:51:51.422+0000] {dagbag.py:343} ERROR - Failed to import: /opt/airflow/dags/spotify_recommend_dag.py
Traceback (most recent call last):
  File "/home/airflow/.local/lib/python3.7/site-packages/airflow/models/dagbag.py", line 339, in parse
    loader.exec_module(new_module)
  File "<frozen importlib._bootstrap_external>", line 728, in exec_module
  File "<frozen importlib._bootstrap>", line 219, in _call_with_frames_removed
  File "/opt/airflow/dags/spotify_recommend_dag.py", line 2, in <module>
    import spotipy
ModuleNotFoundError: No module named 'spotipy'
[2024-11-22T08:51:51.424+0000] {processor.py:755} WARNING - No viable dags retrieved from /opt/airflow/dags/spotify_recommend_dag.py
[2024-11-22T08:51:51.448+0000] {processor.py:175} INFO - Processing /opt/airflow/dags/spotify_recommend_dag.py took 0.043 seconds
[2024-11-22T08:52:21.888+0000] {processor.py:153} INFO - Started process (PID=366) to work on /opt/airflow/dags/spotify_recommend_dag.py
[2024-11-22T08:52:21.889+0000] {processor.py:743} INFO - Processing file /opt/airflow/dags/spotify_recommend_dag.py for tasks to queue
[2024-11-22T08:52:21.890+0000] {logging_mixin.py:137} INFO - [2024-11-22T08:52:21.890+0000] {dagbag.py:538} INFO - Filling up the DagBag from /opt/airflow/dags/spotify_recommend_dag.py
[2024-11-22T08:52:21.898+0000] {logging_mixin.py:137} INFO - [2024-11-22T08:52:21.897+0000] {dagbag.py:343} ERROR - Failed to import: /opt/airflow/dags/spotify_recommend_dag.py
Traceback (most recent call last):
  File "/home/airflow/.local/lib/python3.7/site-packages/airflow/models/dagbag.py", line 339, in parse
    loader.exec_module(new_module)
  File "<frozen importlib._bootstrap_external>", line 728, in exec_module
  File "<frozen importlib._bootstrap>", line 219, in _call_with_frames_removed
  File "/opt/airflow/dags/spotify_recommend_dag.py", line 2, in <module>
    import spotipy
ModuleNotFoundError: No module named 'spotipy'
[2024-11-22T08:52:21.898+0000] {processor.py:755} WARNING - No viable dags retrieved from /opt/airflow/dags/spotify_recommend_dag.py
[2024-11-22T08:52:21.917+0000] {processor.py:175} INFO - Processing /opt/airflow/dags/spotify_recommend_dag.py took 0.031 seconds
[2024-11-22T08:52:52.119+0000] {processor.py:153} INFO - Started process (PID=440) to work on /opt/airflow/dags/spotify_recommend_dag.py
[2024-11-22T08:52:52.121+0000] {processor.py:743} INFO - Processing file /opt/airflow/dags/spotify_recommend_dag.py for tasks to queue
[2024-11-22T08:52:52.123+0000] {logging_mixin.py:137} INFO - [2024-11-22T08:52:52.122+0000] {dagbag.py:538} INFO - Filling up the DagBag from /opt/airflow/dags/spotify_recommend_dag.py
[2024-11-22T08:52:52.130+0000] {logging_mixin.py:137} INFO - [2024-11-22T08:52:52.129+0000] {dagbag.py:343} ERROR - Failed to import: /opt/airflow/dags/spotify_recommend_dag.py
Traceback (most recent call last):
  File "/home/airflow/.local/lib/python3.7/site-packages/airflow/models/dagbag.py", line 339, in parse
    loader.exec_module(new_module)
  File "<frozen importlib._bootstrap_external>", line 728, in exec_module
  File "<frozen importlib._bootstrap>", line 219, in _call_with_frames_removed
  File "/opt/airflow/dags/spotify_recommend_dag.py", line 2, in <module>
    import spotipy
ModuleNotFoundError: No module named 'spotipy'
[2024-11-22T08:52:52.130+0000] {processor.py:755} WARNING - No viable dags retrieved from /opt/airflow/dags/spotify_recommend_dag.py
[2024-11-22T08:52:52.150+0000] {processor.py:175} INFO - Processing /opt/airflow/dags/spotify_recommend_dag.py took 0.036 seconds
[2024-11-22T08:53:23.133+0000] {processor.py:153} INFO - Started process (PID=530) to work on /opt/airflow/dags/spotify_recommend_dag.py
[2024-11-22T08:53:23.135+0000] {processor.py:743} INFO - Processing file /opt/airflow/dags/spotify_recommend_dag.py for tasks to queue
[2024-11-22T08:53:23.136+0000] {logging_mixin.py:137} INFO - [2024-11-22T08:53:23.136+0000] {dagbag.py:538} INFO - Filling up the DagBag from /opt/airflow/dags/spotify_recommend_dag.py
[2024-11-22T08:53:23.152+0000] {logging_mixin.py:137} INFO - [2024-11-22T08:53:23.148+0000] {dagbag.py:343} ERROR - Failed to import: /opt/airflow/dags/spotify_recommend_dag.py
Traceback (most recent call last):
  File "/home/airflow/.local/lib/python3.7/site-packages/airflow/models/dagbag.py", line 339, in parse
    loader.exec_module(new_module)
  File "<frozen importlib._bootstrap_external>", line 728, in exec_module
  File "<frozen importlib._bootstrap>", line 219, in _call_with_frames_removed
  File "/opt/airflow/dags/spotify_recommend_dag.py", line 2, in <module>
    import spotipy
ModuleNotFoundError: No module named 'spotipy'
[2024-11-22T08:53:23.152+0000] {processor.py:755} WARNING - No viable dags retrieved from /opt/airflow/dags/spotify_recommend_dag.py
[2024-11-22T08:53:23.181+0000] {processor.py:175} INFO - Processing /opt/airflow/dags/spotify_recommend_dag.py took 0.057 seconds
[2024-11-22T08:53:53.820+0000] {processor.py:153} INFO - Started process (PID=618) to work on /opt/airflow/dags/spotify_recommend_dag.py
[2024-11-22T08:53:53.823+0000] {processor.py:743} INFO - Processing file /opt/airflow/dags/spotify_recommend_dag.py for tasks to queue
[2024-11-22T08:53:53.824+0000] {logging_mixin.py:137} INFO - [2024-11-22T08:53:53.823+0000] {dagbag.py:538} INFO - Filling up the DagBag from /opt/airflow/dags/spotify_recommend_dag.py
[2024-11-22T08:53:53.830+0000] {logging_mixin.py:137} INFO - [2024-11-22T08:53:53.828+0000] {dagbag.py:343} ERROR - Failed to import: /opt/airflow/dags/spotify_recommend_dag.py
Traceback (most recent call last):
  File "/home/airflow/.local/lib/python3.7/site-packages/airflow/models/dagbag.py", line 339, in parse
    loader.exec_module(new_module)
  File "<frozen importlib._bootstrap_external>", line 728, in exec_module
  File "<frozen importlib._bootstrap>", line 219, in _call_with_frames_removed
  File "/opt/airflow/dags/spotify_recommend_dag.py", line 2, in <module>
    import spotipy
ModuleNotFoundError: No module named 'spotipy'
[2024-11-22T08:53:53.832+0000] {processor.py:755} WARNING - No viable dags retrieved from /opt/airflow/dags/spotify_recommend_dag.py
[2024-11-22T08:53:53.850+0000] {processor.py:175} INFO - Processing /opt/airflow/dags/spotify_recommend_dag.py took 0.033 seconds
[2024-11-22T08:54:23.871+0000] {processor.py:153} INFO - Started process (PID=691) to work on /opt/airflow/dags/spotify_recommend_dag.py
[2024-11-22T08:54:23.873+0000] {processor.py:743} INFO - Processing file /opt/airflow/dags/spotify_recommend_dag.py for tasks to queue
[2024-11-22T08:54:23.874+0000] {logging_mixin.py:137} INFO - [2024-11-22T08:54:23.874+0000] {dagbag.py:538} INFO - Filling up the DagBag from /opt/airflow/dags/spotify_recommend_dag.py
[2024-11-22T08:54:23.880+0000] {logging_mixin.py:137} INFO - [2024-11-22T08:54:23.878+0000] {dagbag.py:343} ERROR - Failed to import: /opt/airflow/dags/spotify_recommend_dag.py
Traceback (most recent call last):
  File "/home/airflow/.local/lib/python3.7/site-packages/airflow/models/dagbag.py", line 339, in parse
    loader.exec_module(new_module)
  File "<frozen importlib._bootstrap_external>", line 728, in exec_module
  File "<frozen importlib._bootstrap>", line 219, in _call_with_frames_removed
  File "/opt/airflow/dags/spotify_recommend_dag.py", line 2, in <module>
    import spotipy
ModuleNotFoundError: No module named 'spotipy'
[2024-11-22T08:54:23.881+0000] {processor.py:755} WARNING - No viable dags retrieved from /opt/airflow/dags/spotify_recommend_dag.py
[2024-11-22T08:54:23.913+0000] {processor.py:175} INFO - Processing /opt/airflow/dags/spotify_recommend_dag.py took 0.046 seconds
[2024-11-22T08:54:54.797+0000] {processor.py:153} INFO - Started process (PID=781) to work on /opt/airflow/dags/spotify_recommend_dag.py
[2024-11-22T08:54:54.798+0000] {processor.py:743} INFO - Processing file /opt/airflow/dags/spotify_recommend_dag.py for tasks to queue
[2024-11-22T08:54:54.800+0000] {logging_mixin.py:137} INFO - [2024-11-22T08:54:54.799+0000] {dagbag.py:538} INFO - Filling up the DagBag from /opt/airflow/dags/spotify_recommend_dag.py
[2024-11-22T08:54:54.807+0000] {logging_mixin.py:137} INFO - [2024-11-22T08:54:54.807+0000] {dagbag.py:343} ERROR - Failed to import: /opt/airflow/dags/spotify_recommend_dag.py
Traceback (most recent call last):
  File "/home/airflow/.local/lib/python3.7/site-packages/airflow/models/dagbag.py", line 339, in parse
    loader.exec_module(new_module)
  File "<frozen importlib._bootstrap_external>", line 728, in exec_module
  File "<frozen importlib._bootstrap>", line 219, in _call_with_frames_removed
  File "/opt/airflow/dags/spotify_recommend_dag.py", line 2, in <module>
    import spotipy
ModuleNotFoundError: No module named 'spotipy'
[2024-11-22T08:54:54.808+0000] {processor.py:755} WARNING - No viable dags retrieved from /opt/airflow/dags/spotify_recommend_dag.py
[2024-11-22T08:54:54.825+0000] {processor.py:175} INFO - Processing /opt/airflow/dags/spotify_recommend_dag.py took 0.032 seconds
[2024-11-22T08:55:25.500+0000] {processor.py:153} INFO - Started process (PID=871) to work on /opt/airflow/dags/spotify_recommend_dag.py
[2024-11-22T08:55:25.501+0000] {processor.py:743} INFO - Processing file /opt/airflow/dags/spotify_recommend_dag.py for tasks to queue
[2024-11-22T08:55:25.502+0000] {logging_mixin.py:137} INFO - [2024-11-22T08:55:25.502+0000] {dagbag.py:538} INFO - Filling up the DagBag from /opt/airflow/dags/spotify_recommend_dag.py
[2024-11-22T08:55:25.511+0000] {logging_mixin.py:137} INFO - [2024-11-22T08:55:25.510+0000] {dagbag.py:343} ERROR - Failed to import: /opt/airflow/dags/spotify_recommend_dag.py
Traceback (most recent call last):
  File "/home/airflow/.local/lib/python3.7/site-packages/airflow/models/dagbag.py", line 339, in parse
    loader.exec_module(new_module)
  File "<frozen importlib._bootstrap_external>", line 728, in exec_module
  File "<frozen importlib._bootstrap>", line 219, in _call_with_frames_removed
  File "/opt/airflow/dags/spotify_recommend_dag.py", line 2, in <module>
    import spotipy
ModuleNotFoundError: No module named 'spotipy'
[2024-11-22T08:55:25.511+0000] {processor.py:755} WARNING - No viable dags retrieved from /opt/airflow/dags/spotify_recommend_dag.py
[2024-11-22T08:55:25.523+0000] {processor.py:175} INFO - Processing /opt/airflow/dags/spotify_recommend_dag.py took 0.026 seconds
[2024-11-22T08:55:56.141+0000] {processor.py:153} INFO - Started process (PID=945) to work on /opt/airflow/dags/spotify_recommend_dag.py
[2024-11-22T08:55:56.142+0000] {processor.py:743} INFO - Processing file /opt/airflow/dags/spotify_recommend_dag.py for tasks to queue
[2024-11-22T08:55:56.143+0000] {logging_mixin.py:137} INFO - [2024-11-22T08:55:56.143+0000] {dagbag.py:538} INFO - Filling up the DagBag from /opt/airflow/dags/spotify_recommend_dag.py
[2024-11-22T08:55:56.149+0000] {logging_mixin.py:137} INFO - [2024-11-22T08:55:56.148+0000] {dagbag.py:343} ERROR - Failed to import: /opt/airflow/dags/spotify_recommend_dag.py
Traceback (most recent call last):
  File "/home/airflow/.local/lib/python3.7/site-packages/airflow/models/dagbag.py", line 339, in parse
    loader.exec_module(new_module)
  File "<frozen importlib._bootstrap_external>", line 728, in exec_module
  File "<frozen importlib._bootstrap>", line 219, in _call_with_frames_removed
  File "/opt/airflow/dags/spotify_recommend_dag.py", line 2, in <module>
    import spotipy
ModuleNotFoundError: No module named 'spotipy'
[2024-11-22T08:55:56.149+0000] {processor.py:755} WARNING - No viable dags retrieved from /opt/airflow/dags/spotify_recommend_dag.py
[2024-11-22T08:55:56.164+0000] {processor.py:175} INFO - Processing /opt/airflow/dags/spotify_recommend_dag.py took 0.025 seconds
[2024-11-22T08:56:27.150+0000] {processor.py:153} INFO - Started process (PID=1035) to work on /opt/airflow/dags/spotify_recommend_dag.py
[2024-11-22T08:56:27.151+0000] {processor.py:743} INFO - Processing file /opt/airflow/dags/spotify_recommend_dag.py for tasks to queue
[2024-11-22T08:56:27.152+0000] {logging_mixin.py:137} INFO - [2024-11-22T08:56:27.152+0000] {dagbag.py:538} INFO - Filling up the DagBag from /opt/airflow/dags/spotify_recommend_dag.py
[2024-11-22T08:56:27.160+0000] {logging_mixin.py:137} INFO - [2024-11-22T08:56:27.159+0000] {dagbag.py:343} ERROR - Failed to import: /opt/airflow/dags/spotify_recommend_dag.py
Traceback (most recent call last):
  File "/home/airflow/.local/lib/python3.7/site-packages/airflow/models/dagbag.py", line 339, in parse
    loader.exec_module(new_module)
  File "<frozen importlib._bootstrap_external>", line 728, in exec_module
  File "<frozen importlib._bootstrap>", line 219, in _call_with_frames_removed
  File "/opt/airflow/dags/spotify_recommend_dag.py", line 2, in <module>
    import spotipy
ModuleNotFoundError: No module named 'spotipy'
[2024-11-22T08:56:27.160+0000] {processor.py:755} WARNING - No viable dags retrieved from /opt/airflow/dags/spotify_recommend_dag.py
[2024-11-22T08:56:27.184+0000] {processor.py:175} INFO - Processing /opt/airflow/dags/spotify_recommend_dag.py took 0.037 seconds
[2024-11-22T08:56:58.025+0000] {processor.py:153} INFO - Started process (PID=1125) to work on /opt/airflow/dags/spotify_recommend_dag.py
[2024-11-22T08:56:58.028+0000] {processor.py:743} INFO - Processing file /opt/airflow/dags/spotify_recommend_dag.py for tasks to queue
[2024-11-22T08:56:58.030+0000] {logging_mixin.py:137} INFO - [2024-11-22T08:56:58.030+0000] {dagbag.py:538} INFO - Filling up the DagBag from /opt/airflow/dags/spotify_recommend_dag.py
[2024-11-22T08:56:58.041+0000] {logging_mixin.py:137} INFO - [2024-11-22T08:56:58.040+0000] {dagbag.py:343} ERROR - Failed to import: /opt/airflow/dags/spotify_recommend_dag.py
Traceback (most recent call last):
  File "/home/airflow/.local/lib/python3.7/site-packages/airflow/models/dagbag.py", line 339, in parse
    loader.exec_module(new_module)
  File "<frozen importlib._bootstrap_external>", line 728, in exec_module
  File "<frozen importlib._bootstrap>", line 219, in _call_with_frames_removed
  File "/opt/airflow/dags/spotify_recommend_dag.py", line 2, in <module>
    import spotipy
ModuleNotFoundError: No module named 'spotipy'
[2024-11-22T08:56:58.041+0000] {processor.py:755} WARNING - No viable dags retrieved from /opt/airflow/dags/spotify_recommend_dag.py
[2024-11-22T08:56:58.057+0000] {processor.py:175} INFO - Processing /opt/airflow/dags/spotify_recommend_dag.py took 0.036 seconds
[2024-11-22T08:57:28.844+0000] {processor.py:153} INFO - Started process (PID=1215) to work on /opt/airflow/dags/spotify_recommend_dag.py
[2024-11-22T08:57:28.845+0000] {processor.py:743} INFO - Processing file /opt/airflow/dags/spotify_recommend_dag.py for tasks to queue
[2024-11-22T08:57:28.846+0000] {logging_mixin.py:137} INFO - [2024-11-22T08:57:28.846+0000] {dagbag.py:538} INFO - Filling up the DagBag from /opt/airflow/dags/spotify_recommend_dag.py
[2024-11-22T08:57:28.852+0000] {logging_mixin.py:137} INFO - [2024-11-22T08:57:28.851+0000] {dagbag.py:343} ERROR - Failed to import: /opt/airflow/dags/spotify_recommend_dag.py
Traceback (most recent call last):
  File "/home/airflow/.local/lib/python3.7/site-packages/airflow/models/dagbag.py", line 339, in parse
    loader.exec_module(new_module)
  File "<frozen importlib._bootstrap_external>", line 728, in exec_module
  File "<frozen importlib._bootstrap>", line 219, in _call_with_frames_removed
  File "/opt/airflow/dags/spotify_recommend_dag.py", line 2, in <module>
    import spotipy
ModuleNotFoundError: No module named 'spotipy'
[2024-11-22T08:57:28.852+0000] {processor.py:755} WARNING - No viable dags retrieved from /opt/airflow/dags/spotify_recommend_dag.py
[2024-11-22T08:57:28.867+0000] {processor.py:175} INFO - Processing /opt/airflow/dags/spotify_recommend_dag.py took 0.025 seconds
[2024-11-22T08:57:59.487+0000] {processor.py:153} INFO - Started process (PID=1289) to work on /opt/airflow/dags/spotify_recommend_dag.py
[2024-11-22T08:57:59.488+0000] {processor.py:743} INFO - Processing file /opt/airflow/dags/spotify_recommend_dag.py for tasks to queue
[2024-11-22T08:57:59.490+0000] {logging_mixin.py:137} INFO - [2024-11-22T08:57:59.489+0000] {dagbag.py:538} INFO - Filling up the DagBag from /opt/airflow/dags/spotify_recommend_dag.py
[2024-11-22T08:57:59.498+0000] {logging_mixin.py:137} INFO - [2024-11-22T08:57:59.497+0000] {dagbag.py:343} ERROR - Failed to import: /opt/airflow/dags/spotify_recommend_dag.py
Traceback (most recent call last):
  File "/home/airflow/.local/lib/python3.7/site-packages/airflow/models/dagbag.py", line 339, in parse
    loader.exec_module(new_module)
  File "<frozen importlib._bootstrap_external>", line 728, in exec_module
  File "<frozen importlib._bootstrap>", line 219, in _call_with_frames_removed
  File "/opt/airflow/dags/spotify_recommend_dag.py", line 2, in <module>
    import spotipy
ModuleNotFoundError: No module named 'spotipy'
[2024-11-22T08:57:59.499+0000] {processor.py:755} WARNING - No viable dags retrieved from /opt/airflow/dags/spotify_recommend_dag.py
[2024-11-22T08:57:59.516+0000] {processor.py:175} INFO - Processing /opt/airflow/dags/spotify_recommend_dag.py took 0.033 seconds
[2024-11-22T08:58:30.073+0000] {processor.py:153} INFO - Started process (PID=1378) to work on /opt/airflow/dags/spotify_recommend_dag.py
[2024-11-22T08:58:30.074+0000] {processor.py:743} INFO - Processing file /opt/airflow/dags/spotify_recommend_dag.py for tasks to queue
[2024-11-22T08:58:30.076+0000] {logging_mixin.py:137} INFO - [2024-11-22T08:58:30.076+0000] {dagbag.py:538} INFO - Filling up the DagBag from /opt/airflow/dags/spotify_recommend_dag.py
[2024-11-22T08:58:30.080+0000] {logging_mixin.py:137} INFO - [2024-11-22T08:58:30.079+0000] {dagbag.py:343} ERROR - Failed to import: /opt/airflow/dags/spotify_recommend_dag.py
Traceback (most recent call last):
  File "/home/airflow/.local/lib/python3.7/site-packages/airflow/models/dagbag.py", line 339, in parse
    loader.exec_module(new_module)
  File "<frozen importlib._bootstrap_external>", line 728, in exec_module
  File "<frozen importlib._bootstrap>", line 219, in _call_with_frames_removed
  File "/opt/airflow/dags/spotify_recommend_dag.py", line 2, in <module>
    import spotipy
ModuleNotFoundError: No module named 'spotipy'
[2024-11-22T08:58:30.080+0000] {processor.py:755} WARNING - No viable dags retrieved from /opt/airflow/dags/spotify_recommend_dag.py
[2024-11-22T08:58:30.096+0000] {processor.py:175} INFO - Processing /opt/airflow/dags/spotify_recommend_dag.py took 0.026 seconds
[2024-11-22T08:59:00.931+0000] {processor.py:153} INFO - Started process (PID=1468) to work on /opt/airflow/dags/spotify_recommend_dag.py
[2024-11-22T08:59:00.934+0000] {processor.py:743} INFO - Processing file /opt/airflow/dags/spotify_recommend_dag.py for tasks to queue
[2024-11-22T08:59:00.934+0000] {logging_mixin.py:137} INFO - [2024-11-22T08:59:00.934+0000] {dagbag.py:538} INFO - Filling up the DagBag from /opt/airflow/dags/spotify_recommend_dag.py
[2024-11-22T08:59:00.938+0000] {logging_mixin.py:137} INFO - [2024-11-22T08:59:00.937+0000] {dagbag.py:343} ERROR - Failed to import: /opt/airflow/dags/spotify_recommend_dag.py
Traceback (most recent call last):
  File "/home/airflow/.local/lib/python3.7/site-packages/airflow/models/dagbag.py", line 339, in parse
    loader.exec_module(new_module)
  File "<frozen importlib._bootstrap_external>", line 728, in exec_module
  File "<frozen importlib._bootstrap>", line 219, in _call_with_frames_removed
  File "/opt/airflow/dags/spotify_recommend_dag.py", line 2, in <module>
    import spotipy
ModuleNotFoundError: No module named 'spotipy'
[2024-11-22T08:59:00.940+0000] {processor.py:755} WARNING - No viable dags retrieved from /opt/airflow/dags/spotify_recommend_dag.py
[2024-11-22T08:59:00.955+0000] {processor.py:175} INFO - Processing /opt/airflow/dags/spotify_recommend_dag.py took 0.027 seconds
[2024-11-22T08:59:31.755+0000] {processor.py:153} INFO - Started process (PID=1558) to work on /opt/airflow/dags/spotify_recommend_dag.py
[2024-11-22T08:59:31.757+0000] {processor.py:743} INFO - Processing file /opt/airflow/dags/spotify_recommend_dag.py for tasks to queue
[2024-11-22T08:59:31.758+0000] {logging_mixin.py:137} INFO - [2024-11-22T08:59:31.758+0000] {dagbag.py:538} INFO - Filling up the DagBag from /opt/airflow/dags/spotify_recommend_dag.py
[2024-11-22T08:59:31.769+0000] {logging_mixin.py:137} INFO - [2024-11-22T08:59:31.767+0000] {dagbag.py:343} ERROR - Failed to import: /opt/airflow/dags/spotify_recommend_dag.py
Traceback (most recent call last):
  File "/home/airflow/.local/lib/python3.7/site-packages/airflow/models/dagbag.py", line 339, in parse
    loader.exec_module(new_module)
  File "<frozen importlib._bootstrap_external>", line 728, in exec_module
  File "<frozen importlib._bootstrap>", line 219, in _call_with_frames_removed
  File "/opt/airflow/dags/spotify_recommend_dag.py", line 2, in <module>
    import spotipy
ModuleNotFoundError: No module named 'spotipy'
[2024-11-22T08:59:31.771+0000] {processor.py:755} WARNING - No viable dags retrieved from /opt/airflow/dags/spotify_recommend_dag.py
[2024-11-22T08:59:31.796+0000] {processor.py:175} INFO - Processing /opt/airflow/dags/spotify_recommend_dag.py took 0.044 seconds
[2024-11-22T09:00:01.824+0000] {processor.py:153} INFO - Started process (PID=1632) to work on /opt/airflow/dags/spotify_recommend_dag.py
[2024-11-22T09:00:01.825+0000] {processor.py:743} INFO - Processing file /opt/airflow/dags/spotify_recommend_dag.py for tasks to queue
[2024-11-22T09:00:01.826+0000] {logging_mixin.py:137} INFO - [2024-11-22T09:00:01.826+0000] {dagbag.py:538} INFO - Filling up the DagBag from /opt/airflow/dags/spotify_recommend_dag.py
[2024-11-22T09:00:01.831+0000] {logging_mixin.py:137} INFO - [2024-11-22T09:00:01.830+0000] {dagbag.py:343} ERROR - Failed to import: /opt/airflow/dags/spotify_recommend_dag.py
Traceback (most recent call last):
  File "/home/airflow/.local/lib/python3.7/site-packages/airflow/models/dagbag.py", line 339, in parse
    loader.exec_module(new_module)
  File "<frozen importlib._bootstrap_external>", line 728, in exec_module
  File "<frozen importlib._bootstrap>", line 219, in _call_with_frames_removed
  File "/opt/airflow/dags/spotify_recommend_dag.py", line 2, in <module>
    import spotipy
ModuleNotFoundError: No module named 'spotipy'
[2024-11-22T09:00:01.832+0000] {processor.py:755} WARNING - No viable dags retrieved from /opt/airflow/dags/spotify_recommend_dag.py
[2024-11-22T09:00:01.846+0000] {processor.py:175} INFO - Processing /opt/airflow/dags/spotify_recommend_dag.py took 0.025 seconds
[2024-11-22T09:00:32.249+0000] {processor.py:153} INFO - Started process (PID=1721) to work on /opt/airflow/dags/spotify_recommend_dag.py
[2024-11-22T09:00:32.250+0000] {processor.py:743} INFO - Processing file /opt/airflow/dags/spotify_recommend_dag.py for tasks to queue
[2024-11-22T09:00:32.251+0000] {logging_mixin.py:137} INFO - [2024-11-22T09:00:32.251+0000] {dagbag.py:538} INFO - Filling up the DagBag from /opt/airflow/dags/spotify_recommend_dag.py
[2024-11-22T09:00:32.256+0000] {logging_mixin.py:137} INFO - [2024-11-22T09:00:32.255+0000] {dagbag.py:343} ERROR - Failed to import: /opt/airflow/dags/spotify_recommend_dag.py
Traceback (most recent call last):
  File "/home/airflow/.local/lib/python3.7/site-packages/airflow/models/dagbag.py", line 339, in parse
    loader.exec_module(new_module)
  File "<frozen importlib._bootstrap_external>", line 728, in exec_module
  File "<frozen importlib._bootstrap>", line 219, in _call_with_frames_removed
  File "/opt/airflow/dags/spotify_recommend_dag.py", line 2, in <module>
    import spotipy
ModuleNotFoundError: No module named 'spotipy'
[2024-11-22T09:00:32.256+0000] {processor.py:755} WARNING - No viable dags retrieved from /opt/airflow/dags/spotify_recommend_dag.py
[2024-11-22T09:00:32.273+0000] {processor.py:175} INFO - Processing /opt/airflow/dags/spotify_recommend_dag.py took 0.027 seconds
[2024-11-22T09:01:19.153+0000] {processor.py:153} INFO - Started process (PID=38) to work on /opt/airflow/dags/spotify_recommend_dag.py
[2024-11-22T09:01:19.154+0000] {processor.py:743} INFO - Processing file /opt/airflow/dags/spotify_recommend_dag.py for tasks to queue
[2024-11-22T09:01:19.154+0000] {logging_mixin.py:137} INFO - [2024-11-22T09:01:19.154+0000] {dagbag.py:538} INFO - Filling up the DagBag from /opt/airflow/dags/spotify_recommend_dag.py
[2024-11-22T09:01:19.166+0000] {logging_mixin.py:137} INFO - [2024-11-22T09:01:19.164+0000] {dagbag.py:343} ERROR - Failed to import: /opt/airflow/dags/spotify_recommend_dag.py
Traceback (most recent call last):
  File "/home/airflow/.local/lib/python3.7/site-packages/airflow/models/dagbag.py", line 339, in parse
    loader.exec_module(new_module)
  File "<frozen importlib._bootstrap_external>", line 728, in exec_module
  File "<frozen importlib._bootstrap>", line 219, in _call_with_frames_removed
  File "/opt/airflow/dags/spotify_recommend_dag.py", line 2, in <module>
    import spotipy
ModuleNotFoundError: No module named 'spotipy'
[2024-11-22T09:01:19.166+0000] {processor.py:755} WARNING - No viable dags retrieved from /opt/airflow/dags/spotify_recommend_dag.py
[2024-11-22T09:01:19.193+0000] {processor.py:175} INFO - Processing /opt/airflow/dags/spotify_recommend_dag.py took 0.043 seconds
[2024-11-22T09:01:49.989+0000] {processor.py:153} INFO - Started process (PID=128) to work on /opt/airflow/dags/spotify_recommend_dag.py
[2024-11-22T09:01:49.991+0000] {processor.py:743} INFO - Processing file /opt/airflow/dags/spotify_recommend_dag.py for tasks to queue
[2024-11-22T09:01:49.992+0000] {logging_mixin.py:137} INFO - [2024-11-22T09:01:49.992+0000] {dagbag.py:538} INFO - Filling up the DagBag from /opt/airflow/dags/spotify_recommend_dag.py
[2024-11-22T09:01:49.998+0000] {logging_mixin.py:137} INFO - [2024-11-22T09:01:49.996+0000] {dagbag.py:343} ERROR - Failed to import: /opt/airflow/dags/spotify_recommend_dag.py
Traceback (most recent call last):
  File "/home/airflow/.local/lib/python3.7/site-packages/airflow/models/dagbag.py", line 339, in parse
    loader.exec_module(new_module)
  File "<frozen importlib._bootstrap_external>", line 728, in exec_module
  File "<frozen importlib._bootstrap>", line 219, in _call_with_frames_removed
  File "/opt/airflow/dags/spotify_recommend_dag.py", line 2, in <module>
    import spotipy
ModuleNotFoundError: No module named 'spotipy'
[2024-11-22T09:01:49.998+0000] {processor.py:755} WARNING - No viable dags retrieved from /opt/airflow/dags/spotify_recommend_dag.py
[2024-11-22T09:01:50.016+0000] {processor.py:175} INFO - Processing /opt/airflow/dags/spotify_recommend_dag.py took 0.030 seconds
[2024-11-22T09:02:20.694+0000] {processor.py:153} INFO - Started process (PID=202) to work on /opt/airflow/dags/spotify_recommend_dag.py
[2024-11-22T09:02:20.697+0000] {processor.py:743} INFO - Processing file /opt/airflow/dags/spotify_recommend_dag.py for tasks to queue
[2024-11-22T09:02:20.699+0000] {logging_mixin.py:137} INFO - [2024-11-22T09:02:20.698+0000] {dagbag.py:538} INFO - Filling up the DagBag from /opt/airflow/dags/spotify_recommend_dag.py
[2024-11-22T09:02:20.705+0000] {logging_mixin.py:137} INFO - [2024-11-22T09:02:20.703+0000] {dagbag.py:343} ERROR - Failed to import: /opt/airflow/dags/spotify_recommend_dag.py
Traceback (most recent call last):
  File "/home/airflow/.local/lib/python3.7/site-packages/airflow/models/dagbag.py", line 339, in parse
    loader.exec_module(new_module)
  File "<frozen importlib._bootstrap_external>", line 728, in exec_module
  File "<frozen importlib._bootstrap>", line 219, in _call_with_frames_removed
  File "/opt/airflow/dags/spotify_recommend_dag.py", line 2, in <module>
    import spotipy
ModuleNotFoundError: No module named 'spotipy'
[2024-11-22T09:02:20.707+0000] {processor.py:755} WARNING - No viable dags retrieved from /opt/airflow/dags/spotify_recommend_dag.py
[2024-11-22T09:02:20.747+0000] {processor.py:175} INFO - Processing /opt/airflow/dags/spotify_recommend_dag.py took 0.061 seconds
[2024-11-22T09:02:51.463+0000] {processor.py:153} INFO - Started process (PID=292) to work on /opt/airflow/dags/spotify_recommend_dag.py
[2024-11-22T09:02:51.465+0000] {processor.py:743} INFO - Processing file /opt/airflow/dags/spotify_recommend_dag.py for tasks to queue
[2024-11-22T09:02:51.465+0000] {logging_mixin.py:137} INFO - [2024-11-22T09:02:51.465+0000] {dagbag.py:538} INFO - Filling up the DagBag from /opt/airflow/dags/spotify_recommend_dag.py
[2024-11-22T09:02:51.472+0000] {logging_mixin.py:137} INFO - [2024-11-22T09:02:51.471+0000] {dagbag.py:343} ERROR - Failed to import: /opt/airflow/dags/spotify_recommend_dag.py
Traceback (most recent call last):
  File "/home/airflow/.local/lib/python3.7/site-packages/airflow/models/dagbag.py", line 339, in parse
    loader.exec_module(new_module)
  File "<frozen importlib._bootstrap_external>", line 728, in exec_module
  File "<frozen importlib._bootstrap>", line 219, in _call_with_frames_removed
  File "/opt/airflow/dags/spotify_recommend_dag.py", line 2, in <module>
    import spotipy
ModuleNotFoundError: No module named 'spotipy'
[2024-11-22T09:02:51.472+0000] {processor.py:755} WARNING - No viable dags retrieved from /opt/airflow/dags/spotify_recommend_dag.py
[2024-11-22T09:02:51.488+0000] {processor.py:175} INFO - Processing /opt/airflow/dags/spotify_recommend_dag.py took 0.028 seconds
[2024-11-22T09:03:21.952+0000] {processor.py:153} INFO - Started process (PID=382) to work on /opt/airflow/dags/spotify_recommend_dag.py
[2024-11-22T09:03:21.954+0000] {processor.py:743} INFO - Processing file /opt/airflow/dags/spotify_recommend_dag.py for tasks to queue
[2024-11-22T09:03:21.956+0000] {logging_mixin.py:137} INFO - [2024-11-22T09:03:21.956+0000] {dagbag.py:538} INFO - Filling up the DagBag from /opt/airflow/dags/spotify_recommend_dag.py
[2024-11-22T09:03:21.962+0000] {logging_mixin.py:137} INFO - [2024-11-22T09:03:21.960+0000] {dagbag.py:343} ERROR - Failed to import: /opt/airflow/dags/spotify_recommend_dag.py
Traceback (most recent call last):
  File "/home/airflow/.local/lib/python3.7/site-packages/airflow/models/dagbag.py", line 339, in parse
    loader.exec_module(new_module)
  File "<frozen importlib._bootstrap_external>", line 728, in exec_module
  File "<frozen importlib._bootstrap>", line 219, in _call_with_frames_removed
  File "/opt/airflow/dags/spotify_recommend_dag.py", line 2, in <module>
    import spotipy
ModuleNotFoundError: No module named 'spotipy'
[2024-11-22T09:03:21.963+0000] {processor.py:755} WARNING - No viable dags retrieved from /opt/airflow/dags/spotify_recommend_dag.py
[2024-11-22T09:03:21.983+0000] {processor.py:175} INFO - Processing /opt/airflow/dags/spotify_recommend_dag.py took 0.034 seconds
[2024-11-22T09:03:52.432+0000] {processor.py:153} INFO - Started process (PID=472) to work on /opt/airflow/dags/spotify_recommend_dag.py
[2024-11-22T09:03:52.432+0000] {processor.py:743} INFO - Processing file /opt/airflow/dags/spotify_recommend_dag.py for tasks to queue
[2024-11-22T09:03:52.432+0000] {logging_mixin.py:137} INFO - [2024-11-22T09:03:52.432+0000] {dagbag.py:538} INFO - Filling up the DagBag from /opt/airflow/dags/spotify_recommend_dag.py
[2024-11-22T09:03:52.438+0000] {logging_mixin.py:137} INFO - [2024-11-22T09:03:52.437+0000] {dagbag.py:343} ERROR - Failed to import: /opt/airflow/dags/spotify_recommend_dag.py
Traceback (most recent call last):
  File "/home/airflow/.local/lib/python3.7/site-packages/airflow/models/dagbag.py", line 339, in parse
    loader.exec_module(new_module)
  File "<frozen importlib._bootstrap_external>", line 728, in exec_module
  File "<frozen importlib._bootstrap>", line 219, in _call_with_frames_removed
  File "/opt/airflow/dags/spotify_recommend_dag.py", line 2, in <module>
    import spotipy
ModuleNotFoundError: No module named 'spotipy'
[2024-11-22T09:03:52.438+0000] {processor.py:755} WARNING - No viable dags retrieved from /opt/airflow/dags/spotify_recommend_dag.py
[2024-11-22T09:03:52.451+0000] {processor.py:175} INFO - Processing /opt/airflow/dags/spotify_recommend_dag.py took 0.021 seconds
[2024-11-22T09:04:22.948+0000] {processor.py:153} INFO - Started process (PID=546) to work on /opt/airflow/dags/spotify_recommend_dag.py
[2024-11-22T09:04:22.949+0000] {processor.py:743} INFO - Processing file /opt/airflow/dags/spotify_recommend_dag.py for tasks to queue
[2024-11-22T09:04:22.950+0000] {logging_mixin.py:137} INFO - [2024-11-22T09:04:22.950+0000] {dagbag.py:538} INFO - Filling up the DagBag from /opt/airflow/dags/spotify_recommend_dag.py
[2024-11-22T09:04:22.959+0000] {logging_mixin.py:137} INFO - [2024-11-22T09:04:22.956+0000] {dagbag.py:343} ERROR - Failed to import: /opt/airflow/dags/spotify_recommend_dag.py
Traceback (most recent call last):
  File "/home/airflow/.local/lib/python3.7/site-packages/airflow/models/dagbag.py", line 339, in parse
    loader.exec_module(new_module)
  File "<frozen importlib._bootstrap_external>", line 728, in exec_module
  File "<frozen importlib._bootstrap>", line 219, in _call_with_frames_removed
  File "/opt/airflow/dags/spotify_recommend_dag.py", line 2, in <module>
    import spotipy
ModuleNotFoundError: No module named 'spotipy'
[2024-11-22T09:04:22.960+0000] {processor.py:755} WARNING - No viable dags retrieved from /opt/airflow/dags/spotify_recommend_dag.py
[2024-11-22T09:04:22.991+0000] {processor.py:175} INFO - Processing /opt/airflow/dags/spotify_recommend_dag.py took 0.046 seconds
[2024-11-22T09:04:53.707+0000] {processor.py:153} INFO - Started process (PID=635) to work on /opt/airflow/dags/spotify_recommend_dag.py
[2024-11-22T09:04:53.709+0000] {processor.py:743} INFO - Processing file /opt/airflow/dags/spotify_recommend_dag.py for tasks to queue
[2024-11-22T09:04:53.710+0000] {logging_mixin.py:137} INFO - [2024-11-22T09:04:53.710+0000] {dagbag.py:538} INFO - Filling up the DagBag from /opt/airflow/dags/spotify_recommend_dag.py
[2024-11-22T09:04:53.716+0000] {logging_mixin.py:137} INFO - [2024-11-22T09:04:53.714+0000] {dagbag.py:343} ERROR - Failed to import: /opt/airflow/dags/spotify_recommend_dag.py
Traceback (most recent call last):
  File "/home/airflow/.local/lib/python3.7/site-packages/airflow/models/dagbag.py", line 339, in parse
    loader.exec_module(new_module)
  File "<frozen importlib._bootstrap_external>", line 728, in exec_module
  File "<frozen importlib._bootstrap>", line 219, in _call_with_frames_removed
  File "/opt/airflow/dags/spotify_recommend_dag.py", line 2, in <module>
    import spotipy
ModuleNotFoundError: No module named 'spotipy'
[2024-11-22T09:04:53.717+0000] {processor.py:755} WARNING - No viable dags retrieved from /opt/airflow/dags/spotify_recommend_dag.py
[2024-11-22T09:04:53.739+0000] {processor.py:175} INFO - Processing /opt/airflow/dags/spotify_recommend_dag.py took 0.035 seconds
[2024-11-22T09:05:24.391+0000] {processor.py:153} INFO - Started process (PID=725) to work on /opt/airflow/dags/spotify_recommend_dag.py
[2024-11-22T09:05:24.392+0000] {processor.py:743} INFO - Processing file /opt/airflow/dags/spotify_recommend_dag.py for tasks to queue
[2024-11-22T09:05:24.395+0000] {logging_mixin.py:137} INFO - [2024-11-22T09:05:24.395+0000] {dagbag.py:538} INFO - Filling up the DagBag from /opt/airflow/dags/spotify_recommend_dag.py
[2024-11-22T09:05:24.402+0000] {logging_mixin.py:137} INFO - [2024-11-22T09:05:24.401+0000] {dagbag.py:343} ERROR - Failed to import: /opt/airflow/dags/spotify_recommend_dag.py
Traceback (most recent call last):
  File "/home/airflow/.local/lib/python3.7/site-packages/airflow/models/dagbag.py", line 339, in parse
    loader.exec_module(new_module)
  File "<frozen importlib._bootstrap_external>", line 728, in exec_module
  File "<frozen importlib._bootstrap>", line 219, in _call_with_frames_removed
  File "/opt/airflow/dags/spotify_recommend_dag.py", line 2, in <module>
    import spotipy
ModuleNotFoundError: No module named 'spotipy'
[2024-11-22T09:05:24.403+0000] {processor.py:755} WARNING - No viable dags retrieved from /opt/airflow/dags/spotify_recommend_dag.py
[2024-11-22T09:05:24.431+0000] {processor.py:175} INFO - Processing /opt/airflow/dags/spotify_recommend_dag.py took 0.043 seconds
[2024-11-22T09:05:55.268+0000] {processor.py:153} INFO - Started process (PID=799) to work on /opt/airflow/dags/spotify_recommend_dag.py
[2024-11-22T09:05:55.269+0000] {processor.py:743} INFO - Processing file /opt/airflow/dags/spotify_recommend_dag.py for tasks to queue
[2024-11-22T09:05:55.275+0000] {logging_mixin.py:137} INFO - [2024-11-22T09:05:55.271+0000] {dagbag.py:538} INFO - Filling up the DagBag from /opt/airflow/dags/spotify_recommend_dag.py
[2024-11-22T09:05:55.288+0000] {logging_mixin.py:137} INFO - [2024-11-22T09:05:55.283+0000] {dagbag.py:343} ERROR - Failed to import: /opt/airflow/dags/spotify_recommend_dag.py
Traceback (most recent call last):
  File "/home/airflow/.local/lib/python3.7/site-packages/airflow/models/dagbag.py", line 339, in parse
    loader.exec_module(new_module)
  File "<frozen importlib._bootstrap_external>", line 728, in exec_module
  File "<frozen importlib._bootstrap>", line 219, in _call_with_frames_removed
  File "/opt/airflow/dags/spotify_recommend_dag.py", line 2, in <module>
    import spotipy
ModuleNotFoundError: No module named 'spotipy'
[2024-11-22T09:05:55.288+0000] {processor.py:755} WARNING - No viable dags retrieved from /opt/airflow/dags/spotify_recommend_dag.py
[2024-11-22T09:05:55.324+0000] {processor.py:175} INFO - Processing /opt/airflow/dags/spotify_recommend_dag.py took 0.061 seconds
[2024-11-22T09:06:25.735+0000] {processor.py:153} INFO - Started process (PID=889) to work on /opt/airflow/dags/spotify_recommend_dag.py
[2024-11-22T09:06:25.736+0000] {processor.py:743} INFO - Processing file /opt/airflow/dags/spotify_recommend_dag.py for tasks to queue
[2024-11-22T09:06:25.736+0000] {logging_mixin.py:137} INFO - [2024-11-22T09:06:25.736+0000] {dagbag.py:538} INFO - Filling up the DagBag from /opt/airflow/dags/spotify_recommend_dag.py
[2024-11-22T09:06:25.743+0000] {logging_mixin.py:137} INFO - [2024-11-22T09:06:25.741+0000] {dagbag.py:343} ERROR - Failed to import: /opt/airflow/dags/spotify_recommend_dag.py
Traceback (most recent call last):
  File "/home/airflow/.local/lib/python3.7/site-packages/airflow/models/dagbag.py", line 339, in parse
    loader.exec_module(new_module)
  File "<frozen importlib._bootstrap_external>", line 728, in exec_module
  File "<frozen importlib._bootstrap>", line 219, in _call_with_frames_removed
  File "/opt/airflow/dags/spotify_recommend_dag.py", line 2, in <module>
    import spotipy
ModuleNotFoundError: No module named 'spotipy'
[2024-11-22T09:06:25.744+0000] {processor.py:755} WARNING - No viable dags retrieved from /opt/airflow/dags/spotify_recommend_dag.py
[2024-11-22T09:06:25.760+0000] {processor.py:175} INFO - Processing /opt/airflow/dags/spotify_recommend_dag.py took 0.030 seconds
[2024-11-22T09:06:56.460+0000] {processor.py:153} INFO - Started process (PID=979) to work on /opt/airflow/dags/spotify_recommend_dag.py
[2024-11-22T09:06:56.462+0000] {processor.py:743} INFO - Processing file /opt/airflow/dags/spotify_recommend_dag.py for tasks to queue
[2024-11-22T09:06:56.464+0000] {logging_mixin.py:137} INFO - [2024-11-22T09:06:56.464+0000] {dagbag.py:538} INFO - Filling up the DagBag from /opt/airflow/dags/spotify_recommend_dag.py
[2024-11-22T09:06:56.473+0000] {logging_mixin.py:137} INFO - [2024-11-22T09:06:56.472+0000] {dagbag.py:343} ERROR - Failed to import: /opt/airflow/dags/spotify_recommend_dag.py
Traceback (most recent call last):
  File "/home/airflow/.local/lib/python3.7/site-packages/airflow/models/dagbag.py", line 339, in parse
    loader.exec_module(new_module)
  File "<frozen importlib._bootstrap_external>", line 728, in exec_module
  File "<frozen importlib._bootstrap>", line 219, in _call_with_frames_removed
  File "/opt/airflow/dags/spotify_recommend_dag.py", line 2, in <module>
    import spotipy
ModuleNotFoundError: No module named 'spotipy'
[2024-11-22T09:06:56.473+0000] {processor.py:755} WARNING - No viable dags retrieved from /opt/airflow/dags/spotify_recommend_dag.py
[2024-11-22T09:06:56.497+0000] {processor.py:175} INFO - Processing /opt/airflow/dags/spotify_recommend_dag.py took 0.040 seconds
[2024-11-22T09:07:27.190+0000] {processor.py:153} INFO - Started process (PID=1069) to work on /opt/airflow/dags/spotify_recommend_dag.py
[2024-11-22T09:07:27.193+0000] {processor.py:743} INFO - Processing file /opt/airflow/dags/spotify_recommend_dag.py for tasks to queue
[2024-11-22T09:07:27.194+0000] {logging_mixin.py:137} INFO - [2024-11-22T09:07:27.193+0000] {dagbag.py:538} INFO - Filling up the DagBag from /opt/airflow/dags/spotify_recommend_dag.py
[2024-11-22T09:07:27.206+0000] {logging_mixin.py:137} INFO - [2024-11-22T09:07:27.204+0000] {dagbag.py:343} ERROR - Failed to import: /opt/airflow/dags/spotify_recommend_dag.py
Traceback (most recent call last):
  File "/home/airflow/.local/lib/python3.7/site-packages/airflow/models/dagbag.py", line 339, in parse
    loader.exec_module(new_module)
  File "<frozen importlib._bootstrap_external>", line 728, in exec_module
  File "<frozen importlib._bootstrap>", line 219, in _call_with_frames_removed
  File "/opt/airflow/dags/spotify_recommend_dag.py", line 2, in <module>
    import spotipy
ModuleNotFoundError: No module named 'spotipy'
[2024-11-22T09:07:27.207+0000] {processor.py:755} WARNING - No viable dags retrieved from /opt/airflow/dags/spotify_recommend_dag.py
[2024-11-22T09:07:27.273+0000] {processor.py:175} INFO - Processing /opt/airflow/dags/spotify_recommend_dag.py took 0.087 seconds
[2024-11-22T09:07:58.171+0000] {processor.py:153} INFO - Started process (PID=1143) to work on /opt/airflow/dags/spotify_recommend_dag.py
[2024-11-22T09:07:58.172+0000] {processor.py:743} INFO - Processing file /opt/airflow/dags/spotify_recommend_dag.py for tasks to queue
[2024-11-22T09:07:58.173+0000] {logging_mixin.py:137} INFO - [2024-11-22T09:07:58.173+0000] {dagbag.py:538} INFO - Filling up the DagBag from /opt/airflow/dags/spotify_recommend_dag.py
[2024-11-22T09:07:58.179+0000] {logging_mixin.py:137} INFO - [2024-11-22T09:07:58.177+0000] {dagbag.py:343} ERROR - Failed to import: /opt/airflow/dags/spotify_recommend_dag.py
Traceback (most recent call last):
  File "/home/airflow/.local/lib/python3.7/site-packages/airflow/models/dagbag.py", line 339, in parse
    loader.exec_module(new_module)
  File "<frozen importlib._bootstrap_external>", line 728, in exec_module
  File "<frozen importlib._bootstrap>", line 219, in _call_with_frames_removed
  File "/opt/airflow/dags/spotify_recommend_dag.py", line 2, in <module>
    import spotipy
ModuleNotFoundError: No module named 'spotipy'
[2024-11-22T09:07:58.179+0000] {processor.py:755} WARNING - No viable dags retrieved from /opt/airflow/dags/spotify_recommend_dag.py
[2024-11-22T09:07:58.200+0000] {processor.py:175} INFO - Processing /opt/airflow/dags/spotify_recommend_dag.py took 0.032 seconds
[2024-11-22T09:08:29.029+0000] {processor.py:153} INFO - Started process (PID=1232) to work on /opt/airflow/dags/spotify_recommend_dag.py
[2024-11-22T09:08:29.030+0000] {processor.py:743} INFO - Processing file /opt/airflow/dags/spotify_recommend_dag.py for tasks to queue
[2024-11-22T09:08:29.031+0000] {logging_mixin.py:137} INFO - [2024-11-22T09:08:29.031+0000] {dagbag.py:538} INFO - Filling up the DagBag from /opt/airflow/dags/spotify_recommend_dag.py
[2024-11-22T09:08:29.036+0000] {logging_mixin.py:137} INFO - [2024-11-22T09:08:29.035+0000] {dagbag.py:343} ERROR - Failed to import: /opt/airflow/dags/spotify_recommend_dag.py
Traceback (most recent call last):
  File "/home/airflow/.local/lib/python3.7/site-packages/airflow/models/dagbag.py", line 339, in parse
    loader.exec_module(new_module)
  File "<frozen importlib._bootstrap_external>", line 728, in exec_module
  File "<frozen importlib._bootstrap>", line 219, in _call_with_frames_removed
  File "/opt/airflow/dags/spotify_recommend_dag.py", line 2, in <module>
    import spotipy
ModuleNotFoundError: No module named 'spotipy'
[2024-11-22T09:08:29.036+0000] {processor.py:755} WARNING - No viable dags retrieved from /opt/airflow/dags/spotify_recommend_dag.py
[2024-11-22T09:08:29.054+0000] {processor.py:175} INFO - Processing /opt/airflow/dags/spotify_recommend_dag.py took 0.033 seconds
[2024-11-22T09:09:00.025+0000] {processor.py:153} INFO - Started process (PID=1321) to work on /opt/airflow/dags/spotify_recommend_dag.py
[2024-11-22T09:09:00.026+0000] {processor.py:743} INFO - Processing file /opt/airflow/dags/spotify_recommend_dag.py for tasks to queue
[2024-11-22T09:09:00.027+0000] {logging_mixin.py:137} INFO - [2024-11-22T09:09:00.027+0000] {dagbag.py:538} INFO - Filling up the DagBag from /opt/airflow/dags/spotify_recommend_dag.py
[2024-11-22T09:09:00.033+0000] {logging_mixin.py:137} INFO - [2024-11-22T09:09:00.032+0000] {dagbag.py:343} ERROR - Failed to import: /opt/airflow/dags/spotify_recommend_dag.py
Traceback (most recent call last):
  File "/home/airflow/.local/lib/python3.7/site-packages/airflow/models/dagbag.py", line 339, in parse
    loader.exec_module(new_module)
  File "<frozen importlib._bootstrap_external>", line 728, in exec_module
  File "<frozen importlib._bootstrap>", line 219, in _call_with_frames_removed
  File "/opt/airflow/dags/spotify_recommend_dag.py", line 2, in <module>
    import spotipy
ModuleNotFoundError: No module named 'spotipy'
[2024-11-22T09:09:00.034+0000] {processor.py:755} WARNING - No viable dags retrieved from /opt/airflow/dags/spotify_recommend_dag.py
[2024-11-22T09:09:00.058+0000] {processor.py:175} INFO - Processing /opt/airflow/dags/spotify_recommend_dag.py took 0.037 seconds
[2024-11-22T09:09:30.803+0000] {processor.py:153} INFO - Started process (PID=1404) to work on /opt/airflow/dags/spotify_recommend_dag.py
[2024-11-22T09:09:30.805+0000] {processor.py:743} INFO - Processing file /opt/airflow/dags/spotify_recommend_dag.py for tasks to queue
[2024-11-22T09:09:30.806+0000] {logging_mixin.py:137} INFO - [2024-11-22T09:09:30.806+0000] {dagbag.py:538} INFO - Filling up the DagBag from /opt/airflow/dags/spotify_recommend_dag.py
[2024-11-22T09:09:30.813+0000] {logging_mixin.py:137} INFO - [2024-11-22T09:09:30.811+0000] {dagbag.py:343} ERROR - Failed to import: /opt/airflow/dags/spotify_recommend_dag.py
Traceback (most recent call last):
  File "/home/airflow/.local/lib/python3.7/site-packages/airflow/models/dagbag.py", line 339, in parse
    loader.exec_module(new_module)
  File "<frozen importlib._bootstrap_external>", line 728, in exec_module
  File "<frozen importlib._bootstrap>", line 219, in _call_with_frames_removed
  File "/opt/airflow/dags/spotify_recommend_dag.py", line 2, in <module>
    import spotipy
ModuleNotFoundError: No module named 'spotipy'
[2024-11-22T09:09:30.815+0000] {processor.py:755} WARNING - No viable dags retrieved from /opt/airflow/dags/spotify_recommend_dag.py
[2024-11-22T09:09:30.830+0000] {processor.py:175} INFO - Processing /opt/airflow/dags/spotify_recommend_dag.py took 0.033 seconds
