[2024-11-27T00:47:54.866+0000] {local_task_job_runner.py:123} INFO - ::group::Pre task execution logs
[2024-11-27T00:47:54.875+0000] {taskinstance.py:2613} INFO - Dependencies all met for dep_context=non-requeueable deps ti=<TaskInstance: etl_dag_search_songs.etl_task_tracks manual__2024-11-27T00:47:53.648028+00:00 [queued]>
[2024-11-27T00:47:54.881+0000] {taskinstance.py:2613} INFO - Dependencies all met for dep_context=requeueable deps ti=<TaskInstance: etl_dag_search_songs.etl_task_tracks manual__2024-11-27T00:47:53.648028+00:00 [queued]>
[2024-11-27T00:47:54.881+0000] {taskinstance.py:2866} INFO - Starting attempt 1 of 2
[2024-11-27T00:47:54.889+0000] {taskinstance.py:2889} INFO - Executing <Task(PythonOperator): etl_task_tracks> on 2024-11-27 00:47:53.648028+00:00
[2024-11-27T00:47:54.894+0000] {warnings.py:112} WARNING - /home/***/.local/lib/python3.12/site-packages/***/task/task_runner/standard_task_runner.py:70: DeprecationWarning: This process (pid=435) is multi-threaded, use of fork() may lead to deadlocks in the child.
  pid = os.fork()

[2024-11-27T00:47:54.896+0000] {standard_task_runner.py:72} INFO - Started process 436 to run task
[2024-11-27T00:47:54.895+0000] {standard_task_runner.py:104} INFO - Running: ['***', 'tasks', 'run', 'etl_dag_search_songs', 'etl_task_tracks', 'manual__2024-11-27T00:47:53.648028+00:00', '--job-id', '406', '--raw', '--subdir', 'DAGS_FOLDER/songs_dag.py', '--cfg-path', '/tmp/tmp9sjf2cf4']
[2024-11-27T00:47:54.897+0000] {standard_task_runner.py:105} INFO - Job 406: Subtask etl_task_tracks
[2024-11-27T00:47:55.112+0000] {task_command.py:467} INFO - Running <TaskInstance: etl_dag_search_songs.etl_task_tracks manual__2024-11-27T00:47:53.648028+00:00 [running]> on host 5c426c48ab2b
[2024-11-27T00:47:55.142+0000] {taskinstance.py:3132} INFO - Exporting env vars: AIRFLOW_CTX_DAG_OWNER='***' AIRFLOW_CTX_DAG_ID='etl_dag_search_songs' AIRFLOW_CTX_TASK_ID='etl_task_tracks' AIRFLOW_CTX_EXECUTION_DATE='2024-11-27T00:47:53.648028+00:00' AIRFLOW_CTX_TRY_NUMBER='1' AIRFLOW_CTX_DAG_RUN_ID='manual__2024-11-27T00:47:53.648028+00:00'
[2024-11-27T00:47:55.143+0000] {taskinstance.py:731} INFO - ::endgroup::
[2024-11-27T00:47:56.208+0000] {songs_dag.py:26} INFO - youtube 추천곡 _ 데이터를 성공적으로 가져왔습니다:    no                                        video_title     video_id
0   1                 [MV] N.Flying(엔플라잉) _ Rooftop(옥탑방)  VpaUh_BGqE0
1   2  N.Flying (엔플라잉) - Rooftop (옥탑방) [Music Bank / ...  uDCMN0ow-jw
2   3  N.Flying (엔플라잉) - Rooftop (옥탑방) [Sketchbook / ...  9Q60hvjJwRo
3   4  N.Flying (엔플라잉) - Rooftop (옥탑방) Lyrics [Color ...  3jzBzplq_GI
4   5  N.Flying(엔플라잉) - Rooftop(옥탑방) (Mu...  OhDtERP8M4g
5   6  100초로 듣는 엔플라잉(N.Flying)ㅣ[100sec] 옥탑방, Star, Bl...  vFkmFYcNA2k
6   7  옥탑방(Rooftop)  - N.Flying[뮤직뱅크 Music Bank] 2019...  BMmgR8Da7rM
7   8  옥탑방 (Rooftop) - N.Flying [뮤직뱅크/Music Bank] | K...  LgrZSDho_oE
8   9                   옥탑방 박효신 #옥탑방 #박효신 #구독 #좋아요 #알고리즘  MomsOykvVYc
9  10  뮤직뱅크 Music Bank - 옥탑방(Rooftop)  - N.Flying.201...  EFMQ77QkBqg,    no  ...                                playlist_thumbnail
0   1  ...  https://i.ytimg.com/vi/J_mw4F1dLh4/mqdefault.jpg
1   2  ...  https://i.ytimg.com/vi/mZfdf7rpEWE/mqdefault.jpg
2   3  ...  https://i.ytimg.com/vi/3jzBzplq_GI/mqdefault.jpg
3   4  ...  https://i.ytimg.com/vi/3jzBzplq_GI/mqdefault.jpg
4   5  ...  https://i.ytimg.com/vi/yZMZ6Zfk_A4/mqdefault.jpg
5   6  ...  https://i.ytimg.com/vi/49cyaEDTd5I/mqdefault.jpg
6   7  ...  https://i.ytimg.com/vi/PNfFMvbAiz4/mqdefault.jpg
7   8  ...  https://i.ytimg.com/vi/49cyaEDTd5I/mqdefault.jpg
8   9  ...  https://i.ytimg.com/vi/VpaUh_BGqE0/mqdefault.jpg
9  10  ...  https://i.ytimg.com/vi/pRmAQOOdHlI/mqdefault.jpg

[10 rows x 4 columns]
[2024-11-27T00:47:56.381+0000] {logging_mixin.py:190} INFO - Found track: Rooftop by N.Flying
[2024-11-27T00:47:56.754+0000] {songs_dag.py:31} INFO - spotify 추천곡 _ 데이터를 성공적으로 가져왔습니다: [{'title': 'Yanghwa BRDG', 'link': 'https://open.spotify.com/track/7saJl9V0kRYGWuyeURHYNU', 'cover_image': 'https://i.scdn.co/image/ab67616d0000b273ec2b8fb90b36f0a5f769e05c'}, {'title': 'Snooze', 'link': 'https://open.spotify.com/track/46gDDSAfLO6u6bJZokt5ka', 'cover_image': 'https://i.scdn.co/image/ab67616d0000b2733a99ae7b0fc7843ae5ca2242'}, {'title': "Don't Know You", 'link': 'https://open.spotify.com/track/1Zv6zo71iDXH07Lin7hxMg', 'cover_image': 'https://i.scdn.co/image/ab67616d0000b273053f6d4ad49f49131dbd3bfc'}, {'title': 'Dear my X', 'link': 'https://open.spotify.com/track/0UnOf7i44YK0ULpkEGHe4R', 'cover_image': 'https://i.scdn.co/image/ab67616d0000b2739659451f3c10481af6a4587e'}, {'title': 'Time of Our Life -Japanese ver.- - Japanese ver.', 'link': 'https://open.spotify.com/track/18x0Z8JUwLA2LhgsIHbNy3', 'cover_image': 'https://i.scdn.co/image/ab67616d0000b2732ecc00c9a71f5d72ce87958e'}, {'title': 'All Your Fault (Feat. GRAY)', 'link': 'https://open.spotify.com/track/4PP4siQamrO7i5Me9GOpqQ', 'cover_image': 'https://i.scdn.co/image/ab67616d0000b2739ce63dab4888061990e80f95'}, {'title': 'Love Shhh!', 'link': 'https://open.spotify.com/track/00vy9aiFjxMfnKniQAYzrC', 'cover_image': 'https://i.scdn.co/image/ab67616d0000b273e24e844f2650c498fa703c91'}, {'title': 'Given-Taken', 'link': 'https://open.spotify.com/track/69WpV0U7OMNFGyq8I63dcC', 'cover_image': 'https://i.scdn.co/image/ab67616d0000b2734a6096741dcf413354a59554'}, {'title': 'If I’m S, Can You Be My N?', 'link': 'https://open.spotify.com/track/2y8vRHEoz15sYDmxyrDePO', 'cover_image': 'https://i.scdn.co/image/ab67616d0000b2732e4ddd32aafbc7c986100a3b'}, {'title': 'YOUTH', 'link': 'https://open.spotify.com/track/5R5xBrEc7aPGq4rccqOnWU', 'cover_image': 'https://i.scdn.co/image/ab67616d0000b2738350f1bdb9248e4c942750c9'}]
[2024-11-27T00:47:56.770+0000] {base.py:84} INFO - Retrieving connection 'playlist'
[2024-11-27T00:47:56.925+0000] {songs_dag.py:129} INFO - youtube 검색 _ search_youtube_video 기존 테이블 삭제 중...
[2024-11-27T00:47:56.964+0000] {songs_dag.py:134} INFO - spotify 추천곡 _ 기존 테이블 삭제 중...
[2024-11-27T00:47:56.985+0000] {songs_dag.py:137} INFO - youtube 검색 _ search_youtube_video 새 테이블 생성 중...
[2024-11-27T00:47:57.007+0000] {songs_dag.py:147} INFO - youtube 검색 _ search_youtube_video 새 테이블 생성 완료
[2024-11-27T00:47:57.008+0000] {songs_dag.py:151} INFO - spotify 추천곡 _ 새 테이블 생성 중...
[2024-11-27T00:47:57.031+0000] {songs_dag.py:161} INFO - spotify 추천곡 _ 새 테이블 생성 완료
[2024-11-27T00:47:57.070+0000] {songs_dag.py:47} INFO - youtube 검색 _ 테이블 playlist_schema.search_youtube_video에 데이터 삽입 완료
[2024-11-27T00:47:57.070+0000] {songs_dag.py:165} INFO - youtube 검색 _ search_youtube 데이터가 성공적으로 데이터베이스에 삽입되었습니다.
[2024-11-27T00:47:57.215+0000] {songs_dag.py:174} INFO - spotify 추천곡 _ 데이터가 성공적으로 데이터베이스에 삽입되었습니다.
[2024-11-27T00:47:57.216+0000] {songs_dag.py:58} INFO -  search songs : 데이터를 삭제합니다.
[2024-11-27T00:47:57.250+0000] {songs_dag.py:73} INFO -  search_songs _ 새 테이블 생성 완료
[2024-11-27T00:47:57.281+0000] {songs_dag.py:99} INFO -  search songs : 데이터가 삽입 되었습니다.
[2024-11-27T00:47:57.309+0000] {songs_dag.py:190} INFO - 추천곡 _ 데이터베이스 연결이 종료되었습니다.
[2024-11-27T00:47:57.310+0000] {python.py:240} INFO - Done. Returned value was: None
[2024-11-27T00:47:57.315+0000] {taskinstance.py:340} INFO - ::group::Post task execution logs
[2024-11-27T00:47:57.315+0000] {taskinstance.py:352} INFO - Marking task as SUCCESS. dag_id=etl_dag_search_songs, task_id=etl_task_tracks, run_id=manual__2024-11-27T00:47:53.648028+00:00, execution_date=20241127T004753, start_date=20241127T004754, end_date=20241127T004757
[2024-11-27T00:47:57.348+0000] {local_task_job_runner.py:266} INFO - Task exited with return code 0
[2024-11-27T00:47:57.485+0000] {taskinstance.py:3895} INFO - 0 downstream tasks scheduled from follow-on schedule check
[2024-11-27T00:47:57.486+0000] {local_task_job_runner.py:245} INFO - ::endgroup::
