[2024-11-26T05:08:57.193+0000] {local_task_job_runner.py:123} INFO - ::group::Pre task execution logs
[2024-11-26T05:08:57.200+0000] {taskinstance.py:2613} INFO - Dependencies all met for dep_context=non-requeueable deps ti=<TaskInstance: etl_dag_search_songs.etl_task_tracks manual__2024-11-26T05:08:56.096584+00:00 [queued]>
[2024-11-26T05:08:57.204+0000] {taskinstance.py:2613} INFO - Dependencies all met for dep_context=requeueable deps ti=<TaskInstance: etl_dag_search_songs.etl_task_tracks manual__2024-11-26T05:08:56.096584+00:00 [queued]>
[2024-11-26T05:08:57.204+0000] {taskinstance.py:2866} INFO - Starting attempt 1 of 2
[2024-11-26T05:08:57.209+0000] {taskinstance.py:2889} INFO - Executing <Task(PythonOperator): etl_task_tracks> on 2024-11-26 05:08:56.096584+00:00
[2024-11-26T05:08:57.212+0000] {warnings.py:112} WARNING - /home/***/.local/lib/python3.12/site-packages/***/task/task_runner/standard_task_runner.py:70: DeprecationWarning: This process (pid=884) is multi-threaded, use of fork() may lead to deadlocks in the child.
  pid = os.fork()

[2024-11-26T05:08:57.214+0000] {standard_task_runner.py:72} INFO - Started process 885 to run task
[2024-11-26T05:08:57.213+0000] {standard_task_runner.py:104} INFO - Running: ['***', 'tasks', 'run', 'etl_dag_search_songs', 'etl_task_tracks', 'manual__2024-11-26T05:08:56.096584+00:00', '--job-id', '365', '--raw', '--subdir', 'DAGS_FOLDER/songs_dag.py', '--cfg-path', '/tmp/tmp1fbfq1af']
[2024-11-26T05:08:57.215+0000] {standard_task_runner.py:105} INFO - Job 365: Subtask etl_task_tracks
[2024-11-26T05:08:57.349+0000] {task_command.py:467} INFO - Running <TaskInstance: etl_dag_search_songs.etl_task_tracks manual__2024-11-26T05:08:56.096584+00:00 [running]> on host 5c426c48ab2b
[2024-11-26T05:08:57.376+0000] {taskinstance.py:3132} INFO - Exporting env vars: AIRFLOW_CTX_DAG_OWNER='***' AIRFLOW_CTX_DAG_ID='etl_dag_search_songs' AIRFLOW_CTX_TASK_ID='etl_task_tracks' AIRFLOW_CTX_EXECUTION_DATE='2024-11-26T05:08:56.096584+00:00' AIRFLOW_CTX_TRY_NUMBER='1' AIRFLOW_CTX_DAG_RUN_ID='manual__2024-11-26T05:08:56.096584+00:00'
[2024-11-26T05:08:57.377+0000] {taskinstance.py:731} INFO - ::endgroup::
[2024-11-26T05:08:57.382+0000] {songs_dag.py:221} ERROR - song_title이 conf에서 제공되지 않았습니다.
[2024-11-26T05:08:57.383+0000] {python.py:240} INFO - Done. Returned value was: None
[2024-11-26T05:08:57.386+0000] {taskinstance.py:340} INFO - ::group::Post task execution logs
[2024-11-26T05:08:57.387+0000] {taskinstance.py:352} INFO - Marking task as SUCCESS. dag_id=etl_dag_search_songs, task_id=etl_task_tracks, run_id=manual__2024-11-26T05:08:56.096584+00:00, execution_date=20241126T050856, start_date=20241126T050857, end_date=20241126T050857
[2024-11-26T05:08:57.399+0000] {local_task_job_runner.py:266} INFO - Task exited with return code 0
[2024-11-26T05:08:57.494+0000] {taskinstance.py:3895} INFO - 0 downstream tasks scheduled from follow-on schedule check
[2024-11-26T05:08:57.495+0000] {local_task_job_runner.py:245} INFO - ::endgroup::
