[2024-11-22T09:03:22.095+0000] {processor.py:153} INFO - Started process (PID=387) to work on /home/airflow/.local/lib/python3.7/site-packages/airflow/example_dags/example_subdag_operator.py
[2024-11-22T09:03:22.096+0000] {processor.py:743} INFO - Processing file /home/airflow/.local/lib/python3.7/site-packages/airflow/example_dags/example_subdag_operator.py for tasks to queue
[2024-11-22T09:03:22.097+0000] {logging_mixin.py:137} INFO - [2024-11-22T09:03:22.097+0000] {dagbag.py:538} INFO - Filling up the DagBag from /home/airflow/.local/lib/python3.7/site-packages/airflow/example_dags/example_subdag_operator.py
[2024-11-22T09:03:22.122+0000] {processor.py:753} INFO - DAG(s) dict_keys(['example_subdag_operator.section-1', 'example_subdag_operator.section-2', 'example_subdag_operator']) retrieved from /home/airflow/.local/lib/python3.7/site-packages/airflow/example_dags/example_subdag_operator.py
[2024-11-22T09:03:22.138+0000] {logging_mixin.py:137} INFO - [2024-11-22T09:03:22.138+0000] {dag.py:2690} INFO - Sync 3 DAGs
[2024-11-22T09:03:22.152+0000] {logging_mixin.py:137} INFO - [2024-11-22T09:03:22.152+0000] {dag.py:3441} INFO - Setting next_dagrun for example_subdag_operator to 2022-01-01T00:00:00+00:00, run_after=2022-01-01T00:00:00+00:00
[2024-11-22T09:03:22.154+0000] {logging_mixin.py:137} INFO - [2024-11-22T09:03:22.154+0000] {dag.py:3441} INFO - Setting next_dagrun for example_subdag_operator.section-1 to None, run_after=None
[2024-11-22T09:03:22.155+0000] {logging_mixin.py:137} INFO - [2024-11-22T09:03:22.155+0000] {dag.py:3441} INFO - Setting next_dagrun for example_subdag_operator.section-2 to None, run_after=None
[2024-11-22T09:03:22.158+0000] {logging_mixin.py:137} INFO - [2024-11-22T09:03:22.158+0000] {dag.py:2690} INFO - Sync 2 DAGs
[2024-11-22T09:03:22.161+0000] {logging_mixin.py:137} INFO - [2024-11-22T09:03:22.161+0000] {dag.py:3441} INFO - Setting next_dagrun for example_subdag_operator.section-1 to None, run_after=None
[2024-11-22T09:03:22.161+0000] {logging_mixin.py:137} INFO - [2024-11-22T09:03:22.161+0000] {dag.py:3441} INFO - Setting next_dagrun for example_subdag_operator.section-2 to None, run_after=None
[2024-11-22T09:03:22.170+0000] {processor.py:175} INFO - Processing /home/airflow/.local/lib/python3.7/site-packages/airflow/example_dags/example_subdag_operator.py took 0.076 seconds
[2024-11-22T09:03:52.593+0000] {processor.py:153} INFO - Started process (PID=477) to work on /home/airflow/.local/lib/python3.7/site-packages/airflow/example_dags/example_subdag_operator.py
[2024-11-22T09:03:52.595+0000] {processor.py:743} INFO - Processing file /home/airflow/.local/lib/python3.7/site-packages/airflow/example_dags/example_subdag_operator.py for tasks to queue
[2024-11-22T09:03:52.597+0000] {logging_mixin.py:137} INFO - [2024-11-22T09:03:52.597+0000] {dagbag.py:538} INFO - Filling up the DagBag from /home/airflow/.local/lib/python3.7/site-packages/airflow/example_dags/example_subdag_operator.py
[2024-11-22T09:03:52.617+0000] {processor.py:753} INFO - DAG(s) dict_keys(['example_subdag_operator.section-1', 'example_subdag_operator.section-2', 'example_subdag_operator']) retrieved from /home/airflow/.local/lib/python3.7/site-packages/airflow/example_dags/example_subdag_operator.py
[2024-11-22T09:03:52.629+0000] {logging_mixin.py:137} INFO - [2024-11-22T09:03:52.629+0000] {dag.py:2690} INFO - Sync 3 DAGs
[2024-11-22T09:03:52.645+0000] {logging_mixin.py:137} INFO - [2024-11-22T09:03:52.644+0000] {dag.py:3441} INFO - Setting next_dagrun for example_subdag_operator to 2022-01-01T00:00:00+00:00, run_after=2022-01-01T00:00:00+00:00
[2024-11-22T09:03:52.649+0000] {logging_mixin.py:137} INFO - [2024-11-22T09:03:52.649+0000] {dag.py:3441} INFO - Setting next_dagrun for example_subdag_operator.section-1 to None, run_after=None
[2024-11-22T09:03:52.650+0000] {logging_mixin.py:137} INFO - [2024-11-22T09:03:52.650+0000] {dag.py:3441} INFO - Setting next_dagrun for example_subdag_operator.section-2 to None, run_after=None
[2024-11-22T09:03:52.657+0000] {logging_mixin.py:137} INFO - [2024-11-22T09:03:52.656+0000] {dag.py:2690} INFO - Sync 2 DAGs
[2024-11-22T09:03:52.661+0000] {logging_mixin.py:137} INFO - [2024-11-22T09:03:52.660+0000] {dag.py:3441} INFO - Setting next_dagrun for example_subdag_operator.section-1 to None, run_after=None
[2024-11-22T09:03:52.661+0000] {logging_mixin.py:137} INFO - [2024-11-22T09:03:52.661+0000] {dag.py:3441} INFO - Setting next_dagrun for example_subdag_operator.section-2 to None, run_after=None
[2024-11-22T09:03:52.669+0000] {processor.py:175} INFO - Processing /home/airflow/.local/lib/python3.7/site-packages/airflow/example_dags/example_subdag_operator.py took 0.078 seconds
[2024-11-22T09:04:23.103+0000] {processor.py:153} INFO - Started process (PID=551) to work on /home/airflow/.local/lib/python3.7/site-packages/airflow/example_dags/example_subdag_operator.py
[2024-11-22T09:04:23.105+0000] {processor.py:743} INFO - Processing file /home/airflow/.local/lib/python3.7/site-packages/airflow/example_dags/example_subdag_operator.py for tasks to queue
[2024-11-22T09:04:23.106+0000] {logging_mixin.py:137} INFO - [2024-11-22T09:04:23.106+0000] {dagbag.py:538} INFO - Filling up the DagBag from /home/airflow/.local/lib/python3.7/site-packages/airflow/example_dags/example_subdag_operator.py
[2024-11-22T09:04:23.121+0000] {processor.py:753} INFO - DAG(s) dict_keys(['example_subdag_operator.section-1', 'example_subdag_operator.section-2', 'example_subdag_operator']) retrieved from /home/airflow/.local/lib/python3.7/site-packages/airflow/example_dags/example_subdag_operator.py
[2024-11-22T09:04:23.133+0000] {logging_mixin.py:137} INFO - [2024-11-22T09:04:23.133+0000] {dag.py:2690} INFO - Sync 3 DAGs
[2024-11-22T09:04:23.145+0000] {logging_mixin.py:137} INFO - [2024-11-22T09:04:23.144+0000] {dag.py:3441} INFO - Setting next_dagrun for example_subdag_operator to 2022-01-01T00:00:00+00:00, run_after=2022-01-01T00:00:00+00:00
[2024-11-22T09:04:23.147+0000] {logging_mixin.py:137} INFO - [2024-11-22T09:04:23.147+0000] {dag.py:3441} INFO - Setting next_dagrun for example_subdag_operator.section-1 to None, run_after=None
[2024-11-22T09:04:23.148+0000] {logging_mixin.py:137} INFO - [2024-11-22T09:04:23.148+0000] {dag.py:3441} INFO - Setting next_dagrun for example_subdag_operator.section-2 to None, run_after=None
[2024-11-22T09:04:23.153+0000] {logging_mixin.py:137} INFO - [2024-11-22T09:04:23.153+0000] {dag.py:2690} INFO - Sync 2 DAGs
[2024-11-22T09:04:23.156+0000] {logging_mixin.py:137} INFO - [2024-11-22T09:04:23.156+0000] {dag.py:3441} INFO - Setting next_dagrun for example_subdag_operator.section-1 to None, run_after=None
[2024-11-22T09:04:23.156+0000] {logging_mixin.py:137} INFO - [2024-11-22T09:04:23.156+0000] {dag.py:3441} INFO - Setting next_dagrun for example_subdag_operator.section-2 to None, run_after=None
[2024-11-22T09:04:23.161+0000] {processor.py:175} INFO - Processing /home/airflow/.local/lib/python3.7/site-packages/airflow/example_dags/example_subdag_operator.py took 0.059 seconds
[2024-11-22T09:04:53.866+0000] {processor.py:153} INFO - Started process (PID=640) to work on /home/airflow/.local/lib/python3.7/site-packages/airflow/example_dags/example_subdag_operator.py
[2024-11-22T09:04:53.868+0000] {processor.py:743} INFO - Processing file /home/airflow/.local/lib/python3.7/site-packages/airflow/example_dags/example_subdag_operator.py for tasks to queue
[2024-11-22T09:04:53.870+0000] {logging_mixin.py:137} INFO - [2024-11-22T09:04:53.870+0000] {dagbag.py:538} INFO - Filling up the DagBag from /home/airflow/.local/lib/python3.7/site-packages/airflow/example_dags/example_subdag_operator.py
[2024-11-22T09:04:53.886+0000] {processor.py:753} INFO - DAG(s) dict_keys(['example_subdag_operator.section-1', 'example_subdag_operator.section-2', 'example_subdag_operator']) retrieved from /home/airflow/.local/lib/python3.7/site-packages/airflow/example_dags/example_subdag_operator.py
[2024-11-22T09:04:53.893+0000] {logging_mixin.py:137} INFO - [2024-11-22T09:04:53.893+0000] {dag.py:2690} INFO - Sync 3 DAGs
[2024-11-22T09:04:53.904+0000] {logging_mixin.py:137} INFO - [2024-11-22T09:04:53.904+0000] {dag.py:3441} INFO - Setting next_dagrun for example_subdag_operator to 2022-01-01T00:00:00+00:00, run_after=2022-01-01T00:00:00+00:00
[2024-11-22T09:04:53.906+0000] {logging_mixin.py:137} INFO - [2024-11-22T09:04:53.906+0000] {dag.py:3441} INFO - Setting next_dagrun for example_subdag_operator.section-1 to None, run_after=None
[2024-11-22T09:04:53.908+0000] {logging_mixin.py:137} INFO - [2024-11-22T09:04:53.908+0000] {dag.py:3441} INFO - Setting next_dagrun for example_subdag_operator.section-2 to None, run_after=None
[2024-11-22T09:04:53.912+0000] {logging_mixin.py:137} INFO - [2024-11-22T09:04:53.912+0000] {dag.py:2690} INFO - Sync 2 DAGs
[2024-11-22T09:04:53.914+0000] {logging_mixin.py:137} INFO - [2024-11-22T09:04:53.914+0000] {dag.py:3441} INFO - Setting next_dagrun for example_subdag_operator.section-1 to None, run_after=None
[2024-11-22T09:04:53.915+0000] {logging_mixin.py:137} INFO - [2024-11-22T09:04:53.915+0000] {dag.py:3441} INFO - Setting next_dagrun for example_subdag_operator.section-2 to None, run_after=None
[2024-11-22T09:04:53.920+0000] {processor.py:175} INFO - Processing /home/airflow/.local/lib/python3.7/site-packages/airflow/example_dags/example_subdag_operator.py took 0.056 seconds
[2024-11-22T09:05:24.649+0000] {processor.py:153} INFO - Started process (PID=730) to work on /home/airflow/.local/lib/python3.7/site-packages/airflow/example_dags/example_subdag_operator.py
[2024-11-22T09:05:24.650+0000] {processor.py:743} INFO - Processing file /home/airflow/.local/lib/python3.7/site-packages/airflow/example_dags/example_subdag_operator.py for tasks to queue
[2024-11-22T09:05:24.650+0000] {logging_mixin.py:137} INFO - [2024-11-22T09:05:24.650+0000] {dagbag.py:538} INFO - Filling up the DagBag from /home/airflow/.local/lib/python3.7/site-packages/airflow/example_dags/example_subdag_operator.py
[2024-11-22T09:05:24.672+0000] {processor.py:753} INFO - DAG(s) dict_keys(['example_subdag_operator.section-1', 'example_subdag_operator.section-2', 'example_subdag_operator']) retrieved from /home/airflow/.local/lib/python3.7/site-packages/airflow/example_dags/example_subdag_operator.py
[2024-11-22T09:05:24.682+0000] {logging_mixin.py:137} INFO - [2024-11-22T09:05:24.682+0000] {dag.py:2690} INFO - Sync 3 DAGs
[2024-11-22T09:05:24.695+0000] {logging_mixin.py:137} INFO - [2024-11-22T09:05:24.695+0000] {dag.py:3441} INFO - Setting next_dagrun for example_subdag_operator to 2022-01-01T00:00:00+00:00, run_after=2022-01-01T00:00:00+00:00
[2024-11-22T09:05:24.703+0000] {logging_mixin.py:137} INFO - [2024-11-22T09:05:24.703+0000] {dag.py:3441} INFO - Setting next_dagrun for example_subdag_operator.section-1 to None, run_after=None
[2024-11-22T09:05:24.704+0000] {logging_mixin.py:137} INFO - [2024-11-22T09:05:24.704+0000] {dag.py:3441} INFO - Setting next_dagrun for example_subdag_operator.section-2 to None, run_after=None
[2024-11-22T09:05:24.709+0000] {logging_mixin.py:137} INFO - [2024-11-22T09:05:24.709+0000] {dag.py:2690} INFO - Sync 2 DAGs
[2024-11-22T09:05:24.712+0000] {logging_mixin.py:137} INFO - [2024-11-22T09:05:24.712+0000] {dag.py:3441} INFO - Setting next_dagrun for example_subdag_operator.section-1 to None, run_after=None
[2024-11-22T09:05:24.713+0000] {logging_mixin.py:137} INFO - [2024-11-22T09:05:24.713+0000] {dag.py:3441} INFO - Setting next_dagrun for example_subdag_operator.section-2 to None, run_after=None
[2024-11-22T09:05:24.722+0000] {processor.py:175} INFO - Processing /home/airflow/.local/lib/python3.7/site-packages/airflow/example_dags/example_subdag_operator.py took 0.075 seconds
[2024-11-22T09:05:55.567+0000] {processor.py:153} INFO - Started process (PID=813) to work on /home/airflow/.local/lib/python3.7/site-packages/airflow/example_dags/example_subdag_operator.py
[2024-11-22T09:05:55.568+0000] {processor.py:743} INFO - Processing file /home/airflow/.local/lib/python3.7/site-packages/airflow/example_dags/example_subdag_operator.py for tasks to queue
[2024-11-22T09:05:55.568+0000] {logging_mixin.py:137} INFO - [2024-11-22T09:05:55.568+0000] {dagbag.py:538} INFO - Filling up the DagBag from /home/airflow/.local/lib/python3.7/site-packages/airflow/example_dags/example_subdag_operator.py
[2024-11-22T09:05:55.589+0000] {processor.py:753} INFO - DAG(s) dict_keys(['example_subdag_operator.section-1', 'example_subdag_operator.section-2', 'example_subdag_operator']) retrieved from /home/airflow/.local/lib/python3.7/site-packages/airflow/example_dags/example_subdag_operator.py
[2024-11-22T09:05:55.601+0000] {logging_mixin.py:137} INFO - [2024-11-22T09:05:55.601+0000] {dag.py:2690} INFO - Sync 3 DAGs
[2024-11-22T09:05:55.618+0000] {logging_mixin.py:137} INFO - [2024-11-22T09:05:55.618+0000] {dag.py:3441} INFO - Setting next_dagrun for example_subdag_operator to 2022-01-01T00:00:00+00:00, run_after=2022-01-01T00:00:00+00:00
[2024-11-22T09:05:55.623+0000] {logging_mixin.py:137} INFO - [2024-11-22T09:05:55.623+0000] {dag.py:3441} INFO - Setting next_dagrun for example_subdag_operator.section-1 to None, run_after=None
[2024-11-22T09:05:55.623+0000] {logging_mixin.py:137} INFO - [2024-11-22T09:05:55.623+0000] {dag.py:3441} INFO - Setting next_dagrun for example_subdag_operator.section-2 to None, run_after=None
[2024-11-22T09:05:55.627+0000] {logging_mixin.py:137} INFO - [2024-11-22T09:05:55.627+0000] {dag.py:2690} INFO - Sync 2 DAGs
[2024-11-22T09:05:55.631+0000] {logging_mixin.py:137} INFO - [2024-11-22T09:05:55.631+0000] {dag.py:3441} INFO - Setting next_dagrun for example_subdag_operator.section-1 to None, run_after=None
[2024-11-22T09:05:55.631+0000] {logging_mixin.py:137} INFO - [2024-11-22T09:05:55.631+0000] {dag.py:3441} INFO - Setting next_dagrun for example_subdag_operator.section-2 to None, run_after=None
[2024-11-22T09:05:55.640+0000] {processor.py:175} INFO - Processing /home/airflow/.local/lib/python3.7/site-packages/airflow/example_dags/example_subdag_operator.py took 0.076 seconds
[2024-11-22T09:06:25.868+0000] {processor.py:153} INFO - Started process (PID=894) to work on /home/airflow/.local/lib/python3.7/site-packages/airflow/example_dags/example_subdag_operator.py
[2024-11-22T09:06:25.869+0000] {processor.py:743} INFO - Processing file /home/airflow/.local/lib/python3.7/site-packages/airflow/example_dags/example_subdag_operator.py for tasks to queue
[2024-11-22T09:06:25.869+0000] {logging_mixin.py:137} INFO - [2024-11-22T09:06:25.869+0000] {dagbag.py:538} INFO - Filling up the DagBag from /home/airflow/.local/lib/python3.7/site-packages/airflow/example_dags/example_subdag_operator.py
[2024-11-22T09:06:25.888+0000] {processor.py:753} INFO - DAG(s) dict_keys(['example_subdag_operator.section-1', 'example_subdag_operator.section-2', 'example_subdag_operator']) retrieved from /home/airflow/.local/lib/python3.7/site-packages/airflow/example_dags/example_subdag_operator.py
[2024-11-22T09:06:25.895+0000] {logging_mixin.py:137} INFO - [2024-11-22T09:06:25.895+0000] {dag.py:2690} INFO - Sync 3 DAGs
[2024-11-22T09:06:25.910+0000] {logging_mixin.py:137} INFO - [2024-11-22T09:06:25.910+0000] {dag.py:3441} INFO - Setting next_dagrun for example_subdag_operator to 2022-01-01T00:00:00+00:00, run_after=2022-01-01T00:00:00+00:00
[2024-11-22T09:06:25.912+0000] {logging_mixin.py:137} INFO - [2024-11-22T09:06:25.912+0000] {dag.py:3441} INFO - Setting next_dagrun for example_subdag_operator.section-1 to None, run_after=None
[2024-11-22T09:06:25.913+0000] {logging_mixin.py:137} INFO - [2024-11-22T09:06:25.913+0000] {dag.py:3441} INFO - Setting next_dagrun for example_subdag_operator.section-2 to None, run_after=None
[2024-11-22T09:06:25.918+0000] {logging_mixin.py:137} INFO - [2024-11-22T09:06:25.918+0000] {dag.py:2690} INFO - Sync 2 DAGs
[2024-11-22T09:06:25.921+0000] {logging_mixin.py:137} INFO - [2024-11-22T09:06:25.921+0000] {dag.py:3441} INFO - Setting next_dagrun for example_subdag_operator.section-1 to None, run_after=None
[2024-11-22T09:06:25.923+0000] {logging_mixin.py:137} INFO - [2024-11-22T09:06:25.923+0000] {dag.py:3441} INFO - Setting next_dagrun for example_subdag_operator.section-2 to None, run_after=None
[2024-11-22T09:06:25.927+0000] {processor.py:175} INFO - Processing /home/airflow/.local/lib/python3.7/site-packages/airflow/example_dags/example_subdag_operator.py took 0.061 seconds
[2024-11-22T09:06:56.624+0000] {processor.py:153} INFO - Started process (PID=984) to work on /home/airflow/.local/lib/python3.7/site-packages/airflow/example_dags/example_subdag_operator.py
[2024-11-22T09:06:56.625+0000] {processor.py:743} INFO - Processing file /home/airflow/.local/lib/python3.7/site-packages/airflow/example_dags/example_subdag_operator.py for tasks to queue
[2024-11-22T09:06:56.626+0000] {logging_mixin.py:137} INFO - [2024-11-22T09:06:56.626+0000] {dagbag.py:538} INFO - Filling up the DagBag from /home/airflow/.local/lib/python3.7/site-packages/airflow/example_dags/example_subdag_operator.py
[2024-11-22T09:06:56.651+0000] {processor.py:753} INFO - DAG(s) dict_keys(['example_subdag_operator.section-1', 'example_subdag_operator.section-2', 'example_subdag_operator']) retrieved from /home/airflow/.local/lib/python3.7/site-packages/airflow/example_dags/example_subdag_operator.py
[2024-11-22T09:06:56.662+0000] {logging_mixin.py:137} INFO - [2024-11-22T09:06:56.662+0000] {dag.py:2690} INFO - Sync 3 DAGs
[2024-11-22T09:06:56.678+0000] {logging_mixin.py:137} INFO - [2024-11-22T09:06:56.678+0000] {dag.py:3441} INFO - Setting next_dagrun for example_subdag_operator to 2022-01-01T00:00:00+00:00, run_after=2022-01-01T00:00:00+00:00
[2024-11-22T09:06:56.680+0000] {logging_mixin.py:137} INFO - [2024-11-22T09:06:56.680+0000] {dag.py:3441} INFO - Setting next_dagrun for example_subdag_operator.section-1 to None, run_after=None
[2024-11-22T09:06:56.681+0000] {logging_mixin.py:137} INFO - [2024-11-22T09:06:56.681+0000] {dag.py:3441} INFO - Setting next_dagrun for example_subdag_operator.section-2 to None, run_after=None
[2024-11-22T09:06:56.685+0000] {logging_mixin.py:137} INFO - [2024-11-22T09:06:56.685+0000] {dag.py:2690} INFO - Sync 2 DAGs
[2024-11-22T09:06:56.688+0000] {logging_mixin.py:137} INFO - [2024-11-22T09:06:56.688+0000] {dag.py:3441} INFO - Setting next_dagrun for example_subdag_operator.section-1 to None, run_after=None
[2024-11-22T09:06:56.688+0000] {logging_mixin.py:137} INFO - [2024-11-22T09:06:56.688+0000] {dag.py:3441} INFO - Setting next_dagrun for example_subdag_operator.section-2 to None, run_after=None
[2024-11-22T09:06:56.696+0000] {processor.py:175} INFO - Processing /home/airflow/.local/lib/python3.7/site-packages/airflow/example_dags/example_subdag_operator.py took 0.076 seconds
[2024-11-22T09:07:27.541+0000] {processor.py:153} INFO - Started process (PID=1074) to work on /home/airflow/.local/lib/python3.7/site-packages/airflow/example_dags/example_subdag_operator.py
[2024-11-22T09:07:27.543+0000] {processor.py:743} INFO - Processing file /home/airflow/.local/lib/python3.7/site-packages/airflow/example_dags/example_subdag_operator.py for tasks to queue
[2024-11-22T09:07:27.544+0000] {logging_mixin.py:137} INFO - [2024-11-22T09:07:27.544+0000] {dagbag.py:538} INFO - Filling up the DagBag from /home/airflow/.local/lib/python3.7/site-packages/airflow/example_dags/example_subdag_operator.py
[2024-11-22T09:07:27.589+0000] {processor.py:753} INFO - DAG(s) dict_keys(['example_subdag_operator.section-1', 'example_subdag_operator.section-2', 'example_subdag_operator']) retrieved from /home/airflow/.local/lib/python3.7/site-packages/airflow/example_dags/example_subdag_operator.py
[2024-11-22T09:07:27.625+0000] {logging_mixin.py:137} INFO - [2024-11-22T09:07:27.625+0000] {dag.py:2690} INFO - Sync 3 DAGs
[2024-11-22T09:07:27.644+0000] {logging_mixin.py:137} INFO - [2024-11-22T09:07:27.644+0000] {dag.py:3441} INFO - Setting next_dagrun for example_subdag_operator to 2022-01-01T00:00:00+00:00, run_after=2022-01-01T00:00:00+00:00
[2024-11-22T09:07:27.650+0000] {logging_mixin.py:137} INFO - [2024-11-22T09:07:27.650+0000] {dag.py:3441} INFO - Setting next_dagrun for example_subdag_operator.section-1 to None, run_after=None
[2024-11-22T09:07:27.650+0000] {logging_mixin.py:137} INFO - [2024-11-22T09:07:27.650+0000] {dag.py:3441} INFO - Setting next_dagrun for example_subdag_operator.section-2 to None, run_after=None
[2024-11-22T09:07:27.659+0000] {logging_mixin.py:137} INFO - [2024-11-22T09:07:27.659+0000] {dag.py:2690} INFO - Sync 2 DAGs
[2024-11-22T09:07:27.668+0000] {logging_mixin.py:137} INFO - [2024-11-22T09:07:27.668+0000] {dag.py:3441} INFO - Setting next_dagrun for example_subdag_operator.section-1 to None, run_after=None
[2024-11-22T09:07:27.668+0000] {logging_mixin.py:137} INFO - [2024-11-22T09:07:27.668+0000] {dag.py:3441} INFO - Setting next_dagrun for example_subdag_operator.section-2 to None, run_after=None
[2024-11-22T09:07:27.674+0000] {processor.py:175} INFO - Processing /home/airflow/.local/lib/python3.7/site-packages/airflow/example_dags/example_subdag_operator.py took 0.137 seconds
[2024-11-22T09:07:58.332+0000] {processor.py:153} INFO - Started process (PID=1148) to work on /home/airflow/.local/lib/python3.7/site-packages/airflow/example_dags/example_subdag_operator.py
[2024-11-22T09:07:58.333+0000] {processor.py:743} INFO - Processing file /home/airflow/.local/lib/python3.7/site-packages/airflow/example_dags/example_subdag_operator.py for tasks to queue
[2024-11-22T09:07:58.334+0000] {logging_mixin.py:137} INFO - [2024-11-22T09:07:58.334+0000] {dagbag.py:538} INFO - Filling up the DagBag from /home/airflow/.local/lib/python3.7/site-packages/airflow/example_dags/example_subdag_operator.py
[2024-11-22T09:07:58.362+0000] {processor.py:753} INFO - DAG(s) dict_keys(['example_subdag_operator.section-1', 'example_subdag_operator.section-2', 'example_subdag_operator']) retrieved from /home/airflow/.local/lib/python3.7/site-packages/airflow/example_dags/example_subdag_operator.py
[2024-11-22T09:07:58.380+0000] {logging_mixin.py:137} INFO - [2024-11-22T09:07:58.380+0000] {dag.py:2690} INFO - Sync 3 DAGs
[2024-11-22T09:07:58.394+0000] {logging_mixin.py:137} INFO - [2024-11-22T09:07:58.394+0000] {dag.py:3441} INFO - Setting next_dagrun for example_subdag_operator to 2022-01-01T00:00:00+00:00, run_after=2022-01-01T00:00:00+00:00
[2024-11-22T09:07:58.396+0000] {logging_mixin.py:137} INFO - [2024-11-22T09:07:58.396+0000] {dag.py:3441} INFO - Setting next_dagrun for example_subdag_operator.section-1 to None, run_after=None
[2024-11-22T09:07:58.397+0000] {logging_mixin.py:137} INFO - [2024-11-22T09:07:58.397+0000] {dag.py:3441} INFO - Setting next_dagrun for example_subdag_operator.section-2 to None, run_after=None
[2024-11-22T09:07:58.402+0000] {logging_mixin.py:137} INFO - [2024-11-22T09:07:58.402+0000] {dag.py:2690} INFO - Sync 2 DAGs
[2024-11-22T09:07:58.406+0000] {logging_mixin.py:137} INFO - [2024-11-22T09:07:58.405+0000] {dag.py:3441} INFO - Setting next_dagrun for example_subdag_operator.section-1 to None, run_after=None
[2024-11-22T09:07:58.406+0000] {logging_mixin.py:137} INFO - [2024-11-22T09:07:58.406+0000] {dag.py:3441} INFO - Setting next_dagrun for example_subdag_operator.section-2 to None, run_after=None
[2024-11-22T09:07:58.411+0000] {processor.py:175} INFO - Processing /home/airflow/.local/lib/python3.7/site-packages/airflow/example_dags/example_subdag_operator.py took 0.082 seconds
[2024-11-22T09:08:29.206+0000] {processor.py:153} INFO - Started process (PID=1237) to work on /home/airflow/.local/lib/python3.7/site-packages/airflow/example_dags/example_subdag_operator.py
[2024-11-22T09:08:29.210+0000] {processor.py:743} INFO - Processing file /home/airflow/.local/lib/python3.7/site-packages/airflow/example_dags/example_subdag_operator.py for tasks to queue
[2024-11-22T09:08:29.213+0000] {logging_mixin.py:137} INFO - [2024-11-22T09:08:29.213+0000] {dagbag.py:538} INFO - Filling up the DagBag from /home/airflow/.local/lib/python3.7/site-packages/airflow/example_dags/example_subdag_operator.py
[2024-11-22T09:08:29.348+0000] {processor.py:753} INFO - DAG(s) dict_keys(['example_subdag_operator.section-1', 'example_subdag_operator.section-2', 'example_subdag_operator']) retrieved from /home/airflow/.local/lib/python3.7/site-packages/airflow/example_dags/example_subdag_operator.py
[2024-11-22T09:08:29.371+0000] {logging_mixin.py:137} INFO - [2024-11-22T09:08:29.371+0000] {dag.py:2690} INFO - Sync 3 DAGs
[2024-11-22T09:08:29.384+0000] {logging_mixin.py:137} INFO - [2024-11-22T09:08:29.384+0000] {dag.py:3441} INFO - Setting next_dagrun for example_subdag_operator to 2022-01-01T00:00:00+00:00, run_after=2022-01-01T00:00:00+00:00
[2024-11-22T09:08:29.386+0000] {logging_mixin.py:137} INFO - [2024-11-22T09:08:29.386+0000] {dag.py:3441} INFO - Setting next_dagrun for example_subdag_operator.section-1 to None, run_after=None
[2024-11-22T09:08:29.387+0000] {logging_mixin.py:137} INFO - [2024-11-22T09:08:29.387+0000] {dag.py:3441} INFO - Setting next_dagrun for example_subdag_operator.section-2 to None, run_after=None
[2024-11-22T09:08:29.392+0000] {logging_mixin.py:137} INFO - [2024-11-22T09:08:29.392+0000] {dag.py:2690} INFO - Sync 2 DAGs
[2024-11-22T09:08:29.395+0000] {logging_mixin.py:137} INFO - [2024-11-22T09:08:29.395+0000] {dag.py:3441} INFO - Setting next_dagrun for example_subdag_operator.section-1 to None, run_after=None
[2024-11-22T09:08:29.396+0000] {logging_mixin.py:137} INFO - [2024-11-22T09:08:29.396+0000] {dag.py:3441} INFO - Setting next_dagrun for example_subdag_operator.section-2 to None, run_after=None
[2024-11-22T09:08:29.401+0000] {processor.py:175} INFO - Processing /home/airflow/.local/lib/python3.7/site-packages/airflow/example_dags/example_subdag_operator.py took 0.200 seconds
[2024-11-22T09:09:00.592+0000] {processor.py:153} INFO - Started process (PID=1326) to work on /home/airflow/.local/lib/python3.7/site-packages/airflow/example_dags/example_subdag_operator.py
[2024-11-22T09:09:00.593+0000] {processor.py:743} INFO - Processing file /home/airflow/.local/lib/python3.7/site-packages/airflow/example_dags/example_subdag_operator.py for tasks to queue
[2024-11-22T09:09:00.593+0000] {logging_mixin.py:137} INFO - [2024-11-22T09:09:00.593+0000] {dagbag.py:538} INFO - Filling up the DagBag from /home/airflow/.local/lib/python3.7/site-packages/airflow/example_dags/example_subdag_operator.py
[2024-11-22T09:09:00.630+0000] {processor.py:753} INFO - DAG(s) dict_keys(['example_subdag_operator.section-1', 'example_subdag_operator.section-2', 'example_subdag_operator']) retrieved from /home/airflow/.local/lib/python3.7/site-packages/airflow/example_dags/example_subdag_operator.py
[2024-11-22T09:09:00.681+0000] {logging_mixin.py:137} INFO - [2024-11-22T09:09:00.680+0000] {dag.py:2690} INFO - Sync 3 DAGs
[2024-11-22T09:09:00.706+0000] {logging_mixin.py:137} INFO - [2024-11-22T09:09:00.706+0000] {dag.py:3441} INFO - Setting next_dagrun for example_subdag_operator to 2022-01-01T00:00:00+00:00, run_after=2022-01-01T00:00:00+00:00
[2024-11-22T09:09:00.715+0000] {logging_mixin.py:137} INFO - [2024-11-22T09:09:00.715+0000] {dag.py:3441} INFO - Setting next_dagrun for example_subdag_operator.section-1 to None, run_after=None
[2024-11-22T09:09:00.718+0000] {logging_mixin.py:137} INFO - [2024-11-22T09:09:00.718+0000] {dag.py:3441} INFO - Setting next_dagrun for example_subdag_operator.section-2 to None, run_after=None
[2024-11-22T09:09:00.752+0000] {logging_mixin.py:137} INFO - [2024-11-22T09:09:00.752+0000] {dag.py:2690} INFO - Sync 2 DAGs
[2024-11-22T09:09:00.758+0000] {logging_mixin.py:137} INFO - [2024-11-22T09:09:00.758+0000] {dag.py:3441} INFO - Setting next_dagrun for example_subdag_operator.section-1 to None, run_after=None
[2024-11-22T09:09:00.758+0000] {logging_mixin.py:137} INFO - [2024-11-22T09:09:00.758+0000] {dag.py:3441} INFO - Setting next_dagrun for example_subdag_operator.section-2 to None, run_after=None
[2024-11-22T09:09:00.763+0000] {processor.py:175} INFO - Processing /home/airflow/.local/lib/python3.7/site-packages/airflow/example_dags/example_subdag_operator.py took 0.173 seconds
[2024-11-22T09:09:30.962+0000] {processor.py:153} INFO - Started process (PID=1409) to work on /home/airflow/.local/lib/python3.7/site-packages/airflow/example_dags/example_subdag_operator.py
[2024-11-22T09:09:30.963+0000] {processor.py:743} INFO - Processing file /home/airflow/.local/lib/python3.7/site-packages/airflow/example_dags/example_subdag_operator.py for tasks to queue
[2024-11-22T09:09:30.964+0000] {logging_mixin.py:137} INFO - [2024-11-22T09:09:30.964+0000] {dagbag.py:538} INFO - Filling up the DagBag from /home/airflow/.local/lib/python3.7/site-packages/airflow/example_dags/example_subdag_operator.py
[2024-11-22T09:09:30.994+0000] {processor.py:753} INFO - DAG(s) dict_keys(['example_subdag_operator.section-1', 'example_subdag_operator.section-2', 'example_subdag_operator']) retrieved from /home/airflow/.local/lib/python3.7/site-packages/airflow/example_dags/example_subdag_operator.py
[2024-11-22T09:09:31.007+0000] {logging_mixin.py:137} INFO - [2024-11-22T09:09:31.007+0000] {dag.py:2690} INFO - Sync 3 DAGs
[2024-11-22T09:09:31.020+0000] {logging_mixin.py:137} INFO - [2024-11-22T09:09:31.019+0000] {dag.py:3441} INFO - Setting next_dagrun for example_subdag_operator to 2022-01-01T00:00:00+00:00, run_after=2022-01-01T00:00:00+00:00
[2024-11-22T09:09:31.022+0000] {logging_mixin.py:137} INFO - [2024-11-22T09:09:31.022+0000] {dag.py:3441} INFO - Setting next_dagrun for example_subdag_operator.section-1 to None, run_after=None
[2024-11-22T09:09:31.023+0000] {logging_mixin.py:137} INFO - [2024-11-22T09:09:31.023+0000] {dag.py:3441} INFO - Setting next_dagrun for example_subdag_operator.section-2 to None, run_after=None
[2024-11-22T09:09:31.027+0000] {logging_mixin.py:137} INFO - [2024-11-22T09:09:31.026+0000] {dag.py:2690} INFO - Sync 2 DAGs
[2024-11-22T09:09:31.029+0000] {logging_mixin.py:137} INFO - [2024-11-22T09:09:31.029+0000] {dag.py:3441} INFO - Setting next_dagrun for example_subdag_operator.section-1 to None, run_after=None
[2024-11-22T09:09:31.029+0000] {logging_mixin.py:137} INFO - [2024-11-22T09:09:31.029+0000] {dag.py:3441} INFO - Setting next_dagrun for example_subdag_operator.section-2 to None, run_after=None
[2024-11-22T09:09:31.035+0000] {processor.py:175} INFO - Processing /home/airflow/.local/lib/python3.7/site-packages/airflow/example_dags/example_subdag_operator.py took 0.074 seconds
