[2024-11-22T09:03:22.181+0000] {processor.py:153} INFO - Started process (PID=389) to work on /home/airflow/.local/lib/python3.7/site-packages/airflow/example_dags/example_external_task_marker_dag.py
[2024-11-22T09:03:22.182+0000] {processor.py:743} INFO - Processing file /home/airflow/.local/lib/python3.7/site-packages/airflow/example_dags/example_external_task_marker_dag.py for tasks to queue
[2024-11-22T09:03:22.182+0000] {logging_mixin.py:137} INFO - [2024-11-22T09:03:22.182+0000] {dagbag.py:538} INFO - Filling up the DagBag from /home/airflow/.local/lib/python3.7/site-packages/airflow/example_dags/example_external_task_marker_dag.py
[2024-11-22T09:03:22.191+0000] {processor.py:753} INFO - DAG(s) dict_keys(['example_external_task_marker_parent', 'example_external_task_marker_child']) retrieved from /home/airflow/.local/lib/python3.7/site-packages/airflow/example_dags/example_external_task_marker_dag.py
[2024-11-22T09:03:22.210+0000] {logging_mixin.py:137} INFO - [2024-11-22T09:03:22.210+0000] {dag.py:2690} INFO - Sync 2 DAGs
[2024-11-22T09:03:22.223+0000] {logging_mixin.py:137} INFO - [2024-11-22T09:03:22.223+0000] {dag.py:3441} INFO - Setting next_dagrun for example_external_task_marker_child to None, run_after=None
[2024-11-22T09:03:22.226+0000] {logging_mixin.py:137} INFO - [2024-11-22T09:03:22.226+0000] {dag.py:3441} INFO - Setting next_dagrun for example_external_task_marker_parent to None, run_after=None
[2024-11-22T09:03:22.233+0000] {processor.py:175} INFO - Processing /home/airflow/.local/lib/python3.7/site-packages/airflow/example_dags/example_external_task_marker_dag.py took 0.054 seconds
[2024-11-22T09:03:52.684+0000] {processor.py:153} INFO - Started process (PID=479) to work on /home/airflow/.local/lib/python3.7/site-packages/airflow/example_dags/example_external_task_marker_dag.py
[2024-11-22T09:03:52.686+0000] {processor.py:743} INFO - Processing file /home/airflow/.local/lib/python3.7/site-packages/airflow/example_dags/example_external_task_marker_dag.py for tasks to queue
[2024-11-22T09:03:52.686+0000] {logging_mixin.py:137} INFO - [2024-11-22T09:03:52.686+0000] {dagbag.py:538} INFO - Filling up the DagBag from /home/airflow/.local/lib/python3.7/site-packages/airflow/example_dags/example_external_task_marker_dag.py
[2024-11-22T09:03:52.695+0000] {processor.py:753} INFO - DAG(s) dict_keys(['example_external_task_marker_parent', 'example_external_task_marker_child']) retrieved from /home/airflow/.local/lib/python3.7/site-packages/airflow/example_dags/example_external_task_marker_dag.py
[2024-11-22T09:03:52.714+0000] {logging_mixin.py:137} INFO - [2024-11-22T09:03:52.714+0000] {dag.py:2690} INFO - Sync 2 DAGs
[2024-11-22T09:03:52.725+0000] {logging_mixin.py:137} INFO - [2024-11-22T09:03:52.725+0000] {dag.py:3441} INFO - Setting next_dagrun for example_external_task_marker_child to None, run_after=None
[2024-11-22T09:03:52.727+0000] {logging_mixin.py:137} INFO - [2024-11-22T09:03:52.727+0000] {dag.py:3441} INFO - Setting next_dagrun for example_external_task_marker_parent to None, run_after=None
[2024-11-22T09:03:52.733+0000] {processor.py:175} INFO - Processing /home/airflow/.local/lib/python3.7/site-packages/airflow/example_dags/example_external_task_marker_dag.py took 0.051 seconds
[2024-11-22T09:04:23.176+0000] {processor.py:153} INFO - Started process (PID=553) to work on /home/airflow/.local/lib/python3.7/site-packages/airflow/example_dags/example_external_task_marker_dag.py
[2024-11-22T09:04:23.178+0000] {processor.py:743} INFO - Processing file /home/airflow/.local/lib/python3.7/site-packages/airflow/example_dags/example_external_task_marker_dag.py for tasks to queue
[2024-11-22T09:04:23.180+0000] {logging_mixin.py:137} INFO - [2024-11-22T09:04:23.179+0000] {dagbag.py:538} INFO - Filling up the DagBag from /home/airflow/.local/lib/python3.7/site-packages/airflow/example_dags/example_external_task_marker_dag.py
[2024-11-22T09:04:23.188+0000] {processor.py:753} INFO - DAG(s) dict_keys(['example_external_task_marker_child', 'example_external_task_marker_parent']) retrieved from /home/airflow/.local/lib/python3.7/site-packages/airflow/example_dags/example_external_task_marker_dag.py
[2024-11-22T09:04:23.215+0000] {logging_mixin.py:137} INFO - [2024-11-22T09:04:23.214+0000] {dag.py:2690} INFO - Sync 2 DAGs
[2024-11-22T09:04:23.232+0000] {logging_mixin.py:137} INFO - [2024-11-22T09:04:23.231+0000] {dag.py:3441} INFO - Setting next_dagrun for example_external_task_marker_child to None, run_after=None
[2024-11-22T09:04:23.234+0000] {logging_mixin.py:137} INFO - [2024-11-22T09:04:23.234+0000] {dag.py:3441} INFO - Setting next_dagrun for example_external_task_marker_parent to None, run_after=None
[2024-11-22T09:04:23.245+0000] {processor.py:175} INFO - Processing /home/airflow/.local/lib/python3.7/site-packages/airflow/example_dags/example_external_task_marker_dag.py took 0.070 seconds
[2024-11-22T09:04:53.934+0000] {processor.py:153} INFO - Started process (PID=642) to work on /home/airflow/.local/lib/python3.7/site-packages/airflow/example_dags/example_external_task_marker_dag.py
[2024-11-22T09:04:53.935+0000] {processor.py:743} INFO - Processing file /home/airflow/.local/lib/python3.7/site-packages/airflow/example_dags/example_external_task_marker_dag.py for tasks to queue
[2024-11-22T09:04:53.936+0000] {logging_mixin.py:137} INFO - [2024-11-22T09:04:53.936+0000] {dagbag.py:538} INFO - Filling up the DagBag from /home/airflow/.local/lib/python3.7/site-packages/airflow/example_dags/example_external_task_marker_dag.py
[2024-11-22T09:04:53.942+0000] {processor.py:753} INFO - DAG(s) dict_keys(['example_external_task_marker_parent', 'example_external_task_marker_child']) retrieved from /home/airflow/.local/lib/python3.7/site-packages/airflow/example_dags/example_external_task_marker_dag.py
[2024-11-22T09:04:53.956+0000] {logging_mixin.py:137} INFO - [2024-11-22T09:04:53.956+0000] {dag.py:2690} INFO - Sync 2 DAGs
[2024-11-22T09:04:53.967+0000] {logging_mixin.py:137} INFO - [2024-11-22T09:04:53.967+0000] {dag.py:3441} INFO - Setting next_dagrun for example_external_task_marker_child to None, run_after=None
[2024-11-22T09:04:53.970+0000] {logging_mixin.py:137} INFO - [2024-11-22T09:04:53.970+0000] {dag.py:3441} INFO - Setting next_dagrun for example_external_task_marker_parent to None, run_after=None
[2024-11-22T09:04:53.978+0000] {processor.py:175} INFO - Processing /home/airflow/.local/lib/python3.7/site-packages/airflow/example_dags/example_external_task_marker_dag.py took 0.046 seconds
[2024-11-22T09:05:24.732+0000] {processor.py:153} INFO - Started process (PID=732) to work on /home/airflow/.local/lib/python3.7/site-packages/airflow/example_dags/example_external_task_marker_dag.py
[2024-11-22T09:05:24.732+0000] {processor.py:743} INFO - Processing file /home/airflow/.local/lib/python3.7/site-packages/airflow/example_dags/example_external_task_marker_dag.py for tasks to queue
[2024-11-22T09:05:24.733+0000] {logging_mixin.py:137} INFO - [2024-11-22T09:05:24.733+0000] {dagbag.py:538} INFO - Filling up the DagBag from /home/airflow/.local/lib/python3.7/site-packages/airflow/example_dags/example_external_task_marker_dag.py
[2024-11-22T09:05:24.739+0000] {processor.py:753} INFO - DAG(s) dict_keys(['example_external_task_marker_child', 'example_external_task_marker_parent']) retrieved from /home/airflow/.local/lib/python3.7/site-packages/airflow/example_dags/example_external_task_marker_dag.py
[2024-11-22T09:05:24.753+0000] {logging_mixin.py:137} INFO - [2024-11-22T09:05:24.753+0000] {dag.py:2690} INFO - Sync 2 DAGs
[2024-11-22T09:05:24.763+0000] {logging_mixin.py:137} INFO - [2024-11-22T09:05:24.763+0000] {dag.py:3441} INFO - Setting next_dagrun for example_external_task_marker_child to None, run_after=None
[2024-11-22T09:05:24.765+0000] {logging_mixin.py:137} INFO - [2024-11-22T09:05:24.765+0000] {dag.py:3441} INFO - Setting next_dagrun for example_external_task_marker_parent to None, run_after=None
[2024-11-22T09:05:24.772+0000] {processor.py:175} INFO - Processing /home/airflow/.local/lib/python3.7/site-packages/airflow/example_dags/example_external_task_marker_dag.py took 0.043 seconds
[2024-11-22T09:05:55.653+0000] {processor.py:153} INFO - Started process (PID=815) to work on /home/airflow/.local/lib/python3.7/site-packages/airflow/example_dags/example_external_task_marker_dag.py
[2024-11-22T09:05:55.654+0000] {processor.py:743} INFO - Processing file /home/airflow/.local/lib/python3.7/site-packages/airflow/example_dags/example_external_task_marker_dag.py for tasks to queue
[2024-11-22T09:05:55.654+0000] {logging_mixin.py:137} INFO - [2024-11-22T09:05:55.654+0000] {dagbag.py:538} INFO - Filling up the DagBag from /home/airflow/.local/lib/python3.7/site-packages/airflow/example_dags/example_external_task_marker_dag.py
[2024-11-22T09:05:55.661+0000] {processor.py:753} INFO - DAG(s) dict_keys(['example_external_task_marker_child', 'example_external_task_marker_parent']) retrieved from /home/airflow/.local/lib/python3.7/site-packages/airflow/example_dags/example_external_task_marker_dag.py
[2024-11-22T09:05:55.676+0000] {logging_mixin.py:137} INFO - [2024-11-22T09:05:55.676+0000] {dag.py:2690} INFO - Sync 2 DAGs
[2024-11-22T09:05:55.688+0000] {logging_mixin.py:137} INFO - [2024-11-22T09:05:55.688+0000] {dag.py:3441} INFO - Setting next_dagrun for example_external_task_marker_child to None, run_after=None
[2024-11-22T09:05:55.689+0000] {logging_mixin.py:137} INFO - [2024-11-22T09:05:55.689+0000] {dag.py:3441} INFO - Setting next_dagrun for example_external_task_marker_parent to None, run_after=None
[2024-11-22T09:05:55.696+0000] {processor.py:175} INFO - Processing /home/airflow/.local/lib/python3.7/site-packages/airflow/example_dags/example_external_task_marker_dag.py took 0.044 seconds
[2024-11-22T09:06:25.940+0000] {processor.py:153} INFO - Started process (PID=896) to work on /home/airflow/.local/lib/python3.7/site-packages/airflow/example_dags/example_external_task_marker_dag.py
[2024-11-22T09:06:25.940+0000] {processor.py:743} INFO - Processing file /home/airflow/.local/lib/python3.7/site-packages/airflow/example_dags/example_external_task_marker_dag.py for tasks to queue
[2024-11-22T09:06:25.941+0000] {logging_mixin.py:137} INFO - [2024-11-22T09:06:25.941+0000] {dagbag.py:538} INFO - Filling up the DagBag from /home/airflow/.local/lib/python3.7/site-packages/airflow/example_dags/example_external_task_marker_dag.py
[2024-11-22T09:06:25.948+0000] {processor.py:753} INFO - DAG(s) dict_keys(['example_external_task_marker_child', 'example_external_task_marker_parent']) retrieved from /home/airflow/.local/lib/python3.7/site-packages/airflow/example_dags/example_external_task_marker_dag.py
[2024-11-22T09:06:25.966+0000] {logging_mixin.py:137} INFO - [2024-11-22T09:06:25.966+0000] {dag.py:2690} INFO - Sync 2 DAGs
[2024-11-22T09:06:25.981+0000] {logging_mixin.py:137} INFO - [2024-11-22T09:06:25.981+0000] {dag.py:3441} INFO - Setting next_dagrun for example_external_task_marker_child to None, run_after=None
[2024-11-22T09:06:25.983+0000] {logging_mixin.py:137} INFO - [2024-11-22T09:06:25.983+0000] {dag.py:3441} INFO - Setting next_dagrun for example_external_task_marker_parent to None, run_after=None
[2024-11-22T09:06:25.989+0000] {processor.py:175} INFO - Processing /home/airflow/.local/lib/python3.7/site-packages/airflow/example_dags/example_external_task_marker_dag.py took 0.051 seconds
[2024-11-22T09:06:56.710+0000] {processor.py:153} INFO - Started process (PID=986) to work on /home/airflow/.local/lib/python3.7/site-packages/airflow/example_dags/example_external_task_marker_dag.py
[2024-11-22T09:06:56.711+0000] {processor.py:743} INFO - Processing file /home/airflow/.local/lib/python3.7/site-packages/airflow/example_dags/example_external_task_marker_dag.py for tasks to queue
[2024-11-22T09:06:56.712+0000] {logging_mixin.py:137} INFO - [2024-11-22T09:06:56.712+0000] {dagbag.py:538} INFO - Filling up the DagBag from /home/airflow/.local/lib/python3.7/site-packages/airflow/example_dags/example_external_task_marker_dag.py
[2024-11-22T09:06:56.720+0000] {processor.py:753} INFO - DAG(s) dict_keys(['example_external_task_marker_parent', 'example_external_task_marker_child']) retrieved from /home/airflow/.local/lib/python3.7/site-packages/airflow/example_dags/example_external_task_marker_dag.py
[2024-11-22T09:06:56.741+0000] {logging_mixin.py:137} INFO - [2024-11-22T09:06:56.741+0000] {dag.py:2690} INFO - Sync 2 DAGs
[2024-11-22T09:06:56.757+0000] {logging_mixin.py:137} INFO - [2024-11-22T09:06:56.757+0000] {dag.py:3441} INFO - Setting next_dagrun for example_external_task_marker_child to None, run_after=None
[2024-11-22T09:06:56.760+0000] {logging_mixin.py:137} INFO - [2024-11-22T09:06:56.760+0000] {dag.py:3441} INFO - Setting next_dagrun for example_external_task_marker_parent to None, run_after=None
[2024-11-22T09:06:56.768+0000] {processor.py:175} INFO - Processing /home/airflow/.local/lib/python3.7/site-packages/airflow/example_dags/example_external_task_marker_dag.py took 0.060 seconds
[2024-11-22T09:07:27.693+0000] {processor.py:153} INFO - Started process (PID=1076) to work on /home/airflow/.local/lib/python3.7/site-packages/airflow/example_dags/example_external_task_marker_dag.py
[2024-11-22T09:07:27.693+0000] {processor.py:743} INFO - Processing file /home/airflow/.local/lib/python3.7/site-packages/airflow/example_dags/example_external_task_marker_dag.py for tasks to queue
[2024-11-22T09:07:27.694+0000] {logging_mixin.py:137} INFO - [2024-11-22T09:07:27.694+0000] {dagbag.py:538} INFO - Filling up the DagBag from /home/airflow/.local/lib/python3.7/site-packages/airflow/example_dags/example_external_task_marker_dag.py
[2024-11-22T09:07:27.703+0000] {processor.py:753} INFO - DAG(s) dict_keys(['example_external_task_marker_parent', 'example_external_task_marker_child']) retrieved from /home/airflow/.local/lib/python3.7/site-packages/airflow/example_dags/example_external_task_marker_dag.py
[2024-11-22T09:07:27.721+0000] {logging_mixin.py:137} INFO - [2024-11-22T09:07:27.721+0000] {dag.py:2690} INFO - Sync 2 DAGs
[2024-11-22T09:07:27.733+0000] {logging_mixin.py:137} INFO - [2024-11-22T09:07:27.732+0000] {dag.py:3441} INFO - Setting next_dagrun for example_external_task_marker_child to None, run_after=None
[2024-11-22T09:07:27.734+0000] {logging_mixin.py:137} INFO - [2024-11-22T09:07:27.734+0000] {dag.py:3441} INFO - Setting next_dagrun for example_external_task_marker_parent to None, run_after=None
[2024-11-22T09:07:27.744+0000] {processor.py:175} INFO - Processing /home/airflow/.local/lib/python3.7/site-packages/airflow/example_dags/example_external_task_marker_dag.py took 0.053 seconds
[2024-11-22T09:07:58.427+0000] {processor.py:153} INFO - Started process (PID=1150) to work on /home/airflow/.local/lib/python3.7/site-packages/airflow/example_dags/example_external_task_marker_dag.py
[2024-11-22T09:07:58.428+0000] {processor.py:743} INFO - Processing file /home/airflow/.local/lib/python3.7/site-packages/airflow/example_dags/example_external_task_marker_dag.py for tasks to queue
[2024-11-22T09:07:58.429+0000] {logging_mixin.py:137} INFO - [2024-11-22T09:07:58.428+0000] {dagbag.py:538} INFO - Filling up the DagBag from /home/airflow/.local/lib/python3.7/site-packages/airflow/example_dags/example_external_task_marker_dag.py
[2024-11-22T09:07:58.435+0000] {processor.py:753} INFO - DAG(s) dict_keys(['example_external_task_marker_parent', 'example_external_task_marker_child']) retrieved from /home/airflow/.local/lib/python3.7/site-packages/airflow/example_dags/example_external_task_marker_dag.py
[2024-11-22T09:07:58.450+0000] {logging_mixin.py:137} INFO - [2024-11-22T09:07:58.450+0000] {dag.py:2690} INFO - Sync 2 DAGs
[2024-11-22T09:07:58.467+0000] {logging_mixin.py:137} INFO - [2024-11-22T09:07:58.467+0000] {dag.py:3441} INFO - Setting next_dagrun for example_external_task_marker_child to None, run_after=None
[2024-11-22T09:07:58.470+0000] {logging_mixin.py:137} INFO - [2024-11-22T09:07:58.470+0000] {dag.py:3441} INFO - Setting next_dagrun for example_external_task_marker_parent to None, run_after=None
[2024-11-22T09:07:58.478+0000] {processor.py:175} INFO - Processing /home/airflow/.local/lib/python3.7/site-packages/airflow/example_dags/example_external_task_marker_dag.py took 0.053 seconds
[2024-11-22T09:08:29.415+0000] {processor.py:153} INFO - Started process (PID=1239) to work on /home/airflow/.local/lib/python3.7/site-packages/airflow/example_dags/example_external_task_marker_dag.py
[2024-11-22T09:08:29.417+0000] {processor.py:743} INFO - Processing file /home/airflow/.local/lib/python3.7/site-packages/airflow/example_dags/example_external_task_marker_dag.py for tasks to queue
[2024-11-22T09:08:29.417+0000] {logging_mixin.py:137} INFO - [2024-11-22T09:08:29.417+0000] {dagbag.py:538} INFO - Filling up the DagBag from /home/airflow/.local/lib/python3.7/site-packages/airflow/example_dags/example_external_task_marker_dag.py
[2024-11-22T09:08:29.426+0000] {processor.py:753} INFO - DAG(s) dict_keys(['example_external_task_marker_child', 'example_external_task_marker_parent']) retrieved from /home/airflow/.local/lib/python3.7/site-packages/airflow/example_dags/example_external_task_marker_dag.py
[2024-11-22T09:08:29.439+0000] {logging_mixin.py:137} INFO - [2024-11-22T09:08:29.439+0000] {dag.py:2690} INFO - Sync 2 DAGs
[2024-11-22T09:08:29.454+0000] {logging_mixin.py:137} INFO - [2024-11-22T09:08:29.454+0000] {dag.py:3441} INFO - Setting next_dagrun for example_external_task_marker_child to None, run_after=None
[2024-11-22T09:08:29.457+0000] {logging_mixin.py:137} INFO - [2024-11-22T09:08:29.457+0000] {dag.py:3441} INFO - Setting next_dagrun for example_external_task_marker_parent to None, run_after=None
[2024-11-22T09:08:29.467+0000] {processor.py:175} INFO - Processing /home/airflow/.local/lib/python3.7/site-packages/airflow/example_dags/example_external_task_marker_dag.py took 0.054 seconds
[2024-11-22T09:09:00.766+0000] {processor.py:153} INFO - Started process (PID=1328) to work on /home/airflow/.local/lib/python3.7/site-packages/airflow/example_dags/example_external_task_marker_dag.py
[2024-11-22T09:09:00.767+0000] {processor.py:743} INFO - Processing file /home/airflow/.local/lib/python3.7/site-packages/airflow/example_dags/example_external_task_marker_dag.py for tasks to queue
[2024-11-22T09:09:00.767+0000] {logging_mixin.py:137} INFO - [2024-11-22T09:09:00.767+0000] {dagbag.py:538} INFO - Filling up the DagBag from /home/airflow/.local/lib/python3.7/site-packages/airflow/example_dags/example_external_task_marker_dag.py
[2024-11-22T09:09:00.776+0000] {processor.py:753} INFO - DAG(s) dict_keys(['example_external_task_marker_child', 'example_external_task_marker_parent']) retrieved from /home/airflow/.local/lib/python3.7/site-packages/airflow/example_dags/example_external_task_marker_dag.py
[2024-11-22T09:09:00.807+0000] {logging_mixin.py:137} INFO - [2024-11-22T09:09:00.807+0000] {dag.py:2690} INFO - Sync 2 DAGs
[2024-11-22T09:09:00.821+0000] {logging_mixin.py:137} INFO - [2024-11-22T09:09:00.820+0000] {dag.py:3441} INFO - Setting next_dagrun for example_external_task_marker_child to None, run_after=None
[2024-11-22T09:09:00.823+0000] {logging_mixin.py:137} INFO - [2024-11-22T09:09:00.823+0000] {dag.py:3441} INFO - Setting next_dagrun for example_external_task_marker_parent to None, run_after=None
[2024-11-22T09:09:00.834+0000] {processor.py:175} INFO - Processing /home/airflow/.local/lib/python3.7/site-packages/airflow/example_dags/example_external_task_marker_dag.py took 0.070 seconds
[2024-11-22T09:09:31.053+0000] {processor.py:153} INFO - Started process (PID=1411) to work on /home/airflow/.local/lib/python3.7/site-packages/airflow/example_dags/example_external_task_marker_dag.py
[2024-11-22T09:09:31.058+0000] {processor.py:743} INFO - Processing file /home/airflow/.local/lib/python3.7/site-packages/airflow/example_dags/example_external_task_marker_dag.py for tasks to queue
[2024-11-22T09:09:31.058+0000] {logging_mixin.py:137} INFO - [2024-11-22T09:09:31.058+0000] {dagbag.py:538} INFO - Filling up the DagBag from /home/airflow/.local/lib/python3.7/site-packages/airflow/example_dags/example_external_task_marker_dag.py
[2024-11-22T09:09:31.101+0000] {processor.py:753} INFO - DAG(s) dict_keys(['example_external_task_marker_child', 'example_external_task_marker_parent']) retrieved from /home/airflow/.local/lib/python3.7/site-packages/airflow/example_dags/example_external_task_marker_dag.py
[2024-11-22T09:09:31.157+0000] {logging_mixin.py:137} INFO - [2024-11-22T09:09:31.156+0000] {dag.py:2690} INFO - Sync 2 DAGs
[2024-11-22T09:09:31.171+0000] {logging_mixin.py:137} INFO - [2024-11-22T09:09:31.171+0000] {dag.py:3441} INFO - Setting next_dagrun for example_external_task_marker_child to None, run_after=None
[2024-11-22T09:09:31.173+0000] {logging_mixin.py:137} INFO - [2024-11-22T09:09:31.173+0000] {dag.py:3441} INFO - Setting next_dagrun for example_external_task_marker_parent to None, run_after=None
[2024-11-22T09:09:31.194+0000] {processor.py:175} INFO - Processing /home/airflow/.local/lib/python3.7/site-packages/airflow/example_dags/example_external_task_marker_dag.py took 0.143 seconds
