[2024-11-22T09:03:22.803+0000] {processor.py:153} INFO - Started process (PID=409) to work on /home/airflow/.local/lib/python3.7/site-packages/airflow/example_dags/example_branch_day_of_week_operator.py
[2024-11-22T09:03:22.804+0000] {processor.py:743} INFO - Processing file /home/airflow/.local/lib/python3.7/site-packages/airflow/example_dags/example_branch_day_of_week_operator.py for tasks to queue
[2024-11-22T09:03:22.804+0000] {logging_mixin.py:137} INFO - [2024-11-22T09:03:22.804+0000] {dagbag.py:538} INFO - Filling up the DagBag from /home/airflow/.local/lib/python3.7/site-packages/airflow/example_dags/example_branch_day_of_week_operator.py
[2024-11-22T09:03:22.810+0000] {processor.py:753} INFO - DAG(s) dict_keys(['example_weekday_branch_operator']) retrieved from /home/airflow/.local/lib/python3.7/site-packages/airflow/example_dags/example_branch_day_of_week_operator.py
[2024-11-22T09:03:22.820+0000] {logging_mixin.py:137} INFO - [2024-11-22T09:03:22.820+0000] {dag.py:2690} INFO - Sync 1 DAGs
[2024-11-22T09:03:22.830+0000] {logging_mixin.py:137} INFO - [2024-11-22T09:03:22.830+0000] {dag.py:3441} INFO - Setting next_dagrun for example_weekday_branch_operator to 2024-11-21T00:00:00+00:00, run_after=2024-11-22T00:00:00+00:00
[2024-11-22T09:03:22.836+0000] {processor.py:175} INFO - Processing /home/airflow/.local/lib/python3.7/site-packages/airflow/example_dags/example_branch_day_of_week_operator.py took 0.035 seconds
[2024-11-22T09:03:53.274+0000] {processor.py:153} INFO - Started process (PID=499) to work on /home/airflow/.local/lib/python3.7/site-packages/airflow/example_dags/example_branch_day_of_week_operator.py
[2024-11-22T09:03:53.274+0000] {processor.py:743} INFO - Processing file /home/airflow/.local/lib/python3.7/site-packages/airflow/example_dags/example_branch_day_of_week_operator.py for tasks to queue
[2024-11-22T09:03:53.274+0000] {logging_mixin.py:137} INFO - [2024-11-22T09:03:53.274+0000] {dagbag.py:538} INFO - Filling up the DagBag from /home/airflow/.local/lib/python3.7/site-packages/airflow/example_dags/example_branch_day_of_week_operator.py
[2024-11-22T09:03:53.280+0000] {processor.py:753} INFO - DAG(s) dict_keys(['example_weekday_branch_operator']) retrieved from /home/airflow/.local/lib/python3.7/site-packages/airflow/example_dags/example_branch_day_of_week_operator.py
[2024-11-22T09:03:53.291+0000] {logging_mixin.py:137} INFO - [2024-11-22T09:03:53.290+0000] {dag.py:2690} INFO - Sync 1 DAGs
[2024-11-22T09:03:53.300+0000] {logging_mixin.py:137} INFO - [2024-11-22T09:03:53.300+0000] {dag.py:3441} INFO - Setting next_dagrun for example_weekday_branch_operator to 2024-11-21T00:00:00+00:00, run_after=2024-11-22T00:00:00+00:00
[2024-11-22T09:03:53.306+0000] {processor.py:175} INFO - Processing /home/airflow/.local/lib/python3.7/site-packages/airflow/example_dags/example_branch_day_of_week_operator.py took 0.034 seconds
[2024-11-22T09:04:23.855+0000] {processor.py:153} INFO - Started process (PID=573) to work on /home/airflow/.local/lib/python3.7/site-packages/airflow/example_dags/example_branch_day_of_week_operator.py
[2024-11-22T09:04:23.858+0000] {processor.py:743} INFO - Processing file /home/airflow/.local/lib/python3.7/site-packages/airflow/example_dags/example_branch_day_of_week_operator.py for tasks to queue
[2024-11-22T09:04:23.861+0000] {logging_mixin.py:137} INFO - [2024-11-22T09:04:23.858+0000] {dagbag.py:538} INFO - Filling up the DagBag from /home/airflow/.local/lib/python3.7/site-packages/airflow/example_dags/example_branch_day_of_week_operator.py
[2024-11-22T09:04:23.881+0000] {processor.py:753} INFO - DAG(s) dict_keys(['example_weekday_branch_operator']) retrieved from /home/airflow/.local/lib/python3.7/site-packages/airflow/example_dags/example_branch_day_of_week_operator.py
[2024-11-22T09:04:23.899+0000] {logging_mixin.py:137} INFO - [2024-11-22T09:04:23.899+0000] {dag.py:2690} INFO - Sync 1 DAGs
[2024-11-22T09:04:23.911+0000] {logging_mixin.py:137} INFO - [2024-11-22T09:04:23.911+0000] {dag.py:3441} INFO - Setting next_dagrun for example_weekday_branch_operator to 2024-11-21T00:00:00+00:00, run_after=2024-11-22T00:00:00+00:00
[2024-11-22T09:04:23.919+0000] {processor.py:175} INFO - Processing /home/airflow/.local/lib/python3.7/site-packages/airflow/example_dags/example_branch_day_of_week_operator.py took 0.067 seconds
[2024-11-22T09:04:54.627+0000] {processor.py:153} INFO - Started process (PID=662) to work on /home/airflow/.local/lib/python3.7/site-packages/airflow/example_dags/example_branch_day_of_week_operator.py
[2024-11-22T09:04:54.627+0000] {processor.py:743} INFO - Processing file /home/airflow/.local/lib/python3.7/site-packages/airflow/example_dags/example_branch_day_of_week_operator.py for tasks to queue
[2024-11-22T09:04:54.628+0000] {logging_mixin.py:137} INFO - [2024-11-22T09:04:54.628+0000] {dagbag.py:538} INFO - Filling up the DagBag from /home/airflow/.local/lib/python3.7/site-packages/airflow/example_dags/example_branch_day_of_week_operator.py
[2024-11-22T09:04:54.636+0000] {processor.py:753} INFO - DAG(s) dict_keys(['example_weekday_branch_operator']) retrieved from /home/airflow/.local/lib/python3.7/site-packages/airflow/example_dags/example_branch_day_of_week_operator.py
[2024-11-22T09:04:54.648+0000] {logging_mixin.py:137} INFO - [2024-11-22T09:04:54.647+0000] {dag.py:2690} INFO - Sync 1 DAGs
[2024-11-22T09:04:54.659+0000] {logging_mixin.py:137} INFO - [2024-11-22T09:04:54.659+0000] {dag.py:3441} INFO - Setting next_dagrun for example_weekday_branch_operator to 2024-11-21T00:00:00+00:00, run_after=2024-11-22T00:00:00+00:00
[2024-11-22T09:04:54.668+0000] {processor.py:175} INFO - Processing /home/airflow/.local/lib/python3.7/site-packages/airflow/example_dags/example_branch_day_of_week_operator.py took 0.043 seconds
[2024-11-22T09:05:25.392+0000] {processor.py:153} INFO - Started process (PID=752) to work on /home/airflow/.local/lib/python3.7/site-packages/airflow/example_dags/example_branch_day_of_week_operator.py
[2024-11-22T09:05:25.393+0000] {processor.py:743} INFO - Processing file /home/airflow/.local/lib/python3.7/site-packages/airflow/example_dags/example_branch_day_of_week_operator.py for tasks to queue
[2024-11-22T09:05:25.396+0000] {logging_mixin.py:137} INFO - [2024-11-22T09:05:25.395+0000] {dagbag.py:538} INFO - Filling up the DagBag from /home/airflow/.local/lib/python3.7/site-packages/airflow/example_dags/example_branch_day_of_week_operator.py
[2024-11-22T09:05:25.402+0000] {processor.py:753} INFO - DAG(s) dict_keys(['example_weekday_branch_operator']) retrieved from /home/airflow/.local/lib/python3.7/site-packages/airflow/example_dags/example_branch_day_of_week_operator.py
[2024-11-22T09:05:25.416+0000] {logging_mixin.py:137} INFO - [2024-11-22T09:05:25.416+0000] {dag.py:2690} INFO - Sync 1 DAGs
[2024-11-22T09:05:25.427+0000] {logging_mixin.py:137} INFO - [2024-11-22T09:05:25.427+0000] {dag.py:3441} INFO - Setting next_dagrun for example_weekday_branch_operator to 2024-11-21T00:00:00+00:00, run_after=2024-11-22T00:00:00+00:00
[2024-11-22T09:05:25.434+0000] {processor.py:175} INFO - Processing /home/airflow/.local/lib/python3.7/site-packages/airflow/example_dags/example_branch_day_of_week_operator.py took 0.043 seconds
[2024-11-22T09:05:56.767+0000] {processor.py:153} INFO - Started process (PID=842) to work on /home/airflow/.local/lib/python3.7/site-packages/airflow/example_dags/example_branch_day_of_week_operator.py
[2024-11-22T09:05:56.768+0000] {processor.py:743} INFO - Processing file /home/airflow/.local/lib/python3.7/site-packages/airflow/example_dags/example_branch_day_of_week_operator.py for tasks to queue
[2024-11-22T09:05:56.769+0000] {logging_mixin.py:137} INFO - [2024-11-22T09:05:56.769+0000] {dagbag.py:538} INFO - Filling up the DagBag from /home/airflow/.local/lib/python3.7/site-packages/airflow/example_dags/example_branch_day_of_week_operator.py
[2024-11-22T09:05:56.779+0000] {processor.py:753} INFO - DAG(s) dict_keys(['example_weekday_branch_operator']) retrieved from /home/airflow/.local/lib/python3.7/site-packages/airflow/example_dags/example_branch_day_of_week_operator.py
[2024-11-22T09:05:56.795+0000] {logging_mixin.py:137} INFO - [2024-11-22T09:05:56.795+0000] {dag.py:2690} INFO - Sync 1 DAGs
[2024-11-22T09:05:56.814+0000] {logging_mixin.py:137} INFO - [2024-11-22T09:05:56.813+0000] {dag.py:3441} INFO - Setting next_dagrun for example_weekday_branch_operator to 2024-11-21T00:00:00+00:00, run_after=2024-11-22T00:00:00+00:00
[2024-11-22T09:05:56.833+0000] {processor.py:175} INFO - Processing /home/airflow/.local/lib/python3.7/site-packages/airflow/example_dags/example_branch_day_of_week_operator.py took 0.068 seconds
[2024-11-22T09:06:27.665+0000] {processor.py:153} INFO - Started process (PID=916) to work on /home/airflow/.local/lib/python3.7/site-packages/airflow/example_dags/example_branch_day_of_week_operator.py
[2024-11-22T09:06:27.668+0000] {processor.py:743} INFO - Processing file /home/airflow/.local/lib/python3.7/site-packages/airflow/example_dags/example_branch_day_of_week_operator.py for tasks to queue
[2024-11-22T09:06:27.668+0000] {logging_mixin.py:137} INFO - [2024-11-22T09:06:27.668+0000] {dagbag.py:538} INFO - Filling up the DagBag from /home/airflow/.local/lib/python3.7/site-packages/airflow/example_dags/example_branch_day_of_week_operator.py
[2024-11-22T09:06:27.677+0000] {processor.py:753} INFO - DAG(s) dict_keys(['example_weekday_branch_operator']) retrieved from /home/airflow/.local/lib/python3.7/site-packages/airflow/example_dags/example_branch_day_of_week_operator.py
[2024-11-22T09:06:27.697+0000] {logging_mixin.py:137} INFO - [2024-11-22T09:06:27.697+0000] {dag.py:2690} INFO - Sync 1 DAGs
[2024-11-22T09:06:27.713+0000] {logging_mixin.py:137} INFO - [2024-11-22T09:06:27.713+0000] {dag.py:3441} INFO - Setting next_dagrun for example_weekday_branch_operator to 2024-11-21T00:00:00+00:00, run_after=2024-11-22T00:00:00+00:00
[2024-11-22T09:06:27.721+0000] {processor.py:175} INFO - Processing /home/airflow/.local/lib/python3.7/site-packages/airflow/example_dags/example_branch_day_of_week_operator.py took 0.057 seconds
[2024-11-22T09:06:58.418+0000] {processor.py:153} INFO - Started process (PID=1006) to work on /home/airflow/.local/lib/python3.7/site-packages/airflow/example_dags/example_branch_day_of_week_operator.py
[2024-11-22T09:06:58.423+0000] {processor.py:743} INFO - Processing file /home/airflow/.local/lib/python3.7/site-packages/airflow/example_dags/example_branch_day_of_week_operator.py for tasks to queue
[2024-11-22T09:06:58.423+0000] {logging_mixin.py:137} INFO - [2024-11-22T09:06:58.423+0000] {dagbag.py:538} INFO - Filling up the DagBag from /home/airflow/.local/lib/python3.7/site-packages/airflow/example_dags/example_branch_day_of_week_operator.py
[2024-11-22T09:06:58.430+0000] {processor.py:753} INFO - DAG(s) dict_keys(['example_weekday_branch_operator']) retrieved from /home/airflow/.local/lib/python3.7/site-packages/airflow/example_dags/example_branch_day_of_week_operator.py
[2024-11-22T09:06:58.445+0000] {logging_mixin.py:137} INFO - [2024-11-22T09:06:58.445+0000] {dag.py:2690} INFO - Sync 1 DAGs
[2024-11-22T09:06:58.458+0000] {logging_mixin.py:137} INFO - [2024-11-22T09:06:58.458+0000] {dag.py:3441} INFO - Setting next_dagrun for example_weekday_branch_operator to 2024-11-21T00:00:00+00:00, run_after=2024-11-22T00:00:00+00:00
[2024-11-22T09:06:58.470+0000] {processor.py:175} INFO - Processing /home/airflow/.local/lib/python3.7/site-packages/airflow/example_dags/example_branch_day_of_week_operator.py took 0.054 seconds
[2024-11-22T09:07:29.407+0000] {processor.py:153} INFO - Started process (PID=1096) to work on /home/airflow/.local/lib/python3.7/site-packages/airflow/example_dags/example_branch_day_of_week_operator.py
[2024-11-22T09:07:29.407+0000] {processor.py:743} INFO - Processing file /home/airflow/.local/lib/python3.7/site-packages/airflow/example_dags/example_branch_day_of_week_operator.py for tasks to queue
[2024-11-22T09:07:29.408+0000] {logging_mixin.py:137} INFO - [2024-11-22T09:07:29.408+0000] {dagbag.py:538} INFO - Filling up the DagBag from /home/airflow/.local/lib/python3.7/site-packages/airflow/example_dags/example_branch_day_of_week_operator.py
[2024-11-22T09:07:29.415+0000] {processor.py:753} INFO - DAG(s) dict_keys(['example_weekday_branch_operator']) retrieved from /home/airflow/.local/lib/python3.7/site-packages/airflow/example_dags/example_branch_day_of_week_operator.py
[2024-11-22T09:07:29.427+0000] {logging_mixin.py:137} INFO - [2024-11-22T09:07:29.427+0000] {dag.py:2690} INFO - Sync 1 DAGs
[2024-11-22T09:07:29.439+0000] {logging_mixin.py:137} INFO - [2024-11-22T09:07:29.439+0000] {dag.py:3441} INFO - Setting next_dagrun for example_weekday_branch_operator to 2024-11-21T00:00:00+00:00, run_after=2024-11-22T00:00:00+00:00
[2024-11-22T09:07:29.446+0000] {processor.py:175} INFO - Processing /home/airflow/.local/lib/python3.7/site-packages/airflow/example_dags/example_branch_day_of_week_operator.py took 0.042 seconds
[2024-11-22T09:08:00.160+0000] {processor.py:153} INFO - Started process (PID=1170) to work on /home/airflow/.local/lib/python3.7/site-packages/airflow/example_dags/example_branch_day_of_week_operator.py
[2024-11-22T09:08:00.161+0000] {processor.py:743} INFO - Processing file /home/airflow/.local/lib/python3.7/site-packages/airflow/example_dags/example_branch_day_of_week_operator.py for tasks to queue
[2024-11-22T09:08:00.162+0000] {logging_mixin.py:137} INFO - [2024-11-22T09:08:00.162+0000] {dagbag.py:538} INFO - Filling up the DagBag from /home/airflow/.local/lib/python3.7/site-packages/airflow/example_dags/example_branch_day_of_week_operator.py
[2024-11-22T09:08:00.175+0000] {processor.py:753} INFO - DAG(s) dict_keys(['example_weekday_branch_operator']) retrieved from /home/airflow/.local/lib/python3.7/site-packages/airflow/example_dags/example_branch_day_of_week_operator.py
[2024-11-22T09:08:00.196+0000] {logging_mixin.py:137} INFO - [2024-11-22T09:08:00.196+0000] {dag.py:2690} INFO - Sync 1 DAGs
[2024-11-22T09:08:00.210+0000] {logging_mixin.py:137} INFO - [2024-11-22T09:08:00.210+0000] {dag.py:3441} INFO - Setting next_dagrun for example_weekday_branch_operator to 2024-11-21T00:00:00+00:00, run_after=2024-11-22T00:00:00+00:00
[2024-11-22T09:08:00.220+0000] {processor.py:175} INFO - Processing /home/airflow/.local/lib/python3.7/site-packages/airflow/example_dags/example_branch_day_of_week_operator.py took 0.062 seconds
[2024-11-22T09:08:31.317+0000] {processor.py:153} INFO - Started process (PID=1259) to work on /home/airflow/.local/lib/python3.7/site-packages/airflow/example_dags/example_branch_day_of_week_operator.py
[2024-11-22T09:08:31.319+0000] {processor.py:743} INFO - Processing file /home/airflow/.local/lib/python3.7/site-packages/airflow/example_dags/example_branch_day_of_week_operator.py for tasks to queue
[2024-11-22T09:08:31.319+0000] {logging_mixin.py:137} INFO - [2024-11-22T09:08:31.319+0000] {dagbag.py:538} INFO - Filling up the DagBag from /home/airflow/.local/lib/python3.7/site-packages/airflow/example_dags/example_branch_day_of_week_operator.py
[2024-11-22T09:08:31.327+0000] {processor.py:753} INFO - DAG(s) dict_keys(['example_weekday_branch_operator']) retrieved from /home/airflow/.local/lib/python3.7/site-packages/airflow/example_dags/example_branch_day_of_week_operator.py
[2024-11-22T09:08:31.339+0000] {logging_mixin.py:137} INFO - [2024-11-22T09:08:31.339+0000] {dag.py:2690} INFO - Sync 1 DAGs
[2024-11-22T09:08:31.351+0000] {logging_mixin.py:137} INFO - [2024-11-22T09:08:31.351+0000] {dag.py:3441} INFO - Setting next_dagrun for example_weekday_branch_operator to 2024-11-21T00:00:00+00:00, run_after=2024-11-22T00:00:00+00:00
[2024-11-22T09:08:31.359+0000] {processor.py:175} INFO - Processing /home/airflow/.local/lib/python3.7/site-packages/airflow/example_dags/example_branch_day_of_week_operator.py took 0.044 seconds
[2024-11-22T09:09:01.726+0000] {processor.py:153} INFO - Started process (PID=1348) to work on /home/airflow/.local/lib/python3.7/site-packages/airflow/example_dags/example_branch_day_of_week_operator.py
[2024-11-22T09:09:01.727+0000] {processor.py:743} INFO - Processing file /home/airflow/.local/lib/python3.7/site-packages/airflow/example_dags/example_branch_day_of_week_operator.py for tasks to queue
[2024-11-22T09:09:01.728+0000] {logging_mixin.py:137} INFO - [2024-11-22T09:09:01.728+0000] {dagbag.py:538} INFO - Filling up the DagBag from /home/airflow/.local/lib/python3.7/site-packages/airflow/example_dags/example_branch_day_of_week_operator.py
[2024-11-22T09:09:01.741+0000] {processor.py:753} INFO - DAG(s) dict_keys(['example_weekday_branch_operator']) retrieved from /home/airflow/.local/lib/python3.7/site-packages/airflow/example_dags/example_branch_day_of_week_operator.py
[2024-11-22T09:09:01.841+0000] {logging_mixin.py:137} INFO - [2024-11-22T09:09:01.841+0000] {dag.py:2690} INFO - Sync 1 DAGs
[2024-11-22T09:09:01.872+0000] {logging_mixin.py:137} INFO - [2024-11-22T09:09:01.872+0000] {dag.py:3441} INFO - Setting next_dagrun for example_weekday_branch_operator to 2024-11-21T00:00:00+00:00, run_after=2024-11-22T00:00:00+00:00
[2024-11-22T09:09:01.900+0000] {processor.py:175} INFO - Processing /home/airflow/.local/lib/python3.7/site-packages/airflow/example_dags/example_branch_day_of_week_operator.py took 0.176 seconds
[2024-11-22T09:09:32.102+0000] {processor.py:153} INFO - Started process (PID=1438) to work on /home/airflow/.local/lib/python3.7/site-packages/airflow/example_dags/example_branch_day_of_week_operator.py
[2024-11-22T09:09:32.103+0000] {processor.py:743} INFO - Processing file /home/airflow/.local/lib/python3.7/site-packages/airflow/example_dags/example_branch_day_of_week_operator.py for tasks to queue
[2024-11-22T09:09:32.103+0000] {logging_mixin.py:137} INFO - [2024-11-22T09:09:32.103+0000] {dagbag.py:538} INFO - Filling up the DagBag from /home/airflow/.local/lib/python3.7/site-packages/airflow/example_dags/example_branch_day_of_week_operator.py
[2024-11-22T09:09:32.112+0000] {processor.py:753} INFO - DAG(s) dict_keys(['example_weekday_branch_operator']) retrieved from /home/airflow/.local/lib/python3.7/site-packages/airflow/example_dags/example_branch_day_of_week_operator.py
[2024-11-22T09:09:32.127+0000] {logging_mixin.py:137} INFO - [2024-11-22T09:09:32.126+0000] {dag.py:2690} INFO - Sync 1 DAGs
[2024-11-22T09:09:32.141+0000] {logging_mixin.py:137} INFO - [2024-11-22T09:09:32.141+0000] {dag.py:3441} INFO - Setting next_dagrun for example_weekday_branch_operator to 2024-11-21T00:00:00+00:00, run_after=2024-11-22T00:00:00+00:00
[2024-11-22T09:09:32.152+0000] {processor.py:175} INFO - Processing /home/airflow/.local/lib/python3.7/site-packages/airflow/example_dags/example_branch_day_of_week_operator.py took 0.052 seconds
