[2024-11-22T09:03:22.223+0000] {processor.py:153} INFO - Started process (PID=390) to work on /home/airflow/.local/lib/python3.7/site-packages/airflow/example_dags/example_trigger_target_dag.py
[2024-11-22T09:03:22.224+0000] {processor.py:743} INFO - Processing file /home/airflow/.local/lib/python3.7/site-packages/airflow/example_dags/example_trigger_target_dag.py for tasks to queue
[2024-11-22T09:03:22.225+0000] {logging_mixin.py:137} INFO - [2024-11-22T09:03:22.225+0000] {dagbag.py:538} INFO - Filling up the DagBag from /home/airflow/.local/lib/python3.7/site-packages/airflow/example_dags/example_trigger_target_dag.py
[2024-11-22T09:03:22.237+0000] {processor.py:753} INFO - DAG(s) dict_keys(['example_trigger_target_dag']) retrieved from /home/airflow/.local/lib/python3.7/site-packages/airflow/example_dags/example_trigger_target_dag.py
[2024-11-22T09:03:22.249+0000] {logging_mixin.py:137} INFO - [2024-11-22T09:03:22.249+0000] {dag.py:2690} INFO - Sync 1 DAGs
[2024-11-22T09:03:22.260+0000] {logging_mixin.py:137} INFO - [2024-11-22T09:03:22.260+0000] {dag.py:3441} INFO - Setting next_dagrun for example_trigger_target_dag to None, run_after=None
[2024-11-22T09:03:22.273+0000] {processor.py:175} INFO - Processing /home/airflow/.local/lib/python3.7/site-packages/airflow/example_dags/example_trigger_target_dag.py took 0.052 seconds
[2024-11-22T09:03:52.733+0000] {processor.py:153} INFO - Started process (PID=480) to work on /home/airflow/.local/lib/python3.7/site-packages/airflow/example_dags/example_trigger_target_dag.py
[2024-11-22T09:03:52.737+0000] {processor.py:743} INFO - Processing file /home/airflow/.local/lib/python3.7/site-packages/airflow/example_dags/example_trigger_target_dag.py for tasks to queue
[2024-11-22T09:03:52.737+0000] {logging_mixin.py:137} INFO - [2024-11-22T09:03:52.737+0000] {dagbag.py:538} INFO - Filling up the DagBag from /home/airflow/.local/lib/python3.7/site-packages/airflow/example_dags/example_trigger_target_dag.py
[2024-11-22T09:03:52.748+0000] {processor.py:753} INFO - DAG(s) dict_keys(['example_trigger_target_dag']) retrieved from /home/airflow/.local/lib/python3.7/site-packages/airflow/example_dags/example_trigger_target_dag.py
[2024-11-22T09:03:52.759+0000] {logging_mixin.py:137} INFO - [2024-11-22T09:03:52.759+0000] {dag.py:2690} INFO - Sync 1 DAGs
[2024-11-22T09:03:52.771+0000] {logging_mixin.py:137} INFO - [2024-11-22T09:03:52.771+0000] {dag.py:3441} INFO - Setting next_dagrun for example_trigger_target_dag to None, run_after=None
[2024-11-22T09:03:52.781+0000] {processor.py:175} INFO - Processing /home/airflow/.local/lib/python3.7/site-packages/airflow/example_dags/example_trigger_target_dag.py took 0.049 seconds
[2024-11-22T09:04:23.224+0000] {processor.py:153} INFO - Started process (PID=554) to work on /home/airflow/.local/lib/python3.7/site-packages/airflow/example_dags/example_trigger_target_dag.py
[2024-11-22T09:04:23.225+0000] {processor.py:743} INFO - Processing file /home/airflow/.local/lib/python3.7/site-packages/airflow/example_dags/example_trigger_target_dag.py for tasks to queue
[2024-11-22T09:04:23.227+0000] {logging_mixin.py:137} INFO - [2024-11-22T09:04:23.227+0000] {dagbag.py:538} INFO - Filling up the DagBag from /home/airflow/.local/lib/python3.7/site-packages/airflow/example_dags/example_trigger_target_dag.py
[2024-11-22T09:04:23.240+0000] {processor.py:753} INFO - DAG(s) dict_keys(['example_trigger_target_dag']) retrieved from /home/airflow/.local/lib/python3.7/site-packages/airflow/example_dags/example_trigger_target_dag.py
[2024-11-22T09:04:23.256+0000] {logging_mixin.py:137} INFO - [2024-11-22T09:04:23.255+0000] {dag.py:2690} INFO - Sync 1 DAGs
[2024-11-22T09:04:23.271+0000] {logging_mixin.py:137} INFO - [2024-11-22T09:04:23.271+0000] {dag.py:3441} INFO - Setting next_dagrun for example_trigger_target_dag to None, run_after=None
[2024-11-22T09:04:23.279+0000] {processor.py:175} INFO - Processing /home/airflow/.local/lib/python3.7/site-packages/airflow/example_dags/example_trigger_target_dag.py took 0.057 seconds
[2024-11-22T09:04:53.979+0000] {processor.py:153} INFO - Started process (PID=643) to work on /home/airflow/.local/lib/python3.7/site-packages/airflow/example_dags/example_trigger_target_dag.py
[2024-11-22T09:04:53.981+0000] {processor.py:743} INFO - Processing file /home/airflow/.local/lib/python3.7/site-packages/airflow/example_dags/example_trigger_target_dag.py for tasks to queue
[2024-11-22T09:04:53.982+0000] {logging_mixin.py:137} INFO - [2024-11-22T09:04:53.982+0000] {dagbag.py:538} INFO - Filling up the DagBag from /home/airflow/.local/lib/python3.7/site-packages/airflow/example_dags/example_trigger_target_dag.py
[2024-11-22T09:04:53.991+0000] {processor.py:753} INFO - DAG(s) dict_keys(['example_trigger_target_dag']) retrieved from /home/airflow/.local/lib/python3.7/site-packages/airflow/example_dags/example_trigger_target_dag.py
[2024-11-22T09:04:54.010+0000] {logging_mixin.py:137} INFO - [2024-11-22T09:04:54.010+0000] {dag.py:2690} INFO - Sync 1 DAGs
[2024-11-22T09:04:54.027+0000] {logging_mixin.py:137} INFO - [2024-11-22T09:04:54.027+0000] {dag.py:3441} INFO - Setting next_dagrun for example_trigger_target_dag to None, run_after=None
[2024-11-22T09:04:54.040+0000] {processor.py:175} INFO - Processing /home/airflow/.local/lib/python3.7/site-packages/airflow/example_dags/example_trigger_target_dag.py took 0.063 seconds
[2024-11-22T09:05:24.782+0000] {processor.py:153} INFO - Started process (PID=733) to work on /home/airflow/.local/lib/python3.7/site-packages/airflow/example_dags/example_trigger_target_dag.py
[2024-11-22T09:05:24.782+0000] {processor.py:743} INFO - Processing file /home/airflow/.local/lib/python3.7/site-packages/airflow/example_dags/example_trigger_target_dag.py for tasks to queue
[2024-11-22T09:05:24.785+0000] {logging_mixin.py:137} INFO - [2024-11-22T09:05:24.785+0000] {dagbag.py:538} INFO - Filling up the DagBag from /home/airflow/.local/lib/python3.7/site-packages/airflow/example_dags/example_trigger_target_dag.py
[2024-11-22T09:05:24.796+0000] {processor.py:753} INFO - DAG(s) dict_keys(['example_trigger_target_dag']) retrieved from /home/airflow/.local/lib/python3.7/site-packages/airflow/example_dags/example_trigger_target_dag.py
[2024-11-22T09:05:24.810+0000] {logging_mixin.py:137} INFO - [2024-11-22T09:05:24.810+0000] {dag.py:2690} INFO - Sync 1 DAGs
[2024-11-22T09:05:24.825+0000] {logging_mixin.py:137} INFO - [2024-11-22T09:05:24.825+0000] {dag.py:3441} INFO - Setting next_dagrun for example_trigger_target_dag to None, run_after=None
[2024-11-22T09:05:24.837+0000] {processor.py:175} INFO - Processing /home/airflow/.local/lib/python3.7/site-packages/airflow/example_dags/example_trigger_target_dag.py took 0.058 seconds
[2024-11-22T09:05:55.709+0000] {processor.py:153} INFO - Started process (PID=816) to work on /home/airflow/.local/lib/python3.7/site-packages/airflow/example_dags/example_trigger_target_dag.py
[2024-11-22T09:05:55.710+0000] {processor.py:743} INFO - Processing file /home/airflow/.local/lib/python3.7/site-packages/airflow/example_dags/example_trigger_target_dag.py for tasks to queue
[2024-11-22T09:05:55.710+0000] {logging_mixin.py:137} INFO - [2024-11-22T09:05:55.710+0000] {dagbag.py:538} INFO - Filling up the DagBag from /home/airflow/.local/lib/python3.7/site-packages/airflow/example_dags/example_trigger_target_dag.py
[2024-11-22T09:05:55.732+0000] {processor.py:753} INFO - DAG(s) dict_keys(['example_trigger_target_dag']) retrieved from /home/airflow/.local/lib/python3.7/site-packages/airflow/example_dags/example_trigger_target_dag.py
[2024-11-22T09:05:55.760+0000] {logging_mixin.py:137} INFO - [2024-11-22T09:05:55.760+0000] {dag.py:2690} INFO - Sync 1 DAGs
[2024-11-22T09:05:55.774+0000] {logging_mixin.py:137} INFO - [2024-11-22T09:05:55.774+0000] {dag.py:3441} INFO - Setting next_dagrun for example_trigger_target_dag to None, run_after=None
[2024-11-22T09:05:55.797+0000] {processor.py:175} INFO - Processing /home/airflow/.local/lib/python3.7/site-packages/airflow/example_dags/example_trigger_target_dag.py took 0.092 seconds
[2024-11-22T09:06:25.989+0000] {processor.py:153} INFO - Started process (PID=897) to work on /home/airflow/.local/lib/python3.7/site-packages/airflow/example_dags/example_trigger_target_dag.py
[2024-11-22T09:06:25.992+0000] {processor.py:743} INFO - Processing file /home/airflow/.local/lib/python3.7/site-packages/airflow/example_dags/example_trigger_target_dag.py for tasks to queue
[2024-11-22T09:06:25.992+0000] {logging_mixin.py:137} INFO - [2024-11-22T09:06:25.992+0000] {dagbag.py:538} INFO - Filling up the DagBag from /home/airflow/.local/lib/python3.7/site-packages/airflow/example_dags/example_trigger_target_dag.py
[2024-11-22T09:06:26.003+0000] {processor.py:753} INFO - DAG(s) dict_keys(['example_trigger_target_dag']) retrieved from /home/airflow/.local/lib/python3.7/site-packages/airflow/example_dags/example_trigger_target_dag.py
[2024-11-22T09:06:26.022+0000] {logging_mixin.py:137} INFO - [2024-11-22T09:06:26.022+0000] {dag.py:2690} INFO - Sync 1 DAGs
[2024-11-22T09:06:26.038+0000] {logging_mixin.py:137} INFO - [2024-11-22T09:06:26.038+0000] {dag.py:3441} INFO - Setting next_dagrun for example_trigger_target_dag to None, run_after=None
[2024-11-22T09:06:26.049+0000] {processor.py:175} INFO - Processing /home/airflow/.local/lib/python3.7/site-packages/airflow/example_dags/example_trigger_target_dag.py took 0.062 seconds
[2024-11-22T09:06:56.768+0000] {processor.py:153} INFO - Started process (PID=987) to work on /home/airflow/.local/lib/python3.7/site-packages/airflow/example_dags/example_trigger_target_dag.py
[2024-11-22T09:06:56.772+0000] {processor.py:743} INFO - Processing file /home/airflow/.local/lib/python3.7/site-packages/airflow/example_dags/example_trigger_target_dag.py for tasks to queue
[2024-11-22T09:06:56.772+0000] {logging_mixin.py:137} INFO - [2024-11-22T09:06:56.772+0000] {dagbag.py:538} INFO - Filling up the DagBag from /home/airflow/.local/lib/python3.7/site-packages/airflow/example_dags/example_trigger_target_dag.py
[2024-11-22T09:06:56.785+0000] {processor.py:753} INFO - DAG(s) dict_keys(['example_trigger_target_dag']) retrieved from /home/airflow/.local/lib/python3.7/site-packages/airflow/example_dags/example_trigger_target_dag.py
[2024-11-22T09:06:56.804+0000] {logging_mixin.py:137} INFO - [2024-11-22T09:06:56.804+0000] {dag.py:2690} INFO - Sync 1 DAGs
[2024-11-22T09:06:56.816+0000] {logging_mixin.py:137} INFO - [2024-11-22T09:06:56.816+0000] {dag.py:3441} INFO - Setting next_dagrun for example_trigger_target_dag to None, run_after=None
[2024-11-22T09:06:56.829+0000] {processor.py:175} INFO - Processing /home/airflow/.local/lib/python3.7/site-packages/airflow/example_dags/example_trigger_target_dag.py took 0.062 seconds
[2024-11-22T09:07:27.749+0000] {processor.py:153} INFO - Started process (PID=1077) to work on /home/airflow/.local/lib/python3.7/site-packages/airflow/example_dags/example_trigger_target_dag.py
[2024-11-22T09:07:27.750+0000] {processor.py:743} INFO - Processing file /home/airflow/.local/lib/python3.7/site-packages/airflow/example_dags/example_trigger_target_dag.py for tasks to queue
[2024-11-22T09:07:27.750+0000] {logging_mixin.py:137} INFO - [2024-11-22T09:07:27.750+0000] {dagbag.py:538} INFO - Filling up the DagBag from /home/airflow/.local/lib/python3.7/site-packages/airflow/example_dags/example_trigger_target_dag.py
[2024-11-22T09:07:27.761+0000] {processor.py:753} INFO - DAG(s) dict_keys(['example_trigger_target_dag']) retrieved from /home/airflow/.local/lib/python3.7/site-packages/airflow/example_dags/example_trigger_target_dag.py
[2024-11-22T09:07:27.772+0000] {logging_mixin.py:137} INFO - [2024-11-22T09:07:27.772+0000] {dag.py:2690} INFO - Sync 1 DAGs
[2024-11-22T09:07:27.785+0000] {logging_mixin.py:137} INFO - [2024-11-22T09:07:27.785+0000] {dag.py:3441} INFO - Setting next_dagrun for example_trigger_target_dag to None, run_after=None
[2024-11-22T09:07:27.800+0000] {processor.py:175} INFO - Processing /home/airflow/.local/lib/python3.7/site-packages/airflow/example_dags/example_trigger_target_dag.py took 0.052 seconds
[2024-11-22T09:07:58.478+0000] {processor.py:153} INFO - Started process (PID=1151) to work on /home/airflow/.local/lib/python3.7/site-packages/airflow/example_dags/example_trigger_target_dag.py
[2024-11-22T09:07:58.482+0000] {processor.py:743} INFO - Processing file /home/airflow/.local/lib/python3.7/site-packages/airflow/example_dags/example_trigger_target_dag.py for tasks to queue
[2024-11-22T09:07:58.483+0000] {logging_mixin.py:137} INFO - [2024-11-22T09:07:58.483+0000] {dagbag.py:538} INFO - Filling up the DagBag from /home/airflow/.local/lib/python3.7/site-packages/airflow/example_dags/example_trigger_target_dag.py
[2024-11-22T09:07:58.495+0000] {processor.py:753} INFO - DAG(s) dict_keys(['example_trigger_target_dag']) retrieved from /home/airflow/.local/lib/python3.7/site-packages/airflow/example_dags/example_trigger_target_dag.py
[2024-11-22T09:07:58.512+0000] {logging_mixin.py:137} INFO - [2024-11-22T09:07:58.512+0000] {dag.py:2690} INFO - Sync 1 DAGs
[2024-11-22T09:07:58.527+0000] {logging_mixin.py:137} INFO - [2024-11-22T09:07:58.527+0000] {dag.py:3441} INFO - Setting next_dagrun for example_trigger_target_dag to None, run_after=None
[2024-11-22T09:07:58.538+0000] {processor.py:175} INFO - Processing /home/airflow/.local/lib/python3.7/site-packages/airflow/example_dags/example_trigger_target_dag.py took 0.062 seconds
[2024-11-22T09:08:29.470+0000] {processor.py:153} INFO - Started process (PID=1240) to work on /home/airflow/.local/lib/python3.7/site-packages/airflow/example_dags/example_trigger_target_dag.py
[2024-11-22T09:08:29.471+0000] {processor.py:743} INFO - Processing file /home/airflow/.local/lib/python3.7/site-packages/airflow/example_dags/example_trigger_target_dag.py for tasks to queue
[2024-11-22T09:08:29.471+0000] {logging_mixin.py:137} INFO - [2024-11-22T09:08:29.471+0000] {dagbag.py:538} INFO - Filling up the DagBag from /home/airflow/.local/lib/python3.7/site-packages/airflow/example_dags/example_trigger_target_dag.py
[2024-11-22T09:08:29.483+0000] {processor.py:753} INFO - DAG(s) dict_keys(['example_trigger_target_dag']) retrieved from /home/airflow/.local/lib/python3.7/site-packages/airflow/example_dags/example_trigger_target_dag.py
[2024-11-22T09:08:29.495+0000] {logging_mixin.py:137} INFO - [2024-11-22T09:08:29.494+0000] {dag.py:2690} INFO - Sync 1 DAGs
[2024-11-22T09:08:29.510+0000] {logging_mixin.py:137} INFO - [2024-11-22T09:08:29.510+0000] {dag.py:3441} INFO - Setting next_dagrun for example_trigger_target_dag to None, run_after=None
[2024-11-22T09:08:29.523+0000] {processor.py:175} INFO - Processing /home/airflow/.local/lib/python3.7/site-packages/airflow/example_dags/example_trigger_target_dag.py took 0.056 seconds
[2024-11-22T09:09:00.776+0000] {processor.py:153} INFO - Started process (PID=1329) to work on /home/airflow/.local/lib/python3.7/site-packages/airflow/example_dags/example_trigger_target_dag.py
[2024-11-22T09:09:00.777+0000] {processor.py:743} INFO - Processing file /home/airflow/.local/lib/python3.7/site-packages/airflow/example_dags/example_trigger_target_dag.py for tasks to queue
[2024-11-22T09:09:00.778+0000] {logging_mixin.py:137} INFO - [2024-11-22T09:09:00.778+0000] {dagbag.py:538} INFO - Filling up the DagBag from /home/airflow/.local/lib/python3.7/site-packages/airflow/example_dags/example_trigger_target_dag.py
[2024-11-22T09:09:00.803+0000] {processor.py:753} INFO - DAG(s) dict_keys(['example_trigger_target_dag']) retrieved from /home/airflow/.local/lib/python3.7/site-packages/airflow/example_dags/example_trigger_target_dag.py
[2024-11-22T09:09:00.819+0000] {logging_mixin.py:137} INFO - [2024-11-22T09:09:00.819+0000] {dag.py:2690} INFO - Sync 1 DAGs
[2024-11-22T09:09:00.837+0000] {logging_mixin.py:137} INFO - [2024-11-22T09:09:00.837+0000] {dag.py:3441} INFO - Setting next_dagrun for example_trigger_target_dag to None, run_after=None
[2024-11-22T09:09:00.847+0000] {processor.py:175} INFO - Processing /home/airflow/.local/lib/python3.7/site-packages/airflow/example_dags/example_trigger_target_dag.py took 0.073 seconds
[2024-11-22T09:09:31.171+0000] {processor.py:153} INFO - Started process (PID=1419) to work on /home/airflow/.local/lib/python3.7/site-packages/airflow/example_dags/example_trigger_target_dag.py
[2024-11-22T09:09:31.173+0000] {processor.py:743} INFO - Processing file /home/airflow/.local/lib/python3.7/site-packages/airflow/example_dags/example_trigger_target_dag.py for tasks to queue
[2024-11-22T09:09:31.173+0000] {logging_mixin.py:137} INFO - [2024-11-22T09:09:31.173+0000] {dagbag.py:538} INFO - Filling up the DagBag from /home/airflow/.local/lib/python3.7/site-packages/airflow/example_dags/example_trigger_target_dag.py
[2024-11-22T09:09:31.189+0000] {processor.py:753} INFO - DAG(s) dict_keys(['example_trigger_target_dag']) retrieved from /home/airflow/.local/lib/python3.7/site-packages/airflow/example_dags/example_trigger_target_dag.py
[2024-11-22T09:09:31.210+0000] {logging_mixin.py:137} INFO - [2024-11-22T09:09:31.210+0000] {dag.py:2690} INFO - Sync 1 DAGs
[2024-11-22T09:09:31.235+0000] {logging_mixin.py:137} INFO - [2024-11-22T09:09:31.235+0000] {dag.py:3441} INFO - Setting next_dagrun for example_trigger_target_dag to None, run_after=None
[2024-11-22T09:09:31.260+0000] {processor.py:175} INFO - Processing /home/airflow/.local/lib/python3.7/site-packages/airflow/example_dags/example_trigger_target_dag.py took 0.092 seconds
