[2024-11-22T09:03:22.554+0000] {processor.py:153} INFO - Started process (PID=401) to work on /home/airflow/.local/lib/python3.7/site-packages/airflow/example_dags/example_short_circuit_operator.py
[2024-11-22T09:03:22.555+0000] {processor.py:743} INFO - Processing file /home/airflow/.local/lib/python3.7/site-packages/airflow/example_dags/example_short_circuit_operator.py for tasks to queue
[2024-11-22T09:03:22.556+0000] {logging_mixin.py:137} INFO - [2024-11-22T09:03:22.556+0000] {dagbag.py:538} INFO - Filling up the DagBag from /home/airflow/.local/lib/python3.7/site-packages/airflow/example_dags/example_short_circuit_operator.py
[2024-11-22T09:03:22.564+0000] {processor.py:753} INFO - DAG(s) dict_keys(['example_short_circuit_operator']) retrieved from /home/airflow/.local/lib/python3.7/site-packages/airflow/example_dags/example_short_circuit_operator.py
[2024-11-22T09:03:22.577+0000] {logging_mixin.py:137} INFO - [2024-11-22T09:03:22.577+0000] {dag.py:2690} INFO - Sync 1 DAGs
[2024-11-22T09:03:22.589+0000] {logging_mixin.py:137} INFO - [2024-11-22T09:03:22.589+0000] {dag.py:3441} INFO - Setting next_dagrun for example_short_circuit_operator to 2024-11-21T09:03:22.589031+00:00, run_after=2024-11-22T09:03:22.589031+00:00
[2024-11-22T09:03:22.602+0000] {processor.py:175} INFO - Processing /home/airflow/.local/lib/python3.7/site-packages/airflow/example_dags/example_short_circuit_operator.py took 0.049 seconds
[2024-11-22T09:03:53.036+0000] {processor.py:153} INFO - Started process (PID=491) to work on /home/airflow/.local/lib/python3.7/site-packages/airflow/example_dags/example_short_circuit_operator.py
[2024-11-22T09:03:53.038+0000] {processor.py:743} INFO - Processing file /home/airflow/.local/lib/python3.7/site-packages/airflow/example_dags/example_short_circuit_operator.py for tasks to queue
[2024-11-22T09:03:53.038+0000] {logging_mixin.py:137} INFO - [2024-11-22T09:03:53.038+0000] {dagbag.py:538} INFO - Filling up the DagBag from /home/airflow/.local/lib/python3.7/site-packages/airflow/example_dags/example_short_circuit_operator.py
[2024-11-22T09:03:53.046+0000] {processor.py:753} INFO - DAG(s) dict_keys(['example_short_circuit_operator']) retrieved from /home/airflow/.local/lib/python3.7/site-packages/airflow/example_dags/example_short_circuit_operator.py
[2024-11-22T09:03:53.059+0000] {logging_mixin.py:137} INFO - [2024-11-22T09:03:53.059+0000] {dag.py:2690} INFO - Sync 1 DAGs
[2024-11-22T09:03:53.070+0000] {logging_mixin.py:137} INFO - [2024-11-22T09:03:53.070+0000] {dag.py:3441} INFO - Setting next_dagrun for example_short_circuit_operator to 2024-11-21T09:03:53.069921+00:00, run_after=2024-11-22T09:03:53.069921+00:00
[2024-11-22T09:03:53.080+0000] {processor.py:175} INFO - Processing /home/airflow/.local/lib/python3.7/site-packages/airflow/example_dags/example_short_circuit_operator.py took 0.045 seconds
[2024-11-22T09:04:23.568+0000] {processor.py:153} INFO - Started process (PID=565) to work on /home/airflow/.local/lib/python3.7/site-packages/airflow/example_dags/example_short_circuit_operator.py
[2024-11-22T09:04:23.568+0000] {processor.py:743} INFO - Processing file /home/airflow/.local/lib/python3.7/site-packages/airflow/example_dags/example_short_circuit_operator.py for tasks to queue
[2024-11-22T09:04:23.569+0000] {logging_mixin.py:137} INFO - [2024-11-22T09:04:23.569+0000] {dagbag.py:538} INFO - Filling up the DagBag from /home/airflow/.local/lib/python3.7/site-packages/airflow/example_dags/example_short_circuit_operator.py
[2024-11-22T09:04:23.579+0000] {processor.py:753} INFO - DAG(s) dict_keys(['example_short_circuit_operator']) retrieved from /home/airflow/.local/lib/python3.7/site-packages/airflow/example_dags/example_short_circuit_operator.py
[2024-11-22T09:04:23.593+0000] {logging_mixin.py:137} INFO - [2024-11-22T09:04:23.593+0000] {dag.py:2690} INFO - Sync 1 DAGs
[2024-11-22T09:04:23.606+0000] {logging_mixin.py:137} INFO - [2024-11-22T09:04:23.606+0000] {dag.py:3441} INFO - Setting next_dagrun for example_short_circuit_operator to 2024-11-21T09:04:23.605999+00:00, run_after=2024-11-22T09:04:23.605999+00:00
[2024-11-22T09:04:23.648+0000] {processor.py:175} INFO - Processing /home/airflow/.local/lib/python3.7/site-packages/airflow/example_dags/example_short_circuit_operator.py took 0.082 seconds
[2024-11-22T09:04:54.354+0000] {processor.py:153} INFO - Started process (PID=654) to work on /home/airflow/.local/lib/python3.7/site-packages/airflow/example_dags/example_short_circuit_operator.py
[2024-11-22T09:04:54.355+0000] {processor.py:743} INFO - Processing file /home/airflow/.local/lib/python3.7/site-packages/airflow/example_dags/example_short_circuit_operator.py for tasks to queue
[2024-11-22T09:04:54.355+0000] {logging_mixin.py:137} INFO - [2024-11-22T09:04:54.355+0000] {dagbag.py:538} INFO - Filling up the DagBag from /home/airflow/.local/lib/python3.7/site-packages/airflow/example_dags/example_short_circuit_operator.py
[2024-11-22T09:04:54.365+0000] {processor.py:753} INFO - DAG(s) dict_keys(['example_short_circuit_operator']) retrieved from /home/airflow/.local/lib/python3.7/site-packages/airflow/example_dags/example_short_circuit_operator.py
[2024-11-22T09:04:54.379+0000] {logging_mixin.py:137} INFO - [2024-11-22T09:04:54.379+0000] {dag.py:2690} INFO - Sync 1 DAGs
[2024-11-22T09:04:54.390+0000] {logging_mixin.py:137} INFO - [2024-11-22T09:04:54.390+0000] {dag.py:3441} INFO - Setting next_dagrun for example_short_circuit_operator to 2024-11-21T09:04:54.390221+00:00, run_after=2024-11-22T09:04:54.390221+00:00
[2024-11-22T09:04:54.403+0000] {processor.py:175} INFO - Processing /home/airflow/.local/lib/python3.7/site-packages/airflow/example_dags/example_short_circuit_operator.py took 0.051 seconds
[2024-11-22T09:05:25.147+0000] {processor.py:153} INFO - Started process (PID=744) to work on /home/airflow/.local/lib/python3.7/site-packages/airflow/example_dags/example_short_circuit_operator.py
[2024-11-22T09:05:25.147+0000] {processor.py:743} INFO - Processing file /home/airflow/.local/lib/python3.7/site-packages/airflow/example_dags/example_short_circuit_operator.py for tasks to queue
[2024-11-22T09:05:25.150+0000] {logging_mixin.py:137} INFO - [2024-11-22T09:05:25.150+0000] {dagbag.py:538} INFO - Filling up the DagBag from /home/airflow/.local/lib/python3.7/site-packages/airflow/example_dags/example_short_circuit_operator.py
[2024-11-22T09:05:25.158+0000] {processor.py:753} INFO - DAG(s) dict_keys(['example_short_circuit_operator']) retrieved from /home/airflow/.local/lib/python3.7/site-packages/airflow/example_dags/example_short_circuit_operator.py
[2024-11-22T09:05:25.175+0000] {logging_mixin.py:137} INFO - [2024-11-22T09:05:25.175+0000] {dag.py:2690} INFO - Sync 1 DAGs
[2024-11-22T09:05:25.187+0000] {logging_mixin.py:137} INFO - [2024-11-22T09:05:25.187+0000] {dag.py:3441} INFO - Setting next_dagrun for example_short_circuit_operator to 2024-11-21T09:05:25.186938+00:00, run_after=2024-11-22T09:05:25.186938+00:00
[2024-11-22T09:05:25.201+0000] {processor.py:175} INFO - Processing /home/airflow/.local/lib/python3.7/site-packages/airflow/example_dags/example_short_circuit_operator.py took 0.056 seconds
[2024-11-22T09:05:56.444+0000] {processor.py:153} INFO - Started process (PID=834) to work on /home/airflow/.local/lib/python3.7/site-packages/airflow/example_dags/example_short_circuit_operator.py
[2024-11-22T09:05:56.446+0000] {processor.py:743} INFO - Processing file /home/airflow/.local/lib/python3.7/site-packages/airflow/example_dags/example_short_circuit_operator.py for tasks to queue
[2024-11-22T09:05:56.447+0000] {logging_mixin.py:137} INFO - [2024-11-22T09:05:56.447+0000] {dagbag.py:538} INFO - Filling up the DagBag from /home/airflow/.local/lib/python3.7/site-packages/airflow/example_dags/example_short_circuit_operator.py
[2024-11-22T09:05:56.458+0000] {processor.py:753} INFO - DAG(s) dict_keys(['example_short_circuit_operator']) retrieved from /home/airflow/.local/lib/python3.7/site-packages/airflow/example_dags/example_short_circuit_operator.py
[2024-11-22T09:05:56.489+0000] {logging_mixin.py:137} INFO - [2024-11-22T09:05:56.488+0000] {dag.py:2690} INFO - Sync 1 DAGs
[2024-11-22T09:05:56.516+0000] {logging_mixin.py:137} INFO - [2024-11-22T09:05:56.516+0000] {dag.py:3441} INFO - Setting next_dagrun for example_short_circuit_operator to 2024-11-21T09:05:56.516159+00:00, run_after=2024-11-22T09:05:56.516159+00:00
[2024-11-22T09:05:56.532+0000] {processor.py:175} INFO - Processing /home/airflow/.local/lib/python3.7/site-packages/airflow/example_dags/example_short_circuit_operator.py took 0.090 seconds
[2024-11-22T09:06:27.390+0000] {processor.py:153} INFO - Started process (PID=908) to work on /home/airflow/.local/lib/python3.7/site-packages/airflow/example_dags/example_short_circuit_operator.py
[2024-11-22T09:06:27.391+0000] {processor.py:743} INFO - Processing file /home/airflow/.local/lib/python3.7/site-packages/airflow/example_dags/example_short_circuit_operator.py for tasks to queue
[2024-11-22T09:06:27.392+0000] {logging_mixin.py:137} INFO - [2024-11-22T09:06:27.392+0000] {dagbag.py:538} INFO - Filling up the DagBag from /home/airflow/.local/lib/python3.7/site-packages/airflow/example_dags/example_short_circuit_operator.py
[2024-11-22T09:06:27.400+0000] {processor.py:753} INFO - DAG(s) dict_keys(['example_short_circuit_operator']) retrieved from /home/airflow/.local/lib/python3.7/site-packages/airflow/example_dags/example_short_circuit_operator.py
[2024-11-22T09:06:27.417+0000] {logging_mixin.py:137} INFO - [2024-11-22T09:06:27.417+0000] {dag.py:2690} INFO - Sync 1 DAGs
[2024-11-22T09:06:27.433+0000] {logging_mixin.py:137} INFO - [2024-11-22T09:06:27.433+0000] {dag.py:3441} INFO - Setting next_dagrun for example_short_circuit_operator to 2024-11-21T09:06:27.433277+00:00, run_after=2024-11-22T09:06:27.433277+00:00
[2024-11-22T09:06:27.447+0000] {processor.py:175} INFO - Processing /home/airflow/.local/lib/python3.7/site-packages/airflow/example_dags/example_short_circuit_operator.py took 0.059 seconds
[2024-11-22T09:06:58.145+0000] {processor.py:153} INFO - Started process (PID=998) to work on /home/airflow/.local/lib/python3.7/site-packages/airflow/example_dags/example_short_circuit_operator.py
[2024-11-22T09:06:58.146+0000] {processor.py:743} INFO - Processing file /home/airflow/.local/lib/python3.7/site-packages/airflow/example_dags/example_short_circuit_operator.py for tasks to queue
[2024-11-22T09:06:58.147+0000] {logging_mixin.py:137} INFO - [2024-11-22T09:06:58.147+0000] {dagbag.py:538} INFO - Filling up the DagBag from /home/airflow/.local/lib/python3.7/site-packages/airflow/example_dags/example_short_circuit_operator.py
[2024-11-22T09:06:58.158+0000] {processor.py:753} INFO - DAG(s) dict_keys(['example_short_circuit_operator']) retrieved from /home/airflow/.local/lib/python3.7/site-packages/airflow/example_dags/example_short_circuit_operator.py
[2024-11-22T09:06:58.172+0000] {logging_mixin.py:137} INFO - [2024-11-22T09:06:58.172+0000] {dag.py:2690} INFO - Sync 1 DAGs
[2024-11-22T09:06:58.189+0000] {logging_mixin.py:137} INFO - [2024-11-22T09:06:58.189+0000] {dag.py:3441} INFO - Setting next_dagrun for example_short_circuit_operator to 2024-11-21T09:06:58.189726+00:00, run_after=2024-11-22T09:06:58.189726+00:00
[2024-11-22T09:06:58.204+0000] {processor.py:175} INFO - Processing /home/airflow/.local/lib/python3.7/site-packages/airflow/example_dags/example_short_circuit_operator.py took 0.061 seconds
[2024-11-22T09:07:29.131+0000] {processor.py:153} INFO - Started process (PID=1088) to work on /home/airflow/.local/lib/python3.7/site-packages/airflow/example_dags/example_short_circuit_operator.py
[2024-11-22T09:07:29.132+0000] {processor.py:743} INFO - Processing file /home/airflow/.local/lib/python3.7/site-packages/airflow/example_dags/example_short_circuit_operator.py for tasks to queue
[2024-11-22T09:07:29.132+0000] {logging_mixin.py:137} INFO - [2024-11-22T09:07:29.132+0000] {dagbag.py:538} INFO - Filling up the DagBag from /home/airflow/.local/lib/python3.7/site-packages/airflow/example_dags/example_short_circuit_operator.py
[2024-11-22T09:07:29.141+0000] {processor.py:753} INFO - DAG(s) dict_keys(['example_short_circuit_operator']) retrieved from /home/airflow/.local/lib/python3.7/site-packages/airflow/example_dags/example_short_circuit_operator.py
[2024-11-22T09:07:29.156+0000] {logging_mixin.py:137} INFO - [2024-11-22T09:07:29.156+0000] {dag.py:2690} INFO - Sync 1 DAGs
[2024-11-22T09:07:29.171+0000] {logging_mixin.py:137} INFO - [2024-11-22T09:07:29.171+0000] {dag.py:3441} INFO - Setting next_dagrun for example_short_circuit_operator to 2024-11-21T09:07:29.171582+00:00, run_after=2024-11-22T09:07:29.171582+00:00
[2024-11-22T09:07:29.184+0000] {processor.py:175} INFO - Processing /home/airflow/.local/lib/python3.7/site-packages/airflow/example_dags/example_short_circuit_operator.py took 0.055 seconds
[2024-11-22T09:07:59.868+0000] {processor.py:153} INFO - Started process (PID=1162) to work on /home/airflow/.local/lib/python3.7/site-packages/airflow/example_dags/example_short_circuit_operator.py
[2024-11-22T09:07:59.869+0000] {processor.py:743} INFO - Processing file /home/airflow/.local/lib/python3.7/site-packages/airflow/example_dags/example_short_circuit_operator.py for tasks to queue
[2024-11-22T09:07:59.871+0000] {logging_mixin.py:137} INFO - [2024-11-22T09:07:59.871+0000] {dagbag.py:538} INFO - Filling up the DagBag from /home/airflow/.local/lib/python3.7/site-packages/airflow/example_dags/example_short_circuit_operator.py
[2024-11-22T09:07:59.880+0000] {processor.py:753} INFO - DAG(s) dict_keys(['example_short_circuit_operator']) retrieved from /home/airflow/.local/lib/python3.7/site-packages/airflow/example_dags/example_short_circuit_operator.py
[2024-11-22T09:07:59.893+0000] {logging_mixin.py:137} INFO - [2024-11-22T09:07:59.893+0000] {dag.py:2690} INFO - Sync 1 DAGs
[2024-11-22T09:07:59.906+0000] {logging_mixin.py:137} INFO - [2024-11-22T09:07:59.906+0000] {dag.py:3441} INFO - Setting next_dagrun for example_short_circuit_operator to 2024-11-21T09:07:59.906258+00:00, run_after=2024-11-22T09:07:59.906258+00:00
[2024-11-22T09:07:59.917+0000] {processor.py:175} INFO - Processing /home/airflow/.local/lib/python3.7/site-packages/airflow/example_dags/example_short_circuit_operator.py took 0.051 seconds
[2024-11-22T09:08:31.018+0000] {processor.py:153} INFO - Started process (PID=1251) to work on /home/airflow/.local/lib/python3.7/site-packages/airflow/example_dags/example_short_circuit_operator.py
[2024-11-22T09:08:31.019+0000] {processor.py:743} INFO - Processing file /home/airflow/.local/lib/python3.7/site-packages/airflow/example_dags/example_short_circuit_operator.py for tasks to queue
[2024-11-22T09:08:31.020+0000] {logging_mixin.py:137} INFO - [2024-11-22T09:08:31.019+0000] {dagbag.py:538} INFO - Filling up the DagBag from /home/airflow/.local/lib/python3.7/site-packages/airflow/example_dags/example_short_circuit_operator.py
[2024-11-22T09:08:31.028+0000] {processor.py:753} INFO - DAG(s) dict_keys(['example_short_circuit_operator']) retrieved from /home/airflow/.local/lib/python3.7/site-packages/airflow/example_dags/example_short_circuit_operator.py
[2024-11-22T09:08:31.047+0000] {logging_mixin.py:137} INFO - [2024-11-22T09:08:31.047+0000] {dag.py:2690} INFO - Sync 1 DAGs
[2024-11-22T09:08:31.059+0000] {logging_mixin.py:137} INFO - [2024-11-22T09:08:31.059+0000] {dag.py:3441} INFO - Setting next_dagrun for example_short_circuit_operator to 2024-11-21T09:08:31.059004+00:00, run_after=2024-11-22T09:08:31.059004+00:00
[2024-11-22T09:08:31.071+0000] {processor.py:175} INFO - Processing /home/airflow/.local/lib/python3.7/site-packages/airflow/example_dags/example_short_circuit_operator.py took 0.055 seconds
[2024-11-22T09:09:01.427+0000] {processor.py:153} INFO - Started process (PID=1340) to work on /home/airflow/.local/lib/python3.7/site-packages/airflow/example_dags/example_short_circuit_operator.py
[2024-11-22T09:09:01.427+0000] {processor.py:743} INFO - Processing file /home/airflow/.local/lib/python3.7/site-packages/airflow/example_dags/example_short_circuit_operator.py for tasks to queue
[2024-11-22T09:09:01.428+0000] {logging_mixin.py:137} INFO - [2024-11-22T09:09:01.428+0000] {dagbag.py:538} INFO - Filling up the DagBag from /home/airflow/.local/lib/python3.7/site-packages/airflow/example_dags/example_short_circuit_operator.py
[2024-11-22T09:09:01.436+0000] {processor.py:753} INFO - DAG(s) dict_keys(['example_short_circuit_operator']) retrieved from /home/airflow/.local/lib/python3.7/site-packages/airflow/example_dags/example_short_circuit_operator.py
[2024-11-22T09:09:01.460+0000] {logging_mixin.py:137} INFO - [2024-11-22T09:09:01.460+0000] {dag.py:2690} INFO - Sync 1 DAGs
[2024-11-22T09:09:01.476+0000] {logging_mixin.py:137} INFO - [2024-11-22T09:09:01.476+0000] {dag.py:3441} INFO - Setting next_dagrun for example_short_circuit_operator to 2024-11-21T09:09:01.476262+00:00, run_after=2024-11-22T09:09:01.476262+00:00
[2024-11-22T09:09:01.487+0000] {processor.py:175} INFO - Processing /home/airflow/.local/lib/python3.7/site-packages/airflow/example_dags/example_short_circuit_operator.py took 0.062 seconds
[2024-11-22T09:09:31.718+0000] {processor.py:153} INFO - Started process (PID=1430) to work on /home/airflow/.local/lib/python3.7/site-packages/airflow/example_dags/example_short_circuit_operator.py
[2024-11-22T09:09:31.719+0000] {processor.py:743} INFO - Processing file /home/airflow/.local/lib/python3.7/site-packages/airflow/example_dags/example_short_circuit_operator.py for tasks to queue
[2024-11-22T09:09:31.720+0000] {logging_mixin.py:137} INFO - [2024-11-22T09:09:31.720+0000] {dagbag.py:538} INFO - Filling up the DagBag from /home/airflow/.local/lib/python3.7/site-packages/airflow/example_dags/example_short_circuit_operator.py
[2024-11-22T09:09:31.731+0000] {processor.py:753} INFO - DAG(s) dict_keys(['example_short_circuit_operator']) retrieved from /home/airflow/.local/lib/python3.7/site-packages/airflow/example_dags/example_short_circuit_operator.py
[2024-11-22T09:09:31.756+0000] {logging_mixin.py:137} INFO - [2024-11-22T09:09:31.756+0000] {dag.py:2690} INFO - Sync 1 DAGs
[2024-11-22T09:09:31.773+0000] {logging_mixin.py:137} INFO - [2024-11-22T09:09:31.772+0000] {dag.py:3441} INFO - Setting next_dagrun for example_short_circuit_operator to 2024-11-21T09:09:31.772611+00:00, run_after=2024-11-22T09:09:31.772611+00:00
[2024-11-22T09:09:31.786+0000] {processor.py:175} INFO - Processing /home/airflow/.local/lib/python3.7/site-packages/airflow/example_dags/example_short_circuit_operator.py took 0.071 seconds
