[2024-11-22T07:41:16.222+0000] {processor.py:153} INFO - Started process (PID=89) to work on /home/airflow/.local/lib/python3.7/site-packages/airflow/example_dags/example_dag_decorator.py
[2024-11-22T07:41:16.223+0000] {processor.py:743} INFO - Processing file /home/airflow/.local/lib/python3.7/site-packages/airflow/example_dags/example_dag_decorator.py for tasks to queue
[2024-11-22T07:41:16.224+0000] {logging_mixin.py:137} INFO - [2024-11-22T07:41:16.224+0000] {dagbag.py:538} INFO - Filling up the DagBag from /home/airflow/.local/lib/python3.7/site-packages/airflow/example_dags/example_dag_decorator.py
[2024-11-22T07:41:16.248+0000] {logging_mixin.py:137} INFO - [2024-11-22T07:41:16.248+0000] {taskmixin.py:205} WARNING - Dependency <Task(_PythonDecoratedOperator): prepare_email>, send_email already registered for DAG: example_dag_decorator
[2024-11-22T07:41:16.253+0000] {logging_mixin.py:137} INFO - [2024-11-22T07:41:16.253+0000] {taskmixin.py:205} WARNING - Dependency <Task(EmailOperator): send_email>, prepare_email already registered for DAG: example_dag_decorator
[2024-11-22T07:41:16.266+0000] {processor.py:753} INFO - DAG(s) dict_keys(['example_dag_decorator']) retrieved from /home/airflow/.local/lib/python3.7/site-packages/airflow/example_dags/example_dag_decorator.py
[2024-11-22T07:41:16.353+0000] {logging_mixin.py:137} INFO - [2024-11-22T07:41:16.352+0000] {manager.py:504} INFO - Created Permission View: can read on DAG:example_dag_decorator
[2024-11-22T07:41:16.359+0000] {logging_mixin.py:137} INFO - [2024-11-22T07:41:16.358+0000] {manager.py:504} INFO - Created Permission View: can edit on DAG:example_dag_decorator
[2024-11-22T07:41:16.363+0000] {logging_mixin.py:137} INFO - [2024-11-22T07:41:16.363+0000] {manager.py:504} INFO - Created Permission View: can delete on DAG:example_dag_decorator
[2024-11-22T07:41:16.363+0000] {logging_mixin.py:137} INFO - [2024-11-22T07:41:16.363+0000] {dag.py:2690} INFO - Sync 1 DAGs
[2024-11-22T07:41:16.371+0000] {logging_mixin.py:137} INFO - [2024-11-22T07:41:16.371+0000] {dag.py:2711} INFO - Creating ORM DAG for example_dag_decorator
[2024-11-22T07:41:16.381+0000] {logging_mixin.py:137} INFO - [2024-11-22T07:41:16.381+0000] {dag.py:3441} INFO - Setting next_dagrun for example_dag_decorator to None, run_after=None
[2024-11-22T07:41:16.414+0000] {processor.py:175} INFO - Processing /home/airflow/.local/lib/python3.7/site-packages/airflow/example_dags/example_dag_decorator.py took 0.194 seconds
[2024-11-22T07:41:46.704+0000] {processor.py:153} INFO - Started process (PID=162) to work on /home/airflow/.local/lib/python3.7/site-packages/airflow/example_dags/example_dag_decorator.py
[2024-11-22T07:41:46.705+0000] {processor.py:743} INFO - Processing file /home/airflow/.local/lib/python3.7/site-packages/airflow/example_dags/example_dag_decorator.py for tasks to queue
[2024-11-22T07:41:46.706+0000] {logging_mixin.py:137} INFO - [2024-11-22T07:41:46.705+0000] {dagbag.py:538} INFO - Filling up the DagBag from /home/airflow/.local/lib/python3.7/site-packages/airflow/example_dags/example_dag_decorator.py
[2024-11-22T07:41:46.722+0000] {logging_mixin.py:137} INFO - [2024-11-22T07:41:46.721+0000] {taskmixin.py:205} WARNING - Dependency <Task(_PythonDecoratedOperator): prepare_email>, send_email already registered for DAG: example_dag_decorator
[2024-11-22T07:41:46.725+0000] {logging_mixin.py:137} INFO - [2024-11-22T07:41:46.725+0000] {taskmixin.py:205} WARNING - Dependency <Task(EmailOperator): send_email>, prepare_email already registered for DAG: example_dag_decorator
[2024-11-22T07:41:46.736+0000] {processor.py:753} INFO - DAG(s) dict_keys(['example_dag_decorator']) retrieved from /home/airflow/.local/lib/python3.7/site-packages/airflow/example_dags/example_dag_decorator.py
[2024-11-22T07:41:46.794+0000] {logging_mixin.py:137} INFO - [2024-11-22T07:41:46.794+0000] {dag.py:2690} INFO - Sync 1 DAGs
[2024-11-22T07:41:46.814+0000] {logging_mixin.py:137} INFO - [2024-11-22T07:41:46.814+0000] {dag.py:3441} INFO - Setting next_dagrun for example_dag_decorator to None, run_after=None
[2024-11-22T07:41:46.829+0000] {processor.py:175} INFO - Processing /home/airflow/.local/lib/python3.7/site-packages/airflow/example_dags/example_dag_decorator.py took 0.128 seconds
[2024-11-22T07:42:17.500+0000] {processor.py:153} INFO - Started process (PID=247) to work on /home/airflow/.local/lib/python3.7/site-packages/airflow/example_dags/example_dag_decorator.py
[2024-11-22T07:42:17.502+0000] {processor.py:743} INFO - Processing file /home/airflow/.local/lib/python3.7/site-packages/airflow/example_dags/example_dag_decorator.py for tasks to queue
[2024-11-22T07:42:17.502+0000] {logging_mixin.py:137} INFO - [2024-11-22T07:42:17.502+0000] {dagbag.py:538} INFO - Filling up the DagBag from /home/airflow/.local/lib/python3.7/site-packages/airflow/example_dags/example_dag_decorator.py
[2024-11-22T07:42:17.510+0000] {logging_mixin.py:137} INFO - [2024-11-22T07:42:17.510+0000] {taskmixin.py:205} WARNING - Dependency <Task(_PythonDecoratedOperator): prepare_email>, send_email already registered for DAG: example_dag_decorator
[2024-11-22T07:42:17.511+0000] {logging_mixin.py:137} INFO - [2024-11-22T07:42:17.511+0000] {taskmixin.py:205} WARNING - Dependency <Task(EmailOperator): send_email>, prepare_email already registered for DAG: example_dag_decorator
[2024-11-22T07:42:17.517+0000] {processor.py:753} INFO - DAG(s) dict_keys(['example_dag_decorator']) retrieved from /home/airflow/.local/lib/python3.7/site-packages/airflow/example_dags/example_dag_decorator.py
[2024-11-22T07:42:17.556+0000] {logging_mixin.py:137} INFO - [2024-11-22T07:42:17.556+0000] {dag.py:2690} INFO - Sync 1 DAGs
[2024-11-22T07:42:17.568+0000] {logging_mixin.py:137} INFO - [2024-11-22T07:42:17.568+0000] {dag.py:3441} INFO - Setting next_dagrun for example_dag_decorator to None, run_after=None
[2024-11-22T07:42:17.577+0000] {processor.py:175} INFO - Processing /home/airflow/.local/lib/python3.7/site-packages/airflow/example_dags/example_dag_decorator.py took 0.078 seconds
[2024-11-22T07:42:48.471+0000] {processor.py:153} INFO - Started process (PID=334) to work on /home/airflow/.local/lib/python3.7/site-packages/airflow/example_dags/example_dag_decorator.py
[2024-11-22T07:42:48.473+0000] {processor.py:743} INFO - Processing file /home/airflow/.local/lib/python3.7/site-packages/airflow/example_dags/example_dag_decorator.py for tasks to queue
[2024-11-22T07:42:48.473+0000] {logging_mixin.py:137} INFO - [2024-11-22T07:42:48.473+0000] {dagbag.py:538} INFO - Filling up the DagBag from /home/airflow/.local/lib/python3.7/site-packages/airflow/example_dags/example_dag_decorator.py
[2024-11-22T07:42:48.486+0000] {logging_mixin.py:137} INFO - [2024-11-22T07:42:48.485+0000] {taskmixin.py:205} WARNING - Dependency <Task(_PythonDecoratedOperator): prepare_email>, send_email already registered for DAG: example_dag_decorator
[2024-11-22T07:42:48.486+0000] {logging_mixin.py:137} INFO - [2024-11-22T07:42:48.486+0000] {taskmixin.py:205} WARNING - Dependency <Task(EmailOperator): send_email>, prepare_email already registered for DAG: example_dag_decorator
[2024-11-22T07:42:48.498+0000] {processor.py:753} INFO - DAG(s) dict_keys(['example_dag_decorator']) retrieved from /home/airflow/.local/lib/python3.7/site-packages/airflow/example_dags/example_dag_decorator.py
[2024-11-22T07:42:48.537+0000] {logging_mixin.py:137} INFO - [2024-11-22T07:42:48.536+0000] {dag.py:2690} INFO - Sync 1 DAGs
[2024-11-22T07:42:48.548+0000] {logging_mixin.py:137} INFO - [2024-11-22T07:42:48.548+0000] {dag.py:3441} INFO - Setting next_dagrun for example_dag_decorator to None, run_after=None
[2024-11-22T07:42:48.559+0000] {processor.py:175} INFO - Processing /home/airflow/.local/lib/python3.7/site-packages/airflow/example_dags/example_dag_decorator.py took 0.091 seconds
[2024-11-22T07:43:18.613+0000] {processor.py:153} INFO - Started process (PID=407) to work on /home/airflow/.local/lib/python3.7/site-packages/airflow/example_dags/example_dag_decorator.py
[2024-11-22T07:43:18.614+0000] {processor.py:743} INFO - Processing file /home/airflow/.local/lib/python3.7/site-packages/airflow/example_dags/example_dag_decorator.py for tasks to queue
[2024-11-22T07:43:18.615+0000] {logging_mixin.py:137} INFO - [2024-11-22T07:43:18.615+0000] {dagbag.py:538} INFO - Filling up the DagBag from /home/airflow/.local/lib/python3.7/site-packages/airflow/example_dags/example_dag_decorator.py
[2024-11-22T07:43:18.627+0000] {logging_mixin.py:137} INFO - [2024-11-22T07:43:18.627+0000] {taskmixin.py:205} WARNING - Dependency <Task(_PythonDecoratedOperator): prepare_email>, send_email already registered for DAG: example_dag_decorator
[2024-11-22T07:43:18.627+0000] {logging_mixin.py:137} INFO - [2024-11-22T07:43:18.627+0000] {taskmixin.py:205} WARNING - Dependency <Task(EmailOperator): send_email>, prepare_email already registered for DAG: example_dag_decorator
[2024-11-22T07:43:18.633+0000] {processor.py:753} INFO - DAG(s) dict_keys(['example_dag_decorator']) retrieved from /home/airflow/.local/lib/python3.7/site-packages/airflow/example_dags/example_dag_decorator.py
[2024-11-22T07:43:18.660+0000] {logging_mixin.py:137} INFO - [2024-11-22T07:43:18.660+0000] {dag.py:2690} INFO - Sync 1 DAGs
[2024-11-22T07:43:18.669+0000] {logging_mixin.py:137} INFO - [2024-11-22T07:43:18.669+0000] {dag.py:3441} INFO - Setting next_dagrun for example_dag_decorator to None, run_after=None
[2024-11-22T07:43:18.676+0000] {processor.py:175} INFO - Processing /home/airflow/.local/lib/python3.7/site-packages/airflow/example_dags/example_dag_decorator.py took 0.065 seconds
[2024-11-22T07:43:48.814+0000] {processor.py:153} INFO - Started process (PID=492) to work on /home/airflow/.local/lib/python3.7/site-packages/airflow/example_dags/example_dag_decorator.py
[2024-11-22T07:43:48.814+0000] {processor.py:743} INFO - Processing file /home/airflow/.local/lib/python3.7/site-packages/airflow/example_dags/example_dag_decorator.py for tasks to queue
[2024-11-22T07:43:48.815+0000] {logging_mixin.py:137} INFO - [2024-11-22T07:43:48.815+0000] {dagbag.py:538} INFO - Filling up the DagBag from /home/airflow/.local/lib/python3.7/site-packages/airflow/example_dags/example_dag_decorator.py
[2024-11-22T07:43:48.824+0000] {logging_mixin.py:137} INFO - [2024-11-22T07:43:48.824+0000] {taskmixin.py:205} WARNING - Dependency <Task(_PythonDecoratedOperator): prepare_email>, send_email already registered for DAG: example_dag_decorator
[2024-11-22T07:43:48.824+0000] {logging_mixin.py:137} INFO - [2024-11-22T07:43:48.824+0000] {taskmixin.py:205} WARNING - Dependency <Task(EmailOperator): send_email>, prepare_email already registered for DAG: example_dag_decorator
[2024-11-22T07:43:48.832+0000] {processor.py:753} INFO - DAG(s) dict_keys(['example_dag_decorator']) retrieved from /home/airflow/.local/lib/python3.7/site-packages/airflow/example_dags/example_dag_decorator.py
[2024-11-22T07:43:48.869+0000] {logging_mixin.py:137} INFO - [2024-11-22T07:43:48.869+0000] {dag.py:2690} INFO - Sync 1 DAGs
[2024-11-22T07:43:48.882+0000] {logging_mixin.py:137} INFO - [2024-11-22T07:43:48.882+0000] {dag.py:3441} INFO - Setting next_dagrun for example_dag_decorator to None, run_after=None
[2024-11-22T07:43:48.894+0000] {processor.py:175} INFO - Processing /home/airflow/.local/lib/python3.7/site-packages/airflow/example_dags/example_dag_decorator.py took 0.082 seconds
[2024-11-22T07:44:19.238+0000] {processor.py:153} INFO - Started process (PID=563) to work on /home/airflow/.local/lib/python3.7/site-packages/airflow/example_dags/example_dag_decorator.py
[2024-11-22T07:44:19.239+0000] {processor.py:743} INFO - Processing file /home/airflow/.local/lib/python3.7/site-packages/airflow/example_dags/example_dag_decorator.py for tasks to queue
[2024-11-22T07:44:19.240+0000] {logging_mixin.py:137} INFO - [2024-11-22T07:44:19.240+0000] {dagbag.py:538} INFO - Filling up the DagBag from /home/airflow/.local/lib/python3.7/site-packages/airflow/example_dags/example_dag_decorator.py
[2024-11-22T07:44:19.257+0000] {logging_mixin.py:137} INFO - [2024-11-22T07:44:19.257+0000] {taskmixin.py:205} WARNING - Dependency <Task(_PythonDecoratedOperator): prepare_email>, send_email already registered for DAG: example_dag_decorator
[2024-11-22T07:44:19.258+0000] {logging_mixin.py:137} INFO - [2024-11-22T07:44:19.258+0000] {taskmixin.py:205} WARNING - Dependency <Task(EmailOperator): send_email>, prepare_email already registered for DAG: example_dag_decorator
[2024-11-22T07:44:19.269+0000] {processor.py:753} INFO - DAG(s) dict_keys(['example_dag_decorator']) retrieved from /home/airflow/.local/lib/python3.7/site-packages/airflow/example_dags/example_dag_decorator.py
[2024-11-22T07:44:19.321+0000] {logging_mixin.py:137} INFO - [2024-11-22T07:44:19.321+0000] {dag.py:2690} INFO - Sync 1 DAGs
[2024-11-22T07:44:19.335+0000] {logging_mixin.py:137} INFO - [2024-11-22T07:44:19.335+0000] {dag.py:3441} INFO - Setting next_dagrun for example_dag_decorator to None, run_after=None
[2024-11-22T07:44:19.348+0000] {processor.py:175} INFO - Processing /home/airflow/.local/lib/python3.7/site-packages/airflow/example_dags/example_dag_decorator.py took 0.112 seconds
[2024-11-22T07:44:50.130+0000] {processor.py:153} INFO - Started process (PID=649) to work on /home/airflow/.local/lib/python3.7/site-packages/airflow/example_dags/example_dag_decorator.py
[2024-11-22T07:44:50.132+0000] {processor.py:743} INFO - Processing file /home/airflow/.local/lib/python3.7/site-packages/airflow/example_dags/example_dag_decorator.py for tasks to queue
[2024-11-22T07:44:50.133+0000] {logging_mixin.py:137} INFO - [2024-11-22T07:44:50.132+0000] {dagbag.py:538} INFO - Filling up the DagBag from /home/airflow/.local/lib/python3.7/site-packages/airflow/example_dags/example_dag_decorator.py
[2024-11-22T07:44:50.161+0000] {logging_mixin.py:137} INFO - [2024-11-22T07:44:50.160+0000] {taskmixin.py:205} WARNING - Dependency <Task(_PythonDecoratedOperator): prepare_email>, send_email already registered for DAG: example_dag_decorator
[2024-11-22T07:44:50.165+0000] {logging_mixin.py:137} INFO - [2024-11-22T07:44:50.165+0000] {taskmixin.py:205} WARNING - Dependency <Task(EmailOperator): send_email>, prepare_email already registered for DAG: example_dag_decorator
[2024-11-22T07:44:50.215+0000] {processor.py:753} INFO - DAG(s) dict_keys(['example_dag_decorator']) retrieved from /home/airflow/.local/lib/python3.7/site-packages/airflow/example_dags/example_dag_decorator.py
[2024-11-22T07:44:50.296+0000] {logging_mixin.py:137} INFO - [2024-11-22T07:44:50.296+0000] {dag.py:2690} INFO - Sync 1 DAGs
[2024-11-22T07:44:50.316+0000] {logging_mixin.py:137} INFO - [2024-11-22T07:44:50.315+0000] {dag.py:3441} INFO - Setting next_dagrun for example_dag_decorator to None, run_after=None
[2024-11-22T07:44:50.330+0000] {processor.py:175} INFO - Processing /home/airflow/.local/lib/python3.7/site-packages/airflow/example_dags/example_dag_decorator.py took 0.202 seconds
[2024-11-22T07:45:21.234+0000] {processor.py:153} INFO - Started process (PID=737) to work on /home/airflow/.local/lib/python3.7/site-packages/airflow/example_dags/example_dag_decorator.py
[2024-11-22T07:45:21.235+0000] {processor.py:743} INFO - Processing file /home/airflow/.local/lib/python3.7/site-packages/airflow/example_dags/example_dag_decorator.py for tasks to queue
[2024-11-22T07:45:21.236+0000] {logging_mixin.py:137} INFO - [2024-11-22T07:45:21.236+0000] {dagbag.py:538} INFO - Filling up the DagBag from /home/airflow/.local/lib/python3.7/site-packages/airflow/example_dags/example_dag_decorator.py
[2024-11-22T07:45:21.252+0000] {logging_mixin.py:137} INFO - [2024-11-22T07:45:21.252+0000] {taskmixin.py:205} WARNING - Dependency <Task(_PythonDecoratedOperator): prepare_email>, send_email already registered for DAG: example_dag_decorator
[2024-11-22T07:45:21.253+0000] {logging_mixin.py:137} INFO - [2024-11-22T07:45:21.253+0000] {taskmixin.py:205} WARNING - Dependency <Task(EmailOperator): send_email>, prepare_email already registered for DAG: example_dag_decorator
[2024-11-22T07:45:21.267+0000] {processor.py:753} INFO - DAG(s) dict_keys(['example_dag_decorator']) retrieved from /home/airflow/.local/lib/python3.7/site-packages/airflow/example_dags/example_dag_decorator.py
[2024-11-22T07:45:21.301+0000] {logging_mixin.py:137} INFO - [2024-11-22T07:45:21.301+0000] {dag.py:2690} INFO - Sync 1 DAGs
[2024-11-22T07:45:21.311+0000] {logging_mixin.py:137} INFO - [2024-11-22T07:45:21.311+0000] {dag.py:3441} INFO - Setting next_dagrun for example_dag_decorator to None, run_after=None
[2024-11-22T07:45:21.319+0000] {processor.py:175} INFO - Processing /home/airflow/.local/lib/python3.7/site-packages/airflow/example_dags/example_dag_decorator.py took 0.089 seconds
[2024-11-22T07:45:52.247+0000] {processor.py:153} INFO - Started process (PID=824) to work on /home/airflow/.local/lib/python3.7/site-packages/airflow/example_dags/example_dag_decorator.py
[2024-11-22T07:45:52.248+0000] {processor.py:743} INFO - Processing file /home/airflow/.local/lib/python3.7/site-packages/airflow/example_dags/example_dag_decorator.py for tasks to queue
[2024-11-22T07:45:52.249+0000] {logging_mixin.py:137} INFO - [2024-11-22T07:45:52.249+0000] {dagbag.py:538} INFO - Filling up the DagBag from /home/airflow/.local/lib/python3.7/site-packages/airflow/example_dags/example_dag_decorator.py
[2024-11-22T07:45:52.265+0000] {logging_mixin.py:137} INFO - [2024-11-22T07:45:52.265+0000] {taskmixin.py:205} WARNING - Dependency <Task(_PythonDecoratedOperator): prepare_email>, send_email already registered for DAG: example_dag_decorator
[2024-11-22T07:45:52.266+0000] {logging_mixin.py:137} INFO - [2024-11-22T07:45:52.266+0000] {taskmixin.py:205} WARNING - Dependency <Task(EmailOperator): send_email>, prepare_email already registered for DAG: example_dag_decorator
[2024-11-22T07:45:52.278+0000] {processor.py:753} INFO - DAG(s) dict_keys(['example_dag_decorator']) retrieved from /home/airflow/.local/lib/python3.7/site-packages/airflow/example_dags/example_dag_decorator.py
[2024-11-22T07:45:52.313+0000] {logging_mixin.py:137} INFO - [2024-11-22T07:45:52.313+0000] {dag.py:2690} INFO - Sync 1 DAGs
[2024-11-22T07:45:52.323+0000] {logging_mixin.py:137} INFO - [2024-11-22T07:45:52.323+0000] {dag.py:3441} INFO - Setting next_dagrun for example_dag_decorator to None, run_after=None
[2024-11-22T07:45:52.331+0000] {processor.py:175} INFO - Processing /home/airflow/.local/lib/python3.7/site-packages/airflow/example_dags/example_dag_decorator.py took 0.087 seconds
[2024-11-22T07:46:23.071+0000] {processor.py:153} INFO - Started process (PID=895) to work on /home/airflow/.local/lib/python3.7/site-packages/airflow/example_dags/example_dag_decorator.py
[2024-11-22T07:46:23.072+0000] {processor.py:743} INFO - Processing file /home/airflow/.local/lib/python3.7/site-packages/airflow/example_dags/example_dag_decorator.py for tasks to queue
[2024-11-22T07:46:23.074+0000] {logging_mixin.py:137} INFO - [2024-11-22T07:46:23.074+0000] {dagbag.py:538} INFO - Filling up the DagBag from /home/airflow/.local/lib/python3.7/site-packages/airflow/example_dags/example_dag_decorator.py
[2024-11-22T07:46:23.092+0000] {logging_mixin.py:137} INFO - [2024-11-22T07:46:23.092+0000] {taskmixin.py:205} WARNING - Dependency <Task(_PythonDecoratedOperator): prepare_email>, send_email already registered for DAG: example_dag_decorator
[2024-11-22T07:46:23.093+0000] {logging_mixin.py:137} INFO - [2024-11-22T07:46:23.093+0000] {taskmixin.py:205} WARNING - Dependency <Task(EmailOperator): send_email>, prepare_email already registered for DAG: example_dag_decorator
[2024-11-22T07:46:23.107+0000] {processor.py:753} INFO - DAG(s) dict_keys(['example_dag_decorator']) retrieved from /home/airflow/.local/lib/python3.7/site-packages/airflow/example_dags/example_dag_decorator.py
[2024-11-22T07:46:23.150+0000] {logging_mixin.py:137} INFO - [2024-11-22T07:46:23.150+0000] {dag.py:2690} INFO - Sync 1 DAGs
[2024-11-22T07:46:23.164+0000] {logging_mixin.py:137} INFO - [2024-11-22T07:46:23.164+0000] {dag.py:3441} INFO - Setting next_dagrun for example_dag_decorator to None, run_after=None
[2024-11-22T07:46:23.173+0000] {processor.py:175} INFO - Processing /home/airflow/.local/lib/python3.7/site-packages/airflow/example_dags/example_dag_decorator.py took 0.107 seconds
[2024-11-22T07:46:53.340+0000] {processor.py:153} INFO - Started process (PID=982) to work on /home/airflow/.local/lib/python3.7/site-packages/airflow/example_dags/example_dag_decorator.py
[2024-11-22T07:46:53.345+0000] {processor.py:743} INFO - Processing file /home/airflow/.local/lib/python3.7/site-packages/airflow/example_dags/example_dag_decorator.py for tasks to queue
[2024-11-22T07:46:53.346+0000] {logging_mixin.py:137} INFO - [2024-11-22T07:46:53.346+0000] {dagbag.py:538} INFO - Filling up the DagBag from /home/airflow/.local/lib/python3.7/site-packages/airflow/example_dags/example_dag_decorator.py
[2024-11-22T07:46:53.360+0000] {logging_mixin.py:137} INFO - [2024-11-22T07:46:53.360+0000] {taskmixin.py:205} WARNING - Dependency <Task(_PythonDecoratedOperator): prepare_email>, send_email already registered for DAG: example_dag_decorator
[2024-11-22T07:46:53.360+0000] {logging_mixin.py:137} INFO - [2024-11-22T07:46:53.360+0000] {taskmixin.py:205} WARNING - Dependency <Task(EmailOperator): send_email>, prepare_email already registered for DAG: example_dag_decorator
[2024-11-22T07:46:53.372+0000] {processor.py:753} INFO - DAG(s) dict_keys(['example_dag_decorator']) retrieved from /home/airflow/.local/lib/python3.7/site-packages/airflow/example_dags/example_dag_decorator.py
[2024-11-22T07:46:53.406+0000] {logging_mixin.py:137} INFO - [2024-11-22T07:46:53.406+0000] {dag.py:2690} INFO - Sync 1 DAGs
[2024-11-22T07:46:53.418+0000] {logging_mixin.py:137} INFO - [2024-11-22T07:46:53.418+0000] {dag.py:3441} INFO - Setting next_dagrun for example_dag_decorator to None, run_after=None
[2024-11-22T07:46:53.435+0000] {processor.py:175} INFO - Processing /home/airflow/.local/lib/python3.7/site-packages/airflow/example_dags/example_dag_decorator.py took 0.099 seconds
[2024-11-22T07:47:23.835+0000] {processor.py:153} INFO - Started process (PID=1054) to work on /home/airflow/.local/lib/python3.7/site-packages/airflow/example_dags/example_dag_decorator.py
[2024-11-22T07:47:23.837+0000] {processor.py:743} INFO - Processing file /home/airflow/.local/lib/python3.7/site-packages/airflow/example_dags/example_dag_decorator.py for tasks to queue
[2024-11-22T07:47:23.838+0000] {logging_mixin.py:137} INFO - [2024-11-22T07:47:23.838+0000] {dagbag.py:538} INFO - Filling up the DagBag from /home/airflow/.local/lib/python3.7/site-packages/airflow/example_dags/example_dag_decorator.py
[2024-11-22T07:47:23.851+0000] {logging_mixin.py:137} INFO - [2024-11-22T07:47:23.851+0000] {taskmixin.py:205} WARNING - Dependency <Task(_PythonDecoratedOperator): prepare_email>, send_email already registered for DAG: example_dag_decorator
[2024-11-22T07:47:23.851+0000] {logging_mixin.py:137} INFO - [2024-11-22T07:47:23.851+0000] {taskmixin.py:205} WARNING - Dependency <Task(EmailOperator): send_email>, prepare_email already registered for DAG: example_dag_decorator
[2024-11-22T07:47:23.864+0000] {processor.py:753} INFO - DAG(s) dict_keys(['example_dag_decorator']) retrieved from /home/airflow/.local/lib/python3.7/site-packages/airflow/example_dags/example_dag_decorator.py
[2024-11-22T07:47:23.902+0000] {logging_mixin.py:137} INFO - [2024-11-22T07:47:23.902+0000] {dag.py:2690} INFO - Sync 1 DAGs
[2024-11-22T07:47:23.913+0000] {logging_mixin.py:137} INFO - [2024-11-22T07:47:23.913+0000] {dag.py:3441} INFO - Setting next_dagrun for example_dag_decorator to None, run_after=None
[2024-11-22T07:47:23.921+0000] {processor.py:175} INFO - Processing /home/airflow/.local/lib/python3.7/site-packages/airflow/example_dags/example_dag_decorator.py took 0.090 seconds
[2024-11-22T07:47:54.622+0000] {processor.py:153} INFO - Started process (PID=1140) to work on /home/airflow/.local/lib/python3.7/site-packages/airflow/example_dags/example_dag_decorator.py
[2024-11-22T07:47:54.623+0000] {processor.py:743} INFO - Processing file /home/airflow/.local/lib/python3.7/site-packages/airflow/example_dags/example_dag_decorator.py for tasks to queue
[2024-11-22T07:47:54.624+0000] {logging_mixin.py:137} INFO - [2024-11-22T07:47:54.624+0000] {dagbag.py:538} INFO - Filling up the DagBag from /home/airflow/.local/lib/python3.7/site-packages/airflow/example_dags/example_dag_decorator.py
[2024-11-22T07:47:54.640+0000] {logging_mixin.py:137} INFO - [2024-11-22T07:47:54.640+0000] {taskmixin.py:205} WARNING - Dependency <Task(_PythonDecoratedOperator): prepare_email>, send_email already registered for DAG: example_dag_decorator
[2024-11-22T07:47:54.642+0000] {logging_mixin.py:137} INFO - [2024-11-22T07:47:54.641+0000] {taskmixin.py:205} WARNING - Dependency <Task(EmailOperator): send_email>, prepare_email already registered for DAG: example_dag_decorator
[2024-11-22T07:47:54.651+0000] {processor.py:753} INFO - DAG(s) dict_keys(['example_dag_decorator']) retrieved from /home/airflow/.local/lib/python3.7/site-packages/airflow/example_dags/example_dag_decorator.py
[2024-11-22T07:47:54.683+0000] {logging_mixin.py:137} INFO - [2024-11-22T07:47:54.683+0000] {dag.py:2690} INFO - Sync 1 DAGs
[2024-11-22T07:47:54.692+0000] {logging_mixin.py:137} INFO - [2024-11-22T07:47:54.692+0000] {dag.py:3441} INFO - Setting next_dagrun for example_dag_decorator to None, run_after=None
[2024-11-22T07:47:54.700+0000] {processor.py:175} INFO - Processing /home/airflow/.local/lib/python3.7/site-packages/airflow/example_dags/example_dag_decorator.py took 0.082 seconds
[2024-11-22T07:48:24.946+0000] {processor.py:153} INFO - Started process (PID=1233) to work on /home/airflow/.local/lib/python3.7/site-packages/airflow/example_dags/example_dag_decorator.py
[2024-11-22T07:48:24.947+0000] {processor.py:743} INFO - Processing file /home/airflow/.local/lib/python3.7/site-packages/airflow/example_dags/example_dag_decorator.py for tasks to queue
[2024-11-22T07:48:24.948+0000] {logging_mixin.py:137} INFO - [2024-11-22T07:48:24.948+0000] {dagbag.py:538} INFO - Filling up the DagBag from /home/airflow/.local/lib/python3.7/site-packages/airflow/example_dags/example_dag_decorator.py
[2024-11-22T07:48:24.964+0000] {logging_mixin.py:137} INFO - [2024-11-22T07:48:24.964+0000] {taskmixin.py:205} WARNING - Dependency <Task(_PythonDecoratedOperator): prepare_email>, send_email already registered for DAG: example_dag_decorator
[2024-11-22T07:48:24.966+0000] {logging_mixin.py:137} INFO - [2024-11-22T07:48:24.966+0000] {taskmixin.py:205} WARNING - Dependency <Task(EmailOperator): send_email>, prepare_email already registered for DAG: example_dag_decorator
[2024-11-22T07:48:24.976+0000] {processor.py:753} INFO - DAG(s) dict_keys(['example_dag_decorator']) retrieved from /home/airflow/.local/lib/python3.7/site-packages/airflow/example_dags/example_dag_decorator.py
[2024-11-22T07:48:25.015+0000] {logging_mixin.py:137} INFO - [2024-11-22T07:48:25.015+0000] {dag.py:2690} INFO - Sync 1 DAGs
[2024-11-22T07:48:25.026+0000] {logging_mixin.py:137} INFO - [2024-11-22T07:48:25.026+0000] {dag.py:3441} INFO - Setting next_dagrun for example_dag_decorator to None, run_after=None
[2024-11-22T07:48:25.035+0000] {processor.py:175} INFO - Processing /home/airflow/.local/lib/python3.7/site-packages/airflow/example_dags/example_dag_decorator.py took 0.092 seconds
[2024-11-22T07:48:55.918+0000] {processor.py:153} INFO - Started process (PID=1304) to work on /home/airflow/.local/lib/python3.7/site-packages/airflow/example_dags/example_dag_decorator.py
[2024-11-22T07:48:55.919+0000] {processor.py:743} INFO - Processing file /home/airflow/.local/lib/python3.7/site-packages/airflow/example_dags/example_dag_decorator.py for tasks to queue
[2024-11-22T07:48:55.920+0000] {logging_mixin.py:137} INFO - [2024-11-22T07:48:55.920+0000] {dagbag.py:538} INFO - Filling up the DagBag from /home/airflow/.local/lib/python3.7/site-packages/airflow/example_dags/example_dag_decorator.py
[2024-11-22T07:48:55.933+0000] {logging_mixin.py:137} INFO - [2024-11-22T07:48:55.932+0000] {taskmixin.py:205} WARNING - Dependency <Task(_PythonDecoratedOperator): prepare_email>, send_email already registered for DAG: example_dag_decorator
[2024-11-22T07:48:55.933+0000] {logging_mixin.py:137} INFO - [2024-11-22T07:48:55.933+0000] {taskmixin.py:205} WARNING - Dependency <Task(EmailOperator): send_email>, prepare_email already registered for DAG: example_dag_decorator
[2024-11-22T07:48:55.941+0000] {processor.py:753} INFO - DAG(s) dict_keys(['example_dag_decorator']) retrieved from /home/airflow/.local/lib/python3.7/site-packages/airflow/example_dags/example_dag_decorator.py
[2024-11-22T07:48:55.975+0000] {logging_mixin.py:137} INFO - [2024-11-22T07:48:55.975+0000] {dag.py:2690} INFO - Sync 1 DAGs
[2024-11-22T07:48:55.984+0000] {logging_mixin.py:137} INFO - [2024-11-22T07:48:55.984+0000] {dag.py:3441} INFO - Setting next_dagrun for example_dag_decorator to None, run_after=None
[2024-11-22T07:48:55.992+0000] {processor.py:175} INFO - Processing /home/airflow/.local/lib/python3.7/site-packages/airflow/example_dags/example_dag_decorator.py took 0.078 seconds
