[2024-11-22T07:41:15.558+0000] {processor.py:153} INFO - Started process (PID=84) to work on /home/airflow/.local/lib/python3.7/site-packages/airflow/example_dags/example_python_operator.py
[2024-11-22T07:41:15.560+0000] {processor.py:743} INFO - Processing file /home/airflow/.local/lib/python3.7/site-packages/airflow/example_dags/example_python_operator.py for tasks to queue
[2024-11-22T07:41:15.562+0000] {logging_mixin.py:137} INFO - [2024-11-22T07:41:15.562+0000] {dagbag.py:538} INFO - Filling up the DagBag from /home/airflow/.local/lib/python3.7/site-packages/airflow/example_dags/example_python_operator.py
[2024-11-22T07:41:15.590+0000] {logging_mixin.py:137} INFO - [2024-11-22T07:41:15.590+0000] {taskmixin.py:205} WARNING - Dependency <Task(_PythonDecoratedOperator): print_the_context>, log_sql_query already registered for DAG: example_python_operator
[2024-11-22T07:41:15.591+0000] {logging_mixin.py:137} INFO - [2024-11-22T07:41:15.591+0000] {taskmixin.py:205} WARNING - Dependency <Task(_PythonDecoratedOperator): log_sql_query>, print_the_context already registered for DAG: example_python_operator
[2024-11-22T07:41:15.592+0000] {logging_mixin.py:137} INFO - [2024-11-22T07:41:15.592+0000] {taskmixin.py:205} WARNING - Dependency <Task(_PythonDecoratedOperator): print_the_context>, log_sql_query already registered for DAG: example_python_operator
[2024-11-22T07:41:15.592+0000] {logging_mixin.py:137} INFO - [2024-11-22T07:41:15.592+0000] {taskmixin.py:205} WARNING - Dependency <Task(_PythonDecoratedOperator): log_sql_query>, print_the_context already registered for DAG: example_python_operator
[2024-11-22T07:41:15.593+0000] {logging_mixin.py:137} INFO - [2024-11-22T07:41:15.593+0000] {taskmixin.py:205} WARNING - Dependency <Task(_PythonDecoratedOperator): print_the_context>, log_sql_query already registered for DAG: example_python_operator
[2024-11-22T07:41:15.593+0000] {logging_mixin.py:137} INFO - [2024-11-22T07:41:15.593+0000] {taskmixin.py:205} WARNING - Dependency <Task(_PythonDecoratedOperator): log_sql_query>, print_the_context already registered for DAG: example_python_operator
[2024-11-22T07:41:15.594+0000] {logging_mixin.py:137} INFO - [2024-11-22T07:41:15.594+0000] {taskmixin.py:205} WARNING - Dependency <Task(_PythonDecoratedOperator): print_the_context>, log_sql_query already registered for DAG: example_python_operator
[2024-11-22T07:41:15.595+0000] {logging_mixin.py:137} INFO - [2024-11-22T07:41:15.595+0000] {taskmixin.py:205} WARNING - Dependency <Task(_PythonDecoratedOperator): log_sql_query>, print_the_context already registered for DAG: example_python_operator
[2024-11-22T07:41:15.605+0000] {processor.py:753} INFO - DAG(s) dict_keys(['example_python_operator']) retrieved from /home/airflow/.local/lib/python3.7/site-packages/airflow/example_dags/example_python_operator.py
[2024-11-22T07:41:15.765+0000] {logging_mixin.py:137} INFO - [2024-11-22T07:41:15.765+0000] {manager.py:504} INFO - Created Permission View: can read on DAG:example_python_operator
[2024-11-22T07:41:15.778+0000] {logging_mixin.py:137} INFO - [2024-11-22T07:41:15.778+0000] {manager.py:504} INFO - Created Permission View: can edit on DAG:example_python_operator
[2024-11-22T07:41:15.785+0000] {logging_mixin.py:137} INFO - [2024-11-22T07:41:15.785+0000] {manager.py:504} INFO - Created Permission View: can delete on DAG:example_python_operator
[2024-11-22T07:41:15.786+0000] {logging_mixin.py:137} INFO - [2024-11-22T07:41:15.786+0000] {dag.py:2690} INFO - Sync 1 DAGs
[2024-11-22T07:41:15.800+0000] {logging_mixin.py:137} INFO - [2024-11-22T07:41:15.800+0000] {dag.py:2711} INFO - Creating ORM DAG for example_python_operator
[2024-11-22T07:41:15.815+0000] {logging_mixin.py:137} INFO - [2024-11-22T07:41:15.814+0000] {dag.py:3441} INFO - Setting next_dagrun for example_python_operator to None, run_after=None
[2024-11-22T07:41:15.838+0000] {processor.py:175} INFO - Processing /home/airflow/.local/lib/python3.7/site-packages/airflow/example_dags/example_python_operator.py took 0.283 seconds
[2024-11-22T07:41:46.278+0000] {processor.py:153} INFO - Started process (PID=155) to work on /home/airflow/.local/lib/python3.7/site-packages/airflow/example_dags/example_python_operator.py
[2024-11-22T07:41:46.279+0000] {processor.py:743} INFO - Processing file /home/airflow/.local/lib/python3.7/site-packages/airflow/example_dags/example_python_operator.py for tasks to queue
[2024-11-22T07:41:46.281+0000] {logging_mixin.py:137} INFO - [2024-11-22T07:41:46.280+0000] {dagbag.py:538} INFO - Filling up the DagBag from /home/airflow/.local/lib/python3.7/site-packages/airflow/example_dags/example_python_operator.py
[2024-11-22T07:41:46.304+0000] {logging_mixin.py:137} INFO - [2024-11-22T07:41:46.304+0000] {taskmixin.py:205} WARNING - Dependency <Task(_PythonDecoratedOperator): print_the_context>, log_sql_query already registered for DAG: example_python_operator
[2024-11-22T07:41:46.305+0000] {logging_mixin.py:137} INFO - [2024-11-22T07:41:46.304+0000] {taskmixin.py:205} WARNING - Dependency <Task(_PythonDecoratedOperator): log_sql_query>, print_the_context already registered for DAG: example_python_operator
[2024-11-22T07:41:46.306+0000] {logging_mixin.py:137} INFO - [2024-11-22T07:41:46.306+0000] {taskmixin.py:205} WARNING - Dependency <Task(_PythonDecoratedOperator): print_the_context>, log_sql_query already registered for DAG: example_python_operator
[2024-11-22T07:41:46.307+0000] {logging_mixin.py:137} INFO - [2024-11-22T07:41:46.306+0000] {taskmixin.py:205} WARNING - Dependency <Task(_PythonDecoratedOperator): log_sql_query>, print_the_context already registered for DAG: example_python_operator
[2024-11-22T07:41:46.309+0000] {logging_mixin.py:137} INFO - [2024-11-22T07:41:46.309+0000] {taskmixin.py:205} WARNING - Dependency <Task(_PythonDecoratedOperator): print_the_context>, log_sql_query already registered for DAG: example_python_operator
[2024-11-22T07:41:46.310+0000] {logging_mixin.py:137} INFO - [2024-11-22T07:41:46.309+0000] {taskmixin.py:205} WARNING - Dependency <Task(_PythonDecoratedOperator): log_sql_query>, print_the_context already registered for DAG: example_python_operator
[2024-11-22T07:41:46.312+0000] {logging_mixin.py:137} INFO - [2024-11-22T07:41:46.311+0000] {taskmixin.py:205} WARNING - Dependency <Task(_PythonDecoratedOperator): print_the_context>, log_sql_query already registered for DAG: example_python_operator
[2024-11-22T07:41:46.312+0000] {logging_mixin.py:137} INFO - [2024-11-22T07:41:46.312+0000] {taskmixin.py:205} WARNING - Dependency <Task(_PythonDecoratedOperator): log_sql_query>, print_the_context already registered for DAG: example_python_operator
[2024-11-22T07:41:46.319+0000] {processor.py:753} INFO - DAG(s) dict_keys(['example_python_operator']) retrieved from /home/airflow/.local/lib/python3.7/site-packages/airflow/example_dags/example_python_operator.py
[2024-11-22T07:41:46.342+0000] {logging_mixin.py:137} INFO - [2024-11-22T07:41:46.341+0000] {dag.py:2690} INFO - Sync 1 DAGs
[2024-11-22T07:41:46.364+0000] {logging_mixin.py:137} INFO - [2024-11-22T07:41:46.364+0000] {dag.py:3441} INFO - Setting next_dagrun for example_python_operator to None, run_after=None
[2024-11-22T07:41:46.418+0000] {processor.py:175} INFO - Processing /home/airflow/.local/lib/python3.7/site-packages/airflow/example_dags/example_python_operator.py took 0.145 seconds
[2024-11-22T07:42:17.294+0000] {processor.py:153} INFO - Started process (PID=242) to work on /home/airflow/.local/lib/python3.7/site-packages/airflow/example_dags/example_python_operator.py
[2024-11-22T07:42:17.297+0000] {processor.py:743} INFO - Processing file /home/airflow/.local/lib/python3.7/site-packages/airflow/example_dags/example_python_operator.py for tasks to queue
[2024-11-22T07:42:17.300+0000] {logging_mixin.py:137} INFO - [2024-11-22T07:42:17.300+0000] {dagbag.py:538} INFO - Filling up the DagBag from /home/airflow/.local/lib/python3.7/site-packages/airflow/example_dags/example_python_operator.py
[2024-11-22T07:42:17.310+0000] {logging_mixin.py:137} INFO - [2024-11-22T07:42:17.310+0000] {taskmixin.py:205} WARNING - Dependency <Task(_PythonDecoratedOperator): print_the_context>, log_sql_query already registered for DAG: example_python_operator
[2024-11-22T07:42:17.312+0000] {logging_mixin.py:137} INFO - [2024-11-22T07:42:17.312+0000] {taskmixin.py:205} WARNING - Dependency <Task(_PythonDecoratedOperator): log_sql_query>, print_the_context already registered for DAG: example_python_operator
[2024-11-22T07:42:17.312+0000] {logging_mixin.py:137} INFO - [2024-11-22T07:42:17.312+0000] {taskmixin.py:205} WARNING - Dependency <Task(_PythonDecoratedOperator): print_the_context>, log_sql_query already registered for DAG: example_python_operator
[2024-11-22T07:42:17.312+0000] {logging_mixin.py:137} INFO - [2024-11-22T07:42:17.312+0000] {taskmixin.py:205} WARNING - Dependency <Task(_PythonDecoratedOperator): log_sql_query>, print_the_context already registered for DAG: example_python_operator
[2024-11-22T07:42:17.313+0000] {logging_mixin.py:137} INFO - [2024-11-22T07:42:17.313+0000] {taskmixin.py:205} WARNING - Dependency <Task(_PythonDecoratedOperator): print_the_context>, log_sql_query already registered for DAG: example_python_operator
[2024-11-22T07:42:17.313+0000] {logging_mixin.py:137} INFO - [2024-11-22T07:42:17.313+0000] {taskmixin.py:205} WARNING - Dependency <Task(_PythonDecoratedOperator): log_sql_query>, print_the_context already registered for DAG: example_python_operator
[2024-11-22T07:42:17.313+0000] {logging_mixin.py:137} INFO - [2024-11-22T07:42:17.313+0000] {taskmixin.py:205} WARNING - Dependency <Task(_PythonDecoratedOperator): print_the_context>, log_sql_query already registered for DAG: example_python_operator
[2024-11-22T07:42:17.313+0000] {logging_mixin.py:137} INFO - [2024-11-22T07:42:17.313+0000] {taskmixin.py:205} WARNING - Dependency <Task(_PythonDecoratedOperator): log_sql_query>, print_the_context already registered for DAG: example_python_operator
[2024-11-22T07:42:17.316+0000] {processor.py:753} INFO - DAG(s) dict_keys(['example_python_operator']) retrieved from /home/airflow/.local/lib/python3.7/site-packages/airflow/example_dags/example_python_operator.py
[2024-11-22T07:42:17.337+0000] {logging_mixin.py:137} INFO - [2024-11-22T07:42:17.337+0000] {dag.py:2690} INFO - Sync 1 DAGs
[2024-11-22T07:42:17.349+0000] {logging_mixin.py:137} INFO - [2024-11-22T07:42:17.349+0000] {dag.py:3441} INFO - Setting next_dagrun for example_python_operator to None, run_after=None
[2024-11-22T07:42:17.361+0000] {processor.py:175} INFO - Processing /home/airflow/.local/lib/python3.7/site-packages/airflow/example_dags/example_python_operator.py took 0.070 seconds
[2024-11-22T07:42:48.174+0000] {processor.py:153} INFO - Started process (PID=329) to work on /home/airflow/.local/lib/python3.7/site-packages/airflow/example_dags/example_python_operator.py
[2024-11-22T07:42:48.179+0000] {processor.py:743} INFO - Processing file /home/airflow/.local/lib/python3.7/site-packages/airflow/example_dags/example_python_operator.py for tasks to queue
[2024-11-22T07:42:48.180+0000] {logging_mixin.py:137} INFO - [2024-11-22T07:42:48.180+0000] {dagbag.py:538} INFO - Filling up the DagBag from /home/airflow/.local/lib/python3.7/site-packages/airflow/example_dags/example_python_operator.py
[2024-11-22T07:42:48.197+0000] {logging_mixin.py:137} INFO - [2024-11-22T07:42:48.197+0000] {taskmixin.py:205} WARNING - Dependency <Task(_PythonDecoratedOperator): print_the_context>, log_sql_query already registered for DAG: example_python_operator
[2024-11-22T07:42:48.197+0000] {logging_mixin.py:137} INFO - [2024-11-22T07:42:48.197+0000] {taskmixin.py:205} WARNING - Dependency <Task(_PythonDecoratedOperator): log_sql_query>, print_the_context already registered for DAG: example_python_operator
[2024-11-22T07:42:48.198+0000] {logging_mixin.py:137} INFO - [2024-11-22T07:42:48.198+0000] {taskmixin.py:205} WARNING - Dependency <Task(_PythonDecoratedOperator): print_the_context>, log_sql_query already registered for DAG: example_python_operator
[2024-11-22T07:42:48.198+0000] {logging_mixin.py:137} INFO - [2024-11-22T07:42:48.198+0000] {taskmixin.py:205} WARNING - Dependency <Task(_PythonDecoratedOperator): log_sql_query>, print_the_context already registered for DAG: example_python_operator
[2024-11-22T07:42:48.199+0000] {logging_mixin.py:137} INFO - [2024-11-22T07:42:48.199+0000] {taskmixin.py:205} WARNING - Dependency <Task(_PythonDecoratedOperator): print_the_context>, log_sql_query already registered for DAG: example_python_operator
[2024-11-22T07:42:48.201+0000] {logging_mixin.py:137} INFO - [2024-11-22T07:42:48.199+0000] {taskmixin.py:205} WARNING - Dependency <Task(_PythonDecoratedOperator): log_sql_query>, print_the_context already registered for DAG: example_python_operator
[2024-11-22T07:42:48.202+0000] {logging_mixin.py:137} INFO - [2024-11-22T07:42:48.201+0000] {taskmixin.py:205} WARNING - Dependency <Task(_PythonDecoratedOperator): print_the_context>, log_sql_query already registered for DAG: example_python_operator
[2024-11-22T07:42:48.205+0000] {logging_mixin.py:137} INFO - [2024-11-22T07:42:48.205+0000] {taskmixin.py:205} WARNING - Dependency <Task(_PythonDecoratedOperator): log_sql_query>, print_the_context already registered for DAG: example_python_operator
[2024-11-22T07:42:48.213+0000] {processor.py:753} INFO - DAG(s) dict_keys(['example_python_operator']) retrieved from /home/airflow/.local/lib/python3.7/site-packages/airflow/example_dags/example_python_operator.py
[2024-11-22T07:42:48.237+0000] {logging_mixin.py:137} INFO - [2024-11-22T07:42:48.237+0000] {dag.py:2690} INFO - Sync 1 DAGs
[2024-11-22T07:42:48.260+0000] {logging_mixin.py:137} INFO - [2024-11-22T07:42:48.259+0000] {dag.py:3441} INFO - Setting next_dagrun for example_python_operator to None, run_after=None
[2024-11-22T07:42:48.275+0000] {processor.py:175} INFO - Processing /home/airflow/.local/lib/python3.7/site-packages/airflow/example_dags/example_python_operator.py took 0.104 seconds
[2024-11-22T07:43:18.343+0000] {processor.py:153} INFO - Started process (PID=400) to work on /home/airflow/.local/lib/python3.7/site-packages/airflow/example_dags/example_python_operator.py
[2024-11-22T07:43:18.347+0000] {processor.py:743} INFO - Processing file /home/airflow/.local/lib/python3.7/site-packages/airflow/example_dags/example_python_operator.py for tasks to queue
[2024-11-22T07:43:18.349+0000] {logging_mixin.py:137} INFO - [2024-11-22T07:43:18.349+0000] {dagbag.py:538} INFO - Filling up the DagBag from /home/airflow/.local/lib/python3.7/site-packages/airflow/example_dags/example_python_operator.py
[2024-11-22T07:43:18.358+0000] {logging_mixin.py:137} INFO - [2024-11-22T07:43:18.358+0000] {taskmixin.py:205} WARNING - Dependency <Task(_PythonDecoratedOperator): print_the_context>, log_sql_query already registered for DAG: example_python_operator
[2024-11-22T07:43:18.360+0000] {logging_mixin.py:137} INFO - [2024-11-22T07:43:18.360+0000] {taskmixin.py:205} WARNING - Dependency <Task(_PythonDecoratedOperator): log_sql_query>, print_the_context already registered for DAG: example_python_operator
[2024-11-22T07:43:18.360+0000] {logging_mixin.py:137} INFO - [2024-11-22T07:43:18.360+0000] {taskmixin.py:205} WARNING - Dependency <Task(_PythonDecoratedOperator): print_the_context>, log_sql_query already registered for DAG: example_python_operator
[2024-11-22T07:43:18.361+0000] {logging_mixin.py:137} INFO - [2024-11-22T07:43:18.361+0000] {taskmixin.py:205} WARNING - Dependency <Task(_PythonDecoratedOperator): log_sql_query>, print_the_context already registered for DAG: example_python_operator
[2024-11-22T07:43:18.361+0000] {logging_mixin.py:137} INFO - [2024-11-22T07:43:18.361+0000] {taskmixin.py:205} WARNING - Dependency <Task(_PythonDecoratedOperator): print_the_context>, log_sql_query already registered for DAG: example_python_operator
[2024-11-22T07:43:18.362+0000] {logging_mixin.py:137} INFO - [2024-11-22T07:43:18.361+0000] {taskmixin.py:205} WARNING - Dependency <Task(_PythonDecoratedOperator): log_sql_query>, print_the_context already registered for DAG: example_python_operator
[2024-11-22T07:43:18.362+0000] {logging_mixin.py:137} INFO - [2024-11-22T07:43:18.362+0000] {taskmixin.py:205} WARNING - Dependency <Task(_PythonDecoratedOperator): print_the_context>, log_sql_query already registered for DAG: example_python_operator
[2024-11-22T07:43:18.362+0000] {logging_mixin.py:137} INFO - [2024-11-22T07:43:18.362+0000] {taskmixin.py:205} WARNING - Dependency <Task(_PythonDecoratedOperator): log_sql_query>, print_the_context already registered for DAG: example_python_operator
[2024-11-22T07:43:18.367+0000] {processor.py:753} INFO - DAG(s) dict_keys(['example_python_operator']) retrieved from /home/airflow/.local/lib/python3.7/site-packages/airflow/example_dags/example_python_operator.py
[2024-11-22T07:43:18.382+0000] {logging_mixin.py:137} INFO - [2024-11-22T07:43:18.382+0000] {dag.py:2690} INFO - Sync 1 DAGs
[2024-11-22T07:43:18.397+0000] {logging_mixin.py:137} INFO - [2024-11-22T07:43:18.397+0000] {dag.py:3441} INFO - Setting next_dagrun for example_python_operator to None, run_after=None
[2024-11-22T07:43:18.413+0000] {processor.py:175} INFO - Processing /home/airflow/.local/lib/python3.7/site-packages/airflow/example_dags/example_python_operator.py took 0.072 seconds
[2024-11-22T07:43:48.523+0000] {processor.py:153} INFO - Started process (PID=487) to work on /home/airflow/.local/lib/python3.7/site-packages/airflow/example_dags/example_python_operator.py
[2024-11-22T07:43:48.526+0000] {processor.py:743} INFO - Processing file /home/airflow/.local/lib/python3.7/site-packages/airflow/example_dags/example_python_operator.py for tasks to queue
[2024-11-22T07:43:48.528+0000] {logging_mixin.py:137} INFO - [2024-11-22T07:43:48.528+0000] {dagbag.py:538} INFO - Filling up the DagBag from /home/airflow/.local/lib/python3.7/site-packages/airflow/example_dags/example_python_operator.py
[2024-11-22T07:43:48.542+0000] {logging_mixin.py:137} INFO - [2024-11-22T07:43:48.542+0000] {taskmixin.py:205} WARNING - Dependency <Task(_PythonDecoratedOperator): print_the_context>, log_sql_query already registered for DAG: example_python_operator
[2024-11-22T07:43:48.543+0000] {logging_mixin.py:137} INFO - [2024-11-22T07:43:48.543+0000] {taskmixin.py:205} WARNING - Dependency <Task(_PythonDecoratedOperator): log_sql_query>, print_the_context already registered for DAG: example_python_operator
[2024-11-22T07:43:48.544+0000] {logging_mixin.py:137} INFO - [2024-11-22T07:43:48.544+0000] {taskmixin.py:205} WARNING - Dependency <Task(_PythonDecoratedOperator): print_the_context>, log_sql_query already registered for DAG: example_python_operator
[2024-11-22T07:43:48.545+0000] {logging_mixin.py:137} INFO - [2024-11-22T07:43:48.545+0000] {taskmixin.py:205} WARNING - Dependency <Task(_PythonDecoratedOperator): log_sql_query>, print_the_context already registered for DAG: example_python_operator
[2024-11-22T07:43:48.545+0000] {logging_mixin.py:137} INFO - [2024-11-22T07:43:48.545+0000] {taskmixin.py:205} WARNING - Dependency <Task(_PythonDecoratedOperator): print_the_context>, log_sql_query already registered for DAG: example_python_operator
[2024-11-22T07:43:48.545+0000] {logging_mixin.py:137} INFO - [2024-11-22T07:43:48.545+0000] {taskmixin.py:205} WARNING - Dependency <Task(_PythonDecoratedOperator): log_sql_query>, print_the_context already registered for DAG: example_python_operator
[2024-11-22T07:43:48.546+0000] {logging_mixin.py:137} INFO - [2024-11-22T07:43:48.546+0000] {taskmixin.py:205} WARNING - Dependency <Task(_PythonDecoratedOperator): print_the_context>, log_sql_query already registered for DAG: example_python_operator
[2024-11-22T07:43:48.546+0000] {logging_mixin.py:137} INFO - [2024-11-22T07:43:48.546+0000] {taskmixin.py:205} WARNING - Dependency <Task(_PythonDecoratedOperator): log_sql_query>, print_the_context already registered for DAG: example_python_operator
[2024-11-22T07:43:48.550+0000] {processor.py:753} INFO - DAG(s) dict_keys(['example_python_operator']) retrieved from /home/airflow/.local/lib/python3.7/site-packages/airflow/example_dags/example_python_operator.py
[2024-11-22T07:43:48.572+0000] {logging_mixin.py:137} INFO - [2024-11-22T07:43:48.572+0000] {dag.py:2690} INFO - Sync 1 DAGs
[2024-11-22T07:43:48.589+0000] {logging_mixin.py:137} INFO - [2024-11-22T07:43:48.589+0000] {dag.py:3441} INFO - Setting next_dagrun for example_python_operator to None, run_after=None
[2024-11-22T07:43:48.606+0000] {processor.py:175} INFO - Processing /home/airflow/.local/lib/python3.7/site-packages/airflow/example_dags/example_python_operator.py took 0.087 seconds
[2024-11-22T07:44:18.838+0000] {processor.py:153} INFO - Started process (PID=558) to work on /home/airflow/.local/lib/python3.7/site-packages/airflow/example_dags/example_python_operator.py
[2024-11-22T07:44:18.839+0000] {processor.py:743} INFO - Processing file /home/airflow/.local/lib/python3.7/site-packages/airflow/example_dags/example_python_operator.py for tasks to queue
[2024-11-22T07:44:18.840+0000] {logging_mixin.py:137} INFO - [2024-11-22T07:44:18.840+0000] {dagbag.py:538} INFO - Filling up the DagBag from /home/airflow/.local/lib/python3.7/site-packages/airflow/example_dags/example_python_operator.py
[2024-11-22T07:44:18.853+0000] {logging_mixin.py:137} INFO - [2024-11-22T07:44:18.853+0000] {taskmixin.py:205} WARNING - Dependency <Task(_PythonDecoratedOperator): print_the_context>, log_sql_query already registered for DAG: example_python_operator
[2024-11-22T07:44:18.855+0000] {logging_mixin.py:137} INFO - [2024-11-22T07:44:18.855+0000] {taskmixin.py:205} WARNING - Dependency <Task(_PythonDecoratedOperator): log_sql_query>, print_the_context already registered for DAG: example_python_operator
[2024-11-22T07:44:18.856+0000] {logging_mixin.py:137} INFO - [2024-11-22T07:44:18.856+0000] {taskmixin.py:205} WARNING - Dependency <Task(_PythonDecoratedOperator): print_the_context>, log_sql_query already registered for DAG: example_python_operator
[2024-11-22T07:44:18.856+0000] {logging_mixin.py:137} INFO - [2024-11-22T07:44:18.856+0000] {taskmixin.py:205} WARNING - Dependency <Task(_PythonDecoratedOperator): log_sql_query>, print_the_context already registered for DAG: example_python_operator
[2024-11-22T07:44:18.856+0000] {logging_mixin.py:137} INFO - [2024-11-22T07:44:18.856+0000] {taskmixin.py:205} WARNING - Dependency <Task(_PythonDecoratedOperator): print_the_context>, log_sql_query already registered for DAG: example_python_operator
[2024-11-22T07:44:18.857+0000] {logging_mixin.py:137} INFO - [2024-11-22T07:44:18.857+0000] {taskmixin.py:205} WARNING - Dependency <Task(_PythonDecoratedOperator): log_sql_query>, print_the_context already registered for DAG: example_python_operator
[2024-11-22T07:44:18.857+0000] {logging_mixin.py:137} INFO - [2024-11-22T07:44:18.857+0000] {taskmixin.py:205} WARNING - Dependency <Task(_PythonDecoratedOperator): print_the_context>, log_sql_query already registered for DAG: example_python_operator
[2024-11-22T07:44:18.857+0000] {logging_mixin.py:137} INFO - [2024-11-22T07:44:18.857+0000] {taskmixin.py:205} WARNING - Dependency <Task(_PythonDecoratedOperator): log_sql_query>, print_the_context already registered for DAG: example_python_operator
[2024-11-22T07:44:18.866+0000] {processor.py:753} INFO - DAG(s) dict_keys(['example_python_operator']) retrieved from /home/airflow/.local/lib/python3.7/site-packages/airflow/example_dags/example_python_operator.py
[2024-11-22T07:44:18.904+0000] {logging_mixin.py:137} INFO - [2024-11-22T07:44:18.904+0000] {dag.py:2690} INFO - Sync 1 DAGs
[2024-11-22T07:44:18.946+0000] {logging_mixin.py:137} INFO - [2024-11-22T07:44:18.946+0000] {dag.py:3441} INFO - Setting next_dagrun for example_python_operator to None, run_after=None
[2024-11-22T07:44:18.969+0000] {processor.py:175} INFO - Processing /home/airflow/.local/lib/python3.7/site-packages/airflow/example_dags/example_python_operator.py took 0.132 seconds
[2024-11-22T07:44:49.825+0000] {processor.py:153} INFO - Started process (PID=644) to work on /home/airflow/.local/lib/python3.7/site-packages/airflow/example_dags/example_python_operator.py
[2024-11-22T07:44:49.826+0000] {processor.py:743} INFO - Processing file /home/airflow/.local/lib/python3.7/site-packages/airflow/example_dags/example_python_operator.py for tasks to queue
[2024-11-22T07:44:49.830+0000] {logging_mixin.py:137} INFO - [2024-11-22T07:44:49.829+0000] {dagbag.py:538} INFO - Filling up the DagBag from /home/airflow/.local/lib/python3.7/site-packages/airflow/example_dags/example_python_operator.py
[2024-11-22T07:44:49.838+0000] {logging_mixin.py:137} INFO - [2024-11-22T07:44:49.838+0000] {taskmixin.py:205} WARNING - Dependency <Task(_PythonDecoratedOperator): print_the_context>, log_sql_query already registered for DAG: example_python_operator
[2024-11-22T07:44:49.839+0000] {logging_mixin.py:137} INFO - [2024-11-22T07:44:49.838+0000] {taskmixin.py:205} WARNING - Dependency <Task(_PythonDecoratedOperator): log_sql_query>, print_the_context already registered for DAG: example_python_operator
[2024-11-22T07:44:49.839+0000] {logging_mixin.py:137} INFO - [2024-11-22T07:44:49.839+0000] {taskmixin.py:205} WARNING - Dependency <Task(_PythonDecoratedOperator): print_the_context>, log_sql_query already registered for DAG: example_python_operator
[2024-11-22T07:44:49.839+0000] {logging_mixin.py:137} INFO - [2024-11-22T07:44:49.839+0000] {taskmixin.py:205} WARNING - Dependency <Task(_PythonDecoratedOperator): log_sql_query>, print_the_context already registered for DAG: example_python_operator
[2024-11-22T07:44:49.839+0000] {logging_mixin.py:137} INFO - [2024-11-22T07:44:49.839+0000] {taskmixin.py:205} WARNING - Dependency <Task(_PythonDecoratedOperator): print_the_context>, log_sql_query already registered for DAG: example_python_operator
[2024-11-22T07:44:49.840+0000] {logging_mixin.py:137} INFO - [2024-11-22T07:44:49.840+0000] {taskmixin.py:205} WARNING - Dependency <Task(_PythonDecoratedOperator): log_sql_query>, print_the_context already registered for DAG: example_python_operator
[2024-11-22T07:44:49.840+0000] {logging_mixin.py:137} INFO - [2024-11-22T07:44:49.840+0000] {taskmixin.py:205} WARNING - Dependency <Task(_PythonDecoratedOperator): print_the_context>, log_sql_query already registered for DAG: example_python_operator
[2024-11-22T07:44:49.840+0000] {logging_mixin.py:137} INFO - [2024-11-22T07:44:49.840+0000] {taskmixin.py:205} WARNING - Dependency <Task(_PythonDecoratedOperator): log_sql_query>, print_the_context already registered for DAG: example_python_operator
[2024-11-22T07:44:49.844+0000] {processor.py:753} INFO - DAG(s) dict_keys(['example_python_operator']) retrieved from /home/airflow/.local/lib/python3.7/site-packages/airflow/example_dags/example_python_operator.py
[2024-11-22T07:44:49.862+0000] {logging_mixin.py:137} INFO - [2024-11-22T07:44:49.862+0000] {dag.py:2690} INFO - Sync 1 DAGs
[2024-11-22T07:44:49.878+0000] {logging_mixin.py:137} INFO - [2024-11-22T07:44:49.878+0000] {dag.py:3441} INFO - Setting next_dagrun for example_python_operator to None, run_after=None
[2024-11-22T07:44:49.893+0000] {processor.py:175} INFO - Processing /home/airflow/.local/lib/python3.7/site-packages/airflow/example_dags/example_python_operator.py took 0.070 seconds
[2024-11-22T07:45:19.965+0000] {processor.py:153} INFO - Started process (PID=731) to work on /home/airflow/.local/lib/python3.7/site-packages/airflow/example_dags/example_python_operator.py
[2024-11-22T07:45:19.967+0000] {processor.py:743} INFO - Processing file /home/airflow/.local/lib/python3.7/site-packages/airflow/example_dags/example_python_operator.py for tasks to queue
[2024-11-22T07:45:19.967+0000] {logging_mixin.py:137} INFO - [2024-11-22T07:45:19.967+0000] {dagbag.py:538} INFO - Filling up the DagBag from /home/airflow/.local/lib/python3.7/site-packages/airflow/example_dags/example_python_operator.py
[2024-11-22T07:45:19.982+0000] {logging_mixin.py:137} INFO - [2024-11-22T07:45:19.982+0000] {taskmixin.py:205} WARNING - Dependency <Task(_PythonDecoratedOperator): print_the_context>, log_sql_query already registered for DAG: example_python_operator
[2024-11-22T07:45:19.982+0000] {logging_mixin.py:137} INFO - [2024-11-22T07:45:19.982+0000] {taskmixin.py:205} WARNING - Dependency <Task(_PythonDecoratedOperator): log_sql_query>, print_the_context already registered for DAG: example_python_operator
[2024-11-22T07:45:19.982+0000] {logging_mixin.py:137} INFO - [2024-11-22T07:45:19.982+0000] {taskmixin.py:205} WARNING - Dependency <Task(_PythonDecoratedOperator): print_the_context>, log_sql_query already registered for DAG: example_python_operator
[2024-11-22T07:45:19.983+0000] {logging_mixin.py:137} INFO - [2024-11-22T07:45:19.983+0000] {taskmixin.py:205} WARNING - Dependency <Task(_PythonDecoratedOperator): log_sql_query>, print_the_context already registered for DAG: example_python_operator
[2024-11-22T07:45:19.983+0000] {logging_mixin.py:137} INFO - [2024-11-22T07:45:19.983+0000] {taskmixin.py:205} WARNING - Dependency <Task(_PythonDecoratedOperator): print_the_context>, log_sql_query already registered for DAG: example_python_operator
[2024-11-22T07:45:19.983+0000] {logging_mixin.py:137} INFO - [2024-11-22T07:45:19.983+0000] {taskmixin.py:205} WARNING - Dependency <Task(_PythonDecoratedOperator): log_sql_query>, print_the_context already registered for DAG: example_python_operator
[2024-11-22T07:45:19.984+0000] {logging_mixin.py:137} INFO - [2024-11-22T07:45:19.984+0000] {taskmixin.py:205} WARNING - Dependency <Task(_PythonDecoratedOperator): print_the_context>, log_sql_query already registered for DAG: example_python_operator
[2024-11-22T07:45:19.985+0000] {logging_mixin.py:137} INFO - [2024-11-22T07:45:19.984+0000] {taskmixin.py:205} WARNING - Dependency <Task(_PythonDecoratedOperator): log_sql_query>, print_the_context already registered for DAG: example_python_operator
[2024-11-22T07:45:19.988+0000] {processor.py:753} INFO - DAG(s) dict_keys(['example_python_operator']) retrieved from /home/airflow/.local/lib/python3.7/site-packages/airflow/example_dags/example_python_operator.py
[2024-11-22T07:45:20.003+0000] {logging_mixin.py:137} INFO - [2024-11-22T07:45:20.003+0000] {dag.py:2690} INFO - Sync 1 DAGs
[2024-11-22T07:45:20.015+0000] {logging_mixin.py:137} INFO - [2024-11-22T07:45:20.014+0000] {dag.py:3441} INFO - Setting next_dagrun for example_python_operator to None, run_after=None
[2024-11-22T07:45:20.030+0000] {processor.py:175} INFO - Processing /home/airflow/.local/lib/python3.7/site-packages/airflow/example_dags/example_python_operator.py took 0.066 seconds
[2024-11-22T07:45:50.926+0000] {processor.py:153} INFO - Started process (PID=811) to work on /home/airflow/.local/lib/python3.7/site-packages/airflow/example_dags/example_python_operator.py
[2024-11-22T07:45:50.929+0000] {processor.py:743} INFO - Processing file /home/airflow/.local/lib/python3.7/site-packages/airflow/example_dags/example_python_operator.py for tasks to queue
[2024-11-22T07:45:50.930+0000] {logging_mixin.py:137} INFO - [2024-11-22T07:45:50.930+0000] {dagbag.py:538} INFO - Filling up the DagBag from /home/airflow/.local/lib/python3.7/site-packages/airflow/example_dags/example_python_operator.py
[2024-11-22T07:45:50.945+0000] {logging_mixin.py:137} INFO - [2024-11-22T07:45:50.944+0000] {taskmixin.py:205} WARNING - Dependency <Task(_PythonDecoratedOperator): print_the_context>, log_sql_query already registered for DAG: example_python_operator
[2024-11-22T07:45:50.948+0000] {logging_mixin.py:137} INFO - [2024-11-22T07:45:50.948+0000] {taskmixin.py:205} WARNING - Dependency <Task(_PythonDecoratedOperator): log_sql_query>, print_the_context already registered for DAG: example_python_operator
[2024-11-22T07:45:50.950+0000] {logging_mixin.py:137} INFO - [2024-11-22T07:45:50.950+0000] {taskmixin.py:205} WARNING - Dependency <Task(_PythonDecoratedOperator): print_the_context>, log_sql_query already registered for DAG: example_python_operator
[2024-11-22T07:45:50.950+0000] {logging_mixin.py:137} INFO - [2024-11-22T07:45:50.950+0000] {taskmixin.py:205} WARNING - Dependency <Task(_PythonDecoratedOperator): log_sql_query>, print_the_context already registered for DAG: example_python_operator
[2024-11-22T07:45:50.950+0000] {logging_mixin.py:137} INFO - [2024-11-22T07:45:50.950+0000] {taskmixin.py:205} WARNING - Dependency <Task(_PythonDecoratedOperator): print_the_context>, log_sql_query already registered for DAG: example_python_operator
[2024-11-22T07:45:50.950+0000] {logging_mixin.py:137} INFO - [2024-11-22T07:45:50.950+0000] {taskmixin.py:205} WARNING - Dependency <Task(_PythonDecoratedOperator): log_sql_query>, print_the_context already registered for DAG: example_python_operator
[2024-11-22T07:45:50.950+0000] {logging_mixin.py:137} INFO - [2024-11-22T07:45:50.950+0000] {taskmixin.py:205} WARNING - Dependency <Task(_PythonDecoratedOperator): print_the_context>, log_sql_query already registered for DAG: example_python_operator
[2024-11-22T07:45:50.950+0000] {logging_mixin.py:137} INFO - [2024-11-22T07:45:50.950+0000] {taskmixin.py:205} WARNING - Dependency <Task(_PythonDecoratedOperator): log_sql_query>, print_the_context already registered for DAG: example_python_operator
[2024-11-22T07:45:50.954+0000] {processor.py:753} INFO - DAG(s) dict_keys(['example_python_operator']) retrieved from /home/airflow/.local/lib/python3.7/site-packages/airflow/example_dags/example_python_operator.py
[2024-11-22T07:45:50.971+0000] {logging_mixin.py:137} INFO - [2024-11-22T07:45:50.971+0000] {dag.py:2690} INFO - Sync 1 DAGs
[2024-11-22T07:45:50.983+0000] {logging_mixin.py:137} INFO - [2024-11-22T07:45:50.983+0000] {dag.py:3441} INFO - Setting next_dagrun for example_python_operator to None, run_after=None
[2024-11-22T07:45:50.999+0000] {processor.py:175} INFO - Processing /home/airflow/.local/lib/python3.7/site-packages/airflow/example_dags/example_python_operator.py took 0.075 seconds
[2024-11-22T07:46:21.295+0000] {processor.py:153} INFO - Started process (PID=889) to work on /home/airflow/.local/lib/python3.7/site-packages/airflow/example_dags/example_python_operator.py
[2024-11-22T07:46:21.298+0000] {processor.py:743} INFO - Processing file /home/airflow/.local/lib/python3.7/site-packages/airflow/example_dags/example_python_operator.py for tasks to queue
[2024-11-22T07:46:21.298+0000] {logging_mixin.py:137} INFO - [2024-11-22T07:46:21.298+0000] {dagbag.py:538} INFO - Filling up the DagBag from /home/airflow/.local/lib/python3.7/site-packages/airflow/example_dags/example_python_operator.py
[2024-11-22T07:46:21.315+0000] {logging_mixin.py:137} INFO - [2024-11-22T07:46:21.314+0000] {taskmixin.py:205} WARNING - Dependency <Task(_PythonDecoratedOperator): print_the_context>, log_sql_query already registered for DAG: example_python_operator
[2024-11-22T07:46:21.315+0000] {logging_mixin.py:137} INFO - [2024-11-22T07:46:21.315+0000] {taskmixin.py:205} WARNING - Dependency <Task(_PythonDecoratedOperator): log_sql_query>, print_the_context already registered for DAG: example_python_operator
[2024-11-22T07:46:21.317+0000] {logging_mixin.py:137} INFO - [2024-11-22T07:46:21.317+0000] {taskmixin.py:205} WARNING - Dependency <Task(_PythonDecoratedOperator): print_the_context>, log_sql_query already registered for DAG: example_python_operator
[2024-11-22T07:46:21.317+0000] {logging_mixin.py:137} INFO - [2024-11-22T07:46:21.317+0000] {taskmixin.py:205} WARNING - Dependency <Task(_PythonDecoratedOperator): log_sql_query>, print_the_context already registered for DAG: example_python_operator
[2024-11-22T07:46:21.318+0000] {logging_mixin.py:137} INFO - [2024-11-22T07:46:21.317+0000] {taskmixin.py:205} WARNING - Dependency <Task(_PythonDecoratedOperator): print_the_context>, log_sql_query already registered for DAG: example_python_operator
[2024-11-22T07:46:21.318+0000] {logging_mixin.py:137} INFO - [2024-11-22T07:46:21.318+0000] {taskmixin.py:205} WARNING - Dependency <Task(_PythonDecoratedOperator): log_sql_query>, print_the_context already registered for DAG: example_python_operator
[2024-11-22T07:46:21.318+0000] {logging_mixin.py:137} INFO - [2024-11-22T07:46:21.318+0000] {taskmixin.py:205} WARNING - Dependency <Task(_PythonDecoratedOperator): print_the_context>, log_sql_query already registered for DAG: example_python_operator
[2024-11-22T07:46:21.318+0000] {logging_mixin.py:137} INFO - [2024-11-22T07:46:21.318+0000] {taskmixin.py:205} WARNING - Dependency <Task(_PythonDecoratedOperator): log_sql_query>, print_the_context already registered for DAG: example_python_operator
[2024-11-22T07:46:21.324+0000] {processor.py:753} INFO - DAG(s) dict_keys(['example_python_operator']) retrieved from /home/airflow/.local/lib/python3.7/site-packages/airflow/example_dags/example_python_operator.py
[2024-11-22T07:46:21.347+0000] {logging_mixin.py:137} INFO - [2024-11-22T07:46:21.346+0000] {dag.py:2690} INFO - Sync 1 DAGs
[2024-11-22T07:46:21.361+0000] {logging_mixin.py:137} INFO - [2024-11-22T07:46:21.361+0000] {dag.py:3441} INFO - Setting next_dagrun for example_python_operator to None, run_after=None
[2024-11-22T07:46:21.695+0000] {processor.py:175} INFO - Processing /home/airflow/.local/lib/python3.7/site-packages/airflow/example_dags/example_python_operator.py took 0.401 seconds
[2024-11-22T07:46:52.053+0000] {processor.py:153} INFO - Started process (PID=976) to work on /home/airflow/.local/lib/python3.7/site-packages/airflow/example_dags/example_python_operator.py
[2024-11-22T07:46:52.058+0000] {processor.py:743} INFO - Processing file /home/airflow/.local/lib/python3.7/site-packages/airflow/example_dags/example_python_operator.py for tasks to queue
[2024-11-22T07:46:52.059+0000] {logging_mixin.py:137} INFO - [2024-11-22T07:46:52.059+0000] {dagbag.py:538} INFO - Filling up the DagBag from /home/airflow/.local/lib/python3.7/site-packages/airflow/example_dags/example_python_operator.py
[2024-11-22T07:46:52.077+0000] {logging_mixin.py:137} INFO - [2024-11-22T07:46:52.076+0000] {taskmixin.py:205} WARNING - Dependency <Task(_PythonDecoratedOperator): print_the_context>, log_sql_query already registered for DAG: example_python_operator
[2024-11-22T07:46:52.077+0000] {logging_mixin.py:137} INFO - [2024-11-22T07:46:52.077+0000] {taskmixin.py:205} WARNING - Dependency <Task(_PythonDecoratedOperator): log_sql_query>, print_the_context already registered for DAG: example_python_operator
[2024-11-22T07:46:52.077+0000] {logging_mixin.py:137} INFO - [2024-11-22T07:46:52.077+0000] {taskmixin.py:205} WARNING - Dependency <Task(_PythonDecoratedOperator): print_the_context>, log_sql_query already registered for DAG: example_python_operator
[2024-11-22T07:46:52.077+0000] {logging_mixin.py:137} INFO - [2024-11-22T07:46:52.077+0000] {taskmixin.py:205} WARNING - Dependency <Task(_PythonDecoratedOperator): log_sql_query>, print_the_context already registered for DAG: example_python_operator
[2024-11-22T07:46:52.078+0000] {logging_mixin.py:137} INFO - [2024-11-22T07:46:52.078+0000] {taskmixin.py:205} WARNING - Dependency <Task(_PythonDecoratedOperator): print_the_context>, log_sql_query already registered for DAG: example_python_operator
[2024-11-22T07:46:52.078+0000] {logging_mixin.py:137} INFO - [2024-11-22T07:46:52.078+0000] {taskmixin.py:205} WARNING - Dependency <Task(_PythonDecoratedOperator): log_sql_query>, print_the_context already registered for DAG: example_python_operator
[2024-11-22T07:46:52.079+0000] {logging_mixin.py:137} INFO - [2024-11-22T07:46:52.078+0000] {taskmixin.py:205} WARNING - Dependency <Task(_PythonDecoratedOperator): print_the_context>, log_sql_query already registered for DAG: example_python_operator
[2024-11-22T07:46:52.079+0000] {logging_mixin.py:137} INFO - [2024-11-22T07:46:52.079+0000] {taskmixin.py:205} WARNING - Dependency <Task(_PythonDecoratedOperator): log_sql_query>, print_the_context already registered for DAG: example_python_operator
[2024-11-22T07:46:52.083+0000] {processor.py:753} INFO - DAG(s) dict_keys(['example_python_operator']) retrieved from /home/airflow/.local/lib/python3.7/site-packages/airflow/example_dags/example_python_operator.py
[2024-11-22T07:46:52.105+0000] {logging_mixin.py:137} INFO - [2024-11-22T07:46:52.104+0000] {dag.py:2690} INFO - Sync 1 DAGs
[2024-11-22T07:46:52.119+0000] {logging_mixin.py:137} INFO - [2024-11-22T07:46:52.119+0000] {dag.py:3441} INFO - Setting next_dagrun for example_python_operator to None, run_after=None
[2024-11-22T07:46:52.133+0000] {processor.py:175} INFO - Processing /home/airflow/.local/lib/python3.7/site-packages/airflow/example_dags/example_python_operator.py took 0.083 seconds
[2024-11-22T07:47:22.420+0000] {processor.py:153} INFO - Started process (PID=1048) to work on /home/airflow/.local/lib/python3.7/site-packages/airflow/example_dags/example_python_operator.py
[2024-11-22T07:47:22.422+0000] {processor.py:743} INFO - Processing file /home/airflow/.local/lib/python3.7/site-packages/airflow/example_dags/example_python_operator.py for tasks to queue
[2024-11-22T07:47:22.426+0000] {logging_mixin.py:137} INFO - [2024-11-22T07:47:22.426+0000] {dagbag.py:538} INFO - Filling up the DagBag from /home/airflow/.local/lib/python3.7/site-packages/airflow/example_dags/example_python_operator.py
[2024-11-22T07:47:22.440+0000] {logging_mixin.py:137} INFO - [2024-11-22T07:47:22.440+0000] {taskmixin.py:205} WARNING - Dependency <Task(_PythonDecoratedOperator): print_the_context>, log_sql_query already registered for DAG: example_python_operator
[2024-11-22T07:47:22.441+0000] {logging_mixin.py:137} INFO - [2024-11-22T07:47:22.441+0000] {taskmixin.py:205} WARNING - Dependency <Task(_PythonDecoratedOperator): log_sql_query>, print_the_context already registered for DAG: example_python_operator
[2024-11-22T07:47:22.443+0000] {logging_mixin.py:137} INFO - [2024-11-22T07:47:22.443+0000] {taskmixin.py:205} WARNING - Dependency <Task(_PythonDecoratedOperator): print_the_context>, log_sql_query already registered for DAG: example_python_operator
[2024-11-22T07:47:22.444+0000] {logging_mixin.py:137} INFO - [2024-11-22T07:47:22.444+0000] {taskmixin.py:205} WARNING - Dependency <Task(_PythonDecoratedOperator): log_sql_query>, print_the_context already registered for DAG: example_python_operator
[2024-11-22T07:47:22.444+0000] {logging_mixin.py:137} INFO - [2024-11-22T07:47:22.444+0000] {taskmixin.py:205} WARNING - Dependency <Task(_PythonDecoratedOperator): print_the_context>, log_sql_query already registered for DAG: example_python_operator
[2024-11-22T07:47:22.445+0000] {logging_mixin.py:137} INFO - [2024-11-22T07:47:22.445+0000] {taskmixin.py:205} WARNING - Dependency <Task(_PythonDecoratedOperator): log_sql_query>, print_the_context already registered for DAG: example_python_operator
[2024-11-22T07:47:22.445+0000] {logging_mixin.py:137} INFO - [2024-11-22T07:47:22.445+0000] {taskmixin.py:205} WARNING - Dependency <Task(_PythonDecoratedOperator): print_the_context>, log_sql_query already registered for DAG: example_python_operator
[2024-11-22T07:47:22.448+0000] {logging_mixin.py:137} INFO - [2024-11-22T07:47:22.448+0000] {taskmixin.py:205} WARNING - Dependency <Task(_PythonDecoratedOperator): log_sql_query>, print_the_context already registered for DAG: example_python_operator
[2024-11-22T07:47:22.452+0000] {processor.py:753} INFO - DAG(s) dict_keys(['example_python_operator']) retrieved from /home/airflow/.local/lib/python3.7/site-packages/airflow/example_dags/example_python_operator.py
[2024-11-22T07:47:22.475+0000] {logging_mixin.py:137} INFO - [2024-11-22T07:47:22.475+0000] {dag.py:2690} INFO - Sync 1 DAGs
[2024-11-22T07:47:22.586+0000] {logging_mixin.py:137} INFO - [2024-11-22T07:47:22.586+0000] {dag.py:3441} INFO - Setting next_dagrun for example_python_operator to None, run_after=None
[2024-11-22T07:47:22.606+0000] {processor.py:175} INFO - Processing /home/airflow/.local/lib/python3.7/site-packages/airflow/example_dags/example_python_operator.py took 0.189 seconds
[2024-11-22T07:47:53.370+0000] {processor.py:153} INFO - Started process (PID=1134) to work on /home/airflow/.local/lib/python3.7/site-packages/airflow/example_dags/example_python_operator.py
[2024-11-22T07:47:53.377+0000] {processor.py:743} INFO - Processing file /home/airflow/.local/lib/python3.7/site-packages/airflow/example_dags/example_python_operator.py for tasks to queue
[2024-11-22T07:47:53.380+0000] {logging_mixin.py:137} INFO - [2024-11-22T07:47:53.380+0000] {dagbag.py:538} INFO - Filling up the DagBag from /home/airflow/.local/lib/python3.7/site-packages/airflow/example_dags/example_python_operator.py
[2024-11-22T07:47:53.393+0000] {logging_mixin.py:137} INFO - [2024-11-22T07:47:53.393+0000] {taskmixin.py:205} WARNING - Dependency <Task(_PythonDecoratedOperator): print_the_context>, log_sql_query already registered for DAG: example_python_operator
[2024-11-22T07:47:53.396+0000] {logging_mixin.py:137} INFO - [2024-11-22T07:47:53.396+0000] {taskmixin.py:205} WARNING - Dependency <Task(_PythonDecoratedOperator): log_sql_query>, print_the_context already registered for DAG: example_python_operator
[2024-11-22T07:47:53.399+0000] {logging_mixin.py:137} INFO - [2024-11-22T07:47:53.399+0000] {taskmixin.py:205} WARNING - Dependency <Task(_PythonDecoratedOperator): print_the_context>, log_sql_query already registered for DAG: example_python_operator
[2024-11-22T07:47:53.399+0000] {logging_mixin.py:137} INFO - [2024-11-22T07:47:53.399+0000] {taskmixin.py:205} WARNING - Dependency <Task(_PythonDecoratedOperator): log_sql_query>, print_the_context already registered for DAG: example_python_operator
[2024-11-22T07:47:53.400+0000] {logging_mixin.py:137} INFO - [2024-11-22T07:47:53.400+0000] {taskmixin.py:205} WARNING - Dependency <Task(_PythonDecoratedOperator): print_the_context>, log_sql_query already registered for DAG: example_python_operator
[2024-11-22T07:47:53.403+0000] {logging_mixin.py:137} INFO - [2024-11-22T07:47:53.403+0000] {taskmixin.py:205} WARNING - Dependency <Task(_PythonDecoratedOperator): log_sql_query>, print_the_context already registered for DAG: example_python_operator
[2024-11-22T07:47:53.404+0000] {logging_mixin.py:137} INFO - [2024-11-22T07:47:53.404+0000] {taskmixin.py:205} WARNING - Dependency <Task(_PythonDecoratedOperator): print_the_context>, log_sql_query already registered for DAG: example_python_operator
[2024-11-22T07:47:53.406+0000] {logging_mixin.py:137} INFO - [2024-11-22T07:47:53.406+0000] {taskmixin.py:205} WARNING - Dependency <Task(_PythonDecoratedOperator): log_sql_query>, print_the_context already registered for DAG: example_python_operator
[2024-11-22T07:47:53.409+0000] {processor.py:753} INFO - DAG(s) dict_keys(['example_python_operator']) retrieved from /home/airflow/.local/lib/python3.7/site-packages/airflow/example_dags/example_python_operator.py
[2024-11-22T07:47:53.427+0000] {logging_mixin.py:137} INFO - [2024-11-22T07:47:53.427+0000] {dag.py:2690} INFO - Sync 1 DAGs
[2024-11-22T07:47:53.441+0000] {logging_mixin.py:137} INFO - [2024-11-22T07:47:53.441+0000] {dag.py:3441} INFO - Setting next_dagrun for example_python_operator to None, run_after=None
[2024-11-22T07:47:53.455+0000] {processor.py:175} INFO - Processing /home/airflow/.local/lib/python3.7/site-packages/airflow/example_dags/example_python_operator.py took 0.089 seconds
[2024-11-22T07:48:23.607+0000] {processor.py:153} INFO - Started process (PID=1210) to work on /home/airflow/.local/lib/python3.7/site-packages/airflow/example_dags/example_python_operator.py
[2024-11-22T07:48:23.610+0000] {processor.py:743} INFO - Processing file /home/airflow/.local/lib/python3.7/site-packages/airflow/example_dags/example_python_operator.py for tasks to queue
[2024-11-22T07:48:23.613+0000] {logging_mixin.py:137} INFO - [2024-11-22T07:48:23.613+0000] {dagbag.py:538} INFO - Filling up the DagBag from /home/airflow/.local/lib/python3.7/site-packages/airflow/example_dags/example_python_operator.py
[2024-11-22T07:48:23.625+0000] {logging_mixin.py:137} INFO - [2024-11-22T07:48:23.625+0000] {taskmixin.py:205} WARNING - Dependency <Task(_PythonDecoratedOperator): print_the_context>, log_sql_query already registered for DAG: example_python_operator
[2024-11-22T07:48:23.625+0000] {logging_mixin.py:137} INFO - [2024-11-22T07:48:23.625+0000] {taskmixin.py:205} WARNING - Dependency <Task(_PythonDecoratedOperator): log_sql_query>, print_the_context already registered for DAG: example_python_operator
[2024-11-22T07:48:23.626+0000] {logging_mixin.py:137} INFO - [2024-11-22T07:48:23.626+0000] {taskmixin.py:205} WARNING - Dependency <Task(_PythonDecoratedOperator): print_the_context>, log_sql_query already registered for DAG: example_python_operator
[2024-11-22T07:48:23.626+0000] {logging_mixin.py:137} INFO - [2024-11-22T07:48:23.626+0000] {taskmixin.py:205} WARNING - Dependency <Task(_PythonDecoratedOperator): log_sql_query>, print_the_context already registered for DAG: example_python_operator
[2024-11-22T07:48:23.626+0000] {logging_mixin.py:137} INFO - [2024-11-22T07:48:23.626+0000] {taskmixin.py:205} WARNING - Dependency <Task(_PythonDecoratedOperator): print_the_context>, log_sql_query already registered for DAG: example_python_operator
[2024-11-22T07:48:23.627+0000] {logging_mixin.py:137} INFO - [2024-11-22T07:48:23.627+0000] {taskmixin.py:205} WARNING - Dependency <Task(_PythonDecoratedOperator): log_sql_query>, print_the_context already registered for DAG: example_python_operator
[2024-11-22T07:48:23.627+0000] {logging_mixin.py:137} INFO - [2024-11-22T07:48:23.627+0000] {taskmixin.py:205} WARNING - Dependency <Task(_PythonDecoratedOperator): print_the_context>, log_sql_query already registered for DAG: example_python_operator
[2024-11-22T07:48:23.627+0000] {logging_mixin.py:137} INFO - [2024-11-22T07:48:23.627+0000] {taskmixin.py:205} WARNING - Dependency <Task(_PythonDecoratedOperator): log_sql_query>, print_the_context already registered for DAG: example_python_operator
[2024-11-22T07:48:23.633+0000] {processor.py:753} INFO - DAG(s) dict_keys(['example_python_operator']) retrieved from /home/airflow/.local/lib/python3.7/site-packages/airflow/example_dags/example_python_operator.py
[2024-11-22T07:48:23.665+0000] {logging_mixin.py:137} INFO - [2024-11-22T07:48:23.664+0000] {dag.py:2690} INFO - Sync 1 DAGs
[2024-11-22T07:48:23.733+0000] {logging_mixin.py:137} INFO - [2024-11-22T07:48:23.732+0000] {dag.py:3441} INFO - Setting next_dagrun for example_python_operator to None, run_after=None
[2024-11-22T07:48:23.750+0000] {processor.py:175} INFO - Processing /home/airflow/.local/lib/python3.7/site-packages/airflow/example_dags/example_python_operator.py took 0.147 seconds
[2024-11-22T07:48:54.679+0000] {processor.py:153} INFO - Started process (PID=1298) to work on /home/airflow/.local/lib/python3.7/site-packages/airflow/example_dags/example_python_operator.py
[2024-11-22T07:48:54.679+0000] {processor.py:743} INFO - Processing file /home/airflow/.local/lib/python3.7/site-packages/airflow/example_dags/example_python_operator.py for tasks to queue
[2024-11-22T07:48:54.682+0000] {logging_mixin.py:137} INFO - [2024-11-22T07:48:54.682+0000] {dagbag.py:538} INFO - Filling up the DagBag from /home/airflow/.local/lib/python3.7/site-packages/airflow/example_dags/example_python_operator.py
[2024-11-22T07:48:54.694+0000] {logging_mixin.py:137} INFO - [2024-11-22T07:48:54.694+0000] {taskmixin.py:205} WARNING - Dependency <Task(_PythonDecoratedOperator): print_the_context>, log_sql_query already registered for DAG: example_python_operator
[2024-11-22T07:48:54.694+0000] {logging_mixin.py:137} INFO - [2024-11-22T07:48:54.694+0000] {taskmixin.py:205} WARNING - Dependency <Task(_PythonDecoratedOperator): log_sql_query>, print_the_context already registered for DAG: example_python_operator
[2024-11-22T07:48:54.694+0000] {logging_mixin.py:137} INFO - [2024-11-22T07:48:54.694+0000] {taskmixin.py:205} WARNING - Dependency <Task(_PythonDecoratedOperator): print_the_context>, log_sql_query already registered for DAG: example_python_operator
[2024-11-22T07:48:54.695+0000] {logging_mixin.py:137} INFO - [2024-11-22T07:48:54.694+0000] {taskmixin.py:205} WARNING - Dependency <Task(_PythonDecoratedOperator): log_sql_query>, print_the_context already registered for DAG: example_python_operator
[2024-11-22T07:48:54.695+0000] {logging_mixin.py:137} INFO - [2024-11-22T07:48:54.695+0000] {taskmixin.py:205} WARNING - Dependency <Task(_PythonDecoratedOperator): print_the_context>, log_sql_query already registered for DAG: example_python_operator
[2024-11-22T07:48:54.695+0000] {logging_mixin.py:137} INFO - [2024-11-22T07:48:54.695+0000] {taskmixin.py:205} WARNING - Dependency <Task(_PythonDecoratedOperator): log_sql_query>, print_the_context already registered for DAG: example_python_operator
[2024-11-22T07:48:54.695+0000] {logging_mixin.py:137} INFO - [2024-11-22T07:48:54.695+0000] {taskmixin.py:205} WARNING - Dependency <Task(_PythonDecoratedOperator): print_the_context>, log_sql_query already registered for DAG: example_python_operator
[2024-11-22T07:48:54.696+0000] {logging_mixin.py:137} INFO - [2024-11-22T07:48:54.696+0000] {taskmixin.py:205} WARNING - Dependency <Task(_PythonDecoratedOperator): log_sql_query>, print_the_context already registered for DAG: example_python_operator
[2024-11-22T07:48:54.701+0000] {processor.py:753} INFO - DAG(s) dict_keys(['example_python_operator']) retrieved from /home/airflow/.local/lib/python3.7/site-packages/airflow/example_dags/example_python_operator.py
[2024-11-22T07:48:54.715+0000] {logging_mixin.py:137} INFO - [2024-11-22T07:48:54.715+0000] {dag.py:2690} INFO - Sync 1 DAGs
[2024-11-22T07:48:54.729+0000] {logging_mixin.py:137} INFO - [2024-11-22T07:48:54.729+0000] {dag.py:3441} INFO - Setting next_dagrun for example_python_operator to None, run_after=None
[2024-11-22T07:48:54.742+0000] {processor.py:175} INFO - Processing /home/airflow/.local/lib/python3.7/site-packages/airflow/example_dags/example_python_operator.py took 0.066 seconds
[2024-11-22T07:49:25.605+0000] {processor.py:153} INFO - Started process (PID=1385) to work on /home/airflow/.local/lib/python3.7/site-packages/airflow/example_dags/example_python_operator.py
[2024-11-22T07:49:25.609+0000] {processor.py:743} INFO - Processing file /home/airflow/.local/lib/python3.7/site-packages/airflow/example_dags/example_python_operator.py for tasks to queue
[2024-11-22T07:49:25.609+0000] {logging_mixin.py:137} INFO - [2024-11-22T07:49:25.609+0000] {dagbag.py:538} INFO - Filling up the DagBag from /home/airflow/.local/lib/python3.7/site-packages/airflow/example_dags/example_python_operator.py
[2024-11-22T07:49:25.622+0000] {logging_mixin.py:137} INFO - [2024-11-22T07:49:25.622+0000] {taskmixin.py:205} WARNING - Dependency <Task(_PythonDecoratedOperator): print_the_context>, log_sql_query already registered for DAG: example_python_operator
[2024-11-22T07:49:25.622+0000] {logging_mixin.py:137} INFO - [2024-11-22T07:49:25.622+0000] {taskmixin.py:205} WARNING - Dependency <Task(_PythonDecoratedOperator): log_sql_query>, print_the_context already registered for DAG: example_python_operator
[2024-11-22T07:49:25.623+0000] {logging_mixin.py:137} INFO - [2024-11-22T07:49:25.623+0000] {taskmixin.py:205} WARNING - Dependency <Task(_PythonDecoratedOperator): print_the_context>, log_sql_query already registered for DAG: example_python_operator
[2024-11-22T07:49:25.623+0000] {logging_mixin.py:137} INFO - [2024-11-22T07:49:25.623+0000] {taskmixin.py:205} WARNING - Dependency <Task(_PythonDecoratedOperator): log_sql_query>, print_the_context already registered for DAG: example_python_operator
[2024-11-22T07:49:25.623+0000] {logging_mixin.py:137} INFO - [2024-11-22T07:49:25.623+0000] {taskmixin.py:205} WARNING - Dependency <Task(_PythonDecoratedOperator): print_the_context>, log_sql_query already registered for DAG: example_python_operator
[2024-11-22T07:49:25.623+0000] {logging_mixin.py:137} INFO - [2024-11-22T07:49:25.623+0000] {taskmixin.py:205} WARNING - Dependency <Task(_PythonDecoratedOperator): log_sql_query>, print_the_context already registered for DAG: example_python_operator
[2024-11-22T07:49:25.624+0000] {logging_mixin.py:137} INFO - [2024-11-22T07:49:25.624+0000] {taskmixin.py:205} WARNING - Dependency <Task(_PythonDecoratedOperator): print_the_context>, log_sql_query already registered for DAG: example_python_operator
[2024-11-22T07:49:25.624+0000] {logging_mixin.py:137} INFO - [2024-11-22T07:49:25.624+0000] {taskmixin.py:205} WARNING - Dependency <Task(_PythonDecoratedOperator): log_sql_query>, print_the_context already registered for DAG: example_python_operator
[2024-11-22T07:49:25.627+0000] {processor.py:753} INFO - DAG(s) dict_keys(['example_python_operator']) retrieved from /home/airflow/.local/lib/python3.7/site-packages/airflow/example_dags/example_python_operator.py
[2024-11-22T07:49:25.645+0000] {logging_mixin.py:137} INFO - [2024-11-22T07:49:25.645+0000] {dag.py:2690} INFO - Sync 1 DAGs
[2024-11-22T07:49:25.661+0000] {logging_mixin.py:137} INFO - [2024-11-22T07:49:25.661+0000] {dag.py:3441} INFO - Setting next_dagrun for example_python_operator to None, run_after=None
[2024-11-22T07:49:25.675+0000] {processor.py:175} INFO - Processing /home/airflow/.local/lib/python3.7/site-packages/airflow/example_dags/example_python_operator.py took 0.074 seconds
[2024-11-22T07:49:56.471+0000] {processor.py:153} INFO - Started process (PID=1471) to work on /home/airflow/.local/lib/python3.7/site-packages/airflow/example_dags/example_python_operator.py
[2024-11-22T07:49:56.477+0000] {processor.py:743} INFO - Processing file /home/airflow/.local/lib/python3.7/site-packages/airflow/example_dags/example_python_operator.py for tasks to queue
[2024-11-22T07:49:56.478+0000] {logging_mixin.py:137} INFO - [2024-11-22T07:49:56.478+0000] {dagbag.py:538} INFO - Filling up the DagBag from /home/airflow/.local/lib/python3.7/site-packages/airflow/example_dags/example_python_operator.py
[2024-11-22T07:49:56.490+0000] {logging_mixin.py:137} INFO - [2024-11-22T07:49:56.490+0000] {taskmixin.py:205} WARNING - Dependency <Task(_PythonDecoratedOperator): print_the_context>, log_sql_query already registered for DAG: example_python_operator
[2024-11-22T07:49:56.491+0000] {logging_mixin.py:137} INFO - [2024-11-22T07:49:56.490+0000] {taskmixin.py:205} WARNING - Dependency <Task(_PythonDecoratedOperator): log_sql_query>, print_the_context already registered for DAG: example_python_operator
[2024-11-22T07:49:56.491+0000] {logging_mixin.py:137} INFO - [2024-11-22T07:49:56.491+0000] {taskmixin.py:205} WARNING - Dependency <Task(_PythonDecoratedOperator): print_the_context>, log_sql_query already registered for DAG: example_python_operator
[2024-11-22T07:49:56.491+0000] {logging_mixin.py:137} INFO - [2024-11-22T07:49:56.491+0000] {taskmixin.py:205} WARNING - Dependency <Task(_PythonDecoratedOperator): log_sql_query>, print_the_context already registered for DAG: example_python_operator
[2024-11-22T07:49:56.491+0000] {logging_mixin.py:137} INFO - [2024-11-22T07:49:56.491+0000] {taskmixin.py:205} WARNING - Dependency <Task(_PythonDecoratedOperator): print_the_context>, log_sql_query already registered for DAG: example_python_operator
[2024-11-22T07:49:56.492+0000] {logging_mixin.py:137} INFO - [2024-11-22T07:49:56.492+0000] {taskmixin.py:205} WARNING - Dependency <Task(_PythonDecoratedOperator): log_sql_query>, print_the_context already registered for DAG: example_python_operator
[2024-11-22T07:49:56.492+0000] {logging_mixin.py:137} INFO - [2024-11-22T07:49:56.492+0000] {taskmixin.py:205} WARNING - Dependency <Task(_PythonDecoratedOperator): print_the_context>, log_sql_query already registered for DAG: example_python_operator
[2024-11-22T07:49:56.492+0000] {logging_mixin.py:137} INFO - [2024-11-22T07:49:56.492+0000] {taskmixin.py:205} WARNING - Dependency <Task(_PythonDecoratedOperator): log_sql_query>, print_the_context already registered for DAG: example_python_operator
[2024-11-22T07:49:56.498+0000] {processor.py:753} INFO - DAG(s) dict_keys(['example_python_operator']) retrieved from /home/airflow/.local/lib/python3.7/site-packages/airflow/example_dags/example_python_operator.py
[2024-11-22T07:49:56.516+0000] {logging_mixin.py:137} INFO - [2024-11-22T07:49:56.516+0000] {dag.py:2690} INFO - Sync 1 DAGs
[2024-11-22T07:49:56.531+0000] {logging_mixin.py:137} INFO - [2024-11-22T07:49:56.531+0000] {dag.py:3441} INFO - Setting next_dagrun for example_python_operator to None, run_after=None
[2024-11-22T07:49:56.543+0000] {processor.py:175} INFO - Processing /home/airflow/.local/lib/python3.7/site-packages/airflow/example_dags/example_python_operator.py took 0.074 seconds
[2024-11-22T07:50:26.799+0000] {processor.py:153} INFO - Started process (PID=1542) to work on /home/airflow/.local/lib/python3.7/site-packages/airflow/example_dags/example_python_operator.py
[2024-11-22T07:50:26.802+0000] {processor.py:743} INFO - Processing file /home/airflow/.local/lib/python3.7/site-packages/airflow/example_dags/example_python_operator.py for tasks to queue
[2024-11-22T07:50:26.802+0000] {logging_mixin.py:137} INFO - [2024-11-22T07:50:26.802+0000] {dagbag.py:538} INFO - Filling up the DagBag from /home/airflow/.local/lib/python3.7/site-packages/airflow/example_dags/example_python_operator.py
[2024-11-22T07:50:26.811+0000] {logging_mixin.py:137} INFO - [2024-11-22T07:50:26.811+0000] {taskmixin.py:205} WARNING - Dependency <Task(_PythonDecoratedOperator): print_the_context>, log_sql_query already registered for DAG: example_python_operator
[2024-11-22T07:50:26.811+0000] {logging_mixin.py:137} INFO - [2024-11-22T07:50:26.811+0000] {taskmixin.py:205} WARNING - Dependency <Task(_PythonDecoratedOperator): log_sql_query>, print_the_context already registered for DAG: example_python_operator
[2024-11-22T07:50:26.812+0000] {logging_mixin.py:137} INFO - [2024-11-22T07:50:26.812+0000] {taskmixin.py:205} WARNING - Dependency <Task(_PythonDecoratedOperator): print_the_context>, log_sql_query already registered for DAG: example_python_operator
[2024-11-22T07:50:26.813+0000] {logging_mixin.py:137} INFO - [2024-11-22T07:50:26.813+0000] {taskmixin.py:205} WARNING - Dependency <Task(_PythonDecoratedOperator): log_sql_query>, print_the_context already registered for DAG: example_python_operator
[2024-11-22T07:50:26.813+0000] {logging_mixin.py:137} INFO - [2024-11-22T07:50:26.813+0000] {taskmixin.py:205} WARNING - Dependency <Task(_PythonDecoratedOperator): print_the_context>, log_sql_query already registered for DAG: example_python_operator
[2024-11-22T07:50:26.814+0000] {logging_mixin.py:137} INFO - [2024-11-22T07:50:26.814+0000] {taskmixin.py:205} WARNING - Dependency <Task(_PythonDecoratedOperator): log_sql_query>, print_the_context already registered for DAG: example_python_operator
[2024-11-22T07:50:26.815+0000] {logging_mixin.py:137} INFO - [2024-11-22T07:50:26.814+0000] {taskmixin.py:205} WARNING - Dependency <Task(_PythonDecoratedOperator): print_the_context>, log_sql_query already registered for DAG: example_python_operator
[2024-11-22T07:50:26.816+0000] {logging_mixin.py:137} INFO - [2024-11-22T07:50:26.816+0000] {taskmixin.py:205} WARNING - Dependency <Task(_PythonDecoratedOperator): log_sql_query>, print_the_context already registered for DAG: example_python_operator
[2024-11-22T07:50:26.819+0000] {processor.py:753} INFO - DAG(s) dict_keys(['example_python_operator']) retrieved from /home/airflow/.local/lib/python3.7/site-packages/airflow/example_dags/example_python_operator.py
[2024-11-22T07:50:26.839+0000] {logging_mixin.py:137} INFO - [2024-11-22T07:50:26.839+0000] {dag.py:2690} INFO - Sync 1 DAGs
[2024-11-22T07:50:26.854+0000] {logging_mixin.py:137} INFO - [2024-11-22T07:50:26.854+0000] {dag.py:3441} INFO - Setting next_dagrun for example_python_operator to None, run_after=None
[2024-11-22T07:50:26.869+0000] {processor.py:175} INFO - Processing /home/airflow/.local/lib/python3.7/site-packages/airflow/example_dags/example_python_operator.py took 0.072 seconds
[2024-11-22T07:50:57.649+0000] {processor.py:153} INFO - Started process (PID=1628) to work on /home/airflow/.local/lib/python3.7/site-packages/airflow/example_dags/example_python_operator.py
[2024-11-22T07:50:57.650+0000] {processor.py:743} INFO - Processing file /home/airflow/.local/lib/python3.7/site-packages/airflow/example_dags/example_python_operator.py for tasks to queue
[2024-11-22T07:50:57.650+0000] {logging_mixin.py:137} INFO - [2024-11-22T07:50:57.650+0000] {dagbag.py:538} INFO - Filling up the DagBag from /home/airflow/.local/lib/python3.7/site-packages/airflow/example_dags/example_python_operator.py
[2024-11-22T07:50:57.662+0000] {logging_mixin.py:137} INFO - [2024-11-22T07:50:57.662+0000] {taskmixin.py:205} WARNING - Dependency <Task(_PythonDecoratedOperator): print_the_context>, log_sql_query already registered for DAG: example_python_operator
[2024-11-22T07:50:57.665+0000] {logging_mixin.py:137} INFO - [2024-11-22T07:50:57.665+0000] {taskmixin.py:205} WARNING - Dependency <Task(_PythonDecoratedOperator): log_sql_query>, print_the_context already registered for DAG: example_python_operator
[2024-11-22T07:50:57.666+0000] {logging_mixin.py:137} INFO - [2024-11-22T07:50:57.666+0000] {taskmixin.py:205} WARNING - Dependency <Task(_PythonDecoratedOperator): print_the_context>, log_sql_query already registered for DAG: example_python_operator
[2024-11-22T07:50:57.666+0000] {logging_mixin.py:137} INFO - [2024-11-22T07:50:57.666+0000] {taskmixin.py:205} WARNING - Dependency <Task(_PythonDecoratedOperator): log_sql_query>, print_the_context already registered for DAG: example_python_operator
[2024-11-22T07:50:57.666+0000] {logging_mixin.py:137} INFO - [2024-11-22T07:50:57.666+0000] {taskmixin.py:205} WARNING - Dependency <Task(_PythonDecoratedOperator): print_the_context>, log_sql_query already registered for DAG: example_python_operator
[2024-11-22T07:50:57.666+0000] {logging_mixin.py:137} INFO - [2024-11-22T07:50:57.666+0000] {taskmixin.py:205} WARNING - Dependency <Task(_PythonDecoratedOperator): log_sql_query>, print_the_context already registered for DAG: example_python_operator
[2024-11-22T07:50:57.667+0000] {logging_mixin.py:137} INFO - [2024-11-22T07:50:57.667+0000] {taskmixin.py:205} WARNING - Dependency <Task(_PythonDecoratedOperator): print_the_context>, log_sql_query already registered for DAG: example_python_operator
[2024-11-22T07:50:57.667+0000] {logging_mixin.py:137} INFO - [2024-11-22T07:50:57.667+0000] {taskmixin.py:205} WARNING - Dependency <Task(_PythonDecoratedOperator): log_sql_query>, print_the_context already registered for DAG: example_python_operator
[2024-11-22T07:50:57.671+0000] {processor.py:753} INFO - DAG(s) dict_keys(['example_python_operator']) retrieved from /home/airflow/.local/lib/python3.7/site-packages/airflow/example_dags/example_python_operator.py
[2024-11-22T07:50:57.689+0000] {logging_mixin.py:137} INFO - [2024-11-22T07:50:57.689+0000] {dag.py:2690} INFO - Sync 1 DAGs
[2024-11-22T07:50:57.710+0000] {logging_mixin.py:137} INFO - [2024-11-22T07:50:57.710+0000] {dag.py:3441} INFO - Setting next_dagrun for example_python_operator to None, run_after=None
[2024-11-22T07:50:57.721+0000] {processor.py:175} INFO - Processing /home/airflow/.local/lib/python3.7/site-packages/airflow/example_dags/example_python_operator.py took 0.076 seconds
[2024-11-22T07:51:27.837+0000] {processor.py:153} INFO - Started process (PID=1699) to work on /home/airflow/.local/lib/python3.7/site-packages/airflow/example_dags/example_python_operator.py
[2024-11-22T07:51:27.837+0000] {processor.py:743} INFO - Processing file /home/airflow/.local/lib/python3.7/site-packages/airflow/example_dags/example_python_operator.py for tasks to queue
[2024-11-22T07:51:27.838+0000] {logging_mixin.py:137} INFO - [2024-11-22T07:51:27.838+0000] {dagbag.py:538} INFO - Filling up the DagBag from /home/airflow/.local/lib/python3.7/site-packages/airflow/example_dags/example_python_operator.py
[2024-11-22T07:51:27.847+0000] {logging_mixin.py:137} INFO - [2024-11-22T07:51:27.847+0000] {taskmixin.py:205} WARNING - Dependency <Task(_PythonDecoratedOperator): print_the_context>, log_sql_query already registered for DAG: example_python_operator
[2024-11-22T07:51:27.848+0000] {logging_mixin.py:137} INFO - [2024-11-22T07:51:27.848+0000] {taskmixin.py:205} WARNING - Dependency <Task(_PythonDecoratedOperator): log_sql_query>, print_the_context already registered for DAG: example_python_operator
[2024-11-22T07:51:27.848+0000] {logging_mixin.py:137} INFO - [2024-11-22T07:51:27.848+0000] {taskmixin.py:205} WARNING - Dependency <Task(_PythonDecoratedOperator): print_the_context>, log_sql_query already registered for DAG: example_python_operator
[2024-11-22T07:51:27.848+0000] {logging_mixin.py:137} INFO - [2024-11-22T07:51:27.848+0000] {taskmixin.py:205} WARNING - Dependency <Task(_PythonDecoratedOperator): log_sql_query>, print_the_context already registered for DAG: example_python_operator
[2024-11-22T07:51:27.848+0000] {logging_mixin.py:137} INFO - [2024-11-22T07:51:27.848+0000] {taskmixin.py:205} WARNING - Dependency <Task(_PythonDecoratedOperator): print_the_context>, log_sql_query already registered for DAG: example_python_operator
[2024-11-22T07:51:27.848+0000] {logging_mixin.py:137} INFO - [2024-11-22T07:51:27.848+0000] {taskmixin.py:205} WARNING - Dependency <Task(_PythonDecoratedOperator): log_sql_query>, print_the_context already registered for DAG: example_python_operator
[2024-11-22T07:51:27.849+0000] {logging_mixin.py:137} INFO - [2024-11-22T07:51:27.849+0000] {taskmixin.py:205} WARNING - Dependency <Task(_PythonDecoratedOperator): print_the_context>, log_sql_query already registered for DAG: example_python_operator
[2024-11-22T07:51:27.849+0000] {logging_mixin.py:137} INFO - [2024-11-22T07:51:27.849+0000] {taskmixin.py:205} WARNING - Dependency <Task(_PythonDecoratedOperator): log_sql_query>, print_the_context already registered for DAG: example_python_operator
[2024-11-22T07:51:27.853+0000] {processor.py:753} INFO - DAG(s) dict_keys(['example_python_operator']) retrieved from /home/airflow/.local/lib/python3.7/site-packages/airflow/example_dags/example_python_operator.py
[2024-11-22T07:51:27.866+0000] {logging_mixin.py:137} INFO - [2024-11-22T07:51:27.866+0000] {dag.py:2690} INFO - Sync 1 DAGs
[2024-11-22T07:51:27.884+0000] {logging_mixin.py:137} INFO - [2024-11-22T07:51:27.884+0000] {dag.py:3441} INFO - Setting next_dagrun for example_python_operator to None, run_after=None
[2024-11-22T07:51:27.893+0000] {processor.py:175} INFO - Processing /home/airflow/.local/lib/python3.7/site-packages/airflow/example_dags/example_python_operator.py took 0.058 seconds
[2024-11-22T07:51:57.906+0000] {processor.py:153} INFO - Started process (PID=1785) to work on /home/airflow/.local/lib/python3.7/site-packages/airflow/example_dags/example_python_operator.py
[2024-11-22T07:51:57.906+0000] {processor.py:743} INFO - Processing file /home/airflow/.local/lib/python3.7/site-packages/airflow/example_dags/example_python_operator.py for tasks to queue
[2024-11-22T07:51:57.906+0000] {logging_mixin.py:137} INFO - [2024-11-22T07:51:57.906+0000] {dagbag.py:538} INFO - Filling up the DagBag from /home/airflow/.local/lib/python3.7/site-packages/airflow/example_dags/example_python_operator.py
[2024-11-22T07:51:57.914+0000] {logging_mixin.py:137} INFO - [2024-11-22T07:51:57.914+0000] {taskmixin.py:205} WARNING - Dependency <Task(_PythonDecoratedOperator): print_the_context>, log_sql_query already registered for DAG: example_python_operator
[2024-11-22T07:51:57.914+0000] {logging_mixin.py:137} INFO - [2024-11-22T07:51:57.914+0000] {taskmixin.py:205} WARNING - Dependency <Task(_PythonDecoratedOperator): log_sql_query>, print_the_context already registered for DAG: example_python_operator
[2024-11-22T07:51:57.914+0000] {logging_mixin.py:137} INFO - [2024-11-22T07:51:57.914+0000] {taskmixin.py:205} WARNING - Dependency <Task(_PythonDecoratedOperator): print_the_context>, log_sql_query already registered for DAG: example_python_operator
[2024-11-22T07:51:57.914+0000] {logging_mixin.py:137} INFO - [2024-11-22T07:51:57.914+0000] {taskmixin.py:205} WARNING - Dependency <Task(_PythonDecoratedOperator): log_sql_query>, print_the_context already registered for DAG: example_python_operator
[2024-11-22T07:51:57.914+0000] {logging_mixin.py:137} INFO - [2024-11-22T07:51:57.914+0000] {taskmixin.py:205} WARNING - Dependency <Task(_PythonDecoratedOperator): print_the_context>, log_sql_query already registered for DAG: example_python_operator
[2024-11-22T07:51:57.915+0000] {logging_mixin.py:137} INFO - [2024-11-22T07:51:57.915+0000] {taskmixin.py:205} WARNING - Dependency <Task(_PythonDecoratedOperator): log_sql_query>, print_the_context already registered for DAG: example_python_operator
[2024-11-22T07:51:57.915+0000] {logging_mixin.py:137} INFO - [2024-11-22T07:51:57.915+0000] {taskmixin.py:205} WARNING - Dependency <Task(_PythonDecoratedOperator): print_the_context>, log_sql_query already registered for DAG: example_python_operator
[2024-11-22T07:51:57.915+0000] {logging_mixin.py:137} INFO - [2024-11-22T07:51:57.915+0000] {taskmixin.py:205} WARNING - Dependency <Task(_PythonDecoratedOperator): log_sql_query>, print_the_context already registered for DAG: example_python_operator
[2024-11-22T07:51:57.917+0000] {processor.py:753} INFO - DAG(s) dict_keys(['example_python_operator']) retrieved from /home/airflow/.local/lib/python3.7/site-packages/airflow/example_dags/example_python_operator.py
[2024-11-22T07:51:57.929+0000] {logging_mixin.py:137} INFO - [2024-11-22T07:51:57.929+0000] {dag.py:2690} INFO - Sync 1 DAGs
[2024-11-22T07:51:57.938+0000] {logging_mixin.py:137} INFO - [2024-11-22T07:51:57.938+0000] {dag.py:3441} INFO - Setting next_dagrun for example_python_operator to None, run_after=None
[2024-11-22T07:51:57.945+0000] {processor.py:175} INFO - Processing /home/airflow/.local/lib/python3.7/site-packages/airflow/example_dags/example_python_operator.py took 0.041 seconds
[2024-11-22T07:52:28.353+0000] {processor.py:153} INFO - Started process (PID=1866) to work on /home/airflow/.local/lib/python3.7/site-packages/airflow/example_dags/example_python_operator.py
[2024-11-22T07:52:28.354+0000] {processor.py:743} INFO - Processing file /home/airflow/.local/lib/python3.7/site-packages/airflow/example_dags/example_python_operator.py for tasks to queue
[2024-11-22T07:52:28.355+0000] {logging_mixin.py:137} INFO - [2024-11-22T07:52:28.355+0000] {dagbag.py:538} INFO - Filling up the DagBag from /home/airflow/.local/lib/python3.7/site-packages/airflow/example_dags/example_python_operator.py
[2024-11-22T07:52:28.372+0000] {logging_mixin.py:137} INFO - [2024-11-22T07:52:28.372+0000] {taskmixin.py:205} WARNING - Dependency <Task(_PythonDecoratedOperator): print_the_context>, log_sql_query already registered for DAG: example_python_operator
[2024-11-22T07:52:28.374+0000] {logging_mixin.py:137} INFO - [2024-11-22T07:52:28.374+0000] {taskmixin.py:205} WARNING - Dependency <Task(_PythonDecoratedOperator): log_sql_query>, print_the_context already registered for DAG: example_python_operator
[2024-11-22T07:52:28.374+0000] {logging_mixin.py:137} INFO - [2024-11-22T07:52:28.374+0000] {taskmixin.py:205} WARNING - Dependency <Task(_PythonDecoratedOperator): print_the_context>, log_sql_query already registered for DAG: example_python_operator
[2024-11-22T07:52:28.375+0000] {logging_mixin.py:137} INFO - [2024-11-22T07:52:28.374+0000] {taskmixin.py:205} WARNING - Dependency <Task(_PythonDecoratedOperator): log_sql_query>, print_the_context already registered for DAG: example_python_operator
[2024-11-22T07:52:28.378+0000] {logging_mixin.py:137} INFO - [2024-11-22T07:52:28.378+0000] {taskmixin.py:205} WARNING - Dependency <Task(_PythonDecoratedOperator): print_the_context>, log_sql_query already registered for DAG: example_python_operator
[2024-11-22T07:52:28.378+0000] {logging_mixin.py:137} INFO - [2024-11-22T07:52:28.378+0000] {taskmixin.py:205} WARNING - Dependency <Task(_PythonDecoratedOperator): log_sql_query>, print_the_context already registered for DAG: example_python_operator
[2024-11-22T07:52:28.378+0000] {logging_mixin.py:137} INFO - [2024-11-22T07:52:28.378+0000] {taskmixin.py:205} WARNING - Dependency <Task(_PythonDecoratedOperator): print_the_context>, log_sql_query already registered for DAG: example_python_operator
[2024-11-22T07:52:28.379+0000] {logging_mixin.py:137} INFO - [2024-11-22T07:52:28.379+0000] {taskmixin.py:205} WARNING - Dependency <Task(_PythonDecoratedOperator): log_sql_query>, print_the_context already registered for DAG: example_python_operator
[2024-11-22T07:52:28.383+0000] {processor.py:753} INFO - DAG(s) dict_keys(['example_python_operator']) retrieved from /home/airflow/.local/lib/python3.7/site-packages/airflow/example_dags/example_python_operator.py
[2024-11-22T07:52:28.404+0000] {logging_mixin.py:137} INFO - [2024-11-22T07:52:28.404+0000] {dag.py:2690} INFO - Sync 1 DAGs
[2024-11-22T07:52:28.423+0000] {logging_mixin.py:137} INFO - [2024-11-22T07:52:28.423+0000] {dag.py:3441} INFO - Setting next_dagrun for example_python_operator to None, run_after=None
[2024-11-22T07:52:28.442+0000] {processor.py:175} INFO - Processing /home/airflow/.local/lib/python3.7/site-packages/airflow/example_dags/example_python_operator.py took 0.093 seconds
[2024-11-22T07:52:59.244+0000] {processor.py:153} INFO - Started process (PID=1944) to work on /home/airflow/.local/lib/python3.7/site-packages/airflow/example_dags/example_python_operator.py
[2024-11-22T07:52:59.246+0000] {processor.py:743} INFO - Processing file /home/airflow/.local/lib/python3.7/site-packages/airflow/example_dags/example_python_operator.py for tasks to queue
[2024-11-22T07:52:59.247+0000] {logging_mixin.py:137} INFO - [2024-11-22T07:52:59.247+0000] {dagbag.py:538} INFO - Filling up the DagBag from /home/airflow/.local/lib/python3.7/site-packages/airflow/example_dags/example_python_operator.py
[2024-11-22T07:52:59.257+0000] {logging_mixin.py:137} INFO - [2024-11-22T07:52:59.257+0000] {taskmixin.py:205} WARNING - Dependency <Task(_PythonDecoratedOperator): print_the_context>, log_sql_query already registered for DAG: example_python_operator
[2024-11-22T07:52:59.257+0000] {logging_mixin.py:137} INFO - [2024-11-22T07:52:59.257+0000] {taskmixin.py:205} WARNING - Dependency <Task(_PythonDecoratedOperator): log_sql_query>, print_the_context already registered for DAG: example_python_operator
[2024-11-22T07:52:59.258+0000] {logging_mixin.py:137} INFO - [2024-11-22T07:52:59.258+0000] {taskmixin.py:205} WARNING - Dependency <Task(_PythonDecoratedOperator): print_the_context>, log_sql_query already registered for DAG: example_python_operator
[2024-11-22T07:52:59.258+0000] {logging_mixin.py:137} INFO - [2024-11-22T07:52:59.258+0000] {taskmixin.py:205} WARNING - Dependency <Task(_PythonDecoratedOperator): log_sql_query>, print_the_context already registered for DAG: example_python_operator
[2024-11-22T07:52:59.258+0000] {logging_mixin.py:137} INFO - [2024-11-22T07:52:59.258+0000] {taskmixin.py:205} WARNING - Dependency <Task(_PythonDecoratedOperator): print_the_context>, log_sql_query already registered for DAG: example_python_operator
[2024-11-22T07:52:59.258+0000] {logging_mixin.py:137} INFO - [2024-11-22T07:52:59.258+0000] {taskmixin.py:205} WARNING - Dependency <Task(_PythonDecoratedOperator): log_sql_query>, print_the_context already registered for DAG: example_python_operator
[2024-11-22T07:52:59.258+0000] {logging_mixin.py:137} INFO - [2024-11-22T07:52:59.258+0000] {taskmixin.py:205} WARNING - Dependency <Task(_PythonDecoratedOperator): print_the_context>, log_sql_query already registered for DAG: example_python_operator
[2024-11-22T07:52:59.259+0000] {logging_mixin.py:137} INFO - [2024-11-22T07:52:59.259+0000] {taskmixin.py:205} WARNING - Dependency <Task(_PythonDecoratedOperator): log_sql_query>, print_the_context already registered for DAG: example_python_operator
[2024-11-22T07:52:59.262+0000] {processor.py:753} INFO - DAG(s) dict_keys(['example_python_operator']) retrieved from /home/airflow/.local/lib/python3.7/site-packages/airflow/example_dags/example_python_operator.py
[2024-11-22T07:52:59.277+0000] {logging_mixin.py:137} INFO - [2024-11-22T07:52:59.277+0000] {dag.py:2690} INFO - Sync 1 DAGs
[2024-11-22T07:52:59.290+0000] {logging_mixin.py:137} INFO - [2024-11-22T07:52:59.289+0000] {dag.py:3441} INFO - Setting next_dagrun for example_python_operator to None, run_after=None
[2024-11-22T07:52:59.297+0000] {processor.py:175} INFO - Processing /home/airflow/.local/lib/python3.7/site-packages/airflow/example_dags/example_python_operator.py took 0.054 seconds
[2024-11-22T07:53:30.445+0000] {processor.py:153} INFO - Started process (PID=2031) to work on /home/airflow/.local/lib/python3.7/site-packages/airflow/example_dags/example_python_operator.py
[2024-11-22T07:53:30.448+0000] {processor.py:743} INFO - Processing file /home/airflow/.local/lib/python3.7/site-packages/airflow/example_dags/example_python_operator.py for tasks to queue
[2024-11-22T07:53:30.449+0000] {logging_mixin.py:137} INFO - [2024-11-22T07:53:30.448+0000] {dagbag.py:538} INFO - Filling up the DagBag from /home/airflow/.local/lib/python3.7/site-packages/airflow/example_dags/example_python_operator.py
[2024-11-22T07:53:30.459+0000] {logging_mixin.py:137} INFO - [2024-11-22T07:53:30.459+0000] {taskmixin.py:205} WARNING - Dependency <Task(_PythonDecoratedOperator): print_the_context>, log_sql_query already registered for DAG: example_python_operator
[2024-11-22T07:53:30.459+0000] {logging_mixin.py:137} INFO - [2024-11-22T07:53:30.459+0000] {taskmixin.py:205} WARNING - Dependency <Task(_PythonDecoratedOperator): log_sql_query>, print_the_context already registered for DAG: example_python_operator
[2024-11-22T07:53:30.460+0000] {logging_mixin.py:137} INFO - [2024-11-22T07:53:30.460+0000] {taskmixin.py:205} WARNING - Dependency <Task(_PythonDecoratedOperator): print_the_context>, log_sql_query already registered for DAG: example_python_operator
[2024-11-22T07:53:30.460+0000] {logging_mixin.py:137} INFO - [2024-11-22T07:53:30.460+0000] {taskmixin.py:205} WARNING - Dependency <Task(_PythonDecoratedOperator): log_sql_query>, print_the_context already registered for DAG: example_python_operator
[2024-11-22T07:53:30.461+0000] {logging_mixin.py:137} INFO - [2024-11-22T07:53:30.461+0000] {taskmixin.py:205} WARNING - Dependency <Task(_PythonDecoratedOperator): print_the_context>, log_sql_query already registered for DAG: example_python_operator
[2024-11-22T07:53:30.461+0000] {logging_mixin.py:137} INFO - [2024-11-22T07:53:30.461+0000] {taskmixin.py:205} WARNING - Dependency <Task(_PythonDecoratedOperator): log_sql_query>, print_the_context already registered for DAG: example_python_operator
[2024-11-22T07:53:30.461+0000] {logging_mixin.py:137} INFO - [2024-11-22T07:53:30.461+0000] {taskmixin.py:205} WARNING - Dependency <Task(_PythonDecoratedOperator): print_the_context>, log_sql_query already registered for DAG: example_python_operator
[2024-11-22T07:53:30.462+0000] {logging_mixin.py:137} INFO - [2024-11-22T07:53:30.462+0000] {taskmixin.py:205} WARNING - Dependency <Task(_PythonDecoratedOperator): log_sql_query>, print_the_context already registered for DAG: example_python_operator
[2024-11-22T07:53:30.468+0000] {processor.py:753} INFO - DAG(s) dict_keys(['example_python_operator']) retrieved from /home/airflow/.local/lib/python3.7/site-packages/airflow/example_dags/example_python_operator.py
[2024-11-22T07:53:30.487+0000] {logging_mixin.py:137} INFO - [2024-11-22T07:53:30.487+0000] {dag.py:2690} INFO - Sync 1 DAGs
[2024-11-22T07:53:30.499+0000] {logging_mixin.py:137} INFO - [2024-11-22T07:53:30.499+0000] {dag.py:3441} INFO - Setting next_dagrun for example_python_operator to None, run_after=None
[2024-11-22T07:53:30.507+0000] {processor.py:175} INFO - Processing /home/airflow/.local/lib/python3.7/site-packages/airflow/example_dags/example_python_operator.py took 0.070 seconds
[2024-11-22T07:54:01.579+0000] {processor.py:153} INFO - Started process (PID=2118) to work on /home/airflow/.local/lib/python3.7/site-packages/airflow/example_dags/example_python_operator.py
[2024-11-22T07:54:01.580+0000] {processor.py:743} INFO - Processing file /home/airflow/.local/lib/python3.7/site-packages/airflow/example_dags/example_python_operator.py for tasks to queue
[2024-11-22T07:54:01.580+0000] {logging_mixin.py:137} INFO - [2024-11-22T07:54:01.580+0000] {dagbag.py:538} INFO - Filling up the DagBag from /home/airflow/.local/lib/python3.7/site-packages/airflow/example_dags/example_python_operator.py
[2024-11-22T07:54:01.589+0000] {logging_mixin.py:137} INFO - [2024-11-22T07:54:01.589+0000] {taskmixin.py:205} WARNING - Dependency <Task(_PythonDecoratedOperator): print_the_context>, log_sql_query already registered for DAG: example_python_operator
[2024-11-22T07:54:01.589+0000] {logging_mixin.py:137} INFO - [2024-11-22T07:54:01.589+0000] {taskmixin.py:205} WARNING - Dependency <Task(_PythonDecoratedOperator): log_sql_query>, print_the_context already registered for DAG: example_python_operator
[2024-11-22T07:54:01.590+0000] {logging_mixin.py:137} INFO - [2024-11-22T07:54:01.590+0000] {taskmixin.py:205} WARNING - Dependency <Task(_PythonDecoratedOperator): print_the_context>, log_sql_query already registered for DAG: example_python_operator
[2024-11-22T07:54:01.590+0000] {logging_mixin.py:137} INFO - [2024-11-22T07:54:01.590+0000] {taskmixin.py:205} WARNING - Dependency <Task(_PythonDecoratedOperator): log_sql_query>, print_the_context already registered for DAG: example_python_operator
[2024-11-22T07:54:01.590+0000] {logging_mixin.py:137} INFO - [2024-11-22T07:54:01.590+0000] {taskmixin.py:205} WARNING - Dependency <Task(_PythonDecoratedOperator): print_the_context>, log_sql_query already registered for DAG: example_python_operator
[2024-11-22T07:54:01.590+0000] {logging_mixin.py:137} INFO - [2024-11-22T07:54:01.590+0000] {taskmixin.py:205} WARNING - Dependency <Task(_PythonDecoratedOperator): log_sql_query>, print_the_context already registered for DAG: example_python_operator
[2024-11-22T07:54:01.590+0000] {logging_mixin.py:137} INFO - [2024-11-22T07:54:01.590+0000] {taskmixin.py:205} WARNING - Dependency <Task(_PythonDecoratedOperator): print_the_context>, log_sql_query already registered for DAG: example_python_operator
[2024-11-22T07:54:01.590+0000] {logging_mixin.py:137} INFO - [2024-11-22T07:54:01.590+0000] {taskmixin.py:205} WARNING - Dependency <Task(_PythonDecoratedOperator): log_sql_query>, print_the_context already registered for DAG: example_python_operator
[2024-11-22T07:54:01.596+0000] {processor.py:753} INFO - DAG(s) dict_keys(['example_python_operator']) retrieved from /home/airflow/.local/lib/python3.7/site-packages/airflow/example_dags/example_python_operator.py
[2024-11-22T07:54:01.624+0000] {logging_mixin.py:137} INFO - [2024-11-22T07:54:01.623+0000] {dag.py:2690} INFO - Sync 1 DAGs
[2024-11-22T07:54:01.639+0000] {logging_mixin.py:137} INFO - [2024-11-22T07:54:01.639+0000] {dag.py:3441} INFO - Setting next_dagrun for example_python_operator to None, run_after=None
[2024-11-22T07:54:01.659+0000] {processor.py:175} INFO - Processing /home/airflow/.local/lib/python3.7/site-packages/airflow/example_dags/example_python_operator.py took 0.082 seconds
[2024-11-22T07:54:31.688+0000] {processor.py:153} INFO - Started process (PID=2189) to work on /home/airflow/.local/lib/python3.7/site-packages/airflow/example_dags/example_python_operator.py
[2024-11-22T07:54:31.688+0000] {processor.py:743} INFO - Processing file /home/airflow/.local/lib/python3.7/site-packages/airflow/example_dags/example_python_operator.py for tasks to queue
[2024-11-22T07:54:31.689+0000] {logging_mixin.py:137} INFO - [2024-11-22T07:54:31.689+0000] {dagbag.py:538} INFO - Filling up the DagBag from /home/airflow/.local/lib/python3.7/site-packages/airflow/example_dags/example_python_operator.py
[2024-11-22T07:54:31.698+0000] {logging_mixin.py:137} INFO - [2024-11-22T07:54:31.698+0000] {taskmixin.py:205} WARNING - Dependency <Task(_PythonDecoratedOperator): print_the_context>, log_sql_query already registered for DAG: example_python_operator
[2024-11-22T07:54:31.699+0000] {logging_mixin.py:137} INFO - [2024-11-22T07:54:31.698+0000] {taskmixin.py:205} WARNING - Dependency <Task(_PythonDecoratedOperator): log_sql_query>, print_the_context already registered for DAG: example_python_operator
[2024-11-22T07:54:31.699+0000] {logging_mixin.py:137} INFO - [2024-11-22T07:54:31.699+0000] {taskmixin.py:205} WARNING - Dependency <Task(_PythonDecoratedOperator): print_the_context>, log_sql_query already registered for DAG: example_python_operator
[2024-11-22T07:54:31.699+0000] {logging_mixin.py:137} INFO - [2024-11-22T07:54:31.699+0000] {taskmixin.py:205} WARNING - Dependency <Task(_PythonDecoratedOperator): log_sql_query>, print_the_context already registered for DAG: example_python_operator
[2024-11-22T07:54:31.699+0000] {logging_mixin.py:137} INFO - [2024-11-22T07:54:31.699+0000] {taskmixin.py:205} WARNING - Dependency <Task(_PythonDecoratedOperator): print_the_context>, log_sql_query already registered for DAG: example_python_operator
[2024-11-22T07:54:31.699+0000] {logging_mixin.py:137} INFO - [2024-11-22T07:54:31.699+0000] {taskmixin.py:205} WARNING - Dependency <Task(_PythonDecoratedOperator): log_sql_query>, print_the_context already registered for DAG: example_python_operator
[2024-11-22T07:54:31.699+0000] {logging_mixin.py:137} INFO - [2024-11-22T07:54:31.699+0000] {taskmixin.py:205} WARNING - Dependency <Task(_PythonDecoratedOperator): print_the_context>, log_sql_query already registered for DAG: example_python_operator
[2024-11-22T07:54:31.700+0000] {logging_mixin.py:137} INFO - [2024-11-22T07:54:31.699+0000] {taskmixin.py:205} WARNING - Dependency <Task(_PythonDecoratedOperator): log_sql_query>, print_the_context already registered for DAG: example_python_operator
[2024-11-22T07:54:31.703+0000] {processor.py:753} INFO - DAG(s) dict_keys(['example_python_operator']) retrieved from /home/airflow/.local/lib/python3.7/site-packages/airflow/example_dags/example_python_operator.py
[2024-11-22T07:54:31.716+0000] {logging_mixin.py:137} INFO - [2024-11-22T07:54:31.716+0000] {dag.py:2690} INFO - Sync 1 DAGs
[2024-11-22T07:54:31.727+0000] {logging_mixin.py:137} INFO - [2024-11-22T07:54:31.727+0000] {dag.py:3441} INFO - Setting next_dagrun for example_python_operator to None, run_after=None
[2024-11-22T07:54:31.736+0000] {processor.py:175} INFO - Processing /home/airflow/.local/lib/python3.7/site-packages/airflow/example_dags/example_python_operator.py took 0.051 seconds
