[2024-11-22T09:03:24.044+0000] {processor.py:153} INFO - Started process (PID=417) to work on /home/airflow/.local/lib/python3.7/site-packages/airflow/example_dags/example_short_circuit_decorator.py
[2024-11-22T09:03:24.046+0000] {processor.py:743} INFO - Processing file /home/airflow/.local/lib/python3.7/site-packages/airflow/example_dags/example_short_circuit_decorator.py for tasks to queue
[2024-11-22T09:03:24.046+0000] {logging_mixin.py:137} INFO - [2024-11-22T09:03:24.046+0000] {dagbag.py:538} INFO - Filling up the DagBag from /home/airflow/.local/lib/python3.7/site-packages/airflow/example_dags/example_short_circuit_decorator.py
[2024-11-22T09:03:24.058+0000] {processor.py:753} INFO - DAG(s) dict_keys(['example_short_circuit_decorator']) retrieved from /home/airflow/.local/lib/python3.7/site-packages/airflow/example_dags/example_short_circuit_decorator.py
[2024-11-22T09:03:24.073+0000] {logging_mixin.py:137} INFO - [2024-11-22T09:03:24.073+0000] {dag.py:2690} INFO - Sync 1 DAGs
[2024-11-22T09:03:24.083+0000] {logging_mixin.py:137} INFO - [2024-11-22T09:03:24.083+0000] {dag.py:3441} INFO - Setting next_dagrun for example_short_circuit_decorator to 2024-11-21T09:03:24.083333+00:00, run_after=2024-11-22T09:03:24.083333+00:00
[2024-11-22T09:03:24.090+0000] {processor.py:175} INFO - Processing /home/airflow/.local/lib/python3.7/site-packages/airflow/example_dags/example_short_circuit_decorator.py took 0.048 seconds
[2024-11-22T09:03:54.530+0000] {processor.py:153} INFO - Started process (PID=507) to work on /home/airflow/.local/lib/python3.7/site-packages/airflow/example_dags/example_short_circuit_decorator.py
[2024-11-22T09:03:54.531+0000] {processor.py:743} INFO - Processing file /home/airflow/.local/lib/python3.7/site-packages/airflow/example_dags/example_short_circuit_decorator.py for tasks to queue
[2024-11-22T09:03:54.532+0000] {logging_mixin.py:137} INFO - [2024-11-22T09:03:54.532+0000] {dagbag.py:538} INFO - Filling up the DagBag from /home/airflow/.local/lib/python3.7/site-packages/airflow/example_dags/example_short_circuit_decorator.py
[2024-11-22T09:03:54.543+0000] {processor.py:753} INFO - DAG(s) dict_keys(['example_short_circuit_decorator']) retrieved from /home/airflow/.local/lib/python3.7/site-packages/airflow/example_dags/example_short_circuit_decorator.py
[2024-11-22T09:03:54.558+0000] {logging_mixin.py:137} INFO - [2024-11-22T09:03:54.558+0000] {dag.py:2690} INFO - Sync 1 DAGs
[2024-11-22T09:03:54.569+0000] {logging_mixin.py:137} INFO - [2024-11-22T09:03:54.569+0000] {dag.py:3441} INFO - Setting next_dagrun for example_short_circuit_decorator to 2024-11-21T09:03:54.569583+00:00, run_after=2024-11-22T09:03:54.569583+00:00
[2024-11-22T09:03:54.578+0000] {processor.py:175} INFO - Processing /home/airflow/.local/lib/python3.7/site-packages/airflow/example_dags/example_short_circuit_decorator.py took 0.050 seconds
[2024-11-22T09:04:25.192+0000] {processor.py:153} INFO - Started process (PID=587) to work on /home/airflow/.local/lib/python3.7/site-packages/airflow/example_dags/example_short_circuit_decorator.py
[2024-11-22T09:04:25.193+0000] {processor.py:743} INFO - Processing file /home/airflow/.local/lib/python3.7/site-packages/airflow/example_dags/example_short_circuit_decorator.py for tasks to queue
[2024-11-22T09:04:25.193+0000] {logging_mixin.py:137} INFO - [2024-11-22T09:04:25.193+0000] {dagbag.py:538} INFO - Filling up the DagBag from /home/airflow/.local/lib/python3.7/site-packages/airflow/example_dags/example_short_circuit_decorator.py
[2024-11-22T09:04:25.209+0000] {processor.py:753} INFO - DAG(s) dict_keys(['example_short_circuit_decorator']) retrieved from /home/airflow/.local/lib/python3.7/site-packages/airflow/example_dags/example_short_circuit_decorator.py
[2024-11-22T09:04:25.226+0000] {logging_mixin.py:137} INFO - [2024-11-22T09:04:25.226+0000] {dag.py:2690} INFO - Sync 1 DAGs
[2024-11-22T09:04:25.242+0000] {logging_mixin.py:137} INFO - [2024-11-22T09:04:25.242+0000] {dag.py:3441} INFO - Setting next_dagrun for example_short_circuit_decorator to 2024-11-21T09:04:25.242435+00:00, run_after=2024-11-22T09:04:25.242435+00:00
[2024-11-22T09:04:25.257+0000] {processor.py:175} INFO - Processing /home/airflow/.local/lib/python3.7/site-packages/airflow/example_dags/example_short_circuit_decorator.py took 0.069 seconds
[2024-11-22T09:04:55.927+0000] {processor.py:153} INFO - Started process (PID=670) to work on /home/airflow/.local/lib/python3.7/site-packages/airflow/example_dags/example_short_circuit_decorator.py
[2024-11-22T09:04:55.929+0000] {processor.py:743} INFO - Processing file /home/airflow/.local/lib/python3.7/site-packages/airflow/example_dags/example_short_circuit_decorator.py for tasks to queue
[2024-11-22T09:04:55.929+0000] {logging_mixin.py:137} INFO - [2024-11-22T09:04:55.929+0000] {dagbag.py:538} INFO - Filling up the DagBag from /home/airflow/.local/lib/python3.7/site-packages/airflow/example_dags/example_short_circuit_decorator.py
[2024-11-22T09:04:55.941+0000] {processor.py:753} INFO - DAG(s) dict_keys(['example_short_circuit_decorator']) retrieved from /home/airflow/.local/lib/python3.7/site-packages/airflow/example_dags/example_short_circuit_decorator.py
[2024-11-22T09:04:55.955+0000] {logging_mixin.py:137} INFO - [2024-11-22T09:04:55.955+0000] {dag.py:2690} INFO - Sync 1 DAGs
[2024-11-22T09:04:55.971+0000] {logging_mixin.py:137} INFO - [2024-11-22T09:04:55.971+0000] {dag.py:3441} INFO - Setting next_dagrun for example_short_circuit_decorator to 2024-11-21T09:04:55.971091+00:00, run_after=2024-11-22T09:04:55.971091+00:00
[2024-11-22T09:04:55.987+0000] {processor.py:175} INFO - Processing /home/airflow/.local/lib/python3.7/site-packages/airflow/example_dags/example_short_circuit_decorator.py took 0.062 seconds
[2024-11-22T09:05:26.741+0000] {processor.py:153} INFO - Started process (PID=760) to work on /home/airflow/.local/lib/python3.7/site-packages/airflow/example_dags/example_short_circuit_decorator.py
[2024-11-22T09:05:26.742+0000] {processor.py:743} INFO - Processing file /home/airflow/.local/lib/python3.7/site-packages/airflow/example_dags/example_short_circuit_decorator.py for tasks to queue
[2024-11-22T09:05:26.742+0000] {logging_mixin.py:137} INFO - [2024-11-22T09:05:26.742+0000] {dagbag.py:538} INFO - Filling up the DagBag from /home/airflow/.local/lib/python3.7/site-packages/airflow/example_dags/example_short_circuit_decorator.py
[2024-11-22T09:05:26.754+0000] {processor.py:753} INFO - DAG(s) dict_keys(['example_short_circuit_decorator']) retrieved from /home/airflow/.local/lib/python3.7/site-packages/airflow/example_dags/example_short_circuit_decorator.py
[2024-11-22T09:05:26.767+0000] {logging_mixin.py:137} INFO - [2024-11-22T09:05:26.767+0000] {dag.py:2690} INFO - Sync 1 DAGs
[2024-11-22T09:05:26.778+0000] {logging_mixin.py:137} INFO - [2024-11-22T09:05:26.778+0000] {dag.py:3441} INFO - Setting next_dagrun for example_short_circuit_decorator to 2024-11-21T09:05:26.778123+00:00, run_after=2024-11-22T09:05:26.778123+00:00
[2024-11-22T09:05:26.788+0000] {processor.py:175} INFO - Processing /home/airflow/.local/lib/python3.7/site-packages/airflow/example_dags/example_short_circuit_decorator.py took 0.048 seconds
[2024-11-22T09:05:57.198+0000] {processor.py:153} INFO - Started process (PID=850) to work on /home/airflow/.local/lib/python3.7/site-packages/airflow/example_dags/example_short_circuit_decorator.py
[2024-11-22T09:05:57.199+0000] {processor.py:743} INFO - Processing file /home/airflow/.local/lib/python3.7/site-packages/airflow/example_dags/example_short_circuit_decorator.py for tasks to queue
[2024-11-22T09:05:57.199+0000] {logging_mixin.py:137} INFO - [2024-11-22T09:05:57.199+0000] {dagbag.py:538} INFO - Filling up the DagBag from /home/airflow/.local/lib/python3.7/site-packages/airflow/example_dags/example_short_circuit_decorator.py
[2024-11-22T09:05:57.211+0000] {processor.py:753} INFO - DAG(s) dict_keys(['example_short_circuit_decorator']) retrieved from /home/airflow/.local/lib/python3.7/site-packages/airflow/example_dags/example_short_circuit_decorator.py
[2024-11-22T09:05:57.224+0000] {logging_mixin.py:137} INFO - [2024-11-22T09:05:57.224+0000] {dag.py:2690} INFO - Sync 1 DAGs
[2024-11-22T09:05:57.239+0000] {logging_mixin.py:137} INFO - [2024-11-22T09:05:57.239+0000] {dag.py:3441} INFO - Setting next_dagrun for example_short_circuit_decorator to 2024-11-21T09:05:57.239272+00:00, run_after=2024-11-22T09:05:57.239272+00:00
[2024-11-22T09:05:57.255+0000] {processor.py:175} INFO - Processing /home/airflow/.local/lib/python3.7/site-packages/airflow/example_dags/example_short_circuit_decorator.py took 0.059 seconds
[2024-11-22T09:06:28.001+0000] {processor.py:153} INFO - Started process (PID=924) to work on /home/airflow/.local/lib/python3.7/site-packages/airflow/example_dags/example_short_circuit_decorator.py
[2024-11-22T09:06:28.002+0000] {processor.py:743} INFO - Processing file /home/airflow/.local/lib/python3.7/site-packages/airflow/example_dags/example_short_circuit_decorator.py for tasks to queue
[2024-11-22T09:06:28.002+0000] {logging_mixin.py:137} INFO - [2024-11-22T09:06:28.002+0000] {dagbag.py:538} INFO - Filling up the DagBag from /home/airflow/.local/lib/python3.7/site-packages/airflow/example_dags/example_short_circuit_decorator.py
[2024-11-22T09:06:28.014+0000] {processor.py:753} INFO - DAG(s) dict_keys(['example_short_circuit_decorator']) retrieved from /home/airflow/.local/lib/python3.7/site-packages/airflow/example_dags/example_short_circuit_decorator.py
[2024-11-22T09:06:28.028+0000] {logging_mixin.py:137} INFO - [2024-11-22T09:06:28.028+0000] {dag.py:2690} INFO - Sync 1 DAGs
[2024-11-22T09:06:28.042+0000] {logging_mixin.py:137} INFO - [2024-11-22T09:06:28.042+0000] {dag.py:3441} INFO - Setting next_dagrun for example_short_circuit_decorator to 2024-11-21T09:06:28.042704+00:00, run_after=2024-11-22T09:06:28.042704+00:00
[2024-11-22T09:06:28.056+0000] {processor.py:175} INFO - Processing /home/airflow/.local/lib/python3.7/site-packages/airflow/example_dags/example_short_circuit_decorator.py took 0.057 seconds
[2024-11-22T09:06:58.677+0000] {processor.py:153} INFO - Started process (PID=1014) to work on /home/airflow/.local/lib/python3.7/site-packages/airflow/example_dags/example_short_circuit_decorator.py
[2024-11-22T09:06:58.679+0000] {processor.py:743} INFO - Processing file /home/airflow/.local/lib/python3.7/site-packages/airflow/example_dags/example_short_circuit_decorator.py for tasks to queue
[2024-11-22T09:06:58.679+0000] {logging_mixin.py:137} INFO - [2024-11-22T09:06:58.679+0000] {dagbag.py:538} INFO - Filling up the DagBag from /home/airflow/.local/lib/python3.7/site-packages/airflow/example_dags/example_short_circuit_decorator.py
[2024-11-22T09:06:58.689+0000] {processor.py:753} INFO - DAG(s) dict_keys(['example_short_circuit_decorator']) retrieved from /home/airflow/.local/lib/python3.7/site-packages/airflow/example_dags/example_short_circuit_decorator.py
[2024-11-22T09:06:58.700+0000] {logging_mixin.py:137} INFO - [2024-11-22T09:06:58.700+0000] {dag.py:2690} INFO - Sync 1 DAGs
[2024-11-22T09:06:58.711+0000] {logging_mixin.py:137} INFO - [2024-11-22T09:06:58.711+0000] {dag.py:3441} INFO - Setting next_dagrun for example_short_circuit_decorator to 2024-11-21T09:06:58.711664+00:00, run_after=2024-11-22T09:06:58.711664+00:00
[2024-11-22T09:06:58.720+0000] {processor.py:175} INFO - Processing /home/airflow/.local/lib/python3.7/site-packages/airflow/example_dags/example_short_circuit_decorator.py took 0.044 seconds
[2024-11-22T09:07:29.691+0000] {processor.py:153} INFO - Started process (PID=1104) to work on /home/airflow/.local/lib/python3.7/site-packages/airflow/example_dags/example_short_circuit_decorator.py
[2024-11-22T09:07:29.692+0000] {processor.py:743} INFO - Processing file /home/airflow/.local/lib/python3.7/site-packages/airflow/example_dags/example_short_circuit_decorator.py for tasks to queue
[2024-11-22T09:07:29.692+0000] {logging_mixin.py:137} INFO - [2024-11-22T09:07:29.692+0000] {dagbag.py:538} INFO - Filling up the DagBag from /home/airflow/.local/lib/python3.7/site-packages/airflow/example_dags/example_short_circuit_decorator.py
[2024-11-22T09:07:29.704+0000] {processor.py:753} INFO - DAG(s) dict_keys(['example_short_circuit_decorator']) retrieved from /home/airflow/.local/lib/python3.7/site-packages/airflow/example_dags/example_short_circuit_decorator.py
[2024-11-22T09:07:29.723+0000] {logging_mixin.py:137} INFO - [2024-11-22T09:07:29.722+0000] {dag.py:2690} INFO - Sync 1 DAGs
[2024-11-22T09:07:29.737+0000] {logging_mixin.py:137} INFO - [2024-11-22T09:07:29.736+0000] {dag.py:3441} INFO - Setting next_dagrun for example_short_circuit_decorator to 2024-11-21T09:07:29.736846+00:00, run_after=2024-11-22T09:07:29.736846+00:00
[2024-11-22T09:07:29.744+0000] {processor.py:175} INFO - Processing /home/airflow/.local/lib/python3.7/site-packages/airflow/example_dags/example_short_circuit_decorator.py took 0.055 seconds
[2024-11-22T09:08:00.521+0000] {processor.py:153} INFO - Started process (PID=1186) to work on /home/airflow/.local/lib/python3.7/site-packages/airflow/example_dags/example_short_circuit_decorator.py
[2024-11-22T09:08:00.522+0000] {processor.py:743} INFO - Processing file /home/airflow/.local/lib/python3.7/site-packages/airflow/example_dags/example_short_circuit_decorator.py for tasks to queue
[2024-11-22T09:08:00.522+0000] {logging_mixin.py:137} INFO - [2024-11-22T09:08:00.522+0000] {dagbag.py:538} INFO - Filling up the DagBag from /home/airflow/.local/lib/python3.7/site-packages/airflow/example_dags/example_short_circuit_decorator.py
[2024-11-22T09:08:00.534+0000] {processor.py:753} INFO - DAG(s) dict_keys(['example_short_circuit_decorator']) retrieved from /home/airflow/.local/lib/python3.7/site-packages/airflow/example_dags/example_short_circuit_decorator.py
[2024-11-22T09:08:00.549+0000] {logging_mixin.py:137} INFO - [2024-11-22T09:08:00.549+0000] {dag.py:2690} INFO - Sync 1 DAGs
[2024-11-22T09:08:00.564+0000] {logging_mixin.py:137} INFO - [2024-11-22T09:08:00.564+0000] {dag.py:3441} INFO - Setting next_dagrun for example_short_circuit_decorator to 2024-11-21T09:08:00.564361+00:00, run_after=2024-11-22T09:08:00.564361+00:00
[2024-11-22T09:08:00.575+0000] {processor.py:175} INFO - Processing /home/airflow/.local/lib/python3.7/site-packages/airflow/example_dags/example_short_circuit_decorator.py took 0.056 seconds
[2024-11-22T09:08:31.567+0000] {processor.py:153} INFO - Started process (PID=1267) to work on /home/airflow/.local/lib/python3.7/site-packages/airflow/example_dags/example_short_circuit_decorator.py
[2024-11-22T09:08:31.570+0000] {processor.py:743} INFO - Processing file /home/airflow/.local/lib/python3.7/site-packages/airflow/example_dags/example_short_circuit_decorator.py for tasks to queue
[2024-11-22T09:08:31.570+0000] {logging_mixin.py:137} INFO - [2024-11-22T09:08:31.570+0000] {dagbag.py:538} INFO - Filling up the DagBag from /home/airflow/.local/lib/python3.7/site-packages/airflow/example_dags/example_short_circuit_decorator.py
[2024-11-22T09:08:31.581+0000] {processor.py:753} INFO - DAG(s) dict_keys(['example_short_circuit_decorator']) retrieved from /home/airflow/.local/lib/python3.7/site-packages/airflow/example_dags/example_short_circuit_decorator.py
[2024-11-22T09:08:31.596+0000] {logging_mixin.py:137} INFO - [2024-11-22T09:08:31.596+0000] {dag.py:2690} INFO - Sync 1 DAGs
[2024-11-22T09:08:31.607+0000] {logging_mixin.py:137} INFO - [2024-11-22T09:08:31.607+0000] {dag.py:3441} INFO - Setting next_dagrun for example_short_circuit_decorator to 2024-11-21T09:08:31.607220+00:00, run_after=2024-11-22T09:08:31.607220+00:00
[2024-11-22T09:08:31.618+0000] {processor.py:175} INFO - Processing /home/airflow/.local/lib/python3.7/site-packages/airflow/example_dags/example_short_circuit_decorator.py took 0.053 seconds
[2024-11-22T09:09:02.285+0000] {processor.py:153} INFO - Started process (PID=1356) to work on /home/airflow/.local/lib/python3.7/site-packages/airflow/example_dags/example_short_circuit_decorator.py
[2024-11-22T09:09:02.286+0000] {processor.py:743} INFO - Processing file /home/airflow/.local/lib/python3.7/site-packages/airflow/example_dags/example_short_circuit_decorator.py for tasks to queue
[2024-11-22T09:09:02.286+0000] {logging_mixin.py:137} INFO - [2024-11-22T09:09:02.286+0000] {dagbag.py:538} INFO - Filling up the DagBag from /home/airflow/.local/lib/python3.7/site-packages/airflow/example_dags/example_short_circuit_decorator.py
[2024-11-22T09:09:02.303+0000] {processor.py:753} INFO - DAG(s) dict_keys(['example_short_circuit_decorator']) retrieved from /home/airflow/.local/lib/python3.7/site-packages/airflow/example_dags/example_short_circuit_decorator.py
[2024-11-22T09:09:02.323+0000] {logging_mixin.py:137} INFO - [2024-11-22T09:09:02.323+0000] {dag.py:2690} INFO - Sync 1 DAGs
[2024-11-22T09:09:02.338+0000] {logging_mixin.py:137} INFO - [2024-11-22T09:09:02.338+0000] {dag.py:3441} INFO - Setting next_dagrun for example_short_circuit_decorator to 2024-11-21T09:09:02.337898+00:00, run_after=2024-11-22T09:09:02.337898+00:00
[2024-11-22T09:09:02.347+0000] {processor.py:175} INFO - Processing /home/airflow/.local/lib/python3.7/site-packages/airflow/example_dags/example_short_circuit_decorator.py took 0.065 seconds
[2024-11-22T09:09:32.469+0000] {processor.py:153} INFO - Started process (PID=1446) to work on /home/airflow/.local/lib/python3.7/site-packages/airflow/example_dags/example_short_circuit_decorator.py
[2024-11-22T09:09:32.470+0000] {processor.py:743} INFO - Processing file /home/airflow/.local/lib/python3.7/site-packages/airflow/example_dags/example_short_circuit_decorator.py for tasks to queue
[2024-11-22T09:09:32.470+0000] {logging_mixin.py:137} INFO - [2024-11-22T09:09:32.470+0000] {dagbag.py:538} INFO - Filling up the DagBag from /home/airflow/.local/lib/python3.7/site-packages/airflow/example_dags/example_short_circuit_decorator.py
[2024-11-22T09:09:32.483+0000] {processor.py:753} INFO - DAG(s) dict_keys(['example_short_circuit_decorator']) retrieved from /home/airflow/.local/lib/python3.7/site-packages/airflow/example_dags/example_short_circuit_decorator.py
[2024-11-22T09:09:32.498+0000] {logging_mixin.py:137} INFO - [2024-11-22T09:09:32.497+0000] {dag.py:2690} INFO - Sync 1 DAGs
[2024-11-22T09:09:32.512+0000] {logging_mixin.py:137} INFO - [2024-11-22T09:09:32.511+0000] {dag.py:3441} INFO - Setting next_dagrun for example_short_circuit_decorator to 2024-11-21T09:09:32.511844+00:00, run_after=2024-11-22T09:09:32.511844+00:00
[2024-11-22T09:09:32.522+0000] {processor.py:175} INFO - Processing /home/airflow/.local/lib/python3.7/site-packages/airflow/example_dags/example_short_circuit_decorator.py took 0.055 seconds
