[2024-11-22T09:03:23.825+0000] {processor.py:153} INFO - Started process (PID=410) to work on /home/airflow/.local/lib/python3.7/site-packages/airflow/example_dags/example_datasets.py
[2024-11-22T09:03:23.827+0000] {processor.py:743} INFO - Processing file /home/airflow/.local/lib/python3.7/site-packages/airflow/example_dags/example_datasets.py for tasks to queue
[2024-11-22T09:03:23.827+0000] {logging_mixin.py:137} INFO - [2024-11-22T09:03:23.827+0000] {dagbag.py:538} INFO - Filling up the DagBag from /home/airflow/.local/lib/python3.7/site-packages/airflow/example_dags/example_datasets.py
[2024-11-22T09:03:23.841+0000] {processor.py:753} INFO - DAG(s) dict_keys(['dataset_produces_1', 'dataset_consumes_1_and_2', 'dataset_consumes_1', 'dataset_consumes_unknown_never_scheduled', 'dataset_produces_2', 'dataset_consumes_1_never_scheduled']) retrieved from /home/airflow/.local/lib/python3.7/site-packages/airflow/example_dags/example_datasets.py
[2024-11-22T09:03:23.867+0000] {logging_mixin.py:137} INFO - [2024-11-22T09:03:23.866+0000] {dag.py:2690} INFO - Sync 6 DAGs
[2024-11-22T09:03:23.880+0000] {logging_mixin.py:137} INFO - [2024-11-22T09:03:23.880+0000] {dag.py:3441} INFO - Setting next_dagrun for dataset_consumes_1 to None, run_after=None
[2024-11-22T09:03:23.882+0000] {logging_mixin.py:137} INFO - [2024-11-22T09:03:23.882+0000] {dag.py:3441} INFO - Setting next_dagrun for dataset_consumes_1_and_2 to None, run_after=None
[2024-11-22T09:03:23.883+0000] {logging_mixin.py:137} INFO - [2024-11-22T09:03:23.883+0000] {dag.py:3441} INFO - Setting next_dagrun for dataset_consumes_1_never_scheduled to None, run_after=None
[2024-11-22T09:03:23.883+0000] {logging_mixin.py:137} INFO - [2024-11-22T09:03:23.883+0000] {dag.py:3441} INFO - Setting next_dagrun for dataset_consumes_unknown_never_scheduled to None, run_after=None
[2024-11-22T09:03:23.885+0000] {logging_mixin.py:137} INFO - [2024-11-22T09:03:23.885+0000] {dag.py:3441} INFO - Setting next_dagrun for dataset_produces_1 to 2024-11-21T00:00:00+00:00, run_after=2024-11-22T00:00:00+00:00
[2024-11-22T09:03:23.885+0000] {logging_mixin.py:137} INFO - [2024-11-22T09:03:23.885+0000] {dag.py:3441} INFO - Setting next_dagrun for dataset_produces_2 to None, run_after=None
[2024-11-22T09:03:23.901+0000] {processor.py:175} INFO - Processing /home/airflow/.local/lib/python3.7/site-packages/airflow/example_dags/example_datasets.py took 0.078 seconds
[2024-11-22T09:03:54.300+0000] {processor.py:153} INFO - Started process (PID=500) to work on /home/airflow/.local/lib/python3.7/site-packages/airflow/example_dags/example_datasets.py
[2024-11-22T09:03:54.301+0000] {processor.py:743} INFO - Processing file /home/airflow/.local/lib/python3.7/site-packages/airflow/example_dags/example_datasets.py for tasks to queue
[2024-11-22T09:03:54.302+0000] {logging_mixin.py:137} INFO - [2024-11-22T09:03:54.302+0000] {dagbag.py:538} INFO - Filling up the DagBag from /home/airflow/.local/lib/python3.7/site-packages/airflow/example_dags/example_datasets.py
[2024-11-22T09:03:54.316+0000] {processor.py:753} INFO - DAG(s) dict_keys(['dataset_consumes_1', 'dataset_produces_1', 'dataset_consumes_1_never_scheduled', 'dataset_produces_2', 'dataset_consumes_1_and_2', 'dataset_consumes_unknown_never_scheduled']) retrieved from /home/airflow/.local/lib/python3.7/site-packages/airflow/example_dags/example_datasets.py
[2024-11-22T09:03:54.342+0000] {logging_mixin.py:137} INFO - [2024-11-22T09:03:54.342+0000] {dag.py:2690} INFO - Sync 6 DAGs
[2024-11-22T09:03:54.357+0000] {logging_mixin.py:137} INFO - [2024-11-22T09:03:54.357+0000] {dag.py:3441} INFO - Setting next_dagrun for dataset_consumes_1 to None, run_after=None
[2024-11-22T09:03:54.360+0000] {logging_mixin.py:137} INFO - [2024-11-22T09:03:54.359+0000] {dag.py:3441} INFO - Setting next_dagrun for dataset_consumes_1_and_2 to None, run_after=None
[2024-11-22T09:03:54.360+0000] {logging_mixin.py:137} INFO - [2024-11-22T09:03:54.360+0000] {dag.py:3441} INFO - Setting next_dagrun for dataset_consumes_1_never_scheduled to None, run_after=None
[2024-11-22T09:03:54.361+0000] {logging_mixin.py:137} INFO - [2024-11-22T09:03:54.361+0000] {dag.py:3441} INFO - Setting next_dagrun for dataset_consumes_unknown_never_scheduled to None, run_after=None
[2024-11-22T09:03:54.363+0000] {logging_mixin.py:137} INFO - [2024-11-22T09:03:54.363+0000] {dag.py:3441} INFO - Setting next_dagrun for dataset_produces_1 to 2024-11-21T00:00:00+00:00, run_after=2024-11-22T00:00:00+00:00
[2024-11-22T09:03:54.364+0000] {logging_mixin.py:137} INFO - [2024-11-22T09:03:54.364+0000] {dag.py:3441} INFO - Setting next_dagrun for dataset_produces_2 to None, run_after=None
[2024-11-22T09:03:54.380+0000] {processor.py:175} INFO - Processing /home/airflow/.local/lib/python3.7/site-packages/airflow/example_dags/example_datasets.py took 0.083 seconds
[2024-11-22T09:04:24.897+0000] {processor.py:153} INFO - Started process (PID=574) to work on /home/airflow/.local/lib/python3.7/site-packages/airflow/example_dags/example_datasets.py
[2024-11-22T09:04:24.897+0000] {processor.py:743} INFO - Processing file /home/airflow/.local/lib/python3.7/site-packages/airflow/example_dags/example_datasets.py for tasks to queue
[2024-11-22T09:04:24.898+0000] {logging_mixin.py:137} INFO - [2024-11-22T09:04:24.898+0000] {dagbag.py:538} INFO - Filling up the DagBag from /home/airflow/.local/lib/python3.7/site-packages/airflow/example_dags/example_datasets.py
[2024-11-22T09:04:24.915+0000] {processor.py:753} INFO - DAG(s) dict_keys(['dataset_produces_2', 'dataset_consumes_1', 'dataset_produces_1', 'dataset_consumes_1_never_scheduled', 'dataset_consumes_1_and_2', 'dataset_consumes_unknown_never_scheduled']) retrieved from /home/airflow/.local/lib/python3.7/site-packages/airflow/example_dags/example_datasets.py
[2024-11-22T09:04:24.948+0000] {logging_mixin.py:137} INFO - [2024-11-22T09:04:24.948+0000] {dag.py:2690} INFO - Sync 6 DAGs
[2024-11-22T09:04:24.964+0000] {logging_mixin.py:137} INFO - [2024-11-22T09:04:24.964+0000] {dag.py:3441} INFO - Setting next_dagrun for dataset_consumes_1 to None, run_after=None
[2024-11-22T09:04:24.967+0000] {logging_mixin.py:137} INFO - [2024-11-22T09:04:24.967+0000] {dag.py:3441} INFO - Setting next_dagrun for dataset_consumes_1_and_2 to None, run_after=None
[2024-11-22T09:04:24.967+0000] {logging_mixin.py:137} INFO - [2024-11-22T09:04:24.967+0000] {dag.py:3441} INFO - Setting next_dagrun for dataset_consumes_1_never_scheduled to None, run_after=None
[2024-11-22T09:04:24.968+0000] {logging_mixin.py:137} INFO - [2024-11-22T09:04:24.968+0000] {dag.py:3441} INFO - Setting next_dagrun for dataset_consumes_unknown_never_scheduled to None, run_after=None
[2024-11-22T09:04:24.970+0000] {logging_mixin.py:137} INFO - [2024-11-22T09:04:24.970+0000] {dag.py:3441} INFO - Setting next_dagrun for dataset_produces_1 to 2024-11-21T00:00:00+00:00, run_after=2024-11-22T00:00:00+00:00
[2024-11-22T09:04:24.972+0000] {logging_mixin.py:137} INFO - [2024-11-22T09:04:24.972+0000] {dag.py:3441} INFO - Setting next_dagrun for dataset_produces_2 to None, run_after=None
[2024-11-22T09:04:24.991+0000] {processor.py:175} INFO - Processing /home/airflow/.local/lib/python3.7/site-packages/airflow/example_dags/example_datasets.py took 0.098 seconds
[2024-11-22T09:04:55.647+0000] {processor.py:153} INFO - Started process (PID=663) to work on /home/airflow/.local/lib/python3.7/site-packages/airflow/example_dags/example_datasets.py
[2024-11-22T09:04:55.648+0000] {processor.py:743} INFO - Processing file /home/airflow/.local/lib/python3.7/site-packages/airflow/example_dags/example_datasets.py for tasks to queue
[2024-11-22T09:04:55.648+0000] {logging_mixin.py:137} INFO - [2024-11-22T09:04:55.648+0000] {dagbag.py:538} INFO - Filling up the DagBag from /home/airflow/.local/lib/python3.7/site-packages/airflow/example_dags/example_datasets.py
[2024-11-22T09:04:55.660+0000] {processor.py:753} INFO - DAG(s) dict_keys(['dataset_consumes_1_and_2', 'dataset_consumes_1_never_scheduled', 'dataset_consumes_1', 'dataset_produces_1', 'dataset_consumes_unknown_never_scheduled', 'dataset_produces_2']) retrieved from /home/airflow/.local/lib/python3.7/site-packages/airflow/example_dags/example_datasets.py
[2024-11-22T09:04:55.701+0000] {logging_mixin.py:137} INFO - [2024-11-22T09:04:55.701+0000] {dag.py:2690} INFO - Sync 6 DAGs
[2024-11-22T09:04:55.725+0000] {logging_mixin.py:137} INFO - [2024-11-22T09:04:55.725+0000] {dag.py:3441} INFO - Setting next_dagrun for dataset_consumes_1 to None, run_after=None
[2024-11-22T09:04:55.728+0000] {logging_mixin.py:137} INFO - [2024-11-22T09:04:55.728+0000] {dag.py:3441} INFO - Setting next_dagrun for dataset_consumes_1_and_2 to None, run_after=None
[2024-11-22T09:04:55.730+0000] {logging_mixin.py:137} INFO - [2024-11-22T09:04:55.730+0000] {dag.py:3441} INFO - Setting next_dagrun for dataset_consumes_1_never_scheduled to None, run_after=None
[2024-11-22T09:04:55.732+0000] {logging_mixin.py:137} INFO - [2024-11-22T09:04:55.732+0000] {dag.py:3441} INFO - Setting next_dagrun for dataset_consumes_unknown_never_scheduled to None, run_after=None
[2024-11-22T09:04:55.734+0000] {logging_mixin.py:137} INFO - [2024-11-22T09:04:55.734+0000] {dag.py:3441} INFO - Setting next_dagrun for dataset_produces_1 to 2024-11-21T00:00:00+00:00, run_after=2024-11-22T00:00:00+00:00
[2024-11-22T09:04:55.735+0000] {logging_mixin.py:137} INFO - [2024-11-22T09:04:55.735+0000] {dag.py:3441} INFO - Setting next_dagrun for dataset_produces_2 to None, run_after=None
[2024-11-22T09:04:55.764+0000] {processor.py:175} INFO - Processing /home/airflow/.local/lib/python3.7/site-packages/airflow/example_dags/example_datasets.py took 0.120 seconds
[2024-11-22T09:05:26.434+0000] {processor.py:153} INFO - Started process (PID=753) to work on /home/airflow/.local/lib/python3.7/site-packages/airflow/example_dags/example_datasets.py
[2024-11-22T09:05:26.435+0000] {processor.py:743} INFO - Processing file /home/airflow/.local/lib/python3.7/site-packages/airflow/example_dags/example_datasets.py for tasks to queue
[2024-11-22T09:05:26.435+0000] {logging_mixin.py:137} INFO - [2024-11-22T09:05:26.435+0000] {dagbag.py:538} INFO - Filling up the DagBag from /home/airflow/.local/lib/python3.7/site-packages/airflow/example_dags/example_datasets.py
[2024-11-22T09:05:26.449+0000] {processor.py:753} INFO - DAG(s) dict_keys(['dataset_consumes_unknown_never_scheduled', 'dataset_consumes_1_and_2', 'dataset_produces_2', 'dataset_consumes_1', 'dataset_produces_1', 'dataset_consumes_1_never_scheduled']) retrieved from /home/airflow/.local/lib/python3.7/site-packages/airflow/example_dags/example_datasets.py
[2024-11-22T09:05:26.474+0000] {logging_mixin.py:137} INFO - [2024-11-22T09:05:26.474+0000] {dag.py:2690} INFO - Sync 6 DAGs
[2024-11-22T09:05:26.491+0000] {logging_mixin.py:137} INFO - [2024-11-22T09:05:26.490+0000] {dag.py:3441} INFO - Setting next_dagrun for dataset_consumes_1 to None, run_after=None
[2024-11-22T09:05:26.496+0000] {logging_mixin.py:137} INFO - [2024-11-22T09:05:26.496+0000] {dag.py:3441} INFO - Setting next_dagrun for dataset_consumes_1_and_2 to None, run_after=None
[2024-11-22T09:05:26.504+0000] {logging_mixin.py:137} INFO - [2024-11-22T09:05:26.502+0000] {dag.py:3441} INFO - Setting next_dagrun for dataset_consumes_1_never_scheduled to None, run_after=None
[2024-11-22T09:05:26.507+0000] {logging_mixin.py:137} INFO - [2024-11-22T09:05:26.507+0000] {dag.py:3441} INFO - Setting next_dagrun for dataset_consumes_unknown_never_scheduled to None, run_after=None
[2024-11-22T09:05:26.510+0000] {logging_mixin.py:137} INFO - [2024-11-22T09:05:26.509+0000] {dag.py:3441} INFO - Setting next_dagrun for dataset_produces_1 to 2024-11-21T00:00:00+00:00, run_after=2024-11-22T00:00:00+00:00
[2024-11-22T09:05:26.510+0000] {logging_mixin.py:137} INFO - [2024-11-22T09:05:26.510+0000] {dag.py:3441} INFO - Setting next_dagrun for dataset_produces_2 to None, run_after=None
[2024-11-22T09:05:26.533+0000] {processor.py:175} INFO - Processing /home/airflow/.local/lib/python3.7/site-packages/airflow/example_dags/example_datasets.py took 0.102 seconds
[2024-11-22T09:05:56.848+0000] {processor.py:153} INFO - Started process (PID=843) to work on /home/airflow/.local/lib/python3.7/site-packages/airflow/example_dags/example_datasets.py
[2024-11-22T09:05:56.848+0000] {processor.py:743} INFO - Processing file /home/airflow/.local/lib/python3.7/site-packages/airflow/example_dags/example_datasets.py for tasks to queue
[2024-11-22T09:05:56.849+0000] {logging_mixin.py:137} INFO - [2024-11-22T09:05:56.849+0000] {dagbag.py:538} INFO - Filling up the DagBag from /home/airflow/.local/lib/python3.7/site-packages/airflow/example_dags/example_datasets.py
[2024-11-22T09:05:56.858+0000] {processor.py:753} INFO - DAG(s) dict_keys(['dataset_consumes_1_never_scheduled', 'dataset_produces_1', 'dataset_produces_2', 'dataset_consumes_1', 'dataset_consumes_unknown_never_scheduled', 'dataset_consumes_1_and_2']) retrieved from /home/airflow/.local/lib/python3.7/site-packages/airflow/example_dags/example_datasets.py
[2024-11-22T09:05:56.879+0000] {logging_mixin.py:137} INFO - [2024-11-22T09:05:56.879+0000] {dag.py:2690} INFO - Sync 6 DAGs
[2024-11-22T09:05:56.894+0000] {logging_mixin.py:137} INFO - [2024-11-22T09:05:56.894+0000] {dag.py:3441} INFO - Setting next_dagrun for dataset_consumes_1 to None, run_after=None
[2024-11-22T09:05:56.897+0000] {logging_mixin.py:137} INFO - [2024-11-22T09:05:56.897+0000] {dag.py:3441} INFO - Setting next_dagrun for dataset_consumes_1_and_2 to None, run_after=None
[2024-11-22T09:05:56.899+0000] {logging_mixin.py:137} INFO - [2024-11-22T09:05:56.899+0000] {dag.py:3441} INFO - Setting next_dagrun for dataset_consumes_1_never_scheduled to None, run_after=None
[2024-11-22T09:05:56.899+0000] {logging_mixin.py:137} INFO - [2024-11-22T09:05:56.899+0000] {dag.py:3441} INFO - Setting next_dagrun for dataset_consumes_unknown_never_scheduled to None, run_after=None
[2024-11-22T09:05:56.901+0000] {logging_mixin.py:137} INFO - [2024-11-22T09:05:56.900+0000] {dag.py:3441} INFO - Setting next_dagrun for dataset_produces_1 to 2024-11-21T00:00:00+00:00, run_after=2024-11-22T00:00:00+00:00
[2024-11-22T09:05:56.901+0000] {logging_mixin.py:137} INFO - [2024-11-22T09:05:56.901+0000] {dag.py:3441} INFO - Setting next_dagrun for dataset_produces_2 to None, run_after=None
[2024-11-22T09:05:56.918+0000] {processor.py:175} INFO - Processing /home/airflow/.local/lib/python3.7/site-packages/airflow/example_dags/example_datasets.py took 0.073 seconds
[2024-11-22T09:06:27.716+0000] {processor.py:153} INFO - Started process (PID=917) to work on /home/airflow/.local/lib/python3.7/site-packages/airflow/example_dags/example_datasets.py
[2024-11-22T09:06:27.717+0000] {processor.py:743} INFO - Processing file /home/airflow/.local/lib/python3.7/site-packages/airflow/example_dags/example_datasets.py for tasks to queue
[2024-11-22T09:06:27.717+0000] {logging_mixin.py:137} INFO - [2024-11-22T09:06:27.717+0000] {dagbag.py:538} INFO - Filling up the DagBag from /home/airflow/.local/lib/python3.7/site-packages/airflow/example_dags/example_datasets.py
[2024-11-22T09:06:27.726+0000] {processor.py:753} INFO - DAG(s) dict_keys(['dataset_consumes_1_and_2', 'dataset_consumes_1_never_scheduled', 'dataset_consumes_unknown_never_scheduled', 'dataset_consumes_1', 'dataset_produces_1', 'dataset_produces_2']) retrieved from /home/airflow/.local/lib/python3.7/site-packages/airflow/example_dags/example_datasets.py
[2024-11-22T09:06:27.752+0000] {logging_mixin.py:137} INFO - [2024-11-22T09:06:27.752+0000] {dag.py:2690} INFO - Sync 6 DAGs
[2024-11-22T09:06:27.764+0000] {logging_mixin.py:137} INFO - [2024-11-22T09:06:27.764+0000] {dag.py:3441} INFO - Setting next_dagrun for dataset_consumes_1 to None, run_after=None
[2024-11-22T09:06:27.765+0000] {logging_mixin.py:137} INFO - [2024-11-22T09:06:27.765+0000] {dag.py:3441} INFO - Setting next_dagrun for dataset_consumes_1_and_2 to None, run_after=None
[2024-11-22T09:06:27.770+0000] {logging_mixin.py:137} INFO - [2024-11-22T09:06:27.770+0000] {dag.py:3441} INFO - Setting next_dagrun for dataset_consumes_1_never_scheduled to None, run_after=None
[2024-11-22T09:06:27.770+0000] {logging_mixin.py:137} INFO - [2024-11-22T09:06:27.770+0000] {dag.py:3441} INFO - Setting next_dagrun for dataset_consumes_unknown_never_scheduled to None, run_after=None
[2024-11-22T09:06:27.772+0000] {logging_mixin.py:137} INFO - [2024-11-22T09:06:27.772+0000] {dag.py:3441} INFO - Setting next_dagrun for dataset_produces_1 to 2024-11-21T00:00:00+00:00, run_after=2024-11-22T00:00:00+00:00
[2024-11-22T09:06:27.784+0000] {logging_mixin.py:137} INFO - [2024-11-22T09:06:27.784+0000] {dag.py:3441} INFO - Setting next_dagrun for dataset_produces_2 to None, run_after=None
[2024-11-22T09:06:27.811+0000] {processor.py:175} INFO - Processing /home/airflow/.local/lib/python3.7/site-packages/airflow/example_dags/example_datasets.py took 0.097 seconds
[2024-11-22T09:06:58.452+0000] {processor.py:153} INFO - Started process (PID=1007) to work on /home/airflow/.local/lib/python3.7/site-packages/airflow/example_dags/example_datasets.py
[2024-11-22T09:06:58.454+0000] {processor.py:743} INFO - Processing file /home/airflow/.local/lib/python3.7/site-packages/airflow/example_dags/example_datasets.py for tasks to queue
[2024-11-22T09:06:58.454+0000] {logging_mixin.py:137} INFO - [2024-11-22T09:06:58.454+0000] {dagbag.py:538} INFO - Filling up the DagBag from /home/airflow/.local/lib/python3.7/site-packages/airflow/example_dags/example_datasets.py
[2024-11-22T09:06:58.464+0000] {processor.py:753} INFO - DAG(s) dict_keys(['dataset_consumes_1', 'dataset_consumes_1_never_scheduled', 'dataset_consumes_1_and_2', 'dataset_consumes_unknown_never_scheduled', 'dataset_produces_2', 'dataset_produces_1']) retrieved from /home/airflow/.local/lib/python3.7/site-packages/airflow/example_dags/example_datasets.py
[2024-11-22T09:06:58.483+0000] {logging_mixin.py:137} INFO - [2024-11-22T09:06:58.483+0000] {dag.py:2690} INFO - Sync 6 DAGs
[2024-11-22T09:06:58.498+0000] {logging_mixin.py:137} INFO - [2024-11-22T09:06:58.498+0000] {dag.py:3441} INFO - Setting next_dagrun for dataset_consumes_1 to None, run_after=None
[2024-11-22T09:06:58.499+0000] {logging_mixin.py:137} INFO - [2024-11-22T09:06:58.499+0000] {dag.py:3441} INFO - Setting next_dagrun for dataset_consumes_1_and_2 to None, run_after=None
[2024-11-22T09:06:58.500+0000] {logging_mixin.py:137} INFO - [2024-11-22T09:06:58.500+0000] {dag.py:3441} INFO - Setting next_dagrun for dataset_consumes_1_never_scheduled to None, run_after=None
[2024-11-22T09:06:58.501+0000] {logging_mixin.py:137} INFO - [2024-11-22T09:06:58.501+0000] {dag.py:3441} INFO - Setting next_dagrun for dataset_consumes_unknown_never_scheduled to None, run_after=None
[2024-11-22T09:06:58.502+0000] {logging_mixin.py:137} INFO - [2024-11-22T09:06:58.502+0000] {dag.py:3441} INFO - Setting next_dagrun for dataset_produces_1 to 2024-11-21T00:00:00+00:00, run_after=2024-11-22T00:00:00+00:00
[2024-11-22T09:06:58.503+0000] {logging_mixin.py:137} INFO - [2024-11-22T09:06:58.503+0000] {dag.py:3441} INFO - Setting next_dagrun for dataset_produces_2 to None, run_after=None
[2024-11-22T09:06:58.522+0000] {processor.py:175} INFO - Processing /home/airflow/.local/lib/python3.7/site-packages/airflow/example_dags/example_datasets.py took 0.071 seconds
[2024-11-22T09:07:29.456+0000] {processor.py:153} INFO - Started process (PID=1097) to work on /home/airflow/.local/lib/python3.7/site-packages/airflow/example_dags/example_datasets.py
[2024-11-22T09:07:29.458+0000] {processor.py:743} INFO - Processing file /home/airflow/.local/lib/python3.7/site-packages/airflow/example_dags/example_datasets.py for tasks to queue
[2024-11-22T09:07:29.458+0000] {logging_mixin.py:137} INFO - [2024-11-22T09:07:29.458+0000] {dagbag.py:538} INFO - Filling up the DagBag from /home/airflow/.local/lib/python3.7/site-packages/airflow/example_dags/example_datasets.py
[2024-11-22T09:07:29.466+0000] {processor.py:753} INFO - DAG(s) dict_keys(['dataset_consumes_1', 'dataset_consumes_unknown_never_scheduled', 'dataset_produces_2', 'dataset_produces_1', 'dataset_consumes_1_never_scheduled', 'dataset_consumes_1_and_2']) retrieved from /home/airflow/.local/lib/python3.7/site-packages/airflow/example_dags/example_datasets.py
[2024-11-22T09:07:29.498+0000] {logging_mixin.py:137} INFO - [2024-11-22T09:07:29.498+0000] {dag.py:2690} INFO - Sync 6 DAGs
[2024-11-22T09:07:29.513+0000] {logging_mixin.py:137} INFO - [2024-11-22T09:07:29.513+0000] {dag.py:3441} INFO - Setting next_dagrun for dataset_consumes_1 to None, run_after=None
[2024-11-22T09:07:29.517+0000] {logging_mixin.py:137} INFO - [2024-11-22T09:07:29.517+0000] {dag.py:3441} INFO - Setting next_dagrun for dataset_consumes_1_and_2 to None, run_after=None
[2024-11-22T09:07:29.519+0000] {logging_mixin.py:137} INFO - [2024-11-22T09:07:29.519+0000] {dag.py:3441} INFO - Setting next_dagrun for dataset_consumes_1_never_scheduled to None, run_after=None
[2024-11-22T09:07:29.520+0000] {logging_mixin.py:137} INFO - [2024-11-22T09:07:29.520+0000] {dag.py:3441} INFO - Setting next_dagrun for dataset_consumes_unknown_never_scheduled to None, run_after=None
[2024-11-22T09:07:29.521+0000] {logging_mixin.py:137} INFO - [2024-11-22T09:07:29.521+0000] {dag.py:3441} INFO - Setting next_dagrun for dataset_produces_1 to 2024-11-21T00:00:00+00:00, run_after=2024-11-22T00:00:00+00:00
[2024-11-22T09:07:29.522+0000] {logging_mixin.py:137} INFO - [2024-11-22T09:07:29.522+0000] {dag.py:3441} INFO - Setting next_dagrun for dataset_produces_2 to None, run_after=None
[2024-11-22T09:07:29.538+0000] {processor.py:175} INFO - Processing /home/airflow/.local/lib/python3.7/site-packages/airflow/example_dags/example_datasets.py took 0.084 seconds
[2024-11-22T09:08:00.217+0000] {processor.py:153} INFO - Started process (PID=1171) to work on /home/airflow/.local/lib/python3.7/site-packages/airflow/example_dags/example_datasets.py
[2024-11-22T09:08:00.218+0000] {processor.py:743} INFO - Processing file /home/airflow/.local/lib/python3.7/site-packages/airflow/example_dags/example_datasets.py for tasks to queue
[2024-11-22T09:08:00.218+0000] {logging_mixin.py:137} INFO - [2024-11-22T09:08:00.218+0000] {dagbag.py:538} INFO - Filling up the DagBag from /home/airflow/.local/lib/python3.7/site-packages/airflow/example_dags/example_datasets.py
[2024-11-22T09:08:00.228+0000] {processor.py:753} INFO - DAG(s) dict_keys(['dataset_consumes_unknown_never_scheduled', 'dataset_consumes_1_never_scheduled', 'dataset_consumes_1', 'dataset_consumes_1_and_2', 'dataset_produces_2', 'dataset_produces_1']) retrieved from /home/airflow/.local/lib/python3.7/site-packages/airflow/example_dags/example_datasets.py
[2024-11-22T09:08:00.262+0000] {logging_mixin.py:137} INFO - [2024-11-22T09:08:00.262+0000] {dag.py:2690} INFO - Sync 6 DAGs
[2024-11-22T09:08:00.282+0000] {logging_mixin.py:137} INFO - [2024-11-22T09:08:00.281+0000] {dag.py:3441} INFO - Setting next_dagrun for dataset_consumes_1 to None, run_after=None
[2024-11-22T09:08:00.289+0000] {logging_mixin.py:137} INFO - [2024-11-22T09:08:00.289+0000] {dag.py:3441} INFO - Setting next_dagrun for dataset_consumes_1_and_2 to None, run_after=None
[2024-11-22T09:08:00.290+0000] {logging_mixin.py:137} INFO - [2024-11-22T09:08:00.290+0000] {dag.py:3441} INFO - Setting next_dagrun for dataset_consumes_1_never_scheduled to None, run_after=None
[2024-11-22T09:08:00.290+0000] {logging_mixin.py:137} INFO - [2024-11-22T09:08:00.290+0000] {dag.py:3441} INFO - Setting next_dagrun for dataset_consumes_unknown_never_scheduled to None, run_after=None
[2024-11-22T09:08:00.291+0000] {logging_mixin.py:137} INFO - [2024-11-22T09:08:00.291+0000] {dag.py:3441} INFO - Setting next_dagrun for dataset_produces_1 to 2024-11-21T00:00:00+00:00, run_after=2024-11-22T00:00:00+00:00
[2024-11-22T09:08:00.293+0000] {logging_mixin.py:137} INFO - [2024-11-22T09:08:00.293+0000] {dag.py:3441} INFO - Setting next_dagrun for dataset_produces_2 to None, run_after=None
[2024-11-22T09:08:00.332+0000] {processor.py:175} INFO - Processing /home/airflow/.local/lib/python3.7/site-packages/airflow/example_dags/example_datasets.py took 0.117 seconds
[2024-11-22T09:08:31.327+0000] {processor.py:153} INFO - Started process (PID=1260) to work on /home/airflow/.local/lib/python3.7/site-packages/airflow/example_dags/example_datasets.py
[2024-11-22T09:08:31.328+0000] {processor.py:743} INFO - Processing file /home/airflow/.local/lib/python3.7/site-packages/airflow/example_dags/example_datasets.py for tasks to queue
[2024-11-22T09:08:31.329+0000] {logging_mixin.py:137} INFO - [2024-11-22T09:08:31.329+0000] {dagbag.py:538} INFO - Filling up the DagBag from /home/airflow/.local/lib/python3.7/site-packages/airflow/example_dags/example_datasets.py
[2024-11-22T09:08:31.336+0000] {processor.py:753} INFO - DAG(s) dict_keys(['dataset_produces_2', 'dataset_consumes_1', 'dataset_consumes_unknown_never_scheduled', 'dataset_produces_1', 'dataset_consumes_1_and_2', 'dataset_consumes_1_never_scheduled']) retrieved from /home/airflow/.local/lib/python3.7/site-packages/airflow/example_dags/example_datasets.py
[2024-11-22T09:08:31.355+0000] {logging_mixin.py:137} INFO - [2024-11-22T09:08:31.355+0000] {dag.py:2690} INFO - Sync 6 DAGs
[2024-11-22T09:08:31.367+0000] {logging_mixin.py:137} INFO - [2024-11-22T09:08:31.367+0000] {dag.py:3441} INFO - Setting next_dagrun for dataset_consumes_1 to None, run_after=None
[2024-11-22T09:08:31.373+0000] {logging_mixin.py:137} INFO - [2024-11-22T09:08:31.373+0000] {dag.py:3441} INFO - Setting next_dagrun for dataset_consumes_1_and_2 to None, run_after=None
[2024-11-22T09:08:31.374+0000] {logging_mixin.py:137} INFO - [2024-11-22T09:08:31.374+0000] {dag.py:3441} INFO - Setting next_dagrun for dataset_consumes_1_never_scheduled to None, run_after=None
[2024-11-22T09:08:31.375+0000] {logging_mixin.py:137} INFO - [2024-11-22T09:08:31.375+0000] {dag.py:3441} INFO - Setting next_dagrun for dataset_consumes_unknown_never_scheduled to None, run_after=None
[2024-11-22T09:08:31.377+0000] {logging_mixin.py:137} INFO - [2024-11-22T09:08:31.377+0000] {dag.py:3441} INFO - Setting next_dagrun for dataset_produces_1 to 2024-11-21T00:00:00+00:00, run_after=2024-11-22T00:00:00+00:00
[2024-11-22T09:08:31.378+0000] {logging_mixin.py:137} INFO - [2024-11-22T09:08:31.378+0000] {dag.py:3441} INFO - Setting next_dagrun for dataset_produces_2 to None, run_after=None
[2024-11-22T09:08:31.403+0000] {processor.py:175} INFO - Processing /home/airflow/.local/lib/python3.7/site-packages/airflow/example_dags/example_datasets.py took 0.078 seconds
[2024-11-22T09:09:01.918+0000] {processor.py:153} INFO - Started process (PID=1349) to work on /home/airflow/.local/lib/python3.7/site-packages/airflow/example_dags/example_datasets.py
[2024-11-22T09:09:01.919+0000] {processor.py:743} INFO - Processing file /home/airflow/.local/lib/python3.7/site-packages/airflow/example_dags/example_datasets.py for tasks to queue
[2024-11-22T09:09:01.923+0000] {logging_mixin.py:137} INFO - [2024-11-22T09:09:01.922+0000] {dagbag.py:538} INFO - Filling up the DagBag from /home/airflow/.local/lib/python3.7/site-packages/airflow/example_dags/example_datasets.py
[2024-11-22T09:09:01.935+0000] {processor.py:753} INFO - DAG(s) dict_keys(['dataset_consumes_unknown_never_scheduled', 'dataset_produces_1', 'dataset_produces_2', 'dataset_consumes_1_and_2', 'dataset_consumes_1_never_scheduled', 'dataset_consumes_1']) retrieved from /home/airflow/.local/lib/python3.7/site-packages/airflow/example_dags/example_datasets.py
[2024-11-22T09:09:02.020+0000] {logging_mixin.py:137} INFO - [2024-11-22T09:09:02.020+0000] {dag.py:2690} INFO - Sync 6 DAGs
[2024-11-22T09:09:02.060+0000] {logging_mixin.py:137} INFO - [2024-11-22T09:09:02.060+0000] {dag.py:3441} INFO - Setting next_dagrun for dataset_consumes_1 to None, run_after=None
[2024-11-22T09:09:02.063+0000] {logging_mixin.py:137} INFO - [2024-11-22T09:09:02.063+0000] {dag.py:3441} INFO - Setting next_dagrun for dataset_consumes_1_and_2 to None, run_after=None
[2024-11-22T09:09:02.064+0000] {logging_mixin.py:137} INFO - [2024-11-22T09:09:02.064+0000] {dag.py:3441} INFO - Setting next_dagrun for dataset_consumes_1_never_scheduled to None, run_after=None
[2024-11-22T09:09:02.065+0000] {logging_mixin.py:137} INFO - [2024-11-22T09:09:02.065+0000] {dag.py:3441} INFO - Setting next_dagrun for dataset_consumes_unknown_never_scheduled to None, run_after=None
[2024-11-22T09:09:02.067+0000] {logging_mixin.py:137} INFO - [2024-11-22T09:09:02.067+0000] {dag.py:3441} INFO - Setting next_dagrun for dataset_produces_1 to 2024-11-21T00:00:00+00:00, run_after=2024-11-22T00:00:00+00:00
[2024-11-22T09:09:02.068+0000] {logging_mixin.py:137} INFO - [2024-11-22T09:09:02.068+0000] {dag.py:3441} INFO - Setting next_dagrun for dataset_produces_2 to None, run_after=None
[2024-11-22T09:09:02.101+0000] {processor.py:175} INFO - Processing /home/airflow/.local/lib/python3.7/site-packages/airflow/example_dags/example_datasets.py took 0.187 seconds
[2024-11-22T09:09:32.142+0000] {processor.py:153} INFO - Started process (PID=1439) to work on /home/airflow/.local/lib/python3.7/site-packages/airflow/example_dags/example_datasets.py
[2024-11-22T09:09:32.143+0000] {processor.py:743} INFO - Processing file /home/airflow/.local/lib/python3.7/site-packages/airflow/example_dags/example_datasets.py for tasks to queue
[2024-11-22T09:09:32.143+0000] {logging_mixin.py:137} INFO - [2024-11-22T09:09:32.143+0000] {dagbag.py:538} INFO - Filling up the DagBag from /home/airflow/.local/lib/python3.7/site-packages/airflow/example_dags/example_datasets.py
[2024-11-22T09:09:32.152+0000] {processor.py:753} INFO - DAG(s) dict_keys(['dataset_consumes_1', 'dataset_produces_1', 'dataset_produces_2', 'dataset_consumes_1_and_2', 'dataset_consumes_unknown_never_scheduled', 'dataset_consumes_1_never_scheduled']) retrieved from /home/airflow/.local/lib/python3.7/site-packages/airflow/example_dags/example_datasets.py
[2024-11-22T09:09:32.175+0000] {logging_mixin.py:137} INFO - [2024-11-22T09:09:32.175+0000] {dag.py:2690} INFO - Sync 6 DAGs
[2024-11-22T09:09:32.190+0000] {logging_mixin.py:137} INFO - [2024-11-22T09:09:32.190+0000] {dag.py:3441} INFO - Setting next_dagrun for dataset_consumes_1 to None, run_after=None
[2024-11-22T09:09:32.192+0000] {logging_mixin.py:137} INFO - [2024-11-22T09:09:32.192+0000] {dag.py:3441} INFO - Setting next_dagrun for dataset_consumes_1_and_2 to None, run_after=None
[2024-11-22T09:09:32.195+0000] {logging_mixin.py:137} INFO - [2024-11-22T09:09:32.195+0000] {dag.py:3441} INFO - Setting next_dagrun for dataset_consumes_1_never_scheduled to None, run_after=None
[2024-11-22T09:09:32.197+0000] {logging_mixin.py:137} INFO - [2024-11-22T09:09:32.197+0000] {dag.py:3441} INFO - Setting next_dagrun for dataset_consumes_unknown_never_scheduled to None, run_after=None
[2024-11-22T09:09:32.201+0000] {logging_mixin.py:137} INFO - [2024-11-22T09:09:32.201+0000] {dag.py:3441} INFO - Setting next_dagrun for dataset_produces_1 to 2024-11-21T00:00:00+00:00, run_after=2024-11-22T00:00:00+00:00
[2024-11-22T09:09:32.204+0000] {logging_mixin.py:137} INFO - [2024-11-22T09:09:32.204+0000] {dag.py:3441} INFO - Setting next_dagrun for dataset_produces_2 to None, run_after=None
[2024-11-22T09:09:32.230+0000] {processor.py:175} INFO - Processing /home/airflow/.local/lib/python3.7/site-packages/airflow/example_dags/example_datasets.py took 0.090 seconds
