[2024-11-22T07:41:15.538+0000] {processor.py:153} INFO - Started process (PID=83) to work on /home/airflow/.local/lib/python3.7/site-packages/airflow/example_dags/example_sla_dag.py
[2024-11-22T07:41:15.539+0000] {processor.py:743} INFO - Processing file /home/airflow/.local/lib/python3.7/site-packages/airflow/example_dags/example_sla_dag.py for tasks to queue
[2024-11-22T07:41:15.540+0000] {logging_mixin.py:137} INFO - [2024-11-22T07:41:15.540+0000] {dagbag.py:538} INFO - Filling up the DagBag from /home/airflow/.local/lib/python3.7/site-packages/airflow/example_dags/example_sla_dag.py
[2024-11-22T07:41:15.568+0000] {processor.py:753} INFO - DAG(s) dict_keys(['example_sla_dag']) retrieved from /home/airflow/.local/lib/python3.7/site-packages/airflow/example_dags/example_sla_dag.py
[2024-11-22T07:41:15.719+0000] {logging_mixin.py:137} INFO - [2024-11-22T07:41:15.719+0000] {manager.py:504} INFO - Created Permission View: can read on DAG:example_sla_dag
[2024-11-22T07:41:15.732+0000] {logging_mixin.py:137} INFO - [2024-11-22T07:41:15.732+0000] {manager.py:504} INFO - Created Permission View: can edit on DAG:example_sla_dag
[2024-11-22T07:41:15.741+0000] {logging_mixin.py:137} INFO - [2024-11-22T07:41:15.741+0000] {manager.py:504} INFO - Created Permission View: can delete on DAG:example_sla_dag
[2024-11-22T07:41:15.742+0000] {logging_mixin.py:137} INFO - [2024-11-22T07:41:15.742+0000] {dag.py:2690} INFO - Sync 1 DAGs
[2024-11-22T07:41:15.758+0000] {logging_mixin.py:137} INFO - [2024-11-22T07:41:15.758+0000] {dag.py:2711} INFO - Creating ORM DAG for example_sla_dag
[2024-11-22T07:41:15.774+0000] {logging_mixin.py:137} INFO - [2024-11-22T07:41:15.774+0000] {dag.py:3441} INFO - Setting next_dagrun for example_sla_dag to 2024-11-22T07:38:00+00:00, run_after=2024-11-22T07:40:00+00:00
[2024-11-22T07:41:15.797+0000] {processor.py:175} INFO - Processing /home/airflow/.local/lib/python3.7/site-packages/airflow/example_dags/example_sla_dag.py took 0.263 seconds
[2024-11-22T07:41:46.215+0000] {processor.py:153} INFO - Started process (PID=154) to work on /home/airflow/.local/lib/python3.7/site-packages/airflow/example_dags/example_sla_dag.py
[2024-11-22T07:41:46.216+0000] {processor.py:743} INFO - Processing file /home/airflow/.local/lib/python3.7/site-packages/airflow/example_dags/example_sla_dag.py for tasks to queue
[2024-11-22T07:41:46.217+0000] {logging_mixin.py:137} INFO - [2024-11-22T07:41:46.217+0000] {dagbag.py:538} INFO - Filling up the DagBag from /home/airflow/.local/lib/python3.7/site-packages/airflow/example_dags/example_sla_dag.py
[2024-11-22T07:41:46.241+0000] {processor.py:753} INFO - DAG(s) dict_keys(['example_sla_dag']) retrieved from /home/airflow/.local/lib/python3.7/site-packages/airflow/example_dags/example_sla_dag.py
[2024-11-22T07:41:46.269+0000] {logging_mixin.py:137} INFO - [2024-11-22T07:41:46.269+0000] {dag.py:2690} INFO - Sync 1 DAGs
[2024-11-22T07:41:46.300+0000] {logging_mixin.py:137} INFO - [2024-11-22T07:41:46.300+0000] {dag.py:3441} INFO - Setting next_dagrun for example_sla_dag to 2024-11-22T07:38:00+00:00, run_after=2024-11-22T07:40:00+00:00
[2024-11-22T07:41:46.323+0000] {processor.py:175} INFO - Processing /home/airflow/.local/lib/python3.7/site-packages/airflow/example_dags/example_sla_dag.py took 0.111 seconds
[2024-11-22T07:42:17.290+0000] {processor.py:153} INFO - Started process (PID=241) to work on /home/airflow/.local/lib/python3.7/site-packages/airflow/example_dags/example_sla_dag.py
[2024-11-22T07:42:17.291+0000] {processor.py:743} INFO - Processing file /home/airflow/.local/lib/python3.7/site-packages/airflow/example_dags/example_sla_dag.py for tasks to queue
[2024-11-22T07:42:17.292+0000] {logging_mixin.py:137} INFO - [2024-11-22T07:42:17.291+0000] {dagbag.py:538} INFO - Filling up the DagBag from /home/airflow/.local/lib/python3.7/site-packages/airflow/example_dags/example_sla_dag.py
[2024-11-22T07:42:17.309+0000] {processor.py:753} INFO - DAG(s) dict_keys(['example_sla_dag']) retrieved from /home/airflow/.local/lib/python3.7/site-packages/airflow/example_dags/example_sla_dag.py
[2024-11-22T07:42:17.331+0000] {logging_mixin.py:137} INFO - [2024-11-22T07:42:17.331+0000] {dag.py:2690} INFO - Sync 1 DAGs
[2024-11-22T07:42:17.349+0000] {logging_mixin.py:137} INFO - [2024-11-22T07:42:17.349+0000] {dag.py:3441} INFO - Setting next_dagrun for example_sla_dag to 2024-11-22T07:40:00+00:00, run_after=2024-11-22T07:42:00+00:00
[2024-11-22T07:42:17.361+0000] {processor.py:175} INFO - Processing /home/airflow/.local/lib/python3.7/site-packages/airflow/example_dags/example_sla_dag.py took 0.074 seconds
[2024-11-22T07:42:48.169+0000] {processor.py:153} INFO - Started process (PID=328) to work on /home/airflow/.local/lib/python3.7/site-packages/airflow/example_dags/example_sla_dag.py
[2024-11-22T07:42:48.171+0000] {processor.py:743} INFO - Processing file /home/airflow/.local/lib/python3.7/site-packages/airflow/example_dags/example_sla_dag.py for tasks to queue
[2024-11-22T07:42:48.171+0000] {logging_mixin.py:137} INFO - [2024-11-22T07:42:48.171+0000] {dagbag.py:538} INFO - Filling up the DagBag from /home/airflow/.local/lib/python3.7/site-packages/airflow/example_dags/example_sla_dag.py
[2024-11-22T07:42:48.185+0000] {processor.py:753} INFO - DAG(s) dict_keys(['example_sla_dag']) retrieved from /home/airflow/.local/lib/python3.7/site-packages/airflow/example_dags/example_sla_dag.py
[2024-11-22T07:42:48.213+0000] {logging_mixin.py:137} INFO - [2024-11-22T07:42:48.213+0000] {dag.py:2690} INFO - Sync 1 DAGs
[2024-11-22T07:42:48.237+0000] {logging_mixin.py:137} INFO - [2024-11-22T07:42:48.237+0000] {dag.py:3441} INFO - Setting next_dagrun for example_sla_dag to 2024-11-22T07:40:00+00:00, run_after=2024-11-22T07:42:00+00:00
[2024-11-22T07:42:48.254+0000] {processor.py:175} INFO - Processing /home/airflow/.local/lib/python3.7/site-packages/airflow/example_dags/example_sla_dag.py took 0.087 seconds
[2024-11-22T07:43:18.280+0000] {processor.py:153} INFO - Started process (PID=399) to work on /home/airflow/.local/lib/python3.7/site-packages/airflow/example_dags/example_sla_dag.py
[2024-11-22T07:43:18.282+0000] {processor.py:743} INFO - Processing file /home/airflow/.local/lib/python3.7/site-packages/airflow/example_dags/example_sla_dag.py for tasks to queue
[2024-11-22T07:43:18.282+0000] {logging_mixin.py:137} INFO - [2024-11-22T07:43:18.282+0000] {dagbag.py:538} INFO - Filling up the DagBag from /home/airflow/.local/lib/python3.7/site-packages/airflow/example_dags/example_sla_dag.py
[2024-11-22T07:43:18.298+0000] {processor.py:753} INFO - DAG(s) dict_keys(['example_sla_dag']) retrieved from /home/airflow/.local/lib/python3.7/site-packages/airflow/example_dags/example_sla_dag.py
[2024-11-22T07:43:18.311+0000] {logging_mixin.py:137} INFO - [2024-11-22T07:43:18.311+0000] {dag.py:2690} INFO - Sync 1 DAGs
[2024-11-22T07:43:18.329+0000] {logging_mixin.py:137} INFO - [2024-11-22T07:43:18.329+0000] {dag.py:3441} INFO - Setting next_dagrun for example_sla_dag to 2024-11-22T07:40:00+00:00, run_after=2024-11-22T07:42:00+00:00
[2024-11-22T07:43:18.346+0000] {processor.py:175} INFO - Processing /home/airflow/.local/lib/python3.7/site-packages/airflow/example_dags/example_sla_dag.py took 0.070 seconds
[2024-11-22T07:43:48.518+0000] {processor.py:153} INFO - Started process (PID=486) to work on /home/airflow/.local/lib/python3.7/site-packages/airflow/example_dags/example_sla_dag.py
[2024-11-22T07:43:48.519+0000] {processor.py:743} INFO - Processing file /home/airflow/.local/lib/python3.7/site-packages/airflow/example_dags/example_sla_dag.py for tasks to queue
[2024-11-22T07:43:48.520+0000] {logging_mixin.py:137} INFO - [2024-11-22T07:43:48.520+0000] {dagbag.py:538} INFO - Filling up the DagBag from /home/airflow/.local/lib/python3.7/site-packages/airflow/example_dags/example_sla_dag.py
[2024-11-22T07:43:48.548+0000] {processor.py:753} INFO - DAG(s) dict_keys(['example_sla_dag']) retrieved from /home/airflow/.local/lib/python3.7/site-packages/airflow/example_dags/example_sla_dag.py
[2024-11-22T07:43:48.572+0000] {logging_mixin.py:137} INFO - [2024-11-22T07:43:48.572+0000] {dag.py:2690} INFO - Sync 1 DAGs
[2024-11-22T07:43:48.590+0000] {logging_mixin.py:137} INFO - [2024-11-22T07:43:48.590+0000] {dag.py:3441} INFO - Setting next_dagrun for example_sla_dag to 2024-11-22T07:40:00+00:00, run_after=2024-11-22T07:42:00+00:00
[2024-11-22T07:43:48.606+0000] {processor.py:175} INFO - Processing /home/airflow/.local/lib/python3.7/site-packages/airflow/example_dags/example_sla_dag.py took 0.093 seconds
[2024-11-22T07:44:18.837+0000] {processor.py:153} INFO - Started process (PID=557) to work on /home/airflow/.local/lib/python3.7/site-packages/airflow/example_dags/example_sla_dag.py
[2024-11-22T07:44:18.838+0000] {processor.py:743} INFO - Processing file /home/airflow/.local/lib/python3.7/site-packages/airflow/example_dags/example_sla_dag.py for tasks to queue
[2024-11-22T07:44:18.838+0000] {logging_mixin.py:137} INFO - [2024-11-22T07:44:18.838+0000] {dagbag.py:538} INFO - Filling up the DagBag from /home/airflow/.local/lib/python3.7/site-packages/airflow/example_dags/example_sla_dag.py
[2024-11-22T07:44:18.863+0000] {processor.py:753} INFO - DAG(s) dict_keys(['example_sla_dag']) retrieved from /home/airflow/.local/lib/python3.7/site-packages/airflow/example_dags/example_sla_dag.py
[2024-11-22T07:44:18.912+0000] {logging_mixin.py:137} INFO - [2024-11-22T07:44:18.911+0000] {dag.py:2690} INFO - Sync 1 DAGs
[2024-11-22T07:44:18.954+0000] {logging_mixin.py:137} INFO - [2024-11-22T07:44:18.954+0000] {dag.py:3441} INFO - Setting next_dagrun for example_sla_dag to 2024-11-22T07:42:00+00:00, run_after=2024-11-22T07:44:00+00:00
[2024-11-22T07:44:18.978+0000] {processor.py:175} INFO - Processing /home/airflow/.local/lib/python3.7/site-packages/airflow/example_dags/example_sla_dag.py took 0.144 seconds
[2024-11-22T07:44:49.824+0000] {processor.py:153} INFO - Started process (PID=643) to work on /home/airflow/.local/lib/python3.7/site-packages/airflow/example_dags/example_sla_dag.py
[2024-11-22T07:44:49.825+0000] {processor.py:743} INFO - Processing file /home/airflow/.local/lib/python3.7/site-packages/airflow/example_dags/example_sla_dag.py for tasks to queue
[2024-11-22T07:44:49.825+0000] {logging_mixin.py:137} INFO - [2024-11-22T07:44:49.825+0000] {dagbag.py:538} INFO - Filling up the DagBag from /home/airflow/.local/lib/python3.7/site-packages/airflow/example_dags/example_sla_dag.py
[2024-11-22T07:44:49.841+0000] {processor.py:753} INFO - DAG(s) dict_keys(['example_sla_dag']) retrieved from /home/airflow/.local/lib/python3.7/site-packages/airflow/example_dags/example_sla_dag.py
[2024-11-22T07:44:49.864+0000] {logging_mixin.py:137} INFO - [2024-11-22T07:44:49.863+0000] {dag.py:2690} INFO - Sync 1 DAGs
[2024-11-22T07:44:49.883+0000] {logging_mixin.py:137} INFO - [2024-11-22T07:44:49.883+0000] {dag.py:3441} INFO - Setting next_dagrun for example_sla_dag to 2024-11-22T07:42:00+00:00, run_after=2024-11-22T07:44:00+00:00
[2024-11-22T07:44:49.899+0000] {processor.py:175} INFO - Processing /home/airflow/.local/lib/python3.7/site-packages/airflow/example_dags/example_sla_dag.py took 0.077 seconds
[2024-11-22T07:45:19.962+0000] {processor.py:153} INFO - Started process (PID=730) to work on /home/airflow/.local/lib/python3.7/site-packages/airflow/example_dags/example_sla_dag.py
[2024-11-22T07:45:19.963+0000] {processor.py:743} INFO - Processing file /home/airflow/.local/lib/python3.7/site-packages/airflow/example_dags/example_sla_dag.py for tasks to queue
[2024-11-22T07:45:19.963+0000] {logging_mixin.py:137} INFO - [2024-11-22T07:45:19.963+0000] {dagbag.py:538} INFO - Filling up the DagBag from /home/airflow/.local/lib/python3.7/site-packages/airflow/example_dags/example_sla_dag.py
[2024-11-22T07:45:19.976+0000] {processor.py:753} INFO - DAG(s) dict_keys(['example_sla_dag']) retrieved from /home/airflow/.local/lib/python3.7/site-packages/airflow/example_dags/example_sla_dag.py
[2024-11-22T07:45:19.992+0000] {logging_mixin.py:137} INFO - [2024-11-22T07:45:19.992+0000] {dag.py:2690} INFO - Sync 1 DAGs
[2024-11-22T07:45:20.007+0000] {logging_mixin.py:137} INFO - [2024-11-22T07:45:20.007+0000] {dag.py:3441} INFO - Setting next_dagrun for example_sla_dag to 2024-11-22T07:42:00+00:00, run_after=2024-11-22T07:44:00+00:00
[2024-11-22T07:45:20.019+0000] {processor.py:175} INFO - Processing /home/airflow/.local/lib/python3.7/site-packages/airflow/example_dags/example_sla_dag.py took 0.059 seconds
[2024-11-22T07:45:50.920+0000] {processor.py:153} INFO - Started process (PID=810) to work on /home/airflow/.local/lib/python3.7/site-packages/airflow/example_dags/example_sla_dag.py
[2024-11-22T07:45:50.921+0000] {processor.py:743} INFO - Processing file /home/airflow/.local/lib/python3.7/site-packages/airflow/example_dags/example_sla_dag.py for tasks to queue
[2024-11-22T07:45:50.922+0000] {logging_mixin.py:137} INFO - [2024-11-22T07:45:50.922+0000] {dagbag.py:538} INFO - Filling up the DagBag from /home/airflow/.local/lib/python3.7/site-packages/airflow/example_dags/example_sla_dag.py
[2024-11-22T07:45:50.935+0000] {processor.py:753} INFO - DAG(s) dict_keys(['example_sla_dag']) retrieved from /home/airflow/.local/lib/python3.7/site-packages/airflow/example_dags/example_sla_dag.py
[2024-11-22T07:45:50.952+0000] {logging_mixin.py:137} INFO - [2024-11-22T07:45:50.952+0000] {dag.py:2690} INFO - Sync 1 DAGs
[2024-11-22T07:45:50.968+0000] {logging_mixin.py:137} INFO - [2024-11-22T07:45:50.968+0000] {dag.py:3441} INFO - Setting next_dagrun for example_sla_dag to 2024-11-22T07:42:00+00:00, run_after=2024-11-22T07:44:00+00:00
[2024-11-22T07:45:50.981+0000] {processor.py:175} INFO - Processing /home/airflow/.local/lib/python3.7/site-packages/airflow/example_dags/example_sla_dag.py took 0.063 seconds
[2024-11-22T07:46:21.295+0000] {processor.py:153} INFO - Started process (PID=888) to work on /home/airflow/.local/lib/python3.7/site-packages/airflow/example_dags/example_sla_dag.py
[2024-11-22T07:46:21.298+0000] {processor.py:743} INFO - Processing file /home/airflow/.local/lib/python3.7/site-packages/airflow/example_dags/example_sla_dag.py for tasks to queue
[2024-11-22T07:46:21.298+0000] {logging_mixin.py:137} INFO - [2024-11-22T07:46:21.298+0000] {dagbag.py:538} INFO - Filling up the DagBag from /home/airflow/.local/lib/python3.7/site-packages/airflow/example_dags/example_sla_dag.py
[2024-11-22T07:46:21.314+0000] {processor.py:753} INFO - DAG(s) dict_keys(['example_sla_dag']) retrieved from /home/airflow/.local/lib/python3.7/site-packages/airflow/example_dags/example_sla_dag.py
[2024-11-22T07:46:21.332+0000] {logging_mixin.py:137} INFO - [2024-11-22T07:46:21.332+0000] {dag.py:2690} INFO - Sync 1 DAGs
[2024-11-22T07:46:21.349+0000] {logging_mixin.py:137} INFO - [2024-11-22T07:46:21.349+0000] {dag.py:3441} INFO - Setting next_dagrun for example_sla_dag to 2024-11-22T07:44:00+00:00, run_after=2024-11-22T07:46:00+00:00
[2024-11-22T07:46:21.362+0000] {processor.py:175} INFO - Processing /home/airflow/.local/lib/python3.7/site-packages/airflow/example_dags/example_sla_dag.py took 0.069 seconds
[2024-11-22T07:46:52.047+0000] {processor.py:153} INFO - Started process (PID=975) to work on /home/airflow/.local/lib/python3.7/site-packages/airflow/example_dags/example_sla_dag.py
[2024-11-22T07:46:52.048+0000] {processor.py:743} INFO - Processing file /home/airflow/.local/lib/python3.7/site-packages/airflow/example_dags/example_sla_dag.py for tasks to queue
[2024-11-22T07:46:52.049+0000] {logging_mixin.py:137} INFO - [2024-11-22T07:46:52.049+0000] {dagbag.py:538} INFO - Filling up the DagBag from /home/airflow/.local/lib/python3.7/site-packages/airflow/example_dags/example_sla_dag.py
[2024-11-22T07:46:52.071+0000] {processor.py:753} INFO - DAG(s) dict_keys(['example_sla_dag']) retrieved from /home/airflow/.local/lib/python3.7/site-packages/airflow/example_dags/example_sla_dag.py
[2024-11-22T07:46:52.095+0000] {logging_mixin.py:137} INFO - [2024-11-22T07:46:52.095+0000] {dag.py:2690} INFO - Sync 1 DAGs
[2024-11-22T07:46:52.115+0000] {logging_mixin.py:137} INFO - [2024-11-22T07:46:52.115+0000] {dag.py:3441} INFO - Setting next_dagrun for example_sla_dag to 2024-11-22T07:44:00+00:00, run_after=2024-11-22T07:46:00+00:00
[2024-11-22T07:46:52.128+0000] {processor.py:175} INFO - Processing /home/airflow/.local/lib/python3.7/site-packages/airflow/example_dags/example_sla_dag.py took 0.085 seconds
[2024-11-22T07:47:22.417+0000] {processor.py:153} INFO - Started process (PID=1047) to work on /home/airflow/.local/lib/python3.7/site-packages/airflow/example_dags/example_sla_dag.py
[2024-11-22T07:47:22.418+0000] {processor.py:743} INFO - Processing file /home/airflow/.local/lib/python3.7/site-packages/airflow/example_dags/example_sla_dag.py for tasks to queue
[2024-11-22T07:47:22.419+0000] {logging_mixin.py:137} INFO - [2024-11-22T07:47:22.418+0000] {dagbag.py:538} INFO - Filling up the DagBag from /home/airflow/.local/lib/python3.7/site-packages/airflow/example_dags/example_sla_dag.py
[2024-11-22T07:47:22.444+0000] {processor.py:753} INFO - DAG(s) dict_keys(['example_sla_dag']) retrieved from /home/airflow/.local/lib/python3.7/site-packages/airflow/example_dags/example_sla_dag.py
[2024-11-22T07:47:22.468+0000] {logging_mixin.py:137} INFO - [2024-11-22T07:47:22.467+0000] {dag.py:2690} INFO - Sync 1 DAGs
[2024-11-22T07:47:22.583+0000] {logging_mixin.py:137} INFO - [2024-11-22T07:47:22.583+0000] {dag.py:3441} INFO - Setting next_dagrun for example_sla_dag to 2024-11-22T07:44:00+00:00, run_after=2024-11-22T07:46:00+00:00
[2024-11-22T07:47:22.602+0000] {processor.py:175} INFO - Processing /home/airflow/.local/lib/python3.7/site-packages/airflow/example_dags/example_sla_dag.py took 0.193 seconds
[2024-11-22T07:47:53.363+0000] {processor.py:153} INFO - Started process (PID=1133) to work on /home/airflow/.local/lib/python3.7/site-packages/airflow/example_dags/example_sla_dag.py
[2024-11-22T07:47:53.365+0000] {processor.py:743} INFO - Processing file /home/airflow/.local/lib/python3.7/site-packages/airflow/example_dags/example_sla_dag.py for tasks to queue
[2024-11-22T07:47:53.366+0000] {logging_mixin.py:137} INFO - [2024-11-22T07:47:53.366+0000] {dagbag.py:538} INFO - Filling up the DagBag from /home/airflow/.local/lib/python3.7/site-packages/airflow/example_dags/example_sla_dag.py
[2024-11-22T07:47:53.384+0000] {processor.py:753} INFO - DAG(s) dict_keys(['example_sla_dag']) retrieved from /home/airflow/.local/lib/python3.7/site-packages/airflow/example_dags/example_sla_dag.py
[2024-11-22T07:47:53.399+0000] {logging_mixin.py:137} INFO - [2024-11-22T07:47:53.399+0000] {dag.py:2690} INFO - Sync 1 DAGs
[2024-11-22T07:47:53.414+0000] {logging_mixin.py:137} INFO - [2024-11-22T07:47:53.414+0000] {dag.py:3441} INFO - Setting next_dagrun for example_sla_dag to 2024-11-22T07:44:00+00:00, run_after=2024-11-22T07:46:00+00:00
[2024-11-22T07:47:53.424+0000] {processor.py:175} INFO - Processing /home/airflow/.local/lib/python3.7/site-packages/airflow/example_dags/example_sla_dag.py took 0.064 seconds
[2024-11-22T07:48:23.601+0000] {processor.py:153} INFO - Started process (PID=1209) to work on /home/airflow/.local/lib/python3.7/site-packages/airflow/example_dags/example_sla_dag.py
[2024-11-22T07:48:23.602+0000] {processor.py:743} INFO - Processing file /home/airflow/.local/lib/python3.7/site-packages/airflow/example_dags/example_sla_dag.py for tasks to queue
[2024-11-22T07:48:23.603+0000] {logging_mixin.py:137} INFO - [2024-11-22T07:48:23.603+0000] {dagbag.py:538} INFO - Filling up the DagBag from /home/airflow/.local/lib/python3.7/site-packages/airflow/example_dags/example_sla_dag.py
[2024-11-22T07:48:23.620+0000] {processor.py:753} INFO - DAG(s) dict_keys(['example_sla_dag']) retrieved from /home/airflow/.local/lib/python3.7/site-packages/airflow/example_dags/example_sla_dag.py
[2024-11-22T07:48:23.641+0000] {logging_mixin.py:137} INFO - [2024-11-22T07:48:23.641+0000] {dag.py:2690} INFO - Sync 1 DAGs
[2024-11-22T07:48:23.728+0000] {logging_mixin.py:137} INFO - [2024-11-22T07:48:23.728+0000] {dag.py:3441} INFO - Setting next_dagrun for example_sla_dag to 2024-11-22T07:46:00+00:00, run_after=2024-11-22T07:48:00+00:00
[2024-11-22T07:48:23.745+0000] {processor.py:175} INFO - Processing /home/airflow/.local/lib/python3.7/site-packages/airflow/example_dags/example_sla_dag.py took 0.149 seconds
[2024-11-22T07:48:54.670+0000] {processor.py:153} INFO - Started process (PID=1297) to work on /home/airflow/.local/lib/python3.7/site-packages/airflow/example_dags/example_sla_dag.py
[2024-11-22T07:48:54.671+0000] {processor.py:743} INFO - Processing file /home/airflow/.local/lib/python3.7/site-packages/airflow/example_dags/example_sla_dag.py for tasks to queue
[2024-11-22T07:48:54.672+0000] {logging_mixin.py:137} INFO - [2024-11-22T07:48:54.671+0000] {dagbag.py:538} INFO - Filling up the DagBag from /home/airflow/.local/lib/python3.7/site-packages/airflow/example_dags/example_sla_dag.py
[2024-11-22T07:48:54.690+0000] {processor.py:753} INFO - DAG(s) dict_keys(['example_sla_dag']) retrieved from /home/airflow/.local/lib/python3.7/site-packages/airflow/example_dags/example_sla_dag.py
[2024-11-22T07:48:54.711+0000] {logging_mixin.py:137} INFO - [2024-11-22T07:48:54.710+0000] {dag.py:2690} INFO - Sync 1 DAGs
[2024-11-22T07:48:54.729+0000] {logging_mixin.py:137} INFO - [2024-11-22T07:48:54.729+0000] {dag.py:3441} INFO - Setting next_dagrun for example_sla_dag to 2024-11-22T07:46:00+00:00, run_after=2024-11-22T07:48:00+00:00
[2024-11-22T07:48:54.742+0000] {processor.py:175} INFO - Processing /home/airflow/.local/lib/python3.7/site-packages/airflow/example_dags/example_sla_dag.py took 0.076 seconds
