[2024-11-22T07:41:09.814+0000] {processor.py:153} INFO - Started process (PID=65) to work on /home/airflow/.local/lib/python3.7/site-packages/airflow/example_dags/example_latest_only.py
[2024-11-22T07:41:09.816+0000] {processor.py:743} INFO - Processing file /home/airflow/.local/lib/python3.7/site-packages/airflow/example_dags/example_latest_only.py for tasks to queue
[2024-11-22T07:41:09.829+0000] {logging_mixin.py:137} INFO - [2024-11-22T07:41:09.829+0000] {dagbag.py:538} INFO - Filling up the DagBag from /home/airflow/.local/lib/python3.7/site-packages/airflow/example_dags/example_latest_only.py
[2024-11-22T07:41:09.938+0000] {processor.py:753} INFO - DAG(s) dict_keys(['latest_only']) retrieved from /home/airflow/.local/lib/python3.7/site-packages/airflow/example_dags/example_latest_only.py
[2024-11-22T07:41:10.426+0000] {logging_mixin.py:137} INFO - [2024-11-22T07:41:10.426+0000] {manager.py:504} INFO - Created Permission View: can read on DAG:latest_only
[2024-11-22T07:41:10.465+0000] {logging_mixin.py:137} INFO - [2024-11-22T07:41:10.465+0000] {manager.py:504} INFO - Created Permission View: can edit on DAG:latest_only
[2024-11-22T07:41:10.541+0000] {logging_mixin.py:137} INFO - [2024-11-22T07:41:10.541+0000] {manager.py:504} INFO - Created Permission View: can delete on DAG:latest_only
[2024-11-22T07:41:10.543+0000] {logging_mixin.py:137} INFO - [2024-11-22T07:41:10.542+0000] {dag.py:2690} INFO - Sync 1 DAGs
[2024-11-22T07:41:10.610+0000] {logging_mixin.py:137} INFO - [2024-11-22T07:41:10.610+0000] {dag.py:2711} INFO - Creating ORM DAG for latest_only
[2024-11-22T07:41:10.658+0000] {logging_mixin.py:137} INFO - [2024-11-22T07:41:10.658+0000] {dag.py:3441} INFO - Setting next_dagrun for latest_only to 2024-11-22T03:41:10.657544+00:00, run_after=2024-11-22T07:41:10.657544+00:00
[2024-11-22T07:41:10.716+0000] {processor.py:175} INFO - Processing /home/airflow/.local/lib/python3.7/site-packages/airflow/example_dags/example_latest_only.py took 0.908 seconds
[2024-11-22T07:41:41.290+0000] {processor.py:153} INFO - Started process (PID=136) to work on /home/airflow/.local/lib/python3.7/site-packages/airflow/example_dags/example_latest_only.py
[2024-11-22T07:41:41.293+0000] {processor.py:743} INFO - Processing file /home/airflow/.local/lib/python3.7/site-packages/airflow/example_dags/example_latest_only.py for tasks to queue
[2024-11-22T07:41:41.295+0000] {logging_mixin.py:137} INFO - [2024-11-22T07:41:41.295+0000] {dagbag.py:538} INFO - Filling up the DagBag from /home/airflow/.local/lib/python3.7/site-packages/airflow/example_dags/example_latest_only.py
[2024-11-22T07:41:41.309+0000] {processor.py:753} INFO - DAG(s) dict_keys(['latest_only']) retrieved from /home/airflow/.local/lib/python3.7/site-packages/airflow/example_dags/example_latest_only.py
[2024-11-22T07:41:41.324+0000] {logging_mixin.py:137} INFO - [2024-11-22T07:41:41.324+0000] {dag.py:2690} INFO - Sync 1 DAGs
[2024-11-22T07:41:41.339+0000] {logging_mixin.py:137} INFO - [2024-11-22T07:41:41.339+0000] {dag.py:3441} INFO - Setting next_dagrun for latest_only to 2024-11-22T03:41:41.339508+00:00, run_after=2024-11-22T07:41:41.339508+00:00
[2024-11-22T07:41:41.353+0000] {processor.py:175} INFO - Processing /home/airflow/.local/lib/python3.7/site-packages/airflow/example_dags/example_latest_only.py took 0.067 seconds
[2024-11-22T07:42:11.446+0000] {processor.py:153} INFO - Started process (PID=207) to work on /home/airflow/.local/lib/python3.7/site-packages/airflow/example_dags/example_latest_only.py
[2024-11-22T07:42:11.448+0000] {processor.py:743} INFO - Processing file /home/airflow/.local/lib/python3.7/site-packages/airflow/example_dags/example_latest_only.py for tasks to queue
[2024-11-22T07:42:11.450+0000] {logging_mixin.py:137} INFO - [2024-11-22T07:42:11.450+0000] {dagbag.py:538} INFO - Filling up the DagBag from /home/airflow/.local/lib/python3.7/site-packages/airflow/example_dags/example_latest_only.py
[2024-11-22T07:42:11.460+0000] {processor.py:753} INFO - DAG(s) dict_keys(['latest_only']) retrieved from /home/airflow/.local/lib/python3.7/site-packages/airflow/example_dags/example_latest_only.py
[2024-11-22T07:42:11.476+0000] {logging_mixin.py:137} INFO - [2024-11-22T07:42:11.475+0000] {dag.py:2690} INFO - Sync 1 DAGs
[2024-11-22T07:42:11.489+0000] {logging_mixin.py:137} INFO - [2024-11-22T07:42:11.489+0000] {dag.py:3441} INFO - Setting next_dagrun for latest_only to 2024-11-22T03:42:11.489726+00:00, run_after=2024-11-22T07:42:11.489726+00:00
[2024-11-22T07:42:11.502+0000] {processor.py:175} INFO - Processing /home/airflow/.local/lib/python3.7/site-packages/airflow/example_dags/example_latest_only.py took 0.059 seconds
[2024-11-22T07:42:42.288+0000] {processor.py:153} INFO - Started process (PID=294) to work on /home/airflow/.local/lib/python3.7/site-packages/airflow/example_dags/example_latest_only.py
[2024-11-22T07:42:42.289+0000] {processor.py:743} INFO - Processing file /home/airflow/.local/lib/python3.7/site-packages/airflow/example_dags/example_latest_only.py for tasks to queue
[2024-11-22T07:42:42.289+0000] {logging_mixin.py:137} INFO - [2024-11-22T07:42:42.289+0000] {dagbag.py:538} INFO - Filling up the DagBag from /home/airflow/.local/lib/python3.7/site-packages/airflow/example_dags/example_latest_only.py
[2024-11-22T07:42:42.302+0000] {processor.py:753} INFO - DAG(s) dict_keys(['latest_only']) retrieved from /home/airflow/.local/lib/python3.7/site-packages/airflow/example_dags/example_latest_only.py
[2024-11-22T07:42:42.322+0000] {logging_mixin.py:137} INFO - [2024-11-22T07:42:42.322+0000] {dag.py:2690} INFO - Sync 1 DAGs
[2024-11-22T07:42:42.336+0000] {logging_mixin.py:137} INFO - [2024-11-22T07:42:42.336+0000] {dag.py:3441} INFO - Setting next_dagrun for latest_only to 2024-11-22T03:42:42.336464+00:00, run_after=2024-11-22T07:42:42.336464+00:00
[2024-11-22T07:42:42.349+0000] {processor.py:175} INFO - Processing /home/airflow/.local/lib/python3.7/site-packages/airflow/example_dags/example_latest_only.py took 0.063 seconds
[2024-11-22T07:43:12.475+0000] {processor.py:153} INFO - Started process (PID=381) to work on /home/airflow/.local/lib/python3.7/site-packages/airflow/example_dags/example_latest_only.py
[2024-11-22T07:43:12.476+0000] {processor.py:743} INFO - Processing file /home/airflow/.local/lib/python3.7/site-packages/airflow/example_dags/example_latest_only.py for tasks to queue
[2024-11-22T07:43:12.476+0000] {logging_mixin.py:137} INFO - [2024-11-22T07:43:12.476+0000] {dagbag.py:538} INFO - Filling up the DagBag from /home/airflow/.local/lib/python3.7/site-packages/airflow/example_dags/example_latest_only.py
[2024-11-22T07:43:12.489+0000] {processor.py:753} INFO - DAG(s) dict_keys(['latest_only']) retrieved from /home/airflow/.local/lib/python3.7/site-packages/airflow/example_dags/example_latest_only.py
[2024-11-22T07:43:12.508+0000] {logging_mixin.py:137} INFO - [2024-11-22T07:43:12.508+0000] {dag.py:2690} INFO - Sync 1 DAGs
[2024-11-22T07:43:12.525+0000] {logging_mixin.py:137} INFO - [2024-11-22T07:43:12.525+0000] {dag.py:3441} INFO - Setting next_dagrun for latest_only to 2024-11-22T03:43:12.524995+00:00, run_after=2024-11-22T07:43:12.524995+00:00
[2024-11-22T07:43:12.537+0000] {processor.py:175} INFO - Processing /home/airflow/.local/lib/python3.7/site-packages/airflow/example_dags/example_latest_only.py took 0.064 seconds
[2024-11-22T07:43:43.048+0000] {processor.py:153} INFO - Started process (PID=452) to work on /home/airflow/.local/lib/python3.7/site-packages/airflow/example_dags/example_latest_only.py
[2024-11-22T07:43:43.052+0000] {processor.py:743} INFO - Processing file /home/airflow/.local/lib/python3.7/site-packages/airflow/example_dags/example_latest_only.py for tasks to queue
[2024-11-22T07:43:43.053+0000] {logging_mixin.py:137} INFO - [2024-11-22T07:43:43.053+0000] {dagbag.py:538} INFO - Filling up the DagBag from /home/airflow/.local/lib/python3.7/site-packages/airflow/example_dags/example_latest_only.py
[2024-11-22T07:43:43.088+0000] {processor.py:753} INFO - DAG(s) dict_keys(['latest_only']) retrieved from /home/airflow/.local/lib/python3.7/site-packages/airflow/example_dags/example_latest_only.py
[2024-11-22T07:43:43.128+0000] {logging_mixin.py:137} INFO - [2024-11-22T07:43:43.128+0000] {dag.py:2690} INFO - Sync 1 DAGs
[2024-11-22T07:43:43.159+0000] {logging_mixin.py:137} INFO - [2024-11-22T07:43:43.159+0000] {dag.py:3441} INFO - Setting next_dagrun for latest_only to 2024-11-22T03:43:43.159529+00:00, run_after=2024-11-22T07:43:43.159529+00:00
[2024-11-22T07:43:43.186+0000] {processor.py:175} INFO - Processing /home/airflow/.local/lib/python3.7/site-packages/airflow/example_dags/example_latest_only.py took 0.173 seconds
[2024-11-22T07:44:13.771+0000] {processor.py:153} INFO - Started process (PID=539) to work on /home/airflow/.local/lib/python3.7/site-packages/airflow/example_dags/example_latest_only.py
[2024-11-22T07:44:13.781+0000] {processor.py:743} INFO - Processing file /home/airflow/.local/lib/python3.7/site-packages/airflow/example_dags/example_latest_only.py for tasks to queue
[2024-11-22T07:44:13.788+0000] {logging_mixin.py:137} INFO - [2024-11-22T07:44:13.787+0000] {dagbag.py:538} INFO - Filling up the DagBag from /home/airflow/.local/lib/python3.7/site-packages/airflow/example_dags/example_latest_only.py
[2024-11-22T07:44:13.803+0000] {processor.py:753} INFO - DAG(s) dict_keys(['latest_only']) retrieved from /home/airflow/.local/lib/python3.7/site-packages/airflow/example_dags/example_latest_only.py
[2024-11-22T07:44:13.823+0000] {logging_mixin.py:137} INFO - [2024-11-22T07:44:13.823+0000] {dag.py:2690} INFO - Sync 1 DAGs
[2024-11-22T07:44:13.835+0000] {logging_mixin.py:137} INFO - [2024-11-22T07:44:13.835+0000] {dag.py:3441} INFO - Setting next_dagrun for latest_only to 2024-11-22T03:44:13.834874+00:00, run_after=2024-11-22T07:44:13.834874+00:00
[2024-11-22T07:44:13.842+0000] {processor.py:175} INFO - Processing /home/airflow/.local/lib/python3.7/site-packages/airflow/example_dags/example_latest_only.py took 0.079 seconds
[2024-11-22T07:44:44.159+0000] {processor.py:153} INFO - Started process (PID=625) to work on /home/airflow/.local/lib/python3.7/site-packages/airflow/example_dags/example_latest_only.py
[2024-11-22T07:44:44.161+0000] {processor.py:743} INFO - Processing file /home/airflow/.local/lib/python3.7/site-packages/airflow/example_dags/example_latest_only.py for tasks to queue
[2024-11-22T07:44:44.161+0000] {logging_mixin.py:137} INFO - [2024-11-22T07:44:44.161+0000] {dagbag.py:538} INFO - Filling up the DagBag from /home/airflow/.local/lib/python3.7/site-packages/airflow/example_dags/example_latest_only.py
[2024-11-22T07:44:44.167+0000] {processor.py:753} INFO - DAG(s) dict_keys(['latest_only']) retrieved from /home/airflow/.local/lib/python3.7/site-packages/airflow/example_dags/example_latest_only.py
[2024-11-22T07:44:44.177+0000] {logging_mixin.py:137} INFO - [2024-11-22T07:44:44.177+0000] {dag.py:2690} INFO - Sync 1 DAGs
[2024-11-22T07:44:44.187+0000] {logging_mixin.py:137} INFO - [2024-11-22T07:44:44.187+0000] {dag.py:3441} INFO - Setting next_dagrun for latest_only to 2024-11-22T03:44:44.187012+00:00, run_after=2024-11-22T07:44:44.187012+00:00
[2024-11-22T07:44:44.193+0000] {processor.py:175} INFO - Processing /home/airflow/.local/lib/python3.7/site-packages/airflow/example_dags/example_latest_only.py took 0.036 seconds
[2024-11-22T07:45:15.147+0000] {processor.py:153} INFO - Started process (PID=696) to work on /home/airflow/.local/lib/python3.7/site-packages/airflow/example_dags/example_latest_only.py
[2024-11-22T07:45:15.149+0000] {processor.py:743} INFO - Processing file /home/airflow/.local/lib/python3.7/site-packages/airflow/example_dags/example_latest_only.py for tasks to queue
[2024-11-22T07:45:15.149+0000] {logging_mixin.py:137} INFO - [2024-11-22T07:45:15.149+0000] {dagbag.py:538} INFO - Filling up the DagBag from /home/airflow/.local/lib/python3.7/site-packages/airflow/example_dags/example_latest_only.py
[2024-11-22T07:45:15.156+0000] {processor.py:753} INFO - DAG(s) dict_keys(['latest_only']) retrieved from /home/airflow/.local/lib/python3.7/site-packages/airflow/example_dags/example_latest_only.py
[2024-11-22T07:45:15.166+0000] {logging_mixin.py:137} INFO - [2024-11-22T07:45:15.166+0000] {dag.py:2690} INFO - Sync 1 DAGs
[2024-11-22T07:45:15.176+0000] {logging_mixin.py:137} INFO - [2024-11-22T07:45:15.176+0000] {dag.py:3441} INFO - Setting next_dagrun for latest_only to 2024-11-22T03:45:15.175921+00:00, run_after=2024-11-22T07:45:15.175921+00:00
[2024-11-22T07:45:15.182+0000] {processor.py:175} INFO - Processing /home/airflow/.local/lib/python3.7/site-packages/airflow/example_dags/example_latest_only.py took 0.037 seconds
[2024-11-22T07:45:46.157+0000] {processor.py:153} INFO - Started process (PID=783) to work on /home/airflow/.local/lib/python3.7/site-packages/airflow/example_dags/example_latest_only.py
[2024-11-22T07:45:46.158+0000] {processor.py:743} INFO - Processing file /home/airflow/.local/lib/python3.7/site-packages/airflow/example_dags/example_latest_only.py for tasks to queue
[2024-11-22T07:45:46.158+0000] {logging_mixin.py:137} INFO - [2024-11-22T07:45:46.158+0000] {dagbag.py:538} INFO - Filling up the DagBag from /home/airflow/.local/lib/python3.7/site-packages/airflow/example_dags/example_latest_only.py
[2024-11-22T07:45:46.165+0000] {processor.py:753} INFO - DAG(s) dict_keys(['latest_only']) retrieved from /home/airflow/.local/lib/python3.7/site-packages/airflow/example_dags/example_latest_only.py
[2024-11-22T07:45:46.177+0000] {logging_mixin.py:137} INFO - [2024-11-22T07:45:46.177+0000] {dag.py:2690} INFO - Sync 1 DAGs
[2024-11-22T07:45:46.188+0000] {logging_mixin.py:137} INFO - [2024-11-22T07:45:46.188+0000] {dag.py:3441} INFO - Setting next_dagrun for latest_only to 2024-11-22T03:45:46.188076+00:00, run_after=2024-11-22T07:45:46.188076+00:00
[2024-11-22T07:45:46.195+0000] {processor.py:175} INFO - Processing /home/airflow/.local/lib/python3.7/site-packages/airflow/example_dags/example_latest_only.py took 0.039 seconds
[2024-11-22T07:46:16.347+0000] {processor.py:153} INFO - Started process (PID=870) to work on /home/airflow/.local/lib/python3.7/site-packages/airflow/example_dags/example_latest_only.py
[2024-11-22T07:46:16.348+0000] {processor.py:743} INFO - Processing file /home/airflow/.local/lib/python3.7/site-packages/airflow/example_dags/example_latest_only.py for tasks to queue
[2024-11-22T07:46:16.348+0000] {logging_mixin.py:137} INFO - [2024-11-22T07:46:16.348+0000] {dagbag.py:538} INFO - Filling up the DagBag from /home/airflow/.local/lib/python3.7/site-packages/airflow/example_dags/example_latest_only.py
[2024-11-22T07:46:16.357+0000] {processor.py:753} INFO - DAG(s) dict_keys(['latest_only']) retrieved from /home/airflow/.local/lib/python3.7/site-packages/airflow/example_dags/example_latest_only.py
[2024-11-22T07:46:16.372+0000] {logging_mixin.py:137} INFO - [2024-11-22T07:46:16.372+0000] {dag.py:2690} INFO - Sync 1 DAGs
[2024-11-22T07:46:16.389+0000] {logging_mixin.py:137} INFO - [2024-11-22T07:46:16.389+0000] {dag.py:3441} INFO - Setting next_dagrun for latest_only to 2024-11-22T03:46:16.388832+00:00, run_after=2024-11-22T07:46:16.388832+00:00
[2024-11-22T07:46:16.404+0000] {processor.py:175} INFO - Processing /home/airflow/.local/lib/python3.7/site-packages/airflow/example_dags/example_latest_only.py took 0.060 seconds
[2024-11-22T07:46:47.112+0000] {processor.py:153} INFO - Started process (PID=941) to work on /home/airflow/.local/lib/python3.7/site-packages/airflow/example_dags/example_latest_only.py
[2024-11-22T07:46:47.113+0000] {processor.py:743} INFO - Processing file /home/airflow/.local/lib/python3.7/site-packages/airflow/example_dags/example_latest_only.py for tasks to queue
[2024-11-22T07:46:47.114+0000] {logging_mixin.py:137} INFO - [2024-11-22T07:46:47.114+0000] {dagbag.py:538} INFO - Filling up the DagBag from /home/airflow/.local/lib/python3.7/site-packages/airflow/example_dags/example_latest_only.py
[2024-11-22T07:46:47.129+0000] {processor.py:753} INFO - DAG(s) dict_keys(['latest_only']) retrieved from /home/airflow/.local/lib/python3.7/site-packages/airflow/example_dags/example_latest_only.py
[2024-11-22T07:46:47.159+0000] {logging_mixin.py:137} INFO - [2024-11-22T07:46:47.159+0000] {dag.py:2690} INFO - Sync 1 DAGs
[2024-11-22T07:46:47.184+0000] {logging_mixin.py:137} INFO - [2024-11-22T07:46:47.184+0000] {dag.py:3441} INFO - Setting next_dagrun for latest_only to 2024-11-22T03:46:47.183892+00:00, run_after=2024-11-22T07:46:47.183892+00:00
[2024-11-22T07:46:47.205+0000] {processor.py:175} INFO - Processing /home/airflow/.local/lib/python3.7/site-packages/airflow/example_dags/example_latest_only.py took 0.096 seconds
[2024-11-22T07:47:18.619+0000] {processor.py:153} INFO - Started process (PID=1029) to work on /home/airflow/.local/lib/python3.7/site-packages/airflow/example_dags/example_latest_only.py
[2024-11-22T07:47:18.624+0000] {processor.py:743} INFO - Processing file /home/airflow/.local/lib/python3.7/site-packages/airflow/example_dags/example_latest_only.py for tasks to queue
[2024-11-22T07:47:18.626+0000] {logging_mixin.py:137} INFO - [2024-11-22T07:47:18.626+0000] {dagbag.py:538} INFO - Filling up the DagBag from /home/airflow/.local/lib/python3.7/site-packages/airflow/example_dags/example_latest_only.py
[2024-11-22T07:47:18.678+0000] {processor.py:753} INFO - DAG(s) dict_keys(['latest_only']) retrieved from /home/airflow/.local/lib/python3.7/site-packages/airflow/example_dags/example_latest_only.py
[2024-11-22T07:47:18.822+0000] {logging_mixin.py:137} INFO - [2024-11-22T07:47:18.822+0000] {dag.py:2690} INFO - Sync 1 DAGs
[2024-11-22T07:47:18.911+0000] {logging_mixin.py:137} INFO - [2024-11-22T07:47:18.908+0000] {dag.py:3441} INFO - Setting next_dagrun for latest_only to 2024-11-22T03:47:18.908065+00:00, run_after=2024-11-22T07:47:18.908065+00:00
[2024-11-22T07:47:18.972+0000] {processor.py:175} INFO - Processing /home/airflow/.local/lib/python3.7/site-packages/airflow/example_dags/example_latest_only.py took 0.369 seconds
[2024-11-22T07:47:49.605+0000] {processor.py:153} INFO - Started process (PID=1100) to work on /home/airflow/.local/lib/python3.7/site-packages/airflow/example_dags/example_latest_only.py
[2024-11-22T07:47:49.608+0000] {processor.py:743} INFO - Processing file /home/airflow/.local/lib/python3.7/site-packages/airflow/example_dags/example_latest_only.py for tasks to queue
[2024-11-22T07:47:49.612+0000] {logging_mixin.py:137} INFO - [2024-11-22T07:47:49.612+0000] {dagbag.py:538} INFO - Filling up the DagBag from /home/airflow/.local/lib/python3.7/site-packages/airflow/example_dags/example_latest_only.py
[2024-11-22T07:47:49.624+0000] {processor.py:753} INFO - DAG(s) dict_keys(['latest_only']) retrieved from /home/airflow/.local/lib/python3.7/site-packages/airflow/example_dags/example_latest_only.py
[2024-11-22T07:47:49.645+0000] {logging_mixin.py:137} INFO - [2024-11-22T07:47:49.644+0000] {dag.py:2690} INFO - Sync 1 DAGs
[2024-11-22T07:47:49.664+0000] {logging_mixin.py:137} INFO - [2024-11-22T07:47:49.664+0000] {dag.py:3441} INFO - Setting next_dagrun for latest_only to 2024-11-22T03:47:49.663865+00:00, run_after=2024-11-22T07:47:49.663865+00:00
[2024-11-22T07:47:49.679+0000] {processor.py:175} INFO - Processing /home/airflow/.local/lib/python3.7/site-packages/airflow/example_dags/example_latest_only.py took 0.077 seconds
[2024-11-22T07:48:20.644+0000] {processor.py:153} INFO - Started process (PID=1191) to work on /home/airflow/.local/lib/python3.7/site-packages/airflow/example_dags/example_latest_only.py
[2024-11-22T07:48:20.645+0000] {processor.py:743} INFO - Processing file /home/airflow/.local/lib/python3.7/site-packages/airflow/example_dags/example_latest_only.py for tasks to queue
[2024-11-22T07:48:20.650+0000] {logging_mixin.py:137} INFO - [2024-11-22T07:48:20.650+0000] {dagbag.py:538} INFO - Filling up the DagBag from /home/airflow/.local/lib/python3.7/site-packages/airflow/example_dags/example_latest_only.py
[2024-11-22T07:48:20.662+0000] {processor.py:753} INFO - DAG(s) dict_keys(['latest_only']) retrieved from /home/airflow/.local/lib/python3.7/site-packages/airflow/example_dags/example_latest_only.py
[2024-11-22T07:48:20.688+0000] {logging_mixin.py:137} INFO - [2024-11-22T07:48:20.688+0000] {dag.py:2690} INFO - Sync 1 DAGs
[2024-11-22T07:48:20.707+0000] {logging_mixin.py:137} INFO - [2024-11-22T07:48:20.707+0000] {dag.py:3441} INFO - Setting next_dagrun for latest_only to 2024-11-22T03:48:20.707495+00:00, run_after=2024-11-22T07:48:20.707495+00:00
[2024-11-22T07:48:20.724+0000] {processor.py:175} INFO - Processing /home/airflow/.local/lib/python3.7/site-packages/airflow/example_dags/example_latest_only.py took 0.083 seconds
[2024-11-22T07:48:50.818+0000] {processor.py:153} INFO - Started process (PID=1279) to work on /home/airflow/.local/lib/python3.7/site-packages/airflow/example_dags/example_latest_only.py
[2024-11-22T07:48:50.824+0000] {processor.py:743} INFO - Processing file /home/airflow/.local/lib/python3.7/site-packages/airflow/example_dags/example_latest_only.py for tasks to queue
[2024-11-22T07:48:50.825+0000] {logging_mixin.py:137} INFO - [2024-11-22T07:48:50.825+0000] {dagbag.py:538} INFO - Filling up the DagBag from /home/airflow/.local/lib/python3.7/site-packages/airflow/example_dags/example_latest_only.py
[2024-11-22T07:48:50.839+0000] {processor.py:753} INFO - DAG(s) dict_keys(['latest_only']) retrieved from /home/airflow/.local/lib/python3.7/site-packages/airflow/example_dags/example_latest_only.py
[2024-11-22T07:48:50.860+0000] {logging_mixin.py:137} INFO - [2024-11-22T07:48:50.860+0000] {dag.py:2690} INFO - Sync 1 DAGs
[2024-11-22T07:48:50.877+0000] {logging_mixin.py:137} INFO - [2024-11-22T07:48:50.877+0000] {dag.py:3441} INFO - Setting next_dagrun for latest_only to 2024-11-22T03:48:50.877265+00:00, run_after=2024-11-22T07:48:50.877265+00:00
[2024-11-22T07:48:50.894+0000] {processor.py:175} INFO - Processing /home/airflow/.local/lib/python3.7/site-packages/airflow/example_dags/example_latest_only.py took 0.078 seconds
