[2024-11-22T09:03:23.918+0000] {processor.py:153} INFO - Started process (PID=413) to work on /home/airflow/.local/lib/python3.7/site-packages/airflow/example_dags/example_sensor_decorator.py
[2024-11-22T09:03:23.919+0000] {processor.py:743} INFO - Processing file /home/airflow/.local/lib/python3.7/site-packages/airflow/example_dags/example_sensor_decorator.py for tasks to queue
[2024-11-22T09:03:23.919+0000] {logging_mixin.py:137} INFO - [2024-11-22T09:03:23.919+0000] {dagbag.py:538} INFO - Filling up the DagBag from /home/airflow/.local/lib/python3.7/site-packages/airflow/example_dags/example_sensor_decorator.py
[2024-11-22T09:03:23.929+0000] {processor.py:753} INFO - DAG(s) dict_keys(['example_sensor_decorator']) retrieved from /home/airflow/.local/lib/python3.7/site-packages/airflow/example_dags/example_sensor_decorator.py
[2024-11-22T09:03:23.940+0000] {logging_mixin.py:137} INFO - [2024-11-22T09:03:23.940+0000] {dag.py:2690} INFO - Sync 1 DAGs
[2024-11-22T09:03:23.952+0000] {logging_mixin.py:137} INFO - [2024-11-22T09:03:23.952+0000] {dag.py:3441} INFO - Setting next_dagrun for example_sensor_decorator to None, run_after=None
[2024-11-22T09:03:23.961+0000] {processor.py:175} INFO - Processing /home/airflow/.local/lib/python3.7/site-packages/airflow/example_dags/example_sensor_decorator.py took 0.045 seconds
[2024-11-22T09:03:54.394+0000] {processor.py:153} INFO - Started process (PID=503) to work on /home/airflow/.local/lib/python3.7/site-packages/airflow/example_dags/example_sensor_decorator.py
[2024-11-22T09:03:54.396+0000] {processor.py:743} INFO - Processing file /home/airflow/.local/lib/python3.7/site-packages/airflow/example_dags/example_sensor_decorator.py for tasks to queue
[2024-11-22T09:03:54.397+0000] {logging_mixin.py:137} INFO - [2024-11-22T09:03:54.396+0000] {dagbag.py:538} INFO - Filling up the DagBag from /home/airflow/.local/lib/python3.7/site-packages/airflow/example_dags/example_sensor_decorator.py
[2024-11-22T09:03:54.408+0000] {processor.py:753} INFO - DAG(s) dict_keys(['example_sensor_decorator']) retrieved from /home/airflow/.local/lib/python3.7/site-packages/airflow/example_dags/example_sensor_decorator.py
[2024-11-22T09:03:54.422+0000] {logging_mixin.py:137} INFO - [2024-11-22T09:03:54.422+0000] {dag.py:2690} INFO - Sync 1 DAGs
[2024-11-22T09:03:54.434+0000] {logging_mixin.py:137} INFO - [2024-11-22T09:03:54.434+0000] {dag.py:3441} INFO - Setting next_dagrun for example_sensor_decorator to None, run_after=None
[2024-11-22T09:03:54.445+0000] {processor.py:175} INFO - Processing /home/airflow/.local/lib/python3.7/site-packages/airflow/example_dags/example_sensor_decorator.py took 0.053 seconds
[2024-11-22T09:04:25.010+0000] {processor.py:153} INFO - Started process (PID=577) to work on /home/airflow/.local/lib/python3.7/site-packages/airflow/example_dags/example_sensor_decorator.py
[2024-11-22T09:04:25.011+0000] {processor.py:743} INFO - Processing file /home/airflow/.local/lib/python3.7/site-packages/airflow/example_dags/example_sensor_decorator.py for tasks to queue
[2024-11-22T09:04:25.012+0000] {logging_mixin.py:137} INFO - [2024-11-22T09:04:25.012+0000] {dagbag.py:538} INFO - Filling up the DagBag from /home/airflow/.local/lib/python3.7/site-packages/airflow/example_dags/example_sensor_decorator.py
[2024-11-22T09:04:25.024+0000] {processor.py:753} INFO - DAG(s) dict_keys(['example_sensor_decorator']) retrieved from /home/airflow/.local/lib/python3.7/site-packages/airflow/example_dags/example_sensor_decorator.py
[2024-11-22T09:04:25.042+0000] {logging_mixin.py:137} INFO - [2024-11-22T09:04:25.042+0000] {dag.py:2690} INFO - Sync 1 DAGs
[2024-11-22T09:04:25.057+0000] {logging_mixin.py:137} INFO - [2024-11-22T09:04:25.057+0000] {dag.py:3441} INFO - Setting next_dagrun for example_sensor_decorator to None, run_after=None
[2024-11-22T09:04:25.074+0000] {processor.py:175} INFO - Processing /home/airflow/.local/lib/python3.7/site-packages/airflow/example_dags/example_sensor_decorator.py took 0.066 seconds
[2024-11-22T09:04:55.784+0000] {processor.py:153} INFO - Started process (PID=666) to work on /home/airflow/.local/lib/python3.7/site-packages/airflow/example_dags/example_sensor_decorator.py
[2024-11-22T09:04:55.785+0000] {processor.py:743} INFO - Processing file /home/airflow/.local/lib/python3.7/site-packages/airflow/example_dags/example_sensor_decorator.py for tasks to queue
[2024-11-22T09:04:55.785+0000] {logging_mixin.py:137} INFO - [2024-11-22T09:04:55.785+0000] {dagbag.py:538} INFO - Filling up the DagBag from /home/airflow/.local/lib/python3.7/site-packages/airflow/example_dags/example_sensor_decorator.py
[2024-11-22T09:04:55.797+0000] {processor.py:753} INFO - DAG(s) dict_keys(['example_sensor_decorator']) retrieved from /home/airflow/.local/lib/python3.7/site-packages/airflow/example_dags/example_sensor_decorator.py
[2024-11-22T09:04:55.816+0000] {logging_mixin.py:137} INFO - [2024-11-22T09:04:55.816+0000] {dag.py:2690} INFO - Sync 1 DAGs
[2024-11-22T09:04:55.830+0000] {logging_mixin.py:137} INFO - [2024-11-22T09:04:55.830+0000] {dag.py:3441} INFO - Setting next_dagrun for example_sensor_decorator to None, run_after=None
[2024-11-22T09:04:55.842+0000] {processor.py:175} INFO - Processing /home/airflow/.local/lib/python3.7/site-packages/airflow/example_dags/example_sensor_decorator.py took 0.061 seconds
[2024-11-22T09:05:26.548+0000] {processor.py:153} INFO - Started process (PID=756) to work on /home/airflow/.local/lib/python3.7/site-packages/airflow/example_dags/example_sensor_decorator.py
[2024-11-22T09:05:26.549+0000] {processor.py:743} INFO - Processing file /home/airflow/.local/lib/python3.7/site-packages/airflow/example_dags/example_sensor_decorator.py for tasks to queue
[2024-11-22T09:05:26.550+0000] {logging_mixin.py:137} INFO - [2024-11-22T09:05:26.549+0000] {dagbag.py:538} INFO - Filling up the DagBag from /home/airflow/.local/lib/python3.7/site-packages/airflow/example_dags/example_sensor_decorator.py
[2024-11-22T09:05:26.562+0000] {processor.py:753} INFO - DAG(s) dict_keys(['example_sensor_decorator']) retrieved from /home/airflow/.local/lib/python3.7/site-packages/airflow/example_dags/example_sensor_decorator.py
[2024-11-22T09:05:26.576+0000] {logging_mixin.py:137} INFO - [2024-11-22T09:05:26.576+0000] {dag.py:2690} INFO - Sync 1 DAGs
[2024-11-22T09:05:26.589+0000] {logging_mixin.py:137} INFO - [2024-11-22T09:05:26.589+0000] {dag.py:3441} INFO - Setting next_dagrun for example_sensor_decorator to None, run_after=None
[2024-11-22T09:05:26.603+0000] {processor.py:175} INFO - Processing /home/airflow/.local/lib/python3.7/site-packages/airflow/example_dags/example_sensor_decorator.py took 0.057 seconds
[2024-11-22T09:05:57.043+0000] {processor.py:153} INFO - Started process (PID=846) to work on /home/airflow/.local/lib/python3.7/site-packages/airflow/example_dags/example_sensor_decorator.py
[2024-11-22T09:05:57.044+0000] {processor.py:743} INFO - Processing file /home/airflow/.local/lib/python3.7/site-packages/airflow/example_dags/example_sensor_decorator.py for tasks to queue
[2024-11-22T09:05:57.044+0000] {logging_mixin.py:137} INFO - [2024-11-22T09:05:57.044+0000] {dagbag.py:538} INFO - Filling up the DagBag from /home/airflow/.local/lib/python3.7/site-packages/airflow/example_dags/example_sensor_decorator.py
[2024-11-22T09:05:57.056+0000] {processor.py:753} INFO - DAG(s) dict_keys(['example_sensor_decorator']) retrieved from /home/airflow/.local/lib/python3.7/site-packages/airflow/example_dags/example_sensor_decorator.py
[2024-11-22T09:05:57.070+0000] {logging_mixin.py:137} INFO - [2024-11-22T09:05:57.070+0000] {dag.py:2690} INFO - Sync 1 DAGs
[2024-11-22T09:05:57.084+0000] {logging_mixin.py:137} INFO - [2024-11-22T09:05:57.084+0000] {dag.py:3441} INFO - Setting next_dagrun for example_sensor_decorator to None, run_after=None
[2024-11-22T09:05:57.094+0000] {processor.py:175} INFO - Processing /home/airflow/.local/lib/python3.7/site-packages/airflow/example_dags/example_sensor_decorator.py took 0.054 seconds
[2024-11-22T09:06:27.828+0000] {processor.py:153} INFO - Started process (PID=920) to work on /home/airflow/.local/lib/python3.7/site-packages/airflow/example_dags/example_sensor_decorator.py
[2024-11-22T09:06:27.833+0000] {processor.py:743} INFO - Processing file /home/airflow/.local/lib/python3.7/site-packages/airflow/example_dags/example_sensor_decorator.py for tasks to queue
[2024-11-22T09:06:27.833+0000] {logging_mixin.py:137} INFO - [2024-11-22T09:06:27.833+0000] {dagbag.py:538} INFO - Filling up the DagBag from /home/airflow/.local/lib/python3.7/site-packages/airflow/example_dags/example_sensor_decorator.py
[2024-11-22T09:06:27.844+0000] {processor.py:753} INFO - DAG(s) dict_keys(['example_sensor_decorator']) retrieved from /home/airflow/.local/lib/python3.7/site-packages/airflow/example_dags/example_sensor_decorator.py
[2024-11-22T09:06:27.856+0000] {logging_mixin.py:137} INFO - [2024-11-22T09:06:27.856+0000] {dag.py:2690} INFO - Sync 1 DAGs
[2024-11-22T09:06:27.868+0000] {logging_mixin.py:137} INFO - [2024-11-22T09:06:27.868+0000] {dag.py:3441} INFO - Setting next_dagrun for example_sensor_decorator to None, run_after=None
[2024-11-22T09:06:27.879+0000] {processor.py:175} INFO - Processing /home/airflow/.local/lib/python3.7/site-packages/airflow/example_dags/example_sensor_decorator.py took 0.053 seconds
[2024-11-22T09:06:58.543+0000] {processor.py:153} INFO - Started process (PID=1010) to work on /home/airflow/.local/lib/python3.7/site-packages/airflow/example_dags/example_sensor_decorator.py
[2024-11-22T09:06:58.545+0000] {processor.py:743} INFO - Processing file /home/airflow/.local/lib/python3.7/site-packages/airflow/example_dags/example_sensor_decorator.py for tasks to queue
[2024-11-22T09:06:58.546+0000] {logging_mixin.py:137} INFO - [2024-11-22T09:06:58.546+0000] {dagbag.py:538} INFO - Filling up the DagBag from /home/airflow/.local/lib/python3.7/site-packages/airflow/example_dags/example_sensor_decorator.py
[2024-11-22T09:06:58.556+0000] {processor.py:753} INFO - DAG(s) dict_keys(['example_sensor_decorator']) retrieved from /home/airflow/.local/lib/python3.7/site-packages/airflow/example_dags/example_sensor_decorator.py
[2024-11-22T09:06:58.576+0000] {logging_mixin.py:137} INFO - [2024-11-22T09:06:58.576+0000] {dag.py:2690} INFO - Sync 1 DAGs
[2024-11-22T09:06:58.588+0000] {logging_mixin.py:137} INFO - [2024-11-22T09:06:58.588+0000] {dag.py:3441} INFO - Setting next_dagrun for example_sensor_decorator to None, run_after=None
[2024-11-22T09:06:58.595+0000] {processor.py:175} INFO - Processing /home/airflow/.local/lib/python3.7/site-packages/airflow/example_dags/example_sensor_decorator.py took 0.054 seconds
[2024-11-22T09:07:29.550+0000] {processor.py:153} INFO - Started process (PID=1100) to work on /home/airflow/.local/lib/python3.7/site-packages/airflow/example_dags/example_sensor_decorator.py
[2024-11-22T09:07:29.551+0000] {processor.py:743} INFO - Processing file /home/airflow/.local/lib/python3.7/site-packages/airflow/example_dags/example_sensor_decorator.py for tasks to queue
[2024-11-22T09:07:29.551+0000] {logging_mixin.py:137} INFO - [2024-11-22T09:07:29.551+0000] {dagbag.py:538} INFO - Filling up the DagBag from /home/airflow/.local/lib/python3.7/site-packages/airflow/example_dags/example_sensor_decorator.py
[2024-11-22T09:07:29.561+0000] {processor.py:753} INFO - DAG(s) dict_keys(['example_sensor_decorator']) retrieved from /home/airflow/.local/lib/python3.7/site-packages/airflow/example_dags/example_sensor_decorator.py
[2024-11-22T09:07:29.580+0000] {logging_mixin.py:137} INFO - [2024-11-22T09:07:29.579+0000] {dag.py:2690} INFO - Sync 1 DAGs
[2024-11-22T09:07:29.593+0000] {logging_mixin.py:137} INFO - [2024-11-22T09:07:29.593+0000] {dag.py:3441} INFO - Setting next_dagrun for example_sensor_decorator to None, run_after=None
[2024-11-22T09:07:29.604+0000] {processor.py:175} INFO - Processing /home/airflow/.local/lib/python3.7/site-packages/airflow/example_dags/example_sensor_decorator.py took 0.056 seconds
[2024-11-22T09:08:00.347+0000] {processor.py:153} INFO - Started process (PID=1180) to work on /home/airflow/.local/lib/python3.7/site-packages/airflow/example_dags/example_sensor_decorator.py
[2024-11-22T09:08:00.349+0000] {processor.py:743} INFO - Processing file /home/airflow/.local/lib/python3.7/site-packages/airflow/example_dags/example_sensor_decorator.py for tasks to queue
[2024-11-22T09:08:00.351+0000] {logging_mixin.py:137} INFO - [2024-11-22T09:08:00.351+0000] {dagbag.py:538} INFO - Filling up the DagBag from /home/airflow/.local/lib/python3.7/site-packages/airflow/example_dags/example_sensor_decorator.py
[2024-11-22T09:08:00.366+0000] {processor.py:753} INFO - DAG(s) dict_keys(['example_sensor_decorator']) retrieved from /home/airflow/.local/lib/python3.7/site-packages/airflow/example_dags/example_sensor_decorator.py
[2024-11-22T09:08:00.388+0000] {logging_mixin.py:137} INFO - [2024-11-22T09:08:00.388+0000] {dag.py:2690} INFO - Sync 1 DAGs
[2024-11-22T09:08:00.407+0000] {logging_mixin.py:137} INFO - [2024-11-22T09:08:00.407+0000] {dag.py:3441} INFO - Setting next_dagrun for example_sensor_decorator to None, run_after=None
[2024-11-22T09:08:00.426+0000] {processor.py:175} INFO - Processing /home/airflow/.local/lib/python3.7/site-packages/airflow/example_dags/example_sensor_decorator.py took 0.082 seconds
[2024-11-22T09:08:31.437+0000] {processor.py:153} INFO - Started process (PID=1263) to work on /home/airflow/.local/lib/python3.7/site-packages/airflow/example_dags/example_sensor_decorator.py
[2024-11-22T09:08:31.438+0000] {processor.py:743} INFO - Processing file /home/airflow/.local/lib/python3.7/site-packages/airflow/example_dags/example_sensor_decorator.py for tasks to queue
[2024-11-22T09:08:31.438+0000] {logging_mixin.py:137} INFO - [2024-11-22T09:08:31.438+0000] {dagbag.py:538} INFO - Filling up the DagBag from /home/airflow/.local/lib/python3.7/site-packages/airflow/example_dags/example_sensor_decorator.py
[2024-11-22T09:08:31.448+0000] {processor.py:753} INFO - DAG(s) dict_keys(['example_sensor_decorator']) retrieved from /home/airflow/.local/lib/python3.7/site-packages/airflow/example_dags/example_sensor_decorator.py
[2024-11-22T09:08:31.462+0000] {logging_mixin.py:137} INFO - [2024-11-22T09:08:31.462+0000] {dag.py:2690} INFO - Sync 1 DAGs
[2024-11-22T09:08:31.474+0000] {logging_mixin.py:137} INFO - [2024-11-22T09:08:31.473+0000] {dag.py:3441} INFO - Setting next_dagrun for example_sensor_decorator to None, run_after=None
[2024-11-22T09:08:31.490+0000] {processor.py:175} INFO - Processing /home/airflow/.local/lib/python3.7/site-packages/airflow/example_dags/example_sensor_decorator.py took 0.056 seconds
[2024-11-22T09:09:02.123+0000] {processor.py:153} INFO - Started process (PID=1352) to work on /home/airflow/.local/lib/python3.7/site-packages/airflow/example_dags/example_sensor_decorator.py
[2024-11-22T09:09:02.124+0000] {processor.py:743} INFO - Processing file /home/airflow/.local/lib/python3.7/site-packages/airflow/example_dags/example_sensor_decorator.py for tasks to queue
[2024-11-22T09:09:02.125+0000] {logging_mixin.py:137} INFO - [2024-11-22T09:09:02.125+0000] {dagbag.py:538} INFO - Filling up the DagBag from /home/airflow/.local/lib/python3.7/site-packages/airflow/example_dags/example_sensor_decorator.py
[2024-11-22T09:09:02.142+0000] {processor.py:753} INFO - DAG(s) dict_keys(['example_sensor_decorator']) retrieved from /home/airflow/.local/lib/python3.7/site-packages/airflow/example_dags/example_sensor_decorator.py
[2024-11-22T09:09:02.162+0000] {logging_mixin.py:137} INFO - [2024-11-22T09:09:02.162+0000] {dag.py:2690} INFO - Sync 1 DAGs
[2024-11-22T09:09:02.178+0000] {logging_mixin.py:137} INFO - [2024-11-22T09:09:02.178+0000] {dag.py:3441} INFO - Setting next_dagrun for example_sensor_decorator to None, run_after=None
[2024-11-22T09:09:02.189+0000] {processor.py:175} INFO - Processing /home/airflow/.local/lib/python3.7/site-packages/airflow/example_dags/example_sensor_decorator.py took 0.071 seconds
[2024-11-22T09:09:32.303+0000] {processor.py:153} INFO - Started process (PID=1442) to work on /home/airflow/.local/lib/python3.7/site-packages/airflow/example_dags/example_sensor_decorator.py
[2024-11-22T09:09:32.304+0000] {processor.py:743} INFO - Processing file /home/airflow/.local/lib/python3.7/site-packages/airflow/example_dags/example_sensor_decorator.py for tasks to queue
[2024-11-22T09:09:32.304+0000] {logging_mixin.py:137} INFO - [2024-11-22T09:09:32.304+0000] {dagbag.py:538} INFO - Filling up the DagBag from /home/airflow/.local/lib/python3.7/site-packages/airflow/example_dags/example_sensor_decorator.py
[2024-11-22T09:09:32.315+0000] {processor.py:753} INFO - DAG(s) dict_keys(['example_sensor_decorator']) retrieved from /home/airflow/.local/lib/python3.7/site-packages/airflow/example_dags/example_sensor_decorator.py
[2024-11-22T09:09:32.327+0000] {logging_mixin.py:137} INFO - [2024-11-22T09:09:32.327+0000] {dag.py:2690} INFO - Sync 1 DAGs
[2024-11-22T09:09:32.338+0000] {logging_mixin.py:137} INFO - [2024-11-22T09:09:32.338+0000] {dag.py:3441} INFO - Setting next_dagrun for example_sensor_decorator to None, run_after=None
[2024-11-22T09:09:32.345+0000] {processor.py:175} INFO - Processing /home/airflow/.local/lib/python3.7/site-packages/airflow/example_dags/example_sensor_decorator.py took 0.044 seconds
