[2024-11-22T07:41:16.041+0000] {processor.py:153} INFO - Started process (PID=88) to work on /home/airflow/.local/lib/python3.7/site-packages/airflow/example_dags/example_nested_branch_dag.py
[2024-11-22T07:41:16.042+0000] {processor.py:743} INFO - Processing file /home/airflow/.local/lib/python3.7/site-packages/airflow/example_dags/example_nested_branch_dag.py for tasks to queue
[2024-11-22T07:41:16.043+0000] {logging_mixin.py:137} INFO - [2024-11-22T07:41:16.043+0000] {dagbag.py:538} INFO - Filling up the DagBag from /home/airflow/.local/lib/python3.7/site-packages/airflow/example_dags/example_nested_branch_dag.py
[2024-11-22T07:41:16.060+0000] {processor.py:753} INFO - DAG(s) dict_keys(['example_nested_branch_dag']) retrieved from /home/airflow/.local/lib/python3.7/site-packages/airflow/example_dags/example_nested_branch_dag.py
[2024-11-22T07:41:16.136+0000] {logging_mixin.py:137} INFO - [2024-11-22T07:41:16.135+0000] {manager.py:504} INFO - Created Permission View: can read on DAG:example_nested_branch_dag
[2024-11-22T07:41:16.146+0000] {logging_mixin.py:137} INFO - [2024-11-22T07:41:16.146+0000] {manager.py:504} INFO - Created Permission View: can edit on DAG:example_nested_branch_dag
[2024-11-22T07:41:16.155+0000] {logging_mixin.py:137} INFO - [2024-11-22T07:41:16.155+0000] {manager.py:504} INFO - Created Permission View: can delete on DAG:example_nested_branch_dag
[2024-11-22T07:41:16.156+0000] {logging_mixin.py:137} INFO - [2024-11-22T07:41:16.156+0000] {dag.py:2690} INFO - Sync 1 DAGs
[2024-11-22T07:41:16.167+0000] {logging_mixin.py:137} INFO - [2024-11-22T07:41:16.167+0000] {dag.py:2711} INFO - Creating ORM DAG for example_nested_branch_dag
[2024-11-22T07:41:16.181+0000] {logging_mixin.py:137} INFO - [2024-11-22T07:41:16.181+0000] {dag.py:3441} INFO - Setting next_dagrun for example_nested_branch_dag to 2024-11-21T00:00:00+00:00, run_after=2024-11-22T00:00:00+00:00
[2024-11-22T07:41:16.211+0000] {processor.py:175} INFO - Processing /home/airflow/.local/lib/python3.7/site-packages/airflow/example_dags/example_nested_branch_dag.py took 0.172 seconds
[2024-11-22T07:41:46.617+0000] {processor.py:153} INFO - Started process (PID=159) to work on /home/airflow/.local/lib/python3.7/site-packages/airflow/example_dags/example_nested_branch_dag.py
[2024-11-22T07:41:46.618+0000] {processor.py:743} INFO - Processing file /home/airflow/.local/lib/python3.7/site-packages/airflow/example_dags/example_nested_branch_dag.py for tasks to queue
[2024-11-22T07:41:46.620+0000] {logging_mixin.py:137} INFO - [2024-11-22T07:41:46.619+0000] {dagbag.py:538} INFO - Filling up the DagBag from /home/airflow/.local/lib/python3.7/site-packages/airflow/example_dags/example_nested_branch_dag.py
[2024-11-22T07:41:46.641+0000] {processor.py:753} INFO - DAG(s) dict_keys(['example_nested_branch_dag']) retrieved from /home/airflow/.local/lib/python3.7/site-packages/airflow/example_dags/example_nested_branch_dag.py
[2024-11-22T07:41:46.661+0000] {logging_mixin.py:137} INFO - [2024-11-22T07:41:46.661+0000] {dag.py:2690} INFO - Sync 1 DAGs
[2024-11-22T07:41:46.680+0000] {logging_mixin.py:137} INFO - [2024-11-22T07:41:46.680+0000] {dag.py:3441} INFO - Setting next_dagrun for example_nested_branch_dag to 2024-11-21T00:00:00+00:00, run_after=2024-11-22T00:00:00+00:00
[2024-11-22T07:41:46.699+0000] {processor.py:175} INFO - Processing /home/airflow/.local/lib/python3.7/site-packages/airflow/example_dags/example_nested_branch_dag.py took 0.085 seconds
[2024-11-22T07:42:17.493+0000] {processor.py:153} INFO - Started process (PID=246) to work on /home/airflow/.local/lib/python3.7/site-packages/airflow/example_dags/example_nested_branch_dag.py
[2024-11-22T07:42:17.493+0000] {processor.py:743} INFO - Processing file /home/airflow/.local/lib/python3.7/site-packages/airflow/example_dags/example_nested_branch_dag.py for tasks to queue
[2024-11-22T07:42:17.494+0000] {logging_mixin.py:137} INFO - [2024-11-22T07:42:17.494+0000] {dagbag.py:538} INFO - Filling up the DagBag from /home/airflow/.local/lib/python3.7/site-packages/airflow/example_dags/example_nested_branch_dag.py
[2024-11-22T07:42:17.509+0000] {processor.py:753} INFO - DAG(s) dict_keys(['example_nested_branch_dag']) retrieved from /home/airflow/.local/lib/python3.7/site-packages/airflow/example_dags/example_nested_branch_dag.py
[2024-11-22T07:42:17.530+0000] {logging_mixin.py:137} INFO - [2024-11-22T07:42:17.530+0000] {dag.py:2690} INFO - Sync 1 DAGs
[2024-11-22T07:42:17.547+0000] {logging_mixin.py:137} INFO - [2024-11-22T07:42:17.547+0000] {dag.py:3441} INFO - Setting next_dagrun for example_nested_branch_dag to 2024-11-21T00:00:00+00:00, run_after=2024-11-22T00:00:00+00:00
[2024-11-22T07:42:17.560+0000] {processor.py:175} INFO - Processing /home/airflow/.local/lib/python3.7/site-packages/airflow/example_dags/example_nested_branch_dag.py took 0.069 seconds
[2024-11-22T07:42:48.413+0000] {processor.py:153} INFO - Started process (PID=333) to work on /home/airflow/.local/lib/python3.7/site-packages/airflow/example_dags/example_nested_branch_dag.py
[2024-11-22T07:42:48.414+0000] {processor.py:743} INFO - Processing file /home/airflow/.local/lib/python3.7/site-packages/airflow/example_dags/example_nested_branch_dag.py for tasks to queue
[2024-11-22T07:42:48.415+0000] {logging_mixin.py:137} INFO - [2024-11-22T07:42:48.415+0000] {dagbag.py:538} INFO - Filling up the DagBag from /home/airflow/.local/lib/python3.7/site-packages/airflow/example_dags/example_nested_branch_dag.py
[2024-11-22T07:42:48.433+0000] {processor.py:753} INFO - DAG(s) dict_keys(['example_nested_branch_dag']) retrieved from /home/airflow/.local/lib/python3.7/site-packages/airflow/example_dags/example_nested_branch_dag.py
[2024-11-22T07:42:48.456+0000] {logging_mixin.py:137} INFO - [2024-11-22T07:42:48.456+0000] {dag.py:2690} INFO - Sync 1 DAGs
[2024-11-22T07:42:48.477+0000] {logging_mixin.py:137} INFO - [2024-11-22T07:42:48.476+0000] {dag.py:3441} INFO - Setting next_dagrun for example_nested_branch_dag to 2024-11-21T00:00:00+00:00, run_after=2024-11-22T00:00:00+00:00
[2024-11-22T07:42:48.496+0000] {processor.py:175} INFO - Processing /home/airflow/.local/lib/python3.7/site-packages/airflow/example_dags/example_nested_branch_dag.py took 0.085 seconds
[2024-11-22T07:43:18.565+0000] {processor.py:153} INFO - Started process (PID=404) to work on /home/airflow/.local/lib/python3.7/site-packages/airflow/example_dags/example_nested_branch_dag.py
[2024-11-22T07:43:18.566+0000] {processor.py:743} INFO - Processing file /home/airflow/.local/lib/python3.7/site-packages/airflow/example_dags/example_nested_branch_dag.py for tasks to queue
[2024-11-22T07:43:18.566+0000] {logging_mixin.py:137} INFO - [2024-11-22T07:43:18.566+0000] {dagbag.py:538} INFO - Filling up the DagBag from /home/airflow/.local/lib/python3.7/site-packages/airflow/example_dags/example_nested_branch_dag.py
[2024-11-22T07:43:18.579+0000] {processor.py:753} INFO - DAG(s) dict_keys(['example_nested_branch_dag']) retrieved from /home/airflow/.local/lib/python3.7/site-packages/airflow/example_dags/example_nested_branch_dag.py
[2024-11-22T07:43:18.597+0000] {logging_mixin.py:137} INFO - [2024-11-22T07:43:18.597+0000] {dag.py:2690} INFO - Sync 1 DAGs
[2024-11-22T07:43:18.610+0000] {logging_mixin.py:137} INFO - [2024-11-22T07:43:18.610+0000] {dag.py:3441} INFO - Setting next_dagrun for example_nested_branch_dag to 2024-11-21T00:00:00+00:00, run_after=2024-11-22T00:00:00+00:00
[2024-11-22T07:43:18.622+0000] {processor.py:175} INFO - Processing /home/airflow/.local/lib/python3.7/site-packages/airflow/example_dags/example_nested_branch_dag.py took 0.059 seconds
[2024-11-22T07:43:48.745+0000] {processor.py:153} INFO - Started process (PID=491) to work on /home/airflow/.local/lib/python3.7/site-packages/airflow/example_dags/example_nested_branch_dag.py
[2024-11-22T07:43:48.746+0000] {processor.py:743} INFO - Processing file /home/airflow/.local/lib/python3.7/site-packages/airflow/example_dags/example_nested_branch_dag.py for tasks to queue
[2024-11-22T07:43:48.746+0000] {logging_mixin.py:137} INFO - [2024-11-22T07:43:48.746+0000] {dagbag.py:538} INFO - Filling up the DagBag from /home/airflow/.local/lib/python3.7/site-packages/airflow/example_dags/example_nested_branch_dag.py
[2024-11-22T07:43:48.759+0000] {processor.py:753} INFO - DAG(s) dict_keys(['example_nested_branch_dag']) retrieved from /home/airflow/.local/lib/python3.7/site-packages/airflow/example_dags/example_nested_branch_dag.py
[2024-11-22T07:43:48.773+0000] {logging_mixin.py:137} INFO - [2024-11-22T07:43:48.773+0000] {dag.py:2690} INFO - Sync 1 DAGs
[2024-11-22T07:43:48.787+0000] {logging_mixin.py:137} INFO - [2024-11-22T07:43:48.787+0000] {dag.py:3441} INFO - Setting next_dagrun for example_nested_branch_dag to 2024-11-21T00:00:00+00:00, run_after=2024-11-22T00:00:00+00:00
[2024-11-22T07:43:48.800+0000] {processor.py:175} INFO - Processing /home/airflow/.local/lib/python3.7/site-packages/airflow/example_dags/example_nested_branch_dag.py took 0.056 seconds
[2024-11-22T07:44:19.055+0000] {processor.py:153} INFO - Started process (PID=561) to work on /home/airflow/.local/lib/python3.7/site-packages/airflow/example_dags/example_nested_branch_dag.py
[2024-11-22T07:44:19.057+0000] {processor.py:743} INFO - Processing file /home/airflow/.local/lib/python3.7/site-packages/airflow/example_dags/example_nested_branch_dag.py for tasks to queue
[2024-11-22T07:44:19.061+0000] {logging_mixin.py:137} INFO - [2024-11-22T07:44:19.060+0000] {dagbag.py:538} INFO - Filling up the DagBag from /home/airflow/.local/lib/python3.7/site-packages/airflow/example_dags/example_nested_branch_dag.py
[2024-11-22T07:44:19.074+0000] {processor.py:753} INFO - DAG(s) dict_keys(['example_nested_branch_dag']) retrieved from /home/airflow/.local/lib/python3.7/site-packages/airflow/example_dags/example_nested_branch_dag.py
[2024-11-22T07:44:19.104+0000] {logging_mixin.py:137} INFO - [2024-11-22T07:44:19.104+0000] {dag.py:2690} INFO - Sync 1 DAGs
[2024-11-22T07:44:19.125+0000] {logging_mixin.py:137} INFO - [2024-11-22T07:44:19.124+0000] {dag.py:3441} INFO - Setting next_dagrun for example_nested_branch_dag to 2024-11-21T00:00:00+00:00, run_after=2024-11-22T00:00:00+00:00
[2024-11-22T07:44:19.149+0000] {processor.py:175} INFO - Processing /home/airflow/.local/lib/python3.7/site-packages/airflow/example_dags/example_nested_branch_dag.py took 0.096 seconds
[2024-11-22T07:44:50.048+0000] {processor.py:153} INFO - Started process (PID=648) to work on /home/airflow/.local/lib/python3.7/site-packages/airflow/example_dags/example_nested_branch_dag.py
[2024-11-22T07:44:50.048+0000] {processor.py:743} INFO - Processing file /home/airflow/.local/lib/python3.7/site-packages/airflow/example_dags/example_nested_branch_dag.py for tasks to queue
[2024-11-22T07:44:50.049+0000] {logging_mixin.py:137} INFO - [2024-11-22T07:44:50.049+0000] {dagbag.py:538} INFO - Filling up the DagBag from /home/airflow/.local/lib/python3.7/site-packages/airflow/example_dags/example_nested_branch_dag.py
[2024-11-22T07:44:50.063+0000] {processor.py:753} INFO - DAG(s) dict_keys(['example_nested_branch_dag']) retrieved from /home/airflow/.local/lib/python3.7/site-packages/airflow/example_dags/example_nested_branch_dag.py
[2024-11-22T07:44:50.078+0000] {logging_mixin.py:137} INFO - [2024-11-22T07:44:50.078+0000] {dag.py:2690} INFO - Sync 1 DAGs
[2024-11-22T07:44:50.093+0000] {logging_mixin.py:137} INFO - [2024-11-22T07:44:50.093+0000] {dag.py:3441} INFO - Setting next_dagrun for example_nested_branch_dag to 2024-11-21T00:00:00+00:00, run_after=2024-11-22T00:00:00+00:00
[2024-11-22T07:44:50.111+0000] {processor.py:175} INFO - Processing /home/airflow/.local/lib/python3.7/site-packages/airflow/example_dags/example_nested_branch_dag.py took 0.065 seconds
[2024-11-22T07:45:20.155+0000] {processor.py:153} INFO - Started process (PID=735) to work on /home/airflow/.local/lib/python3.7/site-packages/airflow/example_dags/example_nested_branch_dag.py
[2024-11-22T07:45:20.156+0000] {processor.py:743} INFO - Processing file /home/airflow/.local/lib/python3.7/site-packages/airflow/example_dags/example_nested_branch_dag.py for tasks to queue
[2024-11-22T07:45:20.156+0000] {logging_mixin.py:137} INFO - [2024-11-22T07:45:20.156+0000] {dagbag.py:538} INFO - Filling up the DagBag from /home/airflow/.local/lib/python3.7/site-packages/airflow/example_dags/example_nested_branch_dag.py
[2024-11-22T07:45:20.166+0000] {processor.py:753} INFO - DAG(s) dict_keys(['example_nested_branch_dag']) retrieved from /home/airflow/.local/lib/python3.7/site-packages/airflow/example_dags/example_nested_branch_dag.py
[2024-11-22T07:45:20.177+0000] {logging_mixin.py:137} INFO - [2024-11-22T07:45:20.177+0000] {dag.py:2690} INFO - Sync 1 DAGs
[2024-11-22T07:45:20.187+0000] {logging_mixin.py:137} INFO - [2024-11-22T07:45:20.187+0000] {dag.py:3441} INFO - Setting next_dagrun for example_nested_branch_dag to 2024-11-21T00:00:00+00:00, run_after=2024-11-22T00:00:00+00:00
[2024-11-22T07:45:20.195+0000] {processor.py:175} INFO - Processing /home/airflow/.local/lib/python3.7/site-packages/airflow/example_dags/example_nested_branch_dag.py took 0.041 seconds
[2024-11-22T07:45:51.140+0000] {processor.py:153} INFO - Started process (PID=815) to work on /home/airflow/.local/lib/python3.7/site-packages/airflow/example_dags/example_nested_branch_dag.py
[2024-11-22T07:45:51.142+0000] {processor.py:743} INFO - Processing file /home/airflow/.local/lib/python3.7/site-packages/airflow/example_dags/example_nested_branch_dag.py for tasks to queue
[2024-11-22T07:45:51.142+0000] {logging_mixin.py:137} INFO - [2024-11-22T07:45:51.142+0000] {dagbag.py:538} INFO - Filling up the DagBag from /home/airflow/.local/lib/python3.7/site-packages/airflow/example_dags/example_nested_branch_dag.py
[2024-11-22T07:45:51.156+0000] {processor.py:753} INFO - DAG(s) dict_keys(['example_nested_branch_dag']) retrieved from /home/airflow/.local/lib/python3.7/site-packages/airflow/example_dags/example_nested_branch_dag.py
[2024-11-22T07:45:51.178+0000] {logging_mixin.py:137} INFO - [2024-11-22T07:45:51.178+0000] {dag.py:2690} INFO - Sync 1 DAGs
[2024-11-22T07:45:51.197+0000] {logging_mixin.py:137} INFO - [2024-11-22T07:45:51.197+0000] {dag.py:3441} INFO - Setting next_dagrun for example_nested_branch_dag to 2024-11-21T00:00:00+00:00, run_after=2024-11-22T00:00:00+00:00
[2024-11-22T07:45:51.210+0000] {processor.py:175} INFO - Processing /home/airflow/.local/lib/python3.7/site-packages/airflow/example_dags/example_nested_branch_dag.py took 0.072 seconds
[2024-11-22T07:46:21.949+0000] {processor.py:153} INFO - Started process (PID=893) to work on /home/airflow/.local/lib/python3.7/site-packages/airflow/example_dags/example_nested_branch_dag.py
[2024-11-22T07:46:21.951+0000] {processor.py:743} INFO - Processing file /home/airflow/.local/lib/python3.7/site-packages/airflow/example_dags/example_nested_branch_dag.py for tasks to queue
[2024-11-22T07:46:21.952+0000] {logging_mixin.py:137} INFO - [2024-11-22T07:46:21.952+0000] {dagbag.py:538} INFO - Filling up the DagBag from /home/airflow/.local/lib/python3.7/site-packages/airflow/example_dags/example_nested_branch_dag.py
[2024-11-22T07:46:21.970+0000] {processor.py:753} INFO - DAG(s) dict_keys(['example_nested_branch_dag']) retrieved from /home/airflow/.local/lib/python3.7/site-packages/airflow/example_dags/example_nested_branch_dag.py
[2024-11-22T07:46:21.988+0000] {logging_mixin.py:137} INFO - [2024-11-22T07:46:21.988+0000] {dag.py:2690} INFO - Sync 1 DAGs
[2024-11-22T07:46:22.013+0000] {logging_mixin.py:137} INFO - [2024-11-22T07:46:22.013+0000] {dag.py:3441} INFO - Setting next_dagrun for example_nested_branch_dag to 2024-11-21T00:00:00+00:00, run_after=2024-11-22T00:00:00+00:00
[2024-11-22T07:46:22.031+0000] {processor.py:175} INFO - Processing /home/airflow/.local/lib/python3.7/site-packages/airflow/example_dags/example_nested_branch_dag.py took 0.085 seconds
[2024-11-22T07:46:52.233+0000] {processor.py:153} INFO - Started process (PID=980) to work on /home/airflow/.local/lib/python3.7/site-packages/airflow/example_dags/example_nested_branch_dag.py
[2024-11-22T07:46:52.234+0000] {processor.py:743} INFO - Processing file /home/airflow/.local/lib/python3.7/site-packages/airflow/example_dags/example_nested_branch_dag.py for tasks to queue
[2024-11-22T07:46:52.235+0000] {logging_mixin.py:137} INFO - [2024-11-22T07:46:52.235+0000] {dagbag.py:538} INFO - Filling up the DagBag from /home/airflow/.local/lib/python3.7/site-packages/airflow/example_dags/example_nested_branch_dag.py
[2024-11-22T07:46:52.255+0000] {processor.py:753} INFO - DAG(s) dict_keys(['example_nested_branch_dag']) retrieved from /home/airflow/.local/lib/python3.7/site-packages/airflow/example_dags/example_nested_branch_dag.py
[2024-11-22T07:46:52.274+0000] {logging_mixin.py:137} INFO - [2024-11-22T07:46:52.274+0000] {dag.py:2690} INFO - Sync 1 DAGs
[2024-11-22T07:46:52.290+0000] {logging_mixin.py:137} INFO - [2024-11-22T07:46:52.290+0000] {dag.py:3441} INFO - Setting next_dagrun for example_nested_branch_dag to 2024-11-21T00:00:00+00:00, run_after=2024-11-22T00:00:00+00:00
[2024-11-22T07:46:52.299+0000] {processor.py:175} INFO - Processing /home/airflow/.local/lib/python3.7/site-packages/airflow/example_dags/example_nested_branch_dag.py took 0.069 seconds
[2024-11-22T07:47:22.765+0000] {processor.py:153} INFO - Started process (PID=1052) to work on /home/airflow/.local/lib/python3.7/site-packages/airflow/example_dags/example_nested_branch_dag.py
[2024-11-22T07:47:22.766+0000] {processor.py:743} INFO - Processing file /home/airflow/.local/lib/python3.7/site-packages/airflow/example_dags/example_nested_branch_dag.py for tasks to queue
[2024-11-22T07:47:22.766+0000] {logging_mixin.py:137} INFO - [2024-11-22T07:47:22.766+0000] {dagbag.py:538} INFO - Filling up the DagBag from /home/airflow/.local/lib/python3.7/site-packages/airflow/example_dags/example_nested_branch_dag.py
[2024-11-22T07:47:22.786+0000] {processor.py:753} INFO - DAG(s) dict_keys(['example_nested_branch_dag']) retrieved from /home/airflow/.local/lib/python3.7/site-packages/airflow/example_dags/example_nested_branch_dag.py
[2024-11-22T07:47:22.805+0000] {logging_mixin.py:137} INFO - [2024-11-22T07:47:22.805+0000] {dag.py:2690} INFO - Sync 1 DAGs
[2024-11-22T07:47:22.817+0000] {logging_mixin.py:137} INFO - [2024-11-22T07:47:22.816+0000] {dag.py:3441} INFO - Setting next_dagrun for example_nested_branch_dag to 2024-11-21T00:00:00+00:00, run_after=2024-11-22T00:00:00+00:00
[2024-11-22T07:47:22.824+0000] {processor.py:175} INFO - Processing /home/airflow/.local/lib/python3.7/site-packages/airflow/example_dags/example_nested_branch_dag.py took 0.061 seconds
[2024-11-22T07:47:53.552+0000] {processor.py:153} INFO - Started process (PID=1138) to work on /home/airflow/.local/lib/python3.7/site-packages/airflow/example_dags/example_nested_branch_dag.py
[2024-11-22T07:47:53.552+0000] {processor.py:743} INFO - Processing file /home/airflow/.local/lib/python3.7/site-packages/airflow/example_dags/example_nested_branch_dag.py for tasks to queue
[2024-11-22T07:47:53.553+0000] {logging_mixin.py:137} INFO - [2024-11-22T07:47:53.553+0000] {dagbag.py:538} INFO - Filling up the DagBag from /home/airflow/.local/lib/python3.7/site-packages/airflow/example_dags/example_nested_branch_dag.py
[2024-11-22T07:47:53.566+0000] {processor.py:753} INFO - DAG(s) dict_keys(['example_nested_branch_dag']) retrieved from /home/airflow/.local/lib/python3.7/site-packages/airflow/example_dags/example_nested_branch_dag.py
[2024-11-22T07:47:53.580+0000] {logging_mixin.py:137} INFO - [2024-11-22T07:47:53.580+0000] {dag.py:2690} INFO - Sync 1 DAGs
[2024-11-22T07:47:53.594+0000] {logging_mixin.py:137} INFO - [2024-11-22T07:47:53.594+0000] {dag.py:3441} INFO - Setting next_dagrun for example_nested_branch_dag to 2024-11-21T00:00:00+00:00, run_after=2024-11-22T00:00:00+00:00
[2024-11-22T07:47:53.601+0000] {processor.py:175} INFO - Processing /home/airflow/.local/lib/python3.7/site-packages/airflow/example_dags/example_nested_branch_dag.py took 0.052 seconds
[2024-11-22T07:48:23.901+0000] {processor.py:153} INFO - Started process (PID=1214) to work on /home/airflow/.local/lib/python3.7/site-packages/airflow/example_dags/example_nested_branch_dag.py
[2024-11-22T07:48:23.901+0000] {processor.py:743} INFO - Processing file /home/airflow/.local/lib/python3.7/site-packages/airflow/example_dags/example_nested_branch_dag.py for tasks to queue
[2024-11-22T07:48:23.902+0000] {logging_mixin.py:137} INFO - [2024-11-22T07:48:23.902+0000] {dagbag.py:538} INFO - Filling up the DagBag from /home/airflow/.local/lib/python3.7/site-packages/airflow/example_dags/example_nested_branch_dag.py
[2024-11-22T07:48:23.915+0000] {processor.py:753} INFO - DAG(s) dict_keys(['example_nested_branch_dag']) retrieved from /home/airflow/.local/lib/python3.7/site-packages/airflow/example_dags/example_nested_branch_dag.py
[2024-11-22T07:48:23.932+0000] {logging_mixin.py:137} INFO - [2024-11-22T07:48:23.931+0000] {dag.py:2690} INFO - Sync 1 DAGs
[2024-11-22T07:48:23.942+0000] {logging_mixin.py:137} INFO - [2024-11-22T07:48:23.942+0000] {dag.py:3441} INFO - Setting next_dagrun for example_nested_branch_dag to 2024-11-21T00:00:00+00:00, run_after=2024-11-22T00:00:00+00:00
[2024-11-22T07:48:23.950+0000] {processor.py:175} INFO - Processing /home/airflow/.local/lib/python3.7/site-packages/airflow/example_dags/example_nested_branch_dag.py took 0.051 seconds
[2024-11-22T07:48:54.871+0000] {processor.py:153} INFO - Started process (PID=1302) to work on /home/airflow/.local/lib/python3.7/site-packages/airflow/example_dags/example_nested_branch_dag.py
[2024-11-22T07:48:54.872+0000] {processor.py:743} INFO - Processing file /home/airflow/.local/lib/python3.7/site-packages/airflow/example_dags/example_nested_branch_dag.py for tasks to queue
[2024-11-22T07:48:54.872+0000] {logging_mixin.py:137} INFO - [2024-11-22T07:48:54.872+0000] {dagbag.py:538} INFO - Filling up the DagBag from /home/airflow/.local/lib/python3.7/site-packages/airflow/example_dags/example_nested_branch_dag.py
[2024-11-22T07:48:54.884+0000] {processor.py:753} INFO - DAG(s) dict_keys(['example_nested_branch_dag']) retrieved from /home/airflow/.local/lib/python3.7/site-packages/airflow/example_dags/example_nested_branch_dag.py
[2024-11-22T07:48:54.897+0000] {logging_mixin.py:137} INFO - [2024-11-22T07:48:54.896+0000] {dag.py:2690} INFO - Sync 1 DAGs
[2024-11-22T07:48:54.906+0000] {logging_mixin.py:137} INFO - [2024-11-22T07:48:54.906+0000] {dag.py:3441} INFO - Setting next_dagrun for example_nested_branch_dag to 2024-11-21T00:00:00+00:00, run_after=2024-11-22T00:00:00+00:00
[2024-11-22T07:48:54.914+0000] {processor.py:175} INFO - Processing /home/airflow/.local/lib/python3.7/site-packages/airflow/example_dags/example_nested_branch_dag.py took 0.044 seconds
