[2024-11-22T07:41:04.614+0000] {processor.py:153} INFO - Started process (PID=37) to work on /home/airflow/.local/lib/python3.7/site-packages/airflow/example_dags/example_branch_datetime_operator.py
[2024-11-22T07:41:04.615+0000] {processor.py:743} INFO - Processing file /home/airflow/.local/lib/python3.7/site-packages/airflow/example_dags/example_branch_datetime_operator.py for tasks to queue
[2024-11-22T07:41:04.616+0000] {logging_mixin.py:137} INFO - [2024-11-22T07:41:04.616+0000] {dagbag.py:538} INFO - Filling up the DagBag from /home/airflow/.local/lib/python3.7/site-packages/airflow/example_dags/example_branch_datetime_operator.py
[2024-11-22T07:41:04.662+0000] {processor.py:753} INFO - DAG(s) dict_keys(['example_branch_datetime_operator_3', 'example_branch_datetime_operator_2', 'example_branch_datetime_operator']) retrieved from /home/airflow/.local/lib/python3.7/site-packages/airflow/example_dags/example_branch_datetime_operator.py
[2024-11-22T07:41:05.000+0000] {logging_mixin.py:137} INFO - [2024-11-22T07:41:04.999+0000] {manager.py:504} INFO - Created Permission View: can read on DAG:example_branch_datetime_operator_3
[2024-11-22T07:41:05.024+0000] {logging_mixin.py:137} INFO - [2024-11-22T07:41:05.024+0000] {manager.py:504} INFO - Created Permission View: can edit on DAG:example_branch_datetime_operator_3
[2024-11-22T07:41:05.045+0000] {logging_mixin.py:137} INFO - [2024-11-22T07:41:05.044+0000] {manager.py:504} INFO - Created Permission View: can delete on DAG:example_branch_datetime_operator_3
[2024-11-22T07:41:05.071+0000] {logging_mixin.py:137} INFO - [2024-11-22T07:41:05.070+0000] {manager.py:504} INFO - Created Permission View: can read on DAG:example_branch_datetime_operator_2
[2024-11-22T07:41:05.084+0000] {logging_mixin.py:137} INFO - [2024-11-22T07:41:05.083+0000] {manager.py:504} INFO - Created Permission View: can edit on DAG:example_branch_datetime_operator_2
[2024-11-22T07:41:05.095+0000] {logging_mixin.py:137} INFO - [2024-11-22T07:41:05.095+0000] {manager.py:504} INFO - Created Permission View: can delete on DAG:example_branch_datetime_operator_2
[2024-11-22T07:41:05.175+0000] {logging_mixin.py:137} INFO - [2024-11-22T07:41:05.174+0000] {manager.py:504} INFO - Created Permission View: can read on DAG:example_branch_datetime_operator
[2024-11-22T07:41:05.200+0000] {logging_mixin.py:137} INFO - [2024-11-22T07:41:05.199+0000] {manager.py:504} INFO - Created Permission View: can edit on DAG:example_branch_datetime_operator
[2024-11-22T07:41:05.227+0000] {logging_mixin.py:137} INFO - [2024-11-22T07:41:05.227+0000] {manager.py:504} INFO - Created Permission View: can delete on DAG:example_branch_datetime_operator
[2024-11-22T07:41:05.232+0000] {logging_mixin.py:137} INFO - [2024-11-22T07:41:05.231+0000] {dag.py:2690} INFO - Sync 3 DAGs
[2024-11-22T07:41:05.248+0000] {logging_mixin.py:137} INFO - [2024-11-22T07:41:05.248+0000] {dag.py:2711} INFO - Creating ORM DAG for example_branch_datetime_operator_3
[2024-11-22T07:41:05.249+0000] {logging_mixin.py:137} INFO - [2024-11-22T07:41:05.249+0000] {dag.py:2711} INFO - Creating ORM DAG for example_branch_datetime_operator_2
[2024-11-22T07:41:05.250+0000] {logging_mixin.py:137} INFO - [2024-11-22T07:41:05.250+0000] {dag.py:2711} INFO - Creating ORM DAG for example_branch_datetime_operator
[2024-11-22T07:41:05.266+0000] {logging_mixin.py:137} INFO - [2024-11-22T07:41:05.266+0000] {dag.py:3441} INFO - Setting next_dagrun for example_branch_datetime_operator to 2024-11-21T00:00:00+00:00, run_after=2024-11-22T00:00:00+00:00
[2024-11-22T07:41:05.269+0000] {logging_mixin.py:137} INFO - [2024-11-22T07:41:05.269+0000] {dag.py:3441} INFO - Setting next_dagrun for example_branch_datetime_operator_2 to 2024-11-21T00:00:00+00:00, run_after=2024-11-22T00:00:00+00:00
[2024-11-22T07:41:05.273+0000] {logging_mixin.py:137} INFO - [2024-11-22T07:41:05.273+0000] {dag.py:3441} INFO - Setting next_dagrun for example_branch_datetime_operator_3 to 2024-11-21T00:00:00+00:00, run_after=2024-11-22T00:00:00+00:00
[2024-11-22T07:41:05.323+0000] {processor.py:175} INFO - Processing /home/airflow/.local/lib/python3.7/site-packages/airflow/example_dags/example_branch_datetime_operator.py took 0.713 seconds
[2024-11-22T07:41:35.538+0000] {processor.py:153} INFO - Started process (PID=117) to work on /home/airflow/.local/lib/python3.7/site-packages/airflow/example_dags/example_branch_datetime_operator.py
[2024-11-22T07:41:35.563+0000] {processor.py:743} INFO - Processing file /home/airflow/.local/lib/python3.7/site-packages/airflow/example_dags/example_branch_datetime_operator.py for tasks to queue
[2024-11-22T07:41:35.586+0000] {logging_mixin.py:137} INFO - [2024-11-22T07:41:35.582+0000] {dagbag.py:538} INFO - Filling up the DagBag from /home/airflow/.local/lib/python3.7/site-packages/airflow/example_dags/example_branch_datetime_operator.py
[2024-11-22T07:41:35.850+0000] {processor.py:753} INFO - DAG(s) dict_keys(['example_branch_datetime_operator_2', 'example_branch_datetime_operator_3', 'example_branch_datetime_operator']) retrieved from /home/airflow/.local/lib/python3.7/site-packages/airflow/example_dags/example_branch_datetime_operator.py
[2024-11-22T07:41:36.060+0000] {logging_mixin.py:137} INFO - [2024-11-22T07:41:36.058+0000] {dag.py:2690} INFO - Sync 3 DAGs
[2024-11-22T07:41:36.151+0000] {logging_mixin.py:137} INFO - [2024-11-22T07:41:36.151+0000] {dag.py:3441} INFO - Setting next_dagrun for example_branch_datetime_operator to 2024-11-21T00:00:00+00:00, run_after=2024-11-22T00:00:00+00:00
[2024-11-22T07:41:36.164+0000] {logging_mixin.py:137} INFO - [2024-11-22T07:41:36.164+0000] {dag.py:3441} INFO - Setting next_dagrun for example_branch_datetime_operator_2 to 2024-11-21T00:00:00+00:00, run_after=2024-11-22T00:00:00+00:00
[2024-11-22T07:41:36.170+0000] {logging_mixin.py:137} INFO - [2024-11-22T07:41:36.170+0000] {dag.py:3441} INFO - Setting next_dagrun for example_branch_datetime_operator_3 to 2024-11-21T00:00:00+00:00, run_after=2024-11-22T00:00:00+00:00
[2024-11-22T07:41:36.246+0000] {processor.py:175} INFO - Processing /home/airflow/.local/lib/python3.7/site-packages/airflow/example_dags/example_branch_datetime_operator.py took 0.729 seconds
[2024-11-22T07:42:06.446+0000] {processor.py:153} INFO - Started process (PID=195) to work on /home/airflow/.local/lib/python3.7/site-packages/airflow/example_dags/example_branch_datetime_operator.py
[2024-11-22T07:42:06.447+0000] {processor.py:743} INFO - Processing file /home/airflow/.local/lib/python3.7/site-packages/airflow/example_dags/example_branch_datetime_operator.py for tasks to queue
[2024-11-22T07:42:06.451+0000] {logging_mixin.py:137} INFO - [2024-11-22T07:42:06.450+0000] {dagbag.py:538} INFO - Filling up the DagBag from /home/airflow/.local/lib/python3.7/site-packages/airflow/example_dags/example_branch_datetime_operator.py
[2024-11-22T07:42:06.469+0000] {processor.py:753} INFO - DAG(s) dict_keys(['example_branch_datetime_operator_2', 'example_branch_datetime_operator_3', 'example_branch_datetime_operator']) retrieved from /home/airflow/.local/lib/python3.7/site-packages/airflow/example_dags/example_branch_datetime_operator.py
[2024-11-22T07:42:06.491+0000] {logging_mixin.py:137} INFO - [2024-11-22T07:42:06.491+0000] {dag.py:2690} INFO - Sync 3 DAGs
[2024-11-22T07:42:06.513+0000] {logging_mixin.py:137} INFO - [2024-11-22T07:42:06.513+0000] {dag.py:3441} INFO - Setting next_dagrun for example_branch_datetime_operator to 2024-11-21T00:00:00+00:00, run_after=2024-11-22T00:00:00+00:00
[2024-11-22T07:42:06.518+0000] {logging_mixin.py:137} INFO - [2024-11-22T07:42:06.518+0000] {dag.py:3441} INFO - Setting next_dagrun for example_branch_datetime_operator_2 to 2024-11-21T00:00:00+00:00, run_after=2024-11-22T00:00:00+00:00
[2024-11-22T07:42:06.520+0000] {logging_mixin.py:137} INFO - [2024-11-22T07:42:06.520+0000] {dag.py:3441} INFO - Setting next_dagrun for example_branch_datetime_operator_3 to 2024-11-21T00:00:00+00:00, run_after=2024-11-22T00:00:00+00:00
[2024-11-22T07:42:06.535+0000] {processor.py:175} INFO - Processing /home/airflow/.local/lib/python3.7/site-packages/airflow/example_dags/example_branch_datetime_operator.py took 0.092 seconds
[2024-11-22T07:42:36.807+0000] {processor.py:153} INFO - Started process (PID=282) to work on /home/airflow/.local/lib/python3.7/site-packages/airflow/example_dags/example_branch_datetime_operator.py
[2024-11-22T07:42:36.811+0000] {processor.py:743} INFO - Processing file /home/airflow/.local/lib/python3.7/site-packages/airflow/example_dags/example_branch_datetime_operator.py for tasks to queue
[2024-11-22T07:42:36.812+0000] {logging_mixin.py:137} INFO - [2024-11-22T07:42:36.812+0000] {dagbag.py:538} INFO - Filling up the DagBag from /home/airflow/.local/lib/python3.7/site-packages/airflow/example_dags/example_branch_datetime_operator.py
[2024-11-22T07:42:36.841+0000] {processor.py:753} INFO - DAG(s) dict_keys(['example_branch_datetime_operator', 'example_branch_datetime_operator_3', 'example_branch_datetime_operator_2']) retrieved from /home/airflow/.local/lib/python3.7/site-packages/airflow/example_dags/example_branch_datetime_operator.py
[2024-11-22T07:42:36.904+0000] {logging_mixin.py:137} INFO - [2024-11-22T07:42:36.904+0000] {dag.py:2690} INFO - Sync 3 DAGs
[2024-11-22T07:42:36.932+0000] {logging_mixin.py:137} INFO - [2024-11-22T07:42:36.932+0000] {dag.py:3441} INFO - Setting next_dagrun for example_branch_datetime_operator to 2024-11-21T00:00:00+00:00, run_after=2024-11-22T00:00:00+00:00
[2024-11-22T07:42:36.936+0000] {logging_mixin.py:137} INFO - [2024-11-22T07:42:36.936+0000] {dag.py:3441} INFO - Setting next_dagrun for example_branch_datetime_operator_2 to 2024-11-21T00:00:00+00:00, run_after=2024-11-22T00:00:00+00:00
[2024-11-22T07:42:36.939+0000] {logging_mixin.py:137} INFO - [2024-11-22T07:42:36.939+0000] {dag.py:3441} INFO - Setting next_dagrun for example_branch_datetime_operator_3 to 2024-11-21T00:00:00+00:00, run_after=2024-11-22T00:00:00+00:00
[2024-11-22T07:42:36.959+0000] {processor.py:175} INFO - Processing /home/airflow/.local/lib/python3.7/site-packages/airflow/example_dags/example_branch_datetime_operator.py took 0.161 seconds
[2024-11-22T07:43:07.842+0000] {processor.py:153} INFO - Started process (PID=353) to work on /home/airflow/.local/lib/python3.7/site-packages/airflow/example_dags/example_branch_datetime_operator.py
[2024-11-22T07:43:07.845+0000] {processor.py:743} INFO - Processing file /home/airflow/.local/lib/python3.7/site-packages/airflow/example_dags/example_branch_datetime_operator.py for tasks to queue
[2024-11-22T07:43:07.846+0000] {logging_mixin.py:137} INFO - [2024-11-22T07:43:07.846+0000] {dagbag.py:538} INFO - Filling up the DagBag from /home/airflow/.local/lib/python3.7/site-packages/airflow/example_dags/example_branch_datetime_operator.py
[2024-11-22T07:43:07.883+0000] {processor.py:753} INFO - DAG(s) dict_keys(['example_branch_datetime_operator_2', 'example_branch_datetime_operator_3', 'example_branch_datetime_operator']) retrieved from /home/airflow/.local/lib/python3.7/site-packages/airflow/example_dags/example_branch_datetime_operator.py
[2024-11-22T07:43:07.932+0000] {logging_mixin.py:137} INFO - [2024-11-22T07:43:07.932+0000] {dag.py:2690} INFO - Sync 3 DAGs
[2024-11-22T07:43:07.963+0000] {logging_mixin.py:137} INFO - [2024-11-22T07:43:07.963+0000] {dag.py:3441} INFO - Setting next_dagrun for example_branch_datetime_operator to 2024-11-21T00:00:00+00:00, run_after=2024-11-22T00:00:00+00:00
[2024-11-22T07:43:07.967+0000] {logging_mixin.py:137} INFO - [2024-11-22T07:43:07.967+0000] {dag.py:3441} INFO - Setting next_dagrun for example_branch_datetime_operator_2 to 2024-11-21T00:00:00+00:00, run_after=2024-11-22T00:00:00+00:00
[2024-11-22T07:43:07.972+0000] {logging_mixin.py:137} INFO - [2024-11-22T07:43:07.971+0000] {dag.py:3441} INFO - Setting next_dagrun for example_branch_datetime_operator_3 to 2024-11-21T00:00:00+00:00, run_after=2024-11-22T00:00:00+00:00
[2024-11-22T07:43:07.986+0000] {processor.py:175} INFO - Processing /home/airflow/.local/lib/python3.7/site-packages/airflow/example_dags/example_branch_datetime_operator.py took 0.155 seconds
[2024-11-22T07:43:38.834+0000] {processor.py:153} INFO - Started process (PID=440) to work on /home/airflow/.local/lib/python3.7/site-packages/airflow/example_dags/example_branch_datetime_operator.py
[2024-11-22T07:43:38.836+0000] {processor.py:743} INFO - Processing file /home/airflow/.local/lib/python3.7/site-packages/airflow/example_dags/example_branch_datetime_operator.py for tasks to queue
[2024-11-22T07:43:38.836+0000] {logging_mixin.py:137} INFO - [2024-11-22T07:43:38.836+0000] {dagbag.py:538} INFO - Filling up the DagBag from /home/airflow/.local/lib/python3.7/site-packages/airflow/example_dags/example_branch_datetime_operator.py
[2024-11-22T07:43:38.861+0000] {processor.py:753} INFO - DAG(s) dict_keys(['example_branch_datetime_operator_2', 'example_branch_datetime_operator_3', 'example_branch_datetime_operator']) retrieved from /home/airflow/.local/lib/python3.7/site-packages/airflow/example_dags/example_branch_datetime_operator.py
[2024-11-22T07:43:38.891+0000] {logging_mixin.py:137} INFO - [2024-11-22T07:43:38.891+0000] {dag.py:2690} INFO - Sync 3 DAGs
[2024-11-22T07:43:38.908+0000] {logging_mixin.py:137} INFO - [2024-11-22T07:43:38.908+0000] {dag.py:3441} INFO - Setting next_dagrun for example_branch_datetime_operator to 2024-11-21T00:00:00+00:00, run_after=2024-11-22T00:00:00+00:00
[2024-11-22T07:43:38.911+0000] {logging_mixin.py:137} INFO - [2024-11-22T07:43:38.911+0000] {dag.py:3441} INFO - Setting next_dagrun for example_branch_datetime_operator_2 to 2024-11-21T00:00:00+00:00, run_after=2024-11-22T00:00:00+00:00
[2024-11-22T07:43:38.916+0000] {logging_mixin.py:137} INFO - [2024-11-22T07:43:38.916+0000] {dag.py:3441} INFO - Setting next_dagrun for example_branch_datetime_operator_3 to 2024-11-21T00:00:00+00:00, run_after=2024-11-22T00:00:00+00:00
[2024-11-22T07:43:38.936+0000] {processor.py:175} INFO - Processing /home/airflow/.local/lib/python3.7/site-packages/airflow/example_dags/example_branch_datetime_operator.py took 0.109 seconds
[2024-11-22T07:44:09.142+0000] {processor.py:153} INFO - Started process (PID=527) to work on /home/airflow/.local/lib/python3.7/site-packages/airflow/example_dags/example_branch_datetime_operator.py
[2024-11-22T07:44:09.143+0000] {processor.py:743} INFO - Processing file /home/airflow/.local/lib/python3.7/site-packages/airflow/example_dags/example_branch_datetime_operator.py for tasks to queue
[2024-11-22T07:44:09.144+0000] {logging_mixin.py:137} INFO - [2024-11-22T07:44:09.144+0000] {dagbag.py:538} INFO - Filling up the DagBag from /home/airflow/.local/lib/python3.7/site-packages/airflow/example_dags/example_branch_datetime_operator.py
[2024-11-22T07:44:09.162+0000] {processor.py:753} INFO - DAG(s) dict_keys(['example_branch_datetime_operator_2', 'example_branch_datetime_operator_3', 'example_branch_datetime_operator']) retrieved from /home/airflow/.local/lib/python3.7/site-packages/airflow/example_dags/example_branch_datetime_operator.py
[2024-11-22T07:44:09.195+0000] {logging_mixin.py:137} INFO - [2024-11-22T07:44:09.195+0000] {dag.py:2690} INFO - Sync 3 DAGs
[2024-11-22T07:44:09.217+0000] {logging_mixin.py:137} INFO - [2024-11-22T07:44:09.217+0000] {dag.py:3441} INFO - Setting next_dagrun for example_branch_datetime_operator to 2024-11-21T00:00:00+00:00, run_after=2024-11-22T00:00:00+00:00
[2024-11-22T07:44:09.222+0000] {logging_mixin.py:137} INFO - [2024-11-22T07:44:09.222+0000] {dag.py:3441} INFO - Setting next_dagrun for example_branch_datetime_operator_2 to 2024-11-21T00:00:00+00:00, run_after=2024-11-22T00:00:00+00:00
[2024-11-22T07:44:09.228+0000] {logging_mixin.py:137} INFO - [2024-11-22T07:44:09.228+0000] {dag.py:3441} INFO - Setting next_dagrun for example_branch_datetime_operator_3 to 2024-11-21T00:00:00+00:00, run_after=2024-11-22T00:00:00+00:00
[2024-11-22T07:44:09.251+0000] {processor.py:175} INFO - Processing /home/airflow/.local/lib/python3.7/site-packages/airflow/example_dags/example_branch_datetime_operator.py took 0.113 seconds
[2024-11-22T07:44:39.512+0000] {processor.py:153} INFO - Started process (PID=597) to work on /home/airflow/.local/lib/python3.7/site-packages/airflow/example_dags/example_branch_datetime_operator.py
[2024-11-22T07:44:39.515+0000] {processor.py:743} INFO - Processing file /home/airflow/.local/lib/python3.7/site-packages/airflow/example_dags/example_branch_datetime_operator.py for tasks to queue
[2024-11-22T07:44:39.516+0000] {logging_mixin.py:137} INFO - [2024-11-22T07:44:39.516+0000] {dagbag.py:538} INFO - Filling up the DagBag from /home/airflow/.local/lib/python3.7/site-packages/airflow/example_dags/example_branch_datetime_operator.py
[2024-11-22T07:44:39.545+0000] {processor.py:753} INFO - DAG(s) dict_keys(['example_branch_datetime_operator_3', 'example_branch_datetime_operator_2', 'example_branch_datetime_operator']) retrieved from /home/airflow/.local/lib/python3.7/site-packages/airflow/example_dags/example_branch_datetime_operator.py
[2024-11-22T07:44:39.582+0000] {logging_mixin.py:137} INFO - [2024-11-22T07:44:39.582+0000] {dag.py:2690} INFO - Sync 3 DAGs
[2024-11-22T07:44:39.606+0000] {logging_mixin.py:137} INFO - [2024-11-22T07:44:39.606+0000] {dag.py:3441} INFO - Setting next_dagrun for example_branch_datetime_operator to 2024-11-21T00:00:00+00:00, run_after=2024-11-22T00:00:00+00:00
[2024-11-22T07:44:39.611+0000] {logging_mixin.py:137} INFO - [2024-11-22T07:44:39.610+0000] {dag.py:3441} INFO - Setting next_dagrun for example_branch_datetime_operator_2 to 2024-11-21T00:00:00+00:00, run_after=2024-11-22T00:00:00+00:00
[2024-11-22T07:44:39.612+0000] {logging_mixin.py:137} INFO - [2024-11-22T07:44:39.612+0000] {dag.py:3441} INFO - Setting next_dagrun for example_branch_datetime_operator_3 to 2024-11-21T00:00:00+00:00, run_after=2024-11-22T00:00:00+00:00
[2024-11-22T07:44:39.627+0000] {processor.py:175} INFO - Processing /home/airflow/.local/lib/python3.7/site-packages/airflow/example_dags/example_branch_datetime_operator.py took 0.121 seconds
[2024-11-22T07:45:10.426+0000] {processor.py:153} INFO - Started process (PID=684) to work on /home/airflow/.local/lib/python3.7/site-packages/airflow/example_dags/example_branch_datetime_operator.py
[2024-11-22T07:45:10.428+0000] {processor.py:743} INFO - Processing file /home/airflow/.local/lib/python3.7/site-packages/airflow/example_dags/example_branch_datetime_operator.py for tasks to queue
[2024-11-22T07:45:10.429+0000] {logging_mixin.py:137} INFO - [2024-11-22T07:45:10.429+0000] {dagbag.py:538} INFO - Filling up the DagBag from /home/airflow/.local/lib/python3.7/site-packages/airflow/example_dags/example_branch_datetime_operator.py
[2024-11-22T07:45:10.450+0000] {processor.py:753} INFO - DAG(s) dict_keys(['example_branch_datetime_operator_2', 'example_branch_datetime_operator', 'example_branch_datetime_operator_3']) retrieved from /home/airflow/.local/lib/python3.7/site-packages/airflow/example_dags/example_branch_datetime_operator.py
[2024-11-22T07:45:10.476+0000] {logging_mixin.py:137} INFO - [2024-11-22T07:45:10.476+0000] {dag.py:2690} INFO - Sync 3 DAGs
[2024-11-22T07:45:10.495+0000] {logging_mixin.py:137} INFO - [2024-11-22T07:45:10.495+0000] {dag.py:3441} INFO - Setting next_dagrun for example_branch_datetime_operator to 2024-11-21T00:00:00+00:00, run_after=2024-11-22T00:00:00+00:00
[2024-11-22T07:45:10.497+0000] {logging_mixin.py:137} INFO - [2024-11-22T07:45:10.497+0000] {dag.py:3441} INFO - Setting next_dagrun for example_branch_datetime_operator_2 to 2024-11-21T00:00:00+00:00, run_after=2024-11-22T00:00:00+00:00
[2024-11-22T07:45:10.499+0000] {logging_mixin.py:137} INFO - [2024-11-22T07:45:10.499+0000] {dag.py:3441} INFO - Setting next_dagrun for example_branch_datetime_operator_3 to 2024-11-21T00:00:00+00:00, run_after=2024-11-22T00:00:00+00:00
[2024-11-22T07:45:10.511+0000] {processor.py:175} INFO - Processing /home/airflow/.local/lib/python3.7/site-packages/airflow/example_dags/example_branch_datetime_operator.py took 0.091 seconds
[2024-11-22T07:45:41.495+0000] {processor.py:153} INFO - Started process (PID=771) to work on /home/airflow/.local/lib/python3.7/site-packages/airflow/example_dags/example_branch_datetime_operator.py
[2024-11-22T07:45:41.497+0000] {processor.py:743} INFO - Processing file /home/airflow/.local/lib/python3.7/site-packages/airflow/example_dags/example_branch_datetime_operator.py for tasks to queue
[2024-11-22T07:45:41.499+0000] {logging_mixin.py:137} INFO - [2024-11-22T07:45:41.499+0000] {dagbag.py:538} INFO - Filling up the DagBag from /home/airflow/.local/lib/python3.7/site-packages/airflow/example_dags/example_branch_datetime_operator.py
[2024-11-22T07:45:41.520+0000] {processor.py:753} INFO - DAG(s) dict_keys(['example_branch_datetime_operator', 'example_branch_datetime_operator_3', 'example_branch_datetime_operator_2']) retrieved from /home/airflow/.local/lib/python3.7/site-packages/airflow/example_dags/example_branch_datetime_operator.py
[2024-11-22T07:45:41.549+0000] {logging_mixin.py:137} INFO - [2024-11-22T07:45:41.549+0000] {dag.py:2690} INFO - Sync 3 DAGs
[2024-11-22T07:45:41.563+0000] {logging_mixin.py:137} INFO - [2024-11-22T07:45:41.563+0000] {dag.py:3441} INFO - Setting next_dagrun for example_branch_datetime_operator to 2024-11-21T00:00:00+00:00, run_after=2024-11-22T00:00:00+00:00
[2024-11-22T07:45:41.567+0000] {logging_mixin.py:137} INFO - [2024-11-22T07:45:41.567+0000] {dag.py:3441} INFO - Setting next_dagrun for example_branch_datetime_operator_2 to 2024-11-21T00:00:00+00:00, run_after=2024-11-22T00:00:00+00:00
[2024-11-22T07:45:41.569+0000] {logging_mixin.py:137} INFO - [2024-11-22T07:45:41.569+0000] {dag.py:3441} INFO - Setting next_dagrun for example_branch_datetime_operator_3 to 2024-11-21T00:00:00+00:00, run_after=2024-11-22T00:00:00+00:00
[2024-11-22T07:45:41.587+0000] {processor.py:175} INFO - Processing /home/airflow/.local/lib/python3.7/site-packages/airflow/example_dags/example_branch_datetime_operator.py took 0.098 seconds
[2024-11-22T07:46:12.513+0000] {processor.py:153} INFO - Started process (PID=842) to work on /home/airflow/.local/lib/python3.7/site-packages/airflow/example_dags/example_branch_datetime_operator.py
[2024-11-22T07:46:12.515+0000] {processor.py:743} INFO - Processing file /home/airflow/.local/lib/python3.7/site-packages/airflow/example_dags/example_branch_datetime_operator.py for tasks to queue
[2024-11-22T07:46:12.516+0000] {logging_mixin.py:137} INFO - [2024-11-22T07:46:12.516+0000] {dagbag.py:538} INFO - Filling up the DagBag from /home/airflow/.local/lib/python3.7/site-packages/airflow/example_dags/example_branch_datetime_operator.py
[2024-11-22T07:46:12.536+0000] {processor.py:753} INFO - DAG(s) dict_keys(['example_branch_datetime_operator_2', 'example_branch_datetime_operator_3', 'example_branch_datetime_operator']) retrieved from /home/airflow/.local/lib/python3.7/site-packages/airflow/example_dags/example_branch_datetime_operator.py
[2024-11-22T07:46:12.564+0000] {logging_mixin.py:137} INFO - [2024-11-22T07:46:12.563+0000] {dag.py:2690} INFO - Sync 3 DAGs
[2024-11-22T07:46:12.581+0000] {logging_mixin.py:137} INFO - [2024-11-22T07:46:12.581+0000] {dag.py:3441} INFO - Setting next_dagrun for example_branch_datetime_operator to 2024-11-21T00:00:00+00:00, run_after=2024-11-22T00:00:00+00:00
[2024-11-22T07:46:12.584+0000] {logging_mixin.py:137} INFO - [2024-11-22T07:46:12.584+0000] {dag.py:3441} INFO - Setting next_dagrun for example_branch_datetime_operator_2 to 2024-11-21T00:00:00+00:00, run_after=2024-11-22T00:00:00+00:00
[2024-11-22T07:46:12.587+0000] {logging_mixin.py:137} INFO - [2024-11-22T07:46:12.587+0000] {dag.py:3441} INFO - Setting next_dagrun for example_branch_datetime_operator_3 to 2024-11-21T00:00:00+00:00, run_after=2024-11-22T00:00:00+00:00
[2024-11-22T07:46:12.599+0000] {processor.py:175} INFO - Processing /home/airflow/.local/lib/python3.7/site-packages/airflow/example_dags/example_branch_datetime_operator.py took 0.092 seconds
[2024-11-22T07:46:43.342+0000] {processor.py:153} INFO - Started process (PID=929) to work on /home/airflow/.local/lib/python3.7/site-packages/airflow/example_dags/example_branch_datetime_operator.py
[2024-11-22T07:46:43.343+0000] {processor.py:743} INFO - Processing file /home/airflow/.local/lib/python3.7/site-packages/airflow/example_dags/example_branch_datetime_operator.py for tasks to queue
[2024-11-22T07:46:43.344+0000] {logging_mixin.py:137} INFO - [2024-11-22T07:46:43.344+0000] {dagbag.py:538} INFO - Filling up the DagBag from /home/airflow/.local/lib/python3.7/site-packages/airflow/example_dags/example_branch_datetime_operator.py
[2024-11-22T07:46:43.364+0000] {processor.py:753} INFO - DAG(s) dict_keys(['example_branch_datetime_operator_3', 'example_branch_datetime_operator_2', 'example_branch_datetime_operator']) retrieved from /home/airflow/.local/lib/python3.7/site-packages/airflow/example_dags/example_branch_datetime_operator.py
[2024-11-22T07:46:43.401+0000] {logging_mixin.py:137} INFO - [2024-11-22T07:46:43.401+0000] {dag.py:2690} INFO - Sync 3 DAGs
[2024-11-22T07:46:43.420+0000] {logging_mixin.py:137} INFO - [2024-11-22T07:46:43.420+0000] {dag.py:3441} INFO - Setting next_dagrun for example_branch_datetime_operator to 2024-11-21T00:00:00+00:00, run_after=2024-11-22T00:00:00+00:00
[2024-11-22T07:46:43.424+0000] {logging_mixin.py:137} INFO - [2024-11-22T07:46:43.424+0000] {dag.py:3441} INFO - Setting next_dagrun for example_branch_datetime_operator_2 to 2024-11-21T00:00:00+00:00, run_after=2024-11-22T00:00:00+00:00
[2024-11-22T07:46:43.425+0000] {logging_mixin.py:137} INFO - [2024-11-22T07:46:43.425+0000] {dag.py:3441} INFO - Setting next_dagrun for example_branch_datetime_operator_3 to 2024-11-21T00:00:00+00:00, run_after=2024-11-22T00:00:00+00:00
[2024-11-22T07:46:43.444+0000] {processor.py:175} INFO - Processing /home/airflow/.local/lib/python3.7/site-packages/airflow/example_dags/example_branch_datetime_operator.py took 0.107 seconds
[2024-11-22T07:47:14.058+0000] {processor.py:153} INFO - Started process (PID=1017) to work on /home/airflow/.local/lib/python3.7/site-packages/airflow/example_dags/example_branch_datetime_operator.py
[2024-11-22T07:47:14.062+0000] {processor.py:743} INFO - Processing file /home/airflow/.local/lib/python3.7/site-packages/airflow/example_dags/example_branch_datetime_operator.py for tasks to queue
[2024-11-22T07:47:14.065+0000] {logging_mixin.py:137} INFO - [2024-11-22T07:47:14.064+0000] {dagbag.py:538} INFO - Filling up the DagBag from /home/airflow/.local/lib/python3.7/site-packages/airflow/example_dags/example_branch_datetime_operator.py
[2024-11-22T07:47:14.383+0000] {processor.py:753} INFO - DAG(s) dict_keys(['example_branch_datetime_operator_2', 'example_branch_datetime_operator', 'example_branch_datetime_operator_3']) retrieved from /home/airflow/.local/lib/python3.7/site-packages/airflow/example_dags/example_branch_datetime_operator.py
[2024-11-22T07:47:14.722+0000] {logging_mixin.py:137} INFO - [2024-11-22T07:47:14.718+0000] {dag.py:2690} INFO - Sync 3 DAGs
[2024-11-22T07:47:15.181+0000] {logging_mixin.py:137} INFO - [2024-11-22T07:47:15.178+0000] {dag.py:3441} INFO - Setting next_dagrun for example_branch_datetime_operator to 2024-11-21T00:00:00+00:00, run_after=2024-11-22T00:00:00+00:00
[2024-11-22T07:47:15.264+0000] {logging_mixin.py:137} INFO - [2024-11-22T07:47:15.256+0000] {dag.py:3441} INFO - Setting next_dagrun for example_branch_datetime_operator_2 to 2024-11-21T00:00:00+00:00, run_after=2024-11-22T00:00:00+00:00
[2024-11-22T07:47:15.274+0000] {logging_mixin.py:137} INFO - [2024-11-22T07:47:15.274+0000] {dag.py:3441} INFO - Setting next_dagrun for example_branch_datetime_operator_3 to 2024-11-21T00:00:00+00:00, run_after=2024-11-22T00:00:00+00:00
[2024-11-22T07:47:15.419+0000] {processor.py:175} INFO - Processing /home/airflow/.local/lib/python3.7/site-packages/airflow/example_dags/example_branch_datetime_operator.py took 1.390 seconds
[2024-11-22T07:47:46.138+0000] {processor.py:153} INFO - Started process (PID=1088) to work on /home/airflow/.local/lib/python3.7/site-packages/airflow/example_dags/example_branch_datetime_operator.py
[2024-11-22T07:47:46.139+0000] {processor.py:743} INFO - Processing file /home/airflow/.local/lib/python3.7/site-packages/airflow/example_dags/example_branch_datetime_operator.py for tasks to queue
[2024-11-22T07:47:46.141+0000] {logging_mixin.py:137} INFO - [2024-11-22T07:47:46.141+0000] {dagbag.py:538} INFO - Filling up the DagBag from /home/airflow/.local/lib/python3.7/site-packages/airflow/example_dags/example_branch_datetime_operator.py
[2024-11-22T07:47:46.159+0000] {processor.py:753} INFO - DAG(s) dict_keys(['example_branch_datetime_operator_3', 'example_branch_datetime_operator_2', 'example_branch_datetime_operator']) retrieved from /home/airflow/.local/lib/python3.7/site-packages/airflow/example_dags/example_branch_datetime_operator.py
[2024-11-22T07:47:46.188+0000] {logging_mixin.py:137} INFO - [2024-11-22T07:47:46.188+0000] {dag.py:2690} INFO - Sync 3 DAGs
[2024-11-22T07:47:46.207+0000] {logging_mixin.py:137} INFO - [2024-11-22T07:47:46.207+0000] {dag.py:3441} INFO - Setting next_dagrun for example_branch_datetime_operator to 2024-11-21T00:00:00+00:00, run_after=2024-11-22T00:00:00+00:00
[2024-11-22T07:47:46.210+0000] {logging_mixin.py:137} INFO - [2024-11-22T07:47:46.210+0000] {dag.py:3441} INFO - Setting next_dagrun for example_branch_datetime_operator_2 to 2024-11-21T00:00:00+00:00, run_after=2024-11-22T00:00:00+00:00
[2024-11-22T07:47:46.211+0000] {logging_mixin.py:137} INFO - [2024-11-22T07:47:46.211+0000] {dag.py:3441} INFO - Setting next_dagrun for example_branch_datetime_operator_3 to 2024-11-21T00:00:00+00:00, run_after=2024-11-22T00:00:00+00:00
[2024-11-22T07:47:46.227+0000] {processor.py:175} INFO - Processing /home/airflow/.local/lib/python3.7/site-packages/airflow/example_dags/example_branch_datetime_operator.py took 0.096 seconds
[2024-11-22T07:48:16.918+0000] {processor.py:153} INFO - Started process (PID=1179) to work on /home/airflow/.local/lib/python3.7/site-packages/airflow/example_dags/example_branch_datetime_operator.py
[2024-11-22T07:48:16.920+0000] {processor.py:743} INFO - Processing file /home/airflow/.local/lib/python3.7/site-packages/airflow/example_dags/example_branch_datetime_operator.py for tasks to queue
[2024-11-22T07:48:16.921+0000] {logging_mixin.py:137} INFO - [2024-11-22T07:48:16.921+0000] {dagbag.py:538} INFO - Filling up the DagBag from /home/airflow/.local/lib/python3.7/site-packages/airflow/example_dags/example_branch_datetime_operator.py
[2024-11-22T07:48:16.943+0000] {processor.py:753} INFO - DAG(s) dict_keys(['example_branch_datetime_operator_3', 'example_branch_datetime_operator_2', 'example_branch_datetime_operator']) retrieved from /home/airflow/.local/lib/python3.7/site-packages/airflow/example_dags/example_branch_datetime_operator.py
[2024-11-22T07:48:16.977+0000] {logging_mixin.py:137} INFO - [2024-11-22T07:48:16.977+0000] {dag.py:2690} INFO - Sync 3 DAGs
[2024-11-22T07:48:16.993+0000] {logging_mixin.py:137} INFO - [2024-11-22T07:48:16.993+0000] {dag.py:3441} INFO - Setting next_dagrun for example_branch_datetime_operator to 2024-11-21T00:00:00+00:00, run_after=2024-11-22T00:00:00+00:00
[2024-11-22T07:48:16.996+0000] {logging_mixin.py:137} INFO - [2024-11-22T07:48:16.996+0000] {dag.py:3441} INFO - Setting next_dagrun for example_branch_datetime_operator_2 to 2024-11-21T00:00:00+00:00, run_after=2024-11-22T00:00:00+00:00
[2024-11-22T07:48:16.997+0000] {logging_mixin.py:137} INFO - [2024-11-22T07:48:16.997+0000] {dag.py:3441} INFO - Setting next_dagrun for example_branch_datetime_operator_3 to 2024-11-21T00:00:00+00:00, run_after=2024-11-22T00:00:00+00:00
[2024-11-22T07:48:17.009+0000] {processor.py:175} INFO - Processing /home/airflow/.local/lib/python3.7/site-packages/airflow/example_dags/example_branch_datetime_operator.py took 0.096 seconds
[2024-11-22T07:48:47.224+0000] {processor.py:153} INFO - Started process (PID=1267) to work on /home/airflow/.local/lib/python3.7/site-packages/airflow/example_dags/example_branch_datetime_operator.py
[2024-11-22T07:48:47.230+0000] {processor.py:743} INFO - Processing file /home/airflow/.local/lib/python3.7/site-packages/airflow/example_dags/example_branch_datetime_operator.py for tasks to queue
[2024-11-22T07:48:47.231+0000] {logging_mixin.py:137} INFO - [2024-11-22T07:48:47.231+0000] {dagbag.py:538} INFO - Filling up the DagBag from /home/airflow/.local/lib/python3.7/site-packages/airflow/example_dags/example_branch_datetime_operator.py
[2024-11-22T07:48:47.270+0000] {processor.py:753} INFO - DAG(s) dict_keys(['example_branch_datetime_operator', 'example_branch_datetime_operator_3', 'example_branch_datetime_operator_2']) retrieved from /home/airflow/.local/lib/python3.7/site-packages/airflow/example_dags/example_branch_datetime_operator.py
[2024-11-22T07:48:47.320+0000] {logging_mixin.py:137} INFO - [2024-11-22T07:48:47.320+0000] {dag.py:2690} INFO - Sync 3 DAGs
[2024-11-22T07:48:47.365+0000] {logging_mixin.py:137} INFO - [2024-11-22T07:48:47.364+0000] {dag.py:3441} INFO - Setting next_dagrun for example_branch_datetime_operator to 2024-11-21T00:00:00+00:00, run_after=2024-11-22T00:00:00+00:00
[2024-11-22T07:48:47.369+0000] {logging_mixin.py:137} INFO - [2024-11-22T07:48:47.368+0000] {dag.py:3441} INFO - Setting next_dagrun for example_branch_datetime_operator_2 to 2024-11-21T00:00:00+00:00, run_after=2024-11-22T00:00:00+00:00
[2024-11-22T07:48:47.370+0000] {logging_mixin.py:137} INFO - [2024-11-22T07:48:47.370+0000] {dag.py:3441} INFO - Setting next_dagrun for example_branch_datetime_operator_3 to 2024-11-21T00:00:00+00:00, run_after=2024-11-22T00:00:00+00:00
[2024-11-22T07:48:47.401+0000] {processor.py:175} INFO - Processing /home/airflow/.local/lib/python3.7/site-packages/airflow/example_dags/example_branch_datetime_operator.py took 0.189 seconds
[2024-11-22T07:49:18.248+0000] {processor.py:153} INFO - Started process (PID=1338) to work on /home/airflow/.local/lib/python3.7/site-packages/airflow/example_dags/example_branch_datetime_operator.py
[2024-11-22T07:49:18.249+0000] {processor.py:743} INFO - Processing file /home/airflow/.local/lib/python3.7/site-packages/airflow/example_dags/example_branch_datetime_operator.py for tasks to queue
[2024-11-22T07:49:18.250+0000] {logging_mixin.py:137} INFO - [2024-11-22T07:49:18.250+0000] {dagbag.py:538} INFO - Filling up the DagBag from /home/airflow/.local/lib/python3.7/site-packages/airflow/example_dags/example_branch_datetime_operator.py
[2024-11-22T07:49:18.267+0000] {processor.py:753} INFO - DAG(s) dict_keys(['example_branch_datetime_operator_2', 'example_branch_datetime_operator', 'example_branch_datetime_operator_3']) retrieved from /home/airflow/.local/lib/python3.7/site-packages/airflow/example_dags/example_branch_datetime_operator.py
[2024-11-22T07:49:18.295+0000] {logging_mixin.py:137} INFO - [2024-11-22T07:49:18.295+0000] {dag.py:2690} INFO - Sync 3 DAGs
[2024-11-22T07:49:18.315+0000] {logging_mixin.py:137} INFO - [2024-11-22T07:49:18.315+0000] {dag.py:3441} INFO - Setting next_dagrun for example_branch_datetime_operator to 2024-11-21T00:00:00+00:00, run_after=2024-11-22T00:00:00+00:00
[2024-11-22T07:49:18.318+0000] {logging_mixin.py:137} INFO - [2024-11-22T07:49:18.318+0000] {dag.py:3441} INFO - Setting next_dagrun for example_branch_datetime_operator_2 to 2024-11-21T00:00:00+00:00, run_after=2024-11-22T00:00:00+00:00
[2024-11-22T07:49:18.320+0000] {logging_mixin.py:137} INFO - [2024-11-22T07:49:18.320+0000] {dag.py:3441} INFO - Setting next_dagrun for example_branch_datetime_operator_3 to 2024-11-21T00:00:00+00:00, run_after=2024-11-22T00:00:00+00:00
[2024-11-22T07:49:18.332+0000] {processor.py:175} INFO - Processing /home/airflow/.local/lib/python3.7/site-packages/airflow/example_dags/example_branch_datetime_operator.py took 0.088 seconds
[2024-11-22T07:49:49.159+0000] {processor.py:153} INFO - Started process (PID=1424) to work on /home/airflow/.local/lib/python3.7/site-packages/airflow/example_dags/example_branch_datetime_operator.py
[2024-11-22T07:49:49.160+0000] {processor.py:743} INFO - Processing file /home/airflow/.local/lib/python3.7/site-packages/airflow/example_dags/example_branch_datetime_operator.py for tasks to queue
[2024-11-22T07:49:49.161+0000] {logging_mixin.py:137} INFO - [2024-11-22T07:49:49.161+0000] {dagbag.py:538} INFO - Filling up the DagBag from /home/airflow/.local/lib/python3.7/site-packages/airflow/example_dags/example_branch_datetime_operator.py
[2024-11-22T07:49:49.183+0000] {processor.py:753} INFO - DAG(s) dict_keys(['example_branch_datetime_operator', 'example_branch_datetime_operator_2', 'example_branch_datetime_operator_3']) retrieved from /home/airflow/.local/lib/python3.7/site-packages/airflow/example_dags/example_branch_datetime_operator.py
[2024-11-22T07:49:49.215+0000] {logging_mixin.py:137} INFO - [2024-11-22T07:49:49.214+0000] {dag.py:2690} INFO - Sync 3 DAGs
[2024-11-22T07:49:49.232+0000] {logging_mixin.py:137} INFO - [2024-11-22T07:49:49.232+0000] {dag.py:3441} INFO - Setting next_dagrun for example_branch_datetime_operator to 2024-11-21T00:00:00+00:00, run_after=2024-11-22T00:00:00+00:00
[2024-11-22T07:49:49.235+0000] {logging_mixin.py:137} INFO - [2024-11-22T07:49:49.235+0000] {dag.py:3441} INFO - Setting next_dagrun for example_branch_datetime_operator_2 to 2024-11-21T00:00:00+00:00, run_after=2024-11-22T00:00:00+00:00
[2024-11-22T07:49:49.237+0000] {logging_mixin.py:137} INFO - [2024-11-22T07:49:49.237+0000] {dag.py:3441} INFO - Setting next_dagrun for example_branch_datetime_operator_3 to 2024-11-21T00:00:00+00:00, run_after=2024-11-22T00:00:00+00:00
[2024-11-22T07:49:49.250+0000] {processor.py:175} INFO - Processing /home/airflow/.local/lib/python3.7/site-packages/airflow/example_dags/example_branch_datetime_operator.py took 0.096 seconds
[2024-11-22T07:50:20.103+0000] {processor.py:153} INFO - Started process (PID=1511) to work on /home/airflow/.local/lib/python3.7/site-packages/airflow/example_dags/example_branch_datetime_operator.py
[2024-11-22T07:50:20.105+0000] {processor.py:743} INFO - Processing file /home/airflow/.local/lib/python3.7/site-packages/airflow/example_dags/example_branch_datetime_operator.py for tasks to queue
[2024-11-22T07:50:20.106+0000] {logging_mixin.py:137} INFO - [2024-11-22T07:50:20.106+0000] {dagbag.py:538} INFO - Filling up the DagBag from /home/airflow/.local/lib/python3.7/site-packages/airflow/example_dags/example_branch_datetime_operator.py
[2024-11-22T07:50:20.127+0000] {processor.py:753} INFO - DAG(s) dict_keys(['example_branch_datetime_operator', 'example_branch_datetime_operator_3', 'example_branch_datetime_operator_2']) retrieved from /home/airflow/.local/lib/python3.7/site-packages/airflow/example_dags/example_branch_datetime_operator.py
[2024-11-22T07:50:20.155+0000] {logging_mixin.py:137} INFO - [2024-11-22T07:50:20.155+0000] {dag.py:2690} INFO - Sync 3 DAGs
[2024-11-22T07:50:20.169+0000] {logging_mixin.py:137} INFO - [2024-11-22T07:50:20.169+0000] {dag.py:3441} INFO - Setting next_dagrun for example_branch_datetime_operator to 2024-11-21T00:00:00+00:00, run_after=2024-11-22T00:00:00+00:00
[2024-11-22T07:50:20.173+0000] {logging_mixin.py:137} INFO - [2024-11-22T07:50:20.173+0000] {dag.py:3441} INFO - Setting next_dagrun for example_branch_datetime_operator_2 to 2024-11-21T00:00:00+00:00, run_after=2024-11-22T00:00:00+00:00
[2024-11-22T07:50:20.175+0000] {logging_mixin.py:137} INFO - [2024-11-22T07:50:20.175+0000] {dag.py:3441} INFO - Setting next_dagrun for example_branch_datetime_operator_3 to 2024-11-21T00:00:00+00:00, run_after=2024-11-22T00:00:00+00:00
[2024-11-22T07:50:20.187+0000] {processor.py:175} INFO - Processing /home/airflow/.local/lib/python3.7/site-packages/airflow/example_dags/example_branch_datetime_operator.py took 0.089 seconds
[2024-11-22T07:50:50.420+0000] {processor.py:153} INFO - Started process (PID=1581) to work on /home/airflow/.local/lib/python3.7/site-packages/airflow/example_dags/example_branch_datetime_operator.py
[2024-11-22T07:50:50.425+0000] {processor.py:743} INFO - Processing file /home/airflow/.local/lib/python3.7/site-packages/airflow/example_dags/example_branch_datetime_operator.py for tasks to queue
[2024-11-22T07:50:50.427+0000] {logging_mixin.py:137} INFO - [2024-11-22T07:50:50.426+0000] {dagbag.py:538} INFO - Filling up the DagBag from /home/airflow/.local/lib/python3.7/site-packages/airflow/example_dags/example_branch_datetime_operator.py
[2024-11-22T07:50:50.464+0000] {processor.py:753} INFO - DAG(s) dict_keys(['example_branch_datetime_operator', 'example_branch_datetime_operator_3', 'example_branch_datetime_operator_2']) retrieved from /home/airflow/.local/lib/python3.7/site-packages/airflow/example_dags/example_branch_datetime_operator.py
[2024-11-22T07:50:50.529+0000] {logging_mixin.py:137} INFO - [2024-11-22T07:50:50.529+0000] {dag.py:2690} INFO - Sync 3 DAGs
[2024-11-22T07:50:50.556+0000] {logging_mixin.py:137} INFO - [2024-11-22T07:50:50.555+0000] {dag.py:3441} INFO - Setting next_dagrun for example_branch_datetime_operator to 2024-11-21T00:00:00+00:00, run_after=2024-11-22T00:00:00+00:00
[2024-11-22T07:50:50.562+0000] {logging_mixin.py:137} INFO - [2024-11-22T07:50:50.562+0000] {dag.py:3441} INFO - Setting next_dagrun for example_branch_datetime_operator_2 to 2024-11-21T00:00:00+00:00, run_after=2024-11-22T00:00:00+00:00
[2024-11-22T07:50:50.563+0000] {logging_mixin.py:137} INFO - [2024-11-22T07:50:50.563+0000] {dag.py:3441} INFO - Setting next_dagrun for example_branch_datetime_operator_3 to 2024-11-21T00:00:00+00:00, run_after=2024-11-22T00:00:00+00:00
[2024-11-22T07:50:50.582+0000] {processor.py:175} INFO - Processing /home/airflow/.local/lib/python3.7/site-packages/airflow/example_dags/example_branch_datetime_operator.py took 0.171 seconds
[2024-11-22T07:51:21.369+0000] {processor.py:153} INFO - Started process (PID=1668) to work on /home/airflow/.local/lib/python3.7/site-packages/airflow/example_dags/example_branch_datetime_operator.py
[2024-11-22T07:51:21.372+0000] {processor.py:743} INFO - Processing file /home/airflow/.local/lib/python3.7/site-packages/airflow/example_dags/example_branch_datetime_operator.py for tasks to queue
[2024-11-22T07:51:21.374+0000] {logging_mixin.py:137} INFO - [2024-11-22T07:51:21.374+0000] {dagbag.py:538} INFO - Filling up the DagBag from /home/airflow/.local/lib/python3.7/site-packages/airflow/example_dags/example_branch_datetime_operator.py
[2024-11-22T07:51:21.414+0000] {processor.py:753} INFO - DAG(s) dict_keys(['example_branch_datetime_operator_2', 'example_branch_datetime_operator', 'example_branch_datetime_operator_3']) retrieved from /home/airflow/.local/lib/python3.7/site-packages/airflow/example_dags/example_branch_datetime_operator.py
[2024-11-22T07:51:21.441+0000] {logging_mixin.py:137} INFO - [2024-11-22T07:51:21.441+0000] {dag.py:2690} INFO - Sync 3 DAGs
[2024-11-22T07:51:21.460+0000] {logging_mixin.py:137} INFO - [2024-11-22T07:51:21.460+0000] {dag.py:3441} INFO - Setting next_dagrun for example_branch_datetime_operator to 2024-11-21T00:00:00+00:00, run_after=2024-11-22T00:00:00+00:00
[2024-11-22T07:51:21.463+0000] {logging_mixin.py:137} INFO - [2024-11-22T07:51:21.463+0000] {dag.py:3441} INFO - Setting next_dagrun for example_branch_datetime_operator_2 to 2024-11-21T00:00:00+00:00, run_after=2024-11-22T00:00:00+00:00
[2024-11-22T07:51:21.464+0000] {logging_mixin.py:137} INFO - [2024-11-22T07:51:21.464+0000] {dag.py:3441} INFO - Setting next_dagrun for example_branch_datetime_operator_3 to 2024-11-21T00:00:00+00:00, run_after=2024-11-22T00:00:00+00:00
[2024-11-22T07:51:21.474+0000] {processor.py:175} INFO - Processing /home/airflow/.local/lib/python3.7/site-packages/airflow/example_dags/example_branch_datetime_operator.py took 0.111 seconds
[2024-11-22T07:51:51.557+0000] {processor.py:153} INFO - Started process (PID=1739) to work on /home/airflow/.local/lib/python3.7/site-packages/airflow/example_dags/example_branch_datetime_operator.py
[2024-11-22T07:51:51.559+0000] {processor.py:743} INFO - Processing file /home/airflow/.local/lib/python3.7/site-packages/airflow/example_dags/example_branch_datetime_operator.py for tasks to queue
[2024-11-22T07:51:51.560+0000] {logging_mixin.py:137} INFO - [2024-11-22T07:51:51.560+0000] {dagbag.py:538} INFO - Filling up the DagBag from /home/airflow/.local/lib/python3.7/site-packages/airflow/example_dags/example_branch_datetime_operator.py
[2024-11-22T07:51:51.601+0000] {processor.py:753} INFO - DAG(s) dict_keys(['example_branch_datetime_operator_3', 'example_branch_datetime_operator', 'example_branch_datetime_operator_2']) retrieved from /home/airflow/.local/lib/python3.7/site-packages/airflow/example_dags/example_branch_datetime_operator.py
[2024-11-22T07:51:51.647+0000] {logging_mixin.py:137} INFO - [2024-11-22T07:51:51.647+0000] {dag.py:2690} INFO - Sync 3 DAGs
[2024-11-22T07:51:51.678+0000] {logging_mixin.py:137} INFO - [2024-11-22T07:51:51.677+0000] {dag.py:3441} INFO - Setting next_dagrun for example_branch_datetime_operator to 2024-11-21T00:00:00+00:00, run_after=2024-11-22T00:00:00+00:00
[2024-11-22T07:51:51.682+0000] {logging_mixin.py:137} INFO - [2024-11-22T07:51:51.681+0000] {dag.py:3441} INFO - Setting next_dagrun for example_branch_datetime_operator_2 to 2024-11-21T00:00:00+00:00, run_after=2024-11-22T00:00:00+00:00
[2024-11-22T07:51:51.683+0000] {logging_mixin.py:137} INFO - [2024-11-22T07:51:51.683+0000] {dag.py:3441} INFO - Setting next_dagrun for example_branch_datetime_operator_3 to 2024-11-21T00:00:00+00:00, run_after=2024-11-22T00:00:00+00:00
[2024-11-22T07:51:51.703+0000] {processor.py:175} INFO - Processing /home/airflow/.local/lib/python3.7/site-packages/airflow/example_dags/example_branch_datetime_operator.py took 0.151 seconds
[2024-11-22T07:52:22.540+0000] {processor.py:153} INFO - Started process (PID=1826) to work on /home/airflow/.local/lib/python3.7/site-packages/airflow/example_dags/example_branch_datetime_operator.py
[2024-11-22T07:52:22.545+0000] {processor.py:743} INFO - Processing file /home/airflow/.local/lib/python3.7/site-packages/airflow/example_dags/example_branch_datetime_operator.py for tasks to queue
[2024-11-22T07:52:22.547+0000] {logging_mixin.py:137} INFO - [2024-11-22T07:52:22.547+0000] {dagbag.py:538} INFO - Filling up the DagBag from /home/airflow/.local/lib/python3.7/site-packages/airflow/example_dags/example_branch_datetime_operator.py
[2024-11-22T07:52:22.584+0000] {processor.py:753} INFO - DAG(s) dict_keys(['example_branch_datetime_operator_2', 'example_branch_datetime_operator', 'example_branch_datetime_operator_3']) retrieved from /home/airflow/.local/lib/python3.7/site-packages/airflow/example_dags/example_branch_datetime_operator.py
[2024-11-22T07:52:22.638+0000] {logging_mixin.py:137} INFO - [2024-11-22T07:52:22.638+0000] {dag.py:2690} INFO - Sync 3 DAGs
[2024-11-22T07:52:22.665+0000] {logging_mixin.py:137} INFO - [2024-11-22T07:52:22.665+0000] {dag.py:3441} INFO - Setting next_dagrun for example_branch_datetime_operator to 2024-11-21T00:00:00+00:00, run_after=2024-11-22T00:00:00+00:00
[2024-11-22T07:52:22.669+0000] {logging_mixin.py:137} INFO - [2024-11-22T07:52:22.668+0000] {dag.py:3441} INFO - Setting next_dagrun for example_branch_datetime_operator_2 to 2024-11-21T00:00:00+00:00, run_after=2024-11-22T00:00:00+00:00
[2024-11-22T07:52:22.670+0000] {logging_mixin.py:137} INFO - [2024-11-22T07:52:22.670+0000] {dag.py:3441} INFO - Setting next_dagrun for example_branch_datetime_operator_3 to 2024-11-21T00:00:00+00:00, run_after=2024-11-22T00:00:00+00:00
[2024-11-22T07:52:22.682+0000] {processor.py:175} INFO - Processing /home/airflow/.local/lib/python3.7/site-packages/airflow/example_dags/example_branch_datetime_operator.py took 0.153 seconds
[2024-11-22T07:52:53.130+0000] {processor.py:153} INFO - Started process (PID=1913) to work on /home/airflow/.local/lib/python3.7/site-packages/airflow/example_dags/example_branch_datetime_operator.py
[2024-11-22T07:52:53.132+0000] {processor.py:743} INFO - Processing file /home/airflow/.local/lib/python3.7/site-packages/airflow/example_dags/example_branch_datetime_operator.py for tasks to queue
[2024-11-22T07:52:53.133+0000] {logging_mixin.py:137} INFO - [2024-11-22T07:52:53.133+0000] {dagbag.py:538} INFO - Filling up the DagBag from /home/airflow/.local/lib/python3.7/site-packages/airflow/example_dags/example_branch_datetime_operator.py
[2024-11-22T07:52:53.154+0000] {processor.py:753} INFO - DAG(s) dict_keys(['example_branch_datetime_operator_2', 'example_branch_datetime_operator', 'example_branch_datetime_operator_3']) retrieved from /home/airflow/.local/lib/python3.7/site-packages/airflow/example_dags/example_branch_datetime_operator.py
[2024-11-22T07:52:53.177+0000] {logging_mixin.py:137} INFO - [2024-11-22T07:52:53.177+0000] {dag.py:2690} INFO - Sync 3 DAGs
[2024-11-22T07:52:53.193+0000] {logging_mixin.py:137} INFO - [2024-11-22T07:52:53.192+0000] {dag.py:3441} INFO - Setting next_dagrun for example_branch_datetime_operator to 2024-11-21T00:00:00+00:00, run_after=2024-11-22T00:00:00+00:00
[2024-11-22T07:52:53.195+0000] {logging_mixin.py:137} INFO - [2024-11-22T07:52:53.195+0000] {dag.py:3441} INFO - Setting next_dagrun for example_branch_datetime_operator_2 to 2024-11-21T00:00:00+00:00, run_after=2024-11-22T00:00:00+00:00
[2024-11-22T07:52:53.196+0000] {logging_mixin.py:137} INFO - [2024-11-22T07:52:53.196+0000] {dag.py:3441} INFO - Setting next_dagrun for example_branch_datetime_operator_3 to 2024-11-21T00:00:00+00:00, run_after=2024-11-22T00:00:00+00:00
[2024-11-22T07:52:53.209+0000] {processor.py:175} INFO - Processing /home/airflow/.local/lib/python3.7/site-packages/airflow/example_dags/example_branch_datetime_operator.py took 0.085 seconds
[2024-11-22T07:53:23.753+0000] {processor.py:153} INFO - Started process (PID=1984) to work on /home/airflow/.local/lib/python3.7/site-packages/airflow/example_dags/example_branch_datetime_operator.py
[2024-11-22T07:53:23.755+0000] {processor.py:743} INFO - Processing file /home/airflow/.local/lib/python3.7/site-packages/airflow/example_dags/example_branch_datetime_operator.py for tasks to queue
[2024-11-22T07:53:23.756+0000] {logging_mixin.py:137} INFO - [2024-11-22T07:53:23.756+0000] {dagbag.py:538} INFO - Filling up the DagBag from /home/airflow/.local/lib/python3.7/site-packages/airflow/example_dags/example_branch_datetime_operator.py
[2024-11-22T07:53:23.787+0000] {processor.py:753} INFO - DAG(s) dict_keys(['example_branch_datetime_operator_3', 'example_branch_datetime_operator', 'example_branch_datetime_operator_2']) retrieved from /home/airflow/.local/lib/python3.7/site-packages/airflow/example_dags/example_branch_datetime_operator.py
[2024-11-22T07:53:23.814+0000] {logging_mixin.py:137} INFO - [2024-11-22T07:53:23.814+0000] {dag.py:2690} INFO - Sync 3 DAGs
[2024-11-22T07:53:23.833+0000] {logging_mixin.py:137} INFO - [2024-11-22T07:53:23.833+0000] {dag.py:3441} INFO - Setting next_dagrun for example_branch_datetime_operator to 2024-11-21T00:00:00+00:00, run_after=2024-11-22T00:00:00+00:00
[2024-11-22T07:53:23.837+0000] {logging_mixin.py:137} INFO - [2024-11-22T07:53:23.836+0000] {dag.py:3441} INFO - Setting next_dagrun for example_branch_datetime_operator_2 to 2024-11-21T00:00:00+00:00, run_after=2024-11-22T00:00:00+00:00
[2024-11-22T07:53:23.838+0000] {logging_mixin.py:137} INFO - [2024-11-22T07:53:23.838+0000] {dag.py:3441} INFO - Setting next_dagrun for example_branch_datetime_operator_3 to 2024-11-21T00:00:00+00:00, run_after=2024-11-22T00:00:00+00:00
[2024-11-22T07:53:23.846+0000] {processor.py:175} INFO - Processing /home/airflow/.local/lib/python3.7/site-packages/airflow/example_dags/example_branch_datetime_operator.py took 0.098 seconds
[2024-11-22T07:53:53.961+0000] {processor.py:153} INFO - Started process (PID=2071) to work on /home/airflow/.local/lib/python3.7/site-packages/airflow/example_dags/example_branch_datetime_operator.py
[2024-11-22T07:53:53.963+0000] {processor.py:743} INFO - Processing file /home/airflow/.local/lib/python3.7/site-packages/airflow/example_dags/example_branch_datetime_operator.py for tasks to queue
[2024-11-22T07:53:53.964+0000] {logging_mixin.py:137} INFO - [2024-11-22T07:53:53.963+0000] {dagbag.py:538} INFO - Filling up the DagBag from /home/airflow/.local/lib/python3.7/site-packages/airflow/example_dags/example_branch_datetime_operator.py
[2024-11-22T07:53:53.984+0000] {processor.py:753} INFO - DAG(s) dict_keys(['example_branch_datetime_operator_3', 'example_branch_datetime_operator_2', 'example_branch_datetime_operator']) retrieved from /home/airflow/.local/lib/python3.7/site-packages/airflow/example_dags/example_branch_datetime_operator.py
[2024-11-22T07:53:54.010+0000] {logging_mixin.py:137} INFO - [2024-11-22T07:53:54.010+0000] {dag.py:2690} INFO - Sync 3 DAGs
[2024-11-22T07:53:54.030+0000] {logging_mixin.py:137} INFO - [2024-11-22T07:53:54.030+0000] {dag.py:3441} INFO - Setting next_dagrun for example_branch_datetime_operator to 2024-11-21T00:00:00+00:00, run_after=2024-11-22T00:00:00+00:00
[2024-11-22T07:53:54.033+0000] {logging_mixin.py:137} INFO - [2024-11-22T07:53:54.033+0000] {dag.py:3441} INFO - Setting next_dagrun for example_branch_datetime_operator_2 to 2024-11-21T00:00:00+00:00, run_after=2024-11-22T00:00:00+00:00
[2024-11-22T07:53:54.034+0000] {logging_mixin.py:137} INFO - [2024-11-22T07:53:54.034+0000] {dag.py:3441} INFO - Setting next_dagrun for example_branch_datetime_operator_3 to 2024-11-21T00:00:00+00:00, run_after=2024-11-22T00:00:00+00:00
[2024-11-22T07:53:54.047+0000] {processor.py:175} INFO - Processing /home/airflow/.local/lib/python3.7/site-packages/airflow/example_dags/example_branch_datetime_operator.py took 0.093 seconds
[2024-11-22T07:54:24.118+0000] {processor.py:153} INFO - Started process (PID=2158) to work on /home/airflow/.local/lib/python3.7/site-packages/airflow/example_dags/example_branch_datetime_operator.py
[2024-11-22T07:54:24.119+0000] {processor.py:743} INFO - Processing file /home/airflow/.local/lib/python3.7/site-packages/airflow/example_dags/example_branch_datetime_operator.py for tasks to queue
[2024-11-22T07:54:24.120+0000] {logging_mixin.py:137} INFO - [2024-11-22T07:54:24.120+0000] {dagbag.py:538} INFO - Filling up the DagBag from /home/airflow/.local/lib/python3.7/site-packages/airflow/example_dags/example_branch_datetime_operator.py
[2024-11-22T07:54:24.139+0000] {processor.py:753} INFO - DAG(s) dict_keys(['example_branch_datetime_operator_2', 'example_branch_datetime_operator', 'example_branch_datetime_operator_3']) retrieved from /home/airflow/.local/lib/python3.7/site-packages/airflow/example_dags/example_branch_datetime_operator.py
[2024-11-22T07:54:24.159+0000] {logging_mixin.py:137} INFO - [2024-11-22T07:54:24.159+0000] {dag.py:2690} INFO - Sync 3 DAGs
[2024-11-22T07:54:24.172+0000] {logging_mixin.py:137} INFO - [2024-11-22T07:54:24.172+0000] {dag.py:3441} INFO - Setting next_dagrun for example_branch_datetime_operator to 2024-11-21T00:00:00+00:00, run_after=2024-11-22T00:00:00+00:00
[2024-11-22T07:54:24.174+0000] {logging_mixin.py:137} INFO - [2024-11-22T07:54:24.174+0000] {dag.py:3441} INFO - Setting next_dagrun for example_branch_datetime_operator_2 to 2024-11-21T00:00:00+00:00, run_after=2024-11-22T00:00:00+00:00
[2024-11-22T07:54:24.175+0000] {logging_mixin.py:137} INFO - [2024-11-22T07:54:24.175+0000] {dag.py:3441} INFO - Setting next_dagrun for example_branch_datetime_operator_3 to 2024-11-21T00:00:00+00:00, run_after=2024-11-22T00:00:00+00:00
[2024-11-22T07:54:24.182+0000] {processor.py:175} INFO - Processing /home/airflow/.local/lib/python3.7/site-packages/airflow/example_dags/example_branch_datetime_operator.py took 0.069 seconds
