[2024-11-22T09:03:22.432+0000] {processor.py:153} INFO - Started process (PID=397) to work on /home/airflow/.local/lib/python3.7/site-packages/airflow/example_dags/example_task_group.py
[2024-11-22T09:03:22.433+0000] {processor.py:743} INFO - Processing file /home/airflow/.local/lib/python3.7/site-packages/airflow/example_dags/example_task_group.py for tasks to queue
[2024-11-22T09:03:22.434+0000] {logging_mixin.py:137} INFO - [2024-11-22T09:03:22.434+0000] {dagbag.py:538} INFO - Filling up the DagBag from /home/airflow/.local/lib/python3.7/site-packages/airflow/example_dags/example_task_group.py
[2024-11-22T09:03:22.441+0000] {processor.py:753} INFO - DAG(s) dict_keys(['example_task_group']) retrieved from /home/airflow/.local/lib/python3.7/site-packages/airflow/example_dags/example_task_group.py
[2024-11-22T09:03:22.453+0000] {logging_mixin.py:137} INFO - [2024-11-22T09:03:22.453+0000] {dag.py:2690} INFO - Sync 1 DAGs
[2024-11-22T09:03:22.466+0000] {logging_mixin.py:137} INFO - [2024-11-22T09:03:22.466+0000] {dag.py:3441} INFO - Setting next_dagrun for example_task_group to 2024-11-21T09:03:22.466104+00:00, run_after=2024-11-22T09:03:22.466104+00:00
[2024-11-22T09:03:22.474+0000] {processor.py:175} INFO - Processing /home/airflow/.local/lib/python3.7/site-packages/airflow/example_dags/example_task_group.py took 0.043 seconds
[2024-11-22T09:03:52.922+0000] {processor.py:153} INFO - Started process (PID=487) to work on /home/airflow/.local/lib/python3.7/site-packages/airflow/example_dags/example_task_group.py
[2024-11-22T09:03:52.923+0000] {processor.py:743} INFO - Processing file /home/airflow/.local/lib/python3.7/site-packages/airflow/example_dags/example_task_group.py for tasks to queue
[2024-11-22T09:03:52.923+0000] {logging_mixin.py:137} INFO - [2024-11-22T09:03:52.923+0000] {dagbag.py:538} INFO - Filling up the DagBag from /home/airflow/.local/lib/python3.7/site-packages/airflow/example_dags/example_task_group.py
[2024-11-22T09:03:52.931+0000] {processor.py:753} INFO - DAG(s) dict_keys(['example_task_group']) retrieved from /home/airflow/.local/lib/python3.7/site-packages/airflow/example_dags/example_task_group.py
[2024-11-22T09:03:52.943+0000] {logging_mixin.py:137} INFO - [2024-11-22T09:03:52.943+0000] {dag.py:2690} INFO - Sync 1 DAGs
[2024-11-22T09:03:52.955+0000] {logging_mixin.py:137} INFO - [2024-11-22T09:03:52.955+0000] {dag.py:3441} INFO - Setting next_dagrun for example_task_group to 2024-11-21T09:03:52.955534+00:00, run_after=2024-11-22T09:03:52.955534+00:00
[2024-11-22T09:03:52.963+0000] {processor.py:175} INFO - Processing /home/airflow/.local/lib/python3.7/site-packages/airflow/example_dags/example_task_group.py took 0.042 seconds
[2024-11-22T09:04:23.441+0000] {processor.py:153} INFO - Started process (PID=561) to work on /home/airflow/.local/lib/python3.7/site-packages/airflow/example_dags/example_task_group.py
[2024-11-22T09:04:23.446+0000] {processor.py:743} INFO - Processing file /home/airflow/.local/lib/python3.7/site-packages/airflow/example_dags/example_task_group.py for tasks to queue
[2024-11-22T09:04:23.446+0000] {logging_mixin.py:137} INFO - [2024-11-22T09:04:23.446+0000] {dagbag.py:538} INFO - Filling up the DagBag from /home/airflow/.local/lib/python3.7/site-packages/airflow/example_dags/example_task_group.py
[2024-11-22T09:04:23.453+0000] {processor.py:753} INFO - DAG(s) dict_keys(['example_task_group']) retrieved from /home/airflow/.local/lib/python3.7/site-packages/airflow/example_dags/example_task_group.py
[2024-11-22T09:04:23.465+0000] {logging_mixin.py:137} INFO - [2024-11-22T09:04:23.465+0000] {dag.py:2690} INFO - Sync 1 DAGs
[2024-11-22T09:04:23.477+0000] {logging_mixin.py:137} INFO - [2024-11-22T09:04:23.477+0000] {dag.py:3441} INFO - Setting next_dagrun for example_task_group to 2024-11-21T09:04:23.477053+00:00, run_after=2024-11-22T09:04:23.477053+00:00
[2024-11-22T09:04:23.488+0000] {processor.py:175} INFO - Processing /home/airflow/.local/lib/python3.7/site-packages/airflow/example_dags/example_task_group.py took 0.049 seconds
[2024-11-22T09:04:54.233+0000] {processor.py:153} INFO - Started process (PID=650) to work on /home/airflow/.local/lib/python3.7/site-packages/airflow/example_dags/example_task_group.py
[2024-11-22T09:04:54.234+0000] {processor.py:743} INFO - Processing file /home/airflow/.local/lib/python3.7/site-packages/airflow/example_dags/example_task_group.py for tasks to queue
[2024-11-22T09:04:54.234+0000] {logging_mixin.py:137} INFO - [2024-11-22T09:04:54.234+0000] {dagbag.py:538} INFO - Filling up the DagBag from /home/airflow/.local/lib/python3.7/site-packages/airflow/example_dags/example_task_group.py
[2024-11-22T09:04:54.242+0000] {processor.py:753} INFO - DAG(s) dict_keys(['example_task_group']) retrieved from /home/airflow/.local/lib/python3.7/site-packages/airflow/example_dags/example_task_group.py
[2024-11-22T09:04:54.260+0000] {logging_mixin.py:137} INFO - [2024-11-22T09:04:54.260+0000] {dag.py:2690} INFO - Sync 1 DAGs
[2024-11-22T09:04:54.273+0000] {logging_mixin.py:137} INFO - [2024-11-22T09:04:54.273+0000] {dag.py:3441} INFO - Setting next_dagrun for example_task_group to 2024-11-21T09:04:54.273336+00:00, run_after=2024-11-22T09:04:54.273336+00:00
[2024-11-22T09:04:54.285+0000] {processor.py:175} INFO - Processing /home/airflow/.local/lib/python3.7/site-packages/airflow/example_dags/example_task_group.py took 0.054 seconds
[2024-11-22T09:05:25.020+0000] {processor.py:153} INFO - Started process (PID=740) to work on /home/airflow/.local/lib/python3.7/site-packages/airflow/example_dags/example_task_group.py
[2024-11-22T09:05:25.021+0000] {processor.py:743} INFO - Processing file /home/airflow/.local/lib/python3.7/site-packages/airflow/example_dags/example_task_group.py for tasks to queue
[2024-11-22T09:05:25.022+0000] {logging_mixin.py:137} INFO - [2024-11-22T09:05:25.022+0000] {dagbag.py:538} INFO - Filling up the DagBag from /home/airflow/.local/lib/python3.7/site-packages/airflow/example_dags/example_task_group.py
[2024-11-22T09:05:25.030+0000] {processor.py:753} INFO - DAG(s) dict_keys(['example_task_group']) retrieved from /home/airflow/.local/lib/python3.7/site-packages/airflow/example_dags/example_task_group.py
[2024-11-22T09:05:25.048+0000] {logging_mixin.py:137} INFO - [2024-11-22T09:05:25.048+0000] {dag.py:2690} INFO - Sync 1 DAGs
[2024-11-22T09:05:25.061+0000] {logging_mixin.py:137} INFO - [2024-11-22T09:05:25.061+0000] {dag.py:3441} INFO - Setting next_dagrun for example_task_group to 2024-11-21T09:05:25.061448+00:00, run_after=2024-11-22T09:05:25.061448+00:00
[2024-11-22T09:05:25.070+0000] {processor.py:175} INFO - Processing /home/airflow/.local/lib/python3.7/site-packages/airflow/example_dags/example_task_group.py took 0.053 seconds
[2024-11-22T09:05:56.209+0000] {processor.py:153} INFO - Started process (PID=830) to work on /home/airflow/.local/lib/python3.7/site-packages/airflow/example_dags/example_task_group.py
[2024-11-22T09:05:56.211+0000] {processor.py:743} INFO - Processing file /home/airflow/.local/lib/python3.7/site-packages/airflow/example_dags/example_task_group.py for tasks to queue
[2024-11-22T09:05:56.213+0000] {logging_mixin.py:137} INFO - [2024-11-22T09:05:56.213+0000] {dagbag.py:538} INFO - Filling up the DagBag from /home/airflow/.local/lib/python3.7/site-packages/airflow/example_dags/example_task_group.py
[2024-11-22T09:05:56.232+0000] {processor.py:753} INFO - DAG(s) dict_keys(['example_task_group']) retrieved from /home/airflow/.local/lib/python3.7/site-packages/airflow/example_dags/example_task_group.py
[2024-11-22T09:05:56.265+0000] {logging_mixin.py:137} INFO - [2024-11-22T09:05:56.265+0000] {dag.py:2690} INFO - Sync 1 DAGs
[2024-11-22T09:05:56.285+0000] {logging_mixin.py:137} INFO - [2024-11-22T09:05:56.285+0000] {dag.py:3441} INFO - Setting next_dagrun for example_task_group to 2024-11-21T09:05:56.285594+00:00, run_after=2024-11-22T09:05:56.285594+00:00
[2024-11-22T09:05:56.304+0000] {processor.py:175} INFO - Processing /home/airflow/.local/lib/python3.7/site-packages/airflow/example_dags/example_task_group.py took 0.104 seconds
[2024-11-22T09:06:27.250+0000] {processor.py:153} INFO - Started process (PID=904) to work on /home/airflow/.local/lib/python3.7/site-packages/airflow/example_dags/example_task_group.py
[2024-11-22T09:06:27.250+0000] {processor.py:743} INFO - Processing file /home/airflow/.local/lib/python3.7/site-packages/airflow/example_dags/example_task_group.py for tasks to queue
[2024-11-22T09:06:27.251+0000] {logging_mixin.py:137} INFO - [2024-11-22T09:06:27.251+0000] {dagbag.py:538} INFO - Filling up the DagBag from /home/airflow/.local/lib/python3.7/site-packages/airflow/example_dags/example_task_group.py
[2024-11-22T09:06:27.259+0000] {processor.py:753} INFO - DAG(s) dict_keys(['example_task_group']) retrieved from /home/airflow/.local/lib/python3.7/site-packages/airflow/example_dags/example_task_group.py
[2024-11-22T09:06:27.284+0000] {logging_mixin.py:137} INFO - [2024-11-22T09:06:27.284+0000] {dag.py:2690} INFO - Sync 1 DAGs
[2024-11-22T09:06:27.301+0000] {logging_mixin.py:137} INFO - [2024-11-22T09:06:27.301+0000] {dag.py:3441} INFO - Setting next_dagrun for example_task_group to 2024-11-21T09:06:27.301737+00:00, run_after=2024-11-22T09:06:27.301737+00:00
[2024-11-22T09:06:27.315+0000] {processor.py:175} INFO - Processing /home/airflow/.local/lib/python3.7/site-packages/airflow/example_dags/example_task_group.py took 0.066 seconds
[2024-11-22T09:06:58.034+0000] {processor.py:153} INFO - Started process (PID=994) to work on /home/airflow/.local/lib/python3.7/site-packages/airflow/example_dags/example_task_group.py
[2024-11-22T09:06:58.035+0000] {processor.py:743} INFO - Processing file /home/airflow/.local/lib/python3.7/site-packages/airflow/example_dags/example_task_group.py for tasks to queue
[2024-11-22T09:06:58.035+0000] {logging_mixin.py:137} INFO - [2024-11-22T09:06:58.035+0000] {dagbag.py:538} INFO - Filling up the DagBag from /home/airflow/.local/lib/python3.7/site-packages/airflow/example_dags/example_task_group.py
[2024-11-22T09:06:58.042+0000] {processor.py:753} INFO - DAG(s) dict_keys(['example_task_group']) retrieved from /home/airflow/.local/lib/python3.7/site-packages/airflow/example_dags/example_task_group.py
[2024-11-22T09:06:58.058+0000] {logging_mixin.py:137} INFO - [2024-11-22T09:06:58.058+0000] {dag.py:2690} INFO - Sync 1 DAGs
[2024-11-22T09:06:58.072+0000] {logging_mixin.py:137} INFO - [2024-11-22T09:06:58.072+0000] {dag.py:3441} INFO - Setting next_dagrun for example_task_group to 2024-11-21T09:06:58.072661+00:00, run_after=2024-11-22T09:06:58.072661+00:00
[2024-11-22T09:06:58.083+0000] {processor.py:175} INFO - Processing /home/airflow/.local/lib/python3.7/site-packages/airflow/example_dags/example_task_group.py took 0.050 seconds
[2024-11-22T09:07:28.982+0000] {processor.py:153} INFO - Started process (PID=1084) to work on /home/airflow/.local/lib/python3.7/site-packages/airflow/example_dags/example_task_group.py
[2024-11-22T09:07:28.983+0000] {processor.py:743} INFO - Processing file /home/airflow/.local/lib/python3.7/site-packages/airflow/example_dags/example_task_group.py for tasks to queue
[2024-11-22T09:07:28.983+0000] {logging_mixin.py:137} INFO - [2024-11-22T09:07:28.983+0000] {dagbag.py:538} INFO - Filling up the DagBag from /home/airflow/.local/lib/python3.7/site-packages/airflow/example_dags/example_task_group.py
[2024-11-22T09:07:28.996+0000] {processor.py:753} INFO - DAG(s) dict_keys(['example_task_group']) retrieved from /home/airflow/.local/lib/python3.7/site-packages/airflow/example_dags/example_task_group.py
[2024-11-22T09:07:29.019+0000] {logging_mixin.py:137} INFO - [2024-11-22T09:07:29.019+0000] {dag.py:2690} INFO - Sync 1 DAGs
[2024-11-22T09:07:29.034+0000] {logging_mixin.py:137} INFO - [2024-11-22T09:07:29.034+0000] {dag.py:3441} INFO - Setting next_dagrun for example_task_group to 2024-11-21T09:07:29.034291+00:00, run_after=2024-11-22T09:07:29.034291+00:00
[2024-11-22T09:07:29.046+0000] {processor.py:175} INFO - Processing /home/airflow/.local/lib/python3.7/site-packages/airflow/example_dags/example_task_group.py took 0.067 seconds
[2024-11-22T09:07:59.741+0000] {processor.py:153} INFO - Started process (PID=1158) to work on /home/airflow/.local/lib/python3.7/site-packages/airflow/example_dags/example_task_group.py
[2024-11-22T09:07:59.742+0000] {processor.py:743} INFO - Processing file /home/airflow/.local/lib/python3.7/site-packages/airflow/example_dags/example_task_group.py for tasks to queue
[2024-11-22T09:07:59.742+0000] {logging_mixin.py:137} INFO - [2024-11-22T09:07:59.742+0000] {dagbag.py:538} INFO - Filling up the DagBag from /home/airflow/.local/lib/python3.7/site-packages/airflow/example_dags/example_task_group.py
[2024-11-22T09:07:59.751+0000] {processor.py:753} INFO - DAG(s) dict_keys(['example_task_group']) retrieved from /home/airflow/.local/lib/python3.7/site-packages/airflow/example_dags/example_task_group.py
[2024-11-22T09:07:59.767+0000] {logging_mixin.py:137} INFO - [2024-11-22T09:07:59.767+0000] {dag.py:2690} INFO - Sync 1 DAGs
[2024-11-22T09:07:59.782+0000] {logging_mixin.py:137} INFO - [2024-11-22T09:07:59.782+0000] {dag.py:3441} INFO - Setting next_dagrun for example_task_group to 2024-11-21T09:07:59.782483+00:00, run_after=2024-11-22T09:07:59.782483+00:00
[2024-11-22T09:07:59.794+0000] {processor.py:175} INFO - Processing /home/airflow/.local/lib/python3.7/site-packages/airflow/example_dags/example_task_group.py took 0.055 seconds
[2024-11-22T09:08:30.715+0000] {processor.py:153} INFO - Started process (PID=1247) to work on /home/airflow/.local/lib/python3.7/site-packages/airflow/example_dags/example_task_group.py
[2024-11-22T09:08:30.716+0000] {processor.py:743} INFO - Processing file /home/airflow/.local/lib/python3.7/site-packages/airflow/example_dags/example_task_group.py for tasks to queue
[2024-11-22T09:08:30.716+0000] {logging_mixin.py:137} INFO - [2024-11-22T09:08:30.716+0000] {dagbag.py:538} INFO - Filling up the DagBag from /home/airflow/.local/lib/python3.7/site-packages/airflow/example_dags/example_task_group.py
[2024-11-22T09:08:30.841+0000] {processor.py:753} INFO - DAG(s) dict_keys(['example_task_group']) retrieved from /home/airflow/.local/lib/python3.7/site-packages/airflow/example_dags/example_task_group.py
[2024-11-22T09:08:30.885+0000] {logging_mixin.py:137} INFO - [2024-11-22T09:08:30.885+0000] {dag.py:2690} INFO - Sync 1 DAGs
[2024-11-22T09:08:30.901+0000] {logging_mixin.py:137} INFO - [2024-11-22T09:08:30.901+0000] {dag.py:3441} INFO - Setting next_dagrun for example_task_group to 2024-11-21T09:08:30.901302+00:00, run_after=2024-11-22T09:08:30.901302+00:00
[2024-11-22T09:08:30.916+0000] {processor.py:175} INFO - Processing /home/airflow/.local/lib/python3.7/site-packages/airflow/example_dags/example_task_group.py took 0.203 seconds
[2024-11-22T09:09:01.201+0000] {processor.py:153} INFO - Started process (PID=1336) to work on /home/airflow/.local/lib/python3.7/site-packages/airflow/example_dags/example_task_group.py
[2024-11-22T09:09:01.203+0000] {processor.py:743} INFO - Processing file /home/airflow/.local/lib/python3.7/site-packages/airflow/example_dags/example_task_group.py for tasks to queue
[2024-11-22T09:09:01.204+0000] {logging_mixin.py:137} INFO - [2024-11-22T09:09:01.204+0000] {dagbag.py:538} INFO - Filling up the DagBag from /home/airflow/.local/lib/python3.7/site-packages/airflow/example_dags/example_task_group.py
[2024-11-22T09:09:01.217+0000] {processor.py:753} INFO - DAG(s) dict_keys(['example_task_group']) retrieved from /home/airflow/.local/lib/python3.7/site-packages/airflow/example_dags/example_task_group.py
[2024-11-22T09:09:01.249+0000] {logging_mixin.py:137} INFO - [2024-11-22T09:09:01.249+0000] {dag.py:2690} INFO - Sync 1 DAGs
[2024-11-22T09:09:01.266+0000] {logging_mixin.py:137} INFO - [2024-11-22T09:09:01.266+0000] {dag.py:3441} INFO - Setting next_dagrun for example_task_group to 2024-11-21T09:09:01.266754+00:00, run_after=2024-11-22T09:09:01.266754+00:00
[2024-11-22T09:09:01.289+0000] {processor.py:175} INFO - Processing /home/airflow/.local/lib/python3.7/site-packages/airflow/example_dags/example_task_group.py took 0.091 seconds
[2024-11-22T09:09:31.544+0000] {processor.py:153} INFO - Started process (PID=1426) to work on /home/airflow/.local/lib/python3.7/site-packages/airflow/example_dags/example_task_group.py
[2024-11-22T09:09:31.545+0000] {processor.py:743} INFO - Processing file /home/airflow/.local/lib/python3.7/site-packages/airflow/example_dags/example_task_group.py for tasks to queue
[2024-11-22T09:09:31.546+0000] {logging_mixin.py:137} INFO - [2024-11-22T09:09:31.546+0000] {dagbag.py:538} INFO - Filling up the DagBag from /home/airflow/.local/lib/python3.7/site-packages/airflow/example_dags/example_task_group.py
[2024-11-22T09:09:31.557+0000] {processor.py:753} INFO - DAG(s) dict_keys(['example_task_group']) retrieved from /home/airflow/.local/lib/python3.7/site-packages/airflow/example_dags/example_task_group.py
[2024-11-22T09:09:31.576+0000] {logging_mixin.py:137} INFO - [2024-11-22T09:09:31.576+0000] {dag.py:2690} INFO - Sync 1 DAGs
[2024-11-22T09:09:31.592+0000] {logging_mixin.py:137} INFO - [2024-11-22T09:09:31.592+0000] {dag.py:3441} INFO - Setting next_dagrun for example_task_group to 2024-11-21T09:09:31.592410+00:00, run_after=2024-11-22T09:09:31.592410+00:00
[2024-11-22T09:09:31.609+0000] {processor.py:175} INFO - Processing /home/airflow/.local/lib/python3.7/site-packages/airflow/example_dags/example_task_group.py took 0.066 seconds
