[2024-11-22T07:41:07.397+0000] {processor.py:153} INFO - Started process (PID=53) to work on /home/airflow/.local/lib/python3.7/site-packages/airflow/example_dags/example_branch_labels.py
[2024-11-22T07:41:07.406+0000] {processor.py:743} INFO - Processing file /home/airflow/.local/lib/python3.7/site-packages/airflow/example_dags/example_branch_labels.py for tasks to queue
[2024-11-22T07:41:07.411+0000] {logging_mixin.py:137} INFO - [2024-11-22T07:41:07.411+0000] {dagbag.py:538} INFO - Filling up the DagBag from /home/airflow/.local/lib/python3.7/site-packages/airflow/example_dags/example_branch_labels.py
[2024-11-22T07:41:07.469+0000] {processor.py:753} INFO - DAG(s) dict_keys(['example_branch_labels']) retrieved from /home/airflow/.local/lib/python3.7/site-packages/airflow/example_dags/example_branch_labels.py
[2024-11-22T07:41:07.948+0000] {logging_mixin.py:137} INFO - [2024-11-22T07:41:07.948+0000] {manager.py:504} INFO - Created Permission View: can read on DAG:example_branch_labels
[2024-11-22T07:41:07.994+0000] {logging_mixin.py:137} INFO - [2024-11-22T07:41:07.993+0000] {manager.py:504} INFO - Created Permission View: can edit on DAG:example_branch_labels
[2024-11-22T07:41:08.028+0000] {logging_mixin.py:137} INFO - [2024-11-22T07:41:08.028+0000] {manager.py:504} INFO - Created Permission View: can delete on DAG:example_branch_labels
[2024-11-22T07:41:08.030+0000] {logging_mixin.py:137} INFO - [2024-11-22T07:41:08.029+0000] {dag.py:2690} INFO - Sync 1 DAGs
[2024-11-22T07:41:08.143+0000] {logging_mixin.py:137} INFO - [2024-11-22T07:41:08.143+0000] {dag.py:2711} INFO - Creating ORM DAG for example_branch_labels
[2024-11-22T07:41:08.266+0000] {logging_mixin.py:137} INFO - [2024-11-22T07:41:08.263+0000] {dag.py:3441} INFO - Setting next_dagrun for example_branch_labels to 2024-11-21T00:00:00+00:00, run_after=2024-11-22T00:00:00+00:00
[2024-11-22T07:41:08.404+0000] {processor.py:175} INFO - Processing /home/airflow/.local/lib/python3.7/site-packages/airflow/example_dags/example_branch_labels.py took 1.013 seconds
[2024-11-22T07:41:39.144+0000] {processor.py:153} INFO - Started process (PID=131) to work on /home/airflow/.local/lib/python3.7/site-packages/airflow/example_dags/example_branch_labels.py
[2024-11-22T07:41:39.144+0000] {processor.py:743} INFO - Processing file /home/airflow/.local/lib/python3.7/site-packages/airflow/example_dags/example_branch_labels.py for tasks to queue
[2024-11-22T07:41:39.145+0000] {logging_mixin.py:137} INFO - [2024-11-22T07:41:39.145+0000] {dagbag.py:538} INFO - Filling up the DagBag from /home/airflow/.local/lib/python3.7/site-packages/airflow/example_dags/example_branch_labels.py
[2024-11-22T07:41:39.164+0000] {processor.py:753} INFO - DAG(s) dict_keys(['example_branch_labels']) retrieved from /home/airflow/.local/lib/python3.7/site-packages/airflow/example_dags/example_branch_labels.py
[2024-11-22T07:41:39.204+0000] {logging_mixin.py:137} INFO - [2024-11-22T07:41:39.204+0000] {dag.py:2690} INFO - Sync 1 DAGs
[2024-11-22T07:41:39.226+0000] {logging_mixin.py:137} INFO - [2024-11-22T07:41:39.226+0000] {dag.py:3441} INFO - Setting next_dagrun for example_branch_labels to 2024-11-21T00:00:00+00:00, run_after=2024-11-22T00:00:00+00:00
[2024-11-22T07:41:39.240+0000] {processor.py:175} INFO - Processing /home/airflow/.local/lib/python3.7/site-packages/airflow/example_dags/example_branch_labels.py took 0.099 seconds
[2024-11-22T07:42:09.334+0000] {processor.py:153} INFO - Started process (PID=202) to work on /home/airflow/.local/lib/python3.7/site-packages/airflow/example_dags/example_branch_labels.py
[2024-11-22T07:42:09.335+0000] {processor.py:743} INFO - Processing file /home/airflow/.local/lib/python3.7/site-packages/airflow/example_dags/example_branch_labels.py for tasks to queue
[2024-11-22T07:42:09.335+0000] {logging_mixin.py:137} INFO - [2024-11-22T07:42:09.335+0000] {dagbag.py:538} INFO - Filling up the DagBag from /home/airflow/.local/lib/python3.7/site-packages/airflow/example_dags/example_branch_labels.py
[2024-11-22T07:42:09.343+0000] {processor.py:753} INFO - DAG(s) dict_keys(['example_branch_labels']) retrieved from /home/airflow/.local/lib/python3.7/site-packages/airflow/example_dags/example_branch_labels.py
[2024-11-22T07:42:09.363+0000] {logging_mixin.py:137} INFO - [2024-11-22T07:42:09.363+0000] {dag.py:2690} INFO - Sync 1 DAGs
[2024-11-22T07:42:09.384+0000] {logging_mixin.py:137} INFO - [2024-11-22T07:42:09.384+0000] {dag.py:3441} INFO - Setting next_dagrun for example_branch_labels to 2024-11-21T00:00:00+00:00, run_after=2024-11-22T00:00:00+00:00
[2024-11-22T07:42:09.400+0000] {processor.py:175} INFO - Processing /home/airflow/.local/lib/python3.7/site-packages/airflow/example_dags/example_branch_labels.py took 0.067 seconds
[2024-11-22T07:42:40.181+0000] {processor.py:153} INFO - Started process (PID=289) to work on /home/airflow/.local/lib/python3.7/site-packages/airflow/example_dags/example_branch_labels.py
[2024-11-22T07:42:40.185+0000] {processor.py:743} INFO - Processing file /home/airflow/.local/lib/python3.7/site-packages/airflow/example_dags/example_branch_labels.py for tasks to queue
[2024-11-22T07:42:40.185+0000] {logging_mixin.py:137} INFO - [2024-11-22T07:42:40.185+0000] {dagbag.py:538} INFO - Filling up the DagBag from /home/airflow/.local/lib/python3.7/site-packages/airflow/example_dags/example_branch_labels.py
[2024-11-22T07:42:40.202+0000] {processor.py:753} INFO - DAG(s) dict_keys(['example_branch_labels']) retrieved from /home/airflow/.local/lib/python3.7/site-packages/airflow/example_dags/example_branch_labels.py
[2024-11-22T07:42:40.220+0000] {logging_mixin.py:137} INFO - [2024-11-22T07:42:40.220+0000] {dag.py:2690} INFO - Sync 1 DAGs
[2024-11-22T07:42:40.233+0000] {logging_mixin.py:137} INFO - [2024-11-22T07:42:40.233+0000] {dag.py:3441} INFO - Setting next_dagrun for example_branch_labels to 2024-11-21T00:00:00+00:00, run_after=2024-11-22T00:00:00+00:00
[2024-11-22T07:42:40.248+0000] {processor.py:175} INFO - Processing /home/airflow/.local/lib/python3.7/site-packages/airflow/example_dags/example_branch_labels.py took 0.069 seconds
[2024-11-22T07:43:11.228+0000] {processor.py:153} INFO - Started process (PID=376) to work on /home/airflow/.local/lib/python3.7/site-packages/airflow/example_dags/example_branch_labels.py
[2024-11-22T07:43:11.229+0000] {processor.py:743} INFO - Processing file /home/airflow/.local/lib/python3.7/site-packages/airflow/example_dags/example_branch_labels.py for tasks to queue
[2024-11-22T07:43:11.234+0000] {logging_mixin.py:137} INFO - [2024-11-22T07:43:11.234+0000] {dagbag.py:538} INFO - Filling up the DagBag from /home/airflow/.local/lib/python3.7/site-packages/airflow/example_dags/example_branch_labels.py
[2024-11-22T07:43:11.245+0000] {processor.py:753} INFO - DAG(s) dict_keys(['example_branch_labels']) retrieved from /home/airflow/.local/lib/python3.7/site-packages/airflow/example_dags/example_branch_labels.py
[2024-11-22T07:43:11.283+0000] {logging_mixin.py:137} INFO - [2024-11-22T07:43:11.283+0000] {dag.py:2690} INFO - Sync 1 DAGs
[2024-11-22T07:43:11.305+0000] {logging_mixin.py:137} INFO - [2024-11-22T07:43:11.304+0000] {dag.py:3441} INFO - Setting next_dagrun for example_branch_labels to 2024-11-21T00:00:00+00:00, run_after=2024-11-22T00:00:00+00:00
[2024-11-22T07:43:11.330+0000] {processor.py:175} INFO - Processing /home/airflow/.local/lib/python3.7/site-packages/airflow/example_dags/example_branch_labels.py took 0.107 seconds
[2024-11-22T07:43:42.240+0000] {processor.py:153} INFO - Started process (PID=447) to work on /home/airflow/.local/lib/python3.7/site-packages/airflow/example_dags/example_branch_labels.py
[2024-11-22T07:43:42.241+0000] {processor.py:743} INFO - Processing file /home/airflow/.local/lib/python3.7/site-packages/airflow/example_dags/example_branch_labels.py for tasks to queue
[2024-11-22T07:43:42.242+0000] {logging_mixin.py:137} INFO - [2024-11-22T07:43:42.242+0000] {dagbag.py:538} INFO - Filling up the DagBag from /home/airflow/.local/lib/python3.7/site-packages/airflow/example_dags/example_branch_labels.py
[2024-11-22T07:43:42.262+0000] {processor.py:753} INFO - DAG(s) dict_keys(['example_branch_labels']) retrieved from /home/airflow/.local/lib/python3.7/site-packages/airflow/example_dags/example_branch_labels.py
[2024-11-22T07:43:42.300+0000] {logging_mixin.py:137} INFO - [2024-11-22T07:43:42.299+0000] {dag.py:2690} INFO - Sync 1 DAGs
[2024-11-22T07:43:42.339+0000] {logging_mixin.py:137} INFO - [2024-11-22T07:43:42.339+0000] {dag.py:3441} INFO - Setting next_dagrun for example_branch_labels to 2024-11-21T00:00:00+00:00, run_after=2024-11-22T00:00:00+00:00
[2024-11-22T07:43:42.374+0000] {processor.py:175} INFO - Processing /home/airflow/.local/lib/python3.7/site-packages/airflow/example_dags/example_branch_labels.py took 0.140 seconds
[2024-11-22T07:44:12.546+0000] {processor.py:153} INFO - Started process (PID=534) to work on /home/airflow/.local/lib/python3.7/site-packages/airflow/example_dags/example_branch_labels.py
[2024-11-22T07:44:12.547+0000] {processor.py:743} INFO - Processing file /home/airflow/.local/lib/python3.7/site-packages/airflow/example_dags/example_branch_labels.py for tasks to queue
[2024-11-22T07:44:12.548+0000] {logging_mixin.py:137} INFO - [2024-11-22T07:44:12.547+0000] {dagbag.py:538} INFO - Filling up the DagBag from /home/airflow/.local/lib/python3.7/site-packages/airflow/example_dags/example_branch_labels.py
[2024-11-22T07:44:12.563+0000] {processor.py:753} INFO - DAG(s) dict_keys(['example_branch_labels']) retrieved from /home/airflow/.local/lib/python3.7/site-packages/airflow/example_dags/example_branch_labels.py
[2024-11-22T07:44:12.582+0000] {logging_mixin.py:137} INFO - [2024-11-22T07:44:12.582+0000] {dag.py:2690} INFO - Sync 1 DAGs
[2024-11-22T07:44:12.601+0000] {logging_mixin.py:137} INFO - [2024-11-22T07:44:12.601+0000] {dag.py:3441} INFO - Setting next_dagrun for example_branch_labels to 2024-11-21T00:00:00+00:00, run_after=2024-11-22T00:00:00+00:00
[2024-11-22T07:44:12.617+0000] {processor.py:175} INFO - Processing /home/airflow/.local/lib/python3.7/site-packages/airflow/example_dags/example_branch_labels.py took 0.076 seconds
[2024-11-22T07:44:42.993+0000] {processor.py:153} INFO - Started process (PID=613) to work on /home/airflow/.local/lib/python3.7/site-packages/airflow/example_dags/example_branch_labels.py
[2024-11-22T07:44:42.993+0000] {processor.py:743} INFO - Processing file /home/airflow/.local/lib/python3.7/site-packages/airflow/example_dags/example_branch_labels.py for tasks to queue
[2024-11-22T07:44:42.994+0000] {logging_mixin.py:137} INFO - [2024-11-22T07:44:42.994+0000] {dagbag.py:538} INFO - Filling up the DagBag from /home/airflow/.local/lib/python3.7/site-packages/airflow/example_dags/example_branch_labels.py
[2024-11-22T07:44:43.003+0000] {processor.py:753} INFO - DAG(s) dict_keys(['example_branch_labels']) retrieved from /home/airflow/.local/lib/python3.7/site-packages/airflow/example_dags/example_branch_labels.py
[2024-11-22T07:44:43.020+0000] {logging_mixin.py:137} INFO - [2024-11-22T07:44:43.020+0000] {dag.py:2690} INFO - Sync 1 DAGs
[2024-11-22T07:44:43.047+0000] {logging_mixin.py:137} INFO - [2024-11-22T07:44:43.047+0000] {dag.py:3441} INFO - Setting next_dagrun for example_branch_labels to 2024-11-21T00:00:00+00:00, run_after=2024-11-22T00:00:00+00:00
[2024-11-22T07:44:43.077+0000] {processor.py:175} INFO - Processing /home/airflow/.local/lib/python3.7/site-packages/airflow/example_dags/example_branch_labels.py took 0.086 seconds
[2024-11-22T07:45:13.969+0000] {processor.py:153} INFO - Started process (PID=691) to work on /home/airflow/.local/lib/python3.7/site-packages/airflow/example_dags/example_branch_labels.py
[2024-11-22T07:45:13.970+0000] {processor.py:743} INFO - Processing file /home/airflow/.local/lib/python3.7/site-packages/airflow/example_dags/example_branch_labels.py for tasks to queue
[2024-11-22T07:45:13.971+0000] {logging_mixin.py:137} INFO - [2024-11-22T07:45:13.971+0000] {dagbag.py:538} INFO - Filling up the DagBag from /home/airflow/.local/lib/python3.7/site-packages/airflow/example_dags/example_branch_labels.py
[2024-11-22T07:45:13.983+0000] {processor.py:753} INFO - DAG(s) dict_keys(['example_branch_labels']) retrieved from /home/airflow/.local/lib/python3.7/site-packages/airflow/example_dags/example_branch_labels.py
[2024-11-22T07:45:14.015+0000] {logging_mixin.py:137} INFO - [2024-11-22T07:45:14.015+0000] {dag.py:2690} INFO - Sync 1 DAGs
[2024-11-22T07:45:14.036+0000] {logging_mixin.py:137} INFO - [2024-11-22T07:45:14.036+0000] {dag.py:3441} INFO - Setting next_dagrun for example_branch_labels to 2024-11-21T00:00:00+00:00, run_after=2024-11-22T00:00:00+00:00
[2024-11-22T07:45:14.055+0000] {processor.py:175} INFO - Processing /home/airflow/.local/lib/python3.7/site-packages/airflow/example_dags/example_branch_labels.py took 0.088 seconds
[2024-11-22T07:45:44.945+0000] {processor.py:153} INFO - Started process (PID=778) to work on /home/airflow/.local/lib/python3.7/site-packages/airflow/example_dags/example_branch_labels.py
[2024-11-22T07:45:44.947+0000] {processor.py:743} INFO - Processing file /home/airflow/.local/lib/python3.7/site-packages/airflow/example_dags/example_branch_labels.py for tasks to queue
[2024-11-22T07:45:44.948+0000] {logging_mixin.py:137} INFO - [2024-11-22T07:45:44.948+0000] {dagbag.py:538} INFO - Filling up the DagBag from /home/airflow/.local/lib/python3.7/site-packages/airflow/example_dags/example_branch_labels.py
[2024-11-22T07:45:44.966+0000] {processor.py:753} INFO - DAG(s) dict_keys(['example_branch_labels']) retrieved from /home/airflow/.local/lib/python3.7/site-packages/airflow/example_dags/example_branch_labels.py
[2024-11-22T07:45:44.994+0000] {logging_mixin.py:137} INFO - [2024-11-22T07:45:44.994+0000] {dag.py:2690} INFO - Sync 1 DAGs
[2024-11-22T07:45:45.014+0000] {logging_mixin.py:137} INFO - [2024-11-22T07:45:45.014+0000] {dag.py:3441} INFO - Setting next_dagrun for example_branch_labels to 2024-11-21T00:00:00+00:00, run_after=2024-11-22T00:00:00+00:00
[2024-11-22T07:45:45.033+0000] {processor.py:175} INFO - Processing /home/airflow/.local/lib/python3.7/site-packages/airflow/example_dags/example_branch_labels.py took 0.091 seconds
[2024-11-22T07:46:15.080+0000] {processor.py:153} INFO - Started process (PID=865) to work on /home/airflow/.local/lib/python3.7/site-packages/airflow/example_dags/example_branch_labels.py
[2024-11-22T07:46:15.081+0000] {processor.py:743} INFO - Processing file /home/airflow/.local/lib/python3.7/site-packages/airflow/example_dags/example_branch_labels.py for tasks to queue
[2024-11-22T07:46:15.084+0000] {logging_mixin.py:137} INFO - [2024-11-22T07:46:15.084+0000] {dagbag.py:538} INFO - Filling up the DagBag from /home/airflow/.local/lib/python3.7/site-packages/airflow/example_dags/example_branch_labels.py
[2024-11-22T07:46:15.098+0000] {processor.py:753} INFO - DAG(s) dict_keys(['example_branch_labels']) retrieved from /home/airflow/.local/lib/python3.7/site-packages/airflow/example_dags/example_branch_labels.py
[2024-11-22T07:46:15.131+0000] {logging_mixin.py:137} INFO - [2024-11-22T07:46:15.131+0000] {dag.py:2690} INFO - Sync 1 DAGs
[2024-11-22T07:46:15.162+0000] {logging_mixin.py:137} INFO - [2024-11-22T07:46:15.162+0000] {dag.py:3441} INFO - Setting next_dagrun for example_branch_labels to 2024-11-21T00:00:00+00:00, run_after=2024-11-22T00:00:00+00:00
[2024-11-22T07:46:15.197+0000] {processor.py:175} INFO - Processing /home/airflow/.local/lib/python3.7/site-packages/airflow/example_dags/example_branch_labels.py took 0.122 seconds
[2024-11-22T07:46:45.667+0000] {processor.py:153} INFO - Started process (PID=936) to work on /home/airflow/.local/lib/python3.7/site-packages/airflow/example_dags/example_branch_labels.py
[2024-11-22T07:46:45.667+0000] {processor.py:743} INFO - Processing file /home/airflow/.local/lib/python3.7/site-packages/airflow/example_dags/example_branch_labels.py for tasks to queue
[2024-11-22T07:46:45.668+0000] {logging_mixin.py:137} INFO - [2024-11-22T07:46:45.668+0000] {dagbag.py:538} INFO - Filling up the DagBag from /home/airflow/.local/lib/python3.7/site-packages/airflow/example_dags/example_branch_labels.py
[2024-11-22T07:46:45.681+0000] {processor.py:753} INFO - DAG(s) dict_keys(['example_branch_labels']) retrieved from /home/airflow/.local/lib/python3.7/site-packages/airflow/example_dags/example_branch_labels.py
[2024-11-22T07:46:45.705+0000] {logging_mixin.py:137} INFO - [2024-11-22T07:46:45.705+0000] {dag.py:2690} INFO - Sync 1 DAGs
[2024-11-22T07:46:45.728+0000] {logging_mixin.py:137} INFO - [2024-11-22T07:46:45.728+0000] {dag.py:3441} INFO - Setting next_dagrun for example_branch_labels to 2024-11-21T00:00:00+00:00, run_after=2024-11-22T00:00:00+00:00
[2024-11-22T07:46:45.761+0000] {processor.py:175} INFO - Processing /home/airflow/.local/lib/python3.7/site-packages/airflow/example_dags/example_branch_labels.py took 0.098 seconds
[2024-11-22T07:47:17.665+0000] {processor.py:153} INFO - Started process (PID=1024) to work on /home/airflow/.local/lib/python3.7/site-packages/airflow/example_dags/example_branch_labels.py
[2024-11-22T07:47:17.676+0000] {processor.py:743} INFO - Processing file /home/airflow/.local/lib/python3.7/site-packages/airflow/example_dags/example_branch_labels.py for tasks to queue
[2024-11-22T07:47:17.686+0000] {logging_mixin.py:137} INFO - [2024-11-22T07:47:17.685+0000] {dagbag.py:538} INFO - Filling up the DagBag from /home/airflow/.local/lib/python3.7/site-packages/airflow/example_dags/example_branch_labels.py
[2024-11-22T07:47:17.776+0000] {processor.py:753} INFO - DAG(s) dict_keys(['example_branch_labels']) retrieved from /home/airflow/.local/lib/python3.7/site-packages/airflow/example_dags/example_branch_labels.py
[2024-11-22T07:47:17.961+0000] {logging_mixin.py:137} INFO - [2024-11-22T07:47:17.960+0000] {dag.py:2690} INFO - Sync 1 DAGs
[2024-11-22T07:47:18.050+0000] {logging_mixin.py:137} INFO - [2024-11-22T07:47:18.050+0000] {dag.py:3441} INFO - Setting next_dagrun for example_branch_labels to 2024-11-21T00:00:00+00:00, run_after=2024-11-22T00:00:00+00:00
[2024-11-22T07:47:18.096+0000] {processor.py:175} INFO - Processing /home/airflow/.local/lib/python3.7/site-packages/airflow/example_dags/example_branch_labels.py took 0.449 seconds
[2024-11-22T07:47:48.451+0000] {processor.py:153} INFO - Started process (PID=1095) to work on /home/airflow/.local/lib/python3.7/site-packages/airflow/example_dags/example_branch_labels.py
[2024-11-22T07:47:48.451+0000] {processor.py:743} INFO - Processing file /home/airflow/.local/lib/python3.7/site-packages/airflow/example_dags/example_branch_labels.py for tasks to queue
[2024-11-22T07:47:48.452+0000] {logging_mixin.py:137} INFO - [2024-11-22T07:47:48.452+0000] {dagbag.py:538} INFO - Filling up the DagBag from /home/airflow/.local/lib/python3.7/site-packages/airflow/example_dags/example_branch_labels.py
[2024-11-22T07:47:48.461+0000] {processor.py:753} INFO - DAG(s) dict_keys(['example_branch_labels']) retrieved from /home/airflow/.local/lib/python3.7/site-packages/airflow/example_dags/example_branch_labels.py
[2024-11-22T07:47:48.484+0000] {logging_mixin.py:137} INFO - [2024-11-22T07:47:48.484+0000] {dag.py:2690} INFO - Sync 1 DAGs
[2024-11-22T07:47:48.504+0000] {logging_mixin.py:137} INFO - [2024-11-22T07:47:48.504+0000] {dag.py:3441} INFO - Setting next_dagrun for example_branch_labels to 2024-11-21T00:00:00+00:00, run_after=2024-11-22T00:00:00+00:00
[2024-11-22T07:47:48.517+0000] {processor.py:175} INFO - Processing /home/airflow/.local/lib/python3.7/site-packages/airflow/example_dags/example_branch_labels.py took 0.069 seconds
[2024-11-22T07:48:19.443+0000] {processor.py:153} INFO - Started process (PID=1186) to work on /home/airflow/.local/lib/python3.7/site-packages/airflow/example_dags/example_branch_labels.py
[2024-11-22T07:48:19.444+0000] {processor.py:743} INFO - Processing file /home/airflow/.local/lib/python3.7/site-packages/airflow/example_dags/example_branch_labels.py for tasks to queue
[2024-11-22T07:48:19.445+0000] {logging_mixin.py:137} INFO - [2024-11-22T07:48:19.445+0000] {dagbag.py:538} INFO - Filling up the DagBag from /home/airflow/.local/lib/python3.7/site-packages/airflow/example_dags/example_branch_labels.py
[2024-11-22T07:48:19.452+0000] {processor.py:753} INFO - DAG(s) dict_keys(['example_branch_labels']) retrieved from /home/airflow/.local/lib/python3.7/site-packages/airflow/example_dags/example_branch_labels.py
[2024-11-22T07:48:19.471+0000] {logging_mixin.py:137} INFO - [2024-11-22T07:48:19.471+0000] {dag.py:2690} INFO - Sync 1 DAGs
[2024-11-22T07:48:19.485+0000] {logging_mixin.py:137} INFO - [2024-11-22T07:48:19.485+0000] {dag.py:3441} INFO - Setting next_dagrun for example_branch_labels to 2024-11-21T00:00:00+00:00, run_after=2024-11-22T00:00:00+00:00
[2024-11-22T07:48:19.494+0000] {processor.py:175} INFO - Processing /home/airflow/.local/lib/python3.7/site-packages/airflow/example_dags/example_branch_labels.py took 0.053 seconds
[2024-11-22T07:48:49.624+0000] {processor.py:153} INFO - Started process (PID=1274) to work on /home/airflow/.local/lib/python3.7/site-packages/airflow/example_dags/example_branch_labels.py
[2024-11-22T07:48:49.624+0000] {processor.py:743} INFO - Processing file /home/airflow/.local/lib/python3.7/site-packages/airflow/example_dags/example_branch_labels.py for tasks to queue
[2024-11-22T07:48:49.625+0000] {logging_mixin.py:137} INFO - [2024-11-22T07:48:49.625+0000] {dagbag.py:538} INFO - Filling up the DagBag from /home/airflow/.local/lib/python3.7/site-packages/airflow/example_dags/example_branch_labels.py
[2024-11-22T07:48:49.633+0000] {processor.py:753} INFO - DAG(s) dict_keys(['example_branch_labels']) retrieved from /home/airflow/.local/lib/python3.7/site-packages/airflow/example_dags/example_branch_labels.py
[2024-11-22T07:48:49.652+0000] {logging_mixin.py:137} INFO - [2024-11-22T07:48:49.652+0000] {dag.py:2690} INFO - Sync 1 DAGs
[2024-11-22T07:48:49.671+0000] {logging_mixin.py:137} INFO - [2024-11-22T07:48:49.671+0000] {dag.py:3441} INFO - Setting next_dagrun for example_branch_labels to 2024-11-21T00:00:00+00:00, run_after=2024-11-22T00:00:00+00:00
[2024-11-22T07:48:49.687+0000] {processor.py:175} INFO - Processing /home/airflow/.local/lib/python3.7/site-packages/airflow/example_dags/example_branch_labels.py took 0.065 seconds
[2024-11-22T07:49:20.567+0000] {processor.py:153} INFO - Started process (PID=1345) to work on /home/airflow/.local/lib/python3.7/site-packages/airflow/example_dags/example_branch_labels.py
[2024-11-22T07:49:20.568+0000] {processor.py:743} INFO - Processing file /home/airflow/.local/lib/python3.7/site-packages/airflow/example_dags/example_branch_labels.py for tasks to queue
[2024-11-22T07:49:20.568+0000] {logging_mixin.py:137} INFO - [2024-11-22T07:49:20.568+0000] {dagbag.py:538} INFO - Filling up the DagBag from /home/airflow/.local/lib/python3.7/site-packages/airflow/example_dags/example_branch_labels.py
[2024-11-22T07:49:20.578+0000] {processor.py:753} INFO - DAG(s) dict_keys(['example_branch_labels']) retrieved from /home/airflow/.local/lib/python3.7/site-packages/airflow/example_dags/example_branch_labels.py
[2024-11-22T07:49:20.610+0000] {logging_mixin.py:137} INFO - [2024-11-22T07:49:20.610+0000] {dag.py:2690} INFO - Sync 1 DAGs
[2024-11-22T07:49:20.637+0000] {logging_mixin.py:137} INFO - [2024-11-22T07:49:20.637+0000] {dag.py:3441} INFO - Setting next_dagrun for example_branch_labels to 2024-11-21T00:00:00+00:00, run_after=2024-11-22T00:00:00+00:00
[2024-11-22T07:49:20.664+0000] {processor.py:175} INFO - Processing /home/airflow/.local/lib/python3.7/site-packages/airflow/example_dags/example_branch_labels.py took 0.099 seconds
[2024-11-22T07:49:51.432+0000] {processor.py:153} INFO - Started process (PID=1431) to work on /home/airflow/.local/lib/python3.7/site-packages/airflow/example_dags/example_branch_labels.py
[2024-11-22T07:49:51.433+0000] {processor.py:743} INFO - Processing file /home/airflow/.local/lib/python3.7/site-packages/airflow/example_dags/example_branch_labels.py for tasks to queue
[2024-11-22T07:49:51.433+0000] {logging_mixin.py:137} INFO - [2024-11-22T07:49:51.433+0000] {dagbag.py:538} INFO - Filling up the DagBag from /home/airflow/.local/lib/python3.7/site-packages/airflow/example_dags/example_branch_labels.py
[2024-11-22T07:49:51.444+0000] {processor.py:753} INFO - DAG(s) dict_keys(['example_branch_labels']) retrieved from /home/airflow/.local/lib/python3.7/site-packages/airflow/example_dags/example_branch_labels.py
[2024-11-22T07:49:51.463+0000] {logging_mixin.py:137} INFO - [2024-11-22T07:49:51.463+0000] {dag.py:2690} INFO - Sync 1 DAGs
[2024-11-22T07:49:51.485+0000] {logging_mixin.py:137} INFO - [2024-11-22T07:49:51.484+0000] {dag.py:3441} INFO - Setting next_dagrun for example_branch_labels to 2024-11-21T00:00:00+00:00, run_after=2024-11-22T00:00:00+00:00
[2024-11-22T07:49:51.500+0000] {processor.py:175} INFO - Processing /home/airflow/.local/lib/python3.7/site-packages/airflow/example_dags/example_branch_labels.py took 0.070 seconds
[2024-11-22T07:50:22.483+0000] {processor.py:153} INFO - Started process (PID=1518) to work on /home/airflow/.local/lib/python3.7/site-packages/airflow/example_dags/example_branch_labels.py
[2024-11-22T07:50:22.484+0000] {processor.py:743} INFO - Processing file /home/airflow/.local/lib/python3.7/site-packages/airflow/example_dags/example_branch_labels.py for tasks to queue
[2024-11-22T07:50:22.484+0000] {logging_mixin.py:137} INFO - [2024-11-22T07:50:22.484+0000] {dagbag.py:538} INFO - Filling up the DagBag from /home/airflow/.local/lib/python3.7/site-packages/airflow/example_dags/example_branch_labels.py
[2024-11-22T07:50:22.493+0000] {processor.py:753} INFO - DAG(s) dict_keys(['example_branch_labels']) retrieved from /home/airflow/.local/lib/python3.7/site-packages/airflow/example_dags/example_branch_labels.py
[2024-11-22T07:50:22.515+0000] {logging_mixin.py:137} INFO - [2024-11-22T07:50:22.515+0000] {dag.py:2690} INFO - Sync 1 DAGs
[2024-11-22T07:50:22.530+0000] {logging_mixin.py:137} INFO - [2024-11-22T07:50:22.530+0000] {dag.py:3441} INFO - Setting next_dagrun for example_branch_labels to 2024-11-21T00:00:00+00:00, run_after=2024-11-22T00:00:00+00:00
[2024-11-22T07:50:22.546+0000] {processor.py:175} INFO - Processing /home/airflow/.local/lib/python3.7/site-packages/airflow/example_dags/example_branch_labels.py took 0.065 seconds
[2024-11-22T07:50:52.937+0000] {processor.py:153} INFO - Started process (PID=1588) to work on /home/airflow/.local/lib/python3.7/site-packages/airflow/example_dags/example_branch_labels.py
[2024-11-22T07:50:52.938+0000] {processor.py:743} INFO - Processing file /home/airflow/.local/lib/python3.7/site-packages/airflow/example_dags/example_branch_labels.py for tasks to queue
[2024-11-22T07:50:52.939+0000] {logging_mixin.py:137} INFO - [2024-11-22T07:50:52.938+0000] {dagbag.py:538} INFO - Filling up the DagBag from /home/airflow/.local/lib/python3.7/site-packages/airflow/example_dags/example_branch_labels.py
[2024-11-22T07:50:52.952+0000] {processor.py:753} INFO - DAG(s) dict_keys(['example_branch_labels']) retrieved from /home/airflow/.local/lib/python3.7/site-packages/airflow/example_dags/example_branch_labels.py
[2024-11-22T07:50:52.969+0000] {logging_mixin.py:137} INFO - [2024-11-22T07:50:52.969+0000] {dag.py:2690} INFO - Sync 1 DAGs
[2024-11-22T07:50:52.984+0000] {logging_mixin.py:137} INFO - [2024-11-22T07:50:52.984+0000] {dag.py:3441} INFO - Setting next_dagrun for example_branch_labels to 2024-11-21T00:00:00+00:00, run_after=2024-11-22T00:00:00+00:00
[2024-11-22T07:50:52.997+0000] {processor.py:175} INFO - Processing /home/airflow/.local/lib/python3.7/site-packages/airflow/example_dags/example_branch_labels.py took 0.080 seconds
[2024-11-22T07:51:23.647+0000] {processor.py:153} INFO - Started process (PID=1675) to work on /home/airflow/.local/lib/python3.7/site-packages/airflow/example_dags/example_branch_labels.py
[2024-11-22T07:51:23.647+0000] {processor.py:743} INFO - Processing file /home/airflow/.local/lib/python3.7/site-packages/airflow/example_dags/example_branch_labels.py for tasks to queue
[2024-11-22T07:51:23.648+0000] {logging_mixin.py:137} INFO - [2024-11-22T07:51:23.648+0000] {dagbag.py:538} INFO - Filling up the DagBag from /home/airflow/.local/lib/python3.7/site-packages/airflow/example_dags/example_branch_labels.py
[2024-11-22T07:51:23.659+0000] {processor.py:753} INFO - DAG(s) dict_keys(['example_branch_labels']) retrieved from /home/airflow/.local/lib/python3.7/site-packages/airflow/example_dags/example_branch_labels.py
[2024-11-22T07:51:23.704+0000] {logging_mixin.py:137} INFO - [2024-11-22T07:51:23.704+0000] {dag.py:2690} INFO - Sync 1 DAGs
[2024-11-22T07:51:23.774+0000] {logging_mixin.py:137} INFO - [2024-11-22T07:51:23.774+0000] {dag.py:3441} INFO - Setting next_dagrun for example_branch_labels to 2024-11-21T00:00:00+00:00, run_after=2024-11-22T00:00:00+00:00
[2024-11-22T07:51:23.868+0000] {processor.py:175} INFO - Processing /home/airflow/.local/lib/python3.7/site-packages/airflow/example_dags/example_branch_labels.py took 0.222 seconds
[2024-11-22T07:51:53.977+0000] {processor.py:153} INFO - Started process (PID=1762) to work on /home/airflow/.local/lib/python3.7/site-packages/airflow/example_dags/example_branch_labels.py
[2024-11-22T07:51:53.978+0000] {processor.py:743} INFO - Processing file /home/airflow/.local/lib/python3.7/site-packages/airflow/example_dags/example_branch_labels.py for tasks to queue
[2024-11-22T07:51:53.979+0000] {logging_mixin.py:137} INFO - [2024-11-22T07:51:53.979+0000] {dagbag.py:538} INFO - Filling up the DagBag from /home/airflow/.local/lib/python3.7/site-packages/airflow/example_dags/example_branch_labels.py
[2024-11-22T07:51:54.000+0000] {processor.py:753} INFO - DAG(s) dict_keys(['example_branch_labels']) retrieved from /home/airflow/.local/lib/python3.7/site-packages/airflow/example_dags/example_branch_labels.py
[2024-11-22T07:51:54.030+0000] {logging_mixin.py:137} INFO - [2024-11-22T07:51:54.030+0000] {dag.py:2690} INFO - Sync 1 DAGs
[2024-11-22T07:51:54.048+0000] {logging_mixin.py:137} INFO - [2024-11-22T07:51:54.048+0000] {dag.py:3441} INFO - Setting next_dagrun for example_branch_labels to 2024-11-21T00:00:00+00:00, run_after=2024-11-22T00:00:00+00:00
[2024-11-22T07:51:54.065+0000] {processor.py:175} INFO - Processing /home/airflow/.local/lib/python3.7/site-packages/airflow/example_dags/example_branch_labels.py took 0.090 seconds
[2024-11-22T07:52:24.147+0000] {processor.py:153} INFO - Started process (PID=1833) to work on /home/airflow/.local/lib/python3.7/site-packages/airflow/example_dags/example_branch_labels.py
[2024-11-22T07:52:24.150+0000] {processor.py:743} INFO - Processing file /home/airflow/.local/lib/python3.7/site-packages/airflow/example_dags/example_branch_labels.py for tasks to queue
[2024-11-22T07:52:24.151+0000] {logging_mixin.py:137} INFO - [2024-11-22T07:52:24.150+0000] {dagbag.py:538} INFO - Filling up the DagBag from /home/airflow/.local/lib/python3.7/site-packages/airflow/example_dags/example_branch_labels.py
[2024-11-22T07:52:24.160+0000] {processor.py:753} INFO - DAG(s) dict_keys(['example_branch_labels']) retrieved from /home/airflow/.local/lib/python3.7/site-packages/airflow/example_dags/example_branch_labels.py
[2024-11-22T07:52:24.181+0000] {logging_mixin.py:137} INFO - [2024-11-22T07:52:24.181+0000] {dag.py:2690} INFO - Sync 1 DAGs
[2024-11-22T07:52:24.201+0000] {logging_mixin.py:137} INFO - [2024-11-22T07:52:24.200+0000] {dag.py:3441} INFO - Setting next_dagrun for example_branch_labels to 2024-11-21T00:00:00+00:00, run_after=2024-11-22T00:00:00+00:00
[2024-11-22T07:52:24.213+0000] {processor.py:175} INFO - Processing /home/airflow/.local/lib/python3.7/site-packages/airflow/example_dags/example_branch_labels.py took 0.076 seconds
[2024-11-22T07:52:54.388+0000] {processor.py:153} INFO - Started process (PID=1920) to work on /home/airflow/.local/lib/python3.7/site-packages/airflow/example_dags/example_branch_labels.py
[2024-11-22T07:52:54.390+0000] {processor.py:743} INFO - Processing file /home/airflow/.local/lib/python3.7/site-packages/airflow/example_dags/example_branch_labels.py for tasks to queue
[2024-11-22T07:52:54.390+0000] {logging_mixin.py:137} INFO - [2024-11-22T07:52:54.390+0000] {dagbag.py:538} INFO - Filling up the DagBag from /home/airflow/.local/lib/python3.7/site-packages/airflow/example_dags/example_branch_labels.py
[2024-11-22T07:52:54.400+0000] {processor.py:753} INFO - DAG(s) dict_keys(['example_branch_labels']) retrieved from /home/airflow/.local/lib/python3.7/site-packages/airflow/example_dags/example_branch_labels.py
[2024-11-22T07:52:54.413+0000] {logging_mixin.py:137} INFO - [2024-11-22T07:52:54.413+0000] {dag.py:2690} INFO - Sync 1 DAGs
[2024-11-22T07:52:54.426+0000] {logging_mixin.py:137} INFO - [2024-11-22T07:52:54.426+0000] {dag.py:3441} INFO - Setting next_dagrun for example_branch_labels to 2024-11-21T00:00:00+00:00, run_after=2024-11-22T00:00:00+00:00
[2024-11-22T07:52:54.438+0000] {processor.py:175} INFO - Processing /home/airflow/.local/lib/python3.7/site-packages/airflow/example_dags/example_branch_labels.py took 0.052 seconds
[2024-11-22T07:53:25.298+0000] {processor.py:153} INFO - Started process (PID=2000) to work on /home/airflow/.local/lib/python3.7/site-packages/airflow/example_dags/example_branch_labels.py
[2024-11-22T07:53:25.298+0000] {processor.py:743} INFO - Processing file /home/airflow/.local/lib/python3.7/site-packages/airflow/example_dags/example_branch_labels.py for tasks to queue
[2024-11-22T07:53:25.299+0000] {logging_mixin.py:137} INFO - [2024-11-22T07:53:25.299+0000] {dagbag.py:538} INFO - Filling up the DagBag from /home/airflow/.local/lib/python3.7/site-packages/airflow/example_dags/example_branch_labels.py
[2024-11-22T07:53:25.310+0000] {processor.py:753} INFO - DAG(s) dict_keys(['example_branch_labels']) retrieved from /home/airflow/.local/lib/python3.7/site-packages/airflow/example_dags/example_branch_labels.py
[2024-11-22T07:53:25.338+0000] {logging_mixin.py:137} INFO - [2024-11-22T07:53:25.338+0000] {dag.py:2690} INFO - Sync 1 DAGs
[2024-11-22T07:53:25.356+0000] {logging_mixin.py:137} INFO - [2024-11-22T07:53:25.356+0000] {dag.py:3441} INFO - Setting next_dagrun for example_branch_labels to 2024-11-21T00:00:00+00:00, run_after=2024-11-22T00:00:00+00:00
[2024-11-22T07:53:25.378+0000] {processor.py:175} INFO - Processing /home/airflow/.local/lib/python3.7/site-packages/airflow/example_dags/example_branch_labels.py took 0.083 seconds
[2024-11-22T07:53:56.215+0000] {processor.py:153} INFO - Started process (PID=2078) to work on /home/airflow/.local/lib/python3.7/site-packages/airflow/example_dags/example_branch_labels.py
[2024-11-22T07:53:56.217+0000] {processor.py:743} INFO - Processing file /home/airflow/.local/lib/python3.7/site-packages/airflow/example_dags/example_branch_labels.py for tasks to queue
[2024-11-22T07:53:56.217+0000] {logging_mixin.py:137} INFO - [2024-11-22T07:53:56.217+0000] {dagbag.py:538} INFO - Filling up the DagBag from /home/airflow/.local/lib/python3.7/site-packages/airflow/example_dags/example_branch_labels.py
[2024-11-22T07:53:56.228+0000] {processor.py:753} INFO - DAG(s) dict_keys(['example_branch_labels']) retrieved from /home/airflow/.local/lib/python3.7/site-packages/airflow/example_dags/example_branch_labels.py
[2024-11-22T07:53:56.246+0000] {logging_mixin.py:137} INFO - [2024-11-22T07:53:56.245+0000] {dag.py:2690} INFO - Sync 1 DAGs
[2024-11-22T07:53:56.266+0000] {logging_mixin.py:137} INFO - [2024-11-22T07:53:56.266+0000] {dag.py:3441} INFO - Setting next_dagrun for example_branch_labels to 2024-11-21T00:00:00+00:00, run_after=2024-11-22T00:00:00+00:00
[2024-11-22T07:53:56.276+0000] {processor.py:175} INFO - Processing /home/airflow/.local/lib/python3.7/site-packages/airflow/example_dags/example_branch_labels.py took 0.063 seconds
[2024-11-22T07:54:26.543+0000] {processor.py:153} INFO - Started process (PID=2165) to work on /home/airflow/.local/lib/python3.7/site-packages/airflow/example_dags/example_branch_labels.py
[2024-11-22T07:54:26.544+0000] {processor.py:743} INFO - Processing file /home/airflow/.local/lib/python3.7/site-packages/airflow/example_dags/example_branch_labels.py for tasks to queue
[2024-11-22T07:54:26.544+0000] {logging_mixin.py:137} INFO - [2024-11-22T07:54:26.544+0000] {dagbag.py:538} INFO - Filling up the DagBag from /home/airflow/.local/lib/python3.7/site-packages/airflow/example_dags/example_branch_labels.py
[2024-11-22T07:54:26.553+0000] {processor.py:753} INFO - DAG(s) dict_keys(['example_branch_labels']) retrieved from /home/airflow/.local/lib/python3.7/site-packages/airflow/example_dags/example_branch_labels.py
[2024-11-22T07:54:26.570+0000] {logging_mixin.py:137} INFO - [2024-11-22T07:54:26.570+0000] {dag.py:2690} INFO - Sync 1 DAGs
[2024-11-22T07:54:26.584+0000] {logging_mixin.py:137} INFO - [2024-11-22T07:54:26.584+0000] {dag.py:3441} INFO - Setting next_dagrun for example_branch_labels to 2024-11-21T00:00:00+00:00, run_after=2024-11-22T00:00:00+00:00
[2024-11-22T07:54:26.593+0000] {processor.py:175} INFO - Processing /home/airflow/.local/lib/python3.7/site-packages/airflow/example_dags/example_branch_labels.py took 0.057 seconds
[2024-11-22T07:54:57.554+0000] {processor.py:153} INFO - Started process (PID=2252) to work on /home/airflow/.local/lib/python3.7/site-packages/airflow/example_dags/example_branch_labels.py
[2024-11-22T07:54:57.555+0000] {processor.py:743} INFO - Processing file /home/airflow/.local/lib/python3.7/site-packages/airflow/example_dags/example_branch_labels.py for tasks to queue
[2024-11-22T07:54:57.555+0000] {logging_mixin.py:137} INFO - [2024-11-22T07:54:57.555+0000] {dagbag.py:538} INFO - Filling up the DagBag from /home/airflow/.local/lib/python3.7/site-packages/airflow/example_dags/example_branch_labels.py
[2024-11-22T07:54:57.564+0000] {processor.py:753} INFO - DAG(s) dict_keys(['example_branch_labels']) retrieved from /home/airflow/.local/lib/python3.7/site-packages/airflow/example_dags/example_branch_labels.py
[2024-11-22T07:54:57.587+0000] {logging_mixin.py:137} INFO - [2024-11-22T07:54:57.586+0000] {dag.py:2690} INFO - Sync 1 DAGs
[2024-11-22T07:54:57.609+0000] {logging_mixin.py:137} INFO - [2024-11-22T07:54:57.609+0000] {dag.py:3441} INFO - Setting next_dagrun for example_branch_labels to 2024-11-21T00:00:00+00:00, run_after=2024-11-22T00:00:00+00:00
[2024-11-22T07:54:57.619+0000] {processor.py:175} INFO - Processing /home/airflow/.local/lib/python3.7/site-packages/airflow/example_dags/example_branch_labels.py took 0.068 seconds
[2024-11-22T07:55:28.421+0000] {processor.py:153} INFO - Started process (PID=2323) to work on /home/airflow/.local/lib/python3.7/site-packages/airflow/example_dags/example_branch_labels.py
[2024-11-22T07:55:28.423+0000] {processor.py:743} INFO - Processing file /home/airflow/.local/lib/python3.7/site-packages/airflow/example_dags/example_branch_labels.py for tasks to queue
[2024-11-22T07:55:28.423+0000] {logging_mixin.py:137} INFO - [2024-11-22T07:55:28.423+0000] {dagbag.py:538} INFO - Filling up the DagBag from /home/airflow/.local/lib/python3.7/site-packages/airflow/example_dags/example_branch_labels.py
[2024-11-22T07:55:28.433+0000] {processor.py:753} INFO - DAG(s) dict_keys(['example_branch_labels']) retrieved from /home/airflow/.local/lib/python3.7/site-packages/airflow/example_dags/example_branch_labels.py
[2024-11-22T07:55:28.449+0000] {logging_mixin.py:137} INFO - [2024-11-22T07:55:28.448+0000] {dag.py:2690} INFO - Sync 1 DAGs
[2024-11-22T07:55:28.463+0000] {logging_mixin.py:137} INFO - [2024-11-22T07:55:28.463+0000] {dag.py:3441} INFO - Setting next_dagrun for example_branch_labels to 2024-11-21T00:00:00+00:00, run_after=2024-11-22T00:00:00+00:00
[2024-11-22T07:55:28.472+0000] {processor.py:175} INFO - Processing /home/airflow/.local/lib/python3.7/site-packages/airflow/example_dags/example_branch_labels.py took 0.055 seconds
[2024-11-22T07:55:59.071+0000] {processor.py:153} INFO - Started process (PID=2410) to work on /home/airflow/.local/lib/python3.7/site-packages/airflow/example_dags/example_branch_labels.py
[2024-11-22T07:55:59.073+0000] {processor.py:743} INFO - Processing file /home/airflow/.local/lib/python3.7/site-packages/airflow/example_dags/example_branch_labels.py for tasks to queue
[2024-11-22T07:55:59.074+0000] {logging_mixin.py:137} INFO - [2024-11-22T07:55:59.073+0000] {dagbag.py:538} INFO - Filling up the DagBag from /home/airflow/.local/lib/python3.7/site-packages/airflow/example_dags/example_branch_labels.py
[2024-11-22T07:55:59.082+0000] {processor.py:753} INFO - DAG(s) dict_keys(['example_branch_labels']) retrieved from /home/airflow/.local/lib/python3.7/site-packages/airflow/example_dags/example_branch_labels.py
[2024-11-22T07:55:59.095+0000] {logging_mixin.py:137} INFO - [2024-11-22T07:55:59.095+0000] {dag.py:2690} INFO - Sync 1 DAGs
[2024-11-22T07:55:59.106+0000] {logging_mixin.py:137} INFO - [2024-11-22T07:55:59.106+0000] {dag.py:3441} INFO - Setting next_dagrun for example_branch_labels to 2024-11-21T00:00:00+00:00, run_after=2024-11-22T00:00:00+00:00
[2024-11-22T07:55:59.113+0000] {processor.py:175} INFO - Processing /home/airflow/.local/lib/python3.7/site-packages/airflow/example_dags/example_branch_labels.py took 0.043 seconds
[2024-11-22T07:56:29.490+0000] {processor.py:153} INFO - Started process (PID=2497) to work on /home/airflow/.local/lib/python3.7/site-packages/airflow/example_dags/example_branch_labels.py
[2024-11-22T07:56:29.490+0000] {processor.py:743} INFO - Processing file /home/airflow/.local/lib/python3.7/site-packages/airflow/example_dags/example_branch_labels.py for tasks to queue
[2024-11-22T07:56:29.491+0000] {logging_mixin.py:137} INFO - [2024-11-22T07:56:29.491+0000] {dagbag.py:538} INFO - Filling up the DagBag from /home/airflow/.local/lib/python3.7/site-packages/airflow/example_dags/example_branch_labels.py
[2024-11-22T07:56:29.499+0000] {processor.py:753} INFO - DAG(s) dict_keys(['example_branch_labels']) retrieved from /home/airflow/.local/lib/python3.7/site-packages/airflow/example_dags/example_branch_labels.py
[2024-11-22T07:56:29.512+0000] {logging_mixin.py:137} INFO - [2024-11-22T07:56:29.512+0000] {dag.py:2690} INFO - Sync 1 DAGs
[2024-11-22T07:56:29.524+0000] {logging_mixin.py:137} INFO - [2024-11-22T07:56:29.524+0000] {dag.py:3441} INFO - Setting next_dagrun for example_branch_labels to 2024-11-21T00:00:00+00:00, run_after=2024-11-22T00:00:00+00:00
[2024-11-22T07:56:29.531+0000] {processor.py:175} INFO - Processing /home/airflow/.local/lib/python3.7/site-packages/airflow/example_dags/example_branch_labels.py took 0.043 seconds
[2024-11-22T07:57:00.520+0000] {processor.py:153} INFO - Started process (PID=2568) to work on /home/airflow/.local/lib/python3.7/site-packages/airflow/example_dags/example_branch_labels.py
[2024-11-22T07:57:00.521+0000] {processor.py:743} INFO - Processing file /home/airflow/.local/lib/python3.7/site-packages/airflow/example_dags/example_branch_labels.py for tasks to queue
[2024-11-22T07:57:00.521+0000] {logging_mixin.py:137} INFO - [2024-11-22T07:57:00.521+0000] {dagbag.py:538} INFO - Filling up the DagBag from /home/airflow/.local/lib/python3.7/site-packages/airflow/example_dags/example_branch_labels.py
[2024-11-22T07:57:00.531+0000] {processor.py:753} INFO - DAG(s) dict_keys(['example_branch_labels']) retrieved from /home/airflow/.local/lib/python3.7/site-packages/airflow/example_dags/example_branch_labels.py
[2024-11-22T07:57:00.553+0000] {logging_mixin.py:137} INFO - [2024-11-22T07:57:00.553+0000] {dag.py:2690} INFO - Sync 1 DAGs
[2024-11-22T07:57:00.578+0000] {logging_mixin.py:137} INFO - [2024-11-22T07:57:00.578+0000] {dag.py:3441} INFO - Setting next_dagrun for example_branch_labels to 2024-11-21T00:00:00+00:00, run_after=2024-11-22T00:00:00+00:00
[2024-11-22T07:57:00.588+0000] {processor.py:175} INFO - Processing /home/airflow/.local/lib/python3.7/site-packages/airflow/example_dags/example_branch_labels.py took 0.070 seconds
[2024-11-22T07:57:30.603+0000] {processor.py:153} INFO - Started process (PID=2655) to work on /home/airflow/.local/lib/python3.7/site-packages/airflow/example_dags/example_branch_labels.py
[2024-11-22T07:57:30.604+0000] {processor.py:743} INFO - Processing file /home/airflow/.local/lib/python3.7/site-packages/airflow/example_dags/example_branch_labels.py for tasks to queue
[2024-11-22T07:57:30.604+0000] {logging_mixin.py:137} INFO - [2024-11-22T07:57:30.604+0000] {dagbag.py:538} INFO - Filling up the DagBag from /home/airflow/.local/lib/python3.7/site-packages/airflow/example_dags/example_branch_labels.py
[2024-11-22T07:57:30.611+0000] {processor.py:753} INFO - DAG(s) dict_keys(['example_branch_labels']) retrieved from /home/airflow/.local/lib/python3.7/site-packages/airflow/example_dags/example_branch_labels.py
[2024-11-22T07:57:30.625+0000] {logging_mixin.py:137} INFO - [2024-11-22T07:57:30.625+0000] {dag.py:2690} INFO - Sync 1 DAGs
[2024-11-22T07:57:30.636+0000] {logging_mixin.py:137} INFO - [2024-11-22T07:57:30.636+0000] {dag.py:3441} INFO - Setting next_dagrun for example_branch_labels to 2024-11-21T00:00:00+00:00, run_after=2024-11-22T00:00:00+00:00
[2024-11-22T07:57:30.642+0000] {processor.py:175} INFO - Processing /home/airflow/.local/lib/python3.7/site-packages/airflow/example_dags/example_branch_labels.py took 0.040 seconds
[2024-11-22T07:58:01.422+0000] {processor.py:153} INFO - Started process (PID=2742) to work on /home/airflow/.local/lib/python3.7/site-packages/airflow/example_dags/example_branch_labels.py
[2024-11-22T07:58:01.423+0000] {processor.py:743} INFO - Processing file /home/airflow/.local/lib/python3.7/site-packages/airflow/example_dags/example_branch_labels.py for tasks to queue
[2024-11-22T07:58:01.424+0000] {logging_mixin.py:137} INFO - [2024-11-22T07:58:01.424+0000] {dagbag.py:538} INFO - Filling up the DagBag from /home/airflow/.local/lib/python3.7/site-packages/airflow/example_dags/example_branch_labels.py
[2024-11-22T07:58:01.445+0000] {processor.py:753} INFO - DAG(s) dict_keys(['example_branch_labels']) retrieved from /home/airflow/.local/lib/python3.7/site-packages/airflow/example_dags/example_branch_labels.py
[2024-11-22T07:58:01.467+0000] {logging_mixin.py:137} INFO - [2024-11-22T07:58:01.466+0000] {dag.py:2690} INFO - Sync 1 DAGs
[2024-11-22T07:58:01.482+0000] {logging_mixin.py:137} INFO - [2024-11-22T07:58:01.482+0000] {dag.py:3441} INFO - Setting next_dagrun for example_branch_labels to 2024-11-21T00:00:00+00:00, run_after=2024-11-22T00:00:00+00:00
[2024-11-22T07:58:01.493+0000] {processor.py:175} INFO - Processing /home/airflow/.local/lib/python3.7/site-packages/airflow/example_dags/example_branch_labels.py took 0.075 seconds
