[2024-11-22T09:03:22.485+0000] {processor.py:153} INFO - Started process (PID=399) to work on /home/airflow/.local/lib/python3.7/site-packages/airflow/example_dags/example_local_kubernetes_executor.py
[2024-11-22T09:03:22.487+0000] {processor.py:743} INFO - Processing file /home/airflow/.local/lib/python3.7/site-packages/airflow/example_dags/example_local_kubernetes_executor.py for tasks to queue
[2024-11-22T09:03:22.488+0000] {logging_mixin.py:137} INFO - [2024-11-22T09:03:22.488+0000] {dagbag.py:538} INFO - Filling up the DagBag from /home/airflow/.local/lib/python3.7/site-packages/airflow/example_dags/example_local_kubernetes_executor.py
[2024-11-22T09:03:22.501+0000] {processor.py:753} INFO - DAG(s) dict_keys(['example_local_kubernetes_executor']) retrieved from /home/airflow/.local/lib/python3.7/site-packages/airflow/example_dags/example_local_kubernetes_executor.py
[2024-11-22T09:03:22.517+0000] {logging_mixin.py:137} INFO - [2024-11-22T09:03:22.517+0000] {dag.py:2690} INFO - Sync 1 DAGs
[2024-11-22T09:03:22.533+0000] {logging_mixin.py:137} INFO - [2024-11-22T09:03:22.533+0000] {dag.py:3441} INFO - Setting next_dagrun for example_local_kubernetes_executor to None, run_after=None
[2024-11-22T09:03:22.543+0000] {processor.py:175} INFO - Processing /home/airflow/.local/lib/python3.7/site-packages/airflow/example_dags/example_local_kubernetes_executor.py took 0.060 seconds
[2024-11-22T09:03:52.974+0000] {processor.py:153} INFO - Started process (PID=489) to work on /home/airflow/.local/lib/python3.7/site-packages/airflow/example_dags/example_local_kubernetes_executor.py
[2024-11-22T09:03:52.975+0000] {processor.py:743} INFO - Processing file /home/airflow/.local/lib/python3.7/site-packages/airflow/example_dags/example_local_kubernetes_executor.py for tasks to queue
[2024-11-22T09:03:52.975+0000] {logging_mixin.py:137} INFO - [2024-11-22T09:03:52.975+0000] {dagbag.py:538} INFO - Filling up the DagBag from /home/airflow/.local/lib/python3.7/site-packages/airflow/example_dags/example_local_kubernetes_executor.py
[2024-11-22T09:03:52.985+0000] {processor.py:753} INFO - DAG(s) dict_keys(['example_local_kubernetes_executor']) retrieved from /home/airflow/.local/lib/python3.7/site-packages/airflow/example_dags/example_local_kubernetes_executor.py
[2024-11-22T09:03:53.004+0000] {logging_mixin.py:137} INFO - [2024-11-22T09:03:53.004+0000] {dag.py:2690} INFO - Sync 1 DAGs
[2024-11-22T09:03:53.015+0000] {logging_mixin.py:137} INFO - [2024-11-22T09:03:53.015+0000] {dag.py:3441} INFO - Setting next_dagrun for example_local_kubernetes_executor to None, run_after=None
[2024-11-22T09:03:53.024+0000] {processor.py:175} INFO - Processing /home/airflow/.local/lib/python3.7/site-packages/airflow/example_dags/example_local_kubernetes_executor.py took 0.051 seconds
[2024-11-22T09:04:23.506+0000] {processor.py:153} INFO - Started process (PID=563) to work on /home/airflow/.local/lib/python3.7/site-packages/airflow/example_dags/example_local_kubernetes_executor.py
[2024-11-22T09:04:23.507+0000] {processor.py:743} INFO - Processing file /home/airflow/.local/lib/python3.7/site-packages/airflow/example_dags/example_local_kubernetes_executor.py for tasks to queue
[2024-11-22T09:04:23.509+0000] {logging_mixin.py:137} INFO - [2024-11-22T09:04:23.508+0000] {dagbag.py:538} INFO - Filling up the DagBag from /home/airflow/.local/lib/python3.7/site-packages/airflow/example_dags/example_local_kubernetes_executor.py
[2024-11-22T09:04:23.522+0000] {processor.py:753} INFO - DAG(s) dict_keys(['example_local_kubernetes_executor']) retrieved from /home/airflow/.local/lib/python3.7/site-packages/airflow/example_dags/example_local_kubernetes_executor.py
[2024-11-22T09:04:23.536+0000] {logging_mixin.py:137} INFO - [2024-11-22T09:04:23.536+0000] {dag.py:2690} INFO - Sync 1 DAGs
[2024-11-22T09:04:23.548+0000] {logging_mixin.py:137} INFO - [2024-11-22T09:04:23.548+0000] {dag.py:3441} INFO - Setting next_dagrun for example_local_kubernetes_executor to None, run_after=None
[2024-11-22T09:04:23.557+0000] {processor.py:175} INFO - Processing /home/airflow/.local/lib/python3.7/site-packages/airflow/example_dags/example_local_kubernetes_executor.py took 0.054 seconds
[2024-11-22T09:04:54.296+0000] {processor.py:153} INFO - Started process (PID=652) to work on /home/airflow/.local/lib/python3.7/site-packages/airflow/example_dags/example_local_kubernetes_executor.py
[2024-11-22T09:04:54.296+0000] {processor.py:743} INFO - Processing file /home/airflow/.local/lib/python3.7/site-packages/airflow/example_dags/example_local_kubernetes_executor.py for tasks to queue
[2024-11-22T09:04:54.297+0000] {logging_mixin.py:137} INFO - [2024-11-22T09:04:54.297+0000] {dagbag.py:538} INFO - Filling up the DagBag from /home/airflow/.local/lib/python3.7/site-packages/airflow/example_dags/example_local_kubernetes_executor.py
[2024-11-22T09:04:54.309+0000] {processor.py:753} INFO - DAG(s) dict_keys(['example_local_kubernetes_executor']) retrieved from /home/airflow/.local/lib/python3.7/site-packages/airflow/example_dags/example_local_kubernetes_executor.py
[2024-11-22T09:04:54.322+0000] {logging_mixin.py:137} INFO - [2024-11-22T09:04:54.322+0000] {dag.py:2690} INFO - Sync 1 DAGs
[2024-11-22T09:04:54.334+0000] {logging_mixin.py:137} INFO - [2024-11-22T09:04:54.334+0000] {dag.py:3441} INFO - Setting next_dagrun for example_local_kubernetes_executor to None, run_after=None
[2024-11-22T09:04:54.342+0000] {processor.py:175} INFO - Processing /home/airflow/.local/lib/python3.7/site-packages/airflow/example_dags/example_local_kubernetes_executor.py took 0.048 seconds
[2024-11-22T09:05:25.083+0000] {processor.py:153} INFO - Started process (PID=742) to work on /home/airflow/.local/lib/python3.7/site-packages/airflow/example_dags/example_local_kubernetes_executor.py
[2024-11-22T09:05:25.086+0000] {processor.py:743} INFO - Processing file /home/airflow/.local/lib/python3.7/site-packages/airflow/example_dags/example_local_kubernetes_executor.py for tasks to queue
[2024-11-22T09:05:25.086+0000] {logging_mixin.py:137} INFO - [2024-11-22T09:05:25.086+0000] {dagbag.py:538} INFO - Filling up the DagBag from /home/airflow/.local/lib/python3.7/site-packages/airflow/example_dags/example_local_kubernetes_executor.py
[2024-11-22T09:05:25.099+0000] {processor.py:753} INFO - DAG(s) dict_keys(['example_local_kubernetes_executor']) retrieved from /home/airflow/.local/lib/python3.7/site-packages/airflow/example_dags/example_local_kubernetes_executor.py
[2024-11-22T09:05:25.115+0000] {logging_mixin.py:137} INFO - [2024-11-22T09:05:25.115+0000] {dag.py:2690} INFO - Sync 1 DAGs
[2024-11-22T09:05:25.127+0000] {logging_mixin.py:137} INFO - [2024-11-22T09:05:25.126+0000] {dag.py:3441} INFO - Setting next_dagrun for example_local_kubernetes_executor to None, run_after=None
[2024-11-22T09:05:25.136+0000] {processor.py:175} INFO - Processing /home/airflow/.local/lib/python3.7/site-packages/airflow/example_dags/example_local_kubernetes_executor.py took 0.055 seconds
[2024-11-22T09:05:56.332+0000] {processor.py:153} INFO - Started process (PID=832) to work on /home/airflow/.local/lib/python3.7/site-packages/airflow/example_dags/example_local_kubernetes_executor.py
[2024-11-22T09:05:56.333+0000] {processor.py:743} INFO - Processing file /home/airflow/.local/lib/python3.7/site-packages/airflow/example_dags/example_local_kubernetes_executor.py for tasks to queue
[2024-11-22T09:05:56.334+0000] {logging_mixin.py:137} INFO - [2024-11-22T09:05:56.334+0000] {dagbag.py:538} INFO - Filling up the DagBag from /home/airflow/.local/lib/python3.7/site-packages/airflow/example_dags/example_local_kubernetes_executor.py
[2024-11-22T09:05:56.351+0000] {processor.py:753} INFO - DAG(s) dict_keys(['example_local_kubernetes_executor']) retrieved from /home/airflow/.local/lib/python3.7/site-packages/airflow/example_dags/example_local_kubernetes_executor.py
[2024-11-22T09:05:56.381+0000] {logging_mixin.py:137} INFO - [2024-11-22T09:05:56.381+0000] {dag.py:2690} INFO - Sync 1 DAGs
[2024-11-22T09:05:56.401+0000] {logging_mixin.py:137} INFO - [2024-11-22T09:05:56.400+0000] {dag.py:3441} INFO - Setting next_dagrun for example_local_kubernetes_executor to None, run_after=None
[2024-11-22T09:05:56.426+0000] {processor.py:175} INFO - Processing /home/airflow/.local/lib/python3.7/site-packages/airflow/example_dags/example_local_kubernetes_executor.py took 0.098 seconds
[2024-11-22T09:06:27.326+0000] {processor.py:153} INFO - Started process (PID=906) to work on /home/airflow/.local/lib/python3.7/site-packages/airflow/example_dags/example_local_kubernetes_executor.py
[2024-11-22T09:06:27.327+0000] {processor.py:743} INFO - Processing file /home/airflow/.local/lib/python3.7/site-packages/airflow/example_dags/example_local_kubernetes_executor.py for tasks to queue
[2024-11-22T09:06:27.327+0000] {logging_mixin.py:137} INFO - [2024-11-22T09:06:27.327+0000] {dagbag.py:538} INFO - Filling up the DagBag from /home/airflow/.local/lib/python3.7/site-packages/airflow/example_dags/example_local_kubernetes_executor.py
[2024-11-22T09:06:27.340+0000] {processor.py:753} INFO - DAG(s) dict_keys(['example_local_kubernetes_executor']) retrieved from /home/airflow/.local/lib/python3.7/site-packages/airflow/example_dags/example_local_kubernetes_executor.py
[2024-11-22T09:06:27.354+0000] {logging_mixin.py:137} INFO - [2024-11-22T09:06:27.354+0000] {dag.py:2690} INFO - Sync 1 DAGs
[2024-11-22T09:06:27.366+0000] {logging_mixin.py:137} INFO - [2024-11-22T09:06:27.366+0000] {dag.py:3441} INFO - Setting next_dagrun for example_local_kubernetes_executor to None, run_after=None
[2024-11-22T09:06:27.375+0000] {processor.py:175} INFO - Processing /home/airflow/.local/lib/python3.7/site-packages/airflow/example_dags/example_local_kubernetes_executor.py took 0.050 seconds
[2024-11-22T09:06:58.093+0000] {processor.py:153} INFO - Started process (PID=996) to work on /home/airflow/.local/lib/python3.7/site-packages/airflow/example_dags/example_local_kubernetes_executor.py
[2024-11-22T09:06:58.093+0000] {processor.py:743} INFO - Processing file /home/airflow/.local/lib/python3.7/site-packages/airflow/example_dags/example_local_kubernetes_executor.py for tasks to queue
[2024-11-22T09:06:58.093+0000] {logging_mixin.py:137} INFO - [2024-11-22T09:06:58.093+0000] {dagbag.py:538} INFO - Filling up the DagBag from /home/airflow/.local/lib/python3.7/site-packages/airflow/example_dags/example_local_kubernetes_executor.py
[2024-11-22T09:06:58.103+0000] {processor.py:753} INFO - DAG(s) dict_keys(['example_local_kubernetes_executor']) retrieved from /home/airflow/.local/lib/python3.7/site-packages/airflow/example_dags/example_local_kubernetes_executor.py
[2024-11-22T09:06:58.115+0000] {logging_mixin.py:137} INFO - [2024-11-22T09:06:58.115+0000] {dag.py:2690} INFO - Sync 1 DAGs
[2024-11-22T09:06:58.125+0000] {logging_mixin.py:137} INFO - [2024-11-22T09:06:58.125+0000] {dag.py:3441} INFO - Setting next_dagrun for example_local_kubernetes_executor to None, run_after=None
[2024-11-22T09:06:58.132+0000] {processor.py:175} INFO - Processing /home/airflow/.local/lib/python3.7/site-packages/airflow/example_dags/example_local_kubernetes_executor.py took 0.042 seconds
[2024-11-22T09:07:29.060+0000] {processor.py:153} INFO - Started process (PID=1086) to work on /home/airflow/.local/lib/python3.7/site-packages/airflow/example_dags/example_local_kubernetes_executor.py
[2024-11-22T09:07:29.061+0000] {processor.py:743} INFO - Processing file /home/airflow/.local/lib/python3.7/site-packages/airflow/example_dags/example_local_kubernetes_executor.py for tasks to queue
[2024-11-22T09:07:29.061+0000] {logging_mixin.py:137} INFO - [2024-11-22T09:07:29.061+0000] {dagbag.py:538} INFO - Filling up the DagBag from /home/airflow/.local/lib/python3.7/site-packages/airflow/example_dags/example_local_kubernetes_executor.py
[2024-11-22T09:07:29.074+0000] {processor.py:753} INFO - DAG(s) dict_keys(['example_local_kubernetes_executor']) retrieved from /home/airflow/.local/lib/python3.7/site-packages/airflow/example_dags/example_local_kubernetes_executor.py
[2024-11-22T09:07:29.093+0000] {logging_mixin.py:137} INFO - [2024-11-22T09:07:29.092+0000] {dag.py:2690} INFO - Sync 1 DAGs
[2024-11-22T09:07:29.105+0000] {logging_mixin.py:137} INFO - [2024-11-22T09:07:29.105+0000] {dag.py:3441} INFO - Setting next_dagrun for example_local_kubernetes_executor to None, run_after=None
[2024-11-22T09:07:29.117+0000] {processor.py:175} INFO - Processing /home/airflow/.local/lib/python3.7/site-packages/airflow/example_dags/example_local_kubernetes_executor.py took 0.060 seconds
[2024-11-22T09:07:59.806+0000] {processor.py:153} INFO - Started process (PID=1160) to work on /home/airflow/.local/lib/python3.7/site-packages/airflow/example_dags/example_local_kubernetes_executor.py
[2024-11-22T09:07:59.806+0000] {processor.py:743} INFO - Processing file /home/airflow/.local/lib/python3.7/site-packages/airflow/example_dags/example_local_kubernetes_executor.py for tasks to queue
[2024-11-22T09:07:59.807+0000] {logging_mixin.py:137} INFO - [2024-11-22T09:07:59.807+0000] {dagbag.py:538} INFO - Filling up the DagBag from /home/airflow/.local/lib/python3.7/site-packages/airflow/example_dags/example_local_kubernetes_executor.py
[2024-11-22T09:07:59.818+0000] {processor.py:753} INFO - DAG(s) dict_keys(['example_local_kubernetes_executor']) retrieved from /home/airflow/.local/lib/python3.7/site-packages/airflow/example_dags/example_local_kubernetes_executor.py
[2024-11-22T09:07:59.832+0000] {logging_mixin.py:137} INFO - [2024-11-22T09:07:59.832+0000] {dag.py:2690} INFO - Sync 1 DAGs
[2024-11-22T09:07:59.842+0000] {logging_mixin.py:137} INFO - [2024-11-22T09:07:59.842+0000] {dag.py:3441} INFO - Setting next_dagrun for example_local_kubernetes_executor to None, run_after=None
[2024-11-22T09:07:59.849+0000] {processor.py:175} INFO - Processing /home/airflow/.local/lib/python3.7/site-packages/airflow/example_dags/example_local_kubernetes_executor.py took 0.046 seconds
[2024-11-22T09:08:30.935+0000] {processor.py:153} INFO - Started process (PID=1249) to work on /home/airflow/.local/lib/python3.7/site-packages/airflow/example_dags/example_local_kubernetes_executor.py
[2024-11-22T09:08:30.937+0000] {processor.py:743} INFO - Processing file /home/airflow/.local/lib/python3.7/site-packages/airflow/example_dags/example_local_kubernetes_executor.py for tasks to queue
[2024-11-22T09:08:30.938+0000] {logging_mixin.py:137} INFO - [2024-11-22T09:08:30.938+0000] {dagbag.py:538} INFO - Filling up the DagBag from /home/airflow/.local/lib/python3.7/site-packages/airflow/example_dags/example_local_kubernetes_executor.py
[2024-11-22T09:08:30.954+0000] {processor.py:753} INFO - DAG(s) dict_keys(['example_local_kubernetes_executor']) retrieved from /home/airflow/.local/lib/python3.7/site-packages/airflow/example_dags/example_local_kubernetes_executor.py
[2024-11-22T09:08:30.980+0000] {logging_mixin.py:137} INFO - [2024-11-22T09:08:30.980+0000] {dag.py:2690} INFO - Sync 1 DAGs
[2024-11-22T09:08:30.996+0000] {logging_mixin.py:137} INFO - [2024-11-22T09:08:30.996+0000] {dag.py:3441} INFO - Setting next_dagrun for example_local_kubernetes_executor to None, run_after=None
[2024-11-22T09:08:31.004+0000] {processor.py:175} INFO - Processing /home/airflow/.local/lib/python3.7/site-packages/airflow/example_dags/example_local_kubernetes_executor.py took 0.071 seconds
[2024-11-22T09:09:01.303+0000] {processor.py:153} INFO - Started process (PID=1338) to work on /home/airflow/.local/lib/python3.7/site-packages/airflow/example_dags/example_local_kubernetes_executor.py
[2024-11-22T09:09:01.305+0000] {processor.py:743} INFO - Processing file /home/airflow/.local/lib/python3.7/site-packages/airflow/example_dags/example_local_kubernetes_executor.py for tasks to queue
[2024-11-22T09:09:01.306+0000] {logging_mixin.py:137} INFO - [2024-11-22T09:09:01.306+0000] {dagbag.py:538} INFO - Filling up the DagBag from /home/airflow/.local/lib/python3.7/site-packages/airflow/example_dags/example_local_kubernetes_executor.py
[2024-11-22T09:09:01.340+0000] {processor.py:753} INFO - DAG(s) dict_keys(['example_local_kubernetes_executor']) retrieved from /home/airflow/.local/lib/python3.7/site-packages/airflow/example_dags/example_local_kubernetes_executor.py
[2024-11-22T09:09:01.375+0000] {logging_mixin.py:137} INFO - [2024-11-22T09:09:01.375+0000] {dag.py:2690} INFO - Sync 1 DAGs
[2024-11-22T09:09:01.392+0000] {logging_mixin.py:137} INFO - [2024-11-22T09:09:01.392+0000] {dag.py:3441} INFO - Setting next_dagrun for example_local_kubernetes_executor to None, run_after=None
[2024-11-22T09:09:01.408+0000] {processor.py:175} INFO - Processing /home/airflow/.local/lib/python3.7/site-packages/airflow/example_dags/example_local_kubernetes_executor.py took 0.108 seconds
[2024-11-22T09:09:31.625+0000] {processor.py:153} INFO - Started process (PID=1428) to work on /home/airflow/.local/lib/python3.7/site-packages/airflow/example_dags/example_local_kubernetes_executor.py
[2024-11-22T09:09:31.627+0000] {processor.py:743} INFO - Processing file /home/airflow/.local/lib/python3.7/site-packages/airflow/example_dags/example_local_kubernetes_executor.py for tasks to queue
[2024-11-22T09:09:31.627+0000] {logging_mixin.py:137} INFO - [2024-11-22T09:09:31.627+0000] {dagbag.py:538} INFO - Filling up the DagBag from /home/airflow/.local/lib/python3.7/site-packages/airflow/example_dags/example_local_kubernetes_executor.py
[2024-11-22T09:09:31.639+0000] {processor.py:753} INFO - DAG(s) dict_keys(['example_local_kubernetes_executor']) retrieved from /home/airflow/.local/lib/python3.7/site-packages/airflow/example_dags/example_local_kubernetes_executor.py
[2024-11-22T09:09:31.658+0000] {logging_mixin.py:137} INFO - [2024-11-22T09:09:31.658+0000] {dag.py:2690} INFO - Sync 1 DAGs
[2024-11-22T09:09:31.672+0000] {logging_mixin.py:137} INFO - [2024-11-22T09:09:31.672+0000] {dag.py:3441} INFO - Setting next_dagrun for example_local_kubernetes_executor to None, run_after=None
[2024-11-22T09:09:31.702+0000] {processor.py:175} INFO - Processing /home/airflow/.local/lib/python3.7/site-packages/airflow/example_dags/example_local_kubernetes_executor.py took 0.079 seconds
