[2024-11-22T09:03:22.081+0000] {processor.py:153} INFO - Started process (PID=386) to work on /home/airflow/.local/lib/python3.7/site-packages/airflow/example_dags/example_bash_operator.py
[2024-11-22T09:03:22.084+0000] {processor.py:743} INFO - Processing file /home/airflow/.local/lib/python3.7/site-packages/airflow/example_dags/example_bash_operator.py for tasks to queue
[2024-11-22T09:03:22.085+0000] {logging_mixin.py:137} INFO - [2024-11-22T09:03:22.084+0000] {dagbag.py:538} INFO - Filling up the DagBag from /home/airflow/.local/lib/python3.7/site-packages/airflow/example_dags/example_bash_operator.py
[2024-11-22T09:03:22.095+0000] {processor.py:753} INFO - DAG(s) dict_keys(['example_bash_operator']) retrieved from /home/airflow/.local/lib/python3.7/site-packages/airflow/example_dags/example_bash_operator.py
[2024-11-22T09:03:22.121+0000] {logging_mixin.py:137} INFO - [2024-11-22T09:03:22.121+0000] {dag.py:2690} INFO - Sync 1 DAGs
[2024-11-22T09:03:22.135+0000] {logging_mixin.py:137} INFO - [2024-11-22T09:03:22.135+0000] {dag.py:3441} INFO - Setting next_dagrun for example_bash_operator to 2024-11-21T00:00:00+00:00, run_after=2024-11-22T00:00:00+00:00
[2024-11-22T09:03:22.147+0000] {processor.py:175} INFO - Processing /home/airflow/.local/lib/python3.7/site-packages/airflow/example_dags/example_bash_operator.py took 0.068 seconds
[2024-11-22T09:03:52.582+0000] {processor.py:153} INFO - Started process (PID=476) to work on /home/airflow/.local/lib/python3.7/site-packages/airflow/example_dags/example_bash_operator.py
[2024-11-22T09:03:52.582+0000] {processor.py:743} INFO - Processing file /home/airflow/.local/lib/python3.7/site-packages/airflow/example_dags/example_bash_operator.py for tasks to queue
[2024-11-22T09:03:52.583+0000] {logging_mixin.py:137} INFO - [2024-11-22T09:03:52.582+0000] {dagbag.py:538} INFO - Filling up the DagBag from /home/airflow/.local/lib/python3.7/site-packages/airflow/example_dags/example_bash_operator.py
[2024-11-22T09:03:52.595+0000] {processor.py:753} INFO - DAG(s) dict_keys(['example_bash_operator']) retrieved from /home/airflow/.local/lib/python3.7/site-packages/airflow/example_dags/example_bash_operator.py
[2024-11-22T09:03:52.620+0000] {logging_mixin.py:137} INFO - [2024-11-22T09:03:52.620+0000] {dag.py:2690} INFO - Sync 1 DAGs
[2024-11-22T09:03:52.640+0000] {logging_mixin.py:137} INFO - [2024-11-22T09:03:52.639+0000] {dag.py:3441} INFO - Setting next_dagrun for example_bash_operator to 2024-11-21T00:00:00+00:00, run_after=2024-11-22T00:00:00+00:00
[2024-11-22T09:03:52.654+0000] {processor.py:175} INFO - Processing /home/airflow/.local/lib/python3.7/site-packages/airflow/example_dags/example_bash_operator.py took 0.074 seconds
[2024-11-22T09:04:23.096+0000] {processor.py:153} INFO - Started process (PID=550) to work on /home/airflow/.local/lib/python3.7/site-packages/airflow/example_dags/example_bash_operator.py
[2024-11-22T09:04:23.096+0000] {processor.py:743} INFO - Processing file /home/airflow/.local/lib/python3.7/site-packages/airflow/example_dags/example_bash_operator.py for tasks to queue
[2024-11-22T09:04:23.097+0000] {logging_mixin.py:137} INFO - [2024-11-22T09:04:23.097+0000] {dagbag.py:538} INFO - Filling up the DagBag from /home/airflow/.local/lib/python3.7/site-packages/airflow/example_dags/example_bash_operator.py
[2024-11-22T09:04:23.108+0000] {processor.py:753} INFO - DAG(s) dict_keys(['example_bash_operator']) retrieved from /home/airflow/.local/lib/python3.7/site-packages/airflow/example_dags/example_bash_operator.py
[2024-11-22T09:04:23.124+0000] {logging_mixin.py:137} INFO - [2024-11-22T09:04:23.124+0000] {dag.py:2690} INFO - Sync 1 DAGs
[2024-11-22T09:04:23.137+0000] {logging_mixin.py:137} INFO - [2024-11-22T09:04:23.137+0000] {dag.py:3441} INFO - Setting next_dagrun for example_bash_operator to 2024-11-21T00:00:00+00:00, run_after=2024-11-22T00:00:00+00:00
[2024-11-22T09:04:23.149+0000] {processor.py:175} INFO - Processing /home/airflow/.local/lib/python3.7/site-packages/airflow/example_dags/example_bash_operator.py took 0.054 seconds
[2024-11-22T09:04:53.857+0000] {processor.py:153} INFO - Started process (PID=639) to work on /home/airflow/.local/lib/python3.7/site-packages/airflow/example_dags/example_bash_operator.py
[2024-11-22T09:04:53.858+0000] {processor.py:743} INFO - Processing file /home/airflow/.local/lib/python3.7/site-packages/airflow/example_dags/example_bash_operator.py for tasks to queue
[2024-11-22T09:04:53.858+0000] {logging_mixin.py:137} INFO - [2024-11-22T09:04:53.858+0000] {dagbag.py:538} INFO - Filling up the DagBag from /home/airflow/.local/lib/python3.7/site-packages/airflow/example_dags/example_bash_operator.py
[2024-11-22T09:04:53.870+0000] {processor.py:753} INFO - DAG(s) dict_keys(['example_bash_operator']) retrieved from /home/airflow/.local/lib/python3.7/site-packages/airflow/example_dags/example_bash_operator.py
[2024-11-22T09:04:53.888+0000] {logging_mixin.py:137} INFO - [2024-11-22T09:04:53.888+0000] {dag.py:2690} INFO - Sync 1 DAGs
[2024-11-22T09:04:53.903+0000] {logging_mixin.py:137} INFO - [2024-11-22T09:04:53.903+0000] {dag.py:3441} INFO - Setting next_dagrun for example_bash_operator to 2024-11-21T00:00:00+00:00, run_after=2024-11-22T00:00:00+00:00
[2024-11-22T09:04:53.915+0000] {processor.py:175} INFO - Processing /home/airflow/.local/lib/python3.7/site-packages/airflow/example_dags/example_bash_operator.py took 0.060 seconds
[2024-11-22T09:05:24.588+0000] {processor.py:153} INFO - Started process (PID=729) to work on /home/airflow/.local/lib/python3.7/site-packages/airflow/example_dags/example_bash_operator.py
[2024-11-22T09:05:24.589+0000] {processor.py:743} INFO - Processing file /home/airflow/.local/lib/python3.7/site-packages/airflow/example_dags/example_bash_operator.py for tasks to queue
[2024-11-22T09:05:24.589+0000] {logging_mixin.py:137} INFO - [2024-11-22T09:05:24.589+0000] {dagbag.py:538} INFO - Filling up the DagBag from /home/airflow/.local/lib/python3.7/site-packages/airflow/example_dags/example_bash_operator.py
[2024-11-22T09:05:24.600+0000] {processor.py:753} INFO - DAG(s) dict_keys(['example_bash_operator']) retrieved from /home/airflow/.local/lib/python3.7/site-packages/airflow/example_dags/example_bash_operator.py
[2024-11-22T09:05:24.618+0000] {logging_mixin.py:137} INFO - [2024-11-22T09:05:24.618+0000] {dag.py:2690} INFO - Sync 1 DAGs
[2024-11-22T09:05:24.631+0000] {logging_mixin.py:137} INFO - [2024-11-22T09:05:24.630+0000] {dag.py:3441} INFO - Setting next_dagrun for example_bash_operator to 2024-11-21T00:00:00+00:00, run_after=2024-11-22T00:00:00+00:00
[2024-11-22T09:05:24.639+0000] {processor.py:175} INFO - Processing /home/airflow/.local/lib/python3.7/site-packages/airflow/example_dags/example_bash_operator.py took 0.052 seconds
[2024-11-22T09:05:55.502+0000] {processor.py:153} INFO - Started process (PID=810) to work on /home/airflow/.local/lib/python3.7/site-packages/airflow/example_dags/example_bash_operator.py
[2024-11-22T09:05:55.503+0000] {processor.py:743} INFO - Processing file /home/airflow/.local/lib/python3.7/site-packages/airflow/example_dags/example_bash_operator.py for tasks to queue
[2024-11-22T09:05:55.503+0000] {logging_mixin.py:137} INFO - [2024-11-22T09:05:55.503+0000] {dagbag.py:538} INFO - Filling up the DagBag from /home/airflow/.local/lib/python3.7/site-packages/airflow/example_dags/example_bash_operator.py
[2024-11-22T09:05:55.516+0000] {processor.py:753} INFO - DAG(s) dict_keys(['example_bash_operator']) retrieved from /home/airflow/.local/lib/python3.7/site-packages/airflow/example_dags/example_bash_operator.py
[2024-11-22T09:05:55.534+0000] {logging_mixin.py:137} INFO - [2024-11-22T09:05:55.533+0000] {dag.py:2690} INFO - Sync 1 DAGs
[2024-11-22T09:05:55.546+0000] {logging_mixin.py:137} INFO - [2024-11-22T09:05:55.546+0000] {dag.py:3441} INFO - Setting next_dagrun for example_bash_operator to 2024-11-21T00:00:00+00:00, run_after=2024-11-22T00:00:00+00:00
[2024-11-22T09:05:55.554+0000] {processor.py:175} INFO - Processing /home/airflow/.local/lib/python3.7/site-packages/airflow/example_dags/example_bash_operator.py took 0.054 seconds
[2024-11-22T09:06:25.861+0000] {processor.py:153} INFO - Started process (PID=893) to work on /home/airflow/.local/lib/python3.7/site-packages/airflow/example_dags/example_bash_operator.py
[2024-11-22T09:06:25.862+0000] {processor.py:743} INFO - Processing file /home/airflow/.local/lib/python3.7/site-packages/airflow/example_dags/example_bash_operator.py for tasks to queue
[2024-11-22T09:06:25.862+0000] {logging_mixin.py:137} INFO - [2024-11-22T09:06:25.862+0000] {dagbag.py:538} INFO - Filling up the DagBag from /home/airflow/.local/lib/python3.7/site-packages/airflow/example_dags/example_bash_operator.py
[2024-11-22T09:06:25.875+0000] {processor.py:753} INFO - DAG(s) dict_keys(['example_bash_operator']) retrieved from /home/airflow/.local/lib/python3.7/site-packages/airflow/example_dags/example_bash_operator.py
[2024-11-22T09:06:25.895+0000] {logging_mixin.py:137} INFO - [2024-11-22T09:06:25.895+0000] {dag.py:2690} INFO - Sync 1 DAGs
[2024-11-22T09:06:25.907+0000] {logging_mixin.py:137} INFO - [2024-11-22T09:06:25.907+0000] {dag.py:3441} INFO - Setting next_dagrun for example_bash_operator to 2024-11-21T00:00:00+00:00, run_after=2024-11-22T00:00:00+00:00
[2024-11-22T09:06:25.920+0000] {processor.py:175} INFO - Processing /home/airflow/.local/lib/python3.7/site-packages/airflow/example_dags/example_bash_operator.py took 0.061 seconds
[2024-11-22T09:06:56.614+0000] {processor.py:153} INFO - Started process (PID=983) to work on /home/airflow/.local/lib/python3.7/site-packages/airflow/example_dags/example_bash_operator.py
[2024-11-22T09:06:56.615+0000] {processor.py:743} INFO - Processing file /home/airflow/.local/lib/python3.7/site-packages/airflow/example_dags/example_bash_operator.py for tasks to queue
[2024-11-22T09:06:56.615+0000] {logging_mixin.py:137} INFO - [2024-11-22T09:06:56.615+0000] {dagbag.py:538} INFO - Filling up the DagBag from /home/airflow/.local/lib/python3.7/site-packages/airflow/example_dags/example_bash_operator.py
[2024-11-22T09:06:56.631+0000] {processor.py:753} INFO - DAG(s) dict_keys(['example_bash_operator']) retrieved from /home/airflow/.local/lib/python3.7/site-packages/airflow/example_dags/example_bash_operator.py
[2024-11-22T09:06:56.661+0000] {logging_mixin.py:137} INFO - [2024-11-22T09:06:56.660+0000] {dag.py:2690} INFO - Sync 1 DAGs
[2024-11-22T09:06:56.674+0000] {logging_mixin.py:137} INFO - [2024-11-22T09:06:56.673+0000] {dag.py:3441} INFO - Setting next_dagrun for example_bash_operator to 2024-11-21T00:00:00+00:00, run_after=2024-11-22T00:00:00+00:00
[2024-11-22T09:06:56.690+0000] {processor.py:175} INFO - Processing /home/airflow/.local/lib/python3.7/site-packages/airflow/example_dags/example_bash_operator.py took 0.079 seconds
[2024-11-22T09:07:27.528+0000] {processor.py:153} INFO - Started process (PID=1073) to work on /home/airflow/.local/lib/python3.7/site-packages/airflow/example_dags/example_bash_operator.py
[2024-11-22T09:07:27.532+0000] {processor.py:743} INFO - Processing file /home/airflow/.local/lib/python3.7/site-packages/airflow/example_dags/example_bash_operator.py for tasks to queue
[2024-11-22T09:07:27.533+0000] {logging_mixin.py:137} INFO - [2024-11-22T09:07:27.533+0000] {dagbag.py:538} INFO - Filling up the DagBag from /home/airflow/.local/lib/python3.7/site-packages/airflow/example_dags/example_bash_operator.py
[2024-11-22T09:07:27.563+0000] {processor.py:753} INFO - DAG(s) dict_keys(['example_bash_operator']) retrieved from /home/airflow/.local/lib/python3.7/site-packages/airflow/example_dags/example_bash_operator.py
[2024-11-22T09:07:27.608+0000] {logging_mixin.py:137} INFO - [2024-11-22T09:07:27.607+0000] {dag.py:2690} INFO - Sync 1 DAGs
[2024-11-22T09:07:27.641+0000] {logging_mixin.py:137} INFO - [2024-11-22T09:07:27.641+0000] {dag.py:3441} INFO - Setting next_dagrun for example_bash_operator to 2024-11-21T00:00:00+00:00, run_after=2024-11-22T00:00:00+00:00
[2024-11-22T09:07:27.664+0000] {processor.py:175} INFO - Processing /home/airflow/.local/lib/python3.7/site-packages/airflow/example_dags/example_bash_operator.py took 0.140 seconds
[2024-11-22T09:07:58.323+0000] {processor.py:153} INFO - Started process (PID=1147) to work on /home/airflow/.local/lib/python3.7/site-packages/airflow/example_dags/example_bash_operator.py
[2024-11-22T09:07:58.324+0000] {processor.py:743} INFO - Processing file /home/airflow/.local/lib/python3.7/site-packages/airflow/example_dags/example_bash_operator.py for tasks to queue
[2024-11-22T09:07:58.325+0000] {logging_mixin.py:137} INFO - [2024-11-22T09:07:58.324+0000] {dagbag.py:538} INFO - Filling up the DagBag from /home/airflow/.local/lib/python3.7/site-packages/airflow/example_dags/example_bash_operator.py
[2024-11-22T09:07:58.338+0000] {processor.py:753} INFO - DAG(s) dict_keys(['example_bash_operator']) retrieved from /home/airflow/.local/lib/python3.7/site-packages/airflow/example_dags/example_bash_operator.py
[2024-11-22T09:07:58.363+0000] {logging_mixin.py:137} INFO - [2024-11-22T09:07:58.363+0000] {dag.py:2690} INFO - Sync 1 DAGs
[2024-11-22T09:07:58.386+0000] {logging_mixin.py:137} INFO - [2024-11-22T09:07:58.385+0000] {dag.py:3441} INFO - Setting next_dagrun for example_bash_operator to 2024-11-21T00:00:00+00:00, run_after=2024-11-22T00:00:00+00:00
[2024-11-22T09:07:58.397+0000] {processor.py:175} INFO - Processing /home/airflow/.local/lib/python3.7/site-packages/airflow/example_dags/example_bash_operator.py took 0.077 seconds
[2024-11-22T09:08:29.188+0000] {processor.py:153} INFO - Started process (PID=1236) to work on /home/airflow/.local/lib/python3.7/site-packages/airflow/example_dags/example_bash_operator.py
[2024-11-22T09:08:29.189+0000] {processor.py:743} INFO - Processing file /home/airflow/.local/lib/python3.7/site-packages/airflow/example_dags/example_bash_operator.py for tasks to queue
[2024-11-22T09:08:29.189+0000] {logging_mixin.py:137} INFO - [2024-11-22T09:08:29.189+0000] {dagbag.py:538} INFO - Filling up the DagBag from /home/airflow/.local/lib/python3.7/site-packages/airflow/example_dags/example_bash_operator.py
[2024-11-22T09:08:29.217+0000] {processor.py:753} INFO - DAG(s) dict_keys(['example_bash_operator']) retrieved from /home/airflow/.local/lib/python3.7/site-packages/airflow/example_dags/example_bash_operator.py
[2024-11-22T09:08:29.356+0000] {logging_mixin.py:137} INFO - [2024-11-22T09:08:29.356+0000] {dag.py:2690} INFO - Sync 1 DAGs
[2024-11-22T09:08:29.378+0000] {logging_mixin.py:137} INFO - [2024-11-22T09:08:29.378+0000] {dag.py:3441} INFO - Setting next_dagrun for example_bash_operator to 2024-11-21T00:00:00+00:00, run_after=2024-11-22T00:00:00+00:00
[2024-11-22T09:08:29.389+0000] {processor.py:175} INFO - Processing /home/airflow/.local/lib/python3.7/site-packages/airflow/example_dags/example_bash_operator.py took 0.204 seconds
[2024-11-22T09:09:00.429+0000] {processor.py:153} INFO - Started process (PID=1325) to work on /home/airflow/.local/lib/python3.7/site-packages/airflow/example_dags/example_bash_operator.py
[2024-11-22T09:09:00.430+0000] {processor.py:743} INFO - Processing file /home/airflow/.local/lib/python3.7/site-packages/airflow/example_dags/example_bash_operator.py for tasks to queue
[2024-11-22T09:09:00.430+0000] {logging_mixin.py:137} INFO - [2024-11-22T09:09:00.430+0000] {dagbag.py:538} INFO - Filling up the DagBag from /home/airflow/.local/lib/python3.7/site-packages/airflow/example_dags/example_bash_operator.py
[2024-11-22T09:09:00.478+0000] {processor.py:753} INFO - DAG(s) dict_keys(['example_bash_operator']) retrieved from /home/airflow/.local/lib/python3.7/site-packages/airflow/example_dags/example_bash_operator.py
[2024-11-22T09:09:00.524+0000] {logging_mixin.py:137} INFO - [2024-11-22T09:09:00.524+0000] {dag.py:2690} INFO - Sync 1 DAGs
[2024-11-22T09:09:00.541+0000] {logging_mixin.py:137} INFO - [2024-11-22T09:09:00.541+0000] {dag.py:3441} INFO - Setting next_dagrun for example_bash_operator to 2024-11-21T00:00:00+00:00, run_after=2024-11-22T00:00:00+00:00
[2024-11-22T09:09:00.577+0000] {processor.py:175} INFO - Processing /home/airflow/.local/lib/python3.7/site-packages/airflow/example_dags/example_bash_operator.py took 0.152 seconds
[2024-11-22T09:09:30.955+0000] {processor.py:153} INFO - Started process (PID=1408) to work on /home/airflow/.local/lib/python3.7/site-packages/airflow/example_dags/example_bash_operator.py
[2024-11-22T09:09:30.956+0000] {processor.py:743} INFO - Processing file /home/airflow/.local/lib/python3.7/site-packages/airflow/example_dags/example_bash_operator.py for tasks to queue
[2024-11-22T09:09:30.956+0000] {logging_mixin.py:137} INFO - [2024-11-22T09:09:30.956+0000] {dagbag.py:538} INFO - Filling up the DagBag from /home/airflow/.local/lib/python3.7/site-packages/airflow/example_dags/example_bash_operator.py
[2024-11-22T09:09:30.966+0000] {processor.py:753} INFO - DAG(s) dict_keys(['example_bash_operator']) retrieved from /home/airflow/.local/lib/python3.7/site-packages/airflow/example_dags/example_bash_operator.py
[2024-11-22T09:09:30.985+0000] {logging_mixin.py:137} INFO - [2024-11-22T09:09:30.984+0000] {dag.py:2690} INFO - Sync 1 DAGs
[2024-11-22T09:09:30.997+0000] {logging_mixin.py:137} INFO - [2024-11-22T09:09:30.997+0000] {dag.py:3441} INFO - Setting next_dagrun for example_bash_operator to 2024-11-21T00:00:00+00:00, run_after=2024-11-22T00:00:00+00:00
[2024-11-22T09:09:31.015+0000] {processor.py:175} INFO - Processing /home/airflow/.local/lib/python3.7/site-packages/airflow/example_dags/example_bash_operator.py took 0.063 seconds
