[2024-11-22T07:41:08.617+0000] {processor.py:153} INFO - Started process (PID=55) to work on /home/airflow/.local/lib/python3.7/site-packages/airflow/example_dags/example_branch_operator.py
[2024-11-22T07:41:08.633+0000] {processor.py:743} INFO - Processing file /home/airflow/.local/lib/python3.7/site-packages/airflow/example_dags/example_branch_operator.py for tasks to queue
[2024-11-22T07:41:08.653+0000] {logging_mixin.py:137} INFO - [2024-11-22T07:41:08.653+0000] {dagbag.py:538} INFO - Filling up the DagBag from /home/airflow/.local/lib/python3.7/site-packages/airflow/example_dags/example_branch_operator.py
[2024-11-22T07:41:08.748+0000] {processor.py:753} INFO - DAG(s) dict_keys(['example_branch_operator']) retrieved from /home/airflow/.local/lib/python3.7/site-packages/airflow/example_dags/example_branch_operator.py
[2024-11-22T07:41:09.370+0000] {logging_mixin.py:137} INFO - [2024-11-22T07:41:09.369+0000] {manager.py:504} INFO - Created Permission View: can read on DAG:example_branch_operator
[2024-11-22T07:41:09.443+0000] {logging_mixin.py:137} INFO - [2024-11-22T07:41:09.440+0000] {manager.py:504} INFO - Created Permission View: can edit on DAG:example_branch_operator
[2024-11-22T07:41:09.484+0000] {logging_mixin.py:137} INFO - [2024-11-22T07:41:09.484+0000] {manager.py:504} INFO - Created Permission View: can delete on DAG:example_branch_operator
[2024-11-22T07:41:09.489+0000] {logging_mixin.py:137} INFO - [2024-11-22T07:41:09.489+0000] {dag.py:2690} INFO - Sync 1 DAGs
[2024-11-22T07:41:09.536+0000] {logging_mixin.py:137} INFO - [2024-11-22T07:41:09.536+0000] {dag.py:2711} INFO - Creating ORM DAG for example_branch_operator
[2024-11-22T07:41:09.591+0000] {logging_mixin.py:137} INFO - [2024-11-22T07:41:09.591+0000] {dag.py:3441} INFO - Setting next_dagrun for example_branch_operator to 2024-11-21T00:00:00+00:00, run_after=2024-11-22T00:00:00+00:00
[2024-11-22T07:41:09.697+0000] {processor.py:175} INFO - Processing /home/airflow/.local/lib/python3.7/site-packages/airflow/example_dags/example_branch_operator.py took 1.116 seconds
[2024-11-22T07:41:40.259+0000] {processor.py:153} INFO - Started process (PID=133) to work on /home/airflow/.local/lib/python3.7/site-packages/airflow/example_dags/example_branch_operator.py
[2024-11-22T07:41:40.260+0000] {processor.py:743} INFO - Processing file /home/airflow/.local/lib/python3.7/site-packages/airflow/example_dags/example_branch_operator.py for tasks to queue
[2024-11-22T07:41:40.261+0000] {logging_mixin.py:137} INFO - [2024-11-22T07:41:40.261+0000] {dagbag.py:538} INFO - Filling up the DagBag from /home/airflow/.local/lib/python3.7/site-packages/airflow/example_dags/example_branch_operator.py
[2024-11-22T07:41:40.281+0000] {processor.py:753} INFO - DAG(s) dict_keys(['example_branch_operator']) retrieved from /home/airflow/.local/lib/python3.7/site-packages/airflow/example_dags/example_branch_operator.py
[2024-11-22T07:41:40.304+0000] {logging_mixin.py:137} INFO - [2024-11-22T07:41:40.304+0000] {dag.py:2690} INFO - Sync 1 DAGs
[2024-11-22T07:41:40.331+0000] {logging_mixin.py:137} INFO - [2024-11-22T07:41:40.331+0000] {dag.py:3441} INFO - Setting next_dagrun for example_branch_operator to 2024-11-21T00:00:00+00:00, run_after=2024-11-22T00:00:00+00:00
[2024-11-22T07:41:40.351+0000] {processor.py:175} INFO - Processing /home/airflow/.local/lib/python3.7/site-packages/airflow/example_dags/example_branch_operator.py took 0.096 seconds
[2024-11-22T07:42:10.424+0000] {processor.py:153} INFO - Started process (PID=204) to work on /home/airflow/.local/lib/python3.7/site-packages/airflow/example_dags/example_branch_operator.py
[2024-11-22T07:42:10.425+0000] {processor.py:743} INFO - Processing file /home/airflow/.local/lib/python3.7/site-packages/airflow/example_dags/example_branch_operator.py for tasks to queue
[2024-11-22T07:42:10.426+0000] {logging_mixin.py:137} INFO - [2024-11-22T07:42:10.426+0000] {dagbag.py:538} INFO - Filling up the DagBag from /home/airflow/.local/lib/python3.7/site-packages/airflow/example_dags/example_branch_operator.py
[2024-11-22T07:42:10.439+0000] {processor.py:753} INFO - DAG(s) dict_keys(['example_branch_operator']) retrieved from /home/airflow/.local/lib/python3.7/site-packages/airflow/example_dags/example_branch_operator.py
[2024-11-22T07:42:10.470+0000] {logging_mixin.py:137} INFO - [2024-11-22T07:42:10.469+0000] {dag.py:2690} INFO - Sync 1 DAGs
[2024-11-22T07:42:10.484+0000] {logging_mixin.py:137} INFO - [2024-11-22T07:42:10.484+0000] {dag.py:3441} INFO - Setting next_dagrun for example_branch_operator to 2024-11-21T00:00:00+00:00, run_after=2024-11-22T00:00:00+00:00
[2024-11-22T07:42:10.498+0000] {processor.py:175} INFO - Processing /home/airflow/.local/lib/python3.7/site-packages/airflow/example_dags/example_branch_operator.py took 0.077 seconds
[2024-11-22T07:42:41.272+0000] {processor.py:153} INFO - Started process (PID=291) to work on /home/airflow/.local/lib/python3.7/site-packages/airflow/example_dags/example_branch_operator.py
[2024-11-22T07:42:41.273+0000] {processor.py:743} INFO - Processing file /home/airflow/.local/lib/python3.7/site-packages/airflow/example_dags/example_branch_operator.py for tasks to queue
[2024-11-22T07:42:41.273+0000] {logging_mixin.py:137} INFO - [2024-11-22T07:42:41.273+0000] {dagbag.py:538} INFO - Filling up the DagBag from /home/airflow/.local/lib/python3.7/site-packages/airflow/example_dags/example_branch_operator.py
[2024-11-22T07:42:41.284+0000] {processor.py:753} INFO - DAG(s) dict_keys(['example_branch_operator']) retrieved from /home/airflow/.local/lib/python3.7/site-packages/airflow/example_dags/example_branch_operator.py
[2024-11-22T07:42:41.304+0000] {logging_mixin.py:137} INFO - [2024-11-22T07:42:41.303+0000] {dag.py:2690} INFO - Sync 1 DAGs
[2024-11-22T07:42:41.320+0000] {logging_mixin.py:137} INFO - [2024-11-22T07:42:41.320+0000] {dag.py:3441} INFO - Setting next_dagrun for example_branch_operator to 2024-11-21T00:00:00+00:00, run_after=2024-11-22T00:00:00+00:00
[2024-11-22T07:42:41.335+0000] {processor.py:175} INFO - Processing /home/airflow/.local/lib/python3.7/site-packages/airflow/example_dags/example_branch_operator.py took 0.064 seconds
[2024-11-22T07:43:11.353+0000] {processor.py:153} INFO - Started process (PID=378) to work on /home/airflow/.local/lib/python3.7/site-packages/airflow/example_dags/example_branch_operator.py
[2024-11-22T07:43:11.354+0000] {processor.py:743} INFO - Processing file /home/airflow/.local/lib/python3.7/site-packages/airflow/example_dags/example_branch_operator.py for tasks to queue
[2024-11-22T07:43:11.355+0000] {logging_mixin.py:137} INFO - [2024-11-22T07:43:11.355+0000] {dagbag.py:538} INFO - Filling up the DagBag from /home/airflow/.local/lib/python3.7/site-packages/airflow/example_dags/example_branch_operator.py
[2024-11-22T07:43:11.371+0000] {processor.py:753} INFO - DAG(s) dict_keys(['example_branch_operator']) retrieved from /home/airflow/.local/lib/python3.7/site-packages/airflow/example_dags/example_branch_operator.py
[2024-11-22T07:43:11.398+0000] {logging_mixin.py:137} INFO - [2024-11-22T07:43:11.398+0000] {dag.py:2690} INFO - Sync 1 DAGs
[2024-11-22T07:43:11.421+0000] {logging_mixin.py:137} INFO - [2024-11-22T07:43:11.421+0000] {dag.py:3441} INFO - Setting next_dagrun for example_branch_operator to 2024-11-21T00:00:00+00:00, run_after=2024-11-22T00:00:00+00:00
[2024-11-22T07:43:11.443+0000] {processor.py:175} INFO - Processing /home/airflow/.local/lib/python3.7/site-packages/airflow/example_dags/example_branch_operator.py took 0.092 seconds
[2024-11-22T07:43:42.397+0000] {processor.py:153} INFO - Started process (PID=449) to work on /home/airflow/.local/lib/python3.7/site-packages/airflow/example_dags/example_branch_operator.py
[2024-11-22T07:43:42.397+0000] {processor.py:743} INFO - Processing file /home/airflow/.local/lib/python3.7/site-packages/airflow/example_dags/example_branch_operator.py for tasks to queue
[2024-11-22T07:43:42.399+0000] {logging_mixin.py:137} INFO - [2024-11-22T07:43:42.399+0000] {dagbag.py:538} INFO - Filling up the DagBag from /home/airflow/.local/lib/python3.7/site-packages/airflow/example_dags/example_branch_operator.py
[2024-11-22T07:43:42.415+0000] {processor.py:753} INFO - DAG(s) dict_keys(['example_branch_operator']) retrieved from /home/airflow/.local/lib/python3.7/site-packages/airflow/example_dags/example_branch_operator.py
[2024-11-22T07:43:42.444+0000] {logging_mixin.py:137} INFO - [2024-11-22T07:43:42.444+0000] {dag.py:2690} INFO - Sync 1 DAGs
[2024-11-22T07:43:42.500+0000] {logging_mixin.py:137} INFO - [2024-11-22T07:43:42.500+0000] {dag.py:3441} INFO - Setting next_dagrun for example_branch_operator to 2024-11-21T00:00:00+00:00, run_after=2024-11-22T00:00:00+00:00
[2024-11-22T07:43:42.541+0000] {processor.py:175} INFO - Processing /home/airflow/.local/lib/python3.7/site-packages/airflow/example_dags/example_branch_operator.py took 0.147 seconds
[2024-11-22T07:44:12.635+0000] {processor.py:153} INFO - Started process (PID=536) to work on /home/airflow/.local/lib/python3.7/site-packages/airflow/example_dags/example_branch_operator.py
[2024-11-22T07:44:12.638+0000] {processor.py:743} INFO - Processing file /home/airflow/.local/lib/python3.7/site-packages/airflow/example_dags/example_branch_operator.py for tasks to queue
[2024-11-22T07:44:12.638+0000] {logging_mixin.py:137} INFO - [2024-11-22T07:44:12.638+0000] {dagbag.py:538} INFO - Filling up the DagBag from /home/airflow/.local/lib/python3.7/site-packages/airflow/example_dags/example_branch_operator.py
[2024-11-22T07:44:12.647+0000] {processor.py:753} INFO - DAG(s) dict_keys(['example_branch_operator']) retrieved from /home/airflow/.local/lib/python3.7/site-packages/airflow/example_dags/example_branch_operator.py
[2024-11-22T07:44:12.660+0000] {logging_mixin.py:137} INFO - [2024-11-22T07:44:12.660+0000] {dag.py:2690} INFO - Sync 1 DAGs
[2024-11-22T07:44:12.672+0000] {logging_mixin.py:137} INFO - [2024-11-22T07:44:12.672+0000] {dag.py:3441} INFO - Setting next_dagrun for example_branch_operator to 2024-11-21T00:00:00+00:00, run_after=2024-11-22T00:00:00+00:00
[2024-11-22T07:44:12.679+0000] {processor.py:175} INFO - Processing /home/airflow/.local/lib/python3.7/site-packages/airflow/example_dags/example_branch_operator.py took 0.048 seconds
[2024-11-22T07:44:43.081+0000] {processor.py:153} INFO - Started process (PID=615) to work on /home/airflow/.local/lib/python3.7/site-packages/airflow/example_dags/example_branch_operator.py
[2024-11-22T07:44:43.082+0000] {processor.py:743} INFO - Processing file /home/airflow/.local/lib/python3.7/site-packages/airflow/example_dags/example_branch_operator.py for tasks to queue
[2024-11-22T07:44:43.083+0000] {logging_mixin.py:137} INFO - [2024-11-22T07:44:43.083+0000] {dagbag.py:538} INFO - Filling up the DagBag from /home/airflow/.local/lib/python3.7/site-packages/airflow/example_dags/example_branch_operator.py
[2024-11-22T07:44:43.093+0000] {processor.py:753} INFO - DAG(s) dict_keys(['example_branch_operator']) retrieved from /home/airflow/.local/lib/python3.7/site-packages/airflow/example_dags/example_branch_operator.py
[2024-11-22T07:44:43.105+0000] {logging_mixin.py:137} INFO - [2024-11-22T07:44:43.105+0000] {dag.py:2690} INFO - Sync 1 DAGs
[2024-11-22T07:44:43.118+0000] {logging_mixin.py:137} INFO - [2024-11-22T07:44:43.118+0000] {dag.py:3441} INFO - Setting next_dagrun for example_branch_operator to 2024-11-21T00:00:00+00:00, run_after=2024-11-22T00:00:00+00:00
[2024-11-22T07:44:43.126+0000] {processor.py:175} INFO - Processing /home/airflow/.local/lib/python3.7/site-packages/airflow/example_dags/example_branch_operator.py took 0.047 seconds
[2024-11-22T07:45:14.062+0000] {processor.py:153} INFO - Started process (PID=693) to work on /home/airflow/.local/lib/python3.7/site-packages/airflow/example_dags/example_branch_operator.py
[2024-11-22T07:45:14.062+0000] {processor.py:743} INFO - Processing file /home/airflow/.local/lib/python3.7/site-packages/airflow/example_dags/example_branch_operator.py for tasks to queue
[2024-11-22T07:45:14.063+0000] {logging_mixin.py:137} INFO - [2024-11-22T07:45:14.063+0000] {dagbag.py:538} INFO - Filling up the DagBag from /home/airflow/.local/lib/python3.7/site-packages/airflow/example_dags/example_branch_operator.py
[2024-11-22T07:45:14.072+0000] {processor.py:753} INFO - DAG(s) dict_keys(['example_branch_operator']) retrieved from /home/airflow/.local/lib/python3.7/site-packages/airflow/example_dags/example_branch_operator.py
[2024-11-22T07:45:14.087+0000] {logging_mixin.py:137} INFO - [2024-11-22T07:45:14.087+0000] {dag.py:2690} INFO - Sync 1 DAGs
[2024-11-22T07:45:14.100+0000] {logging_mixin.py:137} INFO - [2024-11-22T07:45:14.100+0000] {dag.py:3441} INFO - Setting next_dagrun for example_branch_operator to 2024-11-21T00:00:00+00:00, run_after=2024-11-22T00:00:00+00:00
[2024-11-22T07:45:14.111+0000] {processor.py:175} INFO - Processing /home/airflow/.local/lib/python3.7/site-packages/airflow/example_dags/example_branch_operator.py took 0.052 seconds
[2024-11-22T07:45:45.047+0000] {processor.py:153} INFO - Started process (PID=780) to work on /home/airflow/.local/lib/python3.7/site-packages/airflow/example_dags/example_branch_operator.py
[2024-11-22T07:45:45.048+0000] {processor.py:743} INFO - Processing file /home/airflow/.local/lib/python3.7/site-packages/airflow/example_dags/example_branch_operator.py for tasks to queue
[2024-11-22T07:45:45.048+0000] {logging_mixin.py:137} INFO - [2024-11-22T07:45:45.048+0000] {dagbag.py:538} INFO - Filling up the DagBag from /home/airflow/.local/lib/python3.7/site-packages/airflow/example_dags/example_branch_operator.py
[2024-11-22T07:45:45.058+0000] {processor.py:753} INFO - DAG(s) dict_keys(['example_branch_operator']) retrieved from /home/airflow/.local/lib/python3.7/site-packages/airflow/example_dags/example_branch_operator.py
[2024-11-22T07:45:45.076+0000] {logging_mixin.py:137} INFO - [2024-11-22T07:45:45.076+0000] {dag.py:2690} INFO - Sync 1 DAGs
[2024-11-22T07:45:45.093+0000] {logging_mixin.py:137} INFO - [2024-11-22T07:45:45.093+0000] {dag.py:3441} INFO - Setting next_dagrun for example_branch_operator to 2024-11-21T00:00:00+00:00, run_after=2024-11-22T00:00:00+00:00
[2024-11-22T07:45:45.104+0000] {processor.py:175} INFO - Processing /home/airflow/.local/lib/python3.7/site-packages/airflow/example_dags/example_branch_operator.py took 0.059 seconds
[2024-11-22T07:46:15.228+0000] {processor.py:153} INFO - Started process (PID=867) to work on /home/airflow/.local/lib/python3.7/site-packages/airflow/example_dags/example_branch_operator.py
[2024-11-22T07:46:15.233+0000] {processor.py:743} INFO - Processing file /home/airflow/.local/lib/python3.7/site-packages/airflow/example_dags/example_branch_operator.py for tasks to queue
[2024-11-22T07:46:15.234+0000] {logging_mixin.py:137} INFO - [2024-11-22T07:46:15.234+0000] {dagbag.py:538} INFO - Filling up the DagBag from /home/airflow/.local/lib/python3.7/site-packages/airflow/example_dags/example_branch_operator.py
[2024-11-22T07:46:15.261+0000] {processor.py:753} INFO - DAG(s) dict_keys(['example_branch_operator']) retrieved from /home/airflow/.local/lib/python3.7/site-packages/airflow/example_dags/example_branch_operator.py
[2024-11-22T07:46:15.286+0000] {logging_mixin.py:137} INFO - [2024-11-22T07:46:15.286+0000] {dag.py:2690} INFO - Sync 1 DAGs
[2024-11-22T07:46:15.313+0000] {logging_mixin.py:137} INFO - [2024-11-22T07:46:15.313+0000] {dag.py:3441} INFO - Setting next_dagrun for example_branch_operator to 2024-11-21T00:00:00+00:00, run_after=2024-11-22T00:00:00+00:00
[2024-11-22T07:46:15.345+0000] {processor.py:175} INFO - Processing /home/airflow/.local/lib/python3.7/site-packages/airflow/example_dags/example_branch_operator.py took 0.122 seconds
[2024-11-22T07:46:45.785+0000] {processor.py:153} INFO - Started process (PID=938) to work on /home/airflow/.local/lib/python3.7/site-packages/airflow/example_dags/example_branch_operator.py
[2024-11-22T07:46:45.786+0000] {processor.py:743} INFO - Processing file /home/airflow/.local/lib/python3.7/site-packages/airflow/example_dags/example_branch_operator.py for tasks to queue
[2024-11-22T07:46:45.787+0000] {logging_mixin.py:137} INFO - [2024-11-22T07:46:45.786+0000] {dagbag.py:538} INFO - Filling up the DagBag from /home/airflow/.local/lib/python3.7/site-packages/airflow/example_dags/example_branch_operator.py
[2024-11-22T07:46:45.797+0000] {processor.py:753} INFO - DAG(s) dict_keys(['example_branch_operator']) retrieved from /home/airflow/.local/lib/python3.7/site-packages/airflow/example_dags/example_branch_operator.py
[2024-11-22T07:46:45.816+0000] {logging_mixin.py:137} INFO - [2024-11-22T07:46:45.816+0000] {dag.py:2690} INFO - Sync 1 DAGs
[2024-11-22T07:46:45.833+0000] {logging_mixin.py:137} INFO - [2024-11-22T07:46:45.833+0000] {dag.py:3441} INFO - Setting next_dagrun for example_branch_operator to 2024-11-21T00:00:00+00:00, run_after=2024-11-22T00:00:00+00:00
[2024-11-22T07:46:45.845+0000] {processor.py:175} INFO - Processing /home/airflow/.local/lib/python3.7/site-packages/airflow/example_dags/example_branch_operator.py took 0.063 seconds
[2024-11-22T07:47:18.156+0000] {processor.py:153} INFO - Started process (PID=1026) to work on /home/airflow/.local/lib/python3.7/site-packages/airflow/example_dags/example_branch_operator.py
[2024-11-22T07:47:18.158+0000] {processor.py:743} INFO - Processing file /home/airflow/.local/lib/python3.7/site-packages/airflow/example_dags/example_branch_operator.py for tasks to queue
[2024-11-22T07:47:18.159+0000] {logging_mixin.py:137} INFO - [2024-11-22T07:47:18.159+0000] {dagbag.py:538} INFO - Filling up the DagBag from /home/airflow/.local/lib/python3.7/site-packages/airflow/example_dags/example_branch_operator.py
[2024-11-22T07:47:18.245+0000] {processor.py:753} INFO - DAG(s) dict_keys(['example_branch_operator']) retrieved from /home/airflow/.local/lib/python3.7/site-packages/airflow/example_dags/example_branch_operator.py
[2024-11-22T07:47:18.370+0000] {logging_mixin.py:137} INFO - [2024-11-22T07:47:18.369+0000] {dag.py:2690} INFO - Sync 1 DAGs
[2024-11-22T07:47:18.452+0000] {logging_mixin.py:137} INFO - [2024-11-22T07:47:18.452+0000] {dag.py:3441} INFO - Setting next_dagrun for example_branch_operator to 2024-11-21T00:00:00+00:00, run_after=2024-11-22T00:00:00+00:00
[2024-11-22T07:47:18.503+0000] {processor.py:175} INFO - Processing /home/airflow/.local/lib/python3.7/site-packages/airflow/example_dags/example_branch_operator.py took 0.354 seconds
[2024-11-22T07:47:48.531+0000] {processor.py:153} INFO - Started process (PID=1097) to work on /home/airflow/.local/lib/python3.7/site-packages/airflow/example_dags/example_branch_operator.py
[2024-11-22T07:47:48.531+0000] {processor.py:743} INFO - Processing file /home/airflow/.local/lib/python3.7/site-packages/airflow/example_dags/example_branch_operator.py for tasks to queue
[2024-11-22T07:47:48.532+0000] {logging_mixin.py:137} INFO - [2024-11-22T07:47:48.532+0000] {dagbag.py:538} INFO - Filling up the DagBag from /home/airflow/.local/lib/python3.7/site-packages/airflow/example_dags/example_branch_operator.py
[2024-11-22T07:47:48.539+0000] {processor.py:753} INFO - DAG(s) dict_keys(['example_branch_operator']) retrieved from /home/airflow/.local/lib/python3.7/site-packages/airflow/example_dags/example_branch_operator.py
[2024-11-22T07:47:48.550+0000] {logging_mixin.py:137} INFO - [2024-11-22T07:47:48.550+0000] {dag.py:2690} INFO - Sync 1 DAGs
[2024-11-22T07:47:48.561+0000] {logging_mixin.py:137} INFO - [2024-11-22T07:47:48.561+0000] {dag.py:3441} INFO - Setting next_dagrun for example_branch_operator to 2024-11-21T00:00:00+00:00, run_after=2024-11-22T00:00:00+00:00
[2024-11-22T07:47:48.568+0000] {processor.py:175} INFO - Processing /home/airflow/.local/lib/python3.7/site-packages/airflow/example_dags/example_branch_operator.py took 0.039 seconds
[2024-11-22T07:48:19.516+0000] {processor.py:153} INFO - Started process (PID=1188) to work on /home/airflow/.local/lib/python3.7/site-packages/airflow/example_dags/example_branch_operator.py
[2024-11-22T07:48:19.517+0000] {processor.py:743} INFO - Processing file /home/airflow/.local/lib/python3.7/site-packages/airflow/example_dags/example_branch_operator.py for tasks to queue
[2024-11-22T07:48:19.518+0000] {logging_mixin.py:137} INFO - [2024-11-22T07:48:19.518+0000] {dagbag.py:538} INFO - Filling up the DagBag from /home/airflow/.local/lib/python3.7/site-packages/airflow/example_dags/example_branch_operator.py
[2024-11-22T07:48:19.531+0000] {processor.py:753} INFO - DAG(s) dict_keys(['example_branch_operator']) retrieved from /home/airflow/.local/lib/python3.7/site-packages/airflow/example_dags/example_branch_operator.py
[2024-11-22T07:48:19.551+0000] {logging_mixin.py:137} INFO - [2024-11-22T07:48:19.551+0000] {dag.py:2690} INFO - Sync 1 DAGs
[2024-11-22T07:48:19.569+0000] {logging_mixin.py:137} INFO - [2024-11-22T07:48:19.569+0000] {dag.py:3441} INFO - Setting next_dagrun for example_branch_operator to 2024-11-21T00:00:00+00:00, run_after=2024-11-22T00:00:00+00:00
[2024-11-22T07:48:19.582+0000] {processor.py:175} INFO - Processing /home/airflow/.local/lib/python3.7/site-packages/airflow/example_dags/example_branch_operator.py took 0.069 seconds
[2024-11-22T07:48:49.701+0000] {processor.py:153} INFO - Started process (PID=1276) to work on /home/airflow/.local/lib/python3.7/site-packages/airflow/example_dags/example_branch_operator.py
[2024-11-22T07:48:49.702+0000] {processor.py:743} INFO - Processing file /home/airflow/.local/lib/python3.7/site-packages/airflow/example_dags/example_branch_operator.py for tasks to queue
[2024-11-22T07:48:49.703+0000] {logging_mixin.py:137} INFO - [2024-11-22T07:48:49.703+0000] {dagbag.py:538} INFO - Filling up the DagBag from /home/airflow/.local/lib/python3.7/site-packages/airflow/example_dags/example_branch_operator.py
[2024-11-22T07:48:49.712+0000] {processor.py:753} INFO - DAG(s) dict_keys(['example_branch_operator']) retrieved from /home/airflow/.local/lib/python3.7/site-packages/airflow/example_dags/example_branch_operator.py
[2024-11-22T07:48:49.725+0000] {logging_mixin.py:137} INFO - [2024-11-22T07:48:49.725+0000] {dag.py:2690} INFO - Sync 1 DAGs
[2024-11-22T07:48:49.740+0000] {logging_mixin.py:137} INFO - [2024-11-22T07:48:49.740+0000] {dag.py:3441} INFO - Setting next_dagrun for example_branch_operator to 2024-11-21T00:00:00+00:00, run_after=2024-11-22T00:00:00+00:00
[2024-11-22T07:48:49.757+0000] {processor.py:175} INFO - Processing /home/airflow/.local/lib/python3.7/site-packages/airflow/example_dags/example_branch_operator.py took 0.058 seconds
