[2024-11-22T07:41:09.763+0000] {processor.py:153} INFO - Started process (PID=64) to work on /home/airflow/.local/lib/python3.7/site-packages/airflow/example_dags/example_branch_python_dop_operator_3.py
[2024-11-22T07:41:09.765+0000] {processor.py:743} INFO - Processing file /home/airflow/.local/lib/python3.7/site-packages/airflow/example_dags/example_branch_python_dop_operator_3.py for tasks to queue
[2024-11-22T07:41:09.773+0000] {logging_mixin.py:137} INFO - [2024-11-22T07:41:09.773+0000] {dagbag.py:538} INFO - Filling up the DagBag from /home/airflow/.local/lib/python3.7/site-packages/airflow/example_dags/example_branch_python_dop_operator_3.py
[2024-11-22T07:41:09.921+0000] {processor.py:753} INFO - DAG(s) dict_keys(['example_branch_dop_operator_v3']) retrieved from /home/airflow/.local/lib/python3.7/site-packages/airflow/example_dags/example_branch_python_dop_operator_3.py
[2024-11-22T07:41:10.641+0000] {logging_mixin.py:137} INFO - [2024-11-22T07:41:10.641+0000] {manager.py:504} INFO - Created Permission View: can read on DAG:example_branch_dop_operator_v3
[2024-11-22T07:41:10.656+0000] {logging_mixin.py:137} INFO - [2024-11-22T07:41:10.656+0000] {manager.py:504} INFO - Created Permission View: can edit on DAG:example_branch_dop_operator_v3
[2024-11-22T07:41:10.681+0000] {logging_mixin.py:137} INFO - [2024-11-22T07:41:10.681+0000] {manager.py:504} INFO - Created Permission View: can delete on DAG:example_branch_dop_operator_v3
[2024-11-22T07:41:10.689+0000] {logging_mixin.py:137} INFO - [2024-11-22T07:41:10.686+0000] {dag.py:2690} INFO - Sync 1 DAGs
[2024-11-22T07:41:10.713+0000] {logging_mixin.py:137} INFO - [2024-11-22T07:41:10.713+0000] {dag.py:2711} INFO - Creating ORM DAG for example_branch_dop_operator_v3
[2024-11-22T07:41:10.774+0000] {logging_mixin.py:137} INFO - [2024-11-22T07:41:10.774+0000] {dag.py:3441} INFO - Setting next_dagrun for example_branch_dop_operator_v3 to 2024-11-22T07:40:00+00:00, run_after=2024-11-22T07:41:00+00:00
[2024-11-22T07:41:10.874+0000] {processor.py:175} INFO - Processing /home/airflow/.local/lib/python3.7/site-packages/airflow/example_dags/example_branch_python_dop_operator_3.py took 1.117 seconds
[2024-11-22T07:41:41.281+0000] {processor.py:153} INFO - Started process (PID=135) to work on /home/airflow/.local/lib/python3.7/site-packages/airflow/example_dags/example_branch_python_dop_operator_3.py
[2024-11-22T07:41:41.282+0000] {processor.py:743} INFO - Processing file /home/airflow/.local/lib/python3.7/site-packages/airflow/example_dags/example_branch_python_dop_operator_3.py for tasks to queue
[2024-11-22T07:41:41.283+0000] {logging_mixin.py:137} INFO - [2024-11-22T07:41:41.283+0000] {dagbag.py:538} INFO - Filling up the DagBag from /home/airflow/.local/lib/python3.7/site-packages/airflow/example_dags/example_branch_python_dop_operator_3.py
[2024-11-22T07:41:41.306+0000] {processor.py:753} INFO - DAG(s) dict_keys(['example_branch_dop_operator_v3']) retrieved from /home/airflow/.local/lib/python3.7/site-packages/airflow/example_dags/example_branch_python_dop_operator_3.py
[2024-11-22T07:41:41.324+0000] {logging_mixin.py:137} INFO - [2024-11-22T07:41:41.324+0000] {dag.py:2690} INFO - Sync 1 DAGs
[2024-11-22T07:41:41.340+0000] {logging_mixin.py:137} INFO - [2024-11-22T07:41:41.340+0000] {dag.py:3441} INFO - Setting next_dagrun for example_branch_dop_operator_v3 to 2024-11-22T07:40:00+00:00, run_after=2024-11-22T07:41:00+00:00
[2024-11-22T07:41:41.353+0000] {processor.py:175} INFO - Processing /home/airflow/.local/lib/python3.7/site-packages/airflow/example_dags/example_branch_python_dop_operator_3.py took 0.076 seconds
[2024-11-22T07:42:11.442+0000] {processor.py:153} INFO - Started process (PID=206) to work on /home/airflow/.local/lib/python3.7/site-packages/airflow/example_dags/example_branch_python_dop_operator_3.py
[2024-11-22T07:42:11.443+0000] {processor.py:743} INFO - Processing file /home/airflow/.local/lib/python3.7/site-packages/airflow/example_dags/example_branch_python_dop_operator_3.py for tasks to queue
[2024-11-22T07:42:11.443+0000] {logging_mixin.py:137} INFO - [2024-11-22T07:42:11.443+0000] {dagbag.py:538} INFO - Filling up the DagBag from /home/airflow/.local/lib/python3.7/site-packages/airflow/example_dags/example_branch_python_dop_operator_3.py
[2024-11-22T07:42:11.459+0000] {processor.py:753} INFO - DAG(s) dict_keys(['example_branch_dop_operator_v3']) retrieved from /home/airflow/.local/lib/python3.7/site-packages/airflow/example_dags/example_branch_python_dop_operator_3.py
[2024-11-22T07:42:11.476+0000] {logging_mixin.py:137} INFO - [2024-11-22T07:42:11.476+0000] {dag.py:2690} INFO - Sync 1 DAGs
[2024-11-22T07:42:11.493+0000] {logging_mixin.py:137} INFO - [2024-11-22T07:42:11.493+0000] {dag.py:3441} INFO - Setting next_dagrun for example_branch_dop_operator_v3 to 2024-11-22T07:41:00+00:00, run_after=2024-11-22T07:42:00+00:00
[2024-11-22T07:42:11.506+0000] {processor.py:175} INFO - Processing /home/airflow/.local/lib/python3.7/site-packages/airflow/example_dags/example_branch_python_dop_operator_3.py took 0.067 seconds
[2024-11-22T07:42:42.286+0000] {processor.py:153} INFO - Started process (PID=293) to work on /home/airflow/.local/lib/python3.7/site-packages/airflow/example_dags/example_branch_python_dop_operator_3.py
[2024-11-22T07:42:42.289+0000] {processor.py:743} INFO - Processing file /home/airflow/.local/lib/python3.7/site-packages/airflow/example_dags/example_branch_python_dop_operator_3.py for tasks to queue
[2024-11-22T07:42:42.289+0000] {logging_mixin.py:137} INFO - [2024-11-22T07:42:42.289+0000] {dagbag.py:538} INFO - Filling up the DagBag from /home/airflow/.local/lib/python3.7/site-packages/airflow/example_dags/example_branch_python_dop_operator_3.py
[2024-11-22T07:42:42.306+0000] {processor.py:753} INFO - DAG(s) dict_keys(['example_branch_dop_operator_v3']) retrieved from /home/airflow/.local/lib/python3.7/site-packages/airflow/example_dags/example_branch_python_dop_operator_3.py
[2024-11-22T07:42:42.325+0000] {logging_mixin.py:137} INFO - [2024-11-22T07:42:42.325+0000] {dag.py:2690} INFO - Sync 1 DAGs
[2024-11-22T07:42:42.337+0000] {logging_mixin.py:137} INFO - [2024-11-22T07:42:42.337+0000] {dag.py:3441} INFO - Setting next_dagrun for example_branch_dop_operator_v3 to 2024-11-22T07:41:00+00:00, run_after=2024-11-22T07:42:00+00:00
[2024-11-22T07:42:42.349+0000] {processor.py:175} INFO - Processing /home/airflow/.local/lib/python3.7/site-packages/airflow/example_dags/example_branch_python_dop_operator_3.py took 0.066 seconds
[2024-11-22T07:43:12.475+0000] {processor.py:153} INFO - Started process (PID=380) to work on /home/airflow/.local/lib/python3.7/site-packages/airflow/example_dags/example_branch_python_dop_operator_3.py
[2024-11-22T07:43:12.476+0000] {processor.py:743} INFO - Processing file /home/airflow/.local/lib/python3.7/site-packages/airflow/example_dags/example_branch_python_dop_operator_3.py for tasks to queue
[2024-11-22T07:43:12.476+0000] {logging_mixin.py:137} INFO - [2024-11-22T07:43:12.476+0000] {dagbag.py:538} INFO - Filling up the DagBag from /home/airflow/.local/lib/python3.7/site-packages/airflow/example_dags/example_branch_python_dop_operator_3.py
[2024-11-22T07:43:12.495+0000] {processor.py:753} INFO - DAG(s) dict_keys(['example_branch_dop_operator_v3']) retrieved from /home/airflow/.local/lib/python3.7/site-packages/airflow/example_dags/example_branch_python_dop_operator_3.py
[2024-11-22T07:43:12.514+0000] {logging_mixin.py:137} INFO - [2024-11-22T07:43:12.513+0000] {dag.py:2690} INFO - Sync 1 DAGs
[2024-11-22T07:43:12.533+0000] {logging_mixin.py:137} INFO - [2024-11-22T07:43:12.533+0000] {dag.py:3441} INFO - Setting next_dagrun for example_branch_dop_operator_v3 to 2024-11-22T07:42:00+00:00, run_after=2024-11-22T07:43:00+00:00
[2024-11-22T07:43:12.545+0000] {processor.py:175} INFO - Processing /home/airflow/.local/lib/python3.7/site-packages/airflow/example_dags/example_branch_python_dop_operator_3.py took 0.072 seconds
[2024-11-22T07:43:43.012+0000] {processor.py:153} INFO - Started process (PID=451) to work on /home/airflow/.local/lib/python3.7/site-packages/airflow/example_dags/example_branch_python_dop_operator_3.py
[2024-11-22T07:43:43.014+0000] {processor.py:743} INFO - Processing file /home/airflow/.local/lib/python3.7/site-packages/airflow/example_dags/example_branch_python_dop_operator_3.py for tasks to queue
[2024-11-22T07:43:43.030+0000] {logging_mixin.py:137} INFO - [2024-11-22T07:43:43.029+0000] {dagbag.py:538} INFO - Filling up the DagBag from /home/airflow/.local/lib/python3.7/site-packages/airflow/example_dags/example_branch_python_dop_operator_3.py
[2024-11-22T07:43:43.085+0000] {processor.py:753} INFO - DAG(s) dict_keys(['example_branch_dop_operator_v3']) retrieved from /home/airflow/.local/lib/python3.7/site-packages/airflow/example_dags/example_branch_python_dop_operator_3.py
[2024-11-22T07:43:43.131+0000] {logging_mixin.py:137} INFO - [2024-11-22T07:43:43.131+0000] {dag.py:2690} INFO - Sync 1 DAGs
[2024-11-22T07:43:43.155+0000] {logging_mixin.py:137} INFO - [2024-11-22T07:43:43.155+0000] {dag.py:3441} INFO - Setting next_dagrun for example_branch_dop_operator_v3 to 2024-11-22T07:42:00+00:00, run_after=2024-11-22T07:43:00+00:00
[2024-11-22T07:43:43.180+0000] {processor.py:175} INFO - Processing /home/airflow/.local/lib/python3.7/site-packages/airflow/example_dags/example_branch_python_dop_operator_3.py took 0.182 seconds
[2024-11-22T07:44:13.671+0000] {processor.py:153} INFO - Started process (PID=538) to work on /home/airflow/.local/lib/python3.7/site-packages/airflow/example_dags/example_branch_python_dop_operator_3.py
[2024-11-22T07:44:13.678+0000] {processor.py:743} INFO - Processing file /home/airflow/.local/lib/python3.7/site-packages/airflow/example_dags/example_branch_python_dop_operator_3.py for tasks to queue
[2024-11-22T07:44:13.680+0000] {logging_mixin.py:137} INFO - [2024-11-22T07:44:13.680+0000] {dagbag.py:538} INFO - Filling up the DagBag from /home/airflow/.local/lib/python3.7/site-packages/airflow/example_dags/example_branch_python_dop_operator_3.py
[2024-11-22T07:44:13.696+0000] {processor.py:753} INFO - DAG(s) dict_keys(['example_branch_dop_operator_v3']) retrieved from /home/airflow/.local/lib/python3.7/site-packages/airflow/example_dags/example_branch_python_dop_operator_3.py
[2024-11-22T07:44:13.723+0000] {logging_mixin.py:137} INFO - [2024-11-22T07:44:13.723+0000] {dag.py:2690} INFO - Sync 1 DAGs
[2024-11-22T07:44:13.759+0000] {logging_mixin.py:137} INFO - [2024-11-22T07:44:13.759+0000] {dag.py:3441} INFO - Setting next_dagrun for example_branch_dop_operator_v3 to 2024-11-22T07:43:00+00:00, run_after=2024-11-22T07:44:00+00:00
[2024-11-22T07:44:13.802+0000] {processor.py:175} INFO - Processing /home/airflow/.local/lib/python3.7/site-packages/airflow/example_dags/example_branch_python_dop_operator_3.py took 0.134 seconds
[2024-11-22T07:44:44.101+0000] {processor.py:153} INFO - Started process (PID=624) to work on /home/airflow/.local/lib/python3.7/site-packages/airflow/example_dags/example_branch_python_dop_operator_3.py
[2024-11-22T07:44:44.104+0000] {processor.py:743} INFO - Processing file /home/airflow/.local/lib/python3.7/site-packages/airflow/example_dags/example_branch_python_dop_operator_3.py for tasks to queue
[2024-11-22T07:44:44.105+0000] {logging_mixin.py:137} INFO - [2024-11-22T07:44:44.105+0000] {dagbag.py:538} INFO - Filling up the DagBag from /home/airflow/.local/lib/python3.7/site-packages/airflow/example_dags/example_branch_python_dop_operator_3.py
[2024-11-22T07:44:44.117+0000] {processor.py:753} INFO - DAG(s) dict_keys(['example_branch_dop_operator_v3']) retrieved from /home/airflow/.local/lib/python3.7/site-packages/airflow/example_dags/example_branch_python_dop_operator_3.py
[2024-11-22T07:44:44.135+0000] {logging_mixin.py:137} INFO - [2024-11-22T07:44:44.135+0000] {dag.py:2690} INFO - Sync 1 DAGs
[2024-11-22T07:44:44.149+0000] {logging_mixin.py:137} INFO - [2024-11-22T07:44:44.149+0000] {dag.py:3441} INFO - Setting next_dagrun for example_branch_dop_operator_v3 to 2024-11-22T07:43:00+00:00, run_after=2024-11-22T07:44:00+00:00
[2024-11-22T07:44:44.158+0000] {processor.py:175} INFO - Processing /home/airflow/.local/lib/python3.7/site-packages/airflow/example_dags/example_branch_python_dop_operator_3.py took 0.058 seconds
[2024-11-22T07:45:15.084+0000] {processor.py:153} INFO - Started process (PID=695) to work on /home/airflow/.local/lib/python3.7/site-packages/airflow/example_dags/example_branch_python_dop_operator_3.py
[2024-11-22T07:45:15.087+0000] {processor.py:743} INFO - Processing file /home/airflow/.local/lib/python3.7/site-packages/airflow/example_dags/example_branch_python_dop_operator_3.py for tasks to queue
[2024-11-22T07:45:15.088+0000] {logging_mixin.py:137} INFO - [2024-11-22T07:45:15.088+0000] {dagbag.py:538} INFO - Filling up the DagBag from /home/airflow/.local/lib/python3.7/site-packages/airflow/example_dags/example_branch_python_dop_operator_3.py
[2024-11-22T07:45:15.102+0000] {processor.py:753} INFO - DAG(s) dict_keys(['example_branch_dop_operator_v3']) retrieved from /home/airflow/.local/lib/python3.7/site-packages/airflow/example_dags/example_branch_python_dop_operator_3.py
[2024-11-22T07:45:15.119+0000] {logging_mixin.py:137} INFO - [2024-11-22T07:45:15.119+0000] {dag.py:2690} INFO - Sync 1 DAGs
[2024-11-22T07:45:15.135+0000] {logging_mixin.py:137} INFO - [2024-11-22T07:45:15.135+0000] {dag.py:3441} INFO - Setting next_dagrun for example_branch_dop_operator_v3 to 2024-11-22T07:44:00+00:00, run_after=2024-11-22T07:45:00+00:00
[2024-11-22T07:45:15.145+0000] {processor.py:175} INFO - Processing /home/airflow/.local/lib/python3.7/site-packages/airflow/example_dags/example_branch_python_dop_operator_3.py took 0.063 seconds
[2024-11-22T07:45:46.078+0000] {processor.py:153} INFO - Started process (PID=782) to work on /home/airflow/.local/lib/python3.7/site-packages/airflow/example_dags/example_branch_python_dop_operator_3.py
[2024-11-22T07:45:46.082+0000] {processor.py:743} INFO - Processing file /home/airflow/.local/lib/python3.7/site-packages/airflow/example_dags/example_branch_python_dop_operator_3.py for tasks to queue
[2024-11-22T07:45:46.085+0000] {logging_mixin.py:137} INFO - [2024-11-22T07:45:46.085+0000] {dagbag.py:538} INFO - Filling up the DagBag from /home/airflow/.local/lib/python3.7/site-packages/airflow/example_dags/example_branch_python_dop_operator_3.py
[2024-11-22T07:45:46.101+0000] {processor.py:753} INFO - DAG(s) dict_keys(['example_branch_dop_operator_v3']) retrieved from /home/airflow/.local/lib/python3.7/site-packages/airflow/example_dags/example_branch_python_dop_operator_3.py
[2024-11-22T07:45:46.120+0000] {logging_mixin.py:137} INFO - [2024-11-22T07:45:46.120+0000] {dag.py:2690} INFO - Sync 1 DAGs
[2024-11-22T07:45:46.133+0000] {logging_mixin.py:137} INFO - [2024-11-22T07:45:46.133+0000] {dag.py:3441} INFO - Setting next_dagrun for example_branch_dop_operator_v3 to 2024-11-22T07:44:00+00:00, run_after=2024-11-22T07:45:00+00:00
[2024-11-22T07:45:46.146+0000] {processor.py:175} INFO - Processing /home/airflow/.local/lib/python3.7/site-packages/airflow/example_dags/example_branch_python_dop_operator_3.py took 0.070 seconds
[2024-11-22T07:46:16.249+0000] {processor.py:153} INFO - Started process (PID=869) to work on /home/airflow/.local/lib/python3.7/site-packages/airflow/example_dags/example_branch_python_dop_operator_3.py
[2024-11-22T07:46:16.250+0000] {processor.py:743} INFO - Processing file /home/airflow/.local/lib/python3.7/site-packages/airflow/example_dags/example_branch_python_dop_operator_3.py for tasks to queue
[2024-11-22T07:46:16.251+0000] {logging_mixin.py:137} INFO - [2024-11-22T07:46:16.251+0000] {dagbag.py:538} INFO - Filling up the DagBag from /home/airflow/.local/lib/python3.7/site-packages/airflow/example_dags/example_branch_python_dop_operator_3.py
[2024-11-22T07:46:16.272+0000] {processor.py:753} INFO - DAG(s) dict_keys(['example_branch_dop_operator_v3']) retrieved from /home/airflow/.local/lib/python3.7/site-packages/airflow/example_dags/example_branch_python_dop_operator_3.py
[2024-11-22T07:46:16.295+0000] {logging_mixin.py:137} INFO - [2024-11-22T07:46:16.295+0000] {dag.py:2690} INFO - Sync 1 DAGs
[2024-11-22T07:46:16.316+0000] {logging_mixin.py:137} INFO - [2024-11-22T07:46:16.316+0000] {dag.py:3441} INFO - Setting next_dagrun for example_branch_dop_operator_v3 to 2024-11-22T07:45:00+00:00, run_after=2024-11-22T07:46:00+00:00
[2024-11-22T07:46:16.331+0000] {processor.py:175} INFO - Processing /home/airflow/.local/lib/python3.7/site-packages/airflow/example_dags/example_branch_python_dop_operator_3.py took 0.085 seconds
[2024-11-22T07:46:46.821+0000] {processor.py:153} INFO - Started process (PID=940) to work on /home/airflow/.local/lib/python3.7/site-packages/airflow/example_dags/example_branch_python_dop_operator_3.py
[2024-11-22T07:46:46.822+0000] {processor.py:743} INFO - Processing file /home/airflow/.local/lib/python3.7/site-packages/airflow/example_dags/example_branch_python_dop_operator_3.py for tasks to queue
[2024-11-22T07:46:46.823+0000] {logging_mixin.py:137} INFO - [2024-11-22T07:46:46.823+0000] {dagbag.py:538} INFO - Filling up the DagBag from /home/airflow/.local/lib/python3.7/site-packages/airflow/example_dags/example_branch_python_dop_operator_3.py
[2024-11-22T07:46:46.843+0000] {processor.py:753} INFO - DAG(s) dict_keys(['example_branch_dop_operator_v3']) retrieved from /home/airflow/.local/lib/python3.7/site-packages/airflow/example_dags/example_branch_python_dop_operator_3.py
[2024-11-22T07:46:47.021+0000] {logging_mixin.py:137} INFO - [2024-11-22T07:46:47.021+0000] {dag.py:2690} INFO - Sync 1 DAGs
[2024-11-22T07:46:47.072+0000] {logging_mixin.py:137} INFO - [2024-11-22T07:46:47.072+0000] {dag.py:3441} INFO - Setting next_dagrun for example_branch_dop_operator_v3 to 2024-11-22T07:45:00+00:00, run_after=2024-11-22T07:46:00+00:00
[2024-11-22T07:46:47.094+0000] {processor.py:175} INFO - Processing /home/airflow/.local/lib/python3.7/site-packages/airflow/example_dags/example_branch_python_dop_operator_3.py took 0.275 seconds
[2024-11-22T07:47:18.553+0000] {processor.py:153} INFO - Started process (PID=1028) to work on /home/airflow/.local/lib/python3.7/site-packages/airflow/example_dags/example_branch_python_dop_operator_3.py
[2024-11-22T07:47:18.555+0000] {processor.py:743} INFO - Processing file /home/airflow/.local/lib/python3.7/site-packages/airflow/example_dags/example_branch_python_dop_operator_3.py for tasks to queue
[2024-11-22T07:47:18.556+0000] {logging_mixin.py:137} INFO - [2024-11-22T07:47:18.556+0000] {dagbag.py:538} INFO - Filling up the DagBag from /home/airflow/.local/lib/python3.7/site-packages/airflow/example_dags/example_branch_python_dop_operator_3.py
[2024-11-22T07:47:18.595+0000] {processor.py:753} INFO - DAG(s) dict_keys(['example_branch_dop_operator_v3']) retrieved from /home/airflow/.local/lib/python3.7/site-packages/airflow/example_dags/example_branch_python_dop_operator_3.py
[2024-11-22T07:47:18.658+0000] {logging_mixin.py:137} INFO - [2024-11-22T07:47:18.658+0000] {dag.py:2690} INFO - Sync 1 DAGs
[2024-11-22T07:47:18.810+0000] {logging_mixin.py:137} INFO - [2024-11-22T07:47:18.809+0000] {dag.py:3441} INFO - Setting next_dagrun for example_branch_dop_operator_v3 to 2024-11-22T07:46:00+00:00, run_after=2024-11-22T07:47:00+00:00
[2024-11-22T07:47:18.915+0000] {processor.py:175} INFO - Processing /home/airflow/.local/lib/python3.7/site-packages/airflow/example_dags/example_branch_python_dop_operator_3.py took 0.368 seconds
[2024-11-22T07:47:49.602+0000] {processor.py:153} INFO - Started process (PID=1099) to work on /home/airflow/.local/lib/python3.7/site-packages/airflow/example_dags/example_branch_python_dop_operator_3.py
[2024-11-22T07:47:49.604+0000] {processor.py:743} INFO - Processing file /home/airflow/.local/lib/python3.7/site-packages/airflow/example_dags/example_branch_python_dop_operator_3.py for tasks to queue
[2024-11-22T07:47:49.604+0000] {logging_mixin.py:137} INFO - [2024-11-22T07:47:49.604+0000] {dagbag.py:538} INFO - Filling up the DagBag from /home/airflow/.local/lib/python3.7/site-packages/airflow/example_dags/example_branch_python_dop_operator_3.py
[2024-11-22T07:47:49.630+0000] {processor.py:753} INFO - DAG(s) dict_keys(['example_branch_dop_operator_v3']) retrieved from /home/airflow/.local/lib/python3.7/site-packages/airflow/example_dags/example_branch_python_dop_operator_3.py
[2024-11-22T07:47:49.649+0000] {logging_mixin.py:137} INFO - [2024-11-22T07:47:49.649+0000] {dag.py:2690} INFO - Sync 1 DAGs
[2024-11-22T07:47:49.668+0000] {logging_mixin.py:137} INFO - [2024-11-22T07:47:49.668+0000] {dag.py:3441} INFO - Setting next_dagrun for example_branch_dop_operator_v3 to 2024-11-22T07:46:00+00:00, run_after=2024-11-22T07:47:00+00:00
[2024-11-22T07:47:49.684+0000] {processor.py:175} INFO - Processing /home/airflow/.local/lib/python3.7/site-packages/airflow/example_dags/example_branch_python_dop_operator_3.py took 0.086 seconds
[2024-11-22T07:48:20.643+0000] {processor.py:153} INFO - Started process (PID=1190) to work on /home/airflow/.local/lib/python3.7/site-packages/airflow/example_dags/example_branch_python_dop_operator_3.py
[2024-11-22T07:48:20.644+0000] {processor.py:743} INFO - Processing file /home/airflow/.local/lib/python3.7/site-packages/airflow/example_dags/example_branch_python_dop_operator_3.py for tasks to queue
[2024-11-22T07:48:20.645+0000] {logging_mixin.py:137} INFO - [2024-11-22T07:48:20.645+0000] {dagbag.py:538} INFO - Filling up the DagBag from /home/airflow/.local/lib/python3.7/site-packages/airflow/example_dags/example_branch_python_dop_operator_3.py
[2024-11-22T07:48:20.671+0000] {processor.py:753} INFO - DAG(s) dict_keys(['example_branch_dop_operator_v3']) retrieved from /home/airflow/.local/lib/python3.7/site-packages/airflow/example_dags/example_branch_python_dop_operator_3.py
[2024-11-22T07:48:20.697+0000] {logging_mixin.py:137} INFO - [2024-11-22T07:48:20.697+0000] {dag.py:2690} INFO - Sync 1 DAGs
[2024-11-22T07:48:20.713+0000] {logging_mixin.py:137} INFO - [2024-11-22T07:48:20.713+0000] {dag.py:3441} INFO - Setting next_dagrun for example_branch_dop_operator_v3 to 2024-11-22T07:47:00+00:00, run_after=2024-11-22T07:48:00+00:00
[2024-11-22T07:48:20.731+0000] {processor.py:175} INFO - Processing /home/airflow/.local/lib/python3.7/site-packages/airflow/example_dags/example_branch_python_dop_operator_3.py took 0.093 seconds
[2024-11-22T07:48:50.815+0000] {processor.py:153} INFO - Started process (PID=1278) to work on /home/airflow/.local/lib/python3.7/site-packages/airflow/example_dags/example_branch_python_dop_operator_3.py
[2024-11-22T07:48:50.816+0000] {processor.py:743} INFO - Processing file /home/airflow/.local/lib/python3.7/site-packages/airflow/example_dags/example_branch_python_dop_operator_3.py for tasks to queue
[2024-11-22T07:48:50.817+0000] {logging_mixin.py:137} INFO - [2024-11-22T07:48:50.817+0000] {dagbag.py:538} INFO - Filling up the DagBag from /home/airflow/.local/lib/python3.7/site-packages/airflow/example_dags/example_branch_python_dop_operator_3.py
[2024-11-22T07:48:50.841+0000] {processor.py:753} INFO - DAG(s) dict_keys(['example_branch_dop_operator_v3']) retrieved from /home/airflow/.local/lib/python3.7/site-packages/airflow/example_dags/example_branch_python_dop_operator_3.py
[2024-11-22T07:48:50.860+0000] {logging_mixin.py:137} INFO - [2024-11-22T07:48:50.860+0000] {dag.py:2690} INFO - Sync 1 DAGs
[2024-11-22T07:48:50.878+0000] {logging_mixin.py:137} INFO - [2024-11-22T07:48:50.878+0000] {dag.py:3441} INFO - Setting next_dagrun for example_branch_dop_operator_v3 to 2024-11-22T07:47:00+00:00, run_after=2024-11-22T07:48:00+00:00
[2024-11-22T07:48:50.894+0000] {processor.py:175} INFO - Processing /home/airflow/.local/lib/python3.7/site-packages/airflow/example_dags/example_branch_python_dop_operator_3.py took 0.083 seconds
