[2024-11-22T09:03:22.160+0000] {processor.py:153} INFO - Started process (PID=388) to work on /home/airflow/.local/lib/python3.7/site-packages/airflow/example_dags/example_skip_dag.py
[2024-11-22T09:03:22.161+0000] {processor.py:743} INFO - Processing file /home/airflow/.local/lib/python3.7/site-packages/airflow/example_dags/example_skip_dag.py for tasks to queue
[2024-11-22T09:03:22.161+0000] {logging_mixin.py:137} INFO - [2024-11-22T09:03:22.161+0000] {dagbag.py:538} INFO - Filling up the DagBag from /home/airflow/.local/lib/python3.7/site-packages/airflow/example_dags/example_skip_dag.py
[2024-11-22T09:03:22.169+0000] {processor.py:753} INFO - DAG(s) dict_keys(['example_skip_dag']) retrieved from /home/airflow/.local/lib/python3.7/site-packages/airflow/example_dags/example_skip_dag.py
[2024-11-22T09:03:22.182+0000] {logging_mixin.py:137} INFO - [2024-11-22T09:03:22.182+0000] {dag.py:2690} INFO - Sync 1 DAGs
[2024-11-22T09:03:22.195+0000] {logging_mixin.py:137} INFO - [2024-11-22T09:03:22.195+0000] {dag.py:3441} INFO - Setting next_dagrun for example_skip_dag to 2024-11-21T09:03:22.195560+00:00, run_after=2024-11-22T09:03:22.195560+00:00
[2024-11-22T09:03:22.210+0000] {processor.py:175} INFO - Processing /home/airflow/.local/lib/python3.7/site-packages/airflow/example_dags/example_skip_dag.py took 0.051 seconds
[2024-11-22T09:03:52.668+0000] {processor.py:153} INFO - Started process (PID=478) to work on /home/airflow/.local/lib/python3.7/site-packages/airflow/example_dags/example_skip_dag.py
[2024-11-22T09:03:52.669+0000] {processor.py:743} INFO - Processing file /home/airflow/.local/lib/python3.7/site-packages/airflow/example_dags/example_skip_dag.py for tasks to queue
[2024-11-22T09:03:52.669+0000] {logging_mixin.py:137} INFO - [2024-11-22T09:03:52.669+0000] {dagbag.py:538} INFO - Filling up the DagBag from /home/airflow/.local/lib/python3.7/site-packages/airflow/example_dags/example_skip_dag.py
[2024-11-22T09:03:52.678+0000] {processor.py:753} INFO - DAG(s) dict_keys(['example_skip_dag']) retrieved from /home/airflow/.local/lib/python3.7/site-packages/airflow/example_dags/example_skip_dag.py
[2024-11-22T09:03:52.693+0000] {logging_mixin.py:137} INFO - [2024-11-22T09:03:52.693+0000] {dag.py:2690} INFO - Sync 1 DAGs
[2024-11-22T09:03:52.709+0000] {logging_mixin.py:137} INFO - [2024-11-22T09:03:52.709+0000] {dag.py:3441} INFO - Setting next_dagrun for example_skip_dag to 2024-11-21T09:03:52.708944+00:00, run_after=2024-11-22T09:03:52.708944+00:00
[2024-11-22T09:03:52.722+0000] {processor.py:175} INFO - Processing /home/airflow/.local/lib/python3.7/site-packages/airflow/example_dags/example_skip_dag.py took 0.056 seconds
[2024-11-22T09:04:23.159+0000] {processor.py:153} INFO - Started process (PID=552) to work on /home/airflow/.local/lib/python3.7/site-packages/airflow/example_dags/example_skip_dag.py
[2024-11-22T09:04:23.160+0000] {processor.py:743} INFO - Processing file /home/airflow/.local/lib/python3.7/site-packages/airflow/example_dags/example_skip_dag.py for tasks to queue
[2024-11-22T09:04:23.160+0000] {logging_mixin.py:137} INFO - [2024-11-22T09:04:23.160+0000] {dagbag.py:538} INFO - Filling up the DagBag from /home/airflow/.local/lib/python3.7/site-packages/airflow/example_dags/example_skip_dag.py
[2024-11-22T09:04:23.168+0000] {processor.py:753} INFO - DAG(s) dict_keys(['example_skip_dag']) retrieved from /home/airflow/.local/lib/python3.7/site-packages/airflow/example_dags/example_skip_dag.py
[2024-11-22T09:04:23.182+0000] {logging_mixin.py:137} INFO - [2024-11-22T09:04:23.181+0000] {dag.py:2690} INFO - Sync 1 DAGs
[2024-11-22T09:04:23.196+0000] {logging_mixin.py:137} INFO - [2024-11-22T09:04:23.196+0000] {dag.py:3441} INFO - Setting next_dagrun for example_skip_dag to 2024-11-21T09:04:23.195994+00:00, run_after=2024-11-22T09:04:23.195994+00:00
[2024-11-22T09:04:23.209+0000] {processor.py:175} INFO - Processing /home/airflow/.local/lib/python3.7/site-packages/airflow/example_dags/example_skip_dag.py took 0.052 seconds
[2024-11-22T09:04:53.927+0000] {processor.py:153} INFO - Started process (PID=641) to work on /home/airflow/.local/lib/python3.7/site-packages/airflow/example_dags/example_skip_dag.py
[2024-11-22T09:04:53.927+0000] {processor.py:743} INFO - Processing file /home/airflow/.local/lib/python3.7/site-packages/airflow/example_dags/example_skip_dag.py for tasks to queue
[2024-11-22T09:04:53.928+0000] {logging_mixin.py:137} INFO - [2024-11-22T09:04:53.927+0000] {dagbag.py:538} INFO - Filling up the DagBag from /home/airflow/.local/lib/python3.7/site-packages/airflow/example_dags/example_skip_dag.py
[2024-11-22T09:04:53.935+0000] {processor.py:753} INFO - DAG(s) dict_keys(['example_skip_dag']) retrieved from /home/airflow/.local/lib/python3.7/site-packages/airflow/example_dags/example_skip_dag.py
[2024-11-22T09:04:53.947+0000] {logging_mixin.py:137} INFO - [2024-11-22T09:04:53.947+0000] {dag.py:2690} INFO - Sync 1 DAGs
[2024-11-22T09:04:53.958+0000] {logging_mixin.py:137} INFO - [2024-11-22T09:04:53.958+0000] {dag.py:3441} INFO - Setting next_dagrun for example_skip_dag to 2024-11-21T09:04:53.957917+00:00, run_after=2024-11-22T09:04:53.957917+00:00
[2024-11-22T09:04:53.967+0000] {processor.py:175} INFO - Processing /home/airflow/.local/lib/python3.7/site-packages/airflow/example_dags/example_skip_dag.py took 0.042 seconds
[2024-11-22T09:05:24.659+0000] {processor.py:153} INFO - Started process (PID=731) to work on /home/airflow/.local/lib/python3.7/site-packages/airflow/example_dags/example_skip_dag.py
[2024-11-22T09:05:24.660+0000] {processor.py:743} INFO - Processing file /home/airflow/.local/lib/python3.7/site-packages/airflow/example_dags/example_skip_dag.py for tasks to queue
[2024-11-22T09:05:24.660+0000] {logging_mixin.py:137} INFO - [2024-11-22T09:05:24.660+0000] {dagbag.py:538} INFO - Filling up the DagBag from /home/airflow/.local/lib/python3.7/site-packages/airflow/example_dags/example_skip_dag.py
[2024-11-22T09:05:24.668+0000] {processor.py:753} INFO - DAG(s) dict_keys(['example_skip_dag']) retrieved from /home/airflow/.local/lib/python3.7/site-packages/airflow/example_dags/example_skip_dag.py
[2024-11-22T09:05:24.689+0000] {logging_mixin.py:137} INFO - [2024-11-22T09:05:24.689+0000] {dag.py:2690} INFO - Sync 1 DAGs
[2024-11-22T09:05:24.704+0000] {logging_mixin.py:137} INFO - [2024-11-22T09:05:24.704+0000] {dag.py:3441} INFO - Setting next_dagrun for example_skip_dag to 2024-11-21T09:05:24.704689+00:00, run_after=2024-11-22T09:05:24.704689+00:00
[2024-11-22T09:05:24.719+0000] {processor.py:175} INFO - Processing /home/airflow/.local/lib/python3.7/site-packages/airflow/example_dags/example_skip_dag.py took 0.064 seconds
[2024-11-22T09:05:55.572+0000] {processor.py:153} INFO - Started process (PID=814) to work on /home/airflow/.local/lib/python3.7/site-packages/airflow/example_dags/example_skip_dag.py
[2024-11-22T09:05:55.574+0000] {processor.py:743} INFO - Processing file /home/airflow/.local/lib/python3.7/site-packages/airflow/example_dags/example_skip_dag.py for tasks to queue
[2024-11-22T09:05:55.576+0000] {logging_mixin.py:137} INFO - [2024-11-22T09:05:55.576+0000] {dagbag.py:538} INFO - Filling up the DagBag from /home/airflow/.local/lib/python3.7/site-packages/airflow/example_dags/example_skip_dag.py
[2024-11-22T09:05:55.586+0000] {processor.py:753} INFO - DAG(s) dict_keys(['example_skip_dag']) retrieved from /home/airflow/.local/lib/python3.7/site-packages/airflow/example_dags/example_skip_dag.py
[2024-11-22T09:05:55.615+0000] {logging_mixin.py:137} INFO - [2024-11-22T09:05:55.615+0000] {dag.py:2690} INFO - Sync 1 DAGs
[2024-11-22T09:05:55.628+0000] {logging_mixin.py:137} INFO - [2024-11-22T09:05:55.628+0000] {dag.py:3441} INFO - Setting next_dagrun for example_skip_dag to 2024-11-21T09:05:55.628264+00:00, run_after=2024-11-22T09:05:55.628264+00:00
[2024-11-22T09:05:55.644+0000] {processor.py:175} INFO - Processing /home/airflow/.local/lib/python3.7/site-packages/airflow/example_dags/example_skip_dag.py took 0.075 seconds
[2024-11-22T09:06:25.932+0000] {processor.py:153} INFO - Started process (PID=895) to work on /home/airflow/.local/lib/python3.7/site-packages/airflow/example_dags/example_skip_dag.py
[2024-11-22T09:06:25.933+0000] {processor.py:743} INFO - Processing file /home/airflow/.local/lib/python3.7/site-packages/airflow/example_dags/example_skip_dag.py for tasks to queue
[2024-11-22T09:06:25.933+0000] {logging_mixin.py:137} INFO - [2024-11-22T09:06:25.933+0000] {dagbag.py:538} INFO - Filling up the DagBag from /home/airflow/.local/lib/python3.7/site-packages/airflow/example_dags/example_skip_dag.py
[2024-11-22T09:06:25.939+0000] {processor.py:753} INFO - DAG(s) dict_keys(['example_skip_dag']) retrieved from /home/airflow/.local/lib/python3.7/site-packages/airflow/example_dags/example_skip_dag.py
[2024-11-22T09:06:25.954+0000] {logging_mixin.py:137} INFO - [2024-11-22T09:06:25.954+0000] {dag.py:2690} INFO - Sync 1 DAGs
[2024-11-22T09:06:25.966+0000] {logging_mixin.py:137} INFO - [2024-11-22T09:06:25.966+0000] {dag.py:3441} INFO - Setting next_dagrun for example_skip_dag to 2024-11-21T09:06:25.966125+00:00, run_after=2024-11-22T09:06:25.966125+00:00
[2024-11-22T09:06:25.979+0000] {processor.py:175} INFO - Processing /home/airflow/.local/lib/python3.7/site-packages/airflow/example_dags/example_skip_dag.py took 0.048 seconds
[2024-11-22T09:06:56.702+0000] {processor.py:153} INFO - Started process (PID=985) to work on /home/airflow/.local/lib/python3.7/site-packages/airflow/example_dags/example_skip_dag.py
[2024-11-22T09:06:56.703+0000] {processor.py:743} INFO - Processing file /home/airflow/.local/lib/python3.7/site-packages/airflow/example_dags/example_skip_dag.py for tasks to queue
[2024-11-22T09:06:56.703+0000] {logging_mixin.py:137} INFO - [2024-11-22T09:06:56.703+0000] {dagbag.py:538} INFO - Filling up the DagBag from /home/airflow/.local/lib/python3.7/site-packages/airflow/example_dags/example_skip_dag.py
[2024-11-22T09:06:56.711+0000] {processor.py:753} INFO - DAG(s) dict_keys(['example_skip_dag']) retrieved from /home/airflow/.local/lib/python3.7/site-packages/airflow/example_dags/example_skip_dag.py
[2024-11-22T09:06:56.724+0000] {logging_mixin.py:137} INFO - [2024-11-22T09:06:56.724+0000] {dag.py:2690} INFO - Sync 1 DAGs
[2024-11-22T09:06:56.741+0000] {logging_mixin.py:137} INFO - [2024-11-22T09:06:56.741+0000] {dag.py:3441} INFO - Setting next_dagrun for example_skip_dag to 2024-11-21T09:06:56.740286+00:00, run_after=2024-11-22T09:06:56.740286+00:00
[2024-11-22T09:06:56.755+0000] {processor.py:175} INFO - Processing /home/airflow/.local/lib/python3.7/site-packages/airflow/example_dags/example_skip_dag.py took 0.055 seconds
[2024-11-22T09:07:27.681+0000] {processor.py:153} INFO - Started process (PID=1075) to work on /home/airflow/.local/lib/python3.7/site-packages/airflow/example_dags/example_skip_dag.py
[2024-11-22T09:07:27.682+0000] {processor.py:743} INFO - Processing file /home/airflow/.local/lib/python3.7/site-packages/airflow/example_dags/example_skip_dag.py for tasks to queue
[2024-11-22T09:07:27.683+0000] {logging_mixin.py:137} INFO - [2024-11-22T09:07:27.683+0000] {dagbag.py:538} INFO - Filling up the DagBag from /home/airflow/.local/lib/python3.7/site-packages/airflow/example_dags/example_skip_dag.py
[2024-11-22T09:07:27.691+0000] {processor.py:753} INFO - DAG(s) dict_keys(['example_skip_dag']) retrieved from /home/airflow/.local/lib/python3.7/site-packages/airflow/example_dags/example_skip_dag.py
[2024-11-22T09:07:27.711+0000] {logging_mixin.py:137} INFO - [2024-11-22T09:07:27.711+0000] {dag.py:2690} INFO - Sync 1 DAGs
[2024-11-22T09:07:27.728+0000] {logging_mixin.py:137} INFO - [2024-11-22T09:07:27.728+0000] {dag.py:3441} INFO - Setting next_dagrun for example_skip_dag to 2024-11-21T09:07:27.728045+00:00, run_after=2024-11-22T09:07:27.728045+00:00
[2024-11-22T09:07:27.738+0000] {processor.py:175} INFO - Processing /home/airflow/.local/lib/python3.7/site-packages/airflow/example_dags/example_skip_dag.py took 0.059 seconds
[2024-11-22T09:07:58.415+0000] {processor.py:153} INFO - Started process (PID=1149) to work on /home/airflow/.local/lib/python3.7/site-packages/airflow/example_dags/example_skip_dag.py
[2024-11-22T09:07:58.416+0000] {processor.py:743} INFO - Processing file /home/airflow/.local/lib/python3.7/site-packages/airflow/example_dags/example_skip_dag.py for tasks to queue
[2024-11-22T09:07:58.416+0000] {logging_mixin.py:137} INFO - [2024-11-22T09:07:58.416+0000] {dagbag.py:538} INFO - Filling up the DagBag from /home/airflow/.local/lib/python3.7/site-packages/airflow/example_dags/example_skip_dag.py
[2024-11-22T09:07:58.425+0000] {processor.py:753} INFO - DAG(s) dict_keys(['example_skip_dag']) retrieved from /home/airflow/.local/lib/python3.7/site-packages/airflow/example_dags/example_skip_dag.py
[2024-11-22T09:07:58.438+0000] {logging_mixin.py:137} INFO - [2024-11-22T09:07:58.438+0000] {dag.py:2690} INFO - Sync 1 DAGs
[2024-11-22T09:07:58.450+0000] {logging_mixin.py:137} INFO - [2024-11-22T09:07:58.450+0000] {dag.py:3441} INFO - Setting next_dagrun for example_skip_dag to 2024-11-21T09:07:58.450541+00:00, run_after=2024-11-22T09:07:58.450541+00:00
[2024-11-22T09:07:58.466+0000] {processor.py:175} INFO - Processing /home/airflow/.local/lib/python3.7/site-packages/airflow/example_dags/example_skip_dag.py took 0.055 seconds
[2024-11-22T09:08:29.403+0000] {processor.py:153} INFO - Started process (PID=1238) to work on /home/airflow/.local/lib/python3.7/site-packages/airflow/example_dags/example_skip_dag.py
[2024-11-22T09:08:29.405+0000] {processor.py:743} INFO - Processing file /home/airflow/.local/lib/python3.7/site-packages/airflow/example_dags/example_skip_dag.py for tasks to queue
[2024-11-22T09:08:29.405+0000] {logging_mixin.py:137} INFO - [2024-11-22T09:08:29.405+0000] {dagbag.py:538} INFO - Filling up the DagBag from /home/airflow/.local/lib/python3.7/site-packages/airflow/example_dags/example_skip_dag.py
[2024-11-22T09:08:29.415+0000] {processor.py:753} INFO - DAG(s) dict_keys(['example_skip_dag']) retrieved from /home/airflow/.local/lib/python3.7/site-packages/airflow/example_dags/example_skip_dag.py
[2024-11-22T09:08:29.429+0000] {logging_mixin.py:137} INFO - [2024-11-22T09:08:29.429+0000] {dag.py:2690} INFO - Sync 1 DAGs
[2024-11-22T09:08:29.441+0000] {logging_mixin.py:137} INFO - [2024-11-22T09:08:29.441+0000] {dag.py:3441} INFO - Setting next_dagrun for example_skip_dag to 2024-11-21T09:08:29.441703+00:00, run_after=2024-11-22T09:08:29.441703+00:00
[2024-11-22T09:08:29.457+0000] {processor.py:175} INFO - Processing /home/airflow/.local/lib/python3.7/site-packages/airflow/example_dags/example_skip_dag.py took 0.056 seconds
[2024-11-22T09:09:00.596+0000] {processor.py:153} INFO - Started process (PID=1327) to work on /home/airflow/.local/lib/python3.7/site-packages/airflow/example_dags/example_skip_dag.py
[2024-11-22T09:09:00.597+0000] {processor.py:743} INFO - Processing file /home/airflow/.local/lib/python3.7/site-packages/airflow/example_dags/example_skip_dag.py for tasks to queue
[2024-11-22T09:09:00.598+0000] {logging_mixin.py:137} INFO - [2024-11-22T09:09:00.598+0000] {dagbag.py:538} INFO - Filling up the DagBag from /home/airflow/.local/lib/python3.7/site-packages/airflow/example_dags/example_skip_dag.py
[2024-11-22T09:09:00.618+0000] {processor.py:753} INFO - DAG(s) dict_keys(['example_skip_dag']) retrieved from /home/airflow/.local/lib/python3.7/site-packages/airflow/example_dags/example_skip_dag.py
[2024-11-22T09:09:00.675+0000] {logging_mixin.py:137} INFO - [2024-11-22T09:09:00.675+0000] {dag.py:2690} INFO - Sync 1 DAGs
[2024-11-22T09:09:00.700+0000] {logging_mixin.py:137} INFO - [2024-11-22T09:09:00.700+0000] {dag.py:3441} INFO - Setting next_dagrun for example_skip_dag to 2024-11-21T09:09:00.700291+00:00, run_after=2024-11-22T09:09:00.700291+00:00
[2024-11-22T09:09:00.753+0000] {processor.py:175} INFO - Processing /home/airflow/.local/lib/python3.7/site-packages/airflow/example_dags/example_skip_dag.py took 0.160 seconds
[2024-11-22T09:09:31.032+0000] {processor.py:153} INFO - Started process (PID=1410) to work on /home/airflow/.local/lib/python3.7/site-packages/airflow/example_dags/example_skip_dag.py
[2024-11-22T09:09:31.033+0000] {processor.py:743} INFO - Processing file /home/airflow/.local/lib/python3.7/site-packages/airflow/example_dags/example_skip_dag.py for tasks to queue
[2024-11-22T09:09:31.034+0000] {logging_mixin.py:137} INFO - [2024-11-22T09:09:31.033+0000] {dagbag.py:538} INFO - Filling up the DagBag from /home/airflow/.local/lib/python3.7/site-packages/airflow/example_dags/example_skip_dag.py
[2024-11-22T09:09:31.040+0000] {processor.py:753} INFO - DAG(s) dict_keys(['example_skip_dag']) retrieved from /home/airflow/.local/lib/python3.7/site-packages/airflow/example_dags/example_skip_dag.py
[2024-11-22T09:09:31.058+0000] {logging_mixin.py:137} INFO - [2024-11-22T09:09:31.058+0000] {dag.py:2690} INFO - Sync 1 DAGs
[2024-11-22T09:09:31.107+0000] {logging_mixin.py:137} INFO - [2024-11-22T09:09:31.107+0000] {dag.py:3441} INFO - Setting next_dagrun for example_skip_dag to 2024-11-21T09:09:31.107361+00:00, run_after=2024-11-22T09:09:31.107361+00:00
[2024-11-22T09:09:31.149+0000] {processor.py:175} INFO - Processing /home/airflow/.local/lib/python3.7/site-packages/airflow/example_dags/example_skip_dag.py took 0.120 seconds
