[2024-11-22T09:03:24.083+0000] {processor.py:153} INFO - Started process (PID=418) to work on /home/airflow/.local/lib/python3.7/site-packages/airflow/example_dags/example_task_group_decorator.py
[2024-11-22T09:03:24.084+0000] {processor.py:743} INFO - Processing file /home/airflow/.local/lib/python3.7/site-packages/airflow/example_dags/example_task_group_decorator.py for tasks to queue
[2024-11-22T09:03:24.085+0000] {logging_mixin.py:137} INFO - [2024-11-22T09:03:24.084+0000] {dagbag.py:538} INFO - Filling up the DagBag from /home/airflow/.local/lib/python3.7/site-packages/airflow/example_dags/example_task_group_decorator.py
[2024-11-22T09:03:24.096+0000] {processor.py:753} INFO - DAG(s) dict_keys(['example_task_group_decorator']) retrieved from /home/airflow/.local/lib/python3.7/site-packages/airflow/example_dags/example_task_group_decorator.py
[2024-11-22T09:03:24.109+0000] {logging_mixin.py:137} INFO - [2024-11-22T09:03:24.109+0000] {dag.py:2690} INFO - Sync 1 DAGs
[2024-11-22T09:03:24.120+0000] {logging_mixin.py:137} INFO - [2024-11-22T09:03:24.120+0000] {dag.py:3441} INFO - Setting next_dagrun for example_task_group_decorator to 2024-11-21T09:03:24.119966+00:00, run_after=2024-11-22T09:03:24.119966+00:00
[2024-11-22T09:03:24.132+0000] {processor.py:175} INFO - Processing /home/airflow/.local/lib/python3.7/site-packages/airflow/example_dags/example_task_group_decorator.py took 0.050 seconds
[2024-11-22T09:03:54.579+0000] {processor.py:153} INFO - Started process (PID=508) to work on /home/airflow/.local/lib/python3.7/site-packages/airflow/example_dags/example_task_group_decorator.py
[2024-11-22T09:03:54.582+0000] {processor.py:743} INFO - Processing file /home/airflow/.local/lib/python3.7/site-packages/airflow/example_dags/example_task_group_decorator.py for tasks to queue
[2024-11-22T09:03:54.582+0000] {logging_mixin.py:137} INFO - [2024-11-22T09:03:54.582+0000] {dagbag.py:538} INFO - Filling up the DagBag from /home/airflow/.local/lib/python3.7/site-packages/airflow/example_dags/example_task_group_decorator.py
[2024-11-22T09:03:54.596+0000] {processor.py:753} INFO - DAG(s) dict_keys(['example_task_group_decorator']) retrieved from /home/airflow/.local/lib/python3.7/site-packages/airflow/example_dags/example_task_group_decorator.py
[2024-11-22T09:03:54.607+0000] {logging_mixin.py:137} INFO - [2024-11-22T09:03:54.607+0000] {dag.py:2690} INFO - Sync 1 DAGs
[2024-11-22T09:03:54.618+0000] {logging_mixin.py:137} INFO - [2024-11-22T09:03:54.618+0000] {dag.py:3441} INFO - Setting next_dagrun for example_task_group_decorator to 2024-11-21T09:03:54.618560+00:00, run_after=2024-11-22T09:03:54.618560+00:00
[2024-11-22T09:03:54.629+0000] {processor.py:175} INFO - Processing /home/airflow/.local/lib/python3.7/site-packages/airflow/example_dags/example_task_group_decorator.py took 0.052 seconds
[2024-11-22T09:04:25.253+0000] {processor.py:153} INFO - Started process (PID=590) to work on /home/airflow/.local/lib/python3.7/site-packages/airflow/example_dags/example_task_group_decorator.py
[2024-11-22T09:04:25.253+0000] {processor.py:743} INFO - Processing file /home/airflow/.local/lib/python3.7/site-packages/airflow/example_dags/example_task_group_decorator.py for tasks to queue
[2024-11-22T09:04:25.254+0000] {logging_mixin.py:137} INFO - [2024-11-22T09:04:25.254+0000] {dagbag.py:538} INFO - Filling up the DagBag from /home/airflow/.local/lib/python3.7/site-packages/airflow/example_dags/example_task_group_decorator.py
[2024-11-22T09:04:25.272+0000] {processor.py:753} INFO - DAG(s) dict_keys(['example_task_group_decorator']) retrieved from /home/airflow/.local/lib/python3.7/site-packages/airflow/example_dags/example_task_group_decorator.py
[2024-11-22T09:04:25.294+0000] {logging_mixin.py:137} INFO - [2024-11-22T09:04:25.294+0000] {dag.py:2690} INFO - Sync 1 DAGs
[2024-11-22T09:04:25.309+0000] {logging_mixin.py:137} INFO - [2024-11-22T09:04:25.309+0000] {dag.py:3441} INFO - Setting next_dagrun for example_task_group_decorator to 2024-11-21T09:04:25.309523+00:00, run_after=2024-11-22T09:04:25.309523+00:00
[2024-11-22T09:04:25.324+0000] {processor.py:175} INFO - Processing /home/airflow/.local/lib/python3.7/site-packages/airflow/example_dags/example_task_group_decorator.py took 0.073 seconds
[2024-11-22T09:04:55.981+0000] {processor.py:153} INFO - Started process (PID=671) to work on /home/airflow/.local/lib/python3.7/site-packages/airflow/example_dags/example_task_group_decorator.py
[2024-11-22T09:04:55.982+0000] {processor.py:743} INFO - Processing file /home/airflow/.local/lib/python3.7/site-packages/airflow/example_dags/example_task_group_decorator.py for tasks to queue
[2024-11-22T09:04:55.982+0000] {logging_mixin.py:137} INFO - [2024-11-22T09:04:55.982+0000] {dagbag.py:538} INFO - Filling up the DagBag from /home/airflow/.local/lib/python3.7/site-packages/airflow/example_dags/example_task_group_decorator.py
[2024-11-22T09:04:56.003+0000] {processor.py:753} INFO - DAG(s) dict_keys(['example_task_group_decorator']) retrieved from /home/airflow/.local/lib/python3.7/site-packages/airflow/example_dags/example_task_group_decorator.py
[2024-11-22T09:04:56.019+0000] {logging_mixin.py:137} INFO - [2024-11-22T09:04:56.019+0000] {dag.py:2690} INFO - Sync 1 DAGs
[2024-11-22T09:04:56.037+0000] {logging_mixin.py:137} INFO - [2024-11-22T09:04:56.037+0000] {dag.py:3441} INFO - Setting next_dagrun for example_task_group_decorator to 2024-11-21T09:04:56.037056+00:00, run_after=2024-11-22T09:04:56.037056+00:00
[2024-11-22T09:04:56.053+0000] {processor.py:175} INFO - Processing /home/airflow/.local/lib/python3.7/site-packages/airflow/example_dags/example_task_group_decorator.py took 0.075 seconds
[2024-11-22T09:05:26.749+0000] {processor.py:153} INFO - Started process (PID=761) to work on /home/airflow/.local/lib/python3.7/site-packages/airflow/example_dags/example_task_group_decorator.py
[2024-11-22T09:05:26.750+0000] {processor.py:743} INFO - Processing file /home/airflow/.local/lib/python3.7/site-packages/airflow/example_dags/example_task_group_decorator.py for tasks to queue
[2024-11-22T09:05:26.751+0000] {logging_mixin.py:137} INFO - [2024-11-22T09:05:26.751+0000] {dagbag.py:538} INFO - Filling up the DagBag from /home/airflow/.local/lib/python3.7/site-packages/airflow/example_dags/example_task_group_decorator.py
[2024-11-22T09:05:26.764+0000] {processor.py:753} INFO - DAG(s) dict_keys(['example_task_group_decorator']) retrieved from /home/airflow/.local/lib/python3.7/site-packages/airflow/example_dags/example_task_group_decorator.py
[2024-11-22T09:05:26.779+0000] {logging_mixin.py:137} INFO - [2024-11-22T09:05:26.779+0000] {dag.py:2690} INFO - Sync 1 DAGs
[2024-11-22T09:05:26.791+0000] {logging_mixin.py:137} INFO - [2024-11-22T09:05:26.791+0000] {dag.py:3441} INFO - Setting next_dagrun for example_task_group_decorator to 2024-11-21T09:05:26.791474+00:00, run_after=2024-11-22T09:05:26.791474+00:00
[2024-11-22T09:05:26.799+0000] {processor.py:175} INFO - Processing /home/airflow/.local/lib/python3.7/site-packages/airflow/example_dags/example_task_group_decorator.py took 0.053 seconds
[2024-11-22T09:05:57.205+0000] {processor.py:153} INFO - Started process (PID=851) to work on /home/airflow/.local/lib/python3.7/site-packages/airflow/example_dags/example_task_group_decorator.py
[2024-11-22T09:05:57.206+0000] {processor.py:743} INFO - Processing file /home/airflow/.local/lib/python3.7/site-packages/airflow/example_dags/example_task_group_decorator.py for tasks to queue
[2024-11-22T09:05:57.207+0000] {logging_mixin.py:137} INFO - [2024-11-22T09:05:57.207+0000] {dagbag.py:538} INFO - Filling up the DagBag from /home/airflow/.local/lib/python3.7/site-packages/airflow/example_dags/example_task_group_decorator.py
[2024-11-22T09:05:57.221+0000] {processor.py:753} INFO - DAG(s) dict_keys(['example_task_group_decorator']) retrieved from /home/airflow/.local/lib/python3.7/site-packages/airflow/example_dags/example_task_group_decorator.py
[2024-11-22T09:05:57.236+0000] {logging_mixin.py:137} INFO - [2024-11-22T09:05:57.236+0000] {dag.py:2690} INFO - Sync 1 DAGs
[2024-11-22T09:05:57.248+0000] {logging_mixin.py:137} INFO - [2024-11-22T09:05:57.248+0000] {dag.py:3441} INFO - Setting next_dagrun for example_task_group_decorator to 2024-11-21T09:05:57.247896+00:00, run_after=2024-11-22T09:05:57.247896+00:00
[2024-11-22T09:05:57.260+0000] {processor.py:175} INFO - Processing /home/airflow/.local/lib/python3.7/site-packages/airflow/example_dags/example_task_group_decorator.py took 0.056 seconds
[2024-11-22T09:06:28.010+0000] {processor.py:153} INFO - Started process (PID=925) to work on /home/airflow/.local/lib/python3.7/site-packages/airflow/example_dags/example_task_group_decorator.py
[2024-11-22T09:06:28.011+0000] {processor.py:743} INFO - Processing file /home/airflow/.local/lib/python3.7/site-packages/airflow/example_dags/example_task_group_decorator.py for tasks to queue
[2024-11-22T09:06:28.013+0000] {logging_mixin.py:137} INFO - [2024-11-22T09:06:28.013+0000] {dagbag.py:538} INFO - Filling up the DagBag from /home/airflow/.local/lib/python3.7/site-packages/airflow/example_dags/example_task_group_decorator.py
[2024-11-22T09:06:28.026+0000] {processor.py:753} INFO - DAG(s) dict_keys(['example_task_group_decorator']) retrieved from /home/airflow/.local/lib/python3.7/site-packages/airflow/example_dags/example_task_group_decorator.py
[2024-11-22T09:06:28.046+0000] {logging_mixin.py:137} INFO - [2024-11-22T09:06:28.046+0000] {dag.py:2690} INFO - Sync 1 DAGs
[2024-11-22T09:06:28.059+0000] {logging_mixin.py:137} INFO - [2024-11-22T09:06:28.059+0000] {dag.py:3441} INFO - Setting next_dagrun for example_task_group_decorator to 2024-11-21T09:06:28.059455+00:00, run_after=2024-11-22T09:06:28.059455+00:00
[2024-11-22T09:06:28.066+0000] {processor.py:175} INFO - Processing /home/airflow/.local/lib/python3.7/site-packages/airflow/example_dags/example_task_group_decorator.py took 0.059 seconds
[2024-11-22T09:06:58.725+0000] {processor.py:153} INFO - Started process (PID=1015) to work on /home/airflow/.local/lib/python3.7/site-packages/airflow/example_dags/example_task_group_decorator.py
[2024-11-22T09:06:58.726+0000] {processor.py:743} INFO - Processing file /home/airflow/.local/lib/python3.7/site-packages/airflow/example_dags/example_task_group_decorator.py for tasks to queue
[2024-11-22T09:06:58.726+0000] {logging_mixin.py:137} INFO - [2024-11-22T09:06:58.726+0000] {dagbag.py:538} INFO - Filling up the DagBag from /home/airflow/.local/lib/python3.7/site-packages/airflow/example_dags/example_task_group_decorator.py
[2024-11-22T09:06:58.739+0000] {processor.py:753} INFO - DAG(s) dict_keys(['example_task_group_decorator']) retrieved from /home/airflow/.local/lib/python3.7/site-packages/airflow/example_dags/example_task_group_decorator.py
[2024-11-22T09:06:58.755+0000] {logging_mixin.py:137} INFO - [2024-11-22T09:06:58.755+0000] {dag.py:2690} INFO - Sync 1 DAGs
[2024-11-22T09:06:58.771+0000] {logging_mixin.py:137} INFO - [2024-11-22T09:06:58.771+0000] {dag.py:3441} INFO - Setting next_dagrun for example_task_group_decorator to 2024-11-21T09:06:58.771653+00:00, run_after=2024-11-22T09:06:58.771653+00:00
[2024-11-22T09:06:58.784+0000] {processor.py:175} INFO - Processing /home/airflow/.local/lib/python3.7/site-packages/airflow/example_dags/example_task_group_decorator.py took 0.061 seconds
[2024-11-22T09:07:29.744+0000] {processor.py:153} INFO - Started process (PID=1105) to work on /home/airflow/.local/lib/python3.7/site-packages/airflow/example_dags/example_task_group_decorator.py
[2024-11-22T09:07:29.748+0000] {processor.py:743} INFO - Processing file /home/airflow/.local/lib/python3.7/site-packages/airflow/example_dags/example_task_group_decorator.py for tasks to queue
[2024-11-22T09:07:29.749+0000] {logging_mixin.py:137} INFO - [2024-11-22T09:07:29.749+0000] {dagbag.py:538} INFO - Filling up the DagBag from /home/airflow/.local/lib/python3.7/site-packages/airflow/example_dags/example_task_group_decorator.py
[2024-11-22T09:07:29.765+0000] {processor.py:753} INFO - DAG(s) dict_keys(['example_task_group_decorator']) retrieved from /home/airflow/.local/lib/python3.7/site-packages/airflow/example_dags/example_task_group_decorator.py
[2024-11-22T09:07:29.784+0000] {logging_mixin.py:137} INFO - [2024-11-22T09:07:29.784+0000] {dag.py:2690} INFO - Sync 1 DAGs
[2024-11-22T09:07:29.799+0000] {logging_mixin.py:137} INFO - [2024-11-22T09:07:29.799+0000] {dag.py:3441} INFO - Setting next_dagrun for example_task_group_decorator to 2024-11-21T09:07:29.799696+00:00, run_after=2024-11-22T09:07:29.799696+00:00
[2024-11-22T09:07:29.812+0000] {processor.py:175} INFO - Processing /home/airflow/.local/lib/python3.7/site-packages/airflow/example_dags/example_task_group_decorator.py took 0.069 seconds
[2024-11-22T09:08:00.575+0000] {processor.py:153} INFO - Started process (PID=1187) to work on /home/airflow/.local/lib/python3.7/site-packages/airflow/example_dags/example_task_group_decorator.py
[2024-11-22T09:08:00.576+0000] {processor.py:743} INFO - Processing file /home/airflow/.local/lib/python3.7/site-packages/airflow/example_dags/example_task_group_decorator.py for tasks to queue
[2024-11-22T09:08:00.579+0000] {logging_mixin.py:137} INFO - [2024-11-22T09:08:00.579+0000] {dagbag.py:538} INFO - Filling up the DagBag from /home/airflow/.local/lib/python3.7/site-packages/airflow/example_dags/example_task_group_decorator.py
[2024-11-22T09:08:00.597+0000] {processor.py:753} INFO - DAG(s) dict_keys(['example_task_group_decorator']) retrieved from /home/airflow/.local/lib/python3.7/site-packages/airflow/example_dags/example_task_group_decorator.py
[2024-11-22T09:08:00.616+0000] {logging_mixin.py:137} INFO - [2024-11-22T09:08:00.616+0000] {dag.py:2690} INFO - Sync 1 DAGs
[2024-11-22T09:08:00.628+0000] {logging_mixin.py:137} INFO - [2024-11-22T09:08:00.628+0000] {dag.py:3441} INFO - Setting next_dagrun for example_task_group_decorator to 2024-11-21T09:08:00.628279+00:00, run_after=2024-11-22T09:08:00.628279+00:00
[2024-11-22T09:08:00.646+0000] {processor.py:175} INFO - Processing /home/airflow/.local/lib/python3.7/site-packages/airflow/example_dags/example_task_group_decorator.py took 0.072 seconds
[2024-11-22T09:08:31.598+0000] {processor.py:153} INFO - Started process (PID=1268) to work on /home/airflow/.local/lib/python3.7/site-packages/airflow/example_dags/example_task_group_decorator.py
[2024-11-22T09:08:31.599+0000] {processor.py:743} INFO - Processing file /home/airflow/.local/lib/python3.7/site-packages/airflow/example_dags/example_task_group_decorator.py for tasks to queue
[2024-11-22T09:08:31.600+0000] {logging_mixin.py:137} INFO - [2024-11-22T09:08:31.600+0000] {dagbag.py:538} INFO - Filling up the DagBag from /home/airflow/.local/lib/python3.7/site-packages/airflow/example_dags/example_task_group_decorator.py
[2024-11-22T09:08:31.613+0000] {processor.py:753} INFO - DAG(s) dict_keys(['example_task_group_decorator']) retrieved from /home/airflow/.local/lib/python3.7/site-packages/airflow/example_dags/example_task_group_decorator.py
[2024-11-22T09:08:31.628+0000] {logging_mixin.py:137} INFO - [2024-11-22T09:08:31.628+0000] {dag.py:2690} INFO - Sync 1 DAGs
[2024-11-22T09:08:31.642+0000] {logging_mixin.py:137} INFO - [2024-11-22T09:08:31.642+0000] {dag.py:3441} INFO - Setting next_dagrun for example_task_group_decorator to 2024-11-21T09:08:31.642817+00:00, run_after=2024-11-22T09:08:31.642817+00:00
[2024-11-22T09:08:31.655+0000] {processor.py:175} INFO - Processing /home/airflow/.local/lib/python3.7/site-packages/airflow/example_dags/example_task_group_decorator.py took 0.059 seconds
[2024-11-22T09:09:02.341+0000] {processor.py:153} INFO - Started process (PID=1357) to work on /home/airflow/.local/lib/python3.7/site-packages/airflow/example_dags/example_task_group_decorator.py
[2024-11-22T09:09:02.341+0000] {processor.py:743} INFO - Processing file /home/airflow/.local/lib/python3.7/site-packages/airflow/example_dags/example_task_group_decorator.py for tasks to queue
[2024-11-22T09:09:02.341+0000] {logging_mixin.py:137} INFO - [2024-11-22T09:09:02.341+0000] {dagbag.py:538} INFO - Filling up the DagBag from /home/airflow/.local/lib/python3.7/site-packages/airflow/example_dags/example_task_group_decorator.py
[2024-11-22T09:09:02.355+0000] {processor.py:753} INFO - DAG(s) dict_keys(['example_task_group_decorator']) retrieved from /home/airflow/.local/lib/python3.7/site-packages/airflow/example_dags/example_task_group_decorator.py
[2024-11-22T09:09:02.368+0000] {logging_mixin.py:137} INFO - [2024-11-22T09:09:02.368+0000] {dag.py:2690} INFO - Sync 1 DAGs
[2024-11-22T09:09:02.381+0000] {logging_mixin.py:137} INFO - [2024-11-22T09:09:02.381+0000] {dag.py:3441} INFO - Setting next_dagrun for example_task_group_decorator to 2024-11-21T09:09:02.380966+00:00, run_after=2024-11-22T09:09:02.380966+00:00
[2024-11-22T09:09:02.394+0000] {processor.py:175} INFO - Processing /home/airflow/.local/lib/python3.7/site-packages/airflow/example_dags/example_task_group_decorator.py took 0.055 seconds
[2024-11-22T09:09:32.471+0000] {processor.py:153} INFO - Started process (PID=1447) to work on /home/airflow/.local/lib/python3.7/site-packages/airflow/example_dags/example_task_group_decorator.py
[2024-11-22T09:09:32.473+0000] {processor.py:743} INFO - Processing file /home/airflow/.local/lib/python3.7/site-packages/airflow/example_dags/example_task_group_decorator.py for tasks to queue
[2024-11-22T09:09:32.474+0000] {logging_mixin.py:137} INFO - [2024-11-22T09:09:32.473+0000] {dagbag.py:538} INFO - Filling up the DagBag from /home/airflow/.local/lib/python3.7/site-packages/airflow/example_dags/example_task_group_decorator.py
[2024-11-22T09:09:32.486+0000] {processor.py:753} INFO - DAG(s) dict_keys(['example_task_group_decorator']) retrieved from /home/airflow/.local/lib/python3.7/site-packages/airflow/example_dags/example_task_group_decorator.py
[2024-11-22T09:09:32.504+0000] {logging_mixin.py:137} INFO - [2024-11-22T09:09:32.504+0000] {dag.py:2690} INFO - Sync 1 DAGs
[2024-11-22T09:09:32.515+0000] {logging_mixin.py:137} INFO - [2024-11-22T09:09:32.515+0000] {dag.py:3441} INFO - Setting next_dagrun for example_task_group_decorator to 2024-11-21T09:09:32.515417+00:00, run_after=2024-11-22T09:09:32.515417+00:00
[2024-11-22T09:09:32.525+0000] {processor.py:175} INFO - Processing /home/airflow/.local/lib/python3.7/site-packages/airflow/example_dags/example_task_group_decorator.py took 0.055 seconds
