[2024-11-22T09:03:22.588+0000] {processor.py:153} INFO - Started process (PID=402) to work on /home/airflow/.local/lib/python3.7/site-packages/airflow/example_dags/example_sensors.py
[2024-11-22T09:03:22.589+0000] {processor.py:743} INFO - Processing file /home/airflow/.local/lib/python3.7/site-packages/airflow/example_dags/example_sensors.py for tasks to queue
[2024-11-22T09:03:22.590+0000] {logging_mixin.py:137} INFO - [2024-11-22T09:03:22.590+0000] {dagbag.py:538} INFO - Filling up the DagBag from /home/airflow/.local/lib/python3.7/site-packages/airflow/example_dags/example_sensors.py
[2024-11-22T09:03:22.599+0000] {processor.py:753} INFO - DAG(s) dict_keys(['example_sensors']) retrieved from /home/airflow/.local/lib/python3.7/site-packages/airflow/example_dags/example_sensors.py
[2024-11-22T09:03:22.613+0000] {logging_mixin.py:137} INFO - [2024-11-22T09:03:22.613+0000] {dag.py:2690} INFO - Sync 1 DAGs
[2024-11-22T09:03:22.626+0000] {logging_mixin.py:137} INFO - [2024-11-22T09:03:22.626+0000] {dag.py:3441} INFO - Setting next_dagrun for example_sensors to None, run_after=None
[2024-11-22T09:03:22.638+0000] {processor.py:175} INFO - Processing /home/airflow/.local/lib/python3.7/site-packages/airflow/example_dags/example_sensors.py took 0.051 seconds
[2024-11-22T09:03:53.075+0000] {processor.py:153} INFO - Started process (PID=492) to work on /home/airflow/.local/lib/python3.7/site-packages/airflow/example_dags/example_sensors.py
[2024-11-22T09:03:53.075+0000] {processor.py:743} INFO - Processing file /home/airflow/.local/lib/python3.7/site-packages/airflow/example_dags/example_sensors.py for tasks to queue
[2024-11-22T09:03:53.076+0000] {logging_mixin.py:137} INFO - [2024-11-22T09:03:53.076+0000] {dagbag.py:538} INFO - Filling up the DagBag from /home/airflow/.local/lib/python3.7/site-packages/airflow/example_dags/example_sensors.py
[2024-11-22T09:03:53.086+0000] {processor.py:753} INFO - DAG(s) dict_keys(['example_sensors']) retrieved from /home/airflow/.local/lib/python3.7/site-packages/airflow/example_dags/example_sensors.py
[2024-11-22T09:03:53.097+0000] {logging_mixin.py:137} INFO - [2024-11-22T09:03:53.097+0000] {dag.py:2690} INFO - Sync 1 DAGs
[2024-11-22T09:03:53.108+0000] {logging_mixin.py:137} INFO - [2024-11-22T09:03:53.108+0000] {dag.py:3441} INFO - Setting next_dagrun for example_sensors to None, run_after=None
[2024-11-22T09:03:53.117+0000] {processor.py:175} INFO - Processing /home/airflow/.local/lib/python3.7/site-packages/airflow/example_dags/example_sensors.py took 0.043 seconds
[2024-11-22T09:04:23.588+0000] {processor.py:153} INFO - Started process (PID=566) to work on /home/airflow/.local/lib/python3.7/site-packages/airflow/example_dags/example_sensors.py
[2024-11-22T09:04:23.590+0000] {processor.py:743} INFO - Processing file /home/airflow/.local/lib/python3.7/site-packages/airflow/example_dags/example_sensors.py for tasks to queue
[2024-11-22T09:04:23.591+0000] {logging_mixin.py:137} INFO - [2024-11-22T09:04:23.591+0000] {dagbag.py:538} INFO - Filling up the DagBag from /home/airflow/.local/lib/python3.7/site-packages/airflow/example_dags/example_sensors.py
[2024-11-22T09:04:23.601+0000] {processor.py:753} INFO - DAG(s) dict_keys(['example_sensors']) retrieved from /home/airflow/.local/lib/python3.7/site-packages/airflow/example_dags/example_sensors.py
[2024-11-22T09:04:23.615+0000] {logging_mixin.py:137} INFO - [2024-11-22T09:04:23.615+0000] {dag.py:2690} INFO - Sync 1 DAGs
[2024-11-22T09:04:23.665+0000] {logging_mixin.py:137} INFO - [2024-11-22T09:04:23.665+0000] {dag.py:3441} INFO - Setting next_dagrun for example_sensors to None, run_after=None
[2024-11-22T09:04:23.675+0000] {processor.py:175} INFO - Processing /home/airflow/.local/lib/python3.7/site-packages/airflow/example_dags/example_sensors.py took 0.088 seconds
[2024-11-22T09:04:54.372+0000] {processor.py:153} INFO - Started process (PID=655) to work on /home/airflow/.local/lib/python3.7/site-packages/airflow/example_dags/example_sensors.py
[2024-11-22T09:04:54.375+0000] {processor.py:743} INFO - Processing file /home/airflow/.local/lib/python3.7/site-packages/airflow/example_dags/example_sensors.py for tasks to queue
[2024-11-22T09:04:54.376+0000] {logging_mixin.py:137} INFO - [2024-11-22T09:04:54.376+0000] {dagbag.py:538} INFO - Filling up the DagBag from /home/airflow/.local/lib/python3.7/site-packages/airflow/example_dags/example_sensors.py
[2024-11-22T09:04:54.386+0000] {processor.py:753} INFO - DAG(s) dict_keys(['example_sensors']) retrieved from /home/airflow/.local/lib/python3.7/site-packages/airflow/example_dags/example_sensors.py
[2024-11-22T09:04:54.403+0000] {logging_mixin.py:137} INFO - [2024-11-22T09:04:54.403+0000] {dag.py:2690} INFO - Sync 1 DAGs
[2024-11-22T09:04:54.417+0000] {logging_mixin.py:137} INFO - [2024-11-22T09:04:54.416+0000] {dag.py:3441} INFO - Setting next_dagrun for example_sensors to None, run_after=None
[2024-11-22T09:04:54.428+0000] {processor.py:175} INFO - Processing /home/airflow/.local/lib/python3.7/site-packages/airflow/example_dags/example_sensors.py took 0.058 seconds
[2024-11-22T09:05:25.186+0000] {processor.py:153} INFO - Started process (PID=745) to work on /home/airflow/.local/lib/python3.7/site-packages/airflow/example_dags/example_sensors.py
[2024-11-22T09:05:25.186+0000] {processor.py:743} INFO - Processing file /home/airflow/.local/lib/python3.7/site-packages/airflow/example_dags/example_sensors.py for tasks to queue
[2024-11-22T09:05:25.187+0000] {logging_mixin.py:137} INFO - [2024-11-22T09:05:25.186+0000] {dagbag.py:538} INFO - Filling up the DagBag from /home/airflow/.local/lib/python3.7/site-packages/airflow/example_dags/example_sensors.py
[2024-11-22T09:05:25.196+0000] {processor.py:753} INFO - DAG(s) dict_keys(['example_sensors']) retrieved from /home/airflow/.local/lib/python3.7/site-packages/airflow/example_dags/example_sensors.py
[2024-11-22T09:05:25.210+0000] {logging_mixin.py:137} INFO - [2024-11-22T09:05:25.210+0000] {dag.py:2690} INFO - Sync 1 DAGs
[2024-11-22T09:05:25.223+0000] {logging_mixin.py:137} INFO - [2024-11-22T09:05:25.222+0000] {dag.py:3441} INFO - Setting next_dagrun for example_sensors to None, run_after=None
[2024-11-22T09:05:25.234+0000] {processor.py:175} INFO - Processing /home/airflow/.local/lib/python3.7/site-packages/airflow/example_dags/example_sensors.py took 0.050 seconds
[2024-11-22T09:05:56.460+0000] {processor.py:153} INFO - Started process (PID=835) to work on /home/airflow/.local/lib/python3.7/site-packages/airflow/example_dags/example_sensors.py
[2024-11-22T09:05:56.461+0000] {processor.py:743} INFO - Processing file /home/airflow/.local/lib/python3.7/site-packages/airflow/example_dags/example_sensors.py for tasks to queue
[2024-11-22T09:05:56.462+0000] {logging_mixin.py:137} INFO - [2024-11-22T09:05:56.461+0000] {dagbag.py:538} INFO - Filling up the DagBag from /home/airflow/.local/lib/python3.7/site-packages/airflow/example_dags/example_sensors.py
[2024-11-22T09:05:56.480+0000] {processor.py:753} INFO - DAG(s) dict_keys(['example_sensors']) retrieved from /home/airflow/.local/lib/python3.7/site-packages/airflow/example_dags/example_sensors.py
[2024-11-22T09:05:56.507+0000] {logging_mixin.py:137} INFO - [2024-11-22T09:05:56.506+0000] {dag.py:2690} INFO - Sync 1 DAGs
[2024-11-22T09:05:56.523+0000] {logging_mixin.py:137} INFO - [2024-11-22T09:05:56.523+0000] {dag.py:3441} INFO - Setting next_dagrun for example_sensors to None, run_after=None
[2024-11-22T09:05:56.538+0000] {processor.py:175} INFO - Processing /home/airflow/.local/lib/python3.7/site-packages/airflow/example_dags/example_sensors.py took 0.080 seconds
[2024-11-22T09:06:27.457+0000] {processor.py:153} INFO - Started process (PID=909) to work on /home/airflow/.local/lib/python3.7/site-packages/airflow/example_dags/example_sensors.py
[2024-11-22T09:06:27.458+0000] {processor.py:743} INFO - Processing file /home/airflow/.local/lib/python3.7/site-packages/airflow/example_dags/example_sensors.py for tasks to queue
[2024-11-22T09:06:27.458+0000] {logging_mixin.py:137} INFO - [2024-11-22T09:06:27.458+0000] {dagbag.py:538} INFO - Filling up the DagBag from /home/airflow/.local/lib/python3.7/site-packages/airflow/example_dags/example_sensors.py
[2024-11-22T09:06:27.468+0000] {processor.py:753} INFO - DAG(s) dict_keys(['example_sensors']) retrieved from /home/airflow/.local/lib/python3.7/site-packages/airflow/example_dags/example_sensors.py
[2024-11-22T09:06:27.487+0000] {logging_mixin.py:137} INFO - [2024-11-22T09:06:27.487+0000] {dag.py:2690} INFO - Sync 1 DAGs
[2024-11-22T09:06:27.504+0000] {logging_mixin.py:137} INFO - [2024-11-22T09:06:27.504+0000] {dag.py:3441} INFO - Setting next_dagrun for example_sensors to None, run_after=None
[2024-11-22T09:06:27.517+0000] {processor.py:175} INFO - Processing /home/airflow/.local/lib/python3.7/site-packages/airflow/example_dags/example_sensors.py took 0.061 seconds
[2024-11-22T09:06:58.214+0000] {processor.py:153} INFO - Started process (PID=999) to work on /home/airflow/.local/lib/python3.7/site-packages/airflow/example_dags/example_sensors.py
[2024-11-22T09:06:58.215+0000] {processor.py:743} INFO - Processing file /home/airflow/.local/lib/python3.7/site-packages/airflow/example_dags/example_sensors.py for tasks to queue
[2024-11-22T09:06:58.215+0000] {logging_mixin.py:137} INFO - [2024-11-22T09:06:58.215+0000] {dagbag.py:538} INFO - Filling up the DagBag from /home/airflow/.local/lib/python3.7/site-packages/airflow/example_dags/example_sensors.py
[2024-11-22T09:06:58.226+0000] {processor.py:753} INFO - DAG(s) dict_keys(['example_sensors']) retrieved from /home/airflow/.local/lib/python3.7/site-packages/airflow/example_dags/example_sensors.py
[2024-11-22T09:06:58.243+0000] {logging_mixin.py:137} INFO - [2024-11-22T09:06:58.243+0000] {dag.py:2690} INFO - Sync 1 DAGs
[2024-11-22T09:06:58.258+0000] {logging_mixin.py:137} INFO - [2024-11-22T09:06:58.258+0000] {dag.py:3441} INFO - Setting next_dagrun for example_sensors to None, run_after=None
[2024-11-22T09:06:58.273+0000] {processor.py:175} INFO - Processing /home/airflow/.local/lib/python3.7/site-packages/airflow/example_dags/example_sensors.py took 0.060 seconds
[2024-11-22T09:07:29.152+0000] {processor.py:153} INFO - Started process (PID=1089) to work on /home/airflow/.local/lib/python3.7/site-packages/airflow/example_dags/example_sensors.py
[2024-11-22T09:07:29.153+0000] {processor.py:743} INFO - Processing file /home/airflow/.local/lib/python3.7/site-packages/airflow/example_dags/example_sensors.py for tasks to queue
[2024-11-22T09:07:29.155+0000] {logging_mixin.py:137} INFO - [2024-11-22T09:07:29.155+0000] {dagbag.py:538} INFO - Filling up the DagBag from /home/airflow/.local/lib/python3.7/site-packages/airflow/example_dags/example_sensors.py
[2024-11-22T09:07:29.168+0000] {processor.py:753} INFO - DAG(s) dict_keys(['example_sensors']) retrieved from /home/airflow/.local/lib/python3.7/site-packages/airflow/example_dags/example_sensors.py
[2024-11-22T09:07:29.188+0000] {logging_mixin.py:137} INFO - [2024-11-22T09:07:29.188+0000] {dag.py:2690} INFO - Sync 1 DAGs
[2024-11-22T09:07:29.200+0000] {logging_mixin.py:137} INFO - [2024-11-22T09:07:29.200+0000] {dag.py:3441} INFO - Setting next_dagrun for example_sensors to None, run_after=None
[2024-11-22T09:07:29.210+0000] {processor.py:175} INFO - Processing /home/airflow/.local/lib/python3.7/site-packages/airflow/example_dags/example_sensors.py took 0.060 seconds
[2024-11-22T09:07:59.931+0000] {processor.py:153} INFO - Started process (PID=1163) to work on /home/airflow/.local/lib/python3.7/site-packages/airflow/example_dags/example_sensors.py
[2024-11-22T09:07:59.932+0000] {processor.py:743} INFO - Processing file /home/airflow/.local/lib/python3.7/site-packages/airflow/example_dags/example_sensors.py for tasks to queue
[2024-11-22T09:07:59.933+0000] {logging_mixin.py:137} INFO - [2024-11-22T09:07:59.933+0000] {dagbag.py:538} INFO - Filling up the DagBag from /home/airflow/.local/lib/python3.7/site-packages/airflow/example_dags/example_sensors.py
[2024-11-22T09:07:59.944+0000] {processor.py:753} INFO - DAG(s) dict_keys(['example_sensors']) retrieved from /home/airflow/.local/lib/python3.7/site-packages/airflow/example_dags/example_sensors.py
[2024-11-22T09:07:59.968+0000] {logging_mixin.py:137} INFO - [2024-11-22T09:07:59.968+0000] {dag.py:2690} INFO - Sync 1 DAGs
[2024-11-22T09:07:59.983+0000] {logging_mixin.py:137} INFO - [2024-11-22T09:07:59.982+0000] {dag.py:3441} INFO - Setting next_dagrun for example_sensors to None, run_after=None
[2024-11-22T09:07:59.999+0000] {processor.py:175} INFO - Processing /home/airflow/.local/lib/python3.7/site-packages/airflow/example_dags/example_sensors.py took 0.069 seconds
[2024-11-22T09:08:31.079+0000] {processor.py:153} INFO - Started process (PID=1252) to work on /home/airflow/.local/lib/python3.7/site-packages/airflow/example_dags/example_sensors.py
[2024-11-22T09:08:31.079+0000] {processor.py:743} INFO - Processing file /home/airflow/.local/lib/python3.7/site-packages/airflow/example_dags/example_sensors.py for tasks to queue
[2024-11-22T09:08:31.080+0000] {logging_mixin.py:137} INFO - [2024-11-22T09:08:31.080+0000] {dagbag.py:538} INFO - Filling up the DagBag from /home/airflow/.local/lib/python3.7/site-packages/airflow/example_dags/example_sensors.py
[2024-11-22T09:08:31.088+0000] {processor.py:753} INFO - DAG(s) dict_keys(['example_sensors']) retrieved from /home/airflow/.local/lib/python3.7/site-packages/airflow/example_dags/example_sensors.py
[2024-11-22T09:08:31.099+0000] {logging_mixin.py:137} INFO - [2024-11-22T09:08:31.099+0000] {dag.py:2690} INFO - Sync 1 DAGs
[2024-11-22T09:08:31.109+0000] {logging_mixin.py:137} INFO - [2024-11-22T09:08:31.109+0000] {dag.py:3441} INFO - Setting next_dagrun for example_sensors to None, run_after=None
[2024-11-22T09:08:31.117+0000] {processor.py:175} INFO - Processing /home/airflow/.local/lib/python3.7/site-packages/airflow/example_dags/example_sensors.py took 0.040 seconds
[2024-11-22T09:09:01.438+0000] {processor.py:153} INFO - Started process (PID=1341) to work on /home/airflow/.local/lib/python3.7/site-packages/airflow/example_dags/example_sensors.py
[2024-11-22T09:09:01.439+0000] {processor.py:743} INFO - Processing file /home/airflow/.local/lib/python3.7/site-packages/airflow/example_dags/example_sensors.py for tasks to queue
[2024-11-22T09:09:01.440+0000] {logging_mixin.py:137} INFO - [2024-11-22T09:09:01.440+0000] {dagbag.py:538} INFO - Filling up the DagBag from /home/airflow/.local/lib/python3.7/site-packages/airflow/example_dags/example_sensors.py
[2024-11-22T09:09:01.451+0000] {processor.py:753} INFO - DAG(s) dict_keys(['example_sensors']) retrieved from /home/airflow/.local/lib/python3.7/site-packages/airflow/example_dags/example_sensors.py
[2024-11-22T09:09:01.466+0000] {logging_mixin.py:137} INFO - [2024-11-22T09:09:01.466+0000] {dag.py:2690} INFO - Sync 1 DAGs
[2024-11-22T09:09:01.479+0000] {logging_mixin.py:137} INFO - [2024-11-22T09:09:01.479+0000] {dag.py:3441} INFO - Setting next_dagrun for example_sensors to None, run_after=None
[2024-11-22T09:09:01.491+0000] {processor.py:175} INFO - Processing /home/airflow/.local/lib/python3.7/site-packages/airflow/example_dags/example_sensors.py took 0.055 seconds
[2024-11-22T09:09:31.778+0000] {processor.py:153} INFO - Started process (PID=1431) to work on /home/airflow/.local/lib/python3.7/site-packages/airflow/example_dags/example_sensors.py
[2024-11-22T09:09:31.778+0000] {processor.py:743} INFO - Processing file /home/airflow/.local/lib/python3.7/site-packages/airflow/example_dags/example_sensors.py for tasks to queue
[2024-11-22T09:09:31.779+0000] {logging_mixin.py:137} INFO - [2024-11-22T09:09:31.779+0000] {dagbag.py:538} INFO - Filling up the DagBag from /home/airflow/.local/lib/python3.7/site-packages/airflow/example_dags/example_sensors.py
[2024-11-22T09:09:31.793+0000] {processor.py:753} INFO - DAG(s) dict_keys(['example_sensors']) retrieved from /home/airflow/.local/lib/python3.7/site-packages/airflow/example_dags/example_sensors.py
[2024-11-22T09:09:31.817+0000] {logging_mixin.py:137} INFO - [2024-11-22T09:09:31.817+0000] {dag.py:2690} INFO - Sync 1 DAGs
[2024-11-22T09:09:31.837+0000] {logging_mixin.py:137} INFO - [2024-11-22T09:09:31.837+0000] {dag.py:3441} INFO - Setting next_dagrun for example_sensors to None, run_after=None
[2024-11-22T09:09:31.861+0000] {processor.py:175} INFO - Processing /home/airflow/.local/lib/python3.7/site-packages/airflow/example_dags/example_sensors.py took 0.086 seconds
