[2024-11-22T09:03:22.745+0000] {processor.py:153} INFO - Started process (PID=407) to work on /home/airflow/.local/lib/python3.7/site-packages/airflow/example_dags/example_dynamic_task_mapping.py
[2024-11-22T09:03:22.747+0000] {processor.py:743} INFO - Processing file /home/airflow/.local/lib/python3.7/site-packages/airflow/example_dags/example_dynamic_task_mapping.py for tasks to queue
[2024-11-22T09:03:22.748+0000] {logging_mixin.py:137} INFO - [2024-11-22T09:03:22.748+0000] {dagbag.py:538} INFO - Filling up the DagBag from /home/airflow/.local/lib/python3.7/site-packages/airflow/example_dags/example_dynamic_task_mapping.py
[2024-11-22T09:03:22.759+0000] {processor.py:753} INFO - DAG(s) dict_keys(['example_dynamic_task_mapping']) retrieved from /home/airflow/.local/lib/python3.7/site-packages/airflow/example_dags/example_dynamic_task_mapping.py
[2024-11-22T09:03:22.773+0000] {logging_mixin.py:137} INFO - [2024-11-22T09:03:22.773+0000] {dag.py:2690} INFO - Sync 1 DAGs
[2024-11-22T09:03:22.784+0000] {logging_mixin.py:137} INFO - [2024-11-22T09:03:22.784+0000] {dag.py:3441} INFO - Setting next_dagrun for example_dynamic_task_mapping to 2022-03-04T00:00:00+00:00, run_after=2022-03-05T00:00:00+00:00
[2024-11-22T09:03:22.793+0000] {processor.py:175} INFO - Processing /home/airflow/.local/lib/python3.7/site-packages/airflow/example_dags/example_dynamic_task_mapping.py took 0.050 seconds
[2024-11-22T09:03:53.214+0000] {processor.py:153} INFO - Started process (PID=497) to work on /home/airflow/.local/lib/python3.7/site-packages/airflow/example_dags/example_dynamic_task_mapping.py
[2024-11-22T09:03:53.214+0000] {processor.py:743} INFO - Processing file /home/airflow/.local/lib/python3.7/site-packages/airflow/example_dags/example_dynamic_task_mapping.py for tasks to queue
[2024-11-22T09:03:53.214+0000] {logging_mixin.py:137} INFO - [2024-11-22T09:03:53.214+0000] {dagbag.py:538} INFO - Filling up the DagBag from /home/airflow/.local/lib/python3.7/site-packages/airflow/example_dags/example_dynamic_task_mapping.py
[2024-11-22T09:03:53.225+0000] {processor.py:753} INFO - DAG(s) dict_keys(['example_dynamic_task_mapping']) retrieved from /home/airflow/.local/lib/python3.7/site-packages/airflow/example_dags/example_dynamic_task_mapping.py
[2024-11-22T09:03:53.241+0000] {logging_mixin.py:137} INFO - [2024-11-22T09:03:53.241+0000] {dag.py:2690} INFO - Sync 1 DAGs
[2024-11-22T09:03:53.256+0000] {logging_mixin.py:137} INFO - [2024-11-22T09:03:53.256+0000] {dag.py:3441} INFO - Setting next_dagrun for example_dynamic_task_mapping to 2022-03-04T00:00:00+00:00, run_after=2022-03-05T00:00:00+00:00
[2024-11-22T09:03:53.265+0000] {processor.py:175} INFO - Processing /home/airflow/.local/lib/python3.7/site-packages/airflow/example_dags/example_dynamic_task_mapping.py took 0.053 seconds
[2024-11-22T09:04:23.794+0000] {processor.py:153} INFO - Started process (PID=571) to work on /home/airflow/.local/lib/python3.7/site-packages/airflow/example_dags/example_dynamic_task_mapping.py
[2024-11-22T09:04:23.795+0000] {processor.py:743} INFO - Processing file /home/airflow/.local/lib/python3.7/site-packages/airflow/example_dags/example_dynamic_task_mapping.py for tasks to queue
[2024-11-22T09:04:23.795+0000] {logging_mixin.py:137} INFO - [2024-11-22T09:04:23.795+0000] {dagbag.py:538} INFO - Filling up the DagBag from /home/airflow/.local/lib/python3.7/site-packages/airflow/example_dags/example_dynamic_task_mapping.py
[2024-11-22T09:04:23.807+0000] {processor.py:753} INFO - DAG(s) dict_keys(['example_dynamic_task_mapping']) retrieved from /home/airflow/.local/lib/python3.7/site-packages/airflow/example_dags/example_dynamic_task_mapping.py
[2024-11-22T09:04:23.817+0000] {logging_mixin.py:137} INFO - [2024-11-22T09:04:23.817+0000] {dag.py:2690} INFO - Sync 1 DAGs
[2024-11-22T09:04:23.831+0000] {logging_mixin.py:137} INFO - [2024-11-22T09:04:23.831+0000] {dag.py:3441} INFO - Setting next_dagrun for example_dynamic_task_mapping to 2022-03-04T00:00:00+00:00, run_after=2022-03-05T00:00:00+00:00
[2024-11-22T09:04:23.840+0000] {processor.py:175} INFO - Processing /home/airflow/.local/lib/python3.7/site-packages/airflow/example_dags/example_dynamic_task_mapping.py took 0.047 seconds
[2024-11-22T09:04:54.555+0000] {processor.py:153} INFO - Started process (PID=660) to work on /home/airflow/.local/lib/python3.7/site-packages/airflow/example_dags/example_dynamic_task_mapping.py
[2024-11-22T09:04:54.556+0000] {processor.py:743} INFO - Processing file /home/airflow/.local/lib/python3.7/site-packages/airflow/example_dags/example_dynamic_task_mapping.py for tasks to queue
[2024-11-22T09:04:54.557+0000] {logging_mixin.py:137} INFO - [2024-11-22T09:04:54.557+0000] {dagbag.py:538} INFO - Filling up the DagBag from /home/airflow/.local/lib/python3.7/site-packages/airflow/example_dags/example_dynamic_task_mapping.py
[2024-11-22T09:04:54.572+0000] {processor.py:753} INFO - DAG(s) dict_keys(['example_dynamic_task_mapping']) retrieved from /home/airflow/.local/lib/python3.7/site-packages/airflow/example_dags/example_dynamic_task_mapping.py
[2024-11-22T09:04:54.589+0000] {logging_mixin.py:137} INFO - [2024-11-22T09:04:54.589+0000] {dag.py:2690} INFO - Sync 1 DAGs
[2024-11-22T09:04:54.606+0000] {logging_mixin.py:137} INFO - [2024-11-22T09:04:54.606+0000] {dag.py:3441} INFO - Setting next_dagrun for example_dynamic_task_mapping to 2022-03-04T00:00:00+00:00, run_after=2022-03-05T00:00:00+00:00
[2024-11-22T09:04:54.616+0000] {processor.py:175} INFO - Processing /home/airflow/.local/lib/python3.7/site-packages/airflow/example_dags/example_dynamic_task_mapping.py took 0.063 seconds
[2024-11-22T09:05:25.332+0000] {processor.py:153} INFO - Started process (PID=750) to work on /home/airflow/.local/lib/python3.7/site-packages/airflow/example_dags/example_dynamic_task_mapping.py
[2024-11-22T09:05:25.333+0000] {processor.py:743} INFO - Processing file /home/airflow/.local/lib/python3.7/site-packages/airflow/example_dags/example_dynamic_task_mapping.py for tasks to queue
[2024-11-22T09:05:25.334+0000] {logging_mixin.py:137} INFO - [2024-11-22T09:05:25.333+0000] {dagbag.py:538} INFO - Filling up the DagBag from /home/airflow/.local/lib/python3.7/site-packages/airflow/example_dags/example_dynamic_task_mapping.py
[2024-11-22T09:05:25.344+0000] {processor.py:753} INFO - DAG(s) dict_keys(['example_dynamic_task_mapping']) retrieved from /home/airflow/.local/lib/python3.7/site-packages/airflow/example_dags/example_dynamic_task_mapping.py
[2024-11-22T09:05:25.359+0000] {logging_mixin.py:137} INFO - [2024-11-22T09:05:25.359+0000] {dag.py:2690} INFO - Sync 1 DAGs
[2024-11-22T09:05:25.371+0000] {logging_mixin.py:137} INFO - [2024-11-22T09:05:25.371+0000] {dag.py:3441} INFO - Setting next_dagrun for example_dynamic_task_mapping to 2022-03-04T00:00:00+00:00, run_after=2022-03-05T00:00:00+00:00
[2024-11-22T09:05:25.382+0000] {processor.py:175} INFO - Processing /home/airflow/.local/lib/python3.7/site-packages/airflow/example_dags/example_dynamic_task_mapping.py took 0.051 seconds
[2024-11-22T09:05:56.710+0000] {processor.py:153} INFO - Started process (PID=840) to work on /home/airflow/.local/lib/python3.7/site-packages/airflow/example_dags/example_dynamic_task_mapping.py
[2024-11-22T09:05:56.711+0000] {processor.py:743} INFO - Processing file /home/airflow/.local/lib/python3.7/site-packages/airflow/example_dags/example_dynamic_task_mapping.py for tasks to queue
[2024-11-22T09:05:56.711+0000] {logging_mixin.py:137} INFO - [2024-11-22T09:05:56.711+0000] {dagbag.py:538} INFO - Filling up the DagBag from /home/airflow/.local/lib/python3.7/site-packages/airflow/example_dags/example_dynamic_task_mapping.py
[2024-11-22T09:05:56.722+0000] {processor.py:753} INFO - DAG(s) dict_keys(['example_dynamic_task_mapping']) retrieved from /home/airflow/.local/lib/python3.7/site-packages/airflow/example_dags/example_dynamic_task_mapping.py
[2024-11-22T09:05:56.733+0000] {logging_mixin.py:137} INFO - [2024-11-22T09:05:56.733+0000] {dag.py:2690} INFO - Sync 1 DAGs
[2024-11-22T09:05:56.743+0000] {logging_mixin.py:137} INFO - [2024-11-22T09:05:56.743+0000] {dag.py:3441} INFO - Setting next_dagrun for example_dynamic_task_mapping to 2022-03-04T00:00:00+00:00, run_after=2022-03-05T00:00:00+00:00
[2024-11-22T09:05:56.751+0000] {processor.py:175} INFO - Processing /home/airflow/.local/lib/python3.7/site-packages/airflow/example_dags/example_dynamic_task_mapping.py took 0.042 seconds
[2024-11-22T09:06:27.604+0000] {processor.py:153} INFO - Started process (PID=914) to work on /home/airflow/.local/lib/python3.7/site-packages/airflow/example_dags/example_dynamic_task_mapping.py
[2024-11-22T09:06:27.605+0000] {processor.py:743} INFO - Processing file /home/airflow/.local/lib/python3.7/site-packages/airflow/example_dags/example_dynamic_task_mapping.py for tasks to queue
[2024-11-22T09:06:27.605+0000] {logging_mixin.py:137} INFO - [2024-11-22T09:06:27.605+0000] {dagbag.py:538} INFO - Filling up the DagBag from /home/airflow/.local/lib/python3.7/site-packages/airflow/example_dags/example_dynamic_task_mapping.py
[2024-11-22T09:06:27.615+0000] {processor.py:753} INFO - DAG(s) dict_keys(['example_dynamic_task_mapping']) retrieved from /home/airflow/.local/lib/python3.7/site-packages/airflow/example_dags/example_dynamic_task_mapping.py
[2024-11-22T09:06:27.633+0000] {logging_mixin.py:137} INFO - [2024-11-22T09:06:27.633+0000] {dag.py:2690} INFO - Sync 1 DAGs
[2024-11-22T09:06:27.645+0000] {logging_mixin.py:137} INFO - [2024-11-22T09:06:27.645+0000] {dag.py:3441} INFO - Setting next_dagrun for example_dynamic_task_mapping to 2022-03-04T00:00:00+00:00, run_after=2022-03-05T00:00:00+00:00
[2024-11-22T09:06:27.654+0000] {processor.py:175} INFO - Processing /home/airflow/.local/lib/python3.7/site-packages/airflow/example_dags/example_dynamic_task_mapping.py took 0.052 seconds
[2024-11-22T09:06:58.351+0000] {processor.py:153} INFO - Started process (PID=1004) to work on /home/airflow/.local/lib/python3.7/site-packages/airflow/example_dags/example_dynamic_task_mapping.py
[2024-11-22T09:06:58.352+0000] {processor.py:743} INFO - Processing file /home/airflow/.local/lib/python3.7/site-packages/airflow/example_dags/example_dynamic_task_mapping.py for tasks to queue
[2024-11-22T09:06:58.352+0000] {logging_mixin.py:137} INFO - [2024-11-22T09:06:58.352+0000] {dagbag.py:538} INFO - Filling up the DagBag from /home/airflow/.local/lib/python3.7/site-packages/airflow/example_dags/example_dynamic_task_mapping.py
[2024-11-22T09:06:58.361+0000] {processor.py:753} INFO - DAG(s) dict_keys(['example_dynamic_task_mapping']) retrieved from /home/airflow/.local/lib/python3.7/site-packages/airflow/example_dags/example_dynamic_task_mapping.py
[2024-11-22T09:06:58.380+0000] {logging_mixin.py:137} INFO - [2024-11-22T09:06:58.380+0000] {dag.py:2690} INFO - Sync 1 DAGs
[2024-11-22T09:06:58.395+0000] {logging_mixin.py:137} INFO - [2024-11-22T09:06:58.395+0000] {dag.py:3441} INFO - Setting next_dagrun for example_dynamic_task_mapping to 2022-03-04T00:00:00+00:00, run_after=2022-03-05T00:00:00+00:00
[2024-11-22T09:06:58.404+0000] {processor.py:175} INFO - Processing /home/airflow/.local/lib/python3.7/site-packages/airflow/example_dags/example_dynamic_task_mapping.py took 0.055 seconds
[2024-11-22T09:07:29.335+0000] {processor.py:153} INFO - Started process (PID=1094) to work on /home/airflow/.local/lib/python3.7/site-packages/airflow/example_dags/example_dynamic_task_mapping.py
[2024-11-22T09:07:29.335+0000] {processor.py:743} INFO - Processing file /home/airflow/.local/lib/python3.7/site-packages/airflow/example_dags/example_dynamic_task_mapping.py for tasks to queue
[2024-11-22T09:07:29.336+0000] {logging_mixin.py:137} INFO - [2024-11-22T09:07:29.336+0000] {dagbag.py:538} INFO - Filling up the DagBag from /home/airflow/.local/lib/python3.7/site-packages/airflow/example_dags/example_dynamic_task_mapping.py
[2024-11-22T09:07:29.350+0000] {processor.py:753} INFO - DAG(s) dict_keys(['example_dynamic_task_mapping']) retrieved from /home/airflow/.local/lib/python3.7/site-packages/airflow/example_dags/example_dynamic_task_mapping.py
[2024-11-22T09:07:29.364+0000] {logging_mixin.py:137} INFO - [2024-11-22T09:07:29.364+0000] {dag.py:2690} INFO - Sync 1 DAGs
[2024-11-22T09:07:29.380+0000] {logging_mixin.py:137} INFO - [2024-11-22T09:07:29.380+0000] {dag.py:3441} INFO - Setting next_dagrun for example_dynamic_task_mapping to 2022-03-04T00:00:00+00:00, run_after=2022-03-05T00:00:00+00:00
[2024-11-22T09:07:29.394+0000] {processor.py:175} INFO - Processing /home/airflow/.local/lib/python3.7/site-packages/airflow/example_dags/example_dynamic_task_mapping.py took 0.060 seconds
[2024-11-22T09:08:00.096+0000] {processor.py:153} INFO - Started process (PID=1168) to work on /home/airflow/.local/lib/python3.7/site-packages/airflow/example_dags/example_dynamic_task_mapping.py
[2024-11-22T09:08:00.097+0000] {processor.py:743} INFO - Processing file /home/airflow/.local/lib/python3.7/site-packages/airflow/example_dags/example_dynamic_task_mapping.py for tasks to queue
[2024-11-22T09:08:00.098+0000] {logging_mixin.py:137} INFO - [2024-11-22T09:08:00.098+0000] {dagbag.py:538} INFO - Filling up the DagBag from /home/airflow/.local/lib/python3.7/site-packages/airflow/example_dags/example_dynamic_task_mapping.py
[2024-11-22T09:08:00.110+0000] {processor.py:753} INFO - DAG(s) dict_keys(['example_dynamic_task_mapping']) retrieved from /home/airflow/.local/lib/python3.7/site-packages/airflow/example_dags/example_dynamic_task_mapping.py
[2024-11-22T09:08:00.124+0000] {logging_mixin.py:137} INFO - [2024-11-22T09:08:00.124+0000] {dag.py:2690} INFO - Sync 1 DAGs
[2024-11-22T09:08:00.136+0000] {logging_mixin.py:137} INFO - [2024-11-22T09:08:00.136+0000] {dag.py:3441} INFO - Setting next_dagrun for example_dynamic_task_mapping to 2022-03-04T00:00:00+00:00, run_after=2022-03-05T00:00:00+00:00
[2024-11-22T09:08:00.147+0000] {processor.py:175} INFO - Processing /home/airflow/.local/lib/python3.7/site-packages/airflow/example_dags/example_dynamic_task_mapping.py took 0.053 seconds
[2024-11-22T09:08:31.253+0000] {processor.py:153} INFO - Started process (PID=1257) to work on /home/airflow/.local/lib/python3.7/site-packages/airflow/example_dags/example_dynamic_task_mapping.py
[2024-11-22T09:08:31.253+0000] {processor.py:743} INFO - Processing file /home/airflow/.local/lib/python3.7/site-packages/airflow/example_dags/example_dynamic_task_mapping.py for tasks to queue
[2024-11-22T09:08:31.254+0000] {logging_mixin.py:137} INFO - [2024-11-22T09:08:31.254+0000] {dagbag.py:538} INFO - Filling up the DagBag from /home/airflow/.local/lib/python3.7/site-packages/airflow/example_dags/example_dynamic_task_mapping.py
[2024-11-22T09:08:31.263+0000] {processor.py:753} INFO - DAG(s) dict_keys(['example_dynamic_task_mapping']) retrieved from /home/airflow/.local/lib/python3.7/site-packages/airflow/example_dags/example_dynamic_task_mapping.py
[2024-11-22T09:08:31.275+0000] {logging_mixin.py:137} INFO - [2024-11-22T09:08:31.275+0000] {dag.py:2690} INFO - Sync 1 DAGs
[2024-11-22T09:08:31.288+0000] {logging_mixin.py:137} INFO - [2024-11-22T09:08:31.288+0000] {dag.py:3441} INFO - Setting next_dagrun for example_dynamic_task_mapping to 2022-03-04T00:00:00+00:00, run_after=2022-03-05T00:00:00+00:00
[2024-11-22T09:08:31.305+0000] {processor.py:175} INFO - Processing /home/airflow/.local/lib/python3.7/site-packages/airflow/example_dags/example_dynamic_task_mapping.py took 0.053 seconds
[2024-11-22T09:09:01.642+0000] {processor.py:153} INFO - Started process (PID=1346) to work on /home/airflow/.local/lib/python3.7/site-packages/airflow/example_dags/example_dynamic_task_mapping.py
[2024-11-22T09:09:01.644+0000] {processor.py:743} INFO - Processing file /home/airflow/.local/lib/python3.7/site-packages/airflow/example_dags/example_dynamic_task_mapping.py for tasks to queue
[2024-11-22T09:09:01.644+0000] {logging_mixin.py:137} INFO - [2024-11-22T09:09:01.644+0000] {dagbag.py:538} INFO - Filling up the DagBag from /home/airflow/.local/lib/python3.7/site-packages/airflow/example_dags/example_dynamic_task_mapping.py
[2024-11-22T09:09:01.658+0000] {processor.py:753} INFO - DAG(s) dict_keys(['example_dynamic_task_mapping']) retrieved from /home/airflow/.local/lib/python3.7/site-packages/airflow/example_dags/example_dynamic_task_mapping.py
[2024-11-22T09:09:01.677+0000] {logging_mixin.py:137} INFO - [2024-11-22T09:09:01.677+0000] {dag.py:2690} INFO - Sync 1 DAGs
[2024-11-22T09:09:01.697+0000] {logging_mixin.py:137} INFO - [2024-11-22T09:09:01.697+0000] {dag.py:3441} INFO - Setting next_dagrun for example_dynamic_task_mapping to 2022-03-04T00:00:00+00:00, run_after=2022-03-05T00:00:00+00:00
[2024-11-22T09:09:01.712+0000] {processor.py:175} INFO - Processing /home/airflow/.local/lib/python3.7/site-packages/airflow/example_dags/example_dynamic_task_mapping.py took 0.072 seconds
[2024-11-22T09:09:32.038+0000] {processor.py:153} INFO - Started process (PID=1436) to work on /home/airflow/.local/lib/python3.7/site-packages/airflow/example_dags/example_dynamic_task_mapping.py
[2024-11-22T09:09:32.038+0000] {processor.py:743} INFO - Processing file /home/airflow/.local/lib/python3.7/site-packages/airflow/example_dags/example_dynamic_task_mapping.py for tasks to queue
[2024-11-22T09:09:32.042+0000] {logging_mixin.py:137} INFO - [2024-11-22T09:09:32.042+0000] {dagbag.py:538} INFO - Filling up the DagBag from /home/airflow/.local/lib/python3.7/site-packages/airflow/example_dags/example_dynamic_task_mapping.py
[2024-11-22T09:09:32.054+0000] {processor.py:753} INFO - DAG(s) dict_keys(['example_dynamic_task_mapping']) retrieved from /home/airflow/.local/lib/python3.7/site-packages/airflow/example_dags/example_dynamic_task_mapping.py
[2024-11-22T09:09:32.067+0000] {logging_mixin.py:137} INFO - [2024-11-22T09:09:32.067+0000] {dag.py:2690} INFO - Sync 1 DAGs
[2024-11-22T09:09:32.079+0000] {logging_mixin.py:137} INFO - [2024-11-22T09:09:32.078+0000] {dag.py:3441} INFO - Setting next_dagrun for example_dynamic_task_mapping to 2022-03-04T00:00:00+00:00, run_after=2022-03-05T00:00:00+00:00
[2024-11-22T09:09:32.091+0000] {processor.py:175} INFO - Processing /home/airflow/.local/lib/python3.7/site-packages/airflow/example_dags/example_dynamic_task_mapping.py took 0.056 seconds
