[2024-11-22T09:03:22.524+0000] {processor.py:153} INFO - Started process (PID=400) to work on /home/airflow/.local/lib/python3.7/site-packages/airflow/example_dags/example_xcomargs.py
[2024-11-22T09:03:22.526+0000] {processor.py:743} INFO - Processing file /home/airflow/.local/lib/python3.7/site-packages/airflow/example_dags/example_xcomargs.py for tasks to queue
[2024-11-22T09:03:22.527+0000] {logging_mixin.py:137} INFO - [2024-11-22T09:03:22.527+0000] {dagbag.py:538} INFO - Filling up the DagBag from /home/airflow/.local/lib/python3.7/site-packages/airflow/example_dags/example_xcomargs.py
[2024-11-22T09:03:22.538+0000] {processor.py:753} INFO - DAG(s) dict_keys(['example_xcom_args', 'example_xcom_args_with_operators']) retrieved from /home/airflow/.local/lib/python3.7/site-packages/airflow/example_dags/example_xcomargs.py
[2024-11-22T09:03:22.552+0000] {logging_mixin.py:137} INFO - [2024-11-22T09:03:22.552+0000] {dag.py:2690} INFO - Sync 2 DAGs
[2024-11-22T09:03:22.566+0000] {logging_mixin.py:137} INFO - [2024-11-22T09:03:22.566+0000] {dag.py:3441} INFO - Setting next_dagrun for example_xcom_args to None, run_after=None
[2024-11-22T09:03:22.567+0000] {logging_mixin.py:137} INFO - [2024-11-22T09:03:22.567+0000] {dag.py:3441} INFO - Setting next_dagrun for example_xcom_args_with_operators to None, run_after=None
[2024-11-22T09:03:22.574+0000] {processor.py:175} INFO - Processing /home/airflow/.local/lib/python3.7/site-packages/airflow/example_dags/example_xcomargs.py took 0.052 seconds
[2024-11-22T09:03:53.018+0000] {processor.py:153} INFO - Started process (PID=490) to work on /home/airflow/.local/lib/python3.7/site-packages/airflow/example_dags/example_xcomargs.py
[2024-11-22T09:03:53.019+0000] {processor.py:743} INFO - Processing file /home/airflow/.local/lib/python3.7/site-packages/airflow/example_dags/example_xcomargs.py for tasks to queue
[2024-11-22T09:03:53.019+0000] {logging_mixin.py:137} INFO - [2024-11-22T09:03:53.019+0000] {dagbag.py:538} INFO - Filling up the DagBag from /home/airflow/.local/lib/python3.7/site-packages/airflow/example_dags/example_xcomargs.py
[2024-11-22T09:03:53.029+0000] {processor.py:753} INFO - DAG(s) dict_keys(['example_xcom_args', 'example_xcom_args_with_operators']) retrieved from /home/airflow/.local/lib/python3.7/site-packages/airflow/example_dags/example_xcomargs.py
[2024-11-22T09:03:53.042+0000] {logging_mixin.py:137} INFO - [2024-11-22T09:03:53.042+0000] {dag.py:2690} INFO - Sync 2 DAGs
[2024-11-22T09:03:53.053+0000] {logging_mixin.py:137} INFO - [2024-11-22T09:03:53.053+0000] {dag.py:3441} INFO - Setting next_dagrun for example_xcom_args to None, run_after=None
[2024-11-22T09:03:53.055+0000] {logging_mixin.py:137} INFO - [2024-11-22T09:03:53.055+0000] {dag.py:3441} INFO - Setting next_dagrun for example_xcom_args_with_operators to None, run_after=None
[2024-11-22T09:03:53.064+0000] {processor.py:175} INFO - Processing /home/airflow/.local/lib/python3.7/site-packages/airflow/example_dags/example_xcomargs.py took 0.047 seconds
[2024-11-22T09:04:23.525+0000] {processor.py:153} INFO - Started process (PID=564) to work on /home/airflow/.local/lib/python3.7/site-packages/airflow/example_dags/example_xcomargs.py
[2024-11-22T09:04:23.526+0000] {processor.py:743} INFO - Processing file /home/airflow/.local/lib/python3.7/site-packages/airflow/example_dags/example_xcomargs.py for tasks to queue
[2024-11-22T09:04:23.526+0000] {logging_mixin.py:137} INFO - [2024-11-22T09:04:23.526+0000] {dagbag.py:538} INFO - Filling up the DagBag from /home/airflow/.local/lib/python3.7/site-packages/airflow/example_dags/example_xcomargs.py
[2024-11-22T09:04:23.538+0000] {processor.py:753} INFO - DAG(s) dict_keys(['example_xcom_args', 'example_xcom_args_with_operators']) retrieved from /home/airflow/.local/lib/python3.7/site-packages/airflow/example_dags/example_xcomargs.py
[2024-11-22T09:04:23.552+0000] {logging_mixin.py:137} INFO - [2024-11-22T09:04:23.552+0000] {dag.py:2690} INFO - Sync 2 DAGs
[2024-11-22T09:04:23.564+0000] {logging_mixin.py:137} INFO - [2024-11-22T09:04:23.564+0000] {dag.py:3441} INFO - Setting next_dagrun for example_xcom_args to None, run_after=None
[2024-11-22T09:04:23.566+0000] {logging_mixin.py:137} INFO - [2024-11-22T09:04:23.566+0000] {dag.py:3441} INFO - Setting next_dagrun for example_xcom_args_with_operators to None, run_after=None
[2024-11-22T09:04:23.575+0000] {processor.py:175} INFO - Processing /home/airflow/.local/lib/python3.7/site-packages/airflow/example_dags/example_xcomargs.py took 0.052 seconds
[2024-11-22T09:04:54.302+0000] {processor.py:153} INFO - Started process (PID=653) to work on /home/airflow/.local/lib/python3.7/site-packages/airflow/example_dags/example_xcomargs.py
[2024-11-22T09:04:54.303+0000] {processor.py:743} INFO - Processing file /home/airflow/.local/lib/python3.7/site-packages/airflow/example_dags/example_xcomargs.py for tasks to queue
[2024-11-22T09:04:54.304+0000] {logging_mixin.py:137} INFO - [2024-11-22T09:04:54.304+0000] {dagbag.py:538} INFO - Filling up the DagBag from /home/airflow/.local/lib/python3.7/site-packages/airflow/example_dags/example_xcomargs.py
[2024-11-22T09:04:54.317+0000] {processor.py:753} INFO - DAG(s) dict_keys(['example_xcom_args', 'example_xcom_args_with_operators']) retrieved from /home/airflow/.local/lib/python3.7/site-packages/airflow/example_dags/example_xcomargs.py
[2024-11-22T09:04:54.335+0000] {logging_mixin.py:137} INFO - [2024-11-22T09:04:54.334+0000] {dag.py:2690} INFO - Sync 2 DAGs
[2024-11-22T09:04:54.347+0000] {logging_mixin.py:137} INFO - [2024-11-22T09:04:54.347+0000] {dag.py:3441} INFO - Setting next_dagrun for example_xcom_args to None, run_after=None
[2024-11-22T09:04:54.349+0000] {logging_mixin.py:137} INFO - [2024-11-22T09:04:54.349+0000] {dag.py:3441} INFO - Setting next_dagrun for example_xcom_args_with_operators to None, run_after=None
[2024-11-22T09:04:54.358+0000] {processor.py:175} INFO - Processing /home/airflow/.local/lib/python3.7/site-packages/airflow/example_dags/example_xcomargs.py took 0.057 seconds
[2024-11-22T09:05:25.116+0000] {processor.py:153} INFO - Started process (PID=743) to work on /home/airflow/.local/lib/python3.7/site-packages/airflow/example_dags/example_xcomargs.py
[2024-11-22T09:05:25.119+0000] {processor.py:743} INFO - Processing file /home/airflow/.local/lib/python3.7/site-packages/airflow/example_dags/example_xcomargs.py for tasks to queue
[2024-11-22T09:05:25.119+0000] {logging_mixin.py:137} INFO - [2024-11-22T09:05:25.119+0000] {dagbag.py:538} INFO - Filling up the DagBag from /home/airflow/.local/lib/python3.7/site-packages/airflow/example_dags/example_xcomargs.py
[2024-11-22T09:05:25.132+0000] {processor.py:753} INFO - DAG(s) dict_keys(['example_xcom_args_with_operators', 'example_xcom_args']) retrieved from /home/airflow/.local/lib/python3.7/site-packages/airflow/example_dags/example_xcomargs.py
[2024-11-22T09:05:25.147+0000] {logging_mixin.py:137} INFO - [2024-11-22T09:05:25.147+0000] {dag.py:2690} INFO - Sync 2 DAGs
[2024-11-22T09:05:25.158+0000] {logging_mixin.py:137} INFO - [2024-11-22T09:05:25.158+0000] {dag.py:3441} INFO - Setting next_dagrun for example_xcom_args to None, run_after=None
[2024-11-22T09:05:25.161+0000] {logging_mixin.py:137} INFO - [2024-11-22T09:05:25.161+0000] {dag.py:3441} INFO - Setting next_dagrun for example_xcom_args_with_operators to None, run_after=None
[2024-11-22T09:05:25.172+0000] {processor.py:175} INFO - Processing /home/airflow/.local/lib/python3.7/site-packages/airflow/example_dags/example_xcomargs.py took 0.058 seconds
[2024-11-22T09:05:56.364+0000] {processor.py:153} INFO - Started process (PID=833) to work on /home/airflow/.local/lib/python3.7/site-packages/airflow/example_dags/example_xcomargs.py
[2024-11-22T09:05:56.367+0000] {processor.py:743} INFO - Processing file /home/airflow/.local/lib/python3.7/site-packages/airflow/example_dags/example_xcomargs.py for tasks to queue
[2024-11-22T09:05:56.370+0000] {logging_mixin.py:137} INFO - [2024-11-22T09:05:56.370+0000] {dagbag.py:538} INFO - Filling up the DagBag from /home/airflow/.local/lib/python3.7/site-packages/airflow/example_dags/example_xcomargs.py
[2024-11-22T09:05:56.386+0000] {processor.py:753} INFO - DAG(s) dict_keys(['example_xcom_args_with_operators', 'example_xcom_args']) retrieved from /home/airflow/.local/lib/python3.7/site-packages/airflow/example_dags/example_xcomargs.py
[2024-11-22T09:05:56.410+0000] {logging_mixin.py:137} INFO - [2024-11-22T09:05:56.410+0000] {dag.py:2690} INFO - Sync 2 DAGs
[2024-11-22T09:05:56.426+0000] {logging_mixin.py:137} INFO - [2024-11-22T09:05:56.426+0000] {dag.py:3441} INFO - Setting next_dagrun for example_xcom_args to None, run_after=None
[2024-11-22T09:05:56.430+0000] {logging_mixin.py:137} INFO - [2024-11-22T09:05:56.430+0000] {dag.py:3441} INFO - Setting next_dagrun for example_xcom_args_with_operators to None, run_after=None
[2024-11-22T09:05:56.442+0000] {processor.py:175} INFO - Processing /home/airflow/.local/lib/python3.7/site-packages/airflow/example_dags/example_xcomargs.py took 0.084 seconds
[2024-11-22T09:06:27.387+0000] {processor.py:153} INFO - Started process (PID=907) to work on /home/airflow/.local/lib/python3.7/site-packages/airflow/example_dags/example_xcomargs.py
[2024-11-22T09:06:27.387+0000] {processor.py:743} INFO - Processing file /home/airflow/.local/lib/python3.7/site-packages/airflow/example_dags/example_xcomargs.py for tasks to queue
[2024-11-22T09:06:27.388+0000] {logging_mixin.py:137} INFO - [2024-11-22T09:06:27.387+0000] {dagbag.py:538} INFO - Filling up the DagBag from /home/airflow/.local/lib/python3.7/site-packages/airflow/example_dags/example_xcomargs.py
[2024-11-22T09:06:27.400+0000] {processor.py:753} INFO - DAG(s) dict_keys(['example_xcom_args', 'example_xcom_args_with_operators']) retrieved from /home/airflow/.local/lib/python3.7/site-packages/airflow/example_dags/example_xcomargs.py
[2024-11-22T09:06:27.423+0000] {logging_mixin.py:137} INFO - [2024-11-22T09:06:27.423+0000] {dag.py:2690} INFO - Sync 2 DAGs
[2024-11-22T09:06:27.434+0000] {logging_mixin.py:137} INFO - [2024-11-22T09:06:27.434+0000] {dag.py:3441} INFO - Setting next_dagrun for example_xcom_args to None, run_after=None
[2024-11-22T09:06:27.439+0000] {logging_mixin.py:137} INFO - [2024-11-22T09:06:27.439+0000] {dag.py:3441} INFO - Setting next_dagrun for example_xcom_args_with_operators to None, run_after=None
[2024-11-22T09:06:27.451+0000] {processor.py:175} INFO - Processing /home/airflow/.local/lib/python3.7/site-packages/airflow/example_dags/example_xcomargs.py took 0.066 seconds
[2024-11-22T09:06:58.142+0000] {processor.py:153} INFO - Started process (PID=997) to work on /home/airflow/.local/lib/python3.7/site-packages/airflow/example_dags/example_xcomargs.py
[2024-11-22T09:06:58.142+0000] {processor.py:743} INFO - Processing file /home/airflow/.local/lib/python3.7/site-packages/airflow/example_dags/example_xcomargs.py for tasks to queue
[2024-11-22T09:06:58.143+0000] {logging_mixin.py:137} INFO - [2024-11-22T09:06:58.143+0000] {dagbag.py:538} INFO - Filling up the DagBag from /home/airflow/.local/lib/python3.7/site-packages/airflow/example_dags/example_xcomargs.py
[2024-11-22T09:06:58.157+0000] {processor.py:753} INFO - DAG(s) dict_keys(['example_xcom_args_with_operators', 'example_xcom_args']) retrieved from /home/airflow/.local/lib/python3.7/site-packages/airflow/example_dags/example_xcomargs.py
[2024-11-22T09:06:58.177+0000] {logging_mixin.py:137} INFO - [2024-11-22T09:06:58.177+0000] {dag.py:2690} INFO - Sync 2 DAGs
[2024-11-22T09:06:58.193+0000] {logging_mixin.py:137} INFO - [2024-11-22T09:06:58.193+0000] {dag.py:3441} INFO - Setting next_dagrun for example_xcom_args to None, run_after=None
[2024-11-22T09:06:58.195+0000] {logging_mixin.py:137} INFO - [2024-11-22T09:06:58.195+0000] {dag.py:3441} INFO - Setting next_dagrun for example_xcom_args_with_operators to None, run_after=None
[2024-11-22T09:06:58.208+0000] {processor.py:175} INFO - Processing /home/airflow/.local/lib/python3.7/site-packages/airflow/example_dags/example_xcomargs.py took 0.068 seconds
[2024-11-22T09:07:29.071+0000] {processor.py:153} INFO - Started process (PID=1087) to work on /home/airflow/.local/lib/python3.7/site-packages/airflow/example_dags/example_xcomargs.py
[2024-11-22T09:07:29.073+0000] {processor.py:743} INFO - Processing file /home/airflow/.local/lib/python3.7/site-packages/airflow/example_dags/example_xcomargs.py for tasks to queue
[2024-11-22T09:07:29.075+0000] {logging_mixin.py:137} INFO - [2024-11-22T09:07:29.075+0000] {dagbag.py:538} INFO - Filling up the DagBag from /home/airflow/.local/lib/python3.7/site-packages/airflow/example_dags/example_xcomargs.py
[2024-11-22T09:07:29.091+0000] {processor.py:753} INFO - DAG(s) dict_keys(['example_xcom_args_with_operators', 'example_xcom_args']) retrieved from /home/airflow/.local/lib/python3.7/site-packages/airflow/example_dags/example_xcomargs.py
[2024-11-22T09:07:29.111+0000] {logging_mixin.py:137} INFO - [2024-11-22T09:07:29.111+0000] {dag.py:2690} INFO - Sync 2 DAGs
[2024-11-22T09:07:29.127+0000] {logging_mixin.py:137} INFO - [2024-11-22T09:07:29.127+0000] {dag.py:3441} INFO - Setting next_dagrun for example_xcom_args to None, run_after=None
[2024-11-22T09:07:29.129+0000] {logging_mixin.py:137} INFO - [2024-11-22T09:07:29.129+0000] {dag.py:3441} INFO - Setting next_dagrun for example_xcom_args_with_operators to None, run_after=None
[2024-11-22T09:07:29.137+0000] {processor.py:175} INFO - Processing /home/airflow/.local/lib/python3.7/site-packages/airflow/example_dags/example_xcomargs.py took 0.068 seconds
[2024-11-22T09:07:59.863+0000] {processor.py:153} INFO - Started process (PID=1161) to work on /home/airflow/.local/lib/python3.7/site-packages/airflow/example_dags/example_xcomargs.py
[2024-11-22T09:07:59.864+0000] {processor.py:743} INFO - Processing file /home/airflow/.local/lib/python3.7/site-packages/airflow/example_dags/example_xcomargs.py for tasks to queue
[2024-11-22T09:07:59.866+0000] {logging_mixin.py:137} INFO - [2024-11-22T09:07:59.866+0000] {dagbag.py:538} INFO - Filling up the DagBag from /home/airflow/.local/lib/python3.7/site-packages/airflow/example_dags/example_xcomargs.py
[2024-11-22T09:07:59.879+0000] {processor.py:753} INFO - DAG(s) dict_keys(['example_xcom_args_with_operators', 'example_xcom_args']) retrieved from /home/airflow/.local/lib/python3.7/site-packages/airflow/example_dags/example_xcomargs.py
[2024-11-22T09:07:59.897+0000] {logging_mixin.py:137} INFO - [2024-11-22T09:07:59.897+0000] {dag.py:2690} INFO - Sync 2 DAGs
[2024-11-22T09:07:59.911+0000] {logging_mixin.py:137} INFO - [2024-11-22T09:07:59.911+0000] {dag.py:3441} INFO - Setting next_dagrun for example_xcom_args to None, run_after=None
[2024-11-22T09:07:59.912+0000] {logging_mixin.py:137} INFO - [2024-11-22T09:07:59.912+0000] {dag.py:3441} INFO - Setting next_dagrun for example_xcom_args_with_operators to None, run_after=None
[2024-11-22T09:07:59.925+0000] {processor.py:175} INFO - Processing /home/airflow/.local/lib/python3.7/site-packages/airflow/example_dags/example_xcomargs.py took 0.065 seconds
[2024-11-22T09:08:31.003+0000] {processor.py:153} INFO - Started process (PID=1250) to work on /home/airflow/.local/lib/python3.7/site-packages/airflow/example_dags/example_xcomargs.py
[2024-11-22T09:08:31.004+0000] {processor.py:743} INFO - Processing file /home/airflow/.local/lib/python3.7/site-packages/airflow/example_dags/example_xcomargs.py for tasks to queue
[2024-11-22T09:08:31.004+0000] {logging_mixin.py:137} INFO - [2024-11-22T09:08:31.004+0000] {dagbag.py:538} INFO - Filling up the DagBag from /home/airflow/.local/lib/python3.7/site-packages/airflow/example_dags/example_xcomargs.py
[2024-11-22T09:08:31.020+0000] {processor.py:753} INFO - DAG(s) dict_keys(['example_xcom_args', 'example_xcom_args_with_operators']) retrieved from /home/airflow/.local/lib/python3.7/site-packages/airflow/example_dags/example_xcomargs.py
[2024-11-22T09:08:31.042+0000] {logging_mixin.py:137} INFO - [2024-11-22T09:08:31.042+0000] {dag.py:2690} INFO - Sync 2 DAGs
[2024-11-22T09:08:31.056+0000] {logging_mixin.py:137} INFO - [2024-11-22T09:08:31.056+0000] {dag.py:3441} INFO - Setting next_dagrun for example_xcom_args to None, run_after=None
[2024-11-22T09:08:31.058+0000] {logging_mixin.py:137} INFO - [2024-11-22T09:08:31.058+0000] {dag.py:3441} INFO - Setting next_dagrun for example_xcom_args_with_operators to None, run_after=None
[2024-11-22T09:08:31.069+0000] {processor.py:175} INFO - Processing /home/airflow/.local/lib/python3.7/site-packages/airflow/example_dags/example_xcomargs.py took 0.068 seconds
[2024-11-22T09:09:01.317+0000] {processor.py:153} INFO - Started process (PID=1339) to work on /home/airflow/.local/lib/python3.7/site-packages/airflow/example_dags/example_xcomargs.py
[2024-11-22T09:09:01.318+0000] {processor.py:743} INFO - Processing file /home/airflow/.local/lib/python3.7/site-packages/airflow/example_dags/example_xcomargs.py for tasks to queue
[2024-11-22T09:09:01.321+0000] {logging_mixin.py:137} INFO - [2024-11-22T09:09:01.319+0000] {dagbag.py:538} INFO - Filling up the DagBag from /home/airflow/.local/lib/python3.7/site-packages/airflow/example_dags/example_xcomargs.py
[2024-11-22T09:09:01.360+0000] {processor.py:753} INFO - DAG(s) dict_keys(['example_xcom_args', 'example_xcom_args_with_operators']) retrieved from /home/airflow/.local/lib/python3.7/site-packages/airflow/example_dags/example_xcomargs.py
[2024-11-22T09:09:01.390+0000] {logging_mixin.py:137} INFO - [2024-11-22T09:09:01.390+0000] {dag.py:2690} INFO - Sync 2 DAGs
[2024-11-22T09:09:01.402+0000] {logging_mixin.py:137} INFO - [2024-11-22T09:09:01.402+0000] {dag.py:3441} INFO - Setting next_dagrun for example_xcom_args to None, run_after=None
[2024-11-22T09:09:01.405+0000] {logging_mixin.py:137} INFO - [2024-11-22T09:09:01.405+0000] {dag.py:3441} INFO - Setting next_dagrun for example_xcom_args_with_operators to None, run_after=None
[2024-11-22T09:09:01.418+0000] {processor.py:175} INFO - Processing /home/airflow/.local/lib/python3.7/site-packages/airflow/example_dags/example_xcomargs.py took 0.104 seconds
[2024-11-22T09:09:31.669+0000] {processor.py:153} INFO - Started process (PID=1429) to work on /home/airflow/.local/lib/python3.7/site-packages/airflow/example_dags/example_xcomargs.py
[2024-11-22T09:09:31.670+0000] {processor.py:743} INFO - Processing file /home/airflow/.local/lib/python3.7/site-packages/airflow/example_dags/example_xcomargs.py for tasks to queue
[2024-11-22T09:09:31.671+0000] {logging_mixin.py:137} INFO - [2024-11-22T09:09:31.670+0000] {dagbag.py:538} INFO - Filling up the DagBag from /home/airflow/.local/lib/python3.7/site-packages/airflow/example_dags/example_xcomargs.py
[2024-11-22T09:09:31.687+0000] {processor.py:753} INFO - DAG(s) dict_keys(['example_xcom_args_with_operators', 'example_xcom_args']) retrieved from /home/airflow/.local/lib/python3.7/site-packages/airflow/example_dags/example_xcomargs.py
[2024-11-22T09:09:31.708+0000] {logging_mixin.py:137} INFO - [2024-11-22T09:09:31.708+0000] {dag.py:2690} INFO - Sync 2 DAGs
[2024-11-22T09:09:31.730+0000] {logging_mixin.py:137} INFO - [2024-11-22T09:09:31.730+0000] {dag.py:3441} INFO - Setting next_dagrun for example_xcom_args to None, run_after=None
[2024-11-22T09:09:31.735+0000] {logging_mixin.py:137} INFO - [2024-11-22T09:09:31.735+0000] {dag.py:3441} INFO - Setting next_dagrun for example_xcom_args_with_operators to None, run_after=None
[2024-11-22T09:09:31.756+0000] {processor.py:175} INFO - Processing /home/airflow/.local/lib/python3.7/site-packages/airflow/example_dags/example_xcomargs.py took 0.089 seconds
