[2024-11-22T09:03:22.031+0000] {processor.py:153} INFO - Started process (PID=385) to work on /home/airflow/.local/lib/python3.7/site-packages/airflow/example_dags/example_latest_only_with_trigger.py
[2024-11-22T09:03:22.032+0000] {processor.py:743} INFO - Processing file /home/airflow/.local/lib/python3.7/site-packages/airflow/example_dags/example_latest_only_with_trigger.py for tasks to queue
[2024-11-22T09:03:22.032+0000] {logging_mixin.py:137} INFO - [2024-11-22T09:03:22.032+0000] {dagbag.py:538} INFO - Filling up the DagBag from /home/airflow/.local/lib/python3.7/site-packages/airflow/example_dags/example_latest_only_with_trigger.py
[2024-11-22T09:03:22.040+0000] {processor.py:753} INFO - DAG(s) dict_keys(['latest_only_with_trigger']) retrieved from /home/airflow/.local/lib/python3.7/site-packages/airflow/example_dags/example_latest_only_with_trigger.py
[2024-11-22T09:03:22.055+0000] {logging_mixin.py:137} INFO - [2024-11-22T09:03:22.055+0000] {dag.py:2690} INFO - Sync 1 DAGs
[2024-11-22T09:03:22.069+0000] {logging_mixin.py:137} INFO - [2024-11-22T09:03:22.069+0000] {dag.py:3441} INFO - Setting next_dagrun for latest_only_with_trigger to 2024-11-22T05:03:22.069448+00:00, run_after=2024-11-22T09:03:22.069448+00:00
[2024-11-22T09:03:22.080+0000] {processor.py:175} INFO - Processing /home/airflow/.local/lib/python3.7/site-packages/airflow/example_dags/example_latest_only_with_trigger.py took 0.052 seconds
[2024-11-22T09:03:52.500+0000] {processor.py:153} INFO - Started process (PID=475) to work on /home/airflow/.local/lib/python3.7/site-packages/airflow/example_dags/example_latest_only_with_trigger.py
[2024-11-22T09:03:52.502+0000] {processor.py:743} INFO - Processing file /home/airflow/.local/lib/python3.7/site-packages/airflow/example_dags/example_latest_only_with_trigger.py for tasks to queue
[2024-11-22T09:03:52.503+0000] {logging_mixin.py:137} INFO - [2024-11-22T09:03:52.503+0000] {dagbag.py:538} INFO - Filling up the DagBag from /home/airflow/.local/lib/python3.7/site-packages/airflow/example_dags/example_latest_only_with_trigger.py
[2024-11-22T09:03:52.516+0000] {processor.py:753} INFO - DAG(s) dict_keys(['latest_only_with_trigger']) retrieved from /home/airflow/.local/lib/python3.7/site-packages/airflow/example_dags/example_latest_only_with_trigger.py
[2024-11-22T09:03:52.541+0000] {logging_mixin.py:137} INFO - [2024-11-22T09:03:52.541+0000] {dag.py:2690} INFO - Sync 1 DAGs
[2024-11-22T09:03:52.559+0000] {logging_mixin.py:137} INFO - [2024-11-22T09:03:52.558+0000] {dag.py:3441} INFO - Setting next_dagrun for latest_only_with_trigger to 2024-11-22T05:03:52.558798+00:00, run_after=2024-11-22T09:03:52.558798+00:00
[2024-11-22T09:03:52.574+0000] {processor.py:175} INFO - Processing /home/airflow/.local/lib/python3.7/site-packages/airflow/example_dags/example_latest_only_with_trigger.py took 0.078 seconds
[2024-11-22T09:04:23.033+0000] {processor.py:153} INFO - Started process (PID=549) to work on /home/airflow/.local/lib/python3.7/site-packages/airflow/example_dags/example_latest_only_with_trigger.py
[2024-11-22T09:04:23.033+0000] {processor.py:743} INFO - Processing file /home/airflow/.local/lib/python3.7/site-packages/airflow/example_dags/example_latest_only_with_trigger.py for tasks to queue
[2024-11-22T09:04:23.034+0000] {logging_mixin.py:137} INFO - [2024-11-22T09:04:23.034+0000] {dagbag.py:538} INFO - Filling up the DagBag from /home/airflow/.local/lib/python3.7/site-packages/airflow/example_dags/example_latest_only_with_trigger.py
[2024-11-22T09:04:23.043+0000] {processor.py:753} INFO - DAG(s) dict_keys(['latest_only_with_trigger']) retrieved from /home/airflow/.local/lib/python3.7/site-packages/airflow/example_dags/example_latest_only_with_trigger.py
[2024-11-22T09:04:23.059+0000] {logging_mixin.py:137} INFO - [2024-11-22T09:04:23.059+0000] {dag.py:2690} INFO - Sync 1 DAGs
[2024-11-22T09:04:23.072+0000] {logging_mixin.py:137} INFO - [2024-11-22T09:04:23.072+0000] {dag.py:3441} INFO - Setting next_dagrun for latest_only_with_trigger to 2024-11-22T05:04:23.072482+00:00, run_after=2024-11-22T09:04:23.072482+00:00
[2024-11-22T09:04:23.086+0000] {processor.py:175} INFO - Processing /home/airflow/.local/lib/python3.7/site-packages/airflow/example_dags/example_latest_only_with_trigger.py took 0.055 seconds
[2024-11-22T09:04:53.784+0000] {processor.py:153} INFO - Started process (PID=638) to work on /home/airflow/.local/lib/python3.7/site-packages/airflow/example_dags/example_latest_only_with_trigger.py
[2024-11-22T09:04:53.785+0000] {processor.py:743} INFO - Processing file /home/airflow/.local/lib/python3.7/site-packages/airflow/example_dags/example_latest_only_with_trigger.py for tasks to queue
[2024-11-22T09:04:53.785+0000] {logging_mixin.py:137} INFO - [2024-11-22T09:04:53.785+0000] {dagbag.py:538} INFO - Filling up the DagBag from /home/airflow/.local/lib/python3.7/site-packages/airflow/example_dags/example_latest_only_with_trigger.py
[2024-11-22T09:04:53.797+0000] {processor.py:753} INFO - DAG(s) dict_keys(['latest_only_with_trigger']) retrieved from /home/airflow/.local/lib/python3.7/site-packages/airflow/example_dags/example_latest_only_with_trigger.py
[2024-11-22T09:04:53.813+0000] {logging_mixin.py:137} INFO - [2024-11-22T09:04:53.813+0000] {dag.py:2690} INFO - Sync 1 DAGs
[2024-11-22T09:04:53.832+0000] {logging_mixin.py:137} INFO - [2024-11-22T09:04:53.832+0000] {dag.py:3441} INFO - Setting next_dagrun for latest_only_with_trigger to 2024-11-22T05:04:53.831712+00:00, run_after=2024-11-22T09:04:53.831712+00:00
[2024-11-22T09:04:53.845+0000] {processor.py:175} INFO - Processing /home/airflow/.local/lib/python3.7/site-packages/airflow/example_dags/example_latest_only_with_trigger.py took 0.064 seconds
[2024-11-22T09:05:24.482+0000] {processor.py:153} INFO - Started process (PID=728) to work on /home/airflow/.local/lib/python3.7/site-packages/airflow/example_dags/example_latest_only_with_trigger.py
[2024-11-22T09:05:24.483+0000] {processor.py:743} INFO - Processing file /home/airflow/.local/lib/python3.7/site-packages/airflow/example_dags/example_latest_only_with_trigger.py for tasks to queue
[2024-11-22T09:05:24.484+0000] {logging_mixin.py:137} INFO - [2024-11-22T09:05:24.484+0000] {dagbag.py:538} INFO - Filling up the DagBag from /home/airflow/.local/lib/python3.7/site-packages/airflow/example_dags/example_latest_only_with_trigger.py
[2024-11-22T09:05:24.504+0000] {processor.py:753} INFO - DAG(s) dict_keys(['latest_only_with_trigger']) retrieved from /home/airflow/.local/lib/python3.7/site-packages/airflow/example_dags/example_latest_only_with_trigger.py
[2024-11-22T09:05:24.525+0000] {logging_mixin.py:137} INFO - [2024-11-22T09:05:24.525+0000] {dag.py:2690} INFO - Sync 1 DAGs
[2024-11-22T09:05:24.553+0000] {logging_mixin.py:137} INFO - [2024-11-22T09:05:24.552+0000] {dag.py:3441} INFO - Setting next_dagrun for latest_only_with_trigger to 2024-11-22T05:05:24.552564+00:00, run_after=2024-11-22T09:05:24.552564+00:00
[2024-11-22T09:05:24.575+0000] {processor.py:175} INFO - Processing /home/airflow/.local/lib/python3.7/site-packages/airflow/example_dags/example_latest_only_with_trigger.py took 0.096 seconds
[2024-11-22T09:05:55.382+0000] {processor.py:153} INFO - Started process (PID=802) to work on /home/airflow/.local/lib/python3.7/site-packages/airflow/example_dags/example_latest_only_with_trigger.py
[2024-11-22T09:05:55.383+0000] {processor.py:743} INFO - Processing file /home/airflow/.local/lib/python3.7/site-packages/airflow/example_dags/example_latest_only_with_trigger.py for tasks to queue
[2024-11-22T09:05:55.384+0000] {logging_mixin.py:137} INFO - [2024-11-22T09:05:55.384+0000] {dagbag.py:538} INFO - Filling up the DagBag from /home/airflow/.local/lib/python3.7/site-packages/airflow/example_dags/example_latest_only_with_trigger.py
[2024-11-22T09:05:55.406+0000] {processor.py:753} INFO - DAG(s) dict_keys(['latest_only_with_trigger']) retrieved from /home/airflow/.local/lib/python3.7/site-packages/airflow/example_dags/example_latest_only_with_trigger.py
[2024-11-22T09:05:55.434+0000] {logging_mixin.py:137} INFO - [2024-11-22T09:05:55.434+0000] {dag.py:2690} INFO - Sync 1 DAGs
[2024-11-22T09:05:55.458+0000] {logging_mixin.py:137} INFO - [2024-11-22T09:05:55.458+0000] {dag.py:3441} INFO - Setting next_dagrun for latest_only_with_trigger to 2024-11-22T05:05:55.458582+00:00, run_after=2024-11-22T09:05:55.458582+00:00
[2024-11-22T09:05:55.483+0000] {processor.py:175} INFO - Processing /home/airflow/.local/lib/python3.7/site-packages/airflow/example_dags/example_latest_only_with_trigger.py took 0.105 seconds
[2024-11-22T09:06:25.798+0000] {processor.py:153} INFO - Started process (PID=892) to work on /home/airflow/.local/lib/python3.7/site-packages/airflow/example_dags/example_latest_only_with_trigger.py
[2024-11-22T09:06:25.800+0000] {processor.py:743} INFO - Processing file /home/airflow/.local/lib/python3.7/site-packages/airflow/example_dags/example_latest_only_with_trigger.py for tasks to queue
[2024-11-22T09:06:25.801+0000] {logging_mixin.py:137} INFO - [2024-11-22T09:06:25.801+0000] {dagbag.py:538} INFO - Filling up the DagBag from /home/airflow/.local/lib/python3.7/site-packages/airflow/example_dags/example_latest_only_with_trigger.py
[2024-11-22T09:06:25.810+0000] {processor.py:753} INFO - DAG(s) dict_keys(['latest_only_with_trigger']) retrieved from /home/airflow/.local/lib/python3.7/site-packages/airflow/example_dags/example_latest_only_with_trigger.py
[2024-11-22T09:06:25.826+0000] {logging_mixin.py:137} INFO - [2024-11-22T09:06:25.825+0000] {dag.py:2690} INFO - Sync 1 DAGs
[2024-11-22T09:06:25.837+0000] {logging_mixin.py:137} INFO - [2024-11-22T09:06:25.837+0000] {dag.py:3441} INFO - Setting next_dagrun for latest_only_with_trigger to 2024-11-22T05:06:25.837686+00:00, run_after=2024-11-22T09:06:25.837686+00:00
[2024-11-22T09:06:25.850+0000] {processor.py:175} INFO - Processing /home/airflow/.local/lib/python3.7/site-packages/airflow/example_dags/example_latest_only_with_trigger.py took 0.054 seconds
[2024-11-22T09:06:56.539+0000] {processor.py:153} INFO - Started process (PID=982) to work on /home/airflow/.local/lib/python3.7/site-packages/airflow/example_dags/example_latest_only_with_trigger.py
[2024-11-22T09:06:56.540+0000] {processor.py:743} INFO - Processing file /home/airflow/.local/lib/python3.7/site-packages/airflow/example_dags/example_latest_only_with_trigger.py for tasks to queue
[2024-11-22T09:06:56.541+0000] {logging_mixin.py:137} INFO - [2024-11-22T09:06:56.541+0000] {dagbag.py:538} INFO - Filling up the DagBag from /home/airflow/.local/lib/python3.7/site-packages/airflow/example_dags/example_latest_only_with_trigger.py
[2024-11-22T09:06:56.550+0000] {processor.py:753} INFO - DAG(s) dict_keys(['latest_only_with_trigger']) retrieved from /home/airflow/.local/lib/python3.7/site-packages/airflow/example_dags/example_latest_only_with_trigger.py
[2024-11-22T09:06:56.568+0000] {logging_mixin.py:137} INFO - [2024-11-22T09:06:56.568+0000] {dag.py:2690} INFO - Sync 1 DAGs
[2024-11-22T09:06:56.586+0000] {logging_mixin.py:137} INFO - [2024-11-22T09:06:56.586+0000] {dag.py:3441} INFO - Setting next_dagrun for latest_only_with_trigger to 2024-11-22T05:06:56.585902+00:00, run_after=2024-11-22T09:06:56.585902+00:00
[2024-11-22T09:06:56.600+0000] {processor.py:175} INFO - Processing /home/airflow/.local/lib/python3.7/site-packages/airflow/example_dags/example_latest_only_with_trigger.py took 0.063 seconds
[2024-11-22T09:07:27.368+0000] {processor.py:153} INFO - Started process (PID=1072) to work on /home/airflow/.local/lib/python3.7/site-packages/airflow/example_dags/example_latest_only_with_trigger.py
[2024-11-22T09:07:27.370+0000] {processor.py:743} INFO - Processing file /home/airflow/.local/lib/python3.7/site-packages/airflow/example_dags/example_latest_only_with_trigger.py for tasks to queue
[2024-11-22T09:07:27.372+0000] {logging_mixin.py:137} INFO - [2024-11-22T09:07:27.371+0000] {dagbag.py:538} INFO - Filling up the DagBag from /home/airflow/.local/lib/python3.7/site-packages/airflow/example_dags/example_latest_only_with_trigger.py
[2024-11-22T09:07:27.384+0000] {processor.py:753} INFO - DAG(s) dict_keys(['latest_only_with_trigger']) retrieved from /home/airflow/.local/lib/python3.7/site-packages/airflow/example_dags/example_latest_only_with_trigger.py
[2024-11-22T09:07:27.422+0000] {logging_mixin.py:137} INFO - [2024-11-22T09:07:27.422+0000] {dag.py:2690} INFO - Sync 1 DAGs
[2024-11-22T09:07:27.478+0000] {logging_mixin.py:137} INFO - [2024-11-22T09:07:27.478+0000] {dag.py:3441} INFO - Setting next_dagrun for latest_only_with_trigger to 2024-11-22T05:07:27.476436+00:00, run_after=2024-11-22T09:07:27.476436+00:00
[2024-11-22T09:07:27.504+0000] {processor.py:175} INFO - Processing /home/airflow/.local/lib/python3.7/site-packages/airflow/example_dags/example_latest_only_with_trigger.py took 0.141 seconds
[2024-11-22T09:07:58.240+0000] {processor.py:153} INFO - Started process (PID=1146) to work on /home/airflow/.local/lib/python3.7/site-packages/airflow/example_dags/example_latest_only_with_trigger.py
[2024-11-22T09:07:58.241+0000] {processor.py:743} INFO - Processing file /home/airflow/.local/lib/python3.7/site-packages/airflow/example_dags/example_latest_only_with_trigger.py for tasks to queue
[2024-11-22T09:07:58.241+0000] {logging_mixin.py:137} INFO - [2024-11-22T09:07:58.241+0000] {dagbag.py:538} INFO - Filling up the DagBag from /home/airflow/.local/lib/python3.7/site-packages/airflow/example_dags/example_latest_only_with_trigger.py
[2024-11-22T09:07:58.253+0000] {processor.py:753} INFO - DAG(s) dict_keys(['latest_only_with_trigger']) retrieved from /home/airflow/.local/lib/python3.7/site-packages/airflow/example_dags/example_latest_only_with_trigger.py
[2024-11-22T09:07:58.273+0000] {logging_mixin.py:137} INFO - [2024-11-22T09:07:58.273+0000] {dag.py:2690} INFO - Sync 1 DAGs
[2024-11-22T09:07:58.293+0000] {logging_mixin.py:137} INFO - [2024-11-22T09:07:58.293+0000] {dag.py:3441} INFO - Setting next_dagrun for latest_only_with_trigger to 2024-11-22T05:07:58.293166+00:00, run_after=2024-11-22T09:07:58.293166+00:00
[2024-11-22T09:07:58.309+0000] {processor.py:175} INFO - Processing /home/airflow/.local/lib/python3.7/site-packages/airflow/example_dags/example_latest_only_with_trigger.py took 0.071 seconds
[2024-11-22T09:08:29.091+0000] {processor.py:153} INFO - Started process (PID=1235) to work on /home/airflow/.local/lib/python3.7/site-packages/airflow/example_dags/example_latest_only_with_trigger.py
[2024-11-22T09:08:29.095+0000] {processor.py:743} INFO - Processing file /home/airflow/.local/lib/python3.7/site-packages/airflow/example_dags/example_latest_only_with_trigger.py for tasks to queue
[2024-11-22T09:08:29.096+0000] {logging_mixin.py:137} INFO - [2024-11-22T09:08:29.095+0000] {dagbag.py:538} INFO - Filling up the DagBag from /home/airflow/.local/lib/python3.7/site-packages/airflow/example_dags/example_latest_only_with_trigger.py
[2024-11-22T09:08:29.112+0000] {processor.py:753} INFO - DAG(s) dict_keys(['latest_only_with_trigger']) retrieved from /home/airflow/.local/lib/python3.7/site-packages/airflow/example_dags/example_latest_only_with_trigger.py
[2024-11-22T09:08:29.133+0000] {logging_mixin.py:137} INFO - [2024-11-22T09:08:29.133+0000] {dag.py:2690} INFO - Sync 1 DAGs
[2024-11-22T09:08:29.152+0000] {logging_mixin.py:137} INFO - [2024-11-22T09:08:29.152+0000] {dag.py:3441} INFO - Setting next_dagrun for latest_only_with_trigger to 2024-11-22T05:08:29.152029+00:00, run_after=2024-11-22T09:08:29.152029+00:00
[2024-11-22T09:08:29.167+0000] {processor.py:175} INFO - Processing /home/airflow/.local/lib/python3.7/site-packages/airflow/example_dags/example_latest_only_with_trigger.py took 0.077 seconds
[2024-11-22T09:09:00.143+0000] {processor.py:153} INFO - Started process (PID=1324) to work on /home/airflow/.local/lib/python3.7/site-packages/airflow/example_dags/example_latest_only_with_trigger.py
[2024-11-22T09:09:00.147+0000] {processor.py:743} INFO - Processing file /home/airflow/.local/lib/python3.7/site-packages/airflow/example_dags/example_latest_only_with_trigger.py for tasks to queue
[2024-11-22T09:09:00.154+0000] {logging_mixin.py:137} INFO - [2024-11-22T09:09:00.152+0000] {dagbag.py:538} INFO - Filling up the DagBag from /home/airflow/.local/lib/python3.7/site-packages/airflow/example_dags/example_latest_only_with_trigger.py
[2024-11-22T09:09:00.185+0000] {processor.py:753} INFO - DAG(s) dict_keys(['latest_only_with_trigger']) retrieved from /home/airflow/.local/lib/python3.7/site-packages/airflow/example_dags/example_latest_only_with_trigger.py
[2024-11-22T09:09:00.234+0000] {logging_mixin.py:137} INFO - [2024-11-22T09:09:00.234+0000] {dag.py:2690} INFO - Sync 1 DAGs
[2024-11-22T09:09:00.307+0000] {logging_mixin.py:137} INFO - [2024-11-22T09:09:00.305+0000] {dag.py:3441} INFO - Setting next_dagrun for latest_only_with_trigger to 2024-11-22T05:09:00.305395+00:00, run_after=2024-11-22T09:09:00.305395+00:00
[2024-11-22T09:09:00.395+0000] {processor.py:175} INFO - Processing /home/airflow/.local/lib/python3.7/site-packages/airflow/example_dags/example_latest_only_with_trigger.py took 0.258 seconds
[2024-11-22T09:09:30.872+0000] {processor.py:153} INFO - Started process (PID=1407) to work on /home/airflow/.local/lib/python3.7/site-packages/airflow/example_dags/example_latest_only_with_trigger.py
[2024-11-22T09:09:30.872+0000] {processor.py:743} INFO - Processing file /home/airflow/.local/lib/python3.7/site-packages/airflow/example_dags/example_latest_only_with_trigger.py for tasks to queue
[2024-11-22T09:09:30.873+0000] {logging_mixin.py:137} INFO - [2024-11-22T09:09:30.873+0000] {dagbag.py:538} INFO - Filling up the DagBag from /home/airflow/.local/lib/python3.7/site-packages/airflow/example_dags/example_latest_only_with_trigger.py
[2024-11-22T09:09:30.884+0000] {processor.py:753} INFO - DAG(s) dict_keys(['latest_only_with_trigger']) retrieved from /home/airflow/.local/lib/python3.7/site-packages/airflow/example_dags/example_latest_only_with_trigger.py
[2024-11-22T09:09:30.903+0000] {logging_mixin.py:137} INFO - [2024-11-22T09:09:30.903+0000] {dag.py:2690} INFO - Sync 1 DAGs
[2024-11-22T09:09:30.920+0000] {logging_mixin.py:137} INFO - [2024-11-22T09:09:30.920+0000] {dag.py:3441} INFO - Setting next_dagrun for latest_only_with_trigger to 2024-11-22T05:09:30.920115+00:00, run_after=2024-11-22T09:09:30.920115+00:00
[2024-11-22T09:09:30.940+0000] {processor.py:175} INFO - Processing /home/airflow/.local/lib/python3.7/site-packages/airflow/example_dags/example_latest_only_with_trigger.py took 0.071 seconds
