[2024-11-22T07:41:15.278+0000] {processor.py:153} INFO - Started process (PID=81) to work on /home/airflow/.local/lib/python3.7/site-packages/airflow/example_dags/example_complex.py
[2024-11-22T07:41:15.278+0000] {processor.py:743} INFO - Processing file /home/airflow/.local/lib/python3.7/site-packages/airflow/example_dags/example_complex.py for tasks to queue
[2024-11-22T07:41:15.279+0000] {logging_mixin.py:137} INFO - [2024-11-22T07:41:15.279+0000] {dagbag.py:538} INFO - Filling up the DagBag from /home/airflow/.local/lib/python3.7/site-packages/airflow/example_dags/example_complex.py
[2024-11-22T07:41:15.298+0000] {logging_mixin.py:137} INFO - [2024-11-22T07:41:15.297+0000] {taskmixin.py:205} WARNING - Dependency <Task(BashOperator): create_entry_group>, delete_entry_group already registered for DAG: example_complex
[2024-11-22T07:41:15.303+0000] {logging_mixin.py:137} INFO - [2024-11-22T07:41:15.303+0000] {taskmixin.py:205} WARNING - Dependency <Task(BashOperator): delete_entry_group>, create_entry_group already registered for DAG: example_complex
[2024-11-22T07:41:15.303+0000] {logging_mixin.py:137} INFO - [2024-11-22T07:41:15.303+0000] {taskmixin.py:205} WARNING - Dependency <Task(BashOperator): create_entry_gcs>, delete_entry already registered for DAG: example_complex
[2024-11-22T07:41:15.303+0000] {logging_mixin.py:137} INFO - [2024-11-22T07:41:15.303+0000] {taskmixin.py:205} WARNING - Dependency <Task(BashOperator): delete_entry>, create_entry_gcs already registered for DAG: example_complex
[2024-11-22T07:41:15.304+0000] {logging_mixin.py:137} INFO - [2024-11-22T07:41:15.304+0000] {taskmixin.py:205} WARNING - Dependency <Task(BashOperator): create_tag>, delete_tag already registered for DAG: example_complex
[2024-11-22T07:41:15.304+0000] {logging_mixin.py:137} INFO - [2024-11-22T07:41:15.304+0000] {taskmixin.py:205} WARNING - Dependency <Task(BashOperator): delete_tag>, create_tag already registered for DAG: example_complex
[2024-11-22T07:41:15.311+0000] {processor.py:753} INFO - DAG(s) dict_keys(['example_complex']) retrieved from /home/airflow/.local/lib/python3.7/site-packages/airflow/example_dags/example_complex.py
[2024-11-22T07:41:15.401+0000] {logging_mixin.py:137} INFO - [2024-11-22T07:41:15.401+0000] {manager.py:504} INFO - Created Permission View: can read on DAG:example_complex
[2024-11-22T07:41:15.413+0000] {logging_mixin.py:137} INFO - [2024-11-22T07:41:15.413+0000] {manager.py:504} INFO - Created Permission View: can edit on DAG:example_complex
[2024-11-22T07:41:15.421+0000] {logging_mixin.py:137} INFO - [2024-11-22T07:41:15.421+0000] {manager.py:504} INFO - Created Permission View: can delete on DAG:example_complex
[2024-11-22T07:41:15.421+0000] {logging_mixin.py:137} INFO - [2024-11-22T07:41:15.421+0000] {dag.py:2690} INFO - Sync 1 DAGs
[2024-11-22T07:41:15.431+0000] {logging_mixin.py:137} INFO - [2024-11-22T07:41:15.431+0000] {dag.py:2711} INFO - Creating ORM DAG for example_complex
[2024-11-22T07:41:15.487+0000] {logging_mixin.py:137} INFO - [2024-11-22T07:41:15.487+0000] {dag.py:3441} INFO - Setting next_dagrun for example_complex to None, run_after=None
[2024-11-22T07:41:15.518+0000] {processor.py:175} INFO - Processing /home/airflow/.local/lib/python3.7/site-packages/airflow/example_dags/example_complex.py took 0.242 seconds
[2024-11-22T07:41:46.099+0000] {processor.py:153} INFO - Started process (PID=152) to work on /home/airflow/.local/lib/python3.7/site-packages/airflow/example_dags/example_complex.py
[2024-11-22T07:41:46.099+0000] {processor.py:743} INFO - Processing file /home/airflow/.local/lib/python3.7/site-packages/airflow/example_dags/example_complex.py for tasks to queue
[2024-11-22T07:41:46.100+0000] {logging_mixin.py:137} INFO - [2024-11-22T07:41:46.100+0000] {dagbag.py:538} INFO - Filling up the DagBag from /home/airflow/.local/lib/python3.7/site-packages/airflow/example_dags/example_complex.py
[2024-11-22T07:41:46.107+0000] {logging_mixin.py:137} INFO - [2024-11-22T07:41:46.106+0000] {taskmixin.py:205} WARNING - Dependency <Task(BashOperator): create_entry_group>, delete_entry_group already registered for DAG: example_complex
[2024-11-22T07:41:46.107+0000] {logging_mixin.py:137} INFO - [2024-11-22T07:41:46.107+0000] {taskmixin.py:205} WARNING - Dependency <Task(BashOperator): delete_entry_group>, create_entry_group already registered for DAG: example_complex
[2024-11-22T07:41:46.107+0000] {logging_mixin.py:137} INFO - [2024-11-22T07:41:46.107+0000] {taskmixin.py:205} WARNING - Dependency <Task(BashOperator): create_entry_gcs>, delete_entry already registered for DAG: example_complex
[2024-11-22T07:41:46.108+0000] {logging_mixin.py:137} INFO - [2024-11-22T07:41:46.108+0000] {taskmixin.py:205} WARNING - Dependency <Task(BashOperator): delete_entry>, create_entry_gcs already registered for DAG: example_complex
[2024-11-22T07:41:46.109+0000] {logging_mixin.py:137} INFO - [2024-11-22T07:41:46.109+0000] {taskmixin.py:205} WARNING - Dependency <Task(BashOperator): create_tag>, delete_tag already registered for DAG: example_complex
[2024-11-22T07:41:46.109+0000] {logging_mixin.py:137} INFO - [2024-11-22T07:41:46.109+0000] {taskmixin.py:205} WARNING - Dependency <Task(BashOperator): delete_tag>, create_tag already registered for DAG: example_complex
[2024-11-22T07:41:46.115+0000] {processor.py:753} INFO - DAG(s) dict_keys(['example_complex']) retrieved from /home/airflow/.local/lib/python3.7/site-packages/airflow/example_dags/example_complex.py
[2024-11-22T07:41:46.146+0000] {logging_mixin.py:137} INFO - [2024-11-22T07:41:46.146+0000] {dag.py:2690} INFO - Sync 1 DAGs
[2024-11-22T07:41:46.168+0000] {logging_mixin.py:137} INFO - [2024-11-22T07:41:46.168+0000] {dag.py:3441} INFO - Setting next_dagrun for example_complex to None, run_after=None
[2024-11-22T07:41:46.185+0000] {processor.py:175} INFO - Processing /home/airflow/.local/lib/python3.7/site-packages/airflow/example_dags/example_complex.py took 0.089 seconds
[2024-11-22T07:42:16.224+0000] {processor.py:153} INFO - Started process (PID=239) to work on /home/airflow/.local/lib/python3.7/site-packages/airflow/example_dags/example_complex.py
[2024-11-22T07:42:16.225+0000] {processor.py:743} INFO - Processing file /home/airflow/.local/lib/python3.7/site-packages/airflow/example_dags/example_complex.py for tasks to queue
[2024-11-22T07:42:16.225+0000] {logging_mixin.py:137} INFO - [2024-11-22T07:42:16.225+0000] {dagbag.py:538} INFO - Filling up the DagBag from /home/airflow/.local/lib/python3.7/site-packages/airflow/example_dags/example_complex.py
[2024-11-22T07:42:16.234+0000] {logging_mixin.py:137} INFO - [2024-11-22T07:42:16.234+0000] {taskmixin.py:205} WARNING - Dependency <Task(BashOperator): create_entry_group>, delete_entry_group already registered for DAG: example_complex
[2024-11-22T07:42:16.234+0000] {logging_mixin.py:137} INFO - [2024-11-22T07:42:16.234+0000] {taskmixin.py:205} WARNING - Dependency <Task(BashOperator): delete_entry_group>, create_entry_group already registered for DAG: example_complex
[2024-11-22T07:42:16.235+0000] {logging_mixin.py:137} INFO - [2024-11-22T07:42:16.235+0000] {taskmixin.py:205} WARNING - Dependency <Task(BashOperator): create_entry_gcs>, delete_entry already registered for DAG: example_complex
[2024-11-22T07:42:16.236+0000] {logging_mixin.py:137} INFO - [2024-11-22T07:42:16.236+0000] {taskmixin.py:205} WARNING - Dependency <Task(BashOperator): delete_entry>, create_entry_gcs already registered for DAG: example_complex
[2024-11-22T07:42:16.236+0000] {logging_mixin.py:137} INFO - [2024-11-22T07:42:16.236+0000] {taskmixin.py:205} WARNING - Dependency <Task(BashOperator): create_tag>, delete_tag already registered for DAG: example_complex
[2024-11-22T07:42:16.236+0000] {logging_mixin.py:137} INFO - [2024-11-22T07:42:16.236+0000] {taskmixin.py:205} WARNING - Dependency <Task(BashOperator): delete_tag>, create_tag already registered for DAG: example_complex
[2024-11-22T07:42:16.240+0000] {processor.py:753} INFO - DAG(s) dict_keys(['example_complex']) retrieved from /home/airflow/.local/lib/python3.7/site-packages/airflow/example_dags/example_complex.py
[2024-11-22T07:42:16.253+0000] {logging_mixin.py:137} INFO - [2024-11-22T07:42:16.253+0000] {dag.py:2690} INFO - Sync 1 DAGs
[2024-11-22T07:42:16.262+0000] {logging_mixin.py:137} INFO - [2024-11-22T07:42:16.262+0000] {dag.py:3441} INFO - Setting next_dagrun for example_complex to None, run_after=None
[2024-11-22T07:42:16.270+0000] {processor.py:175} INFO - Processing /home/airflow/.local/lib/python3.7/site-packages/airflow/example_dags/example_complex.py took 0.047 seconds
[2024-11-22T07:42:47.012+0000] {processor.py:153} INFO - Started process (PID=319) to work on /home/airflow/.local/lib/python3.7/site-packages/airflow/example_dags/example_complex.py
[2024-11-22T07:42:47.013+0000] {processor.py:743} INFO - Processing file /home/airflow/.local/lib/python3.7/site-packages/airflow/example_dags/example_complex.py for tasks to queue
[2024-11-22T07:42:47.014+0000] {logging_mixin.py:137} INFO - [2024-11-22T07:42:47.014+0000] {dagbag.py:538} INFO - Filling up the DagBag from /home/airflow/.local/lib/python3.7/site-packages/airflow/example_dags/example_complex.py
[2024-11-22T07:42:47.023+0000] {logging_mixin.py:137} INFO - [2024-11-22T07:42:47.023+0000] {taskmixin.py:205} WARNING - Dependency <Task(BashOperator): create_entry_group>, delete_entry_group already registered for DAG: example_complex
[2024-11-22T07:42:47.029+0000] {logging_mixin.py:137} INFO - [2024-11-22T07:42:47.028+0000] {taskmixin.py:205} WARNING - Dependency <Task(BashOperator): delete_entry_group>, create_entry_group already registered for DAG: example_complex
[2024-11-22T07:42:47.029+0000] {logging_mixin.py:137} INFO - [2024-11-22T07:42:47.029+0000] {taskmixin.py:205} WARNING - Dependency <Task(BashOperator): create_entry_gcs>, delete_entry already registered for DAG: example_complex
[2024-11-22T07:42:47.029+0000] {logging_mixin.py:137} INFO - [2024-11-22T07:42:47.029+0000] {taskmixin.py:205} WARNING - Dependency <Task(BashOperator): delete_entry>, create_entry_gcs already registered for DAG: example_complex
[2024-11-22T07:42:47.032+0000] {logging_mixin.py:137} INFO - [2024-11-22T07:42:47.032+0000] {taskmixin.py:205} WARNING - Dependency <Task(BashOperator): create_tag>, delete_tag already registered for DAG: example_complex
[2024-11-22T07:42:47.033+0000] {logging_mixin.py:137} INFO - [2024-11-22T07:42:47.033+0000] {taskmixin.py:205} WARNING - Dependency <Task(BashOperator): delete_tag>, create_tag already registered for DAG: example_complex
[2024-11-22T07:42:47.051+0000] {processor.py:753} INFO - DAG(s) dict_keys(['example_complex']) retrieved from /home/airflow/.local/lib/python3.7/site-packages/airflow/example_dags/example_complex.py
[2024-11-22T07:42:47.117+0000] {logging_mixin.py:137} INFO - [2024-11-22T07:42:47.117+0000] {dag.py:2690} INFO - Sync 1 DAGs
[2024-11-22T07:42:47.157+0000] {logging_mixin.py:137} INFO - [2024-11-22T07:42:47.157+0000] {dag.py:3441} INFO - Setting next_dagrun for example_complex to None, run_after=None
[2024-11-22T07:42:47.185+0000] {processor.py:175} INFO - Processing /home/airflow/.local/lib/python3.7/site-packages/airflow/example_dags/example_complex.py took 0.176 seconds
[2024-11-22T07:43:17.264+0000] {processor.py:153} INFO - Started process (PID=398) to work on /home/airflow/.local/lib/python3.7/site-packages/airflow/example_dags/example_complex.py
[2024-11-22T07:43:17.265+0000] {processor.py:743} INFO - Processing file /home/airflow/.local/lib/python3.7/site-packages/airflow/example_dags/example_complex.py for tasks to queue
[2024-11-22T07:43:17.265+0000] {logging_mixin.py:137} INFO - [2024-11-22T07:43:17.265+0000] {dagbag.py:538} INFO - Filling up the DagBag from /home/airflow/.local/lib/python3.7/site-packages/airflow/example_dags/example_complex.py
[2024-11-22T07:43:17.272+0000] {logging_mixin.py:137} INFO - [2024-11-22T07:43:17.272+0000] {taskmixin.py:205} WARNING - Dependency <Task(BashOperator): create_entry_group>, delete_entry_group already registered for DAG: example_complex
[2024-11-22T07:43:17.272+0000] {logging_mixin.py:137} INFO - [2024-11-22T07:43:17.272+0000] {taskmixin.py:205} WARNING - Dependency <Task(BashOperator): delete_entry_group>, create_entry_group already registered for DAG: example_complex
[2024-11-22T07:43:17.272+0000] {logging_mixin.py:137} INFO - [2024-11-22T07:43:17.272+0000] {taskmixin.py:205} WARNING - Dependency <Task(BashOperator): create_entry_gcs>, delete_entry already registered for DAG: example_complex
[2024-11-22T07:43:17.273+0000] {logging_mixin.py:137} INFO - [2024-11-22T07:43:17.273+0000] {taskmixin.py:205} WARNING - Dependency <Task(BashOperator): delete_entry>, create_entry_gcs already registered for DAG: example_complex
[2024-11-22T07:43:17.273+0000] {logging_mixin.py:137} INFO - [2024-11-22T07:43:17.273+0000] {taskmixin.py:205} WARNING - Dependency <Task(BashOperator): create_tag>, delete_tag already registered for DAG: example_complex
[2024-11-22T07:43:17.273+0000] {logging_mixin.py:137} INFO - [2024-11-22T07:43:17.273+0000] {taskmixin.py:205} WARNING - Dependency <Task(BashOperator): delete_tag>, create_tag already registered for DAG: example_complex
[2024-11-22T07:43:17.277+0000] {processor.py:753} INFO - DAG(s) dict_keys(['example_complex']) retrieved from /home/airflow/.local/lib/python3.7/site-packages/airflow/example_dags/example_complex.py
[2024-11-22T07:43:17.294+0000] {logging_mixin.py:137} INFO - [2024-11-22T07:43:17.293+0000] {dag.py:2690} INFO - Sync 1 DAGs
[2024-11-22T07:43:17.306+0000] {logging_mixin.py:137} INFO - [2024-11-22T07:43:17.306+0000] {dag.py:3441} INFO - Setting next_dagrun for example_complex to None, run_after=None
[2024-11-22T07:43:17.323+0000] {processor.py:175} INFO - Processing /home/airflow/.local/lib/python3.7/site-packages/airflow/example_dags/example_complex.py took 0.061 seconds
[2024-11-22T07:43:47.381+0000] {processor.py:153} INFO - Started process (PID=484) to work on /home/airflow/.local/lib/python3.7/site-packages/airflow/example_dags/example_complex.py
[2024-11-22T07:43:47.382+0000] {processor.py:743} INFO - Processing file /home/airflow/.local/lib/python3.7/site-packages/airflow/example_dags/example_complex.py for tasks to queue
[2024-11-22T07:43:47.383+0000] {logging_mixin.py:137} INFO - [2024-11-22T07:43:47.383+0000] {dagbag.py:538} INFO - Filling up the DagBag from /home/airflow/.local/lib/python3.7/site-packages/airflow/example_dags/example_complex.py
[2024-11-22T07:43:47.390+0000] {logging_mixin.py:137} INFO - [2024-11-22T07:43:47.390+0000] {taskmixin.py:205} WARNING - Dependency <Task(BashOperator): create_entry_group>, delete_entry_group already registered for DAG: example_complex
[2024-11-22T07:43:47.391+0000] {logging_mixin.py:137} INFO - [2024-11-22T07:43:47.391+0000] {taskmixin.py:205} WARNING - Dependency <Task(BashOperator): delete_entry_group>, create_entry_group already registered for DAG: example_complex
[2024-11-22T07:43:47.391+0000] {logging_mixin.py:137} INFO - [2024-11-22T07:43:47.391+0000] {taskmixin.py:205} WARNING - Dependency <Task(BashOperator): create_entry_gcs>, delete_entry already registered for DAG: example_complex
[2024-11-22T07:43:47.391+0000] {logging_mixin.py:137} INFO - [2024-11-22T07:43:47.391+0000] {taskmixin.py:205} WARNING - Dependency <Task(BashOperator): delete_entry>, create_entry_gcs already registered for DAG: example_complex
[2024-11-22T07:43:47.391+0000] {logging_mixin.py:137} INFO - [2024-11-22T07:43:47.391+0000] {taskmixin.py:205} WARNING - Dependency <Task(BashOperator): create_tag>, delete_tag already registered for DAG: example_complex
[2024-11-22T07:43:47.391+0000] {logging_mixin.py:137} INFO - [2024-11-22T07:43:47.391+0000] {taskmixin.py:205} WARNING - Dependency <Task(BashOperator): delete_tag>, create_tag already registered for DAG: example_complex
[2024-11-22T07:43:47.398+0000] {processor.py:753} INFO - DAG(s) dict_keys(['example_complex']) retrieved from /home/airflow/.local/lib/python3.7/site-packages/airflow/example_dags/example_complex.py
[2024-11-22T07:43:47.429+0000] {logging_mixin.py:137} INFO - [2024-11-22T07:43:47.429+0000] {dag.py:2690} INFO - Sync 1 DAGs
[2024-11-22T07:43:47.476+0000] {logging_mixin.py:137} INFO - [2024-11-22T07:43:47.476+0000] {dag.py:3441} INFO - Setting next_dagrun for example_complex to None, run_after=None
[2024-11-22T07:43:47.488+0000] {processor.py:175} INFO - Processing /home/airflow/.local/lib/python3.7/site-packages/airflow/example_dags/example_complex.py took 0.109 seconds
[2024-11-22T07:44:17.742+0000] {processor.py:153} INFO - Started process (PID=555) to work on /home/airflow/.local/lib/python3.7/site-packages/airflow/example_dags/example_complex.py
[2024-11-22T07:44:17.743+0000] {processor.py:743} INFO - Processing file /home/airflow/.local/lib/python3.7/site-packages/airflow/example_dags/example_complex.py for tasks to queue
[2024-11-22T07:44:17.744+0000] {logging_mixin.py:137} INFO - [2024-11-22T07:44:17.744+0000] {dagbag.py:538} INFO - Filling up the DagBag from /home/airflow/.local/lib/python3.7/site-packages/airflow/example_dags/example_complex.py
[2024-11-22T07:44:17.750+0000] {logging_mixin.py:137} INFO - [2024-11-22T07:44:17.750+0000] {taskmixin.py:205} WARNING - Dependency <Task(BashOperator): create_entry_group>, delete_entry_group already registered for DAG: example_complex
[2024-11-22T07:44:17.751+0000] {logging_mixin.py:137} INFO - [2024-11-22T07:44:17.751+0000] {taskmixin.py:205} WARNING - Dependency <Task(BashOperator): delete_entry_group>, create_entry_group already registered for DAG: example_complex
[2024-11-22T07:44:17.751+0000] {logging_mixin.py:137} INFO - [2024-11-22T07:44:17.751+0000] {taskmixin.py:205} WARNING - Dependency <Task(BashOperator): create_entry_gcs>, delete_entry already registered for DAG: example_complex
[2024-11-22T07:44:17.751+0000] {logging_mixin.py:137} INFO - [2024-11-22T07:44:17.751+0000] {taskmixin.py:205} WARNING - Dependency <Task(BashOperator): delete_entry>, create_entry_gcs already registered for DAG: example_complex
[2024-11-22T07:44:17.751+0000] {logging_mixin.py:137} INFO - [2024-11-22T07:44:17.751+0000] {taskmixin.py:205} WARNING - Dependency <Task(BashOperator): create_tag>, delete_tag already registered for DAG: example_complex
[2024-11-22T07:44:17.752+0000] {logging_mixin.py:137} INFO - [2024-11-22T07:44:17.752+0000] {taskmixin.py:205} WARNING - Dependency <Task(BashOperator): delete_tag>, create_tag already registered for DAG: example_complex
[2024-11-22T07:44:17.757+0000] {processor.py:753} INFO - DAG(s) dict_keys(['example_complex']) retrieved from /home/airflow/.local/lib/python3.7/site-packages/airflow/example_dags/example_complex.py
[2024-11-22T07:44:17.779+0000] {logging_mixin.py:137} INFO - [2024-11-22T07:44:17.779+0000] {dag.py:2690} INFO - Sync 1 DAGs
[2024-11-22T07:44:17.796+0000] {logging_mixin.py:137} INFO - [2024-11-22T07:44:17.796+0000] {dag.py:3441} INFO - Setting next_dagrun for example_complex to None, run_after=None
[2024-11-22T07:44:17.811+0000] {processor.py:175} INFO - Processing /home/airflow/.local/lib/python3.7/site-packages/airflow/example_dags/example_complex.py took 0.071 seconds
[2024-11-22T07:44:48.746+0000] {processor.py:153} INFO - Started process (PID=641) to work on /home/airflow/.local/lib/python3.7/site-packages/airflow/example_dags/example_complex.py
[2024-11-22T07:44:48.746+0000] {processor.py:743} INFO - Processing file /home/airflow/.local/lib/python3.7/site-packages/airflow/example_dags/example_complex.py for tasks to queue
[2024-11-22T07:44:48.747+0000] {logging_mixin.py:137} INFO - [2024-11-22T07:44:48.747+0000] {dagbag.py:538} INFO - Filling up the DagBag from /home/airflow/.local/lib/python3.7/site-packages/airflow/example_dags/example_complex.py
[2024-11-22T07:44:48.752+0000] {logging_mixin.py:137} INFO - [2024-11-22T07:44:48.752+0000] {taskmixin.py:205} WARNING - Dependency <Task(BashOperator): create_entry_group>, delete_entry_group already registered for DAG: example_complex
[2024-11-22T07:44:48.753+0000] {logging_mixin.py:137} INFO - [2024-11-22T07:44:48.752+0000] {taskmixin.py:205} WARNING - Dependency <Task(BashOperator): delete_entry_group>, create_entry_group already registered for DAG: example_complex
[2024-11-22T07:44:48.753+0000] {logging_mixin.py:137} INFO - [2024-11-22T07:44:48.753+0000] {taskmixin.py:205} WARNING - Dependency <Task(BashOperator): create_entry_gcs>, delete_entry already registered for DAG: example_complex
[2024-11-22T07:44:48.753+0000] {logging_mixin.py:137} INFO - [2024-11-22T07:44:48.753+0000] {taskmixin.py:205} WARNING - Dependency <Task(BashOperator): delete_entry>, create_entry_gcs already registered for DAG: example_complex
[2024-11-22T07:44:48.753+0000] {logging_mixin.py:137} INFO - [2024-11-22T07:44:48.753+0000] {taskmixin.py:205} WARNING - Dependency <Task(BashOperator): create_tag>, delete_tag already registered for DAG: example_complex
[2024-11-22T07:44:48.753+0000] {logging_mixin.py:137} INFO - [2024-11-22T07:44:48.753+0000] {taskmixin.py:205} WARNING - Dependency <Task(BashOperator): delete_tag>, create_tag already registered for DAG: example_complex
[2024-11-22T07:44:48.756+0000] {processor.py:753} INFO - DAG(s) dict_keys(['example_complex']) retrieved from /home/airflow/.local/lib/python3.7/site-packages/airflow/example_dags/example_complex.py
[2024-11-22T07:44:48.772+0000] {logging_mixin.py:137} INFO - [2024-11-22T07:44:48.772+0000] {dag.py:2690} INFO - Sync 1 DAGs
[2024-11-22T07:44:48.786+0000] {logging_mixin.py:137} INFO - [2024-11-22T07:44:48.785+0000] {dag.py:3441} INFO - Setting next_dagrun for example_complex to None, run_after=None
[2024-11-22T07:44:48.798+0000] {processor.py:175} INFO - Processing /home/airflow/.local/lib/python3.7/site-packages/airflow/example_dags/example_complex.py took 0.053 seconds
[2024-11-22T07:45:18.884+0000] {processor.py:153} INFO - Started process (PID=728) to work on /home/airflow/.local/lib/python3.7/site-packages/airflow/example_dags/example_complex.py
[2024-11-22T07:45:18.885+0000] {processor.py:743} INFO - Processing file /home/airflow/.local/lib/python3.7/site-packages/airflow/example_dags/example_complex.py for tasks to queue
[2024-11-22T07:45:18.885+0000] {logging_mixin.py:137} INFO - [2024-11-22T07:45:18.885+0000] {dagbag.py:538} INFO - Filling up the DagBag from /home/airflow/.local/lib/python3.7/site-packages/airflow/example_dags/example_complex.py
[2024-11-22T07:45:18.891+0000] {logging_mixin.py:137} INFO - [2024-11-22T07:45:18.891+0000] {taskmixin.py:205} WARNING - Dependency <Task(BashOperator): create_entry_group>, delete_entry_group already registered for DAG: example_complex
[2024-11-22T07:45:18.891+0000] {logging_mixin.py:137} INFO - [2024-11-22T07:45:18.891+0000] {taskmixin.py:205} WARNING - Dependency <Task(BashOperator): delete_entry_group>, create_entry_group already registered for DAG: example_complex
[2024-11-22T07:45:18.891+0000] {logging_mixin.py:137} INFO - [2024-11-22T07:45:18.891+0000] {taskmixin.py:205} WARNING - Dependency <Task(BashOperator): create_entry_gcs>, delete_entry already registered for DAG: example_complex
[2024-11-22T07:45:18.891+0000] {logging_mixin.py:137} INFO - [2024-11-22T07:45:18.891+0000] {taskmixin.py:205} WARNING - Dependency <Task(BashOperator): delete_entry>, create_entry_gcs already registered for DAG: example_complex
[2024-11-22T07:45:18.891+0000] {logging_mixin.py:137} INFO - [2024-11-22T07:45:18.891+0000] {taskmixin.py:205} WARNING - Dependency <Task(BashOperator): create_tag>, delete_tag already registered for DAG: example_complex
[2024-11-22T07:45:18.892+0000] {logging_mixin.py:137} INFO - [2024-11-22T07:45:18.891+0000] {taskmixin.py:205} WARNING - Dependency <Task(BashOperator): delete_tag>, create_tag already registered for DAG: example_complex
[2024-11-22T07:45:18.896+0000] {processor.py:753} INFO - DAG(s) dict_keys(['example_complex']) retrieved from /home/airflow/.local/lib/python3.7/site-packages/airflow/example_dags/example_complex.py
[2024-11-22T07:45:18.921+0000] {logging_mixin.py:137} INFO - [2024-11-22T07:45:18.921+0000] {dag.py:2690} INFO - Sync 1 DAGs
[2024-11-22T07:45:18.935+0000] {logging_mixin.py:137} INFO - [2024-11-22T07:45:18.935+0000] {dag.py:3441} INFO - Setting next_dagrun for example_complex to None, run_after=None
[2024-11-22T07:45:18.946+0000] {processor.py:175} INFO - Processing /home/airflow/.local/lib/python3.7/site-packages/airflow/example_dags/example_complex.py took 0.063 seconds
[2024-11-22T07:45:49.843+0000] {processor.py:153} INFO - Started process (PID=799) to work on /home/airflow/.local/lib/python3.7/site-packages/airflow/example_dags/example_complex.py
[2024-11-22T07:45:49.844+0000] {processor.py:743} INFO - Processing file /home/airflow/.local/lib/python3.7/site-packages/airflow/example_dags/example_complex.py for tasks to queue
[2024-11-22T07:45:49.844+0000] {logging_mixin.py:137} INFO - [2024-11-22T07:45:49.844+0000] {dagbag.py:538} INFO - Filling up the DagBag from /home/airflow/.local/lib/python3.7/site-packages/airflow/example_dags/example_complex.py
[2024-11-22T07:45:49.850+0000] {logging_mixin.py:137} INFO - [2024-11-22T07:45:49.850+0000] {taskmixin.py:205} WARNING - Dependency <Task(BashOperator): create_entry_group>, delete_entry_group already registered for DAG: example_complex
[2024-11-22T07:45:49.850+0000] {logging_mixin.py:137} INFO - [2024-11-22T07:45:49.850+0000] {taskmixin.py:205} WARNING - Dependency <Task(BashOperator): delete_entry_group>, create_entry_group already registered for DAG: example_complex
[2024-11-22T07:45:49.850+0000] {logging_mixin.py:137} INFO - [2024-11-22T07:45:49.850+0000] {taskmixin.py:205} WARNING - Dependency <Task(BashOperator): create_entry_gcs>, delete_entry already registered for DAG: example_complex
[2024-11-22T07:45:49.850+0000] {logging_mixin.py:137} INFO - [2024-11-22T07:45:49.850+0000] {taskmixin.py:205} WARNING - Dependency <Task(BashOperator): delete_entry>, create_entry_gcs already registered for DAG: example_complex
[2024-11-22T07:45:49.850+0000] {logging_mixin.py:137} INFO - [2024-11-22T07:45:49.850+0000] {taskmixin.py:205} WARNING - Dependency <Task(BashOperator): create_tag>, delete_tag already registered for DAG: example_complex
[2024-11-22T07:45:49.850+0000] {logging_mixin.py:137} INFO - [2024-11-22T07:45:49.850+0000] {taskmixin.py:205} WARNING - Dependency <Task(BashOperator): delete_tag>, create_tag already registered for DAG: example_complex
[2024-11-22T07:45:49.854+0000] {processor.py:753} INFO - DAG(s) dict_keys(['example_complex']) retrieved from /home/airflow/.local/lib/python3.7/site-packages/airflow/example_dags/example_complex.py
[2024-11-22T07:45:49.875+0000] {logging_mixin.py:137} INFO - [2024-11-22T07:45:49.875+0000] {dag.py:2690} INFO - Sync 1 DAGs
[2024-11-22T07:45:49.890+0000] {logging_mixin.py:137} INFO - [2024-11-22T07:45:49.890+0000] {dag.py:3441} INFO - Setting next_dagrun for example_complex to None, run_after=None
[2024-11-22T07:45:49.902+0000] {processor.py:175} INFO - Processing /home/airflow/.local/lib/python3.7/site-packages/airflow/example_dags/example_complex.py took 0.060 seconds
[2024-11-22T07:46:20.205+0000] {processor.py:153} INFO - Started process (PID=886) to work on /home/airflow/.local/lib/python3.7/site-packages/airflow/example_dags/example_complex.py
[2024-11-22T07:46:20.208+0000] {processor.py:743} INFO - Processing file /home/airflow/.local/lib/python3.7/site-packages/airflow/example_dags/example_complex.py for tasks to queue
[2024-11-22T07:46:20.209+0000] {logging_mixin.py:137} INFO - [2024-11-22T07:46:20.209+0000] {dagbag.py:538} INFO - Filling up the DagBag from /home/airflow/.local/lib/python3.7/site-packages/airflow/example_dags/example_complex.py
[2024-11-22T07:46:20.217+0000] {logging_mixin.py:137} INFO - [2024-11-22T07:46:20.216+0000] {taskmixin.py:205} WARNING - Dependency <Task(BashOperator): create_entry_group>, delete_entry_group already registered for DAG: example_complex
[2024-11-22T07:46:20.217+0000] {logging_mixin.py:137} INFO - [2024-11-22T07:46:20.217+0000] {taskmixin.py:205} WARNING - Dependency <Task(BashOperator): delete_entry_group>, create_entry_group already registered for DAG: example_complex
[2024-11-22T07:46:20.217+0000] {logging_mixin.py:137} INFO - [2024-11-22T07:46:20.217+0000] {taskmixin.py:205} WARNING - Dependency <Task(BashOperator): create_entry_gcs>, delete_entry already registered for DAG: example_complex
[2024-11-22T07:46:20.217+0000] {logging_mixin.py:137} INFO - [2024-11-22T07:46:20.217+0000] {taskmixin.py:205} WARNING - Dependency <Task(BashOperator): delete_entry>, create_entry_gcs already registered for DAG: example_complex
[2024-11-22T07:46:20.217+0000] {logging_mixin.py:137} INFO - [2024-11-22T07:46:20.217+0000] {taskmixin.py:205} WARNING - Dependency <Task(BashOperator): create_tag>, delete_tag already registered for DAG: example_complex
[2024-11-22T07:46:20.217+0000] {logging_mixin.py:137} INFO - [2024-11-22T07:46:20.217+0000] {taskmixin.py:205} WARNING - Dependency <Task(BashOperator): delete_tag>, create_tag already registered for DAG: example_complex
[2024-11-22T07:46:20.221+0000] {processor.py:753} INFO - DAG(s) dict_keys(['example_complex']) retrieved from /home/airflow/.local/lib/python3.7/site-packages/airflow/example_dags/example_complex.py
[2024-11-22T07:46:20.237+0000] {logging_mixin.py:137} INFO - [2024-11-22T07:46:20.237+0000] {dag.py:2690} INFO - Sync 1 DAGs
[2024-11-22T07:46:20.255+0000] {logging_mixin.py:137} INFO - [2024-11-22T07:46:20.255+0000] {dag.py:3441} INFO - Setting next_dagrun for example_complex to None, run_after=None
[2024-11-22T07:46:20.270+0000] {processor.py:175} INFO - Processing /home/airflow/.local/lib/python3.7/site-packages/airflow/example_dags/example_complex.py took 0.069 seconds
[2024-11-22T07:46:50.961+0000] {processor.py:153} INFO - Started process (PID=973) to work on /home/airflow/.local/lib/python3.7/site-packages/airflow/example_dags/example_complex.py
[2024-11-22T07:46:50.962+0000] {processor.py:743} INFO - Processing file /home/airflow/.local/lib/python3.7/site-packages/airflow/example_dags/example_complex.py for tasks to queue
[2024-11-22T07:46:50.962+0000] {logging_mixin.py:137} INFO - [2024-11-22T07:46:50.962+0000] {dagbag.py:538} INFO - Filling up the DagBag from /home/airflow/.local/lib/python3.7/site-packages/airflow/example_dags/example_complex.py
[2024-11-22T07:46:50.968+0000] {logging_mixin.py:137} INFO - [2024-11-22T07:46:50.968+0000] {taskmixin.py:205} WARNING - Dependency <Task(BashOperator): create_entry_group>, delete_entry_group already registered for DAG: example_complex
[2024-11-22T07:46:50.968+0000] {logging_mixin.py:137} INFO - [2024-11-22T07:46:50.968+0000] {taskmixin.py:205} WARNING - Dependency <Task(BashOperator): delete_entry_group>, create_entry_group already registered for DAG: example_complex
[2024-11-22T07:46:50.968+0000] {logging_mixin.py:137} INFO - [2024-11-22T07:46:50.968+0000] {taskmixin.py:205} WARNING - Dependency <Task(BashOperator): create_entry_gcs>, delete_entry already registered for DAG: example_complex
[2024-11-22T07:46:50.968+0000] {logging_mixin.py:137} INFO - [2024-11-22T07:46:50.968+0000] {taskmixin.py:205} WARNING - Dependency <Task(BashOperator): delete_entry>, create_entry_gcs already registered for DAG: example_complex
[2024-11-22T07:46:50.968+0000] {logging_mixin.py:137} INFO - [2024-11-22T07:46:50.968+0000] {taskmixin.py:205} WARNING - Dependency <Task(BashOperator): create_tag>, delete_tag already registered for DAG: example_complex
[2024-11-22T07:46:50.968+0000] {logging_mixin.py:137} INFO - [2024-11-22T07:46:50.968+0000] {taskmixin.py:205} WARNING - Dependency <Task(BashOperator): delete_tag>, create_tag already registered for DAG: example_complex
[2024-11-22T07:46:50.972+0000] {processor.py:753} INFO - DAG(s) dict_keys(['example_complex']) retrieved from /home/airflow/.local/lib/python3.7/site-packages/airflow/example_dags/example_complex.py
[2024-11-22T07:46:50.988+0000] {logging_mixin.py:137} INFO - [2024-11-22T07:46:50.988+0000] {dag.py:2690} INFO - Sync 1 DAGs
[2024-11-22T07:46:51.004+0000] {logging_mixin.py:137} INFO - [2024-11-22T07:46:51.004+0000] {dag.py:3441} INFO - Setting next_dagrun for example_complex to None, run_after=None
[2024-11-22T07:46:51.014+0000] {processor.py:175} INFO - Processing /home/airflow/.local/lib/python3.7/site-packages/airflow/example_dags/example_complex.py took 0.054 seconds
[2024-11-22T07:47:21.246+0000] {processor.py:153} INFO - Started process (PID=1045) to work on /home/airflow/.local/lib/python3.7/site-packages/airflow/example_dags/example_complex.py
[2024-11-22T07:47:21.248+0000] {processor.py:743} INFO - Processing file /home/airflow/.local/lib/python3.7/site-packages/airflow/example_dags/example_complex.py for tasks to queue
[2024-11-22T07:47:21.252+0000] {logging_mixin.py:137} INFO - [2024-11-22T07:47:21.252+0000] {dagbag.py:538} INFO - Filling up the DagBag from /home/airflow/.local/lib/python3.7/site-packages/airflow/example_dags/example_complex.py
[2024-11-22T07:47:21.264+0000] {logging_mixin.py:137} INFO - [2024-11-22T07:47:21.264+0000] {taskmixin.py:205} WARNING - Dependency <Task(BashOperator): create_entry_group>, delete_entry_group already registered for DAG: example_complex
[2024-11-22T07:47:21.266+0000] {logging_mixin.py:137} INFO - [2024-11-22T07:47:21.266+0000] {taskmixin.py:205} WARNING - Dependency <Task(BashOperator): delete_entry_group>, create_entry_group already registered for DAG: example_complex
[2024-11-22T07:47:21.268+0000] {logging_mixin.py:137} INFO - [2024-11-22T07:47:21.268+0000] {taskmixin.py:205} WARNING - Dependency <Task(BashOperator): create_entry_gcs>, delete_entry already registered for DAG: example_complex
[2024-11-22T07:47:21.268+0000] {logging_mixin.py:137} INFO - [2024-11-22T07:47:21.268+0000] {taskmixin.py:205} WARNING - Dependency <Task(BashOperator): delete_entry>, create_entry_gcs already registered for DAG: example_complex
[2024-11-22T07:47:21.269+0000] {logging_mixin.py:137} INFO - [2024-11-22T07:47:21.269+0000] {taskmixin.py:205} WARNING - Dependency <Task(BashOperator): create_tag>, delete_tag already registered for DAG: example_complex
[2024-11-22T07:47:21.269+0000] {logging_mixin.py:137} INFO - [2024-11-22T07:47:21.269+0000] {taskmixin.py:205} WARNING - Dependency <Task(BashOperator): delete_tag>, create_tag already registered for DAG: example_complex
[2024-11-22T07:47:21.275+0000] {processor.py:753} INFO - DAG(s) dict_keys(['example_complex']) retrieved from /home/airflow/.local/lib/python3.7/site-packages/airflow/example_dags/example_complex.py
[2024-11-22T07:47:21.298+0000] {logging_mixin.py:137} INFO - [2024-11-22T07:47:21.298+0000] {dag.py:2690} INFO - Sync 1 DAGs
[2024-11-22T07:47:21.317+0000] {logging_mixin.py:137} INFO - [2024-11-22T07:47:21.317+0000] {dag.py:3441} INFO - Setting next_dagrun for example_complex to None, run_after=None
[2024-11-22T07:47:21.337+0000] {processor.py:175} INFO - Processing /home/airflow/.local/lib/python3.7/site-packages/airflow/example_dags/example_complex.py took 0.096 seconds
[2024-11-22T07:47:52.273+0000] {processor.py:153} INFO - Started process (PID=1131) to work on /home/airflow/.local/lib/python3.7/site-packages/airflow/example_dags/example_complex.py
[2024-11-22T07:47:52.275+0000] {processor.py:743} INFO - Processing file /home/airflow/.local/lib/python3.7/site-packages/airflow/example_dags/example_complex.py for tasks to queue
[2024-11-22T07:47:52.275+0000] {logging_mixin.py:137} INFO - [2024-11-22T07:47:52.275+0000] {dagbag.py:538} INFO - Filling up the DagBag from /home/airflow/.local/lib/python3.7/site-packages/airflow/example_dags/example_complex.py
[2024-11-22T07:47:52.283+0000] {logging_mixin.py:137} INFO - [2024-11-22T07:47:52.283+0000] {taskmixin.py:205} WARNING - Dependency <Task(BashOperator): create_entry_group>, delete_entry_group already registered for DAG: example_complex
[2024-11-22T07:47:52.283+0000] {logging_mixin.py:137} INFO - [2024-11-22T07:47:52.283+0000] {taskmixin.py:205} WARNING - Dependency <Task(BashOperator): delete_entry_group>, create_entry_group already registered for DAG: example_complex
[2024-11-22T07:47:52.284+0000] {logging_mixin.py:137} INFO - [2024-11-22T07:47:52.283+0000] {taskmixin.py:205} WARNING - Dependency <Task(BashOperator): create_entry_gcs>, delete_entry already registered for DAG: example_complex
[2024-11-22T07:47:52.284+0000] {logging_mixin.py:137} INFO - [2024-11-22T07:47:52.284+0000] {taskmixin.py:205} WARNING - Dependency <Task(BashOperator): delete_entry>, create_entry_gcs already registered for DAG: example_complex
[2024-11-22T07:47:52.284+0000] {logging_mixin.py:137} INFO - [2024-11-22T07:47:52.284+0000] {taskmixin.py:205} WARNING - Dependency <Task(BashOperator): create_tag>, delete_tag already registered for DAG: example_complex
[2024-11-22T07:47:52.284+0000] {logging_mixin.py:137} INFO - [2024-11-22T07:47:52.284+0000] {taskmixin.py:205} WARNING - Dependency <Task(BashOperator): delete_tag>, create_tag already registered for DAG: example_complex
[2024-11-22T07:47:52.288+0000] {processor.py:753} INFO - DAG(s) dict_keys(['example_complex']) retrieved from /home/airflow/.local/lib/python3.7/site-packages/airflow/example_dags/example_complex.py
[2024-11-22T07:47:52.309+0000] {logging_mixin.py:137} INFO - [2024-11-22T07:47:52.308+0000] {dag.py:2690} INFO - Sync 1 DAGs
[2024-11-22T07:47:52.321+0000] {logging_mixin.py:137} INFO - [2024-11-22T07:47:52.321+0000] {dag.py:3441} INFO - Setting next_dagrun for example_complex to None, run_after=None
[2024-11-22T07:47:52.331+0000] {processor.py:175} INFO - Processing /home/airflow/.local/lib/python3.7/site-packages/airflow/example_dags/example_complex.py took 0.060 seconds
[2024-11-22T07:48:22.503+0000] {processor.py:153} INFO - Started process (PID=1207) to work on /home/airflow/.local/lib/python3.7/site-packages/airflow/example_dags/example_complex.py
[2024-11-22T07:48:22.504+0000] {processor.py:743} INFO - Processing file /home/airflow/.local/lib/python3.7/site-packages/airflow/example_dags/example_complex.py for tasks to queue
[2024-11-22T07:48:22.505+0000] {logging_mixin.py:137} INFO - [2024-11-22T07:48:22.505+0000] {dagbag.py:538} INFO - Filling up the DagBag from /home/airflow/.local/lib/python3.7/site-packages/airflow/example_dags/example_complex.py
[2024-11-22T07:48:22.511+0000] {logging_mixin.py:137} INFO - [2024-11-22T07:48:22.511+0000] {taskmixin.py:205} WARNING - Dependency <Task(BashOperator): create_entry_group>, delete_entry_group already registered for DAG: example_complex
[2024-11-22T07:48:22.511+0000] {logging_mixin.py:137} INFO - [2024-11-22T07:48:22.511+0000] {taskmixin.py:205} WARNING - Dependency <Task(BashOperator): delete_entry_group>, create_entry_group already registered for DAG: example_complex
[2024-11-22T07:48:22.512+0000] {logging_mixin.py:137} INFO - [2024-11-22T07:48:22.512+0000] {taskmixin.py:205} WARNING - Dependency <Task(BashOperator): create_entry_gcs>, delete_entry already registered for DAG: example_complex
[2024-11-22T07:48:22.512+0000] {logging_mixin.py:137} INFO - [2024-11-22T07:48:22.512+0000] {taskmixin.py:205} WARNING - Dependency <Task(BashOperator): delete_entry>, create_entry_gcs already registered for DAG: example_complex
[2024-11-22T07:48:22.512+0000] {logging_mixin.py:137} INFO - [2024-11-22T07:48:22.512+0000] {taskmixin.py:205} WARNING - Dependency <Task(BashOperator): create_tag>, delete_tag already registered for DAG: example_complex
[2024-11-22T07:48:22.512+0000] {logging_mixin.py:137} INFO - [2024-11-22T07:48:22.512+0000] {taskmixin.py:205} WARNING - Dependency <Task(BashOperator): delete_tag>, create_tag already registered for DAG: example_complex
[2024-11-22T07:48:22.515+0000] {processor.py:753} INFO - DAG(s) dict_keys(['example_complex']) retrieved from /home/airflow/.local/lib/python3.7/site-packages/airflow/example_dags/example_complex.py
[2024-11-22T07:48:22.539+0000] {logging_mixin.py:137} INFO - [2024-11-22T07:48:22.539+0000] {dag.py:2690} INFO - Sync 1 DAGs
[2024-11-22T07:48:22.555+0000] {logging_mixin.py:137} INFO - [2024-11-22T07:48:22.555+0000] {dag.py:3441} INFO - Setting next_dagrun for example_complex to None, run_after=None
[2024-11-22T07:48:22.563+0000] {processor.py:175} INFO - Processing /home/airflow/.local/lib/python3.7/site-packages/airflow/example_dags/example_complex.py took 0.062 seconds
[2024-11-22T07:48:53.544+0000] {processor.py:153} INFO - Started process (PID=1295) to work on /home/airflow/.local/lib/python3.7/site-packages/airflow/example_dags/example_complex.py
[2024-11-22T07:48:53.547+0000] {processor.py:743} INFO - Processing file /home/airflow/.local/lib/python3.7/site-packages/airflow/example_dags/example_complex.py for tasks to queue
[2024-11-22T07:48:53.548+0000] {logging_mixin.py:137} INFO - [2024-11-22T07:48:53.548+0000] {dagbag.py:538} INFO - Filling up the DagBag from /home/airflow/.local/lib/python3.7/site-packages/airflow/example_dags/example_complex.py
[2024-11-22T07:48:53.556+0000] {logging_mixin.py:137} INFO - [2024-11-22T07:48:53.555+0000] {taskmixin.py:205} WARNING - Dependency <Task(BashOperator): create_entry_group>, delete_entry_group already registered for DAG: example_complex
[2024-11-22T07:48:53.556+0000] {logging_mixin.py:137} INFO - [2024-11-22T07:48:53.556+0000] {taskmixin.py:205} WARNING - Dependency <Task(BashOperator): delete_entry_group>, create_entry_group already registered for DAG: example_complex
[2024-11-22T07:48:53.556+0000] {logging_mixin.py:137} INFO - [2024-11-22T07:48:53.556+0000] {taskmixin.py:205} WARNING - Dependency <Task(BashOperator): create_entry_gcs>, delete_entry already registered for DAG: example_complex
[2024-11-22T07:48:53.558+0000] {logging_mixin.py:137} INFO - [2024-11-22T07:48:53.558+0000] {taskmixin.py:205} WARNING - Dependency <Task(BashOperator): delete_entry>, create_entry_gcs already registered for DAG: example_complex
[2024-11-22T07:48:53.558+0000] {logging_mixin.py:137} INFO - [2024-11-22T07:48:53.558+0000] {taskmixin.py:205} WARNING - Dependency <Task(BashOperator): create_tag>, delete_tag already registered for DAG: example_complex
[2024-11-22T07:48:53.559+0000] {logging_mixin.py:137} INFO - [2024-11-22T07:48:53.559+0000] {taskmixin.py:205} WARNING - Dependency <Task(BashOperator): delete_tag>, create_tag already registered for DAG: example_complex
[2024-11-22T07:48:53.565+0000] {processor.py:753} INFO - DAG(s) dict_keys(['example_complex']) retrieved from /home/airflow/.local/lib/python3.7/site-packages/airflow/example_dags/example_complex.py
[2024-11-22T07:48:53.591+0000] {logging_mixin.py:137} INFO - [2024-11-22T07:48:53.591+0000] {dag.py:2690} INFO - Sync 1 DAGs
[2024-11-22T07:48:53.610+0000] {logging_mixin.py:137} INFO - [2024-11-22T07:48:53.610+0000] {dag.py:3441} INFO - Setting next_dagrun for example_complex to None, run_after=None
[2024-11-22T07:48:53.631+0000] {processor.py:175} INFO - Processing /home/airflow/.local/lib/python3.7/site-packages/airflow/example_dags/example_complex.py took 0.091 seconds
