[2024-11-22T07:41:15.825+0000] {processor.py:153} INFO - Started process (PID=85) to work on /home/airflow/.local/lib/python3.7/site-packages/airflow/example_dags/tutorial.py
[2024-11-22T07:41:15.828+0000] {processor.py:743} INFO - Processing file /home/airflow/.local/lib/python3.7/site-packages/airflow/example_dags/tutorial.py for tasks to queue
[2024-11-22T07:41:15.829+0000] {logging_mixin.py:137} INFO - [2024-11-22T07:41:15.829+0000] {dagbag.py:538} INFO - Filling up the DagBag from /home/airflow/.local/lib/python3.7/site-packages/airflow/example_dags/tutorial.py
[2024-11-22T07:41:15.848+0000] {processor.py:753} INFO - DAG(s) dict_keys(['tutorial']) retrieved from /home/airflow/.local/lib/python3.7/site-packages/airflow/example_dags/tutorial.py
[2024-11-22T07:41:15.950+0000] {logging_mixin.py:137} INFO - [2024-11-22T07:41:15.950+0000] {manager.py:504} INFO - Created Permission View: can read on DAG:tutorial
[2024-11-22T07:41:15.955+0000] {logging_mixin.py:137} INFO - [2024-11-22T07:41:15.955+0000] {manager.py:504} INFO - Created Permission View: can edit on DAG:tutorial
[2024-11-22T07:41:15.960+0000] {logging_mixin.py:137} INFO - [2024-11-22T07:41:15.960+0000] {manager.py:504} INFO - Created Permission View: can delete on DAG:tutorial
[2024-11-22T07:41:15.960+0000] {logging_mixin.py:137} INFO - [2024-11-22T07:41:15.960+0000] {dag.py:2690} INFO - Sync 1 DAGs
[2024-11-22T07:41:15.969+0000] {logging_mixin.py:137} INFO - [2024-11-22T07:41:15.968+0000] {dag.py:2711} INFO - Creating ORM DAG for tutorial
[2024-11-22T07:41:15.977+0000] {logging_mixin.py:137} INFO - [2024-11-22T07:41:15.976+0000] {dag.py:3441} INFO - Setting next_dagrun for tutorial to 2024-11-21T07:41:15.976755+00:00, run_after=2024-11-22T07:41:15.976755+00:00
[2024-11-22T07:41:15.993+0000] {processor.py:175} INFO - Processing /home/airflow/.local/lib/python3.7/site-packages/airflow/example_dags/tutorial.py took 0.171 seconds
[2024-11-22T07:41:46.338+0000] {processor.py:153} INFO - Started process (PID=156) to work on /home/airflow/.local/lib/python3.7/site-packages/airflow/example_dags/tutorial.py
[2024-11-22T07:41:46.339+0000] {processor.py:743} INFO - Processing file /home/airflow/.local/lib/python3.7/site-packages/airflow/example_dags/tutorial.py for tasks to queue
[2024-11-22T07:41:46.340+0000] {logging_mixin.py:137} INFO - [2024-11-22T07:41:46.340+0000] {dagbag.py:538} INFO - Filling up the DagBag from /home/airflow/.local/lib/python3.7/site-packages/airflow/example_dags/tutorial.py
[2024-11-22T07:41:46.350+0000] {processor.py:753} INFO - DAG(s) dict_keys(['tutorial']) retrieved from /home/airflow/.local/lib/python3.7/site-packages/airflow/example_dags/tutorial.py
[2024-11-22T07:41:46.378+0000] {logging_mixin.py:137} INFO - [2024-11-22T07:41:46.378+0000] {dag.py:2690} INFO - Sync 1 DAGs
[2024-11-22T07:41:46.420+0000] {logging_mixin.py:137} INFO - [2024-11-22T07:41:46.419+0000] {dag.py:3441} INFO - Setting next_dagrun for tutorial to 2024-11-21T07:41:46.419589+00:00, run_after=2024-11-22T07:41:46.419589+00:00
[2024-11-22T07:41:46.463+0000] {processor.py:175} INFO - Processing /home/airflow/.local/lib/python3.7/site-packages/airflow/example_dags/tutorial.py took 0.127 seconds
[2024-11-22T07:42:17.373+0000] {processor.py:153} INFO - Started process (PID=243) to work on /home/airflow/.local/lib/python3.7/site-packages/airflow/example_dags/tutorial.py
[2024-11-22T07:42:17.373+0000] {processor.py:743} INFO - Processing file /home/airflow/.local/lib/python3.7/site-packages/airflow/example_dags/tutorial.py for tasks to queue
[2024-11-22T07:42:17.374+0000] {logging_mixin.py:137} INFO - [2024-11-22T07:42:17.374+0000] {dagbag.py:538} INFO - Filling up the DagBag from /home/airflow/.local/lib/python3.7/site-packages/airflow/example_dags/tutorial.py
[2024-11-22T07:42:17.381+0000] {processor.py:753} INFO - DAG(s) dict_keys(['tutorial']) retrieved from /home/airflow/.local/lib/python3.7/site-packages/airflow/example_dags/tutorial.py
[2024-11-22T07:42:17.395+0000] {logging_mixin.py:137} INFO - [2024-11-22T07:42:17.395+0000] {dag.py:2690} INFO - Sync 1 DAGs
[2024-11-22T07:42:17.405+0000] {logging_mixin.py:137} INFO - [2024-11-22T07:42:17.405+0000] {dag.py:3441} INFO - Setting next_dagrun for tutorial to 2024-11-21T07:42:17.405561+00:00, run_after=2024-11-22T07:42:17.405561+00:00
[2024-11-22T07:42:17.412+0000] {processor.py:175} INFO - Processing /home/airflow/.local/lib/python3.7/site-packages/airflow/example_dags/tutorial.py took 0.042 seconds
[2024-11-22T07:42:48.273+0000] {processor.py:153} INFO - Started process (PID=330) to work on /home/airflow/.local/lib/python3.7/site-packages/airflow/example_dags/tutorial.py
[2024-11-22T07:42:48.274+0000] {processor.py:743} INFO - Processing file /home/airflow/.local/lib/python3.7/site-packages/airflow/example_dags/tutorial.py for tasks to queue
[2024-11-22T07:42:48.274+0000] {logging_mixin.py:137} INFO - [2024-11-22T07:42:48.274+0000] {dagbag.py:538} INFO - Filling up the DagBag from /home/airflow/.local/lib/python3.7/site-packages/airflow/example_dags/tutorial.py
[2024-11-22T07:42:48.286+0000] {processor.py:753} INFO - DAG(s) dict_keys(['tutorial']) retrieved from /home/airflow/.local/lib/python3.7/site-packages/airflow/example_dags/tutorial.py
[2024-11-22T07:42:48.316+0000] {logging_mixin.py:137} INFO - [2024-11-22T07:42:48.315+0000] {dag.py:2690} INFO - Sync 1 DAGs
[2024-11-22T07:42:48.337+0000] {logging_mixin.py:137} INFO - [2024-11-22T07:42:48.336+0000] {dag.py:3441} INFO - Setting next_dagrun for tutorial to 2024-11-21T07:42:48.336778+00:00, run_after=2024-11-22T07:42:48.336778+00:00
[2024-11-22T07:42:48.363+0000] {processor.py:175} INFO - Processing /home/airflow/.local/lib/python3.7/site-packages/airflow/example_dags/tutorial.py took 0.093 seconds
[2024-11-22T07:43:18.426+0000] {processor.py:153} INFO - Started process (PID=401) to work on /home/airflow/.local/lib/python3.7/site-packages/airflow/example_dags/tutorial.py
[2024-11-22T07:43:18.428+0000] {processor.py:743} INFO - Processing file /home/airflow/.local/lib/python3.7/site-packages/airflow/example_dags/tutorial.py for tasks to queue
[2024-11-22T07:43:18.428+0000] {logging_mixin.py:137} INFO - [2024-11-22T07:43:18.428+0000] {dagbag.py:538} INFO - Filling up the DagBag from /home/airflow/.local/lib/python3.7/site-packages/airflow/example_dags/tutorial.py
[2024-11-22T07:43:18.439+0000] {processor.py:753} INFO - DAG(s) dict_keys(['tutorial']) retrieved from /home/airflow/.local/lib/python3.7/site-packages/airflow/example_dags/tutorial.py
[2024-11-22T07:43:18.461+0000] {logging_mixin.py:137} INFO - [2024-11-22T07:43:18.461+0000] {dag.py:2690} INFO - Sync 1 DAGs
[2024-11-22T07:43:18.473+0000] {logging_mixin.py:137} INFO - [2024-11-22T07:43:18.473+0000] {dag.py:3441} INFO - Setting next_dagrun for tutorial to 2024-11-21T07:43:18.473484+00:00, run_after=2024-11-22T07:43:18.473484+00:00
[2024-11-22T07:43:18.489+0000] {processor.py:175} INFO - Processing /home/airflow/.local/lib/python3.7/site-packages/airflow/example_dags/tutorial.py took 0.065 seconds
[2024-11-22T07:43:48.619+0000] {processor.py:153} INFO - Started process (PID=488) to work on /home/airflow/.local/lib/python3.7/site-packages/airflow/example_dags/tutorial.py
[2024-11-22T07:43:48.619+0000] {processor.py:743} INFO - Processing file /home/airflow/.local/lib/python3.7/site-packages/airflow/example_dags/tutorial.py for tasks to queue
[2024-11-22T07:43:48.619+0000] {logging_mixin.py:137} INFO - [2024-11-22T07:43:48.619+0000] {dagbag.py:538} INFO - Filling up the DagBag from /home/airflow/.local/lib/python3.7/site-packages/airflow/example_dags/tutorial.py
[2024-11-22T07:43:48.627+0000] {processor.py:753} INFO - DAG(s) dict_keys(['tutorial']) retrieved from /home/airflow/.local/lib/python3.7/site-packages/airflow/example_dags/tutorial.py
[2024-11-22T07:43:48.640+0000] {logging_mixin.py:137} INFO - [2024-11-22T07:43:48.640+0000] {dag.py:2690} INFO - Sync 1 DAGs
[2024-11-22T07:43:48.652+0000] {logging_mixin.py:137} INFO - [2024-11-22T07:43:48.652+0000] {dag.py:3441} INFO - Setting next_dagrun for tutorial to 2024-11-21T07:43:48.652480+00:00, run_after=2024-11-22T07:43:48.652480+00:00
[2024-11-22T07:43:48.661+0000] {processor.py:175} INFO - Processing /home/airflow/.local/lib/python3.7/site-packages/airflow/example_dags/tutorial.py took 0.044 seconds
[2024-11-22T07:44:18.988+0000] {processor.py:153} INFO - Started process (PID=559) to work on /home/airflow/.local/lib/python3.7/site-packages/airflow/example_dags/tutorial.py
[2024-11-22T07:44:18.988+0000] {processor.py:743} INFO - Processing file /home/airflow/.local/lib/python3.7/site-packages/airflow/example_dags/tutorial.py for tasks to queue
[2024-11-22T07:44:18.989+0000] {logging_mixin.py:137} INFO - [2024-11-22T07:44:18.989+0000] {dagbag.py:538} INFO - Filling up the DagBag from /home/airflow/.local/lib/python3.7/site-packages/airflow/example_dags/tutorial.py
[2024-11-22T07:44:18.997+0000] {processor.py:753} INFO - DAG(s) dict_keys(['tutorial']) retrieved from /home/airflow/.local/lib/python3.7/site-packages/airflow/example_dags/tutorial.py
[2024-11-22T07:44:19.013+0000] {logging_mixin.py:137} INFO - [2024-11-22T07:44:19.013+0000] {dag.py:2690} INFO - Sync 1 DAGs
[2024-11-22T07:44:19.029+0000] {logging_mixin.py:137} INFO - [2024-11-22T07:44:19.028+0000] {dag.py:3441} INFO - Setting next_dagrun for tutorial to 2024-11-21T07:44:19.028764+00:00, run_after=2024-11-22T07:44:19.028764+00:00
[2024-11-22T07:44:19.038+0000] {processor.py:175} INFO - Processing /home/airflow/.local/lib/python3.7/site-packages/airflow/example_dags/tutorial.py took 0.053 seconds
[2024-11-22T07:44:49.910+0000] {processor.py:153} INFO - Started process (PID=645) to work on /home/airflow/.local/lib/python3.7/site-packages/airflow/example_dags/tutorial.py
[2024-11-22T07:44:49.910+0000] {processor.py:743} INFO - Processing file /home/airflow/.local/lib/python3.7/site-packages/airflow/example_dags/tutorial.py for tasks to queue
[2024-11-22T07:44:49.911+0000] {logging_mixin.py:137} INFO - [2024-11-22T07:44:49.911+0000] {dagbag.py:538} INFO - Filling up the DagBag from /home/airflow/.local/lib/python3.7/site-packages/airflow/example_dags/tutorial.py
[2024-11-22T07:44:49.918+0000] {processor.py:753} INFO - DAG(s) dict_keys(['tutorial']) retrieved from /home/airflow/.local/lib/python3.7/site-packages/airflow/example_dags/tutorial.py
[2024-11-22T07:44:49.931+0000] {logging_mixin.py:137} INFO - [2024-11-22T07:44:49.931+0000] {dag.py:2690} INFO - Sync 1 DAGs
[2024-11-22T07:44:49.943+0000] {logging_mixin.py:137} INFO - [2024-11-22T07:44:49.943+0000] {dag.py:3441} INFO - Setting next_dagrun for tutorial to 2024-11-21T07:44:49.943615+00:00, run_after=2024-11-22T07:44:49.943615+00:00
[2024-11-22T07:44:49.952+0000] {processor.py:175} INFO - Processing /home/airflow/.local/lib/python3.7/site-packages/airflow/example_dags/tutorial.py took 0.044 seconds
[2024-11-22T07:45:20.031+0000] {processor.py:153} INFO - Started process (PID=732) to work on /home/airflow/.local/lib/python3.7/site-packages/airflow/example_dags/tutorial.py
[2024-11-22T07:45:20.034+0000] {processor.py:743} INFO - Processing file /home/airflow/.local/lib/python3.7/site-packages/airflow/example_dags/tutorial.py for tasks to queue
[2024-11-22T07:45:20.035+0000] {logging_mixin.py:137} INFO - [2024-11-22T07:45:20.034+0000] {dagbag.py:538} INFO - Filling up the DagBag from /home/airflow/.local/lib/python3.7/site-packages/airflow/example_dags/tutorial.py
[2024-11-22T07:45:20.043+0000] {processor.py:753} INFO - DAG(s) dict_keys(['tutorial']) retrieved from /home/airflow/.local/lib/python3.7/site-packages/airflow/example_dags/tutorial.py
[2024-11-22T07:45:20.064+0000] {logging_mixin.py:137} INFO - [2024-11-22T07:45:20.064+0000] {dag.py:2690} INFO - Sync 1 DAGs
[2024-11-22T07:45:20.074+0000] {logging_mixin.py:137} INFO - [2024-11-22T07:45:20.074+0000] {dag.py:3441} INFO - Setting next_dagrun for tutorial to 2024-11-21T07:45:20.074048+00:00, run_after=2024-11-22T07:45:20.074048+00:00
[2024-11-22T07:45:20.081+0000] {processor.py:175} INFO - Processing /home/airflow/.local/lib/python3.7/site-packages/airflow/example_dags/tutorial.py took 0.052 seconds
[2024-11-22T07:45:50.996+0000] {processor.py:153} INFO - Started process (PID=812) to work on /home/airflow/.local/lib/python3.7/site-packages/airflow/example_dags/tutorial.py
[2024-11-22T07:45:50.997+0000] {processor.py:743} INFO - Processing file /home/airflow/.local/lib/python3.7/site-packages/airflow/example_dags/tutorial.py for tasks to queue
[2024-11-22T07:45:50.997+0000] {logging_mixin.py:137} INFO - [2024-11-22T07:45:50.997+0000] {dagbag.py:538} INFO - Filling up the DagBag from /home/airflow/.local/lib/python3.7/site-packages/airflow/example_dags/tutorial.py
[2024-11-22T07:45:51.006+0000] {processor.py:753} INFO - DAG(s) dict_keys(['tutorial']) retrieved from /home/airflow/.local/lib/python3.7/site-packages/airflow/example_dags/tutorial.py
[2024-11-22T07:45:51.027+0000] {logging_mixin.py:137} INFO - [2024-11-22T07:45:51.027+0000] {dag.py:2690} INFO - Sync 1 DAGs
[2024-11-22T07:45:51.061+0000] {logging_mixin.py:137} INFO - [2024-11-22T07:45:51.061+0000] {dag.py:3441} INFO - Setting next_dagrun for tutorial to 2024-11-21T07:45:51.061518+00:00, run_after=2024-11-22T07:45:51.061518+00:00
[2024-11-22T07:45:51.107+0000] {processor.py:175} INFO - Processing /home/airflow/.local/lib/python3.7/site-packages/airflow/example_dags/tutorial.py took 0.113 seconds
[2024-11-22T07:46:21.744+0000] {processor.py:153} INFO - Started process (PID=890) to work on /home/airflow/.local/lib/python3.7/site-packages/airflow/example_dags/tutorial.py
[2024-11-22T07:46:21.746+0000] {processor.py:743} INFO - Processing file /home/airflow/.local/lib/python3.7/site-packages/airflow/example_dags/tutorial.py for tasks to queue
[2024-11-22T07:46:21.747+0000] {logging_mixin.py:137} INFO - [2024-11-22T07:46:21.747+0000] {dagbag.py:538} INFO - Filling up the DagBag from /home/airflow/.local/lib/python3.7/site-packages/airflow/example_dags/tutorial.py
[2024-11-22T07:46:21.801+0000] {processor.py:753} INFO - DAG(s) dict_keys(['tutorial']) retrieved from /home/airflow/.local/lib/python3.7/site-packages/airflow/example_dags/tutorial.py
[2024-11-22T07:46:21.847+0000] {logging_mixin.py:137} INFO - [2024-11-22T07:46:21.847+0000] {dag.py:2690} INFO - Sync 1 DAGs
[2024-11-22T07:46:21.894+0000] {logging_mixin.py:137} INFO - [2024-11-22T07:46:21.893+0000] {dag.py:3441} INFO - Setting next_dagrun for tutorial to 2024-11-21T07:46:21.875064+00:00, run_after=2024-11-22T07:46:21.875064+00:00
[2024-11-22T07:46:21.921+0000] {processor.py:175} INFO - Processing /home/airflow/.local/lib/python3.7/site-packages/airflow/example_dags/tutorial.py took 0.188 seconds
[2024-11-22T07:46:52.141+0000] {processor.py:153} INFO - Started process (PID=977) to work on /home/airflow/.local/lib/python3.7/site-packages/airflow/example_dags/tutorial.py
[2024-11-22T07:46:52.142+0000] {processor.py:743} INFO - Processing file /home/airflow/.local/lib/python3.7/site-packages/airflow/example_dags/tutorial.py for tasks to queue
[2024-11-22T07:46:52.143+0000] {logging_mixin.py:137} INFO - [2024-11-22T07:46:52.142+0000] {dagbag.py:538} INFO - Filling up the DagBag from /home/airflow/.local/lib/python3.7/site-packages/airflow/example_dags/tutorial.py
[2024-11-22T07:46:52.151+0000] {processor.py:753} INFO - DAG(s) dict_keys(['tutorial']) retrieved from /home/airflow/.local/lib/python3.7/site-packages/airflow/example_dags/tutorial.py
[2024-11-22T07:46:52.169+0000] {logging_mixin.py:137} INFO - [2024-11-22T07:46:52.169+0000] {dag.py:2690} INFO - Sync 1 DAGs
[2024-11-22T07:46:52.181+0000] {logging_mixin.py:137} INFO - [2024-11-22T07:46:52.181+0000] {dag.py:3441} INFO - Setting next_dagrun for tutorial to 2024-11-21T07:46:52.181402+00:00, run_after=2024-11-22T07:46:52.181402+00:00
[2024-11-22T07:46:52.198+0000] {processor.py:175} INFO - Processing /home/airflow/.local/lib/python3.7/site-packages/airflow/example_dags/tutorial.py took 0.058 seconds
[2024-11-22T07:47:22.619+0000] {processor.py:153} INFO - Started process (PID=1049) to work on /home/airflow/.local/lib/python3.7/site-packages/airflow/example_dags/tutorial.py
[2024-11-22T07:47:22.619+0000] {processor.py:743} INFO - Processing file /home/airflow/.local/lib/python3.7/site-packages/airflow/example_dags/tutorial.py for tasks to queue
[2024-11-22T07:47:22.620+0000] {logging_mixin.py:137} INFO - [2024-11-22T07:47:22.619+0000] {dagbag.py:538} INFO - Filling up the DagBag from /home/airflow/.local/lib/python3.7/site-packages/airflow/example_dags/tutorial.py
[2024-11-22T07:47:22.628+0000] {processor.py:753} INFO - DAG(s) dict_keys(['tutorial']) retrieved from /home/airflow/.local/lib/python3.7/site-packages/airflow/example_dags/tutorial.py
[2024-11-22T07:47:22.642+0000] {logging_mixin.py:137} INFO - [2024-11-22T07:47:22.642+0000] {dag.py:2690} INFO - Sync 1 DAGs
[2024-11-22T07:47:22.659+0000] {logging_mixin.py:137} INFO - [2024-11-22T07:47:22.658+0000] {dag.py:3441} INFO - Setting next_dagrun for tutorial to 2024-11-21T07:47:22.658807+00:00, run_after=2024-11-22T07:47:22.658807+00:00
[2024-11-22T07:47:22.669+0000] {processor.py:175} INFO - Processing /home/airflow/.local/lib/python3.7/site-packages/airflow/example_dags/tutorial.py took 0.052 seconds
[2024-11-22T07:47:53.440+0000] {processor.py:153} INFO - Started process (PID=1135) to work on /home/airflow/.local/lib/python3.7/site-packages/airflow/example_dags/tutorial.py
[2024-11-22T07:47:53.441+0000] {processor.py:743} INFO - Processing file /home/airflow/.local/lib/python3.7/site-packages/airflow/example_dags/tutorial.py for tasks to queue
[2024-11-22T07:47:53.441+0000] {logging_mixin.py:137} INFO - [2024-11-22T07:47:53.441+0000] {dagbag.py:538} INFO - Filling up the DagBag from /home/airflow/.local/lib/python3.7/site-packages/airflow/example_dags/tutorial.py
[2024-11-22T07:47:53.450+0000] {processor.py:753} INFO - DAG(s) dict_keys(['tutorial']) retrieved from /home/airflow/.local/lib/python3.7/site-packages/airflow/example_dags/tutorial.py
[2024-11-22T07:47:53.465+0000] {logging_mixin.py:137} INFO - [2024-11-22T07:47:53.465+0000] {dag.py:2690} INFO - Sync 1 DAGs
[2024-11-22T07:47:53.479+0000] {logging_mixin.py:137} INFO - [2024-11-22T07:47:53.479+0000] {dag.py:3441} INFO - Setting next_dagrun for tutorial to 2024-11-21T07:47:53.479556+00:00, run_after=2024-11-22T07:47:53.479556+00:00
[2024-11-22T07:47:53.490+0000] {processor.py:175} INFO - Processing /home/airflow/.local/lib/python3.7/site-packages/airflow/example_dags/tutorial.py took 0.051 seconds
[2024-11-22T07:48:23.763+0000] {processor.py:153} INFO - Started process (PID=1211) to work on /home/airflow/.local/lib/python3.7/site-packages/airflow/example_dags/tutorial.py
[2024-11-22T07:48:23.764+0000] {processor.py:743} INFO - Processing file /home/airflow/.local/lib/python3.7/site-packages/airflow/example_dags/tutorial.py for tasks to queue
[2024-11-22T07:48:23.764+0000] {logging_mixin.py:137} INFO - [2024-11-22T07:48:23.764+0000] {dagbag.py:538} INFO - Filling up the DagBag from /home/airflow/.local/lib/python3.7/site-packages/airflow/example_dags/tutorial.py
[2024-11-22T07:48:23.773+0000] {processor.py:753} INFO - DAG(s) dict_keys(['tutorial']) retrieved from /home/airflow/.local/lib/python3.7/site-packages/airflow/example_dags/tutorial.py
[2024-11-22T07:48:23.791+0000] {logging_mixin.py:137} INFO - [2024-11-22T07:48:23.791+0000] {dag.py:2690} INFO - Sync 1 DAGs
[2024-11-22T07:48:23.804+0000] {logging_mixin.py:137} INFO - [2024-11-22T07:48:23.803+0000] {dag.py:3441} INFO - Setting next_dagrun for tutorial to 2024-11-21T07:48:23.803779+00:00, run_after=2024-11-22T07:48:23.803779+00:00
[2024-11-22T07:48:23.812+0000] {processor.py:175} INFO - Processing /home/airflow/.local/lib/python3.7/site-packages/airflow/example_dags/tutorial.py took 0.051 seconds
[2024-11-22T07:48:54.753+0000] {processor.py:153} INFO - Started process (PID=1299) to work on /home/airflow/.local/lib/python3.7/site-packages/airflow/example_dags/tutorial.py
[2024-11-22T07:48:54.754+0000] {processor.py:743} INFO - Processing file /home/airflow/.local/lib/python3.7/site-packages/airflow/example_dags/tutorial.py for tasks to queue
[2024-11-22T07:48:54.754+0000] {logging_mixin.py:137} INFO - [2024-11-22T07:48:54.754+0000] {dagbag.py:538} INFO - Filling up the DagBag from /home/airflow/.local/lib/python3.7/site-packages/airflow/example_dags/tutorial.py
[2024-11-22T07:48:54.761+0000] {processor.py:753} INFO - DAG(s) dict_keys(['tutorial']) retrieved from /home/airflow/.local/lib/python3.7/site-packages/airflow/example_dags/tutorial.py
[2024-11-22T07:48:54.773+0000] {logging_mixin.py:137} INFO - [2024-11-22T07:48:54.773+0000] {dag.py:2690} INFO - Sync 1 DAGs
[2024-11-22T07:48:54.783+0000] {logging_mixin.py:137} INFO - [2024-11-22T07:48:54.783+0000] {dag.py:3441} INFO - Setting next_dagrun for tutorial to 2024-11-21T07:48:54.783058+00:00, run_after=2024-11-22T07:48:54.783058+00:00
[2024-11-22T07:48:54.790+0000] {processor.py:175} INFO - Processing /home/airflow/.local/lib/python3.7/site-packages/airflow/example_dags/tutorial.py took 0.038 seconds
