[2024-11-22T09:03:22.706+0000] {processor.py:153} INFO - Started process (PID=406) to work on /home/airflow/.local/lib/python3.7/site-packages/airflow/example_dags/tutorial_dag.py
[2024-11-22T09:03:22.707+0000] {processor.py:743} INFO - Processing file /home/airflow/.local/lib/python3.7/site-packages/airflow/example_dags/tutorial_dag.py for tasks to queue
[2024-11-22T09:03:22.707+0000] {logging_mixin.py:137} INFO - [2024-11-22T09:03:22.707+0000] {dagbag.py:538} INFO - Filling up the DagBag from /home/airflow/.local/lib/python3.7/site-packages/airflow/example_dags/tutorial_dag.py
[2024-11-22T09:03:22.713+0000] {processor.py:753} INFO - DAG(s) dict_keys(['tutorial_dag']) retrieved from /home/airflow/.local/lib/python3.7/site-packages/airflow/example_dags/tutorial_dag.py
[2024-11-22T09:03:22.725+0000] {logging_mixin.py:137} INFO - [2024-11-22T09:03:22.725+0000] {dag.py:2690} INFO - Sync 1 DAGs
[2024-11-22T09:03:22.738+0000] {logging_mixin.py:137} INFO - [2024-11-22T09:03:22.738+0000] {dag.py:3441} INFO - Setting next_dagrun for tutorial_dag to None, run_after=None
[2024-11-22T09:03:22.745+0000] {processor.py:175} INFO - Processing /home/airflow/.local/lib/python3.7/site-packages/airflow/example_dags/tutorial_dag.py took 0.041 seconds
[2024-11-22T09:03:53.175+0000] {processor.py:153} INFO - Started process (PID=496) to work on /home/airflow/.local/lib/python3.7/site-packages/airflow/example_dags/tutorial_dag.py
[2024-11-22T09:03:53.176+0000] {processor.py:743} INFO - Processing file /home/airflow/.local/lib/python3.7/site-packages/airflow/example_dags/tutorial_dag.py for tasks to queue
[2024-11-22T09:03:53.177+0000] {logging_mixin.py:137} INFO - [2024-11-22T09:03:53.177+0000] {dagbag.py:538} INFO - Filling up the DagBag from /home/airflow/.local/lib/python3.7/site-packages/airflow/example_dags/tutorial_dag.py
[2024-11-22T09:03:53.183+0000] {processor.py:753} INFO - DAG(s) dict_keys(['tutorial_dag']) retrieved from /home/airflow/.local/lib/python3.7/site-packages/airflow/example_dags/tutorial_dag.py
[2024-11-22T09:03:53.197+0000] {logging_mixin.py:137} INFO - [2024-11-22T09:03:53.197+0000] {dag.py:2690} INFO - Sync 1 DAGs
[2024-11-22T09:03:53.207+0000] {logging_mixin.py:137} INFO - [2024-11-22T09:03:53.207+0000] {dag.py:3441} INFO - Setting next_dagrun for tutorial_dag to None, run_after=None
[2024-11-22T09:03:53.214+0000] {processor.py:175} INFO - Processing /home/airflow/.local/lib/python3.7/site-packages/airflow/example_dags/tutorial_dag.py took 0.041 seconds
[2024-11-22T09:04:23.741+0000] {processor.py:153} INFO - Started process (PID=570) to work on /home/airflow/.local/lib/python3.7/site-packages/airflow/example_dags/tutorial_dag.py
[2024-11-22T09:04:23.743+0000] {processor.py:743} INFO - Processing file /home/airflow/.local/lib/python3.7/site-packages/airflow/example_dags/tutorial_dag.py for tasks to queue
[2024-11-22T09:04:23.744+0000] {logging_mixin.py:137} INFO - [2024-11-22T09:04:23.744+0000] {dagbag.py:538} INFO - Filling up the DagBag from /home/airflow/.local/lib/python3.7/site-packages/airflow/example_dags/tutorial_dag.py
[2024-11-22T09:04:23.750+0000] {processor.py:753} INFO - DAG(s) dict_keys(['tutorial_dag']) retrieved from /home/airflow/.local/lib/python3.7/site-packages/airflow/example_dags/tutorial_dag.py
[2024-11-22T09:04:23.761+0000] {logging_mixin.py:137} INFO - [2024-11-22T09:04:23.761+0000] {dag.py:2690} INFO - Sync 1 DAGs
[2024-11-22T09:04:23.773+0000] {logging_mixin.py:137} INFO - [2024-11-22T09:04:23.772+0000] {dag.py:3441} INFO - Setting next_dagrun for tutorial_dag to None, run_after=None
[2024-11-22T09:04:23.782+0000] {processor.py:175} INFO - Processing /home/airflow/.local/lib/python3.7/site-packages/airflow/example_dags/tutorial_dag.py took 0.042 seconds
[2024-11-22T09:04:54.499+0000] {processor.py:153} INFO - Started process (PID=659) to work on /home/airflow/.local/lib/python3.7/site-packages/airflow/example_dags/tutorial_dag.py
[2024-11-22T09:04:54.500+0000] {processor.py:743} INFO - Processing file /home/airflow/.local/lib/python3.7/site-packages/airflow/example_dags/tutorial_dag.py for tasks to queue
[2024-11-22T09:04:54.503+0000] {logging_mixin.py:137} INFO - [2024-11-22T09:04:54.503+0000] {dagbag.py:538} INFO - Filling up the DagBag from /home/airflow/.local/lib/python3.7/site-packages/airflow/example_dags/tutorial_dag.py
[2024-11-22T09:04:54.512+0000] {processor.py:753} INFO - DAG(s) dict_keys(['tutorial_dag']) retrieved from /home/airflow/.local/lib/python3.7/site-packages/airflow/example_dags/tutorial_dag.py
[2024-11-22T09:04:54.528+0000] {logging_mixin.py:137} INFO - [2024-11-22T09:04:54.528+0000] {dag.py:2690} INFO - Sync 1 DAGs
[2024-11-22T09:04:54.541+0000] {logging_mixin.py:137} INFO - [2024-11-22T09:04:54.541+0000] {dag.py:3441} INFO - Setting next_dagrun for tutorial_dag to None, run_after=None
[2024-11-22T09:04:54.552+0000] {processor.py:175} INFO - Processing /home/airflow/.local/lib/python3.7/site-packages/airflow/example_dags/tutorial_dag.py took 0.056 seconds
[2024-11-22T09:05:25.307+0000] {processor.py:153} INFO - Started process (PID=749) to work on /home/airflow/.local/lib/python3.7/site-packages/airflow/example_dags/tutorial_dag.py
[2024-11-22T09:05:25.308+0000] {processor.py:743} INFO - Processing file /home/airflow/.local/lib/python3.7/site-packages/airflow/example_dags/tutorial_dag.py for tasks to queue
[2024-11-22T09:05:25.310+0000] {logging_mixin.py:137} INFO - [2024-11-22T09:05:25.310+0000] {dagbag.py:538} INFO - Filling up the DagBag from /home/airflow/.local/lib/python3.7/site-packages/airflow/example_dags/tutorial_dag.py
[2024-11-22T09:05:25.316+0000] {processor.py:753} INFO - DAG(s) dict_keys(['tutorial_dag']) retrieved from /home/airflow/.local/lib/python3.7/site-packages/airflow/example_dags/tutorial_dag.py
[2024-11-22T09:05:25.329+0000] {logging_mixin.py:137} INFO - [2024-11-22T09:05:25.329+0000] {dag.py:2690} INFO - Sync 1 DAGs
[2024-11-22T09:05:25.341+0000] {logging_mixin.py:137} INFO - [2024-11-22T09:05:25.341+0000] {dag.py:3441} INFO - Setting next_dagrun for tutorial_dag to None, run_after=None
[2024-11-22T09:05:25.351+0000] {processor.py:175} INFO - Processing /home/airflow/.local/lib/python3.7/site-packages/airflow/example_dags/tutorial_dag.py took 0.046 seconds
[2024-11-22T09:05:56.636+0000] {processor.py:153} INFO - Started process (PID=839) to work on /home/airflow/.local/lib/python3.7/site-packages/airflow/example_dags/tutorial_dag.py
[2024-11-22T09:05:56.641+0000] {processor.py:743} INFO - Processing file /home/airflow/.local/lib/python3.7/site-packages/airflow/example_dags/tutorial_dag.py for tasks to queue
[2024-11-22T09:05:56.641+0000] {logging_mixin.py:137} INFO - [2024-11-22T09:05:56.641+0000] {dagbag.py:538} INFO - Filling up the DagBag from /home/airflow/.local/lib/python3.7/site-packages/airflow/example_dags/tutorial_dag.py
[2024-11-22T09:05:56.648+0000] {processor.py:753} INFO - DAG(s) dict_keys(['tutorial_dag']) retrieved from /home/airflow/.local/lib/python3.7/site-packages/airflow/example_dags/tutorial_dag.py
[2024-11-22T09:05:56.662+0000] {logging_mixin.py:137} INFO - [2024-11-22T09:05:56.662+0000] {dag.py:2690} INFO - Sync 1 DAGs
[2024-11-22T09:05:56.677+0000] {logging_mixin.py:137} INFO - [2024-11-22T09:05:56.677+0000] {dag.py:3441} INFO - Setting next_dagrun for tutorial_dag to None, run_after=None
[2024-11-22T09:05:56.698+0000] {processor.py:175} INFO - Processing /home/airflow/.local/lib/python3.7/site-packages/airflow/example_dags/tutorial_dag.py took 0.063 seconds
[2024-11-22T09:06:27.592+0000] {processor.py:153} INFO - Started process (PID=913) to work on /home/airflow/.local/lib/python3.7/site-packages/airflow/example_dags/tutorial_dag.py
[2024-11-22T09:06:27.595+0000] {processor.py:743} INFO - Processing file /home/airflow/.local/lib/python3.7/site-packages/airflow/example_dags/tutorial_dag.py for tasks to queue
[2024-11-22T09:06:27.595+0000] {logging_mixin.py:137} INFO - [2024-11-22T09:06:27.595+0000] {dagbag.py:538} INFO - Filling up the DagBag from /home/airflow/.local/lib/python3.7/site-packages/airflow/example_dags/tutorial_dag.py
[2024-11-22T09:06:27.603+0000] {processor.py:753} INFO - DAG(s) dict_keys(['tutorial_dag']) retrieved from /home/airflow/.local/lib/python3.7/site-packages/airflow/example_dags/tutorial_dag.py
[2024-11-22T09:06:27.614+0000] {logging_mixin.py:137} INFO - [2024-11-22T09:06:27.614+0000] {dag.py:2690} INFO - Sync 1 DAGs
[2024-11-22T09:06:27.628+0000] {logging_mixin.py:137} INFO - [2024-11-22T09:06:27.628+0000] {dag.py:3441} INFO - Setting next_dagrun for tutorial_dag to None, run_after=None
[2024-11-22T09:06:27.645+0000] {processor.py:175} INFO - Processing /home/airflow/.local/lib/python3.7/site-packages/airflow/example_dags/tutorial_dag.py took 0.055 seconds
[2024-11-22T09:06:58.340+0000] {processor.py:153} INFO - Started process (PID=1003) to work on /home/airflow/.local/lib/python3.7/site-packages/airflow/example_dags/tutorial_dag.py
[2024-11-22T09:06:58.341+0000] {processor.py:743} INFO - Processing file /home/airflow/.local/lib/python3.7/site-packages/airflow/example_dags/tutorial_dag.py for tasks to queue
[2024-11-22T09:06:58.344+0000] {logging_mixin.py:137} INFO - [2024-11-22T09:06:58.344+0000] {dagbag.py:538} INFO - Filling up the DagBag from /home/airflow/.local/lib/python3.7/site-packages/airflow/example_dags/tutorial_dag.py
[2024-11-22T09:06:58.350+0000] {processor.py:753} INFO - DAG(s) dict_keys(['tutorial_dag']) retrieved from /home/airflow/.local/lib/python3.7/site-packages/airflow/example_dags/tutorial_dag.py
[2024-11-22T09:06:58.360+0000] {logging_mixin.py:137} INFO - [2024-11-22T09:06:58.360+0000] {dag.py:2690} INFO - Sync 1 DAGs
[2024-11-22T09:06:58.373+0000] {logging_mixin.py:137} INFO - [2024-11-22T09:06:58.373+0000] {dag.py:3441} INFO - Setting next_dagrun for tutorial_dag to None, run_after=None
[2024-11-22T09:06:58.386+0000] {processor.py:175} INFO - Processing /home/airflow/.local/lib/python3.7/site-packages/airflow/example_dags/tutorial_dag.py took 0.047 seconds
[2024-11-22T09:07:29.282+0000] {processor.py:153} INFO - Started process (PID=1093) to work on /home/airflow/.local/lib/python3.7/site-packages/airflow/example_dags/tutorial_dag.py
[2024-11-22T09:07:29.282+0000] {processor.py:743} INFO - Processing file /home/airflow/.local/lib/python3.7/site-packages/airflow/example_dags/tutorial_dag.py for tasks to queue
[2024-11-22T09:07:29.282+0000] {logging_mixin.py:137} INFO - [2024-11-22T09:07:29.282+0000] {dagbag.py:538} INFO - Filling up the DagBag from /home/airflow/.local/lib/python3.7/site-packages/airflow/example_dags/tutorial_dag.py
[2024-11-22T09:07:29.289+0000] {processor.py:753} INFO - DAG(s) dict_keys(['tutorial_dag']) retrieved from /home/airflow/.local/lib/python3.7/site-packages/airflow/example_dags/tutorial_dag.py
[2024-11-22T09:07:29.303+0000] {logging_mixin.py:137} INFO - [2024-11-22T09:07:29.302+0000] {dag.py:2690} INFO - Sync 1 DAGs
[2024-11-22T09:07:29.316+0000] {logging_mixin.py:137} INFO - [2024-11-22T09:07:29.316+0000] {dag.py:3441} INFO - Setting next_dagrun for tutorial_dag to None, run_after=None
[2024-11-22T09:07:29.329+0000] {processor.py:175} INFO - Processing /home/airflow/.local/lib/python3.7/site-packages/airflow/example_dags/tutorial_dag.py took 0.049 seconds
[2024-11-22T09:08:00.080+0000] {processor.py:153} INFO - Started process (PID=1167) to work on /home/airflow/.local/lib/python3.7/site-packages/airflow/example_dags/tutorial_dag.py
[2024-11-22T09:08:00.081+0000] {processor.py:743} INFO - Processing file /home/airflow/.local/lib/python3.7/site-packages/airflow/example_dags/tutorial_dag.py for tasks to queue
[2024-11-22T09:08:00.081+0000] {logging_mixin.py:137} INFO - [2024-11-22T09:08:00.081+0000] {dagbag.py:538} INFO - Filling up the DagBag from /home/airflow/.local/lib/python3.7/site-packages/airflow/example_dags/tutorial_dag.py
[2024-11-22T09:08:00.088+0000] {processor.py:753} INFO - DAG(s) dict_keys(['tutorial_dag']) retrieved from /home/airflow/.local/lib/python3.7/site-packages/airflow/example_dags/tutorial_dag.py
[2024-11-22T09:08:00.101+0000] {logging_mixin.py:137} INFO - [2024-11-22T09:08:00.101+0000] {dag.py:2690} INFO - Sync 1 DAGs
[2024-11-22T09:08:00.113+0000] {logging_mixin.py:137} INFO - [2024-11-22T09:08:00.113+0000] {dag.py:3441} INFO - Setting next_dagrun for tutorial_dag to None, run_after=None
[2024-11-22T09:08:00.127+0000] {processor.py:175} INFO - Processing /home/airflow/.local/lib/python3.7/site-packages/airflow/example_dags/tutorial_dag.py took 0.049 seconds
[2024-11-22T09:08:31.196+0000] {processor.py:153} INFO - Started process (PID=1256) to work on /home/airflow/.local/lib/python3.7/site-packages/airflow/example_dags/tutorial_dag.py
[2024-11-22T09:08:31.198+0000] {processor.py:743} INFO - Processing file /home/airflow/.local/lib/python3.7/site-packages/airflow/example_dags/tutorial_dag.py for tasks to queue
[2024-11-22T09:08:31.199+0000] {logging_mixin.py:137} INFO - [2024-11-22T09:08:31.199+0000] {dagbag.py:538} INFO - Filling up the DagBag from /home/airflow/.local/lib/python3.7/site-packages/airflow/example_dags/tutorial_dag.py
[2024-11-22T09:08:31.206+0000] {processor.py:753} INFO - DAG(s) dict_keys(['tutorial_dag']) retrieved from /home/airflow/.local/lib/python3.7/site-packages/airflow/example_dags/tutorial_dag.py
[2024-11-22T09:08:31.221+0000] {logging_mixin.py:137} INFO - [2024-11-22T09:08:31.220+0000] {dag.py:2690} INFO - Sync 1 DAGs
[2024-11-22T09:08:31.231+0000] {logging_mixin.py:137} INFO - [2024-11-22T09:08:31.231+0000] {dag.py:3441} INFO - Setting next_dagrun for tutorial_dag to None, run_after=None
[2024-11-22T09:08:31.244+0000] {processor.py:175} INFO - Processing /home/airflow/.local/lib/python3.7/site-packages/airflow/example_dags/tutorial_dag.py took 0.049 seconds
[2024-11-22T09:09:01.634+0000] {processor.py:153} INFO - Started process (PID=1345) to work on /home/airflow/.local/lib/python3.7/site-packages/airflow/example_dags/tutorial_dag.py
[2024-11-22T09:09:01.635+0000] {processor.py:743} INFO - Processing file /home/airflow/.local/lib/python3.7/site-packages/airflow/example_dags/tutorial_dag.py for tasks to queue
[2024-11-22T09:09:01.635+0000] {logging_mixin.py:137} INFO - [2024-11-22T09:09:01.635+0000] {dagbag.py:538} INFO - Filling up the DagBag from /home/airflow/.local/lib/python3.7/site-packages/airflow/example_dags/tutorial_dag.py
[2024-11-22T09:09:01.643+0000] {processor.py:753} INFO - DAG(s) dict_keys(['tutorial_dag']) retrieved from /home/airflow/.local/lib/python3.7/site-packages/airflow/example_dags/tutorial_dag.py
[2024-11-22T09:09:01.661+0000] {logging_mixin.py:137} INFO - [2024-11-22T09:09:01.661+0000] {dag.py:2690} INFO - Sync 1 DAGs
[2024-11-22T09:09:01.677+0000] {logging_mixin.py:137} INFO - [2024-11-22T09:09:01.677+0000] {dag.py:3441} INFO - Setting next_dagrun for tutorial_dag to None, run_after=None
[2024-11-22T09:09:01.701+0000] {processor.py:175} INFO - Processing /home/airflow/.local/lib/python3.7/site-packages/airflow/example_dags/tutorial_dag.py took 0.068 seconds
[2024-11-22T09:09:32.018+0000] {processor.py:153} INFO - Started process (PID=1435) to work on /home/airflow/.local/lib/python3.7/site-packages/airflow/example_dags/tutorial_dag.py
[2024-11-22T09:09:32.019+0000] {processor.py:743} INFO - Processing file /home/airflow/.local/lib/python3.7/site-packages/airflow/example_dags/tutorial_dag.py for tasks to queue
[2024-11-22T09:09:32.019+0000] {logging_mixin.py:137} INFO - [2024-11-22T09:09:32.019+0000] {dagbag.py:538} INFO - Filling up the DagBag from /home/airflow/.local/lib/python3.7/site-packages/airflow/example_dags/tutorial_dag.py
[2024-11-22T09:09:32.025+0000] {processor.py:753} INFO - DAG(s) dict_keys(['tutorial_dag']) retrieved from /home/airflow/.local/lib/python3.7/site-packages/airflow/example_dags/tutorial_dag.py
[2024-11-22T09:09:32.038+0000] {logging_mixin.py:137} INFO - [2024-11-22T09:09:32.038+0000] {dag.py:2690} INFO - Sync 1 DAGs
[2024-11-22T09:09:32.051+0000] {logging_mixin.py:137} INFO - [2024-11-22T09:09:32.051+0000] {dag.py:3441} INFO - Setting next_dagrun for tutorial_dag to None, run_after=None
[2024-11-22T09:09:32.061+0000] {processor.py:175} INFO - Processing /home/airflow/.local/lib/python3.7/site-packages/airflow/example_dags/tutorial_dag.py took 0.045 seconds
