[2024-11-22T09:03:22.349+0000] {processor.py:153} INFO - Started process (PID=394) to work on /home/airflow/.local/lib/python3.7/site-packages/airflow/example_dags/tutorial_taskflow_api_virtualenv.py
[2024-11-22T09:03:22.349+0000] {processor.py:743} INFO - Processing file /home/airflow/.local/lib/python3.7/site-packages/airflow/example_dags/tutorial_taskflow_api_virtualenv.py for tasks to queue
[2024-11-22T09:03:22.349+0000] {logging_mixin.py:137} INFO - [2024-11-22T09:03:22.349+0000] {dagbag.py:538} INFO - Filling up the DagBag from /home/airflow/.local/lib/python3.7/site-packages/airflow/example_dags/tutorial_taskflow_api_virtualenv.py
[2024-11-22T09:03:22.360+0000] {processor.py:753} INFO - DAG(s) dict_keys(['tutorial_taskflow_api_virtualenv']) retrieved from /home/airflow/.local/lib/python3.7/site-packages/airflow/example_dags/tutorial_taskflow_api_virtualenv.py
[2024-11-22T09:03:22.371+0000] {logging_mixin.py:137} INFO - [2024-11-22T09:03:22.371+0000] {dag.py:2690} INFO - Sync 1 DAGs
[2024-11-22T09:03:22.383+0000] {logging_mixin.py:137} INFO - [2024-11-22T09:03:22.383+0000] {dag.py:3441} INFO - Setting next_dagrun for tutorial_taskflow_api_virtualenv to None, run_after=None
[2024-11-22T09:03:22.396+0000] {processor.py:175} INFO - Processing /home/airflow/.local/lib/python3.7/site-packages/airflow/example_dags/tutorial_taskflow_api_virtualenv.py took 0.049 seconds
[2024-11-22T09:03:52.858+0000] {processor.py:153} INFO - Started process (PID=484) to work on /home/airflow/.local/lib/python3.7/site-packages/airflow/example_dags/tutorial_taskflow_api_virtualenv.py
[2024-11-22T09:03:52.858+0000] {processor.py:743} INFO - Processing file /home/airflow/.local/lib/python3.7/site-packages/airflow/example_dags/tutorial_taskflow_api_virtualenv.py for tasks to queue
[2024-11-22T09:03:52.859+0000] {logging_mixin.py:137} INFO - [2024-11-22T09:03:52.859+0000] {dagbag.py:538} INFO - Filling up the DagBag from /home/airflow/.local/lib/python3.7/site-packages/airflow/example_dags/tutorial_taskflow_api_virtualenv.py
[2024-11-22T09:03:52.868+0000] {processor.py:753} INFO - DAG(s) dict_keys(['tutorial_taskflow_api_virtualenv']) retrieved from /home/airflow/.local/lib/python3.7/site-packages/airflow/example_dags/tutorial_taskflow_api_virtualenv.py
[2024-11-22T09:03:52.880+0000] {logging_mixin.py:137} INFO - [2024-11-22T09:03:52.880+0000] {dag.py:2690} INFO - Sync 1 DAGs
[2024-11-22T09:03:52.890+0000] {logging_mixin.py:137} INFO - [2024-11-22T09:03:52.890+0000] {dag.py:3441} INFO - Setting next_dagrun for tutorial_taskflow_api_virtualenv to None, run_after=None
[2024-11-22T09:03:52.901+0000] {processor.py:175} INFO - Processing /home/airflow/.local/lib/python3.7/site-packages/airflow/example_dags/tutorial_taskflow_api_virtualenv.py took 0.044 seconds
[2024-11-22T09:04:23.360+0000] {processor.py:153} INFO - Started process (PID=558) to work on /home/airflow/.local/lib/python3.7/site-packages/airflow/example_dags/tutorial_taskflow_api_virtualenv.py
[2024-11-22T09:04:23.360+0000] {processor.py:743} INFO - Processing file /home/airflow/.local/lib/python3.7/site-packages/airflow/example_dags/tutorial_taskflow_api_virtualenv.py for tasks to queue
[2024-11-22T09:04:23.361+0000] {logging_mixin.py:137} INFO - [2024-11-22T09:04:23.360+0000] {dagbag.py:538} INFO - Filling up the DagBag from /home/airflow/.local/lib/python3.7/site-packages/airflow/example_dags/tutorial_taskflow_api_virtualenv.py
[2024-11-22T09:04:23.370+0000] {processor.py:753} INFO - DAG(s) dict_keys(['tutorial_taskflow_api_virtualenv']) retrieved from /home/airflow/.local/lib/python3.7/site-packages/airflow/example_dags/tutorial_taskflow_api_virtualenv.py
[2024-11-22T09:04:23.382+0000] {logging_mixin.py:137} INFO - [2024-11-22T09:04:23.382+0000] {dag.py:2690} INFO - Sync 1 DAGs
[2024-11-22T09:04:23.393+0000] {logging_mixin.py:137} INFO - [2024-11-22T09:04:23.393+0000] {dag.py:3441} INFO - Setting next_dagrun for tutorial_taskflow_api_virtualenv to None, run_after=None
[2024-11-22T09:04:23.407+0000] {processor.py:175} INFO - Processing /home/airflow/.local/lib/python3.7/site-packages/airflow/example_dags/tutorial_taskflow_api_virtualenv.py took 0.049 seconds
[2024-11-22T09:04:54.104+0000] {processor.py:153} INFO - Started process (PID=647) to work on /home/airflow/.local/lib/python3.7/site-packages/airflow/example_dags/tutorial_taskflow_api_virtualenv.py
[2024-11-22T09:04:54.104+0000] {processor.py:743} INFO - Processing file /home/airflow/.local/lib/python3.7/site-packages/airflow/example_dags/tutorial_taskflow_api_virtualenv.py for tasks to queue
[2024-11-22T09:04:54.105+0000] {logging_mixin.py:137} INFO - [2024-11-22T09:04:54.105+0000] {dagbag.py:538} INFO - Filling up the DagBag from /home/airflow/.local/lib/python3.7/site-packages/airflow/example_dags/tutorial_taskflow_api_virtualenv.py
[2024-11-22T09:04:54.117+0000] {processor.py:753} INFO - DAG(s) dict_keys(['tutorial_taskflow_api_virtualenv']) retrieved from /home/airflow/.local/lib/python3.7/site-packages/airflow/example_dags/tutorial_taskflow_api_virtualenv.py
[2024-11-22T09:04:54.133+0000] {logging_mixin.py:137} INFO - [2024-11-22T09:04:54.133+0000] {dag.py:2690} INFO - Sync 1 DAGs
[2024-11-22T09:04:54.148+0000] {logging_mixin.py:137} INFO - [2024-11-22T09:04:54.147+0000] {dag.py:3441} INFO - Setting next_dagrun for tutorial_taskflow_api_virtualenv to None, run_after=None
[2024-11-22T09:04:54.160+0000] {processor.py:175} INFO - Processing /home/airflow/.local/lib/python3.7/site-packages/airflow/example_dags/tutorial_taskflow_api_virtualenv.py took 0.057 seconds
[2024-11-22T09:05:24.918+0000] {processor.py:153} INFO - Started process (PID=737) to work on /home/airflow/.local/lib/python3.7/site-packages/airflow/example_dags/tutorial_taskflow_api_virtualenv.py
[2024-11-22T09:05:24.919+0000] {processor.py:743} INFO - Processing file /home/airflow/.local/lib/python3.7/site-packages/airflow/example_dags/tutorial_taskflow_api_virtualenv.py for tasks to queue
[2024-11-22T09:05:24.919+0000] {logging_mixin.py:137} INFO - [2024-11-22T09:05:24.919+0000] {dagbag.py:538} INFO - Filling up the DagBag from /home/airflow/.local/lib/python3.7/site-packages/airflow/example_dags/tutorial_taskflow_api_virtualenv.py
[2024-11-22T09:05:24.930+0000] {processor.py:753} INFO - DAG(s) dict_keys(['tutorial_taskflow_api_virtualenv']) retrieved from /home/airflow/.local/lib/python3.7/site-packages/airflow/example_dags/tutorial_taskflow_api_virtualenv.py
[2024-11-22T09:05:24.943+0000] {logging_mixin.py:137} INFO - [2024-11-22T09:05:24.943+0000] {dag.py:2690} INFO - Sync 1 DAGs
[2024-11-22T09:05:24.959+0000] {logging_mixin.py:137} INFO - [2024-11-22T09:05:24.959+0000] {dag.py:3441} INFO - Setting next_dagrun for tutorial_taskflow_api_virtualenv to None, run_after=None
[2024-11-22T09:05:24.968+0000] {processor.py:175} INFO - Processing /home/airflow/.local/lib/python3.7/site-packages/airflow/example_dags/tutorial_taskflow_api_virtualenv.py took 0.054 seconds
[2024-11-22T09:05:55.917+0000] {processor.py:153} INFO - Started process (PID=820) to work on /home/airflow/.local/lib/python3.7/site-packages/airflow/example_dags/tutorial_taskflow_api_virtualenv.py
[2024-11-22T09:05:55.918+0000] {processor.py:743} INFO - Processing file /home/airflow/.local/lib/python3.7/site-packages/airflow/example_dags/tutorial_taskflow_api_virtualenv.py for tasks to queue
[2024-11-22T09:05:55.919+0000] {logging_mixin.py:137} INFO - [2024-11-22T09:05:55.919+0000] {dagbag.py:538} INFO - Filling up the DagBag from /home/airflow/.local/lib/python3.7/site-packages/airflow/example_dags/tutorial_taskflow_api_virtualenv.py
[2024-11-22T09:05:55.931+0000] {processor.py:753} INFO - DAG(s) dict_keys(['tutorial_taskflow_api_virtualenv']) retrieved from /home/airflow/.local/lib/python3.7/site-packages/airflow/example_dags/tutorial_taskflow_api_virtualenv.py
[2024-11-22T09:05:55.952+0000] {logging_mixin.py:137} INFO - [2024-11-22T09:05:55.952+0000] {dag.py:2690} INFO - Sync 1 DAGs
[2024-11-22T09:05:55.968+0000] {logging_mixin.py:137} INFO - [2024-11-22T09:05:55.967+0000] {dag.py:3441} INFO - Setting next_dagrun for tutorial_taskflow_api_virtualenv to None, run_after=None
[2024-11-22T09:05:56.014+0000] {processor.py:175} INFO - Processing /home/airflow/.local/lib/python3.7/site-packages/airflow/example_dags/tutorial_taskflow_api_virtualenv.py took 0.101 seconds
[2024-11-22T09:06:26.110+0000] {processor.py:153} INFO - Started process (PID=901) to work on /home/airflow/.local/lib/python3.7/site-packages/airflow/example_dags/tutorial_taskflow_api_virtualenv.py
[2024-11-22T09:06:26.111+0000] {processor.py:743} INFO - Processing file /home/airflow/.local/lib/python3.7/site-packages/airflow/example_dags/tutorial_taskflow_api_virtualenv.py for tasks to queue
[2024-11-22T09:06:26.111+0000] {logging_mixin.py:137} INFO - [2024-11-22T09:06:26.111+0000] {dagbag.py:538} INFO - Filling up the DagBag from /home/airflow/.local/lib/python3.7/site-packages/airflow/example_dags/tutorial_taskflow_api_virtualenv.py
[2024-11-22T09:06:26.121+0000] {processor.py:753} INFO - DAG(s) dict_keys(['tutorial_taskflow_api_virtualenv']) retrieved from /home/airflow/.local/lib/python3.7/site-packages/airflow/example_dags/tutorial_taskflow_api_virtualenv.py
[2024-11-22T09:06:26.135+0000] {logging_mixin.py:137} INFO - [2024-11-22T09:06:26.135+0000] {dag.py:2690} INFO - Sync 1 DAGs
[2024-11-22T09:06:26.149+0000] {logging_mixin.py:137} INFO - [2024-11-22T09:06:26.149+0000] {dag.py:3441} INFO - Setting next_dagrun for tutorial_taskflow_api_virtualenv to None, run_after=None
[2024-11-22T09:06:26.162+0000] {processor.py:175} INFO - Processing /home/airflow/.local/lib/python3.7/site-packages/airflow/example_dags/tutorial_taskflow_api_virtualenv.py took 0.054 seconds
[2024-11-22T09:06:56.894+0000] {processor.py:153} INFO - Started process (PID=991) to work on /home/airflow/.local/lib/python3.7/site-packages/airflow/example_dags/tutorial_taskflow_api_virtualenv.py
[2024-11-22T09:06:56.895+0000] {processor.py:743} INFO - Processing file /home/airflow/.local/lib/python3.7/site-packages/airflow/example_dags/tutorial_taskflow_api_virtualenv.py for tasks to queue
[2024-11-22T09:06:56.895+0000] {logging_mixin.py:137} INFO - [2024-11-22T09:06:56.895+0000] {dagbag.py:538} INFO - Filling up the DagBag from /home/airflow/.local/lib/python3.7/site-packages/airflow/example_dags/tutorial_taskflow_api_virtualenv.py
[2024-11-22T09:06:56.906+0000] {processor.py:753} INFO - DAG(s) dict_keys(['tutorial_taskflow_api_virtualenv']) retrieved from /home/airflow/.local/lib/python3.7/site-packages/airflow/example_dags/tutorial_taskflow_api_virtualenv.py
[2024-11-22T09:06:56.925+0000] {logging_mixin.py:137} INFO - [2024-11-22T09:06:56.925+0000] {dag.py:2690} INFO - Sync 1 DAGs
[2024-11-22T09:06:56.939+0000] {logging_mixin.py:137} INFO - [2024-11-22T09:06:56.939+0000] {dag.py:3441} INFO - Setting next_dagrun for tutorial_taskflow_api_virtualenv to None, run_after=None
[2024-11-22T09:06:56.953+0000] {processor.py:175} INFO - Processing /home/airflow/.local/lib/python3.7/site-packages/airflow/example_dags/tutorial_taskflow_api_virtualenv.py took 0.061 seconds
[2024-11-22T09:07:27.889+0000] {processor.py:153} INFO - Started process (PID=1081) to work on /home/airflow/.local/lib/python3.7/site-packages/airflow/example_dags/tutorial_taskflow_api_virtualenv.py
[2024-11-22T09:07:27.890+0000] {processor.py:743} INFO - Processing file /home/airflow/.local/lib/python3.7/site-packages/airflow/example_dags/tutorial_taskflow_api_virtualenv.py for tasks to queue
[2024-11-22T09:07:27.890+0000] {logging_mixin.py:137} INFO - [2024-11-22T09:07:27.890+0000] {dagbag.py:538} INFO - Filling up the DagBag from /home/airflow/.local/lib/python3.7/site-packages/airflow/example_dags/tutorial_taskflow_api_virtualenv.py
[2024-11-22T09:07:27.899+0000] {processor.py:753} INFO - DAG(s) dict_keys(['tutorial_taskflow_api_virtualenv']) retrieved from /home/airflow/.local/lib/python3.7/site-packages/airflow/example_dags/tutorial_taskflow_api_virtualenv.py
[2024-11-22T09:07:27.911+0000] {logging_mixin.py:137} INFO - [2024-11-22T09:07:27.911+0000] {dag.py:2690} INFO - Sync 1 DAGs
[2024-11-22T09:07:27.921+0000] {logging_mixin.py:137} INFO - [2024-11-22T09:07:27.921+0000] {dag.py:3441} INFO - Setting next_dagrun for tutorial_taskflow_api_virtualenv to None, run_after=None
[2024-11-22T09:07:27.928+0000] {processor.py:175} INFO - Processing /home/airflow/.local/lib/python3.7/site-packages/airflow/example_dags/tutorial_taskflow_api_virtualenv.py took 0.041 seconds
[2024-11-22T09:07:58.626+0000] {processor.py:153} INFO - Started process (PID=1155) to work on /home/airflow/.local/lib/python3.7/site-packages/airflow/example_dags/tutorial_taskflow_api_virtualenv.py
[2024-11-22T09:07:58.627+0000] {processor.py:743} INFO - Processing file /home/airflow/.local/lib/python3.7/site-packages/airflow/example_dags/tutorial_taskflow_api_virtualenv.py for tasks to queue
[2024-11-22T09:07:58.628+0000] {logging_mixin.py:137} INFO - [2024-11-22T09:07:58.628+0000] {dagbag.py:538} INFO - Filling up the DagBag from /home/airflow/.local/lib/python3.7/site-packages/airflow/example_dags/tutorial_taskflow_api_virtualenv.py
[2024-11-22T09:07:58.639+0000] {processor.py:753} INFO - DAG(s) dict_keys(['tutorial_taskflow_api_virtualenv']) retrieved from /home/airflow/.local/lib/python3.7/site-packages/airflow/example_dags/tutorial_taskflow_api_virtualenv.py
[2024-11-22T09:07:58.650+0000] {logging_mixin.py:137} INFO - [2024-11-22T09:07:58.650+0000] {dag.py:2690} INFO - Sync 1 DAGs
[2024-11-22T09:07:58.660+0000] {logging_mixin.py:137} INFO - [2024-11-22T09:07:58.660+0000] {dag.py:3441} INFO - Setting next_dagrun for tutorial_taskflow_api_virtualenv to None, run_after=None
[2024-11-22T09:07:58.668+0000] {processor.py:175} INFO - Processing /home/airflow/.local/lib/python3.7/site-packages/airflow/example_dags/tutorial_taskflow_api_virtualenv.py took 0.043 seconds
[2024-11-22T09:08:29.605+0000] {processor.py:153} INFO - Started process (PID=1244) to work on /home/airflow/.local/lib/python3.7/site-packages/airflow/example_dags/tutorial_taskflow_api_virtualenv.py
[2024-11-22T09:08:29.606+0000] {processor.py:743} INFO - Processing file /home/airflow/.local/lib/python3.7/site-packages/airflow/example_dags/tutorial_taskflow_api_virtualenv.py for tasks to queue
[2024-11-22T09:08:29.606+0000] {logging_mixin.py:137} INFO - [2024-11-22T09:08:29.606+0000] {dagbag.py:538} INFO - Filling up the DagBag from /home/airflow/.local/lib/python3.7/site-packages/airflow/example_dags/tutorial_taskflow_api_virtualenv.py
[2024-11-22T09:08:29.615+0000] {processor.py:753} INFO - DAG(s) dict_keys(['tutorial_taskflow_api_virtualenv']) retrieved from /home/airflow/.local/lib/python3.7/site-packages/airflow/example_dags/tutorial_taskflow_api_virtualenv.py
[2024-11-22T09:08:29.626+0000] {logging_mixin.py:137} INFO - [2024-11-22T09:08:29.625+0000] {dag.py:2690} INFO - Sync 1 DAGs
[2024-11-22T09:08:29.636+0000] {logging_mixin.py:137} INFO - [2024-11-22T09:08:29.635+0000] {dag.py:3441} INFO - Setting next_dagrun for tutorial_taskflow_api_virtualenv to None, run_after=None
[2024-11-22T09:08:29.643+0000] {processor.py:175} INFO - Processing /home/airflow/.local/lib/python3.7/site-packages/airflow/example_dags/tutorial_taskflow_api_virtualenv.py took 0.039 seconds
[2024-11-22T09:09:00.993+0000] {processor.py:153} INFO - Started process (PID=1333) to work on /home/airflow/.local/lib/python3.7/site-packages/airflow/example_dags/tutorial_taskflow_api_virtualenv.py
[2024-11-22T09:09:00.996+0000] {processor.py:743} INFO - Processing file /home/airflow/.local/lib/python3.7/site-packages/airflow/example_dags/tutorial_taskflow_api_virtualenv.py for tasks to queue
[2024-11-22T09:09:00.997+0000] {logging_mixin.py:137} INFO - [2024-11-22T09:09:00.997+0000] {dagbag.py:538} INFO - Filling up the DagBag from /home/airflow/.local/lib/python3.7/site-packages/airflow/example_dags/tutorial_taskflow_api_virtualenv.py
[2024-11-22T09:09:01.023+0000] {processor.py:753} INFO - DAG(s) dict_keys(['tutorial_taskflow_api_virtualenv']) retrieved from /home/airflow/.local/lib/python3.7/site-packages/airflow/example_dags/tutorial_taskflow_api_virtualenv.py
[2024-11-22T09:09:01.066+0000] {logging_mixin.py:137} INFO - [2024-11-22T09:09:01.066+0000] {dag.py:2690} INFO - Sync 1 DAGs
[2024-11-22T09:09:01.086+0000] {logging_mixin.py:137} INFO - [2024-11-22T09:09:01.086+0000] {dag.py:3441} INFO - Setting next_dagrun for tutorial_taskflow_api_virtualenv to None, run_after=None
[2024-11-22T09:09:01.109+0000] {processor.py:175} INFO - Processing /home/airflow/.local/lib/python3.7/site-packages/airflow/example_dags/tutorial_taskflow_api_virtualenv.py took 0.120 seconds
[2024-11-22T09:09:31.420+0000] {processor.py:153} INFO - Started process (PID=1423) to work on /home/airflow/.local/lib/python3.7/site-packages/airflow/example_dags/tutorial_taskflow_api_virtualenv.py
[2024-11-22T09:09:31.421+0000] {processor.py:743} INFO - Processing file /home/airflow/.local/lib/python3.7/site-packages/airflow/example_dags/tutorial_taskflow_api_virtualenv.py for tasks to queue
[2024-11-22T09:09:31.422+0000] {logging_mixin.py:137} INFO - [2024-11-22T09:09:31.422+0000] {dagbag.py:538} INFO - Filling up the DagBag from /home/airflow/.local/lib/python3.7/site-packages/airflow/example_dags/tutorial_taskflow_api_virtualenv.py
[2024-11-22T09:09:31.436+0000] {processor.py:753} INFO - DAG(s) dict_keys(['tutorial_taskflow_api_virtualenv']) retrieved from /home/airflow/.local/lib/python3.7/site-packages/airflow/example_dags/tutorial_taskflow_api_virtualenv.py
[2024-11-22T09:09:31.457+0000] {logging_mixin.py:137} INFO - [2024-11-22T09:09:31.456+0000] {dag.py:2690} INFO - Sync 1 DAGs
[2024-11-22T09:09:31.473+0000] {logging_mixin.py:137} INFO - [2024-11-22T09:09:31.473+0000] {dag.py:3441} INFO - Setting next_dagrun for tutorial_taskflow_api_virtualenv to None, run_after=None
[2024-11-22T09:09:31.498+0000] {processor.py:175} INFO - Processing /home/airflow/.local/lib/python3.7/site-packages/airflow/example_dags/tutorial_taskflow_api_virtualenv.py took 0.079 seconds
