[2024-11-22T09:03:22.755+0000] {processor.py:153} INFO - Started process (PID=408) to work on /home/airflow/.local/lib/python3.7/site-packages/airflow/example_dags/tutorial_taskflow_api.py
[2024-11-22T09:03:22.756+0000] {processor.py:743} INFO - Processing file /home/airflow/.local/lib/python3.7/site-packages/airflow/example_dags/tutorial_taskflow_api.py for tasks to queue
[2024-11-22T09:03:22.756+0000] {logging_mixin.py:137} INFO - [2024-11-22T09:03:22.756+0000] {dagbag.py:538} INFO - Filling up the DagBag from /home/airflow/.local/lib/python3.7/site-packages/airflow/example_dags/tutorial_taskflow_api.py
[2024-11-22T09:03:22.764+0000] {processor.py:753} INFO - DAG(s) dict_keys(['tutorial_taskflow_api']) retrieved from /home/airflow/.local/lib/python3.7/site-packages/airflow/example_dags/tutorial_taskflow_api.py
[2024-11-22T09:03:22.775+0000] {logging_mixin.py:137} INFO - [2024-11-22T09:03:22.775+0000] {dag.py:2690} INFO - Sync 1 DAGs
[2024-11-22T09:03:22.787+0000] {logging_mixin.py:137} INFO - [2024-11-22T09:03:22.787+0000] {dag.py:3441} INFO - Setting next_dagrun for tutorial_taskflow_api to None, run_after=None
[2024-11-22T09:03:22.798+0000] {processor.py:175} INFO - Processing /home/airflow/.local/lib/python3.7/site-packages/airflow/example_dags/tutorial_taskflow_api.py took 0.044 seconds
[2024-11-22T09:03:53.224+0000] {processor.py:153} INFO - Started process (PID=498) to work on /home/airflow/.local/lib/python3.7/site-packages/airflow/example_dags/tutorial_taskflow_api.py
[2024-11-22T09:03:53.225+0000] {processor.py:743} INFO - Processing file /home/airflow/.local/lib/python3.7/site-packages/airflow/example_dags/tutorial_taskflow_api.py for tasks to queue
[2024-11-22T09:03:53.225+0000] {logging_mixin.py:137} INFO - [2024-11-22T09:03:53.225+0000] {dagbag.py:538} INFO - Filling up the DagBag from /home/airflow/.local/lib/python3.7/site-packages/airflow/example_dags/tutorial_taskflow_api.py
[2024-11-22T09:03:53.234+0000] {processor.py:753} INFO - DAG(s) dict_keys(['tutorial_taskflow_api']) retrieved from /home/airflow/.local/lib/python3.7/site-packages/airflow/example_dags/tutorial_taskflow_api.py
[2024-11-22T09:03:53.246+0000] {logging_mixin.py:137} INFO - [2024-11-22T09:03:53.246+0000] {dag.py:2690} INFO - Sync 1 DAGs
[2024-11-22T09:03:53.258+0000] {logging_mixin.py:137} INFO - [2024-11-22T09:03:53.258+0000] {dag.py:3441} INFO - Setting next_dagrun for tutorial_taskflow_api to None, run_after=None
[2024-11-22T09:03:53.268+0000] {processor.py:175} INFO - Processing /home/airflow/.local/lib/python3.7/site-packages/airflow/example_dags/tutorial_taskflow_api.py took 0.045 seconds
[2024-11-22T09:04:23.801+0000] {processor.py:153} INFO - Started process (PID=572) to work on /home/airflow/.local/lib/python3.7/site-packages/airflow/example_dags/tutorial_taskflow_api.py
[2024-11-22T09:04:23.802+0000] {processor.py:743} INFO - Processing file /home/airflow/.local/lib/python3.7/site-packages/airflow/example_dags/tutorial_taskflow_api.py for tasks to queue
[2024-11-22T09:04:23.803+0000] {logging_mixin.py:137} INFO - [2024-11-22T09:04:23.803+0000] {dagbag.py:538} INFO - Filling up the DagBag from /home/airflow/.local/lib/python3.7/site-packages/airflow/example_dags/tutorial_taskflow_api.py
[2024-11-22T09:04:23.812+0000] {processor.py:753} INFO - DAG(s) dict_keys(['tutorial_taskflow_api']) retrieved from /home/airflow/.local/lib/python3.7/site-packages/airflow/example_dags/tutorial_taskflow_api.py
[2024-11-22T09:04:23.829+0000] {logging_mixin.py:137} INFO - [2024-11-22T09:04:23.829+0000] {dag.py:2690} INFO - Sync 1 DAGs
[2024-11-22T09:04:23.843+0000] {logging_mixin.py:137} INFO - [2024-11-22T09:04:23.842+0000] {dag.py:3441} INFO - Setting next_dagrun for tutorial_taskflow_api to None, run_after=None
[2024-11-22T09:04:23.853+0000] {processor.py:175} INFO - Processing /home/airflow/.local/lib/python3.7/site-packages/airflow/example_dags/tutorial_taskflow_api.py took 0.054 seconds
[2024-11-22T09:04:54.566+0000] {processor.py:153} INFO - Started process (PID=661) to work on /home/airflow/.local/lib/python3.7/site-packages/airflow/example_dags/tutorial_taskflow_api.py
[2024-11-22T09:04:54.567+0000] {processor.py:743} INFO - Processing file /home/airflow/.local/lib/python3.7/site-packages/airflow/example_dags/tutorial_taskflow_api.py for tasks to queue
[2024-11-22T09:04:54.568+0000] {logging_mixin.py:137} INFO - [2024-11-22T09:04:54.568+0000] {dagbag.py:538} INFO - Filling up the DagBag from /home/airflow/.local/lib/python3.7/site-packages/airflow/example_dags/tutorial_taskflow_api.py
[2024-11-22T09:04:54.580+0000] {processor.py:753} INFO - DAG(s) dict_keys(['tutorial_taskflow_api']) retrieved from /home/airflow/.local/lib/python3.7/site-packages/airflow/example_dags/tutorial_taskflow_api.py
[2024-11-22T09:04:54.594+0000] {logging_mixin.py:137} INFO - [2024-11-22T09:04:54.594+0000] {dag.py:2690} INFO - Sync 1 DAGs
[2024-11-22T09:04:54.608+0000] {logging_mixin.py:137} INFO - [2024-11-22T09:04:54.608+0000] {dag.py:3441} INFO - Setting next_dagrun for tutorial_taskflow_api to None, run_after=None
[2024-11-22T09:04:54.620+0000] {processor.py:175} INFO - Processing /home/airflow/.local/lib/python3.7/site-packages/airflow/example_dags/tutorial_taskflow_api.py took 0.057 seconds
[2024-11-22T09:05:25.361+0000] {processor.py:153} INFO - Started process (PID=751) to work on /home/airflow/.local/lib/python3.7/site-packages/airflow/example_dags/tutorial_taskflow_api.py
[2024-11-22T09:05:25.363+0000] {processor.py:743} INFO - Processing file /home/airflow/.local/lib/python3.7/site-packages/airflow/example_dags/tutorial_taskflow_api.py for tasks to queue
[2024-11-22T09:05:25.363+0000] {logging_mixin.py:137} INFO - [2024-11-22T09:05:25.363+0000] {dagbag.py:538} INFO - Filling up the DagBag from /home/airflow/.local/lib/python3.7/site-packages/airflow/example_dags/tutorial_taskflow_api.py
[2024-11-22T09:05:25.373+0000] {processor.py:753} INFO - DAG(s) dict_keys(['tutorial_taskflow_api']) retrieved from /home/airflow/.local/lib/python3.7/site-packages/airflow/example_dags/tutorial_taskflow_api.py
[2024-11-22T09:05:25.387+0000] {logging_mixin.py:137} INFO - [2024-11-22T09:05:25.387+0000] {dag.py:2690} INFO - Sync 1 DAGs
[2024-11-22T09:05:25.399+0000] {logging_mixin.py:137} INFO - [2024-11-22T09:05:25.399+0000] {dag.py:3441} INFO - Setting next_dagrun for tutorial_taskflow_api to None, run_after=None
[2024-11-22T09:05:25.408+0000] {processor.py:175} INFO - Processing /home/airflow/.local/lib/python3.7/site-packages/airflow/example_dags/tutorial_taskflow_api.py took 0.048 seconds
[2024-11-22T09:05:56.763+0000] {processor.py:153} INFO - Started process (PID=841) to work on /home/airflow/.local/lib/python3.7/site-packages/airflow/example_dags/tutorial_taskflow_api.py
[2024-11-22T09:05:56.764+0000] {processor.py:743} INFO - Processing file /home/airflow/.local/lib/python3.7/site-packages/airflow/example_dags/tutorial_taskflow_api.py for tasks to queue
[2024-11-22T09:05:56.764+0000] {logging_mixin.py:137} INFO - [2024-11-22T09:05:56.764+0000] {dagbag.py:538} INFO - Filling up the DagBag from /home/airflow/.local/lib/python3.7/site-packages/airflow/example_dags/tutorial_taskflow_api.py
[2024-11-22T09:05:56.782+0000] {processor.py:753} INFO - DAG(s) dict_keys(['tutorial_taskflow_api']) retrieved from /home/airflow/.local/lib/python3.7/site-packages/airflow/example_dags/tutorial_taskflow_api.py
[2024-11-22T09:05:56.796+0000] {logging_mixin.py:137} INFO - [2024-11-22T09:05:56.796+0000] {dag.py:2690} INFO - Sync 1 DAGs
[2024-11-22T09:05:56.816+0000] {logging_mixin.py:137} INFO - [2024-11-22T09:05:56.816+0000] {dag.py:3441} INFO - Setting next_dagrun for tutorial_taskflow_api to None, run_after=None
[2024-11-22T09:05:56.835+0000] {processor.py:175} INFO - Processing /home/airflow/.local/lib/python3.7/site-packages/airflow/example_dags/tutorial_taskflow_api.py took 0.074 seconds
[2024-11-22T09:06:27.656+0000] {processor.py:153} INFO - Started process (PID=915) to work on /home/airflow/.local/lib/python3.7/site-packages/airflow/example_dags/tutorial_taskflow_api.py
[2024-11-22T09:06:27.657+0000] {processor.py:743} INFO - Processing file /home/airflow/.local/lib/python3.7/site-packages/airflow/example_dags/tutorial_taskflow_api.py for tasks to queue
[2024-11-22T09:06:27.658+0000] {logging_mixin.py:137} INFO - [2024-11-22T09:06:27.658+0000] {dagbag.py:538} INFO - Filling up the DagBag from /home/airflow/.local/lib/python3.7/site-packages/airflow/example_dags/tutorial_taskflow_api.py
[2024-11-22T09:06:27.668+0000] {processor.py:753} INFO - DAG(s) dict_keys(['tutorial_taskflow_api']) retrieved from /home/airflow/.local/lib/python3.7/site-packages/airflow/example_dags/tutorial_taskflow_api.py
[2024-11-22T09:06:27.682+0000] {logging_mixin.py:137} INFO - [2024-11-22T09:06:27.682+0000] {dag.py:2690} INFO - Sync 1 DAGs
[2024-11-22T09:06:27.694+0000] {logging_mixin.py:137} INFO - [2024-11-22T09:06:27.694+0000] {dag.py:3441} INFO - Setting next_dagrun for tutorial_taskflow_api to None, run_after=None
[2024-11-22T09:06:27.705+0000] {processor.py:175} INFO - Processing /home/airflow/.local/lib/python3.7/site-packages/airflow/example_dags/tutorial_taskflow_api.py took 0.051 seconds
[2024-11-22T09:06:58.397+0000] {processor.py:153} INFO - Started process (PID=1005) to work on /home/airflow/.local/lib/python3.7/site-packages/airflow/example_dags/tutorial_taskflow_api.py
[2024-11-22T09:06:58.398+0000] {processor.py:743} INFO - Processing file /home/airflow/.local/lib/python3.7/site-packages/airflow/example_dags/tutorial_taskflow_api.py for tasks to queue
[2024-11-22T09:06:58.398+0000] {logging_mixin.py:137} INFO - [2024-11-22T09:06:58.398+0000] {dagbag.py:538} INFO - Filling up the DagBag from /home/airflow/.local/lib/python3.7/site-packages/airflow/example_dags/tutorial_taskflow_api.py
[2024-11-22T09:06:58.407+0000] {processor.py:753} INFO - DAG(s) dict_keys(['tutorial_taskflow_api']) retrieved from /home/airflow/.local/lib/python3.7/site-packages/airflow/example_dags/tutorial_taskflow_api.py
[2024-11-22T09:06:58.418+0000] {logging_mixin.py:137} INFO - [2024-11-22T09:06:58.418+0000] {dag.py:2690} INFO - Sync 1 DAGs
[2024-11-22T09:06:58.429+0000] {logging_mixin.py:137} INFO - [2024-11-22T09:06:58.429+0000] {dag.py:3441} INFO - Setting next_dagrun for tutorial_taskflow_api to None, run_after=None
[2024-11-22T09:06:58.442+0000] {processor.py:175} INFO - Processing /home/airflow/.local/lib/python3.7/site-packages/airflow/example_dags/tutorial_taskflow_api.py took 0.046 seconds
[2024-11-22T09:07:29.342+0000] {processor.py:153} INFO - Started process (PID=1095) to work on /home/airflow/.local/lib/python3.7/site-packages/airflow/example_dags/tutorial_taskflow_api.py
[2024-11-22T09:07:29.343+0000] {processor.py:743} INFO - Processing file /home/airflow/.local/lib/python3.7/site-packages/airflow/example_dags/tutorial_taskflow_api.py for tasks to queue
[2024-11-22T09:07:29.343+0000] {logging_mixin.py:137} INFO - [2024-11-22T09:07:29.343+0000] {dagbag.py:538} INFO - Filling up the DagBag from /home/airflow/.local/lib/python3.7/site-packages/airflow/example_dags/tutorial_taskflow_api.py
[2024-11-22T09:07:29.353+0000] {processor.py:753} INFO - DAG(s) dict_keys(['tutorial_taskflow_api']) retrieved from /home/airflow/.local/lib/python3.7/site-packages/airflow/example_dags/tutorial_taskflow_api.py
[2024-11-22T09:07:29.371+0000] {logging_mixin.py:137} INFO - [2024-11-22T09:07:29.370+0000] {dag.py:2690} INFO - Sync 1 DAGs
[2024-11-22T09:07:29.382+0000] {logging_mixin.py:137} INFO - [2024-11-22T09:07:29.382+0000] {dag.py:3441} INFO - Setting next_dagrun for tutorial_taskflow_api to None, run_after=None
[2024-11-22T09:07:29.393+0000] {processor.py:175} INFO - Processing /home/airflow/.local/lib/python3.7/site-packages/airflow/example_dags/tutorial_taskflow_api.py took 0.054 seconds
[2024-11-22T09:08:00.144+0000] {processor.py:153} INFO - Started process (PID=1169) to work on /home/airflow/.local/lib/python3.7/site-packages/airflow/example_dags/tutorial_taskflow_api.py
[2024-11-22T09:08:00.145+0000] {processor.py:743} INFO - Processing file /home/airflow/.local/lib/python3.7/site-packages/airflow/example_dags/tutorial_taskflow_api.py for tasks to queue
[2024-11-22T09:08:00.145+0000] {logging_mixin.py:137} INFO - [2024-11-22T09:08:00.145+0000] {dagbag.py:538} INFO - Filling up the DagBag from /home/airflow/.local/lib/python3.7/site-packages/airflow/example_dags/tutorial_taskflow_api.py
[2024-11-22T09:08:00.155+0000] {processor.py:753} INFO - DAG(s) dict_keys(['tutorial_taskflow_api']) retrieved from /home/airflow/.local/lib/python3.7/site-packages/airflow/example_dags/tutorial_taskflow_api.py
[2024-11-22T09:08:00.171+0000] {logging_mixin.py:137} INFO - [2024-11-22T09:08:00.171+0000] {dag.py:2690} INFO - Sync 1 DAGs
[2024-11-22T09:08:00.189+0000] {logging_mixin.py:137} INFO - [2024-11-22T09:08:00.189+0000] {dag.py:3441} INFO - Setting next_dagrun for tutorial_taskflow_api to None, run_after=None
[2024-11-22T09:08:00.203+0000] {processor.py:175} INFO - Processing /home/airflow/.local/lib/python3.7/site-packages/airflow/example_dags/tutorial_taskflow_api.py took 0.063 seconds
[2024-11-22T09:08:31.260+0000] {processor.py:153} INFO - Started process (PID=1258) to work on /home/airflow/.local/lib/python3.7/site-packages/airflow/example_dags/tutorial_taskflow_api.py
[2024-11-22T09:08:31.261+0000] {processor.py:743} INFO - Processing file /home/airflow/.local/lib/python3.7/site-packages/airflow/example_dags/tutorial_taskflow_api.py for tasks to queue
[2024-11-22T09:08:31.262+0000] {logging_mixin.py:137} INFO - [2024-11-22T09:08:31.262+0000] {dagbag.py:538} INFO - Filling up the DagBag from /home/airflow/.local/lib/python3.7/site-packages/airflow/example_dags/tutorial_taskflow_api.py
[2024-11-22T09:08:31.272+0000] {processor.py:753} INFO - DAG(s) dict_keys(['tutorial_taskflow_api']) retrieved from /home/airflow/.local/lib/python3.7/site-packages/airflow/example_dags/tutorial_taskflow_api.py
[2024-11-22T09:08:31.292+0000] {logging_mixin.py:137} INFO - [2024-11-22T09:08:31.292+0000] {dag.py:2690} INFO - Sync 1 DAGs
[2024-11-22T09:08:31.305+0000] {logging_mixin.py:137} INFO - [2024-11-22T09:08:31.305+0000] {dag.py:3441} INFO - Setting next_dagrun for tutorial_taskflow_api to None, run_after=None
[2024-11-22T09:08:31.315+0000] {processor.py:175} INFO - Processing /home/airflow/.local/lib/python3.7/site-packages/airflow/example_dags/tutorial_taskflow_api.py took 0.057 seconds
[2024-11-22T09:09:01.719+0000] {processor.py:153} INFO - Started process (PID=1347) to work on /home/airflow/.local/lib/python3.7/site-packages/airflow/example_dags/tutorial_taskflow_api.py
[2024-11-22T09:09:01.720+0000] {processor.py:743} INFO - Processing file /home/airflow/.local/lib/python3.7/site-packages/airflow/example_dags/tutorial_taskflow_api.py for tasks to queue
[2024-11-22T09:09:01.721+0000] {logging_mixin.py:137} INFO - [2024-11-22T09:09:01.720+0000] {dagbag.py:538} INFO - Filling up the DagBag from /home/airflow/.local/lib/python3.7/site-packages/airflow/example_dags/tutorial_taskflow_api.py
[2024-11-22T09:09:01.736+0000] {processor.py:753} INFO - DAG(s) dict_keys(['tutorial_taskflow_api']) retrieved from /home/airflow/.local/lib/python3.7/site-packages/airflow/example_dags/tutorial_taskflow_api.py
[2024-11-22T09:09:01.802+0000] {logging_mixin.py:137} INFO - [2024-11-22T09:09:01.796+0000] {dag.py:2690} INFO - Sync 1 DAGs
[2024-11-22T09:09:01.856+0000] {logging_mixin.py:137} INFO - [2024-11-22T09:09:01.856+0000] {dag.py:3441} INFO - Setting next_dagrun for tutorial_taskflow_api to None, run_after=None
[2024-11-22T09:09:01.883+0000] {processor.py:175} INFO - Processing /home/airflow/.local/lib/python3.7/site-packages/airflow/example_dags/tutorial_taskflow_api.py took 0.166 seconds
[2024-11-22T09:09:32.074+0000] {processor.py:153} INFO - Started process (PID=1437) to work on /home/airflow/.local/lib/python3.7/site-packages/airflow/example_dags/tutorial_taskflow_api.py
[2024-11-22T09:09:32.075+0000] {processor.py:743} INFO - Processing file /home/airflow/.local/lib/python3.7/site-packages/airflow/example_dags/tutorial_taskflow_api.py for tasks to queue
[2024-11-22T09:09:32.076+0000] {logging_mixin.py:137} INFO - [2024-11-22T09:09:32.076+0000] {dagbag.py:538} INFO - Filling up the DagBag from /home/airflow/.local/lib/python3.7/site-packages/airflow/example_dags/tutorial_taskflow_api.py
[2024-11-22T09:09:32.089+0000] {processor.py:753} INFO - DAG(s) dict_keys(['tutorial_taskflow_api']) retrieved from /home/airflow/.local/lib/python3.7/site-packages/airflow/example_dags/tutorial_taskflow_api.py
[2024-11-22T09:09:32.102+0000] {logging_mixin.py:137} INFO - [2024-11-22T09:09:32.102+0000] {dag.py:2690} INFO - Sync 1 DAGs
[2024-11-22T09:09:32.115+0000] {logging_mixin.py:137} INFO - [2024-11-22T09:09:32.115+0000] {dag.py:3441} INFO - Setting next_dagrun for tutorial_taskflow_api to None, run_after=None
[2024-11-22T09:09:32.128+0000] {processor.py:175} INFO - Processing /home/airflow/.local/lib/python3.7/site-packages/airflow/example_dags/tutorial_taskflow_api.py took 0.055 seconds
