[2024-11-27T00:25:32.670+0000] {local_task_job_runner.py:123} INFO - ::group::Pre task execution logs
[2024-11-27T00:25:32.677+0000] {taskinstance.py:2613} INFO - Dependencies all met for dep_context=non-requeueable deps ti=<TaskInstance: etl_dag_daily_tracks.etl_task_daily_tracks manual__2024-11-27T00:00:00+00:00 [queued]>
[2024-11-27T00:25:32.680+0000] {taskinstance.py:2613} INFO - Dependencies all met for dep_context=requeueable deps ti=<TaskInstance: etl_dag_daily_tracks.etl_task_daily_tracks manual__2024-11-27T00:00:00+00:00 [queued]>
[2024-11-27T00:25:32.681+0000] {taskinstance.py:2866} INFO - Starting attempt 1 of 2
[2024-11-27T00:25:32.686+0000] {taskinstance.py:2889} INFO - Executing <Task(PythonOperator): etl_task_daily_tracks> on 2024-11-27 00:00:00+00:00
[2024-11-27T00:25:32.690+0000] {warnings.py:112} WARNING - /home/***/.local/lib/python3.12/site-packages/***/task/task_runner/standard_task_runner.py:70: DeprecationWarning: This process (pid=103) is multi-threaded, use of fork() may lead to deadlocks in the child.
  pid = os.fork()

[2024-11-27T00:25:32.692+0000] {standard_task_runner.py:72} INFO - Started process 104 to run task
[2024-11-27T00:25:32.691+0000] {standard_task_runner.py:104} INFO - Running: ['***', 'tasks', 'run', 'etl_dag_daily_tracks', 'etl_task_daily_tracks', 'manual__2024-11-27T00:00:00+00:00', '--job-id', '392', '--raw', '--subdir', 'DAGS_FOLDER/daily_songs_dag.py', '--cfg-path', '/tmp/tmpppfphy85']
[2024-11-27T00:25:32.693+0000] {standard_task_runner.py:105} INFO - Job 392: Subtask etl_task_daily_tracks
[2024-11-27T00:25:32.717+0000] {task_command.py:467} INFO - Running <TaskInstance: etl_dag_daily_tracks.etl_task_daily_tracks manual__2024-11-27T00:00:00+00:00 [running]> on host 5c426c48ab2b
[2024-11-27T00:25:32.946+0000] {taskinstance.py:3132} INFO - Exporting env vars: AIRFLOW_CTX_DAG_OWNER='***' AIRFLOW_CTX_DAG_ID='etl_dag_daily_tracks' AIRFLOW_CTX_TASK_ID='etl_task_daily_tracks' AIRFLOW_CTX_EXECUTION_DATE='2024-11-27T00:00:00+00:00' AIRFLOW_CTX_TRY_NUMBER='1' AIRFLOW_CTX_DAG_RUN_ID='manual__2024-11-27T00:00:00+00:00'
[2024-11-27T00:25:32.947+0000] {taskinstance.py:731} INFO - ::endgroup::
[2024-11-27T00:25:33.644+0000] {daily_songs_dag.py:29} INFO - youtube daily _ youtube 데일리 데이터를 성공적으로 가져왔습니다:    no                                        video_title     video_id
0   1                                        squabble up  fuV4yQWdn_4
1   2           Kendrick Lamar - luther (Official Audio)  HfWLgELllZs
2   3                                        squabble up  U0KTVVMvcc4
3   4  GloRilla - I LUV HER (feat. T-Pain) (Official ...  q44VdjcsjPg
4   5  ROSÉ & Bruno Mars - APT. (live from MAMA award...  Jn8KvdWagfo
5   6  Brooks & Dunn ft. Jelly Roll – “Believe” | Liv...  ZEbqlvqBLg0
6   7  YTB Fatt - "FREE SMURK, BIG EDDIE & CAM" (Offi...  8ls44k4ub6U
7   8                            Lil Baby - Insecurities  POCrFEZO82s
8   9     ROSÉ - number one girl (official music video)  pZ1NdE69VTs
9  10               Nadie- Tito Double P (Video Oficial)  sI2TE_hYFYQ,    no  ...                                playlist_thumbnail
0   1  ...  https://i.ytimg.com/vi/quSoUrEpiJw/mqdefault.jpg
1   2  ...  https://i.ytimg.com/vi/p7zFxzBj5F4/mqdefault.jpg
2   3  ...  https://i.ytimg.com/vi/-DgEwQbQ55Q/mqdefault.jpg
3   4  ...  https://i.ytimg.com/vi/9nqZ2F-ZAqY/mqdefault.jpg
4   5  ...  https://i.ytimg.com/vi/6giH_4L0eDo/mqdefault.jpg
5   6  ...  https://i.ytimg.com/vi/FzG4uDgje3M/mqdefault.jpg
6   7  ...  https://i.ytimg.com/vi/wbsSY3YVHaU/mqdefault.jpg
7   8  ...  https://i.ytimg.com/vi/mFnyrFwLyIQ/mqdefault.jpg
8   9  ...  https://i.ytimg.com/vi/w7vdEFP2JbI/mqdefault.jpg
9  10  ...  https://i.ytimg.com/vi/sES75AK8YS4/mqdefault.jpg

[10 rows x 4 columns]
[2024-11-27T00:25:33.866+0000] {daily_songs_dag.py:34} INFO - spotify today track _ 데이터를 성공적으로 가져왔습니다: [{'title': 'APT.', 'link': 'https://open.spotify.com/track/5vNRhkKd0yEAg8suGBpjeY', 'cover_image': 'https://i.scdn.co/image/ab67616d0000b273f8c8297efc6022534f1357e1'}, {'title': 'Die With A Smile', 'link': 'https://open.spotify.com/track/2plbrEY59IikOBgBGLjaoe', 'cover_image': 'https://i.scdn.co/image/ab67616d0000b27382ea2e9e1858aa012c57cd45'}, {'title': 'luther (with sza)', 'link': 'https://open.spotify.com/track/2CGNAOSuO1MEFCbBRgUzjd', 'cover_image': 'https://i.scdn.co/image/ab67616d0000b27309d6ed214f03fbb663e46531'}, {'title': 'squabble up', 'link': 'https://open.spotify.com/track/0nj9Bq5sHDiTxSHunhgkFb', 'cover_image': 'https://i.scdn.co/image/ab67616d0000b273d9985092cd88bffd97653b58'}, {'title': 'tv off (feat. lefty gunplay)', 'link': 'https://open.spotify.com/track/0aB0v4027ukVziUGwVGYpG', 'cover_image': 'https://i.scdn.co/image/ab67616d0000b273d9985092cd88bffd97653b58'}, {'title': 'BIRDS OF A FEATHER', 'link': 'https://open.spotify.com/track/6dOtVTDdiauQNBQEDOtlAB', 'cover_image': 'https://i.scdn.co/image/ab67616d0000b27371d62ea7ea8a5be92d3c1f62'}, {'title': 'That’s So True', 'link': 'https://open.spotify.com/track/7ne4VBA60CxGM75vw0EYad', 'cover_image': 'https://i.scdn.co/image/ab67616d0000b2731dac3694b3289cd903cb3acf'}, {'title': 'Ma Meilleure Ennemie (from the series Arcane League of Legends)', 'link': 'https://open.spotify.com/track/4lriIG2vNqwDWzOj2I9rtj', 'cover_image': 'https://i.scdn.co/image/ab67616d0000b2732aab4ea84f431ad7d92fecbb'}, {'title': 'Who', 'link': 'https://open.spotify.com/track/7tI8dRuH2Yc6RuoTjxo4dU', 'cover_image': 'https://i.scdn.co/image/ab67616d0000b273f02c451189a709b9a952aaec'}, {'title': 'wacced out murals', 'link': 'https://open.spotify.com/track/5gOfC9UzZQzTyShqPMrpjT', 'cover_image': 'https://i.scdn.co/image/ab67616d0000b273d9985092cd88bffd97653b58'}]
[2024-11-27T00:25:33.890+0000] {base.py:84} INFO - Retrieving connection 'playlist'
[2024-11-27T00:25:34.044+0000] {daily_songs_dag.py:126} INFO - youtube daily _ daily_youtube 기존 테이블 삭제 중...
[2024-11-27T00:25:34.080+0000] {daily_songs_dag.py:130} INFO - spotify today track _ 기존 테이블 삭제 중...
[2024-11-27T00:25:34.101+0000] {daily_songs_dag.py:134} INFO - youtube daily _ daily_youtube 새 테이블 생성 중...
[2024-11-27T00:25:34.132+0000] {daily_songs_dag.py:142} INFO - youtube daily _ 새 테이블 생성 완료
[2024-11-27T00:25:34.134+0000] {daily_songs_dag.py:145} INFO - spotify today track _ 새 테이블 생성 중...
[2024-11-27T00:25:34.169+0000] {daily_songs_dag.py:155} INFO - spotify today track _ 새 테이블 생성 완료
[2024-11-27T00:25:34.234+0000] {daily_songs_dag.py:50} INFO - youtube daily _ 테이블 playlist_schema.daily_youtube_video에 데이터 삽입 완료
[2024-11-27T00:25:34.236+0000] {daily_songs_dag.py:159} INFO - youtube daily _ 데이터가 성공적으로 데이터베이스에 삽입되었습니다.
[2024-11-27T00:25:34.410+0000] {daily_songs_dag.py:168} INFO - spotify today track _ 데이터가 성공적으로 데이터베이스에 삽입되었습니다.
[2024-11-27T00:25:34.499+0000] {daily_songs_dag.py:182} INFO - daily songs _ 데이터베이스 연결이 종료되었습니다.
[2024-11-27T00:25:34.500+0000] {python.py:240} INFO - Done. Returned value was: None
[2024-11-27T00:25:34.507+0000] {taskinstance.py:340} INFO - ::group::Post task execution logs
[2024-11-27T00:25:34.507+0000] {taskinstance.py:352} INFO - Marking task as SUCCESS. dag_id=etl_dag_daily_tracks, task_id=etl_task_daily_tracks, run_id=manual__2024-11-27T00:00:00+00:00, execution_date=20241127T000000, start_date=20241127T002532, end_date=20241127T002534
[2024-11-27T00:25:34.545+0000] {local_task_job_runner.py:266} INFO - Task exited with return code 0
[2024-11-27T00:25:34.557+0000] {taskinstance.py:3895} INFO - 0 downstream tasks scheduled from follow-on schedule check
[2024-11-27T00:25:34.558+0000] {local_task_job_runner.py:245} INFO - ::endgroup::
