[2024-11-26T05:21:41.791+0000] {local_task_job_runner.py:123} INFO - ::group::Pre task execution logs
[2024-11-26T05:21:41.802+0000] {taskinstance.py:2613} INFO - Dependencies all met for dep_context=non-requeueable deps ti=<TaskInstance: etl_dag_search_songs.etl_task_tracks manual__2024-11-26T05:21:40.702170+00:00 [queued]>
[2024-11-26T05:21:41.812+0000] {taskinstance.py:2613} INFO - Dependencies all met for dep_context=requeueable deps ti=<TaskInstance: etl_dag_search_songs.etl_task_tracks manual__2024-11-26T05:21:40.702170+00:00 [queued]>
[2024-11-26T05:21:41.812+0000] {taskinstance.py:2866} INFO - Starting attempt 1 of 2
[2024-11-26T05:21:41.820+0000] {taskinstance.py:2889} INFO - Executing <Task(PythonOperator): etl_task_tracks> on 2024-11-26 05:21:40.702170+00:00
[2024-11-26T05:21:41.825+0000] {warnings.py:112} WARNING - /home/***/.local/lib/python3.12/site-packages/***/task/task_runner/standard_task_runner.py:70: DeprecationWarning: This process (pid=1100) is multi-threaded, use of fork() may lead to deadlocks in the child.
  pid = os.fork()

[2024-11-26T05:21:41.827+0000] {standard_task_runner.py:72} INFO - Started process 1102 to run task
[2024-11-26T05:21:41.827+0000] {standard_task_runner.py:104} INFO - Running: ['***', 'tasks', 'run', 'etl_dag_search_songs', 'etl_task_tracks', 'manual__2024-11-26T05:21:40.702170+00:00', '--job-id', '382', '--raw', '--subdir', 'DAGS_FOLDER/songs_dag.py', '--cfg-path', '/tmp/tmpmu20ayew']
[2024-11-26T05:21:41.829+0000] {standard_task_runner.py:105} INFO - Job 382: Subtask etl_task_tracks
[2024-11-26T05:21:41.856+0000] {task_command.py:467} INFO - Running <TaskInstance: etl_dag_search_songs.etl_task_tracks manual__2024-11-26T05:21:40.702170+00:00 [running]> on host 5c426c48ab2b
[2024-11-26T05:21:42.176+0000] {taskinstance.py:3132} INFO - Exporting env vars: AIRFLOW_CTX_DAG_OWNER='***' AIRFLOW_CTX_DAG_ID='etl_dag_search_songs' AIRFLOW_CTX_TASK_ID='etl_task_tracks' AIRFLOW_CTX_EXECUTION_DATE='2024-11-26T05:21:40.702170+00:00' AIRFLOW_CTX_TRY_NUMBER='1' AIRFLOW_CTX_DAG_RUN_ID='manual__2024-11-26T05:21:40.702170+00:00'
[2024-11-26T05:21:42.178+0000] {taskinstance.py:731} INFO - ::endgroup::
[2024-11-26T05:21:43.285+0000] {songs_dag.py:26} INFO - youtube 추천곡 _ 데이터를 성공적으로 가져왔습니다:    no                                        video_title     video_id
0   1                 [MV] N.Flying(엔플라잉) _ Rooftop(옥탑방)  VpaUh_BGqE0
1   2  N.Flying (엔플라잉) - Rooftop (옥탑방) [Music Bank / ...  uDCMN0ow-jw
2   3  N.Flying (엔플라잉) - Rooftop (옥탑방) Lyrics [Color ...  3jzBzplq_GI
3   4  N.Flying (엔플라잉) - Rooftop (옥탑방) [Sketchbook / ...  9Q60hvjJwRo
4   5  N.Flying(엔플라잉) - Rooftop(옥탑방) (Mu...  OhDtERP8M4g
5   6  100초로 듣는 엔플라잉(N.Flying)ㅣ[100sec] 옥탑방, Star, Bl...  vFkmFYcNA2k
6   7  옥탑방(Rooftop)  - N.Flying[뮤직뱅크 Music Bank] 2019...  BMmgR8Da7rM
7   8  옥탑방 (Rooftop) - N.Flying [뮤직뱅크/Music Bank] | K...  LgrZSDho_oE
8   9                       긴 외출 후 고양이가 저지른 일...ㅜㅜ ep_16  qUqCz55ZUT8
9  10  뮤직뱅크 Music Bank - 옥탑방(Rooftop)  - N.Flying.201...  EFMQ77QkBqg,    no  ...                                playlist_thumbnail
0   1  ...  https://i.ytimg.com/vi/J_mw4F1dLh4/mqdefault.jpg
1   2  ...  https://i.ytimg.com/vi/mZfdf7rpEWE/mqdefault.jpg
2   3  ...  https://i.ytimg.com/vi/3jzBzplq_GI/mqdefault.jpg
3   4  ...  https://i.ytimg.com/vi/3jzBzplq_GI/mqdefault.jpg
4   5  ...  https://i.ytimg.com/vi/49cyaEDTd5I/mqdefault.jpg
5   6  ...  https://i.ytimg.com/vi/PNfFMvbAiz4/mqdefault.jpg
6   7  ...  https://i.ytimg.com/vi/49cyaEDTd5I/mqdefault.jpg
7   8  ...  https://i.ytimg.com/vi/VpaUh_BGqE0/mqdefault.jpg
8   9  ...  https://i.ytimg.com/vi/pRmAQOOdHlI/mqdefault.jpg
9  10  ...  https://i.ytimg.com/vi/49cyaEDTd5I/mqdefault.jpg

[10 rows x 4 columns]
[2024-11-26T05:21:43.436+0000] {logging_mixin.py:190} INFO - Found track: Rooftop by N.Flying
[2024-11-26T05:21:43.714+0000] {songs_dag.py:31} INFO - spotify 추천곡 _ 데이터를 성공적으로 가져왔습니다: [{'title': 'Jopping', 'link': 'https://open.spotify.com/track/5WrEilrRI5cIW0DxMvQYPZ', 'cover_image': 'https://i.scdn.co/image/ab67616d0000b273583c60000e8abc8283853e10'}, {'title': '365 FRESH', 'link': 'https://open.spotify.com/track/5G8YqJQ6oyPkxBSjpkCVRy', 'cover_image': 'https://i.scdn.co/image/ab67616d0000b273a5def6103ccb607dbb9dabc9'}, {'title': 'Summer Hate (Feat. Rain)', 'link': 'https://open.spotify.com/track/0t3Jr6FABrKYLxGgdbco3f', 'cover_image': 'https://i.scdn.co/image/ab67616d0000b2738535e970f88743c53213b041'}, {'title': 'Runaway', 'link': 'https://open.spotify.com/track/60sX1vz8ToXYuaAvW5sYMs', 'cover_image': 'https://i.scdn.co/image/ab67616d0000b273818fcef543bd079f6aa9e552'}, {'title': 'TWIT', 'link': 'https://open.spotify.com/track/24WvBDKDDWlRD1fDnPccxt', 'cover_image': 'https://i.scdn.co/image/ab67616d0000b273acff57715feae966d794bb95'}, {'title': '광화문에서 (At Gwanghwamun)', 'link': 'https://open.spotify.com/track/1YqGY2dW0a9ocyxaB5PtrR', 'cover_image': 'https://i.scdn.co/image/ab67616d0000b2730b98d60abedd35fe48d05263'}, {'title': '%%(Eung Eung)', 'link': 'https://open.spotify.com/track/4SpQDJz1JiRT2mHxvyqN9K', 'cover_image': 'https://i.scdn.co/image/ab67616d0000b27333ba381e09736459efed6333'}, {'title': 'Hold', 'link': 'https://open.spotify.com/track/1ary1LsoU9EKfON8oFeALX', 'cover_image': 'https://i.scdn.co/image/ab67616d0000b273ff549c0874274923789f6cc9'}, {'title': 'Tiger Inside', 'link': 'https://open.spotify.com/track/1ADlTU9mFc3oDdD9Vla2Yw', 'cover_image': 'https://i.scdn.co/image/ab67616d0000b273724a0cb04dbc89d9dd6ee06d'}, {'title': 'T.B.H', 'link': 'https://open.spotify.com/track/39gaUtq2z4ejJbno7tWHbL', 'cover_image': 'https://i.scdn.co/image/ab67616d0000b2738a0ed896193a7c70ae17b30e'}]
[2024-11-26T05:21:43.736+0000] {base.py:84} INFO - Retrieving connection 'playlist'
[2024-11-26T05:21:44.010+0000] {songs_dag.py:129} INFO - youtube 검색 _ search_youtube_video 기존 테이블 삭제 중...
[2024-11-26T05:21:44.043+0000] {songs_dag.py:134} INFO - spotify 추천곡 _ 기존 테이블 삭제 중...
[2024-11-26T05:21:44.059+0000] {songs_dag.py:137} INFO - youtube 검색 _ search_youtube_video 새 테이블 생성 중...
[2024-11-26T05:21:44.082+0000] {songs_dag.py:147} INFO - youtube 검색 _ search_youtube_video 새 테이블 생성 완료
[2024-11-26T05:21:44.082+0000] {songs_dag.py:151} INFO - spotify 추천곡 _ 새 테이블 생성 중...
[2024-11-26T05:21:44.106+0000] {songs_dag.py:161} INFO - spotify 추천곡 _ 새 테이블 생성 완료
[2024-11-26T05:21:44.135+0000] {songs_dag.py:47} INFO - youtube 검색 _ 테이블 playlist_schema.search_youtube_video에 데이터 삽입 완료
[2024-11-26T05:21:44.135+0000] {songs_dag.py:165} INFO - youtube 검색 _ search_youtube 데이터가 성공적으로 데이터베이스에 삽입되었습니다.
[2024-11-26T05:21:44.314+0000] {songs_dag.py:174} INFO - spotify 추천곡 _ 데이터가 성공적으로 데이터베이스에 삽입되었습니다.
[2024-11-26T05:21:44.314+0000] {songs_dag.py:58} INFO -  search songs : 데이터를 삭제합니다.
[2024-11-26T05:21:44.348+0000] {songs_dag.py:73} INFO -  search_songs _ 새 테이블 생성 완료
[2024-11-26T05:21:44.380+0000] {songs_dag.py:99} INFO -  search songs : 데이터가 삽입 되었습니다.
[2024-11-26T05:21:44.406+0000] {songs_dag.py:190} INFO - 추천곡 _ 데이터베이스 연결이 종료되었습니다.
[2024-11-26T05:21:44.407+0000] {python.py:240} INFO - Done. Returned value was: None
[2024-11-26T05:21:44.417+0000] {taskinstance.py:340} INFO - ::group::Post task execution logs
[2024-11-26T05:21:44.417+0000] {taskinstance.py:352} INFO - Marking task as SUCCESS. dag_id=etl_dag_search_songs, task_id=etl_task_tracks, run_id=manual__2024-11-26T05:21:40.702170+00:00, execution_date=20241126T052140, start_date=20241126T052141, end_date=20241126T052144
[2024-11-26T05:21:44.460+0000] {local_task_job_runner.py:266} INFO - Task exited with return code 0
[2024-11-26T05:21:44.477+0000] {taskinstance.py:3895} INFO - 0 downstream tasks scheduled from follow-on schedule check
[2024-11-26T05:21:44.479+0000] {local_task_job_runner.py:245} INFO - ::endgroup::
